[INFO ][06-Nov-2021 13:03:04 pm] Selenium_Wrapper.openBrowser:(48) - Opening chrome browser.
[INFO ][06-Nov-2021 13:03:13 pm] Selenium_Wrapper.enterURL:(82) - Entering url :https://macu1--tst.custhelp.com/app/home
[INFO ][06-Nov-2021 13:03:17 pm] Selenium_Wrapper.enterText:(311) - Entering Text :pramodk in WebElement :[[ChromeDriver: chrome on WINDOWS (d9a457d6539039a2962efd351ccd96b7)] -> id: rn_LoginForm_2_Username]
[INFO ][06-Nov-2021 13:03:18 pm] Selenium_Wrapper.enterText:(311) - Entering Text :Soft@123 in WebElement :[[ChromeDriver: chrome on WINDOWS (d9a457d6539039a2962efd351ccd96b7)] -> id: rn_LoginForm_2_Password]
[INFO ][06-Nov-2021 13:03:25 pm] Selenium_Wrapper.click:(199) - Clicking on :[[ChromeDriver: chrome on WINDOWS (d9a457d6539039a2962efd351ccd96b7)] -> id: rn_LoginForm_2_Submit]
[INFO ][06-Nov-2021 13:03:35 pm] Selenium_Wrapper.click:(199) - Clicking on :[[ChromeDriver: chrome on WINDOWS (d9a457d6539039a2962efd351ccd96b7)] -> xpath: //input[@type='search']]
[INFO ][06-Nov-2021 13:03:36 pm] Selenium_Wrapper.enterText:(311) - Entering Text :Flexible Work in WebElement :[[ChromeDriver: chrome on WINDOWS (d9a457d6539039a2962efd351ccd96b7)] -> xpath: //input[@type='search']]
[INFO ][06-Nov-2021 13:03:49 pm] Selenium_Wrapper.click:(199) - Clicking on :[[ChromeDriver: chrome on WINDOWS (d9a457d6539039a2962efd351ccd96b7)] -> xpath: //ul[@aria-label='Suggested Search']//li[normalize-space()='Flexible Work']]
[INFO ][06-Nov-2021 13:03:56 pm] Selenium_Wrapper.click:(199) - Clicking on :[[ChromeDriver: chrome on WINDOWS (d9a457d6539039a2962efd351ccd96b7)] -> xpath: //div[@class='rn_SearchResultContent']//a[text()='Flexible Work']]
[INFO ][06-Nov-2021 13:04:13 pm] Selenium_Wrapper.click:(199) - Clicking on :[[ChromeDriver: chrome on WINDOWS (d9a457d6539039a2962efd351ccd96b7)] -> xpath: //div[@class='main_image_div']//div[@class='thumbs_up_down'][2]]
[INFO ][06-Nov-2021 13:04:25 pm] Selenium_Wrapper.click:(199) - Clicking on :[[ChromeDriver: chrome on WINDOWS (d9a457d6539039a2962efd351ccd96b7)] -> id: rn_AnswerRating_3_22_FeedbackMessage]
[INFO ][06-Nov-2021 13:04:26 pm] Selenium_Wrapper.enterText:(311) - Entering Text :Flexible Work - ThumbDown Comments in WebElement :[[ChromeDriver: chrome on WINDOWS (d9a457d6539039a2962efd351ccd96b7)] -> id: rn_AnswerRating_3_22_FeedbackMessage]
[INFO ][06-Nov-2021 13:04:31 pm] Selenium_Wrapper.click:(199) - Clicking on :[[ChromeDriver: chrome on WINDOWS (d9a457d6539039a2962efd351ccd96b7)] -> xpath: //button[text()='SUBMIT']]
[INFO ][06-Nov-2021 13:04:36 pm] Selenium_Wrapper.click:(199) - Clicking on :[[ChromeDriver: chrome on WINDOWS (d9a457d6539039a2962efd351ccd96b7)] -> xpath: //button[@class='yui3-button yui3-button-close']]
[INFO ][06-Nov-2021 13:04:43 pm] Selenium_Wrapper.click:(199) - Clicking on :[[ChromeDriver: chrome on WINDOWS (d9a457d6539039a2962efd351ccd96b7)] -> xpath: //div[@class='dropdown']]
[INFO ][06-Nov-2021 13:04:55 pm] Selenium_Wrapper.click:(199) - Clicking on :[[ChromeDriver: chrome on WINDOWS (d9a457d6539039a2962efd351ccd96b7)] -> xpath: //a[text()='My Feedback']]
[INFO ][06-Nov-2021 13:05:18 pm] Selenium_Wrapper.click:(199) - Clicking on :[[ChromeDriver: chrome on WINDOWS (d9a457d6539039a2962efd351ccd96b7)] -> xpath: ((//table//tbody)[2]//a)[1]]
[INFO ][06-Nov-2021 13:05:38 pm] Selenium_Wrapper.click:(199) - Clicking on :[[ChromeDriver: chrome on WINDOWS (d9a457d6539039a2962efd351ccd96b7)] -> class name: knowledge]
[INFO ][06-Nov-2021 13:05:42 pm] Selenium_Wrapper.openBrowser:(48) - Opening chrome browser.
[INFO ][06-Nov-2021 13:05:52 pm] Selenium_Wrapper.enterURL:(82) - Entering url :https://macu1--tst.custhelp.com/AgentWeb/
[INFO ][06-Nov-2021 13:05:56 pm] Selenium_Wrapper.enterText:(311) - Entering Text :RNT_pramod in WebElement :[[ChromeDriver: chrome on WINDOWS (19fa525c61cab3e9eb13f0d533753dcb)] -> id: username]
[INFO ][06-Nov-2021 13:05:57 pm] Selenium_Wrapper.enterText:(311) - Entering Text :Welcome123 in WebElement :[[ChromeDriver: chrome on WINDOWS (19fa525c61cab3e9eb13f0d533753dcb)] -> id: password]
[INFO ][06-Nov-2021 13:06:30 pm] Selenium_Wrapper.click:(199) - Clicking on :[[ChromeDriver: chrome on WINDOWS (19fa525c61cab3e9eb13f0d533753dcb)] -> id: loginbutton]
[INFO ][06-Nov-2021 13:06:38 pm] Selenium_Wrapper.click:(199) - Clicking on :[[ChromeDriver: chrome on WINDOWS (19fa525c61cab3e9eb13f0d533753dcb)] -> xpath: (//span[@class='oj-button-icon oj-start navigator-icon oj-button-icon oj-start'])[1]]
[INFO ][06-Nov-2021 13:06:46 pm] Selenium_Wrapper.click:(199) - Clicking on :[[ChromeDriver: chrome on WINDOWS (19fa525c61cab3e9eb13f0d533753dcb)] -> xpath: (//div[text()='Analytics']//a)]
[INFO ][06-Nov-2021 13:06:51 pm] Selenium_Wrapper.click:(199) - Clicking on :[[ChromeDriver: chrome on WINDOWS (19fa525c61cab3e9eb13f0d533753dcb)] -> xpath: //span[text()='Reports Explorer']]
[INFO ][06-Nov-2021 13:06:56 pm] Selenium_Wrapper.click:(199) - Clicking on :[[ChromeDriver: chrome on WINDOWS (19fa525c61cab3e9eb13f0d533753dcb)] -> xpath: //div[text()='Public Reports']]
[INFO ][06-Nov-2021 13:07:02 pm] Selenium_Wrapper.click:(199) - Clicking on :[[ChromeDriver: chrome on WINDOWS (19fa525c61cab3e9eb13f0d533753dcb)] -> xpath: //div[text()='MACU CUSTOM REPORTS']]
[INFO ][06-Nov-2021 13:07:07 pm] Selenium_Wrapper.click:(199) - Clicking on :[[ChromeDriver: chrome on WINDOWS (19fa525c61cab3e9eb13f0d533753dcb)] -> xpath: //div[text()='SoftClouds']]
[INFO ][06-Nov-2021 13:07:12 pm] Selenium_Wrapper.click:(199) - Clicking on :[[ChromeDriver: chrome on WINDOWS (19fa525c61cab3e9eb13f0d533753dcb)] -> xpath: //div[text()='OKCS']]
[INFO ][06-Nov-2021 13:07:34 pm] Selenium_Wrapper.click:(199) - Clicking on :[[ChromeDriver: chrome on WINDOWS (19fa525c61cab3e9eb13f0d533753dcb)] -> xpath: //div[contains(@class,'cke_wysiwyg_div')]]
[INFO ][06-Nov-2021 13:07:38 pm] Selenium_Wrapper.enterText:(311) - Entering Text :It is working as per Expected in WebElement :[[ChromeDriver: chrome on WINDOWS (19fa525c61cab3e9eb13f0d533753dcb)] -> xpath: //div[contains(@class,'cke_wysiwyg_div')]]
[INFO ][06-Nov-2021 13:07:43 pm] Selenium_Wrapper.click:(199) - Clicking on :[[ChromeDriver: chrome on WINDOWS (19fa525c61cab3e9eb13f0d533753dcb)] -> xpath: //button[@title='Send an incident response and save the incident']]
[INFO ][06-Nov-2021 13:07:53 pm] Selenium_Wrapper.click:(199) - Clicking on :[[ChromeDriver: chrome on WINDOWS (19fa525c61cab3e9eb13f0d533753dcb)] -> xpath: //button[@data-commandtype='SaveAndSendAndClose']]
[INFO ][06-Nov-2021 13:08:04 pm] Selenium_Wrapper.click:(199) - Clicking on :[[ChromeDriver: chrome on WINDOWS (19fa525c61cab3e9eb13f0d533753dcb)] -> xpath: //span[text()='Yes']]
[INFO ][06-Nov-2021 13:08:14 pm] Selenium_Wrapper.click:(199) - Clicking on :[[ChromeDriver: chrome on WINDOWS (19fa525c61cab3e9eb13f0d533753dcb)] -> xpath: //div[contains(@class,'refresh-icon')]]
[INFO ][06-Nov-2021 13:08:24 pm] Selenium_Wrapper.click:(199) - Clicking on :[[ChromeDriver: chrome on WINDOWS (19fa525c61cab3e9eb13f0d533753dcb)] -> xpath: //button[contains(@title,'Define the search')]]
[INFO ][06-Nov-2021 13:08:30 pm] Selenium_Wrapper.click:(199) - Clicking on :[[ChromeDriver: chrome on WINDOWS (19fa525c61cab3e9eb13f0d533753dcb)] -> xpath: (//div[@class='select-box-arrow select-box-arrow-cursor'])[3]]
[INFO ][06-Nov-2021 13:08:35 pm] Selenium_Wrapper.click:(199) - Clicking on :[[ChromeDriver: chrome on WINDOWS (19fa525c61cab3e9eb13f0d533753dcb)] -> xpath: //div[@title='Solved']]
[INFO ][06-Nov-2021 13:08:40 pm] Selenium_Wrapper.click:(199) - Clicking on :[[ChromeDriver: chrome on WINDOWS (19fa525c61cab3e9eb13f0d533753dcb)] -> xpath: (//span[text()='Search'])[3]]
[INFO ][06-Nov-2021 13:08:53 pm] Selenium_Wrapper.click:(199) - Clicking on :[[ChromeDriver: chrome on WINDOWS (19fa525c61cab3e9eb13f0d533753dcb)] -> xpath: (//div[@class='primary-tab-header']//ul//li)[2]//span//a//i]
