[INFO ][01-Sep-2022 13:08:45 PM] Selenium_Wrapper.openBrowser:(48) - Opening chrome browser.
[INFO ][01-Sep-2022 13:08:52 PM] Selenium_Wrapper.enterURL:(82) - Entering url :https://macu1--upgrade.custhelp.com/
[INFO ][01-Sep-2022 13:08:56 PM] Selenium_Wrapper.enterText:(311) - Entering Text :pramodk in WebElement :[[ChromeDriver: chrome on WINDOWS (acb04cca8c33a96a809064396b2e7fbd)] -> id: rn_LoginForm_2_Username]
[INFO ][01-Sep-2022 13:08:57 PM] Selenium_Wrapper.enterText:(311) - Entering Text :Soft@123 in WebElement :[[ChromeDriver: chrome on WINDOWS (acb04cca8c33a96a809064396b2e7fbd)] -> id: rn_LoginForm_2_Password]
[INFO ][01-Sep-2022 13:09:05 PM] Selenium_Wrapper.click:(199) - Clicking on :[[ChromeDriver: chrome on WINDOWS (acb04cca8c33a96a809064396b2e7fbd)] -> id: rn_LoginForm_2_Submit]
[INFO ][01-Sep-2022 13:09:18 PM] Selenium_Wrapper.click:(199) - Clicking on :[[ChromeDriver: chrome on WINDOWS (acb04cca8c33a96a809064396b2e7fbd)] -> xpath: //input[@type='search']]
[INFO ][01-Sep-2022 13:09:19 PM] Selenium_Wrapper.enterText:(311) - Entering Text :Auto Loan in WebElement :[[ChromeDriver: chrome on WINDOWS (acb04cca8c33a96a809064396b2e7fbd)] -> xpath: //input[@type='search']]
[INFO ][01-Sep-2022 13:09:38 PM] Selenium_Wrapper.click:(199) - Clicking on :[[ChromeDriver: chrome on WINDOWS (acb04cca8c33a96a809064396b2e7fbd)] -> xpath: //ul[@aria-label='Suggested Search']//li[normalize-space()= 'Auto Loan' ]]
[INFO ][01-Sep-2022 13:09:46 PM] Selenium_Wrapper.click:(199) - Clicking on :[[ChromeDriver: chrome on WINDOWS (acb04cca8c33a96a809064396b2e7fbd)] -> xpath: //div[@class='rn_SearchResultContent']//a[text()='Auto Loan']]
[INFO ][01-Sep-2022 13:10:12 PM] Selenium_Wrapper.click:(199) - Clicking on :[[ChromeDriver: chrome on WINDOWS (acb04cca8c33a96a809064396b2e7fbd)] -> xpath: //a[@class='add_bookmarkButton']//img[@class='bookmark_icon_blank']]
[INFO ][01-Sep-2022 13:10:20 PM] Selenium_Wrapper.click:(199) - Clicking on :[[ChromeDriver: chrome on WINDOWS (acb04cca8c33a96a809064396b2e7fbd)] -> xpath: //div[@class='dropdown']]
[INFO ][01-Sep-2022 13:10:29 PM] Selenium_Wrapper.click:(199) - Clicking on :[[ChromeDriver: chrome on WINDOWS (acb04cca8c33a96a809064396b2e7fbd)] -> xpath: //div[@class='data Custom-data']//a[text()='My Bookmarks']]
[INFO ][01-Sep-2022 13:10:51 PM] Selenium_Wrapper.click:(199) - Clicking on :[[ChromeDriver: chrome on WINDOWS (acb04cca8c33a96a809064396b2e7fbd)] -> xpath: //a[contains(text(),'Auto Loan')]//parent::div[@class='rn_Notification_Info']//following-sibling::div[@class='rn_Notification_Actions']//button[@class='rn_Notification_Delete']//img[@class='bookmark_del_ico']]
[INFO ][01-Sep-2022 13:11:15 PM] Selenium_Wrapper.click:(199) - Clicking on :[[ChromeDriver: chrome on WINDOWS (acb04cca8c33a96a809064396b2e7fbd)] -> class name: knowledge]
[INFO ][01-Sep-2022 13:11:22 PM] Selenium_Wrapper.click:(199) - Clicking on :[[ChromeDriver: chrome on WINDOWS (acb04cca8c33a96a809064396b2e7fbd)] -> xpath: //input[@type='search']]
[INFO ][01-Sep-2022 13:11:23 PM] Selenium_Wrapper.enterText:(311) - Entering Text :Auto Loan in WebElement :[[ChromeDriver: chrome on WINDOWS (acb04cca8c33a96a809064396b2e7fbd)] -> xpath: //input[@type='search']]
[INFO ][01-Sep-2022 13:11:31 PM] Selenium_Wrapper.click:(199) - Clicking on :[[ChromeDriver: chrome on WINDOWS (acb04cca8c33a96a809064396b2e7fbd)] -> xpath: //ul[@aria-label='Suggested Search']//li[normalize-space()= 'Auto Loan' ]]
[INFO ][01-Sep-2022 13:11:39 PM] Selenium_Wrapper.click:(199) - Clicking on :[[ChromeDriver: chrome on WINDOWS (acb04cca8c33a96a809064396b2e7fbd)] -> xpath: //div[@class='rn_SearchResultContent']//a[text()='Auto Loan']]
[INFO ][01-Sep-2022 13:11:49 PM] Selenium_Wrapper.click:(199) - Clicking on :[[ChromeDriver: chrome on WINDOWS (acb04cca8c33a96a809064396b2e7fbd)] -> xpath: //div[contains(@class,'EmailAnswerLink')]//img[@class='share_icon_default']]
[INFO ][01-Sep-2022 13:11:54 PM] Selenium_Wrapper.click:(199) - Clicking on :[[ChromeDriver: chrome on WINDOWS (acb04cca8c33a96a809064396b2e7fbd)] -> xpath: //div[@id='rnDialog1']//input[@class='select2-search__field']]
[INFO ][01-Sep-2022 13:11:55 PM] Selenium_Wrapper.enterText:(311) - Entering Text :Aaron Brown in WebElement :[[ChromeDriver: chrome on WINDOWS (acb04cca8c33a96a809064396b2e7fbd)] -> xpath: //div[@id='rnDialog1']//input[@class='select2-search__field']]
[INFO ][01-Sep-2022 13:12:04 PM] Selenium_Wrapper.click:(199) - Clicking on :[[ChromeDriver: chrome on WINDOWS (acb04cca8c33a96a809064396b2e7fbd)] -> xpath: //ul[@class='select2-results__options']//li[text()='Aaron Brown']]
[INFO ][01-Sep-2022 13:12:09 PM] Selenium_Wrapper.click:(199) - Clicking on :[[ChromeDriver: chrome on WINDOWS (acb04cca8c33a96a809064396b2e7fbd)] -> xpath: //button[@class='yui3-button yui3-button-close']]
[INFO ][01-Sep-2022 13:12:24 PM] Selenium_Wrapper.click:(199) - Clicking on :[[ChromeDriver: chrome on WINDOWS (acb04cca8c33a96a809064396b2e7fbd)] -> xpath: //div[@id='formsResources_panel']//div[@id='formsResources_headingOne']]
[INFO ][01-Sep-2022 13:12:33 PM] Selenium_Wrapper.clickUsingActions:(249) - Clicking on :[[ChromeDriver: chrome on WINDOWS (acb04cca8c33a96a809064396b2e7fbd)] -> xpath: (//ul[@class='formsResources']//ul//li/a)[2]]
[INFO ][01-Sep-2022 13:12:56 PM] Selenium_Wrapper.click:(199) - Clicking on :[[ChromeDriver: chrome on WINDOWS (acb04cca8c33a96a809064396b2e7fbd)] -> xpath: //li[@class='breadcrumb-item']//a]
[INFO ][01-Sep-2022 13:13:09 PM] Selenium_Wrapper.click:(199) - Clicking on :[[ChromeDriver: chrome on WINDOWS (acb04cca8c33a96a809064396b2e7fbd)] -> class name: knowledge]
[INFO ][01-Sep-2022 13:13:19 PM] Selenium_Wrapper.click:(199) - Clicking on :[[ChromeDriver: chrome on WINDOWS (acb04cca8c33a96a809064396b2e7fbd)] -> xpath: //input[@type='search']]
[INFO ][01-Sep-2022 13:13:20 PM] Selenium_Wrapper.enterText:(311) - Entering Text :COVID-19 Critical Updates in WebElement :[[ChromeDriver: chrome on WINDOWS (acb04cca8c33a96a809064396b2e7fbd)] -> xpath: //input[@type='search']]
[INFO ][01-Sep-2022 13:13:34 PM] Selenium_Wrapper.click:(199) - Clicking on :[[ChromeDriver: chrome on WINDOWS (acb04cca8c33a96a809064396b2e7fbd)] -> xpath: //ul[@aria-label='Suggested Search']//li[normalize-space()='COVID-19 Critical Updates']]
[INFO ][01-Sep-2022 13:13:41 PM] Selenium_Wrapper.click:(199) - Clicking on :[[ChromeDriver: chrome on WINDOWS (acb04cca8c33a96a809064396b2e7fbd)] -> xpath: //div[@class='rn_SearchResultContent']//a[text()='COVID-19 Critical Updates']]
