[INFO ][08-Aug-2024 13:06:00 PM] Selenium_Wrapper.openBrowser:(54) - Opening chrome browser.
[INFO ][08-Aug-2024 13:06:03 PM] Selenium_Wrapper.enterURL:(88) - Entering url :https://macu1--tst1.custhelp.com/AgentWeb/
[INFO ][08-Aug-2024 13:06:08 PM] Selenium_Wrapper.enterText:(317) - Entering Text :automation_testing in WebElement :[[ChromeDriver: chrome on WINDOWS (f83e3ca31d25d74a46b50979edbe6607)] -> id: username]
[INFO ][08-Aug-2024 13:06:09 PM] Selenium_Wrapper.enterText:(317) - Entering Text :Welcome123 in WebElement :[[ChromeDriver: chrome on WINDOWS (f83e3ca31d25d74a46b50979edbe6607)] -> id: password]
[INFO ][08-Aug-2024 13:06:29 PM] Selenium_Wrapper.click:(205) - Clicking on :[[ChromeDriver: chrome on WINDOWS (f83e3ca31d25d74a46b50979edbe6607)] -> id: loginbutton]
[INFO ][08-Aug-2024 13:06:51 PM] Selenium_Wrapper.click:(205) - Clicking on :[[ChromeDriver: chrome on WINDOWS (f83e3ca31d25d74a46b50979edbe6607)] -> xpath: //oj-button[@id='navigationSetBtn']]
[INFO ][08-Aug-2024 13:06:53 PM] Selenium_Wrapper.click:(205) - Clicking on :[[ChromeDriver: chrome on WINDOWS (f83e3ca31d25d74a46b50979edbe6607)] -> xpath: //div[text()='Analytics']]
[INFO ][08-Aug-2024 13:06:56 PM] Selenium_Wrapper.click:(205) - Clicking on :[[ChromeDriver: chrome on WINDOWS (f83e3ca31d25d74a46b50979edbe6607)] -> xpath: //span[text()='Reports Explorer']]
[INFO ][08-Aug-2024 13:07:03 PM] Selenium_Wrapper.click:(205) - Clicking on :[[ChromeDriver: chrome on WINDOWS (f83e3ca31d25d74a46b50979edbe6607)] -> xpath: //div[text()='Public Reports']]
[INFO ][08-Aug-2024 13:07:06 PM] Selenium_Wrapper.click:(205) - Clicking on :[[ChromeDriver: chrome on WINDOWS (f83e3ca31d25d74a46b50979edbe6607)] -> xpath: //div[text()='MACU CUSTOM REPORTS']]
[INFO ][08-Aug-2024 13:07:08 PM] Selenium_Wrapper.click:(205) - Clicking on :[[ChromeDriver: chrome on WINDOWS (f83e3ca31d25d74a46b50979edbe6607)] -> xpath: //div[text()='SoftClouds']]
[INFO ][08-Aug-2024 13:07:10 PM] Selenium_Wrapper.click:(205) - Clicking on :[[ChromeDriver: chrome on WINDOWS (f83e3ca31d25d74a46b50979edbe6607)] -> xpath: //div[text()='OKCS']]
[INFO ][08-Aug-2024 13:07:22 PM] Selenium_Wrapper.click:(205) - Clicking on :[[ChromeDriver: chrome on WINDOWS (f83e3ca31d25d74a46b50979edbe6607)] -> xpath: (//span[text()='Search'])[2]]
[INFO ][08-Aug-2024 13:07:27 PM] Selenium_Wrapper.click:(205) - Clicking on :[[ChromeDriver: chrome on WINDOWS (f83e3ca31d25d74a46b50979edbe6607)] -> xpath: (//span[contains(@title,'Thumbsup Count')]//a)[3]]
[INFO ][08-Aug-2024 13:07:34 PM] Selenium_Wrapper.click:(205) - Clicking on :[[ChromeDriver: chrome on WINDOWS (f83e3ca31d25d74a46b50979edbe6607)] -> xpath: (//div[@class='breadcrumbContainer']//ul//li//a)[1]]
[INFO ][08-Aug-2024 13:07:41 PM] Selenium_Wrapper.click:(205) - Clicking on :[[ChromeDriver: chrome on WINDOWS (f83e3ca31d25d74a46b50979edbe6607)] -> xpath: (//div[@class='primary-tab-header']//ul//li)[2]//span//a//i]
[INFO ][08-Aug-2024 13:07:49 PM] Selenium_Wrapper.click:(205) - Clicking on :[[ChromeDriver: chrome on WINDOWS (f83e3ca31d25d74a46b50979edbe6607)] -> xpath: //a[@class='closeButton']]
[INFO ][08-Aug-2024 13:07:52 PM] Selenium_Wrapper.click:(205) - Clicking on :[[ChromeDriver: chrome on WINDOWS (f83e3ca31d25d74a46b50979edbe6607)] -> xpath: //body//oj-avatar[@initials='[[userMenuLabel]]']]
[INFO ][08-Aug-2024 13:07:55 PM] Selenium_Wrapper.click:(205) - Clicking on :[[ChromeDriver: chrome on WINDOWS (f83e3ca31d25d74a46b50979edbe6607)] -> xpath: //a//span[text()='Sign Out']]
[INFO ][08-Aug-2024 13:07:58 PM] Selenium_Wrapper.closeCurrentBrowser:(657) - Closing the current Browser
