[INFO ][28-Jul-2023 13:07:24 pm] Selenium_Wrapper.openBrowser:(48) - Opening chrome browser.
[INFO ][28-Jul-2023 13:07:34 pm] Selenium_Wrapper.enterURL:(82) - Entering url :https://macu1--tst1.custhelp.com/app/home
[INFO ][28-Jul-2023 13:07:38 pm] Selenium_Wrapper.enterText:(311) - Entering Text :swamyk in WebElement :[[ChromeDriver: chrome on WINDOWS (1ff14e3cf9ea0e9a59f1e58e679a916f)] -> id: rn_LoginForm_2_Username]
[INFO ][28-Jul-2023 13:07:40 pm] Selenium_Wrapper.enterText:(311) - Entering Text :Soft@123 in WebElement :[[ChromeDriver: chrome on WINDOWS (1ff14e3cf9ea0e9a59f1e58e679a916f)] -> id: rn_LoginForm_2_Password]
[INFO ][28-Jul-2023 13:07:47 pm] Selenium_Wrapper.click:(199) - Clicking on :[[ChromeDriver: chrome on WINDOWS (1ff14e3cf9ea0e9a59f1e58e679a916f)] -> id: rn_LoginForm_2_Submit]
[INFO ][28-Jul-2023 13:07:59 pm] Selenium_Wrapper.click:(199) - Clicking on :[[ChromeDriver: chrome on WINDOWS (1ff14e3cf9ea0e9a59f1e58e679a916f)] -> xpath: //input[@type='search']]
[INFO ][28-Jul-2023 13:08:00 pm] Selenium_Wrapper.enterText:(311) - Entering Text :Business Auto Loan in WebElement :[[ChromeDriver: chrome on WINDOWS (1ff14e3cf9ea0e9a59f1e58e679a916f)] -> xpath: //input[@type='search']]
[INFO ][28-Jul-2023 13:08:17 pm] Selenium_Wrapper.click:(199) - Clicking on :[[ChromeDriver: chrome on WINDOWS (1ff14e3cf9ea0e9a59f1e58e679a916f)] -> xpath: (//div[@class='yui3-aclist-content']//li//li)[1]]
[INFO ][28-Jul-2023 13:08:24 pm] Selenium_Wrapper.click:(199) - Clicking on :[[ChromeDriver: chrome on WINDOWS (1ff14e3cf9ea0e9a59f1e58e679a916f)] -> xpath: (//div[@class='rn_SearchResultContent']//a)[1]]
[INFO ][28-Jul-2023 13:08:33 pm] Selenium_Wrapper.click:(199) - Clicking on :[[ChromeDriver: chrome on WINDOWS (1ff14e3cf9ea0e9a59f1e58e679a916f)] -> xpath: //div[@class='main_image_div']//div[@class='thumbs_up_down'][1]]
[INFO ][28-Jul-2023 13:08:40 pm] Selenium_Wrapper.click:(199) - Clicking on :[[ChromeDriver: chrome on WINDOWS (1ff14e3cf9ea0e9a59f1e58e679a916f)] -> xpath: //div[@class='main_image_div']//div[@class='thumbs_up_down'][2]]
[INFO ][28-Jul-2023 13:08:52 pm] Selenium_Wrapper.click:(199) - Clicking on :[[ChromeDriver: chrome on WINDOWS (1ff14e3cf9ea0e9a59f1e58e679a916f)] -> xpath: //button[@class='rn_RecommendContentButton p-0']]
[INFO ][28-Jul-2023 13:08:53 pm] Selenium_Wrapper.enterText:(311) - Entering Text :Flexible Work - ThumbDown Comments in WebElement :[[ChromeDriver: chrome on WINDOWS (1ff14e3cf9ea0e9a59f1e58e679a916f)] -> id: rn_RequestUpdate_25_Description]
[INFO ][28-Jul-2023 13:08:58 pm] Selenium_Wrapper.click:(199) - Clicking on :[[ChromeDriver: chrome on WINDOWS (1ff14e3cf9ea0e9a59f1e58e679a916f)] -> xpath: //button[text()='Submit']]
[INFO ][28-Jul-2023 13:09:04 pm] Selenium_Wrapper.click:(199) - Clicking on :[[ChromeDriver: chrome on WINDOWS (1ff14e3cf9ea0e9a59f1e58e679a916f)] -> xpath: (//button[@class='yui3-button yui3-button-close'])[2]]
[INFO ][28-Jul-2023 13:09:11 pm] Selenium_Wrapper.click:(199) - Clicking on :[[ChromeDriver: chrome on WINDOWS (1ff14e3cf9ea0e9a59f1e58e679a916f)] -> xpath: //div[@class='dropdown']]
[INFO ][28-Jul-2023 13:09:21 pm] Selenium_Wrapper.click:(199) - Clicking on :[[ChromeDriver: chrome on WINDOWS (1ff14e3cf9ea0e9a59f1e58e679a916f)] -> xpath: //a[text()='My Feedback']]
[INFO ][28-Jul-2023 13:09:51 pm] Selenium_Wrapper.click:(199) - Clicking on :[[ChromeDriver: chrome on WINDOWS (1ff14e3cf9ea0e9a59f1e58e679a916f)] -> xpath: ((//table//tbody)[2]//a)[1]]
[INFO ][28-Jul-2023 13:10:25 pm] Selenium_Wrapper.click:(199) - Clicking on :[[ChromeDriver: chrome on WINDOWS (1ff14e3cf9ea0e9a59f1e58e679a916f)] -> class name: knowledge]
[INFO ][28-Jul-2023 13:10:27 pm] Selenium_Wrapper.closeCurrentBrowser:(651) - Closing the current Browser
[INFO ][28-Jul-2023 13:10:28 pm] Selenium_Wrapper.openBrowser:(48) - Opening chrome browser.
[INFO ][28-Jul-2023 13:10:32 pm] Selenium_Wrapper.enterURL:(82) - Entering url :https://macu1--tst1.custhelp.com/AgentWeb/
[INFO ][28-Jul-2023 13:10:36 pm] Selenium_Wrapper.enterText:(311) - Entering Text :automation_testing in WebElement :[[ChromeDriver: chrome on WINDOWS (404fbdedb0b425f9eacfcab037315357)] -> id: username]
[INFO ][28-Jul-2023 13:10:37 pm] Selenium_Wrapper.enterText:(311) - Entering Text :Welcome123 in WebElement :[[ChromeDriver: chrome on WINDOWS (404fbdedb0b425f9eacfcab037315357)] -> id: password]
[INFO ][28-Jul-2023 13:11:11 pm] Selenium_Wrapper.click:(199) - Clicking on :[[ChromeDriver: chrome on WINDOWS (404fbdedb0b425f9eacfcab037315357)] -> id: loginbutton]
[INFO ][28-Jul-2023 13:11:42 pm] Selenium_Wrapper.click:(199) - Clicking on :[[ChromeDriver: chrome on WINDOWS (404fbdedb0b425f9eacfcab037315357)] -> xpath: //oj-button[@id='navigationSetBtn']]
[INFO ][28-Jul-2023 13:11:47 pm] Selenium_Wrapper.click:(199) - Clicking on :[[ChromeDriver: chrome on WINDOWS (404fbdedb0b425f9eacfcab037315357)] -> xpath: (//div[text()='Analytics']//a)]
[INFO ][28-Jul-2023 13:11:52 pm] Selenium_Wrapper.click:(199) - Clicking on :[[ChromeDriver: chrome on WINDOWS (404fbdedb0b425f9eacfcab037315357)] -> xpath: //span[text()='Reports Explorer']]
[INFO ][28-Jul-2023 13:11:58 pm] Selenium_Wrapper.click:(199) - Clicking on :[[ChromeDriver: chrome on WINDOWS (404fbdedb0b425f9eacfcab037315357)] -> xpath: //div[text()='Public Reports']]
[INFO ][28-Jul-2023 13:12:03 pm] Selenium_Wrapper.click:(199) - Clicking on :[[ChromeDriver: chrome on WINDOWS (404fbdedb0b425f9eacfcab037315357)] -> xpath: //div[text()='MACU CUSTOM REPORTS']]
[INFO ][28-Jul-2023 13:12:08 pm] Selenium_Wrapper.click:(199) - Clicking on :[[ChromeDriver: chrome on WINDOWS (404fbdedb0b425f9eacfcab037315357)] -> xpath: //div[text()='SoftClouds']]
[INFO ][28-Jul-2023 13:12:14 pm] Selenium_Wrapper.click:(199) - Clicking on :[[ChromeDriver: chrome on WINDOWS (404fbdedb0b425f9eacfcab037315357)] -> xpath: //div[text()='OKCS']]
[INFO ][28-Jul-2023 13:12:26 pm] Selenium_Wrapper.doubleClick:(280) - Double clicking on :[[ChromeDriver: chrome on WINDOWS (404fbdedb0b425f9eacfcab037315357)] -> xpath: //div[@class='explorer-right-panel']//div[@class='explorer-data-grid']//span[text()='Feedback Admin Report']]
[INFO ][28-Jul-2023 13:12:42 pm] Selenium_Wrapper.click:(199) - Clicking on :[[ChromeDriver: chrome on WINDOWS (404fbdedb0b425f9eacfcab037315357)] -> xpath: //div[@class='container wsx-flex']//div[@class='analyticsTopSection']//div[@class='select-box-root select-box-display-text-active']]
[INFO ][28-Jul-2023 13:12:48 pm] Selenium_Wrapper.click:(199) - Clicking on :[[ChromeDriver: chrome on WINDOWS (404fbdedb0b425f9eacfcab037315357)] -> xpath: (//span[text()='Search'])[2]]
[INFO ][28-Jul-2023 13:12:57 pm] Selenium_Wrapper.doubleClick:(280) - Double clicking on :[[ChromeDriver: chrome on WINDOWS (404fbdedb0b425f9eacfcab037315357)] -> xpath: //div[@class='container wsx-flex']//div[contains(@column-id,'2')][1]]
[INFO ][28-Jul-2023 13:13:11 pm] Selenium_Wrapper.click:(199) - Clicking on :[[ChromeDriver: chrome on WINDOWS (404fbdedb0b425f9eacfcab037315357)] -> xpath: //span[text()='Messages']]
[INFO ][28-Jul-2023 13:13:16 pm] Selenium_Wrapper.click:(199) - Clicking on :[[ChromeDriver: chrome on WINDOWS (404fbdedb0b425f9eacfcab037315357)] -> xpath: //div[contains(@class,'cke_wysiwyg_div ')]]
[INFO ][28-Jul-2023 13:13:18 pm] Selenium_Wrapper.enterText:(311) - Entering Text :It is working as per Expected in WebElement :[[ChromeDriver: chrome on WINDOWS (404fbdedb0b425f9eacfcab037315357)] -> xpath: //div[contains(@class,'cke_wysiwyg_div ')]]
[INFO ][28-Jul-2023 13:13:23 pm] Selenium_Wrapper.click:(199) - Clicking on :[[ChromeDriver: chrome on WINDOWS (404fbdedb0b425f9eacfcab037315357)] -> xpath: //div[@class='ws-toolbar-button-image bui-icon save-icon fa-lg']]
[INFO ][28-Jul-2023 13:13:28 pm] Selenium_Wrapper.click:(199) - Clicking on :[[ChromeDriver: chrome on WINDOWS (404fbdedb0b425f9eacfcab037315357)] -> xpath: //span[text()='Summary']]
[INFO ][28-Jul-2023 13:13:36 pm] Selenium_Wrapper.clickUsingActions:(249) - Clicking on :[[ChromeDriver: chrome on WINDOWS (404fbdedb0b425f9eacfcab037315357)] -> xpath: //div[contains(@id,'Incident_Status')][@class='display-text']]
[INFO ][28-Jul-2023 13:13:43 pm] Selenium_Wrapper.click:(199) - Clicking on :[[ChromeDriver: chrome on WINDOWS (404fbdedb0b425f9eacfcab037315357)] -> xpath: (//div[@title='Solved'])[1]]
[INFO ][28-Jul-2023 13:13:50 pm] Selenium_Wrapper.click:(199) - Clicking on :[[ChromeDriver: chrome on WINDOWS (404fbdedb0b425f9eacfcab037315357)] -> xpath: //div[@class='ws-toolbar-button-image bui-icon save-icon fa-lg']]
[INFO ][28-Jul-2023 13:14:00 pm] Selenium_Wrapper.click:(199) - Clicking on :[[ChromeDriver: chrome on WINDOWS (404fbdedb0b425f9eacfcab037315357)] -> xpath: (//a[@class='closeButton'])[3]]
[INFO ][28-Jul-2023 13:14:07 pm] Selenium_Wrapper.click:(199) - Clicking on :[[ChromeDriver: chrome on WINDOWS (404fbdedb0b425f9eacfcab037315357)] -> xpath: (//a[@class='closeButton'])[2]]
[INFO ][28-Jul-2023 13:14:14 pm] Selenium_Wrapper.click:(199) - Clicking on :[[ChromeDriver: chrome on WINDOWS (404fbdedb0b425f9eacfcab037315357)] -> xpath: (//a[@class='closeButton'])[1]]
[INFO ][28-Jul-2023 13:14:24 pm] Selenium_Wrapper.click:(199) - Clicking on :[[ChromeDriver: chrome on WINDOWS (404fbdedb0b425f9eacfcab037315357)] -> xpath: //body//oj-avatar[@initials='[[userMenuLabel]]']]
[INFO ][28-Jul-2023 13:14:32 pm] Selenium_Wrapper.click:(199) - Clicking on :[[ChromeDriver: chrome on WINDOWS (404fbdedb0b425f9eacfcab037315357)] -> xpath: //a//span[text()='Sign Out']]
[INFO ][28-Jul-2023 13:14:37 pm] Selenium_Wrapper.closeCurrentBrowser:(651) - Closing the current Browser
