[INFO ][01-Sep-2022 13:14:45 PM] Selenium_Wrapper.openBrowser:(48) - Opening chrome browser.
[INFO ][01-Sep-2022 13:14:53 PM] Selenium_Wrapper.enterURL:(82) - Entering url :https://macu1--upgrade.custhelp.com/
[INFO ][01-Sep-2022 13:14:57 PM] Selenium_Wrapper.enterText:(311) - Entering Text :pramodk in WebElement :[[ChromeDriver: chrome on WINDOWS (03ad6b517919edf2e90476d35a5570d1)] -> id: rn_LoginForm_2_Username]
[INFO ][01-Sep-2022 13:14:58 PM] Selenium_Wrapper.enterText:(311) - Entering Text :Soft@123 in WebElement :[[ChromeDriver: chrome on WINDOWS (03ad6b517919edf2e90476d35a5570d1)] -> id: rn_LoginForm_2_Password]
[INFO ][01-Sep-2022 13:15:06 PM] Selenium_Wrapper.click:(199) - Clicking on :[[ChromeDriver: chrome on WINDOWS (03ad6b517919edf2e90476d35a5570d1)] -> id: rn_LoginForm_2_Submit]
[INFO ][01-Sep-2022 13:15:20 PM] Selenium_Wrapper.click:(199) - Clicking on :[[ChromeDriver: chrome on WINDOWS (03ad6b517919edf2e90476d35a5570d1)] -> xpath: //input[@type='search']]
[INFO ][01-Sep-2022 13:15:21 PM] Selenium_Wrapper.enterText:(311) - Entering Text :Auto Loan in WebElement :[[ChromeDriver: chrome on WINDOWS (03ad6b517919edf2e90476d35a5570d1)] -> xpath: //input[@type='search']]
[INFO ][01-Sep-2022 13:15:36 PM] Selenium_Wrapper.click:(199) - Clicking on :[[ChromeDriver: chrome on WINDOWS (03ad6b517919edf2e90476d35a5570d1)] -> xpath: //ul[@aria-label='Suggested Search']//li[normalize-space()= 'Auto Loan' ]]
[INFO ][01-Sep-2022 13:15:43 PM] Selenium_Wrapper.click:(199) - Clicking on :[[ChromeDriver: chrome on WINDOWS (03ad6b517919edf2e90476d35a5570d1)] -> xpath: //div[@class='rn_SearchResultContent']//a[text()='Auto Loan']]
[INFO ][01-Sep-2022 13:16:09 PM] Selenium_Wrapper.click:(199) - Clicking on :[[ChromeDriver: chrome on WINDOWS (03ad6b517919edf2e90476d35a5570d1)] -> xpath: //a[@class='add_bookmarkButton']//img[@class='bookmark_icon_blank']]
[INFO ][01-Sep-2022 13:16:17 PM] Selenium_Wrapper.click:(199) - Clicking on :[[ChromeDriver: chrome on WINDOWS (03ad6b517919edf2e90476d35a5570d1)] -> xpath: //div[@class='dropdown']]
[INFO ][01-Sep-2022 13:16:25 PM] Selenium_Wrapper.click:(199) - Clicking on :[[ChromeDriver: chrome on WINDOWS (03ad6b517919edf2e90476d35a5570d1)] -> xpath: //div[@class='data Custom-data']//a[text()='My Bookmarks']]
[INFO ][01-Sep-2022 13:16:46 PM] Selenium_Wrapper.click:(199) - Clicking on :[[ChromeDriver: chrome on WINDOWS (03ad6b517919edf2e90476d35a5570d1)] -> xpath: //a[contains(text(),'Auto Loan')]//parent::div[@class='rn_Notification_Info']//following-sibling::div[@class='rn_Notification_Actions']//button[@class='rn_Notification_Delete']//img[@class='bookmark_del_ico']]
[INFO ][01-Sep-2022 13:17:10 PM] Selenium_Wrapper.click:(199) - Clicking on :[[ChromeDriver: chrome on WINDOWS (03ad6b517919edf2e90476d35a5570d1)] -> class name: knowledge]
[INFO ][01-Sep-2022 13:17:17 PM] Selenium_Wrapper.click:(199) - Clicking on :[[ChromeDriver: chrome on WINDOWS (03ad6b517919edf2e90476d35a5570d1)] -> xpath: //input[@type='search']]
[INFO ][01-Sep-2022 13:17:19 PM] Selenium_Wrapper.enterText:(311) - Entering Text :Auto Loan in WebElement :[[ChromeDriver: chrome on WINDOWS (03ad6b517919edf2e90476d35a5570d1)] -> xpath: //input[@type='search']]
[INFO ][01-Sep-2022 13:17:29 PM] Selenium_Wrapper.click:(199) - Clicking on :[[ChromeDriver: chrome on WINDOWS (03ad6b517919edf2e90476d35a5570d1)] -> xpath: //ul[@aria-label='Suggested Search']//li[normalize-space()= 'Auto Loan' ]]
[INFO ][01-Sep-2022 13:17:36 PM] Selenium_Wrapper.click:(199) - Clicking on :[[ChromeDriver: chrome on WINDOWS (03ad6b517919edf2e90476d35a5570d1)] -> xpath: //div[@class='rn_SearchResultContent']//a[text()='Auto Loan']]
[INFO ][01-Sep-2022 13:17:46 PM] Selenium_Wrapper.click:(199) - Clicking on :[[ChromeDriver: chrome on WINDOWS (03ad6b517919edf2e90476d35a5570d1)] -> xpath: //div[contains(@class,'EmailAnswerLink')]//img[@class='share_icon_default']]
[INFO ][01-Sep-2022 13:17:52 PM] Selenium_Wrapper.click:(199) - Clicking on :[[ChromeDriver: chrome on WINDOWS (03ad6b517919edf2e90476d35a5570d1)] -> xpath: //div[@id='rnDialog1']//input[@class='select2-search__field']]
[INFO ][01-Sep-2022 13:17:53 PM] Selenium_Wrapper.enterText:(311) - Entering Text :Aaron Brown in WebElement :[[ChromeDriver: chrome on WINDOWS (03ad6b517919edf2e90476d35a5570d1)] -> xpath: //div[@id='rnDialog1']//input[@class='select2-search__field']]
[INFO ][01-Sep-2022 13:18:01 PM] Selenium_Wrapper.click:(199) - Clicking on :[[ChromeDriver: chrome on WINDOWS (03ad6b517919edf2e90476d35a5570d1)] -> xpath: //ul[@class='select2-results__options']//li[text()='Aaron Brown']]
[INFO ][01-Sep-2022 13:18:07 PM] Selenium_Wrapper.click:(199) - Clicking on :[[ChromeDriver: chrome on WINDOWS (03ad6b517919edf2e90476d35a5570d1)] -> xpath: //button[@class='yui3-button yui3-button-close']]
[INFO ][01-Sep-2022 13:18:21 PM] Selenium_Wrapper.click:(199) - Clicking on :[[ChromeDriver: chrome on WINDOWS (03ad6b517919edf2e90476d35a5570d1)] -> xpath: //div[@id='formsResources_panel']//div[@id='formsResources_headingOne']]
[INFO ][01-Sep-2022 13:18:31 PM] Selenium_Wrapper.clickUsingActions:(249) - Clicking on :[[ChromeDriver: chrome on WINDOWS (03ad6b517919edf2e90476d35a5570d1)] -> xpath: (//ul[@class='formsResources']//ul//li/a)[2]]
[INFO ][01-Sep-2022 13:18:58 PM] Selenium_Wrapper.click:(199) - Clicking on :[[ChromeDriver: chrome on WINDOWS (03ad6b517919edf2e90476d35a5570d1)] -> xpath: //li[@class='breadcrumb-item']//a]
[INFO ][01-Sep-2022 13:19:12 PM] Selenium_Wrapper.click:(199) - Clicking on :[[ChromeDriver: chrome on WINDOWS (03ad6b517919edf2e90476d35a5570d1)] -> class name: knowledge]
[INFO ][01-Sep-2022 13:19:22 PM] Selenium_Wrapper.click:(199) - Clicking on :[[ChromeDriver: chrome on WINDOWS (03ad6b517919edf2e90476d35a5570d1)] -> xpath: //input[@type='search']]
[INFO ][01-Sep-2022 13:19:23 PM] Selenium_Wrapper.enterText:(311) - Entering Text :COVID-19 Critical Updates in WebElement :[[ChromeDriver: chrome on WINDOWS (03ad6b517919edf2e90476d35a5570d1)] -> xpath: //input[@type='search']]
[INFO ][01-Sep-2022 13:19:37 PM] Selenium_Wrapper.click:(199) - Clicking on :[[ChromeDriver: chrome on WINDOWS (03ad6b517919edf2e90476d35a5570d1)] -> xpath: //ul[@aria-label='Suggested Search']//li[normalize-space()='COVID-19 Critical Updates']]
[INFO ][01-Sep-2022 13:19:45 PM] Selenium_Wrapper.click:(199) - Clicking on :[[ChromeDriver: chrome on WINDOWS (03ad6b517919edf2e90476d35a5570d1)] -> xpath: //div[@class='rn_SearchResultContent']//a[text()='COVID-19 Critical Updates']]
[INFO ][01-Sep-2022 13:20:44 PM] Selenium_Wrapper.click:(199) - Clicking on :[[ChromeDriver: chrome on WINDOWS (03ad6b517919edf2e90476d35a5570d1)] -> xpath: //button[@class='rn_RecommendContentButton p-0']]
[INFO ][01-Sep-2022 13:20:45 PM] Selenium_Wrapper.enterText:(311) - Entering Text :Test Improve, comments, updates in WebElement :[[ChromeDriver: chrome on WINDOWS (03ad6b517919edf2e90476d35a5570d1)] -> xpath: //div[@id='rnDialog1_c']//textarea[contains(@id,RequestUpdate)]]
[INFO ][01-Sep-2022 13:20:50 PM] Selenium_Wrapper.click:(199) - Clicking on :[[ChromeDriver: chrome on WINDOWS (03ad6b517919edf2e90476d35a5570d1)] -> xpath: //button[@class='yui3-button yui3-button-close']]
[INFO ][01-Sep-2022 13:21:02 PM] Selenium_Wrapper.click:(199) - Clicking on :[[ChromeDriver: chrome on WINDOWS (03ad6b517919edf2e90476d35a5570d1)] -> id: relatedPages_headingOne]
[INFO ][01-Sep-2022 13:21:08 PM] Selenium_Wrapper.click:(199) - Clicking on :[[ChromeDriver: chrome on WINDOWS (03ad6b517919edf2e90476d35a5570d1)] -> id: relatedPages_headingOne]
[INFO ][01-Sep-2022 13:21:15 PM] Selenium_Wrapper.enterText:(311) - Entering Text :Auto Loan in WebElement :[[ChromeDriver: chrome on WINDOWS (03ad6b517919edf2e90476d35a5570d1)] -> xpath: //div[contains(@class,'input-group')]//input[@type='search']]
[INFO ][01-Sep-2022 13:21:26 PM] Selenium_Wrapper.click:(199) - Clicking on :[[ChromeDriver: chrome on WINDOWS (03ad6b517919edf2e90476d35a5570d1)] -> xpath: //ul[@aria-label='Suggested Search']//li[@class='rn_SuggestionItem'][normalize-space()='Auto Loan']]
[INFO ][01-Sep-2022 13:21:48 PM] Selenium_Wrapper.click:(199) - Clicking on :[[ChromeDriver: chrome on WINDOWS (03ad6b517919edf2e90476d35a5570d1)] -> class name: knowledge]
[INFO ][01-Sep-2022 13:21:51 PM] Selenium_Wrapper.closeCurrentBrowser:(651) - Closing the current Browser
