[INFO ][05-Sep-2024 13:14:04 PM] Selenium_Wrapper.openBrowser:(54) - Opening chrome browser.
[INFO ][05-Sep-2024 13:14:14 PM] Selenium_Wrapper.enterURL:(88) - Entering url :https://macu1--tst1.custhelp.com/app/home
[INFO ][05-Sep-2024 13:14:18 PM] Selenium_Wrapper.enterText:(317) - Entering Text :swamyk in WebElement :[[ChromeDriver: chrome on WINDOWS (c59de24db841e8379f965cd6938f228c)] -> id: rn_LoginForm_2_Username]
[INFO ][05-Sep-2024 13:14:19 PM] Selenium_Wrapper.enterText:(317) - Entering Text :Soft@123 in WebElement :[[ChromeDriver: chrome on WINDOWS (c59de24db841e8379f965cd6938f228c)] -> id: rn_LoginForm_2_Password]
[INFO ][05-Sep-2024 13:14:23 PM] Selenium_Wrapper.click:(205) - Clicking on :[[ChromeDriver: chrome on WINDOWS (c59de24db841e8379f965cd6938f228c)] -> id: rn_LoginForm_2_Submit]
[INFO ][05-Sep-2024 13:14:31 PM] Selenium_Wrapper.click:(205) - Clicking on :[[ChromeDriver: chrome on WINDOWS (c59de24db841e8379f965cd6938f228c)] -> xpath: //input[@type='search']]
[INFO ][05-Sep-2024 13:14:33 PM] Selenium_Wrapper.enterText:(317) - Entering Text :Business Use Auto Loan in WebElement :[[ChromeDriver: chrome on WINDOWS (c59de24db841e8379f965cd6938f228c)] -> xpath: //input[@type='search']]
[INFO ][05-Sep-2024 13:14:35 PM] Selenium_Wrapper.click:(205) - Clicking on :[[ChromeDriver: chrome on WINDOWS (c59de24db841e8379f965cd6938f228c)] -> xpath: //input[@type='search']]
[INFO ][05-Sep-2024 13:14:47 PM] Selenium_Wrapper.click:(205) - Clicking on :[[ChromeDriver: chrome on WINDOWS (c59de24db841e8379f965cd6938f228c)] -> xpath: (//div[@class='yui3-aclist-content']//li//li)[1]]
[INFO ][05-Sep-2024 13:14:54 PM] Selenium_Wrapper.click:(205) - Clicking on :[[ChromeDriver: chrome on WINDOWS (c59de24db841e8379f965cd6938f228c)] -> xpath: (//div[@class='rn_SearchResultContent']//a)[1]]
[INFO ][05-Sep-2024 13:15:15 PM] Selenium_Wrapper.click:(205) - Clicking on :[[ChromeDriver: chrome on WINDOWS (c59de24db841e8379f965cd6938f228c)] -> xpath: //button[@class='rn_RecommendContentButton p-0']]
[INFO ][05-Sep-2024 13:15:16 PM] Selenium_Wrapper.enterText:(317) - Entering Text :Test Improve, comments, updates in WebElement :[[ChromeDriver: chrome on WINDOWS (c59de24db841e8379f965cd6938f228c)] -> id: rn_RequestUpdate_25_Description]
[INFO ][05-Sep-2024 13:15:18 PM] Selenium_Wrapper.click:(205) - Clicking on :[[ChromeDriver: chrome on WINDOWS (c59de24db841e8379f965cd6938f228c)] -> xpath: //button[text()='Submit']]
[INFO ][05-Sep-2024 13:15:28 PM] Selenium_Wrapper.click:(205) - Clicking on :[[ChromeDriver: chrome on WINDOWS (c59de24db841e8379f965cd6938f228c)] -> xpath: //div[@id='rnDialog2']//button[@type='button']]
[INFO ][05-Sep-2024 13:15:38 PM] Selenium_Wrapper.click:(205) - Clicking on :[[ChromeDriver: chrome on WINDOWS (c59de24db841e8379f965cd6938f228c)] -> class name: knowledge]
[INFO ][05-Sep-2024 13:15:42 PM] Selenium_Wrapper.click:(205) - Clicking on :[[ChromeDriver: chrome on WINDOWS (c59de24db841e8379f965cd6938f228c)] -> xpath: //div[@class='dropdown']]
[INFO ][05-Sep-2024 13:15:47 PM] Selenium_Wrapper.click:(205) - Clicking on :[[ChromeDriver: chrome on WINDOWS (c59de24db841e8379f965cd6938f228c)] -> xpath: //a[text()='My Feedback']]
[INFO ][05-Sep-2024 13:15:49 PM] Selenium_Wrapper.enterText:(317) - Entering Text :Business Use Auto Loan in WebElement :[[ChromeDriver: chrome on WINDOWS (c59de24db841e8379f965cd6938f228c)] -> xpath: //input[@placeholder='Search Your Feedback Report']]
[INFO ][05-Sep-2024 13:16:00 PM] Selenium_Wrapper.click:(205) - Clicking on :[[ChromeDriver: chrome on WINDOWS (c59de24db841e8379f965cd6938f228c)] -> xpath: //div[@class='rn_SearchInput1 mt-3']//span[@class='btn-srch-icon']//i[@class='fa fa-search']]
[INFO ][05-Sep-2024 13:16:23 PM] Selenium_Wrapper.click:(205) - Clicking on :[[ChromeDriver: chrome on WINDOWS (c59de24db841e8379f965cd6938f228c)] -> xpath: (//tbody[@class='yui3-datatable-data']//a)[1]]
[INFO ][05-Sep-2024 13:16:55 PM] Selenium_Wrapper.click:(205) - Clicking on :[[ChromeDriver: chrome on WINDOWS (c59de24db841e8379f965cd6938f228c)] -> class name: knowledge]
[INFO ][05-Sep-2024 13:17:00 PM] Selenium_Wrapper.closeCurrentBrowser:(657) - Closing the current Browser
[INFO ][05-Sep-2024 13:17:01 PM] Selenium_Wrapper.openBrowser:(54) - Opening chrome browser.
[INFO ][05-Sep-2024 13:17:12 PM] Selenium_Wrapper.enterURL:(88) - Entering url :https://macu1--tst1.custhelp.com/AgentWeb/
[INFO ][05-Sep-2024 13:17:16 PM] Selenium_Wrapper.enterText:(317) - Entering Text :automation_testing in WebElement :[[ChromeDriver: chrome on WINDOWS (b75c4d3a94e5c0ec3b94e0574c5b75a7)] -> id: username]
[INFO ][05-Sep-2024 13:17:17 PM] Selenium_Wrapper.enterText:(317) - Entering Text :Welcome123 in WebElement :[[ChromeDriver: chrome on WINDOWS (b75c4d3a94e5c0ec3b94e0574c5b75a7)] -> id: password]
[INFO ][05-Sep-2024 13:17:35 PM] Selenium_Wrapper.click:(205) - Clicking on :[[ChromeDriver: chrome on WINDOWS (b75c4d3a94e5c0ec3b94e0574c5b75a7)] -> id: loginbutton]
[INFO ][05-Sep-2024 13:18:37 PM] Selenium_Wrapper.click:(205) - Clicking on :[[ChromeDriver: chrome on WINDOWS (b75c4d3a94e5c0ec3b94e0574c5b75a7)] -> id: navigationSetBtn]
[INFO ][05-Sep-2024 13:18:40 PM] Selenium_Wrapper.click:(205) - Clicking on :[[ChromeDriver: chrome on WINDOWS (b75c4d3a94e5c0ec3b94e0574c5b75a7)] -> xpath: //div[text()='Analytics']]
[INFO ][05-Sep-2024 13:18:42 PM] Selenium_Wrapper.click:(205) - Clicking on :[[ChromeDriver: chrome on WINDOWS (b75c4d3a94e5c0ec3b94e0574c5b75a7)] -> xpath: //span[text()='Reports Explorer']]
[INFO ][05-Sep-2024 13:18:44 PM] Selenium_Wrapper.click:(205) - Clicking on :[[ChromeDriver: chrome on WINDOWS (b75c4d3a94e5c0ec3b94e0574c5b75a7)] -> xpath: //div[text()='Public Reports']]
[INFO ][05-Sep-2024 13:18:47 PM] Selenium_Wrapper.click:(205) - Clicking on :[[ChromeDriver: chrome on WINDOWS (b75c4d3a94e5c0ec3b94e0574c5b75a7)] -> xpath: //div[text()='MACU CUSTOM REPORTS']]
[INFO ][05-Sep-2024 13:18:49 PM] Selenium_Wrapper.click:(205) - Clicking on :[[ChromeDriver: chrome on WINDOWS (b75c4d3a94e5c0ec3b94e0574c5b75a7)] -> xpath: //div[text()='SoftClouds']]
[INFO ][05-Sep-2024 13:18:51 PM] Selenium_Wrapper.click:(205) - Clicking on :[[ChromeDriver: chrome on WINDOWS (b75c4d3a94e5c0ec3b94e0574c5b75a7)] -> xpath: //div[text()='OKCS']]
[INFO ][05-Sep-2024 13:19:03 PM] Selenium_Wrapper.doubleClick:(286) - Double clicking on :[[ChromeDriver: chrome on WINDOWS (b75c4d3a94e5c0ec3b94e0574c5b75a7)] -> xpath: //div[@class='explorer-right-panel']//div[@class='explorer-data-grid']//span[text()='Feedback Admin Report']]
[INFO ][05-Sep-2024 13:19:16 PM] Selenium_Wrapper.click:(205) - Clicking on :[[ChromeDriver: chrome on WINDOWS (b75c4d3a94e5c0ec3b94e0574c5b75a7)] -> xpath: //div[@class='container wsx-flex']//div[@class='analyticsTopSection']//div[@class='select-box-root select-box-display-text-active']]
[INFO ][05-Sep-2024 13:19:18 PM] Selenium_Wrapper.click:(205) - Clicking on :[[ChromeDriver: chrome on WINDOWS (b75c4d3a94e5c0ec3b94e0574c5b75a7)] -> xpath: (//span[text()='Search'])[2]]
[INFO ][05-Sep-2024 13:19:27 PM] Selenium_Wrapper.doubleClick:(286) - Double clicking on :[[ChromeDriver: chrome on WINDOWS (b75c4d3a94e5c0ec3b94e0574c5b75a7)] -> xpath: //div[@class='container wsx-flex']//div[contains(@column-id,'2')][1]]
[INFO ][05-Sep-2024 13:19:38 PM] Selenium_Wrapper.click:(205) - Clicking on :[[ChromeDriver: chrome on WINDOWS (b75c4d3a94e5c0ec3b94e0574c5b75a7)] -> xpath: //span[text()='Messages']]
[INFO ][05-Sep-2024 13:19:40 PM] Selenium_Wrapper.click:(205) - Clicking on :[[ChromeDriver: chrome on WINDOWS (b75c4d3a94e5c0ec3b94e0574c5b75a7)] -> xpath: //div[contains(@class,'cke_wysiwyg_div ')]]
[INFO ][05-Sep-2024 13:19:42 PM] Selenium_Wrapper.enterText:(317) - Entering Text :It is working as per Expected in WebElement :[[ChromeDriver: chrome on WINDOWS (b75c4d3a94e5c0ec3b94e0574c5b75a7)] -> xpath: //div[contains(@class,'cke_wysiwyg_div ')]]
[INFO ][05-Sep-2024 13:19:44 PM] Selenium_Wrapper.click:(205) - Clicking on :[[ChromeDriver: chrome on WINDOWS (b75c4d3a94e5c0ec3b94e0574c5b75a7)] -> xpath: //div[@class='ws-toolbar-button-image bui-icon save-icon fa-lg']]
[INFO ][05-Sep-2024 13:19:46 PM] Selenium_Wrapper.click:(205) - Clicking on :[[ChromeDriver: chrome on WINDOWS (b75c4d3a94e5c0ec3b94e0574c5b75a7)] -> xpath: //span[text()='Summary']]
[INFO ][05-Sep-2024 13:19:53 PM] Selenium_Wrapper.clickUsingActions:(255) - Clicking on :[[ChromeDriver: chrome on WINDOWS (b75c4d3a94e5c0ec3b94e0574c5b75a7)] -> xpath: (//div[text()='Waiting'])[2]]
[INFO ][05-Sep-2024 13:19:57 PM] Selenium_Wrapper.click:(205) - Clicking on :[[ChromeDriver: chrome on WINDOWS (b75c4d3a94e5c0ec3b94e0574c5b75a7)] -> xpath: (//div[@title='Solved'])[1]]
[INFO ][05-Sep-2024 13:20:02 PM] Selenium_Wrapper.click:(205) - Clicking on :[[ChromeDriver: chrome on WINDOWS (b75c4d3a94e5c0ec3b94e0574c5b75a7)] -> xpath: //div[@class='ws-toolbar-button-image bui-icon save-icon fa-lg']]
[INFO ][05-Sep-2024 13:20:08 PM] Selenium_Wrapper.click:(205) - Clicking on :[[ChromeDriver: chrome on WINDOWS (b75c4d3a94e5c0ec3b94e0574c5b75a7)] -> xpath: (//a[@class='closeButton'])[3]]
[INFO ][05-Sep-2024 13:20:12 PM] Selenium_Wrapper.click:(205) - Clicking on :[[ChromeDriver: chrome on WINDOWS (b75c4d3a94e5c0ec3b94e0574c5b75a7)] -> xpath: (//a[@class='closeButton'])[2]]
[INFO ][05-Sep-2024 13:20:16 PM] Selenium_Wrapper.click:(205) - Clicking on :[[ChromeDriver: chrome on WINDOWS (b75c4d3a94e5c0ec3b94e0574c5b75a7)] -> xpath: (//a[@class='closeButton'])[1]]
[INFO ][05-Sep-2024 13:20:28 PM] Selenium_Wrapper.click:(205) - Clicking on :[[ChromeDriver: chrome on WINDOWS (b75c4d3a94e5c0ec3b94e0574c5b75a7)] -> xpath: //body//oj-avatar[@initials='[[userMenuLabel]]']]
[INFO ][05-Sep-2024 13:20:32 PM] Selenium_Wrapper.click:(205) - Clicking on :[[ChromeDriver: chrome on WINDOWS (b75c4d3a94e5c0ec3b94e0574c5b75a7)] -> xpath: //a//span[text()='Sign Out']]
[INFO ][05-Sep-2024 13:20:41 PM] Selenium_Wrapper.click:(205) - Clicking on :[[ChromeDriver: chrome on WINDOWS (b75c4d3a94e5c0ec3b94e0574c5b75a7)] -> xpath: //a[text()='Click here']]
[INFO ][05-Sep-2024 13:20:44 PM] Selenium_Wrapper.closeCurrentBrowser:(657) - Closing the current Browser
