[INFO ][04-Jan-2024 13:18:36 PM] Selenium_Wrapper.openBrowser:(48) - Opening chrome browser.
[INFO ][04-Jan-2024 13:18:46 PM] Selenium_Wrapper.enterURL:(82) - Entering url :https://macu1--tst1.custhelp.com/app/home
[INFO ][04-Jan-2024 13:18:50 PM] Selenium_Wrapper.enterText:(311) - Entering Text :swamyk in WebElement :[[ChromeDriver: chrome on WINDOWS (bac4ff9d1e68f1f16cf204716cf8abef)] -> id: rn_LoginForm_2_Username]
[INFO ][04-Jan-2024 13:18:51 PM] Selenium_Wrapper.enterText:(311) - Entering Text :Soft@123 in WebElement :[[ChromeDriver: chrome on WINDOWS (bac4ff9d1e68f1f16cf204716cf8abef)] -> id: rn_LoginForm_2_Password]
[INFO ][04-Jan-2024 13:18:58 PM] Selenium_Wrapper.click:(199) - Clicking on :[[ChromeDriver: chrome on WINDOWS (bac4ff9d1e68f1f16cf204716cf8abef)] -> id: rn_LoginForm_2_Submit]
[INFO ][04-Jan-2024 13:19:07 PM] Selenium_Wrapper.click:(199) - Clicking on :[[ChromeDriver: chrome on WINDOWS (bac4ff9d1e68f1f16cf204716cf8abef)] -> xpath: //input[@type='search']]
[INFO ][04-Jan-2024 13:19:08 PM] Selenium_Wrapper.enterText:(311) - Entering Text :Business Auto Loan - ALPS 1.0 in WebElement :[[ChromeDriver: chrome on WINDOWS (bac4ff9d1e68f1f16cf204716cf8abef)] -> xpath: //input[@type='search']]
[INFO ][04-Jan-2024 13:19:27 PM] Selenium_Wrapper.click:(199) - Clicking on :[[ChromeDriver: chrome on WINDOWS (bac4ff9d1e68f1f16cf204716cf8abef)] -> xpath: (//ul[text()='Suggested Search']//li//li)[1]]
[INFO ][04-Jan-2024 13:19:34 PM] Selenium_Wrapper.click:(199) - Clicking on :[[ChromeDriver: chrome on WINDOWS (bac4ff9d1e68f1f16cf204716cf8abef)] -> xpath: //div[@class='rn_SearchResultContent']//tbody//tr//div//span[@class='rn_Element1']//a]
[INFO ][04-Jan-2024 13:20:00 PM] Selenium_Wrapper.click:(199) - Clicking on :[[ChromeDriver: chrome on WINDOWS (bac4ff9d1e68f1f16cf204716cf8abef)] -> xpath: //a[@class='add_bookmarkButton']//img[@class='bookmark_icon_blank']]
[INFO ][04-Jan-2024 13:20:07 PM] Selenium_Wrapper.click:(199) - Clicking on :[[ChromeDriver: chrome on WINDOWS (bac4ff9d1e68f1f16cf204716cf8abef)] -> xpath: //div[@class='dropdown']]
[INFO ][04-Jan-2024 13:20:15 PM] Selenium_Wrapper.click:(199) - Clicking on :[[ChromeDriver: chrome on WINDOWS (bac4ff9d1e68f1f16cf204716cf8abef)] -> xpath: //div[@class='data Custom-data']//a[text()='My Bookmarks']]
[INFO ][04-Jan-2024 13:20:37 PM] Selenium_Wrapper.click:(199) - Clicking on :[[ChromeDriver: chrome on WINDOWS (bac4ff9d1e68f1f16cf204716cf8abef)] -> xpath: //a[contains(text(),'Business Auto Loan - ALPS 1.0')]//parent::div[@class='rn_Notification_Info']//following-sibling::div[@class='rn_Notification_Actions']//button[@class='rn_Notification_Delete']//img[@class='bookmark_del_ico']]
[INFO ][04-Jan-2024 13:20:56 PM] Selenium_Wrapper.click:(199) - Clicking on :[[ChromeDriver: chrome on WINDOWS (bac4ff9d1e68f1f16cf204716cf8abef)] -> class name: knowledge]
[INFO ][04-Jan-2024 13:21:03 PM] Selenium_Wrapper.click:(199) - Clicking on :[[ChromeDriver: chrome on WINDOWS (bac4ff9d1e68f1f16cf204716cf8abef)] -> xpath: //input[@type='search']]
[INFO ][04-Jan-2024 13:21:04 PM] Selenium_Wrapper.enterText:(311) - Entering Text :Business Auto Loan - ALPS 1.0 in WebElement :[[ChromeDriver: chrome on WINDOWS (bac4ff9d1e68f1f16cf204716cf8abef)] -> xpath: //input[@type='search']]
[INFO ][04-Jan-2024 13:21:11 PM] Selenium_Wrapper.click:(199) - Clicking on :[[ChromeDriver: chrome on WINDOWS (bac4ff9d1e68f1f16cf204716cf8abef)] -> xpath: (//ul[text()='Suggested Search']//li//li)[1]]
[INFO ][04-Jan-2024 13:21:18 PM] Selenium_Wrapper.click:(199) - Clicking on :[[ChromeDriver: chrome on WINDOWS (bac4ff9d1e68f1f16cf204716cf8abef)] -> xpath: //div[@class='rn_SearchResultContent']//tbody//tr//div//span[@class='rn_Element1']//a]
[INFO ][04-Jan-2024 13:21:29 PM] Selenium_Wrapper.click:(199) - Clicking on :[[ChromeDriver: chrome on WINDOWS (bac4ff9d1e68f1f16cf204716cf8abef)] -> xpath: //div[contains(@class,'EmailAnswerLink')]//img[@class='share_icon_default']]
[INFO ][04-Jan-2024 13:21:34 PM] Selenium_Wrapper.click:(199) - Clicking on :[[ChromeDriver: chrome on WINDOWS (bac4ff9d1e68f1f16cf204716cf8abef)] -> xpath: //div[@id='rnDialog1']//input[@class='select2-search__field']]
[INFO ][04-Jan-2024 13:21:35 PM] Selenium_Wrapper.enterText:(311) - Entering Text :Aaron Brown in WebElement :[[ChromeDriver: chrome on WINDOWS (bac4ff9d1e68f1f16cf204716cf8abef)] -> xpath: //div[@id='rnDialog1']//input[@class='select2-search__field']]
[INFO ][04-Jan-2024 13:21:44 PM] Selenium_Wrapper.click:(199) - Clicking on :[[ChromeDriver: chrome on WINDOWS (bac4ff9d1e68f1f16cf204716cf8abef)] -> xpath: //ul[@class='select2-results__options']//li[text()='Aaron Brown']]
[INFO ][04-Jan-2024 13:21:49 PM] Selenium_Wrapper.click:(199) - Clicking on :[[ChromeDriver: chrome on WINDOWS (bac4ff9d1e68f1f16cf204716cf8abef)] -> xpath: //button[@class='yui3-button yui3-button-close']]
[INFO ][04-Jan-2024 13:22:03 PM] Selenium_Wrapper.click:(199) - Clicking on :[[ChromeDriver: chrome on WINDOWS (bac4ff9d1e68f1f16cf204716cf8abef)] -> xpath: //div[@id='formsResources_panel']//div[@id='formsResources_headingOne']]
[INFO ][04-Jan-2024 13:22:12 PM] Selenium_Wrapper.clickUsingActions:(249) - Clicking on :[[ChromeDriver: chrome on WINDOWS (bac4ff9d1e68f1f16cf204716cf8abef)] -> xpath: (//ul[@class='formsResources']//ul//li/a)[2]]
[INFO ][04-Jan-2024 13:22:39 PM] Selenium_Wrapper.click:(199) - Clicking on :[[ChromeDriver: chrome on WINDOWS (bac4ff9d1e68f1f16cf204716cf8abef)] -> xpath: //li[@class='breadcrumb-item']//a]
[INFO ][04-Jan-2024 13:22:49 PM] Selenium_Wrapper.click:(199) - Clicking on :[[ChromeDriver: chrome on WINDOWS (bac4ff9d1e68f1f16cf204716cf8abef)] -> class name: knowledge]
[INFO ][04-Jan-2024 13:22:59 PM] Selenium_Wrapper.click:(199) - Clicking on :[[ChromeDriver: chrome on WINDOWS (bac4ff9d1e68f1f16cf204716cf8abef)] -> xpath: //input[@type='search']]
[INFO ][04-Jan-2024 13:23:00 PM] Selenium_Wrapper.enterText:(311) - Entering Text :Business Auto Loan - ALPS 1.0 in WebElement :[[ChromeDriver: chrome on WINDOWS (bac4ff9d1e68f1f16cf204716cf8abef)] -> xpath: //input[@type='search']]
[INFO ][04-Jan-2024 13:23:18 PM] Selenium_Wrapper.click:(199) - Clicking on :[[ChromeDriver: chrome on WINDOWS (bac4ff9d1e68f1f16cf204716cf8abef)] -> xpath: (//ul[text()='Suggested Search']//li//li)[1]]
[INFO ][04-Jan-2024 13:23:28 PM] Selenium_Wrapper.click:(199) - Clicking on :[[ChromeDriver: chrome on WINDOWS (bac4ff9d1e68f1f16cf204716cf8abef)] -> xpath: //div[@class='rn_SearchResultContent']//tbody//tr//div//span[@class='rn_Element1']//a]
[INFO ][04-Jan-2024 13:24:24 PM] Selenium_Wrapper.click:(199) - Clicking on :[[ChromeDriver: chrome on WINDOWS (bac4ff9d1e68f1f16cf204716cf8abef)] -> xpath: //button[@class='rn_RecommendContentButton p-0']]
[INFO ][04-Jan-2024 13:24:25 PM] Selenium_Wrapper.enterText:(311) - Entering Text :Test Improve, comments, updates in WebElement :[[ChromeDriver: chrome on WINDOWS (bac4ff9d1e68f1f16cf204716cf8abef)] -> xpath: //div[@id='rnDialog1_c']//textarea[contains(@id,RequestUpdate)]]
[INFO ][04-Jan-2024 13:24:30 PM] Selenium_Wrapper.click:(199) - Clicking on :[[ChromeDriver: chrome on WINDOWS (bac4ff9d1e68f1f16cf204716cf8abef)] -> xpath: //button[@class='yui3-button yui3-button-close']]
[INFO ][04-Jan-2024 13:24:42 PM] Selenium_Wrapper.click:(199) - Clicking on :[[ChromeDriver: chrome on WINDOWS (bac4ff9d1e68f1f16cf204716cf8abef)] -> id: relatedPages_headingOne]
[INFO ][04-Jan-2024 13:24:48 PM] Selenium_Wrapper.click:(199) - Clicking on :[[ChromeDriver: chrome on WINDOWS (bac4ff9d1e68f1f16cf204716cf8abef)] -> id: relatedPages_headingOne]
[INFO ][04-Jan-2024 13:24:54 PM] Selenium_Wrapper.enterText:(311) - Entering Text :Business Auto Loan - ALPS 1.0 in WebElement :[[ChromeDriver: chrome on WINDOWS (bac4ff9d1e68f1f16cf204716cf8abef)] -> xpath: //div[contains(@class,'input-group')]//input[@type='search']]
[INFO ][04-Jan-2024 13:25:06 PM] Selenium_Wrapper.click:(199) - Clicking on :[[ChromeDriver: chrome on WINDOWS (bac4ff9d1e68f1f16cf204716cf8abef)] -> xpath: //ul[@aria-label='Suggested Search']//li[@class='rn_SuggestionItem'][normalize-space()='Business Auto Loan - ALPS 1.0']]
[INFO ][04-Jan-2024 13:25:20 PM] Selenium_Wrapper.click:(199) - Clicking on :[[ChromeDriver: chrome on WINDOWS (bac4ff9d1e68f1f16cf204716cf8abef)] -> class name: knowledge]
