[INFO ][02-Jul-2024 13:13:41 PM] Selenium_Wrapper.openBrowser:(54) - Opening chrome browser.
[INFO ][02-Jul-2024 13:13:49 PM] Selenium_Wrapper.enterURL:(88) - Entering url :https://macu1--tst1.custhelp.com/app/home
[INFO ][02-Jul-2024 13:13:53 PM] Selenium_Wrapper.enterText:(317) - Entering Text :swamyk in WebElement :[[ChromeDriver: chrome on WINDOWS (e51362e412bf8a091f6cf3040caa7c23)] -> id: rn_LoginForm_2_Username]
[INFO ][02-Jul-2024 13:13:54 PM] Selenium_Wrapper.enterText:(317) - Entering Text :Soft@123 in WebElement :[[ChromeDriver: chrome on WINDOWS (e51362e412bf8a091f6cf3040caa7c23)] -> id: rn_LoginForm_2_Password]
[INFO ][02-Jul-2024 13:13:59 PM] Selenium_Wrapper.click:(205) - Clicking on :[[ChromeDriver: chrome on WINDOWS (e51362e412bf8a091f6cf3040caa7c23)] -> id: rn_LoginForm_2_Submit]
[INFO ][02-Jul-2024 13:14:04 PM] Selenium_Wrapper.click:(205) - Clicking on :[[ChromeDriver: chrome on WINDOWS (e51362e412bf8a091f6cf3040caa7c23)] -> xpath: //input[@type='search']]
[INFO ][02-Jul-2024 13:14:06 PM] Selenium_Wrapper.enterText:(317) - Entering Text :Badge Protocol in WebElement :[[ChromeDriver: chrome on WINDOWS (e51362e412bf8a091f6cf3040caa7c23)] -> xpath: //input[@type='search']]
[INFO ][02-Jul-2024 13:14:08 PM] Selenium_Wrapper.click:(205) - Clicking on :[[ChromeDriver: chrome on WINDOWS (e51362e412bf8a091f6cf3040caa7c23)] -> xpath: //input[@type='search']]
[INFO ][02-Jul-2024 13:14:21 PM] Selenium_Wrapper.click:(205) - Clicking on :[[ChromeDriver: chrome on WINDOWS (e51362e412bf8a091f6cf3040caa7c23)] -> xpath: (//div[@class='yui3-aclist-content']//li//li)[1]]
[INFO ][02-Jul-2024 13:14:26 PM] Selenium_Wrapper.click:(205) - Clicking on :[[ChromeDriver: chrome on WINDOWS (e51362e412bf8a091f6cf3040caa7c23)] -> xpath: (//div[@class='rn_SearchResultContent']//a)[1]]
[INFO ][02-Jul-2024 13:14:46 PM] Selenium_Wrapper.click:(205) - Clicking on :[[ChromeDriver: chrome on WINDOWS (e51362e412bf8a091f6cf3040caa7c23)] -> xpath: //button[@class='rn_RecommendContentButton p-0']]
[INFO ][02-Jul-2024 13:14:48 PM] Selenium_Wrapper.enterText:(317) - Entering Text :Test Improve, comments, updates in WebElement :[[ChromeDriver: chrome on WINDOWS (e51362e412bf8a091f6cf3040caa7c23)] -> id: rn_RequestUpdate_24_Description]
[INFO ][02-Jul-2024 13:14:50 PM] Selenium_Wrapper.click:(205) - Clicking on :[[ChromeDriver: chrome on WINDOWS (e51362e412bf8a091f6cf3040caa7c23)] -> xpath: //button[text()='Submit']]
[INFO ][02-Jul-2024 13:15:00 PM] Selenium_Wrapper.click:(205) - Clicking on :[[ChromeDriver: chrome on WINDOWS (e51362e412bf8a091f6cf3040caa7c23)] -> xpath: //div[@id='rnDialog2']//button[@type='button']]
[INFO ][02-Jul-2024 13:15:10 PM] Selenium_Wrapper.click:(205) - Clicking on :[[ChromeDriver: chrome on WINDOWS (e51362e412bf8a091f6cf3040caa7c23)] -> class name: knowledge]
[INFO ][02-Jul-2024 13:15:15 PM] Selenium_Wrapper.click:(205) - Clicking on :[[ChromeDriver: chrome on WINDOWS (e51362e412bf8a091f6cf3040caa7c23)] -> xpath: //div[@class='dropdown']]
[INFO ][02-Jul-2024 13:15:20 PM] Selenium_Wrapper.click:(205) - Clicking on :[[ChromeDriver: chrome on WINDOWS (e51362e412bf8a091f6cf3040caa7c23)] -> xpath: //a[text()='My Feedback']]
[INFO ][02-Jul-2024 13:15:21 PM] Selenium_Wrapper.enterText:(317) - Entering Text :Badge Protocol in WebElement :[[ChromeDriver: chrome on WINDOWS (e51362e412bf8a091f6cf3040caa7c23)] -> xpath: //input[@placeholder='Search Your Feedback Report']]
[INFO ][02-Jul-2024 13:15:32 PM] Selenium_Wrapper.click:(205) - Clicking on :[[ChromeDriver: chrome on WINDOWS (e51362e412bf8a091f6cf3040caa7c23)] -> xpath: //div[@class='rn_SearchInput1 mt-3']//span[@class='btn-srch-icon']//i[@class='fa fa-search']]
[INFO ][02-Jul-2024 13:15:58 PM] Selenium_Wrapper.click:(205) - Clicking on :[[ChromeDriver: chrome on WINDOWS (e51362e412bf8a091f6cf3040caa7c23)] -> xpath: (//tbody[@class='yui3-datatable-data']//a)[1]]
[INFO ][02-Jul-2024 13:16:30 PM] Selenium_Wrapper.click:(205) - Clicking on :[[ChromeDriver: chrome on WINDOWS (e51362e412bf8a091f6cf3040caa7c23)] -> class name: knowledge]
[INFO ][02-Jul-2024 13:16:36 PM] Selenium_Wrapper.closeCurrentBrowser:(657) - Closing the current Browser
[INFO ][02-Jul-2024 13:16:40 PM] Selenium_Wrapper.openBrowser:(54) - Opening chrome browser.
[INFO ][02-Jul-2024 13:16:49 PM] Selenium_Wrapper.enterURL:(88) - Entering url :https://macu1--tst1.custhelp.com/AgentWeb/
[INFO ][02-Jul-2024 13:16:53 PM] Selenium_Wrapper.enterText:(317) - Entering Text :automation_testing in WebElement :[[ChromeDriver: chrome on WINDOWS (7470bfd2bbfbf328d8f307796200dcd4)] -> id: username]
[INFO ][02-Jul-2024 13:16:54 PM] Selenium_Wrapper.enterText:(317) - Entering Text :Welcome123 in WebElement :[[ChromeDriver: chrome on WINDOWS (7470bfd2bbfbf328d8f307796200dcd4)] -> id: password]
[INFO ][02-Jul-2024 13:17:04 PM] Selenium_Wrapper.click:(205) - Clicking on :[[ChromeDriver: chrome on WINDOWS (7470bfd2bbfbf328d8f307796200dcd4)] -> id: loginbutton]
[INFO ][02-Jul-2024 13:17:41 PM] Selenium_Wrapper.click:(205) - Clicking on :[[ChromeDriver: chrome on WINDOWS (7470bfd2bbfbf328d8f307796200dcd4)] -> id: navigationSetBtn]
[INFO ][02-Jul-2024 13:17:43 PM] Selenium_Wrapper.click:(205) - Clicking on :[[ChromeDriver: chrome on WINDOWS (7470bfd2bbfbf328d8f307796200dcd4)] -> xpath: //div[text()='Analytics']]
[INFO ][02-Jul-2024 13:17:46 PM] Selenium_Wrapper.click:(205) - Clicking on :[[ChromeDriver: chrome on WINDOWS (7470bfd2bbfbf328d8f307796200dcd4)] -> xpath: //span[text()='Reports Explorer']]
[INFO ][02-Jul-2024 13:17:48 PM] Selenium_Wrapper.click:(205) - Clicking on :[[ChromeDriver: chrome on WINDOWS (7470bfd2bbfbf328d8f307796200dcd4)] -> xpath: //div[text()='Public Reports']]
[INFO ][02-Jul-2024 13:17:50 PM] Selenium_Wrapper.click:(205) - Clicking on :[[ChromeDriver: chrome on WINDOWS (7470bfd2bbfbf328d8f307796200dcd4)] -> xpath: //div[text()='MACU CUSTOM REPORTS']]
[INFO ][02-Jul-2024 13:17:53 PM] Selenium_Wrapper.click:(205) - Clicking on :[[ChromeDriver: chrome on WINDOWS (7470bfd2bbfbf328d8f307796200dcd4)] -> xpath: //div[text()='SoftClouds']]
[INFO ][02-Jul-2024 13:17:55 PM] Selenium_Wrapper.click:(205) - Clicking on :[[ChromeDriver: chrome on WINDOWS (7470bfd2bbfbf328d8f307796200dcd4)] -> xpath: //div[text()='OKCS']]
[INFO ][02-Jul-2024 13:18:07 PM] Selenium_Wrapper.doubleClick:(286) - Double clicking on :[[ChromeDriver: chrome on WINDOWS (7470bfd2bbfbf328d8f307796200dcd4)] -> xpath: //div[@class='explorer-right-panel']//div[@class='explorer-data-grid']//span[text()='Feedback Admin Report']]
[INFO ][02-Jul-2024 13:18:21 PM] Selenium_Wrapper.click:(205) - Clicking on :[[ChromeDriver: chrome on WINDOWS (7470bfd2bbfbf328d8f307796200dcd4)] -> xpath: //div[@class='container wsx-flex']//div[@class='analyticsTopSection']//div[@class='select-box-root select-box-display-text-active']]
[INFO ][02-Jul-2024 13:18:23 PM] Selenium_Wrapper.click:(205) - Clicking on :[[ChromeDriver: chrome on WINDOWS (7470bfd2bbfbf328d8f307796200dcd4)] -> xpath: (//span[text()='Search'])[2]]
[INFO ][02-Jul-2024 13:18:33 PM] Selenium_Wrapper.doubleClick:(286) - Double clicking on :[[ChromeDriver: chrome on WINDOWS (7470bfd2bbfbf328d8f307796200dcd4)] -> xpath: //div[@class='container wsx-flex']//div[contains(@column-id,'2')][1]]
[INFO ][02-Jul-2024 13:18:44 PM] Selenium_Wrapper.click:(205) - Clicking on :[[ChromeDriver: chrome on WINDOWS (7470bfd2bbfbf328d8f307796200dcd4)] -> xpath: //span[text()='Messages']]
[INFO ][02-Jul-2024 13:18:46 PM] Selenium_Wrapper.click:(205) - Clicking on :[[ChromeDriver: chrome on WINDOWS (7470bfd2bbfbf328d8f307796200dcd4)] -> xpath: //div[contains(@class,'cke_wysiwyg_div ')]]
[INFO ][02-Jul-2024 13:18:47 PM] Selenium_Wrapper.enterText:(317) - Entering Text :It is working as per Expected in WebElement :[[ChromeDriver: chrome on WINDOWS (7470bfd2bbfbf328d8f307796200dcd4)] -> xpath: //div[contains(@class,'cke_wysiwyg_div ')]]
[INFO ][02-Jul-2024 13:18:50 PM] Selenium_Wrapper.click:(205) - Clicking on :[[ChromeDriver: chrome on WINDOWS (7470bfd2bbfbf328d8f307796200dcd4)] -> xpath: //div[@class='ws-toolbar-button-image bui-icon save-icon fa-lg']]
[INFO ][02-Jul-2024 13:18:52 PM] Selenium_Wrapper.click:(205) - Clicking on :[[ChromeDriver: chrome on WINDOWS (7470bfd2bbfbf328d8f307796200dcd4)] -> xpath: //span[text()='Summary']]
[INFO ][02-Jul-2024 13:18:59 PM] Selenium_Wrapper.clickUsingActions:(255) - Clicking on :[[ChromeDriver: chrome on WINDOWS (7470bfd2bbfbf328d8f307796200dcd4)] -> xpath: (//div[text()='Waiting'])[2]]
[INFO ][02-Jul-2024 13:19:04 PM] Selenium_Wrapper.click:(205) - Clicking on :[[ChromeDriver: chrome on WINDOWS (7470bfd2bbfbf328d8f307796200dcd4)] -> xpath: (//div[@title='Solved'])[1]]
[INFO ][02-Jul-2024 13:19:08 PM] Selenium_Wrapper.click:(205) - Clicking on :[[ChromeDriver: chrome on WINDOWS (7470bfd2bbfbf328d8f307796200dcd4)] -> xpath: //div[@class='ws-toolbar-button-image bui-icon save-icon fa-lg']]
[INFO ][02-Jul-2024 13:19:14 PM] Selenium_Wrapper.click:(205) - Clicking on :[[ChromeDriver: chrome on WINDOWS (7470bfd2bbfbf328d8f307796200dcd4)] -> xpath: (//a[@class='closeButton'])[3]]
[INFO ][02-Jul-2024 13:19:19 PM] Selenium_Wrapper.click:(205) - Clicking on :[[ChromeDriver: chrome on WINDOWS (7470bfd2bbfbf328d8f307796200dcd4)] -> xpath: (//a[@class='closeButton'])[2]]
[INFO ][02-Jul-2024 13:19:23 PM] Selenium_Wrapper.click:(205) - Clicking on :[[ChromeDriver: chrome on WINDOWS (7470bfd2bbfbf328d8f307796200dcd4)] -> xpath: (//a[@class='closeButton'])[1]]
[INFO ][02-Jul-2024 13:19:35 PM] Selenium_Wrapper.click:(205) - Clicking on :[[ChromeDriver: chrome on WINDOWS (7470bfd2bbfbf328d8f307796200dcd4)] -> xpath: //body//oj-avatar[@initials='[[userMenuLabel]]']]
[INFO ][02-Jul-2024 13:19:39 PM] Selenium_Wrapper.click:(205) - Clicking on :[[ChromeDriver: chrome on WINDOWS (7470bfd2bbfbf328d8f307796200dcd4)] -> xpath: //a//span[text()='Sign Out']]
[INFO ][02-Jul-2024 13:19:48 PM] Selenium_Wrapper.click:(205) - Clicking on :[[ChromeDriver: chrome on WINDOWS (7470bfd2bbfbf328d8f307796200dcd4)] -> xpath: //a[text()='Click here']]
[INFO ][02-Jul-2024 13:19:51 PM] Selenium_Wrapper.closeCurrentBrowser:(657) - Closing the current Browser
