[INFO ][08-Aug-2024 13:19:56 PM] Selenium_Wrapper.openBrowser:(54) - Opening chrome browser.
[INFO ][08-Aug-2024 13:20:02 PM] Selenium_Wrapper.enterURL:(88) - Entering url :https://macu1--tst1.custhelp.com/AgentWeb/
[INFO ][08-Aug-2024 13:20:06 PM] Selenium_Wrapper.enterText:(317) - Entering Text :automation_testing in WebElement :[[ChromeDriver: chrome on WINDOWS (ed6e78f065e7a80cef0363ca17c356ff)] -> id: username]
[INFO ][08-Aug-2024 13:20:07 PM] Selenium_Wrapper.enterText:(317) - Entering Text :Welcome123 in WebElement :[[ChromeDriver: chrome on WINDOWS (ed6e78f065e7a80cef0363ca17c356ff)] -> id: password]
[INFO ][08-Aug-2024 13:20:24 PM] Selenium_Wrapper.click:(205) - Clicking on :[[ChromeDriver: chrome on WINDOWS (ed6e78f065e7a80cef0363ca17c356ff)] -> id: loginbutton]
[INFO ][08-Aug-2024 13:20:56 PM] Selenium_Wrapper.click:(205) - Clicking on :[[ChromeDriver: chrome on WINDOWS (ed6e78f065e7a80cef0363ca17c356ff)] -> id: navigationSetBtn]
[INFO ][08-Aug-2024 13:21:01 PM] Selenium_Wrapper.click:(205) - Clicking on :[[ChromeDriver: chrome on WINDOWS (ed6e78f065e7a80cef0363ca17c356ff)] -> xpath: //div[@automationid='Configuration']]
[INFO ][08-Aug-2024 13:21:03 PM] Selenium_Wrapper.click:(205) - Clicking on :[[ChromeDriver: chrome on WINDOWS (ed6e78f065e7a80cef0363ca17c356ff)] -> xpath: //div[text()='Service']]
[INFO ][08-Aug-2024 13:21:05 PM] Selenium_Wrapper.click:(205) - Clicking on :[[ChromeDriver: chrome on WINDOWS (ed6e78f065e7a80cef0363ca17c356ff)] -> xpath: //div[text()='Knowledge Advanced']]
[INFO ][08-Aug-2024 13:21:08 PM] Selenium_Wrapper.click:(205) - Clicking on :[[ChromeDriver: chrome on WINDOWS (ed6e78f065e7a80cef0363ca17c356ff)] -> xpath: //span[text()='Authoring']]
[INFO ][08-Aug-2024 13:21:19 PM] Selenium_Wrapper.click:(205) - Clicking on :[[ChromeDriver: chrome on WINDOWS (ed6e78f065e7a80cef0363ca17c356ff)] -> xpath: //div[@id='rntab']//ul//li[@testidentifier='MainNavBar_Content']//a]
[INFO ][08-Aug-2024 13:21:25 PM] Selenium_Wrapper.click:(205) - Clicking on :[[ChromeDriver: chrome on WINDOWS (ed6e78f065e7a80cef0363ca17c356ff)] -> xpath: //div[text()='Process']//following-sibling::a[@testidentifier='ContentNavBar_List_Process']]
[INFO ][08-Aug-2024 13:21:30 PM] Selenium_Wrapper.click:(205) - Clicking on :[[ChromeDriver: chrome on WINDOWS (ed6e78f065e7a80cef0363ca17c356ff)] -> xpath: //select[@testidentifier='ContentSearchResults_DocumentClassPulldown']]
[INFO ][08-Aug-2024 13:21:33 PM] Selenium_Wrapper.click:(205) - Clicking on :[[ChromeDriver: chrome on WINDOWS (ed6e78f065e7a80cef0363ca17c356ff)] -> xpath: //select[@testidentifier='ContentSearchResults_DocumentClassPulldown']//option[text()='All Documents']]
[INFO ][08-Aug-2024 13:21:40 PM] Selenium_Wrapper.click:(205) - Clicking on :[[ChromeDriver: chrome on WINDOWS (ed6e78f065e7a80cef0363ca17c356ff)] -> xpath: (//a[text()='TestingArticle'])[1]]
[INFO ][08-Aug-2024 13:21:48 PM] Selenium_Wrapper.click:(205) - Clicking on :[[ChromeDriver: chrome on WINDOWS (ed6e78f065e7a80cef0363ca17c356ff)] -> xpath: //a[text()='Edit Document']]
[INFO ][08-Aug-2024 13:22:00 PM] Selenium_Wrapper.enterText:(317) - Entering Text :TestingArticle - Edited in WebElement :[[ChromeDriver: chrome on WINDOWS (ed6e78f065e7a80cef0363ca17c356ff)] -> xpath: //input[@testidentifier='Content_ContentType_Add_SUMMARY']]
[INFO ][08-Aug-2024 13:22:05 PM] Selenium_Wrapper.enterText:(317) - Entering Text :Some Important Updates in WebElement :[[ChromeDriver: chrome on WINDOWS (ed6e78f065e7a80cef0363ca17c356ff)] -> xpath: //textarea[@class='editfields']]
[INFO ][08-Aug-2024 13:22:08 PM] Selenium_Wrapper.click:(205) - Clicking on :[[ChromeDriver: chrome on WINDOWS (ed6e78f065e7a80cef0363ca17c356ff)] -> xpath: //a[text()='Save and Continue Editing']]
[INFO ][08-Aug-2024 13:22:16 PM] Selenium_Wrapper.enterText:(317) - Entering Text :Criticals - Edited in WebElement :[[ChromeDriver: chrome on WINDOWS (ed6e78f065e7a80cef0363ca17c356ff)] -> xpath: //input[@testidentifier='Content_ContentType_Add_KEYWORD']]
[INFO ][08-Aug-2024 13:22:22 PM] Selenium_Wrapper.enterText:(317) - Entering Text :Some Important Updates in WebElement :[[ChromeDriver: chrome on WINDOWS (ed6e78f065e7a80cef0363ca17c356ff)] -> xpath: //textarea[@class='editfields']]
[INFO ][08-Aug-2024 13:22:24 PM] Selenium_Wrapper.click:(205) - Clicking on :[[ChromeDriver: chrome on WINDOWS (ed6e78f065e7a80cef0363ca17c356ff)] -> xpath: //a[text()='Save Document']]
[INFO ][08-Aug-2024 13:22:31 PM] Selenium_Wrapper.click:(205) - Clicking on :[[ChromeDriver: chrome on WINDOWS (ed6e78f065e7a80cef0363ca17c356ff)] -> xpath: //a[text()='Bypass Workflow/Publish']]
[INFO ][08-Aug-2024 13:22:39 PM] Selenium_Wrapper.click:(205) - Clicking on :[[ChromeDriver: chrome on WINDOWS (ed6e78f065e7a80cef0363ca17c356ff)] -> xpath: (//a[text()='Done'])[1]]
[INFO ][08-Aug-2024 13:22:46 PM] Selenium_Wrapper.click:(205) - Clicking on :[[ChromeDriver: chrome on WINDOWS (ed6e78f065e7a80cef0363ca17c356ff)] -> xpath: //a[@class='closeButton']]
[INFO ][08-Aug-2024 13:22:51 PM] Selenium_Wrapper.click:(205) - Clicking on :[[ChromeDriver: chrome on WINDOWS (ed6e78f065e7a80cef0363ca17c356ff)] -> xpath: //body//oj-avatar[@initials='[[userMenuLabel]]']]
[INFO ][08-Aug-2024 13:22:56 PM] Selenium_Wrapper.click:(205) - Clicking on :[[ChromeDriver: chrome on WINDOWS (ed6e78f065e7a80cef0363ca17c356ff)] -> xpath: //a//span[text()='Sign Out']]
[INFO ][08-Aug-2024 13:23:01 PM] Selenium_Wrapper.closeCurrentBrowser:(657) - Closing the current Browser
[INFO ][08-Aug-2024 13:23:02 PM] Selenium_Wrapper.openBrowser:(54) - Opening chrome browser.
[INFO ][08-Aug-2024 13:23:10 PM] Selenium_Wrapper.enterURL:(88) - Entering url :https://macu1--tst1.custhelp.com/app/home
[INFO ][08-Aug-2024 13:23:14 PM] Selenium_Wrapper.enterText:(317) - Entering Text :swamyk in WebElement :[[ChromeDriver: chrome on WINDOWS (962ae0f425ce82957f0ddd38e64ffa62)] -> id: rn_LoginForm_2_Username]
[INFO ][08-Aug-2024 13:23:15 PM] Selenium_Wrapper.enterText:(317) - Entering Text :Soft@123 in WebElement :[[ChromeDriver: chrome on WINDOWS (962ae0f425ce82957f0ddd38e64ffa62)] -> id: rn_LoginForm_2_Password]
[INFO ][08-Aug-2024 13:23:20 PM] Selenium_Wrapper.click:(205) - Clicking on :[[ChromeDriver: chrome on WINDOWS (962ae0f425ce82957f0ddd38e64ffa62)] -> id: rn_LoginForm_2_Submit]
[INFO ][08-Aug-2024 13:23:47 PM] Selenium_Wrapper.closeCurrentBrowser:(657) - Closing the current Browser
