[INFO ][24-Feb-2023 13:18:59 PM] Selenium_Wrapper.openBrowser:(48) - Opening chrome browser.
[INFO ][24-Feb-2023 13:19:06 PM] Selenium_Wrapper.enterURL:(82) - Entering url :https://macu1--upgrade.custhelp.com/
[INFO ][24-Feb-2023 13:19:10 PM] Selenium_Wrapper.enterText:(311) - Entering Text :automation_testing in WebElement :[[ChromeDriver: chrome on WINDOWS (9e842485ffaa6baf001f06cd25f5450f)] -> id: rn_LoginForm_2_Username]
[INFO ][24-Feb-2023 13:19:11 PM] Selenium_Wrapper.enterText:(311) - Entering Text :Soft@123 in WebElement :[[ChromeDriver: chrome on WINDOWS (9e842485ffaa6baf001f06cd25f5450f)] -> id: rn_LoginForm_2_Password]
[INFO ][24-Feb-2023 13:19:18 PM] Selenium_Wrapper.click:(199) - Clicking on :[[ChromeDriver: chrome on WINDOWS (9e842485ffaa6baf001f06cd25f5450f)] -> id: rn_LoginForm_2_Submit]
[INFO ][24-Feb-2023 13:19:27 PM] Selenium_Wrapper.click:(199) - Clicking on :[[ChromeDriver: chrome on WINDOWS (9e842485ffaa6baf001f06cd25f5450f)] -> xpath: //input[@type='search']]
[INFO ][24-Feb-2023 13:19:29 PM] Selenium_Wrapper.enterText:(311) - Entering Text :Business Auto Loan in WebElement :[[ChromeDriver: chrome on WINDOWS (9e842485ffaa6baf001f06cd25f5450f)] -> xpath: //input[@type='search']]
[INFO ][24-Feb-2023 13:19:44 PM] Selenium_Wrapper.click:(199) - Clicking on :[[ChromeDriver: chrome on WINDOWS (9e842485ffaa6baf001f06cd25f5450f)] -> xpath: //ul[@aria-label='Suggested Search']//li[normalize-space()= 'Business Auto Loan' ]]
[INFO ][24-Feb-2023 13:19:51 PM] Selenium_Wrapper.click:(199) - Clicking on :[[ChromeDriver: chrome on WINDOWS (9e842485ffaa6baf001f06cd25f5450f)] -> xpath: //div[@class='rn_SearchResultContent']//a[text()='Business Auto Loan']]
[INFO ][24-Feb-2023 13:20:10 PM] Selenium_Wrapper.click:(199) - Clicking on :[[ChromeDriver: chrome on WINDOWS (9e842485ffaa6baf001f06cd25f5450f)] -> xpath: //div[@class='main_image_div']//div[@class='thumbs_up_down'][2]]
[INFO ][24-Feb-2023 13:20:21 PM] Selenium_Wrapper.click:(199) - Clicking on :[[ChromeDriver: chrome on WINDOWS (9e842485ffaa6baf001f06cd25f5450f)] -> id: rn_AnswerRating_3_22_FeedbackMessage]
[INFO ][24-Feb-2023 13:20:22 PM] Selenium_Wrapper.enterText:(311) - Entering Text :Flexible Work - ThumbDown Comments in WebElement :[[ChromeDriver: chrome on WINDOWS (9e842485ffaa6baf001f06cd25f5450f)] -> id: rn_AnswerRating_3_22_FeedbackMessage]
[INFO ][24-Feb-2023 13:20:27 PM] Selenium_Wrapper.click:(199) - Clicking on :[[ChromeDriver: chrome on WINDOWS (9e842485ffaa6baf001f06cd25f5450f)] -> xpath: //button[text()='SUBMIT']]
[INFO ][24-Feb-2023 13:20:33 PM] Selenium_Wrapper.click:(199) - Clicking on :[[ChromeDriver: chrome on WINDOWS (9e842485ffaa6baf001f06cd25f5450f)] -> xpath: //button[@class='yui3-button yui3-button-close']]
[INFO ][24-Feb-2023 13:20:43 PM] Selenium_Wrapper.click:(199) - Clicking on :[[ChromeDriver: chrome on WINDOWS (9e842485ffaa6baf001f06cd25f5450f)] -> xpath: //div[@class='dropdown']]
[INFO ][24-Feb-2023 13:20:53 PM] Selenium_Wrapper.click:(199) - Clicking on :[[ChromeDriver: chrome on WINDOWS (9e842485ffaa6baf001f06cd25f5450f)] -> xpath: //a[text()='My Feedback']]
[INFO ][24-Feb-2023 13:21:19 PM] Selenium_Wrapper.click:(199) - Clicking on :[[ChromeDriver: chrome on WINDOWS (9e842485ffaa6baf001f06cd25f5450f)] -> xpath: ((//table//tbody)[2]//a)[1]]
[INFO ][24-Feb-2023 13:21:52 PM] Selenium_Wrapper.click:(199) - Clicking on :[[ChromeDriver: chrome on WINDOWS (9e842485ffaa6baf001f06cd25f5450f)] -> class name: knowledge]
[INFO ][24-Feb-2023 13:21:55 PM] Selenium_Wrapper.closeCurrentBrowser:(651) - Closing the current Browser
[INFO ][24-Feb-2023 13:21:56 PM] Selenium_Wrapper.openBrowser:(48) - Opening chrome browser.
[INFO ][24-Feb-2023 13:22:00 PM] Selenium_Wrapper.enterURL:(82) - Entering url :https://macu1--upgrade.custhelp.com/AgentWeb/
[INFO ][24-Feb-2023 13:22:04 PM] Selenium_Wrapper.enterText:(311) - Entering Text :automation_testing in WebElement :[[ChromeDriver: chrome on WINDOWS (0657433b55f77290b4fe377baf926407)] -> id: username]
[INFO ][24-Feb-2023 13:22:05 PM] Selenium_Wrapper.enterText:(311) - Entering Text :Welcome123 in WebElement :[[ChromeDriver: chrome on WINDOWS (0657433b55f77290b4fe377baf926407)] -> id: password]
[INFO ][24-Feb-2023 13:22:21 PM] Selenium_Wrapper.click:(199) - Clicking on :[[ChromeDriver: chrome on WINDOWS (0657433b55f77290b4fe377baf926407)] -> id: loginbutton]
[ERROR][24-Feb-2023 13:22:41 PM] ThumbsDownFeedBack.testNavigateToThumbsDownFeedBackReportFlow:(128) - Navigate To ThumbsDown FeedBack Report Test is un-successfull
[ERROR][24-Feb-2023 13:22:46 PM] ThumbsDownFeedBack.testSelectingandGivingAnswerstoReportFlow:(265) - Selecting and Giving Answers to Report Test  is  un-successfull
[INFO ][24-Feb-2023 13:22:56 PM] Selenium_Wrapper.click:(199) - Clicking on :[[ChromeDriver: chrome on WINDOWS (0657433b55f77290b4fe377baf926407)] -> xpath: //body//oj-avatar[@initials='[[userMenuLabel]]']]
[INFO ][24-Feb-2023 13:23:06 PM] Selenium_Wrapper.click:(199) - Clicking on :[[ChromeDriver: chrome on WINDOWS (0657433b55f77290b4fe377baf926407)] -> xpath: //a//span[text()='Sign Out']]
[INFO ][24-Feb-2023 13:23:11 PM] Selenium_Wrapper.closeCurrentBrowser:(651) - Closing the current Browser
