[INFO ][04-Apr-2024 13:10:20 PM] Selenium_Wrapper.openBrowser:(54) - Opening chrome browser.
[INFO ][04-Apr-2024 13:10:27 PM] Selenium_Wrapper.enterURL:(88) - Entering url :https://macu1--tst1.custhelp.com/app/home
[INFO ][04-Apr-2024 13:10:32 PM] Selenium_Wrapper.enterText:(317) - Entering Text :swamyk in WebElement :[[ChromeDriver: chrome on WINDOWS (bccc61698ae469aba40e6b48de813a7b)] -> id: rn_LoginForm_2_Username]
[INFO ][04-Apr-2024 13:10:33 PM] Selenium_Wrapper.enterText:(317) - Entering Text :Soft@123 in WebElement :[[ChromeDriver: chrome on WINDOWS (bccc61698ae469aba40e6b48de813a7b)] -> id: rn_LoginForm_2_Password]
[INFO ][04-Apr-2024 13:10:37 PM] Selenium_Wrapper.click:(205) - Clicking on :[[ChromeDriver: chrome on WINDOWS (bccc61698ae469aba40e6b48de813a7b)] -> id: rn_LoginForm_2_Submit]
[INFO ][04-Apr-2024 13:10:43 PM] Selenium_Wrapper.click:(205) - Clicking on :[[ChromeDriver: chrome on WINDOWS (bccc61698ae469aba40e6b48de813a7b)] -> xpath: //input[@type='search']]
[INFO ][04-Apr-2024 13:10:44 PM] Selenium_Wrapper.enterText:(317) - Entering Text :Business Use Auto Loan in WebElement :[[ChromeDriver: chrome on WINDOWS (bccc61698ae469aba40e6b48de813a7b)] -> xpath: //input[@type='search']]
[INFO ][04-Apr-2024 13:10:55 PM] Selenium_Wrapper.click:(205) - Clicking on :[[ChromeDriver: chrome on WINDOWS (bccc61698ae469aba40e6b48de813a7b)] -> xpath: (//div[@class='yui3-aclist-content']//li//li)[1]]
[INFO ][04-Apr-2024 13:10:59 PM] Selenium_Wrapper.click:(205) - Clicking on :[[ChromeDriver: chrome on WINDOWS (bccc61698ae469aba40e6b48de813a7b)] -> xpath: (//div[@class='rn_SearchResultContent']//a)[1]]
[INFO ][04-Apr-2024 13:11:05 PM] Selenium_Wrapper.click:(205) - Clicking on :[[ChromeDriver: chrome on WINDOWS (bccc61698ae469aba40e6b48de813a7b)] -> xpath: //div[@class='main_image_div']//div[@class='thumbs_up_down'][1]]
[ERROR][04-Apr-2024 13:11:09 PM] ThumbsDownFeedBack.testFeedbackPage:(63) - Request Updates, Comments, Thumbs Up & Down Test is un-successfull
[INFO ][04-Apr-2024 13:11:13 PM] Selenium_Wrapper.click:(205) - Clicking on :[[ChromeDriver: chrome on WINDOWS (bccc61698ae469aba40e6b48de813a7b)] -> xpath: //div[@class='dropdown']]
[INFO ][04-Apr-2024 13:11:18 PM] Selenium_Wrapper.click:(205) - Clicking on :[[ChromeDriver: chrome on WINDOWS (bccc61698ae469aba40e6b48de813a7b)] -> xpath: //a[text()='My Feedback']]
[INFO ][04-Apr-2024 13:11:40 PM] Selenium_Wrapper.click:(205) - Clicking on :[[ChromeDriver: chrome on WINDOWS (bccc61698ae469aba40e6b48de813a7b)] -> xpath: ((//table//tbody)[2]//a)[1]]
[ERROR][04-Apr-2024 13:11:51 PM] Selenium_Wrapper.highlightWebElement:(423) - org.openqa.selenium.NoSuchElementException: no such element: Unable to locate element: {"method":"xpath","selector":"//li//div[normalize-space()='Unresolved']"}
  (Session info: chrome=123.0.6312.88)
For documentation on this error, please visit: https://www.seleniumhq.org/exceptions/no_such_element.html
Build info: version: '3.141.59', revision: 'e82be7d358', time: '2018-11-14T08:17:03'
System info: host: 'SC-CAF-IN-CND84', ip: '192.168.0.5', os.name: 'Windows 10', os.arch: 'amd64', os.version: '10.0', java.version: '21.0.2'
Driver info: org.openqa.selenium.chrome.ChromeDriver
Capabilities {acceptInsecureCerts: false, browserName: chrome, browserVersion: 123.0.6312.88, chrome: {chromedriverVersion: 123.0.6312.58 (6b4b19e9dfbb..., userDataDir: C:\Users\SWAMYK~1\AppData\L...}, fedcm:accounts: true, goog:chromeOptions: {debuggerAddress: localhost:50554}, javascriptEnabled: true, networkConnectionEnabled: false, pageLoadStrategy: normal, platform: WINDOWS, platformName: WINDOWS, proxy: Proxy(), setWindowRect: true, strictFileInteractability: false, timeouts: {implicit: 0, pageLoad: 300000, script: 30000}, unhandledPromptBehavior: dismiss and notify, webauthn:extension:credBlob: true, webauthn:extension:largeBlob: true, webauthn:extension:minPinLength: true, webauthn:extension:prf: true, webauthn:virtualAuthenticators: true}
Session ID: bccc61698ae469aba40e6b48de813a7b
*** Element info: {Using=xpath, value=//li//div[normalize-space()='Unresolved']}
[INFO ][04-Apr-2024 13:12:02 PM] Selenium_Wrapper.click:(205) - Clicking on :[[ChromeDriver: chrome on WINDOWS (bccc61698ae469aba40e6b48de813a7b)] -> class name: knowledge]
[INFO ][04-Apr-2024 13:12:04 PM] Selenium_Wrapper.closeCurrentBrowser:(657) - Closing the current Browser
[INFO ][04-Apr-2024 13:12:08 PM] Selenium_Wrapper.openBrowser:(54) - Opening chrome browser.
[INFO ][04-Apr-2024 13:12:11 PM] Selenium_Wrapper.enterURL:(88) - Entering url :https://macu1--tst1.custhelp.com/AgentWeb/
[INFO ][04-Apr-2024 13:12:15 PM] Selenium_Wrapper.enterText:(317) - Entering Text :automation_testing in WebElement :[[ChromeDriver: chrome on WINDOWS (27738f6d7ba4aed3152f4e9d9d873aa3)] -> id: username]
[INFO ][04-Apr-2024 13:12:17 PM] Selenium_Wrapper.enterText:(317) - Entering Text :Welcome123 in WebElement :[[ChromeDriver: chrome on WINDOWS (27738f6d7ba4aed3152f4e9d9d873aa3)] -> id: password]
[INFO ][04-Apr-2024 13:12:29 PM] Selenium_Wrapper.click:(205) - Clicking on :[[ChromeDriver: chrome on WINDOWS (27738f6d7ba4aed3152f4e9d9d873aa3)] -> id: loginbutton]
[INFO ][04-Apr-2024 13:12:57 PM] Selenium_Wrapper.click:(205) - Clicking on :[[ChromeDriver: chrome on WINDOWS (27738f6d7ba4aed3152f4e9d9d873aa3)] -> xpath: //oj-button[@id='navigationSetBtn']]
[INFO ][04-Apr-2024 13:12:59 PM] Selenium_Wrapper.click:(205) - Clicking on :[[ChromeDriver: chrome on WINDOWS (27738f6d7ba4aed3152f4e9d9d873aa3)] -> xpath: //div[text()='Analytics']]
[INFO ][04-Apr-2024 13:13:01 PM] Selenium_Wrapper.click:(205) - Clicking on :[[ChromeDriver: chrome on WINDOWS (27738f6d7ba4aed3152f4e9d9d873aa3)] -> xpath: //span[text()='Reports Explorer']]
[INFO ][04-Apr-2024 13:13:03 PM] Selenium_Wrapper.click:(205) - Clicking on :[[ChromeDriver: chrome on WINDOWS (27738f6d7ba4aed3152f4e9d9d873aa3)] -> xpath: //div[text()='Public Reports']]
[INFO ][04-Apr-2024 13:13:06 PM] Selenium_Wrapper.click:(205) - Clicking on :[[ChromeDriver: chrome on WINDOWS (27738f6d7ba4aed3152f4e9d9d873aa3)] -> xpath: //div[text()='MACU CUSTOM REPORTS']]
[INFO ][04-Apr-2024 13:13:08 PM] Selenium_Wrapper.click:(205) - Clicking on :[[ChromeDriver: chrome on WINDOWS (27738f6d7ba4aed3152f4e9d9d873aa3)] -> xpath: //div[text()='SoftClouds']]
[INFO ][04-Apr-2024 13:13:10 PM] Selenium_Wrapper.click:(205) - Clicking on :[[ChromeDriver: chrome on WINDOWS (27738f6d7ba4aed3152f4e9d9d873aa3)] -> xpath: //div[text()='OKCS']]
[INFO ][04-Apr-2024 13:13:22 PM] Selenium_Wrapper.doubleClick:(286) - Double clicking on :[[ChromeDriver: chrome on WINDOWS (27738f6d7ba4aed3152f4e9d9d873aa3)] -> xpath: //div[@class='explorer-right-panel']//div[@class='explorer-data-grid']//span[text()='Feedback Admin Report']]
[INFO ][04-Apr-2024 13:13:35 PM] Selenium_Wrapper.click:(205) - Clicking on :[[ChromeDriver: chrome on WINDOWS (27738f6d7ba4aed3152f4e9d9d873aa3)] -> xpath: //div[@class='container wsx-flex']//div[@class='analyticsTopSection']//div[@class='select-box-root select-box-display-text-active']]
[INFO ][04-Apr-2024 13:13:37 PM] Selenium_Wrapper.click:(205) - Clicking on :[[ChromeDriver: chrome on WINDOWS (27738f6d7ba4aed3152f4e9d9d873aa3)] -> xpath: (//span[text()='Search'])[2]]
[INFO ][04-Apr-2024 13:13:46 PM] Selenium_Wrapper.doubleClick:(286) - Double clicking on :[[ChromeDriver: chrome on WINDOWS (27738f6d7ba4aed3152f4e9d9d873aa3)] -> xpath: //div[@class='container wsx-flex']//div[contains(@column-id,'2')][1]]
[INFO ][04-Apr-2024 13:13:57 PM] Selenium_Wrapper.click:(205) - Clicking on :[[ChromeDriver: chrome on WINDOWS (27738f6d7ba4aed3152f4e9d9d873aa3)] -> xpath: //span[text()='Messages']]
[INFO ][04-Apr-2024 13:13:59 PM] Selenium_Wrapper.click:(205) - Clicking on :[[ChromeDriver: chrome on WINDOWS (27738f6d7ba4aed3152f4e9d9d873aa3)] -> xpath: //div[contains(@class,'cke_wysiwyg_div ')]]
[INFO ][04-Apr-2024 13:14:00 PM] Selenium_Wrapper.enterText:(317) - Entering Text :It is working as per Expected in WebElement :[[ChromeDriver: chrome on WINDOWS (27738f6d7ba4aed3152f4e9d9d873aa3)] -> xpath: //div[contains(@class,'cke_wysiwyg_div ')]]
[INFO ][04-Apr-2024 13:14:02 PM] Selenium_Wrapper.click:(205) - Clicking on :[[ChromeDriver: chrome on WINDOWS (27738f6d7ba4aed3152f4e9d9d873aa3)] -> xpath: //div[@class='ws-toolbar-button-image bui-icon save-icon fa-lg']]
[INFO ][04-Apr-2024 13:14:04 PM] Selenium_Wrapper.click:(205) - Clicking on :[[ChromeDriver: chrome on WINDOWS (27738f6d7ba4aed3152f4e9d9d873aa3)] -> xpath: //span[text()='Summary']]
[INFO ][04-Apr-2024 13:14:11 PM] Selenium_Wrapper.clickUsingActions:(255) - Clicking on :[[ChromeDriver: chrome on WINDOWS (27738f6d7ba4aed3152f4e9d9d873aa3)] -> xpath: //div[contains(@id,'Incident_Status')][@class='display-text']]
[INFO ][04-Apr-2024 13:14:16 PM] Selenium_Wrapper.click:(205) - Clicking on :[[ChromeDriver: chrome on WINDOWS (27738f6d7ba4aed3152f4e9d9d873aa3)] -> xpath: (//div[@title='Solved'])[1]]
[INFO ][04-Apr-2024 13:14:20 PM] Selenium_Wrapper.click:(205) - Clicking on :[[ChromeDriver: chrome on WINDOWS (27738f6d7ba4aed3152f4e9d9d873aa3)] -> xpath: //div[@class='ws-toolbar-button-image bui-icon save-icon fa-lg']]
[INFO ][04-Apr-2024 13:14:26 PM] Selenium_Wrapper.click:(205) - Clicking on :[[ChromeDriver: chrome on WINDOWS (27738f6d7ba4aed3152f4e9d9d873aa3)] -> xpath: (//a[@class='closeButton'])[3]]
[INFO ][04-Apr-2024 13:14:30 PM] Selenium_Wrapper.click:(205) - Clicking on :[[ChromeDriver: chrome on WINDOWS (27738f6d7ba4aed3152f4e9d9d873aa3)] -> xpath: (//a[@class='closeButton'])[2]]
[INFO ][04-Apr-2024 13:14:34 PM] Selenium_Wrapper.click:(205) - Clicking on :[[ChromeDriver: chrome on WINDOWS (27738f6d7ba4aed3152f4e9d9d873aa3)] -> xpath: (//a[@class='closeButton'])[1]]
[INFO ][04-Apr-2024 13:14:42 PM] Selenium_Wrapper.click:(205) - Clicking on :[[ChromeDriver: chrome on WINDOWS (27738f6d7ba4aed3152f4e9d9d873aa3)] -> xpath: //body//oj-avatar[@initials='[[userMenuLabel]]']]
[INFO ][04-Apr-2024 13:14:46 PM] Selenium_Wrapper.click:(205) - Clicking on :[[ChromeDriver: chrome on WINDOWS (27738f6d7ba4aed3152f4e9d9d873aa3)] -> xpath: //a//span[text()='Sign Out']]
[INFO ][04-Apr-2024 13:14:51 PM] Selenium_Wrapper.closeCurrentBrowser:(657) - Closing the current Browser
