[INFO ][04-Apr-2024 13:15:56 PM] Selenium_Wrapper.openBrowser:(54) - Opening chrome browser.
[INFO ][04-Apr-2024 13:16:01 PM] Selenium_Wrapper.enterURL:(88) - Entering url :https://macu1--tst1.custhelp.com/app/home
[INFO ][04-Apr-2024 13:16:05 PM] Selenium_Wrapper.enterText:(317) - Entering Text :swamyk in WebElement :[[ChromeDriver: chrome on WINDOWS (5f7deee87ddbef0d12be5f85f9de44e7)] -> id: rn_LoginForm_2_Username]
[INFO ][04-Apr-2024 13:16:07 PM] Selenium_Wrapper.enterText:(317) - Entering Text :Soft@123 in WebElement :[[ChromeDriver: chrome on WINDOWS (5f7deee87ddbef0d12be5f85f9de44e7)] -> id: rn_LoginForm_2_Password]
[INFO ][04-Apr-2024 13:16:11 PM] Selenium_Wrapper.click:(205) - Clicking on :[[ChromeDriver: chrome on WINDOWS (5f7deee87ddbef0d12be5f85f9de44e7)] -> id: rn_LoginForm_2_Submit]
[INFO ][04-Apr-2024 13:16:16 PM] Selenium_Wrapper.click:(205) - Clicking on :[[ChromeDriver: chrome on WINDOWS (5f7deee87ddbef0d12be5f85f9de44e7)] -> xpath: //input[@type='search']]
[INFO ][04-Apr-2024 13:16:17 PM] Selenium_Wrapper.enterText:(317) - Entering Text :Business Use Auto Loan in WebElement :[[ChromeDriver: chrome on WINDOWS (5f7deee87ddbef0d12be5f85f9de44e7)] -> xpath: //input[@type='search']]
[INFO ][04-Apr-2024 13:16:28 PM] Selenium_Wrapper.click:(205) - Clicking on :[[ChromeDriver: chrome on WINDOWS (5f7deee87ddbef0d12be5f85f9de44e7)] -> xpath: (//div[@class='yui3-aclist-content']//li//li)[1]]
[INFO ][04-Apr-2024 13:16:32 PM] Selenium_Wrapper.click:(205) - Clicking on :[[ChromeDriver: chrome on WINDOWS (5f7deee87ddbef0d12be5f85f9de44e7)] -> xpath: (//div[@class='rn_SearchResultContent']//a)[1]]
[INFO ][04-Apr-2024 13:16:38 PM] Selenium_Wrapper.click:(205) - Clicking on :[[ChromeDriver: chrome on WINDOWS (5f7deee87ddbef0d12be5f85f9de44e7)] -> xpath: //div[@class='main_image_div']//div[@class='thumbs_up_down'][1]]
[ERROR][04-Apr-2024 13:16:42 PM] ThumbsDownFeedBack.testFeedbackPage:(63) - Request Updates, Comments, Thumbs Up & Down Test is un-successfull
[INFO ][04-Apr-2024 13:16:46 PM] Selenium_Wrapper.click:(205) - Clicking on :[[ChromeDriver: chrome on WINDOWS (5f7deee87ddbef0d12be5f85f9de44e7)] -> xpath: //div[@class='dropdown']]
[INFO ][04-Apr-2024 13:16:51 PM] Selenium_Wrapper.click:(205) - Clicking on :[[ChromeDriver: chrome on WINDOWS (5f7deee87ddbef0d12be5f85f9de44e7)] -> xpath: //a[text()='My Feedback']]
[ERROR][04-Apr-2024 13:17:06 PM] Selenium_Wrapper.highlightWebElement:(423) - org.openqa.selenium.NoSuchElementException: no such element: Unable to locate element: {"method":"xpath","selector":"//td[normalize-space()='UNRESOLVED']"}
  (Session info: chrome=123.0.6312.88)
For documentation on this error, please visit: https://www.seleniumhq.org/exceptions/no_such_element.html
Build info: version: '3.141.59', revision: 'e82be7d358', time: '2018-11-14T08:17:03'
System info: host: 'SC-CAF-IN-CND84', ip: '192.168.0.5', os.name: 'Windows 10', os.arch: 'amd64', os.version: '10.0', java.version: '21.0.2'
Driver info: org.openqa.selenium.chrome.ChromeDriver
Capabilities {acceptInsecureCerts: false, browserName: chrome, browserVersion: 123.0.6312.88, chrome: {chromedriverVersion: 123.0.6312.58 (6b4b19e9dfbb..., userDataDir: C:\Users\SWAMYK~1\AppData\L...}, fedcm:accounts: true, goog:chromeOptions: {debuggerAddress: localhost:51346}, javascriptEnabled: true, networkConnectionEnabled: false, pageLoadStrategy: normal, platform: WINDOWS, platformName: WINDOWS, proxy: Proxy(), setWindowRect: true, strictFileInteractability: false, timeouts: {implicit: 0, pageLoad: 300000, script: 30000}, unhandledPromptBehavior: dismiss and notify, webauthn:extension:credBlob: true, webauthn:extension:largeBlob: true, webauthn:extension:minPinLength: true, webauthn:extension:prf: true, webauthn:virtualAuthenticators: true}
Session ID: 5f7deee87ddbef0d12be5f85f9de44e7
*** Element info: {Using=xpath, value=//td[normalize-space()='UNRESOLVED']}
[ERROR][04-Apr-2024 13:17:06 PM] ThumbsDownFeedBack.testMyFeedbackStatus:(98) - My Feedback Article Status in CP Test is un-successfull
[INFO ][04-Apr-2024 13:17:10 PM] Selenium_Wrapper.openBrowser:(54) - Opening chrome browser.
[INFO ][04-Apr-2024 13:17:13 PM] Selenium_Wrapper.enterURL:(88) - Entering url :https://macu1--tst1.custhelp.com/AgentWeb/
[ERROR][04-Apr-2024 13:17:17 PM] MACU_Wrapper.signIntoBUI:(37) - Error in the loginin process
[ERROR][04-Apr-2024 13:17:44 PM] ThumbsDownFeedBack.testNavigateToThumbsDownFeedBackReportFlow:(120) - Navigate To ThumbsDown FeedBack Report Test is un-successfull
[ERROR][04-Apr-2024 13:17:47 PM] Selenium_Wrapper.highlightWebElement:(423) - org.openqa.selenium.NoSuchWindowException: no such window: target window already closed
from unknown error: web view not found
  (Session info: chrome=123.0.6312.88)
Build info: version: '3.141.59', revision: 'e82be7d358', time: '2018-11-14T08:17:03'
System info: host: 'SC-CAF-IN-CND84', ip: '192.168.0.5', os.name: 'Windows 10', os.arch: 'amd64', os.version: '10.0', java.version: '21.0.2'
Driver info: org.openqa.selenium.chrome.ChromeDriver
Capabilities {acceptInsecureCerts: false, browserName: chrome, browserVersion: 123.0.6312.88, chrome: {chromedriverVersion: 123.0.6312.58 (6b4b19e9dfbb..., userDataDir: C:\Users\SWAMYK~1\AppData\L...}, fedcm:accounts: true, goog:chromeOptions: {debuggerAddress: localhost:51503}, javascriptEnabled: true, networkConnectionEnabled: false, pageLoadStrategy: normal, platform: WINDOWS, platformName: WINDOWS, proxy: Proxy(), setWindowRect: true, strictFileInteractability: false, timeouts: {implicit: 0, pageLoad: 300000, script: 30000}, unhandledPromptBehavior: dismiss and notify, webauthn:extension:credBlob: true, webauthn:extension:largeBlob: true, webauthn:extension:minPinLength: true, webauthn:extension:prf: true, webauthn:virtualAuthenticators: true}
Session ID: 3e9e42d60f2a718761c569d39afb6e6a
*** Element info: {Using=xpath, value=//div[@class='explorer-right-panel']//div[@class='explorer-data-grid']//span[text()='Feedback Admin Report']}
[ERROR][04-Apr-2024 13:17:47 PM] Selenium_Wrapper.doubleClick:(279) - org.openqa.selenium.NoSuchWindowException: no such window: target window already closed
from unknown error: web view not found
  (Session info: chrome=123.0.6312.88)
Build info: version: '3.141.59', revision: 'e82be7d358', time: '2018-11-14T08:17:03'
System info: host: 'SC-CAF-IN-CND84', ip: '192.168.0.5', os.name: 'Windows 10', os.arch: 'amd64', os.version: '10.0', java.version: '21.0.2'
Driver info: org.openqa.selenium.chrome.ChromeDriver
Capabilities {acceptInsecureCerts: false, browserName: chrome, browserVersion: 123.0.6312.88, chrome: {chromedriverVersion: 123.0.6312.58 (6b4b19e9dfbb..., userDataDir: C:\Users\SWAMYK~1\AppData\L...}, fedcm:accounts: true, goog:chromeOptions: {debuggerAddress: localhost:51503}, javascriptEnabled: true, networkConnectionEnabled: false, pageLoadStrategy: normal, platform: WINDOWS, platformName: WINDOWS, proxy: Proxy(), setWindowRect: true, strictFileInteractability: false, timeouts: {implicit: 0, pageLoad: 300000, script: 30000}, unhandledPromptBehavior: dismiss and notify, webauthn:extension:credBlob: true, webauthn:extension:largeBlob: true, webauthn:extension:minPinLength: true, webauthn:extension:prf: true, webauthn:virtualAuthenticators: true}
Session ID: 3e9e42d60f2a718761c569d39afb6e6a
*** Element info: {Using=xpath, value=//div[@class='explorer-right-panel']//div[@class='explorer-data-grid']//span[text()='Feedback Admin Report']}
[ERROR][04-Apr-2024 13:17:47 PM] ThumbsDownFeedBack.testSelectingandGivingAnswerstoReportFlow:(173) - Selecting and Giving Answers to Report Test  is  un-successfull
[ERROR][04-Apr-2024 13:17:54 PM] ThumbsDownFeedBack.testBUISignout:(189) - Logout/SignOut un-successfull
