[INFO ][28-Jul-2023 13:19:37 pm] Selenium_Wrapper.openBrowser:(48) - Opening chrome browser.
[INFO ][28-Jul-2023 13:19:40 pm] Selenium_Wrapper.enterURL:(82) - Entering url :https://macu1--tst1.custhelp.com/AgentWeb/
[INFO ][28-Jul-2023 13:19:45 pm] Selenium_Wrapper.enterText:(311) - Entering Text :automation_testing in WebElement :[[ChromeDriver: chrome on WINDOWS (306e548fcba3277b8d4736bc2fd8560d)] -> id: username]
[INFO ][28-Jul-2023 13:19:46 pm] Selenium_Wrapper.enterText:(311) - Entering Text :Welcome123 in WebElement :[[ChromeDriver: chrome on WINDOWS (306e548fcba3277b8d4736bc2fd8560d)] -> id: password]
[INFO ][28-Jul-2023 13:20:21 pm] Selenium_Wrapper.click:(199) - Clicking on :[[ChromeDriver: chrome on WINDOWS (306e548fcba3277b8d4736bc2fd8560d)] -> id: loginbutton]
[INFO ][28-Jul-2023 13:20:41 pm] Selenium_Wrapper.click:(199) - Clicking on :[[ChromeDriver: chrome on WINDOWS (306e548fcba3277b8d4736bc2fd8560d)] -> xpath: //oj-button[@id='navigationSetBtn']]
[INFO ][28-Jul-2023 13:20:46 pm] Selenium_Wrapper.click:(199) - Clicking on :[[ChromeDriver: chrome on WINDOWS (306e548fcba3277b8d4736bc2fd8560d)] -> xpath: (//div[text()='Analytics']//a)]
[INFO ][28-Jul-2023 13:20:52 pm] Selenium_Wrapper.click:(199) - Clicking on :[[ChromeDriver: chrome on WINDOWS (306e548fcba3277b8d4736bc2fd8560d)] -> xpath: //span[text()='Reports Explorer']]
[INFO ][28-Jul-2023 13:20:57 pm] Selenium_Wrapper.click:(199) - Clicking on :[[ChromeDriver: chrome on WINDOWS (306e548fcba3277b8d4736bc2fd8560d)] -> xpath: //div[text()='Public Reports']]
[INFO ][28-Jul-2023 13:21:03 pm] Selenium_Wrapper.click:(199) - Clicking on :[[ChromeDriver: chrome on WINDOWS (306e548fcba3277b8d4736bc2fd8560d)] -> xpath: //div[text()='MACU CUSTOM REPORTS']]
[INFO ][28-Jul-2023 13:21:08 pm] Selenium_Wrapper.click:(199) - Clicking on :[[ChromeDriver: chrome on WINDOWS (306e548fcba3277b8d4736bc2fd8560d)] -> xpath: //div[text()='SoftClouds']]
[INFO ][28-Jul-2023 13:21:14 pm] Selenium_Wrapper.click:(199) - Clicking on :[[ChromeDriver: chrome on WINDOWS (306e548fcba3277b8d4736bc2fd8560d)] -> xpath: //div[text()='OKCS']]
[ERROR][28-Jul-2023 13:21:26 pm] ThumbsUpAndThumbsDownFeedback.testSelectingandVerifyingFlow:(167) - Selecting and Verifying Test is un-successfull
[INFO ][28-Jul-2023 13:21:36 pm] Selenium_Wrapper.click:(199) - Clicking on :[[ChromeDriver: chrome on WINDOWS (306e548fcba3277b8d4736bc2fd8560d)] -> xpath: //body//oj-avatar[@initials='[[userMenuLabel]]']]
[ERROR][28-Jul-2023 13:23:24 pm] Selenium_Wrapper.getWebElement:(124) - org.openqa.selenium.TimeoutException: Expected condition failed: waiting for visibility of [[ChromeDriver: chrome on WINDOWS (306e548fcba3277b8d4736bc2fd8560d)] -> xpath: //a//span[text()='Sign Out']] (tried for 100 second(s) with 500 milliseconds interval)
Build info: version: '3.141.59', revision: 'e82be7d358', time: '2018-11-14T08:17:03'
System info: host: 'CAF-QA-SWAMYK', ip: '192.168.0.6', os.name: 'Windows 10', os.arch: 'amd64', os.version: '10.0', java.version: '17.0.5'
Driver info: org.openqa.selenium.chrome.ChromeDriver
Capabilities {acceptInsecureCerts: false, browserName: chrome, browserVersion: 115.0.5790.110, chrome: {chromedriverVersion: 114.0.5735.90 (386bc09e8f4f..., userDataDir: C:\Users\swamyk\AppData\Loc...}, goog:chromeOptions: {debuggerAddress: localhost:53555}, javascriptEnabled: true, networkConnectionEnabled: false, pageLoadStrategy: normal, platform: WINDOWS, platformName: WINDOWS, proxy: Proxy(), setWindowRect: true, strictFileInteractability: false, timeouts: {implicit: 0, pageLoad: 300000, script: 30000}, unhandledPromptBehavior: dismiss and notify, webauthn:extension:credBlob: true, webauthn:extension:largeBlob: true, webauthn:extension:minPinLength: true, webauthn:extension:prf: true, webauthn:virtualAuthenticators: true}
Session ID: 306e548fcba3277b8d4736bc2fd8560d
[ERROR][28-Jul-2023 13:23:24 pm] ThumbsUpAndThumbsDownFeedback.testSignout:(184) - Logout/SignOut un-successfull
