[INFO ][08-Aug-2024 13:17:49 PM] Selenium_Wrapper.openBrowser:(54) - Opening chrome browser.
[INFO ][08-Aug-2024 13:17:52 PM] Selenium_Wrapper.enterURL:(88) - Entering url :https://macu1--tst1.custhelp.com/AgentWeb/
[INFO ][08-Aug-2024 13:17:56 PM] Selenium_Wrapper.enterText:(317) - Entering Text :automation_testing in WebElement :[[ChromeDriver: chrome on WINDOWS (62a4a8ac6669219a6557cfb1f54083f5)] -> id: username]
[INFO ][08-Aug-2024 13:17:58 PM] Selenium_Wrapper.enterText:(317) - Entering Text :Welcome123 in WebElement :[[ChromeDriver: chrome on WINDOWS (62a4a8ac6669219a6557cfb1f54083f5)] -> id: password]
[INFO ][08-Aug-2024 13:18:06 PM] Selenium_Wrapper.click:(205) - Clicking on :[[ChromeDriver: chrome on WINDOWS (62a4a8ac6669219a6557cfb1f54083f5)] -> id: loginbutton]
[ERROR][08-Aug-2024 13:18:18 PM] ModifyArticleFlow.testNavigateToArticleFlow:(38) - Navigate To Article un-successfull
[ERROR][08-Aug-2024 13:18:18 PM] ModifyArticleFlow.testEditArticleFlow:(93) - Edit Article  un-successfull
[INFO ][08-Aug-2024 13:18:19 PM] Selenium_Wrapper.openBrowser:(54) - Opening chrome browser.
[INFO ][08-Aug-2024 13:18:24 PM] Selenium_Wrapper.enterURL:(88) - Entering url :https://macu1--tst1.custhelp.com/app/home
[INFO ][08-Aug-2024 13:18:28 PM] Selenium_Wrapper.enterText:(317) - Entering Text :swamyk in WebElement :[[ChromeDriver: chrome on WINDOWS (05baa07876e0c3b7c7ad49466c22bc25)] -> id: rn_LoginForm_2_Username]
[INFO ][08-Aug-2024 13:18:29 PM] Selenium_Wrapper.enterText:(317) - Entering Text :Soft@123 in WebElement :[[ChromeDriver: chrome on WINDOWS (05baa07876e0c3b7c7ad49466c22bc25)] -> id: rn_LoginForm_2_Password]
[INFO ][08-Aug-2024 13:18:33 PM] Selenium_Wrapper.click:(205) - Clicking on :[[ChromeDriver: chrome on WINDOWS (05baa07876e0c3b7c7ad49466c22bc25)] -> id: rn_LoginForm_2_Submit]
[ERROR][08-Aug-2024 13:18:55 PM] Selenium_Wrapper.highlightWebElement:(423) - org.openqa.selenium.NoSuchElementException: no such element: Unable to locate element: {"method":"xpath","selector":"//h1[@id='rn_Summary']"}
  (Session info: chrome=127.0.6533.90)
For documentation on this error, please visit: https://www.seleniumhq.org/exceptions/no_such_element.html
Build info: version: '3.141.59', revision: 'e82be7d358', time: '2018-11-14T08:17:03'
System info: host: 'SC-CAF-CND84305', ip: '192.168.1.6', os.name: 'Windows 10', os.arch: 'amd64', os.version: '10.0', java.version: '21.0.2'
Driver info: org.openqa.selenium.chrome.ChromeDriver
Capabilities {acceptInsecureCerts: false, browserName: chrome, browserVersion: 127.0.6533.90, chrome: {chromedriverVersion: 127.0.6533.72 (9755e24ca85a..., userDataDir: C:\Users\SWAMYK~1\AppData\L...}, fedcm:accounts: true, goog:chromeOptions: {debuggerAddress: localhost:61870}, javascriptEnabled: true, networkConnectionEnabled: false, pageLoadStrategy: normal, platform: WINDOWS, platformName: WINDOWS, proxy: Proxy(), setWindowRect: true, strictFileInteractability: false, timeouts: {implicit: 0, pageLoad: 300000, script: 30000}, unhandledPromptBehavior: dismiss and notify, webauthn:extension:credBlob: true, webauthn:extension:largeBlob: true, webauthn:extension:minPinLength: true, webauthn:extension:prf: true, webauthn:virtualAuthenticators: true}
Session ID: 05baa07876e0c3b7c7ad49466c22bc25
*** Element info: {Using=xpath, value=//h1[@id='rn_Summary']}
[ERROR][08-Aug-2024 13:18:55 PM] ModifyArticleFlow.testSearchanArticle:(113) - Search an Article in CP is un-successfull
[INFO ][08-Aug-2024 13:18:59 PM] Selenium_Wrapper.closeCurrentBrowser:(657) - Closing the current Browser
