[INFO ][03-Aug-2023 13:28:43 pm] Selenium_Wrapper.openBrowser:(48) - Opening chrome browser.
[INFO ][03-Aug-2023 13:28:46 pm] Selenium_Wrapper.enterURL:(82) - Entering url :https://macu1--tst1.custhelp.com/AgentWeb/
[INFO ][03-Aug-2023 13:28:50 pm] Selenium_Wrapper.enterText:(311) - Entering Text :automation_testing in WebElement :[[ChromeDriver: chrome on WINDOWS (ba2ef8c3f43b0cc9f4da489f2b82b298)] -> id: username]
[INFO ][03-Aug-2023 13:28:51 pm] Selenium_Wrapper.enterText:(311) - Entering Text :Welcome123 in WebElement :[[ChromeDriver: chrome on WINDOWS (ba2ef8c3f43b0cc9f4da489f2b82b298)] -> id: password]
[INFO ][03-Aug-2023 13:29:18 pm] Selenium_Wrapper.click:(199) - Clicking on :[[ChromeDriver: chrome on WINDOWS (ba2ef8c3f43b0cc9f4da489f2b82b298)] -> id: loginbutton]
[INFO ][03-Aug-2023 13:29:31 pm] Selenium_Wrapper.click:(199) - Clicking on :[[ChromeDriver: chrome on WINDOWS (ba2ef8c3f43b0cc9f4da489f2b82b298)] -> id: navigationSetBtn]
[INFO ][03-Aug-2023 13:29:36 pm] Selenium_Wrapper.click:(199) - Clicking on :[[ChromeDriver: chrome on WINDOWS (ba2ef8c3f43b0cc9f4da489f2b82b298)] -> xpath: //div[@automationid='Analytics']]
[INFO ][03-Aug-2023 13:29:49 pm] Selenium_Wrapper.click:(199) - Clicking on :[[ChromeDriver: chrome on WINDOWS (ba2ef8c3f43b0cc9f4da489f2b82b298)] -> xpath: //div[@automationid='Analytics_Reports Explorer']//span[text()='Reports Explorer']]
[INFO ][03-Aug-2023 13:30:05 pm] Selenium_Wrapper.click:(199) - Clicking on :[[ChromeDriver: chrome on WINDOWS (ba2ef8c3f43b0cc9f4da489f2b82b298)] -> xpath: //div[@aria-label='Public Reports'][text()='Public Reports']]
[INFO ][03-Aug-2023 13:30:10 pm] Selenium_Wrapper.click:(199) - Clicking on :[[ChromeDriver: chrome on WINDOWS (ba2ef8c3f43b0cc9f4da489f2b82b298)] -> xpath: //div[@aria-label='MACU CUSTOM REPORTS'][text()='MACU CUSTOM REPORTS']]
[INFO ][03-Aug-2023 13:30:15 pm] Selenium_Wrapper.click:(199) - Clicking on :[[ChromeDriver: chrome on WINDOWS (ba2ef8c3f43b0cc9f4da489f2b82b298)] -> xpath: //div[@aria-label='SoftClouds'][text()='SoftClouds']]
[INFO ][03-Aug-2023 13:30:21 pm] Selenium_Wrapper.click:(199) - Clicking on :[[ChromeDriver: chrome on WINDOWS (ba2ef8c3f43b0cc9f4da489f2b82b298)] -> xpath: //div[@aria-label='OKCS'][text()='OKCS'][contains(@id,'ExplorerFolderLabelAnalyticsFolder103223')]]
[ERROR][03-Aug-2023 13:30:31 pm] Selenium_Wrapper.highlightWebElement:(417) - org.openqa.selenium.NoSuchElementException: no such element: Unable to locate element: {"method":"xpath","selector":"//span[contains(@title,'Full Name')]"}
  (Session info: chrome=115.0.5790.110)
For documentation on this error, please visit: https://www.seleniumhq.org/exceptions/no_such_element.html
Build info: version: '3.141.59', revision: 'e82be7d358', time: '2018-11-14T08:17:03'
System info: host: 'CAF-QA-SWAMYK', ip: '192.168.0.6', os.name: 'Windows 10', os.arch: 'amd64', os.version: '10.0', java.version: '17.0.5'
Driver info: org.openqa.selenium.chrome.ChromeDriver
Capabilities {acceptInsecureCerts: false, browserName: chrome, browserVersion: 115.0.5790.110, chrome: {chromedriverVersion: 114.0.5735.90 (386bc09e8f4f..., userDataDir: C:\Users\swamyk\AppData\Loc...}, goog:chromeOptions: {debuggerAddress: localhost:59941}, javascriptEnabled: true, networkConnectionEnabled: false, pageLoadStrategy: normal, platform: WINDOWS, platformName: WINDOWS, proxy: Proxy(), setWindowRect: true, strictFileInteractability: false, timeouts: {implicit: 0, pageLoad: 300000, script: 30000}, unhandledPromptBehavior: dismiss and notify, webauthn:extension:credBlob: true, webauthn:extension:largeBlob: true, webauthn:extension:minPinLength: true, webauthn:extension:prf: true, webauthn:virtualAuthenticators: true}
Session ID: ba2ef8c3f43b0cc9f4da489f2b82b298
*** Element info: {Using=xpath, value=//span[contains(@title,'Full Name')]}
[ERROR][03-Aug-2023 13:30:42 pm] ActionsDashboardReport.testVisitorActionsDashboard:(134) - Select Actions Report in BUI Test is un-successfull
[INFO ][03-Aug-2023 13:30:50 pm] Selenium_Wrapper.click:(199) - Clicking on :[[ChromeDriver: chrome on WINDOWS (ba2ef8c3f43b0cc9f4da489f2b82b298)] -> xpath: //body//oj-avatar[@initials='[[userMenuLabel]]']]
