[INFO ][04-Apr-2024 13:21:29 PM] Selenium_Wrapper.openBrowser:(54) - Opening chrome browser.
[INFO ][04-Apr-2024 13:21:36 PM] Selenium_Wrapper.enterURL:(88) - Entering url :https://macu1--tst1.custhelp.com/app/home
[INFO ][04-Apr-2024 13:21:40 PM] Selenium_Wrapper.enterText:(317) - Entering Text :swamyk in WebElement :[[ChromeDriver: chrome on WINDOWS (db7fa2c271c677a6383ca5c0fa283810)] -> id: rn_LoginForm_2_Username]
[INFO ][04-Apr-2024 13:21:41 PM] Selenium_Wrapper.enterText:(317) - Entering Text :Soft@123 in WebElement :[[ChromeDriver: chrome on WINDOWS (db7fa2c271c677a6383ca5c0fa283810)] -> id: rn_LoginForm_2_Password]
[INFO ][04-Apr-2024 13:21:45 PM] Selenium_Wrapper.click:(205) - Clicking on :[[ChromeDriver: chrome on WINDOWS (db7fa2c271c677a6383ca5c0fa283810)] -> id: rn_LoginForm_2_Submit]
[INFO ][04-Apr-2024 13:21:50 PM] Selenium_Wrapper.click:(205) - Clicking on :[[ChromeDriver: chrome on WINDOWS (db7fa2c271c677a6383ca5c0fa283810)] -> xpath: //input[@type='search']]
[INFO ][04-Apr-2024 13:21:52 PM] Selenium_Wrapper.enterText:(317) - Entering Text :Business Use Auto Loan in WebElement :[[ChromeDriver: chrome on WINDOWS (db7fa2c271c677a6383ca5c0fa283810)] -> xpath: //input[@type='search']]
[INFO ][04-Apr-2024 13:22:02 PM] Selenium_Wrapper.click:(205) - Clicking on :[[ChromeDriver: chrome on WINDOWS (db7fa2c271c677a6383ca5c0fa283810)] -> xpath: (//div[@class='yui3-aclist-content']//li//li)[1]]
[INFO ][04-Apr-2024 13:22:06 PM] Selenium_Wrapper.click:(205) - Clicking on :[[ChromeDriver: chrome on WINDOWS (db7fa2c271c677a6383ca5c0fa283810)] -> xpath: (//div[@class='rn_SearchResultContent']//a)[1]]
[INFO ][04-Apr-2024 13:22:14 PM] Selenium_Wrapper.click:(205) - Clicking on :[[ChromeDriver: chrome on WINDOWS (db7fa2c271c677a6383ca5c0fa283810)] -> xpath: //div[@class='main_image_div']//div[@class='thumbs_up_down'][2]]
[INFO ][04-Apr-2024 13:22:23 PM] Selenium_Wrapper.click:(205) - Clicking on :[[ChromeDriver: chrome on WINDOWS (db7fa2c271c677a6383ca5c0fa283810)] -> xpath: //button[@class='rn_RecommendContentButton p-0']]
[INFO ][04-Apr-2024 13:22:24 PM] Selenium_Wrapper.enterText:(317) - Entering Text :Flexible Work - ThumbDown Comments in WebElement :[[ChromeDriver: chrome on WINDOWS (db7fa2c271c677a6383ca5c0fa283810)] -> id: rn_RequestUpdate_25_Description]
[INFO ][04-Apr-2024 13:22:26 PM] Selenium_Wrapper.click:(205) - Clicking on :[[ChromeDriver: chrome on WINDOWS (db7fa2c271c677a6383ca5c0fa283810)] -> xpath: //button[text()='Submit']]
[INFO ][04-Apr-2024 13:22:28 PM] Selenium_Wrapper.click:(205) - Clicking on :[[ChromeDriver: chrome on WINDOWS (db7fa2c271c677a6383ca5c0fa283810)] -> xpath: (//button[@class='yui3-button yui3-button-close'])[2]]
[INFO ][04-Apr-2024 13:22:32 PM] Selenium_Wrapper.click:(205) - Clicking on :[[ChromeDriver: chrome on WINDOWS (db7fa2c271c677a6383ca5c0fa283810)] -> xpath: //div[@class='dropdown']]
[INFO ][04-Apr-2024 13:22:38 PM] Selenium_Wrapper.click:(205) - Clicking on :[[ChromeDriver: chrome on WINDOWS (db7fa2c271c677a6383ca5c0fa283810)] -> xpath: //a[text()='My Feedback']]
[INFO ][04-Apr-2024 13:23:01 PM] Selenium_Wrapper.click:(205) - Clicking on :[[ChromeDriver: chrome on WINDOWS (db7fa2c271c677a6383ca5c0fa283810)] -> xpath: ((//table//tbody)[2]//a)[1]]
[INFO ][04-Apr-2024 13:23:26 PM] Selenium_Wrapper.click:(205) - Clicking on :[[ChromeDriver: chrome on WINDOWS (db7fa2c271c677a6383ca5c0fa283810)] -> class name: knowledge]
[INFO ][04-Apr-2024 13:23:28 PM] Selenium_Wrapper.closeCurrentBrowser:(657) - Closing the current Browser
[INFO ][04-Apr-2024 13:23:33 PM] Selenium_Wrapper.openBrowser:(54) - Opening chrome browser.
[INFO ][04-Apr-2024 13:23:36 PM] Selenium_Wrapper.enterURL:(88) - Entering url :https://macu1--tst1.custhelp.com/AgentWeb/
[INFO ][04-Apr-2024 13:23:40 PM] Selenium_Wrapper.enterText:(317) - Entering Text :automation_testing in WebElement :[[ChromeDriver: chrome on WINDOWS (08ccddcb0f9341df0664d1c96a53cea4)] -> id: username]
[INFO ][04-Apr-2024 13:23:41 PM] Selenium_Wrapper.enterText:(317) - Entering Text :Welcome123 in WebElement :[[ChromeDriver: chrome on WINDOWS (08ccddcb0f9341df0664d1c96a53cea4)] -> id: password]
[INFO ][04-Apr-2024 13:23:49 PM] Selenium_Wrapper.click:(205) - Clicking on :[[ChromeDriver: chrome on WINDOWS (08ccddcb0f9341df0664d1c96a53cea4)] -> id: loginbutton]
[INFO ][04-Apr-2024 13:24:17 PM] Selenium_Wrapper.click:(205) - Clicking on :[[ChromeDriver: chrome on WINDOWS (08ccddcb0f9341df0664d1c96a53cea4)] -> xpath: //oj-button[@id='navigationSetBtn']]
[INFO ][04-Apr-2024 13:24:19 PM] Selenium_Wrapper.click:(205) - Clicking on :[[ChromeDriver: chrome on WINDOWS (08ccddcb0f9341df0664d1c96a53cea4)] -> xpath: //div[text()='Analytics']]
[INFO ][04-Apr-2024 13:24:21 PM] Selenium_Wrapper.click:(205) - Clicking on :[[ChromeDriver: chrome on WINDOWS (08ccddcb0f9341df0664d1c96a53cea4)] -> xpath: //span[text()='Reports Explorer']]
[INFO ][04-Apr-2024 13:24:23 PM] Selenium_Wrapper.click:(205) - Clicking on :[[ChromeDriver: chrome on WINDOWS (08ccddcb0f9341df0664d1c96a53cea4)] -> xpath: //div[text()='Public Reports']]
[INFO ][04-Apr-2024 13:24:25 PM] Selenium_Wrapper.click:(205) - Clicking on :[[ChromeDriver: chrome on WINDOWS (08ccddcb0f9341df0664d1c96a53cea4)] -> xpath: //div[text()='MACU CUSTOM REPORTS']]
[INFO ][04-Apr-2024 13:24:28 PM] Selenium_Wrapper.click:(205) - Clicking on :[[ChromeDriver: chrome on WINDOWS (08ccddcb0f9341df0664d1c96a53cea4)] -> xpath: //div[text()='SoftClouds']]
[INFO ][04-Apr-2024 13:24:30 PM] Selenium_Wrapper.click:(205) - Clicking on :[[ChromeDriver: chrome on WINDOWS (08ccddcb0f9341df0664d1c96a53cea4)] -> xpath: //div[text()='OKCS']]
[INFO ][04-Apr-2024 13:24:42 PM] Selenium_Wrapper.doubleClick:(286) - Double clicking on :[[ChromeDriver: chrome on WINDOWS (08ccddcb0f9341df0664d1c96a53cea4)] -> xpath: //div[@class='explorer-right-panel']//div[@class='explorer-data-grid']//span[text()='Feedback Admin Report']]
[INFO ][04-Apr-2024 13:24:54 PM] Selenium_Wrapper.click:(205) - Clicking on :[[ChromeDriver: chrome on WINDOWS (08ccddcb0f9341df0664d1c96a53cea4)] -> xpath: //div[@class='container wsx-flex']//div[@class='analyticsTopSection']//div[@class='select-box-root select-box-display-text-active']]
[INFO ][04-Apr-2024 13:24:57 PM] Selenium_Wrapper.click:(205) - Clicking on :[[ChromeDriver: chrome on WINDOWS (08ccddcb0f9341df0664d1c96a53cea4)] -> xpath: (//span[text()='Search'])[2]]
[INFO ][04-Apr-2024 13:25:06 PM] Selenium_Wrapper.doubleClick:(286) - Double clicking on :[[ChromeDriver: chrome on WINDOWS (08ccddcb0f9341df0664d1c96a53cea4)] -> xpath: //div[@class='container wsx-flex']//div[contains(@column-id,'2')][1]]
[INFO ][04-Apr-2024 13:25:17 PM] Selenium_Wrapper.click:(205) - Clicking on :[[ChromeDriver: chrome on WINDOWS (08ccddcb0f9341df0664d1c96a53cea4)] -> xpath: //span[text()='Messages']]
[INFO ][04-Apr-2024 13:25:19 PM] Selenium_Wrapper.click:(205) - Clicking on :[[ChromeDriver: chrome on WINDOWS (08ccddcb0f9341df0664d1c96a53cea4)] -> xpath: //div[contains(@class,'cke_wysiwyg_div ')]]
[INFO ][04-Apr-2024 13:25:20 PM] Selenium_Wrapper.enterText:(317) - Entering Text :It is working as per Expected in WebElement :[[ChromeDriver: chrome on WINDOWS (08ccddcb0f9341df0664d1c96a53cea4)] -> xpath: //div[contains(@class,'cke_wysiwyg_div ')]]
[INFO ][04-Apr-2024 13:25:22 PM] Selenium_Wrapper.click:(205) - Clicking on :[[ChromeDriver: chrome on WINDOWS (08ccddcb0f9341df0664d1c96a53cea4)] -> xpath: //div[@class='ws-toolbar-button-image bui-icon save-icon fa-lg']]
[INFO ][04-Apr-2024 13:25:24 PM] Selenium_Wrapper.click:(205) - Clicking on :[[ChromeDriver: chrome on WINDOWS (08ccddcb0f9341df0664d1c96a53cea4)] -> xpath: //span[text()='Summary']]
[INFO ][04-Apr-2024 13:25:31 PM] Selenium_Wrapper.clickUsingActions:(255) - Clicking on :[[ChromeDriver: chrome on WINDOWS (08ccddcb0f9341df0664d1c96a53cea4)] -> xpath: //div[contains(@id,'Incident_Status')][@class='display-text']]
[INFO ][04-Apr-2024 13:25:35 PM] Selenium_Wrapper.click:(205) - Clicking on :[[ChromeDriver: chrome on WINDOWS (08ccddcb0f9341df0664d1c96a53cea4)] -> xpath: (//div[@title='Solved'])[1]]
[INFO ][04-Apr-2024 13:25:40 PM] Selenium_Wrapper.click:(205) - Clicking on :[[ChromeDriver: chrome on WINDOWS (08ccddcb0f9341df0664d1c96a53cea4)] -> xpath: //div[@class='ws-toolbar-button-image bui-icon save-icon fa-lg']]
[INFO ][04-Apr-2024 13:25:46 PM] Selenium_Wrapper.click:(205) - Clicking on :[[ChromeDriver: chrome on WINDOWS (08ccddcb0f9341df0664d1c96a53cea4)] -> xpath: (//a[@class='closeButton'])[3]]
[INFO ][04-Apr-2024 13:25:50 PM] Selenium_Wrapper.click:(205) - Clicking on :[[ChromeDriver: chrome on WINDOWS (08ccddcb0f9341df0664d1c96a53cea4)] -> xpath: (//a[@class='closeButton'])[2]]
[INFO ][04-Apr-2024 13:25:54 PM] Selenium_Wrapper.click:(205) - Clicking on :[[ChromeDriver: chrome on WINDOWS (08ccddcb0f9341df0664d1c96a53cea4)] -> xpath: (//a[@class='closeButton'])[1]]
[INFO ][04-Apr-2024 13:26:01 PM] Selenium_Wrapper.click:(205) - Clicking on :[[ChromeDriver: chrome on WINDOWS (08ccddcb0f9341df0664d1c96a53cea4)] -> xpath: //body//oj-avatar[@initials='[[userMenuLabel]]']]
[INFO ][04-Apr-2024 13:26:05 PM] Selenium_Wrapper.click:(205) - Clicking on :[[ChromeDriver: chrome on WINDOWS (08ccddcb0f9341df0664d1c96a53cea4)] -> xpath: //a//span[text()='Sign Out']]
[INFO ][04-Apr-2024 13:26:11 PM] Selenium_Wrapper.closeCurrentBrowser:(657) - Closing the current Browser
