[INFO ][05-Jun-2024 13:26:21 PM] Selenium_Wrapper.openBrowser:(54) - Opening chrome browser.
[INFO ][05-Jun-2024 13:26:28 PM] Selenium_Wrapper.enterURL:(88) - Entering url :https://macu1--tst1.custhelp.com/app/home
[INFO ][05-Jun-2024 13:26:33 PM] Selenium_Wrapper.enterText:(317) - Entering Text :swamyk in WebElement :[[ChromeDriver: chrome on WINDOWS (4195a7c9e9890e34a24068489d4602a0)] -> id: rn_LoginForm_2_Username]
[INFO ][05-Jun-2024 13:26:34 PM] Selenium_Wrapper.enterText:(317) - Entering Text :Soft@123 in WebElement :[[ChromeDriver: chrome on WINDOWS (4195a7c9e9890e34a24068489d4602a0)] -> id: rn_LoginForm_2_Password]
[INFO ][05-Jun-2024 13:26:38 PM] Selenium_Wrapper.click:(205) - Clicking on :[[ChromeDriver: chrome on WINDOWS (4195a7c9e9890e34a24068489d4602a0)] -> id: rn_LoginForm_2_Submit]
[INFO ][05-Jun-2024 13:26:45 PM] Selenium_Wrapper.click:(205) - Clicking on :[[ChromeDriver: chrome on WINDOWS (4195a7c9e9890e34a24068489d4602a0)] -> xpath: //input[@type='search']]
[INFO ][05-Jun-2024 13:26:46 PM] Selenium_Wrapper.enterText:(317) - Entering Text :Business Use Auto Loan in WebElement :[[ChromeDriver: chrome on WINDOWS (4195a7c9e9890e34a24068489d4602a0)] -> xpath: //input[@type='search']]
[INFO ][05-Jun-2024 13:26:57 PM] Selenium_Wrapper.click:(205) - Clicking on :[[ChromeDriver: chrome on WINDOWS (4195a7c9e9890e34a24068489d4602a0)] -> xpath: (//div[@class='yui3-aclist-content']//li//li)[1]]
[INFO ][05-Jun-2024 13:27:01 PM] Selenium_Wrapper.click:(205) - Clicking on :[[ChromeDriver: chrome on WINDOWS (4195a7c9e9890e34a24068489d4602a0)] -> xpath: (//div[@class='rn_SearchResultContent']//a)[1]]
[INFO ][05-Jun-2024 13:27:20 PM] Selenium_Wrapper.click:(205) - Clicking on :[[ChromeDriver: chrome on WINDOWS (4195a7c9e9890e34a24068489d4602a0)] -> xpath: //div[@class='main_image_div']//div[@class='thumbs_up_down'][2]]
[INFO ][05-Jun-2024 13:27:28 PM] Selenium_Wrapper.click:(205) - Clicking on :[[ChromeDriver: chrome on WINDOWS (4195a7c9e9890e34a24068489d4602a0)] -> xpath: //textarea[@class='rn_DocumentTextArea']]
[INFO ][05-Jun-2024 13:27:29 PM] Selenium_Wrapper.enterText:(317) - Entering Text :Flexible Work - ThumbDown Comments in WebElement :[[ChromeDriver: chrome on WINDOWS (4195a7c9e9890e34a24068489d4602a0)] -> xpath: //textarea[@class='rn_DocumentTextArea']]
[INFO ][05-Jun-2024 13:27:32 PM] Selenium_Wrapper.click:(205) - Clicking on :[[ChromeDriver: chrome on WINDOWS (4195a7c9e9890e34a24068489d4602a0)] -> xpath: //button[text()='SUBMIT']]
[INFO ][05-Jun-2024 13:27:34 PM] Selenium_Wrapper.click:(205) - Clicking on :[[ChromeDriver: chrome on WINDOWS (4195a7c9e9890e34a24068489d4602a0)] -> xpath: //button[@class='yui3-button yui3-button-close']]
[INFO ][05-Jun-2024 13:27:38 PM] Selenium_Wrapper.click:(205) - Clicking on :[[ChromeDriver: chrome on WINDOWS (4195a7c9e9890e34a24068489d4602a0)] -> xpath: //div[@class='dropdown']]
[INFO ][05-Jun-2024 13:27:44 PM] Selenium_Wrapper.click:(205) - Clicking on :[[ChromeDriver: chrome on WINDOWS (4195a7c9e9890e34a24068489d4602a0)] -> xpath: //a[text()='My Feedback']]
[INFO ][05-Jun-2024 13:28:07 PM] Selenium_Wrapper.click:(205) - Clicking on :[[ChromeDriver: chrome on WINDOWS (4195a7c9e9890e34a24068489d4602a0)] -> xpath: ((//table//tbody)[2]//a)[1]]
[INFO ][05-Jun-2024 13:28:34 PM] Selenium_Wrapper.click:(205) - Clicking on :[[ChromeDriver: chrome on WINDOWS (4195a7c9e9890e34a24068489d4602a0)] -> class name: knowledge]
[INFO ][05-Jun-2024 13:28:36 PM] Selenium_Wrapper.closeCurrentBrowser:(657) - Closing the current Browser
[INFO ][05-Jun-2024 13:28:37 PM] Selenium_Wrapper.openBrowser:(54) - Opening chrome browser.
[INFO ][05-Jun-2024 13:28:46 PM] Selenium_Wrapper.enterURL:(88) - Entering url :https://macu1--tst1.custhelp.com/AgentWeb/
[INFO ][05-Jun-2024 13:28:50 PM] Selenium_Wrapper.enterText:(317) - Entering Text :automation_testing in WebElement :[[ChromeDriver: chrome on WINDOWS (ec9be8fed295f16538857ea473bd4c1f)] -> id: username]
[INFO ][05-Jun-2024 13:28:52 PM] Selenium_Wrapper.enterText:(317) - Entering Text :Welcome123 in WebElement :[[ChromeDriver: chrome on WINDOWS (ec9be8fed295f16538857ea473bd4c1f)] -> id: password]
[INFO ][05-Jun-2024 13:29:00 PM] Selenium_Wrapper.click:(205) - Clicking on :[[ChromeDriver: chrome on WINDOWS (ec9be8fed295f16538857ea473bd4c1f)] -> id: loginbutton]
[INFO ][05-Jun-2024 13:29:52 PM] Selenium_Wrapper.click:(205) - Clicking on :[[ChromeDriver: chrome on WINDOWS (ec9be8fed295f16538857ea473bd4c1f)] -> id: navigationSetBtn]
[INFO ][05-Jun-2024 13:29:56 PM] Selenium_Wrapper.click:(205) - Clicking on :[[ChromeDriver: chrome on WINDOWS (ec9be8fed295f16538857ea473bd4c1f)] -> xpath: //div[text()='Analytics']]
[INFO ][05-Jun-2024 13:29:59 PM] Selenium_Wrapper.click:(205) - Clicking on :[[ChromeDriver: chrome on WINDOWS (ec9be8fed295f16538857ea473bd4c1f)] -> xpath: //span[text()='Reports Explorer']]
[INFO ][05-Jun-2024 13:30:03 PM] Selenium_Wrapper.click:(205) - Clicking on :[[ChromeDriver: chrome on WINDOWS (ec9be8fed295f16538857ea473bd4c1f)] -> xpath: //div[text()='Public Reports']]
[INFO ][05-Jun-2024 13:30:05 PM] Selenium_Wrapper.click:(205) - Clicking on :[[ChromeDriver: chrome on WINDOWS (ec9be8fed295f16538857ea473bd4c1f)] -> xpath: //div[text()='MACU CUSTOM REPORTS']]
[INFO ][05-Jun-2024 13:30:08 PM] Selenium_Wrapper.click:(205) - Clicking on :[[ChromeDriver: chrome on WINDOWS (ec9be8fed295f16538857ea473bd4c1f)] -> xpath: //div[text()='SoftClouds']]
[INFO ][05-Jun-2024 13:30:10 PM] Selenium_Wrapper.click:(205) - Clicking on :[[ChromeDriver: chrome on WINDOWS (ec9be8fed295f16538857ea473bd4c1f)] -> xpath: //div[text()='OKCS']]
[INFO ][05-Jun-2024 13:30:12 PM] Selenium_Wrapper.click:(205) - Clicking on :[[ChromeDriver: chrome on WINDOWS (ec9be8fed295f16538857ea473bd4c1f)] -> xpath: //div[text()='Archived Reports']]
[INFO ][05-Jun-2024 13:30:24 PM] Selenium_Wrapper.doubleClick:(286) - Double clicking on :[[ChromeDriver: chrome on WINDOWS (ec9be8fed295f16538857ea473bd4c1f)] -> xpath: //div[@class='explorer-right-panel']//div[@class='explorer-data-grid']//span[text()='Feedback Admin Report (old)']]
[INFO ][05-Jun-2024 13:30:37 PM] Selenium_Wrapper.click:(205) - Clicking on :[[ChromeDriver: chrome on WINDOWS (ec9be8fed295f16538857ea473bd4c1f)] -> xpath: //div[@class='container wsx-flex']//div[@class='analyticsTopSection']//div[@class='select-box-root select-box-display-text-active']]
[INFO ][05-Jun-2024 13:30:39 PM] Selenium_Wrapper.click:(205) - Clicking on :[[ChromeDriver: chrome on WINDOWS (ec9be8fed295f16538857ea473bd4c1f)] -> xpath: (//span[text()='Search'])[2]]
[INFO ][05-Jun-2024 13:30:48 PM] Selenium_Wrapper.doubleClick:(286) - Double clicking on :[[ChromeDriver: chrome on WINDOWS (ec9be8fed295f16538857ea473bd4c1f)] -> xpath: //div[@class='container wsx-flex']//div[contains(@column-id,'2')][1]]
[INFO ][05-Jun-2024 13:31:05 PM] Selenium_Wrapper.click:(205) - Clicking on :[[ChromeDriver: chrome on WINDOWS (ec9be8fed295f16538857ea473bd4c1f)] -> xpath: //span[text()='Messages']]
[INFO ][05-Jun-2024 13:31:07 PM] Selenium_Wrapper.click:(205) - Clicking on :[[ChromeDriver: chrome on WINDOWS (ec9be8fed295f16538857ea473bd4c1f)] -> xpath: //div[contains(@class,'cke_wysiwyg_div ')]]
[INFO ][05-Jun-2024 13:31:08 PM] Selenium_Wrapper.enterText:(317) - Entering Text :It is working as per Expected in WebElement :[[ChromeDriver: chrome on WINDOWS (ec9be8fed295f16538857ea473bd4c1f)] -> xpath: //div[contains(@class,'cke_wysiwyg_div ')]]
[INFO ][05-Jun-2024 13:31:11 PM] Selenium_Wrapper.click:(205) - Clicking on :[[ChromeDriver: chrome on WINDOWS (ec9be8fed295f16538857ea473bd4c1f)] -> xpath: //div[@class='ws-toolbar-button-image bui-icon save-icon fa-lg']]
[INFO ][05-Jun-2024 13:31:13 PM] Selenium_Wrapper.click:(205) - Clicking on :[[ChromeDriver: chrome on WINDOWS (ec9be8fed295f16538857ea473bd4c1f)] -> xpath: //span[text()='Summary']]
[INFO ][05-Jun-2024 13:31:20 PM] Selenium_Wrapper.clickUsingActions:(255) - Clicking on :[[ChromeDriver: chrome on WINDOWS (ec9be8fed295f16538857ea473bd4c1f)] -> xpath: (//div[text()='Waiting'])[2]]
[INFO ][05-Jun-2024 13:31:24 PM] Selenium_Wrapper.click:(205) - Clicking on :[[ChromeDriver: chrome on WINDOWS (ec9be8fed295f16538857ea473bd4c1f)] -> xpath: (//div[@title='Solved'])[1]]
[INFO ][05-Jun-2024 13:31:28 PM] Selenium_Wrapper.click:(205) - Clicking on :[[ChromeDriver: chrome on WINDOWS (ec9be8fed295f16538857ea473bd4c1f)] -> xpath: //div[@class='ws-toolbar-button-image bui-icon save-icon fa-lg']]
[INFO ][05-Jun-2024 13:31:34 PM] Selenium_Wrapper.click:(205) - Clicking on :[[ChromeDriver: chrome on WINDOWS (ec9be8fed295f16538857ea473bd4c1f)] -> xpath: (//a[@class='closeButton'])[3]]
[INFO ][05-Jun-2024 13:31:38 PM] Selenium_Wrapper.click:(205) - Clicking on :[[ChromeDriver: chrome on WINDOWS (ec9be8fed295f16538857ea473bd4c1f)] -> xpath: (//a[@class='closeButton'])[2]]
[INFO ][05-Jun-2024 13:31:43 PM] Selenium_Wrapper.click:(205) - Clicking on :[[ChromeDriver: chrome on WINDOWS (ec9be8fed295f16538857ea473bd4c1f)] -> xpath: (//a[@class='closeButton'])[1]]
[INFO ][05-Jun-2024 13:31:48 PM] Selenium_Wrapper.click:(205) - Clicking on :[[ChromeDriver: chrome on WINDOWS (ec9be8fed295f16538857ea473bd4c1f)] -> xpath: //body//oj-avatar[@initials='[[userMenuLabel]]']]
[INFO ][05-Jun-2024 13:31:52 PM] Selenium_Wrapper.click:(205) - Clicking on :[[ChromeDriver: chrome on WINDOWS (ec9be8fed295f16538857ea473bd4c1f)] -> xpath: //a//span[text()='Sign Out']]
[INFO ][05-Jun-2024 13:31:57 PM] Selenium_Wrapper.closeCurrentBrowser:(657) - Closing the current Browser
