[INFO ][02-Jul-2024 13:25:22 PM] Selenium_Wrapper.openBrowser:(54) - Opening chrome browser.
[INFO ][02-Jul-2024 13:25:28 PM] Selenium_Wrapper.enterURL:(88) - Entering url :https://macu1--tst1.custhelp.com/AgentWeb/
[INFO ][02-Jul-2024 13:25:32 PM] Selenium_Wrapper.enterText:(317) - Entering Text :automation_testing in WebElement :[[ChromeDriver: chrome on WINDOWS (1486bde39af73263c03571c5b8bdceee)] -> id: username]
[INFO ][02-Jul-2024 13:25:34 PM] Selenium_Wrapper.enterText:(317) - Entering Text :Welcome123 in WebElement :[[ChromeDriver: chrome on WINDOWS (1486bde39af73263c03571c5b8bdceee)] -> id: password]
[INFO ][02-Jul-2024 13:25:50 PM] Selenium_Wrapper.click:(205) - Clicking on :[[ChromeDriver: chrome on WINDOWS (1486bde39af73263c03571c5b8bdceee)] -> id: loginbutton]
[INFO ][02-Jul-2024 13:26:31 PM] Selenium_Wrapper.click:(205) - Clicking on :[[ChromeDriver: chrome on WINDOWS (1486bde39af73263c03571c5b8bdceee)] -> xpath: //oj-button[@id='navigationSetBtn']]
[INFO ][02-Jul-2024 13:26:38 PM] Selenium_Wrapper.click:(205) - Clicking on :[[ChromeDriver: chrome on WINDOWS (1486bde39af73263c03571c5b8bdceee)] -> xpath: //div[text()='Analytics']]
[INFO ][02-Jul-2024 13:26:40 PM] Selenium_Wrapper.click:(205) - Clicking on :[[ChromeDriver: chrome on WINDOWS (1486bde39af73263c03571c5b8bdceee)] -> xpath: //span[text()='Reports Explorer']]
[INFO ][02-Jul-2024 13:26:46 PM] Selenium_Wrapper.click:(205) - Clicking on :[[ChromeDriver: chrome on WINDOWS (1486bde39af73263c03571c5b8bdceee)] -> xpath: //div[text()='Public Reports']]
[INFO ][02-Jul-2024 13:26:48 PM] Selenium_Wrapper.click:(205) - Clicking on :[[ChromeDriver: chrome on WINDOWS (1486bde39af73263c03571c5b8bdceee)] -> xpath: //div[text()='MACU CUSTOM REPORTS']]
[INFO ][02-Jul-2024 13:26:50 PM] Selenium_Wrapper.click:(205) - Clicking on :[[ChromeDriver: chrome on WINDOWS (1486bde39af73263c03571c5b8bdceee)] -> xpath: //div[text()='SoftClouds']]
[INFO ][02-Jul-2024 13:26:53 PM] Selenium_Wrapper.click:(205) - Clicking on :[[ChromeDriver: chrome on WINDOWS (1486bde39af73263c03571c5b8bdceee)] -> xpath: //div[text()='OKCS']]
[INFO ][02-Jul-2024 13:27:01 PM] Selenium_Wrapper.doubleClick:(286) - Double clicking on :[[ChromeDriver: chrome on WINDOWS (1486bde39af73263c03571c5b8bdceee)] -> xpath: //div[@class='explorer-right-panel']//div[@class='explorer-data-grid']//span[text()='Feedback Admin Report']]
[INFO ][02-Jul-2024 13:27:12 PM] Selenium_Wrapper.click:(205) - Clicking on :[[ChromeDriver: chrome on WINDOWS (1486bde39af73263c03571c5b8bdceee)] -> xpath: //div[@class='container wsx-flex']//div[@class='analyticsTopSection']//div[@class='select-box-root select-box-display-text-active']]
[INFO ][02-Jul-2024 13:27:30 PM] Selenium_Wrapper.click:(205) - Clicking on :[[ChromeDriver: chrome on WINDOWS (1486bde39af73263c03571c5b8bdceee)] -> xpath: (//span[text()='Search'])[2]]
[INFO ][02-Jul-2024 13:27:40 PM] Selenium_Wrapper.doubleClick:(286) - Double clicking on :[[ChromeDriver: chrome on WINDOWS (1486bde39af73263c03571c5b8bdceee)] -> xpath: //div[@class='container wsx-flex']//div[contains(@column-id,'2')][1]]
[INFO ][02-Jul-2024 13:27:49 PM] Selenium_Wrapper.click:(205) - Clicking on :[[ChromeDriver: chrome on WINDOWS (1486bde39af73263c03571c5b8bdceee)] -> xpath: //span[text()='Messages']]
[DEBUG][02-Jul-2024 13:31:33 PM] Selenium_Wrapper.click:(216) - Handled ElementClickInterceptedException and Clicked on :[[ChromeDriver: chrome on WINDOWS (1486bde39af73263c03571c5b8bdceee)] -> xpath: //div[contains(@class,'cke_wysiwyg_div ')]]
[INFO ][02-Jul-2024 13:31:36 PM] Selenium_Wrapper.enterText:(317) - Entering Text :It is working as per Expected in WebElement :[[ChromeDriver: chrome on WINDOWS (1486bde39af73263c03571c5b8bdceee)] -> xpath: //div[contains(@class,'cke_wysiwyg_div ')]]
[INFO ][02-Jul-2024 13:31:39 PM] Selenium_Wrapper.click:(205) - Clicking on :[[ChromeDriver: chrome on WINDOWS (1486bde39af73263c03571c5b8bdceee)] -> xpath: //div[@class='ws-toolbar-button-image bui-icon save-icon fa-lg']]
[INFO ][02-Jul-2024 13:31:42 PM] Selenium_Wrapper.click:(205) - Clicking on :[[ChromeDriver: chrome on WINDOWS (1486bde39af73263c03571c5b8bdceee)] -> xpath: //span[text()='Summary']]
[INFO ][02-Jul-2024 13:31:50 PM] Selenium_Wrapper.clickUsingActions:(255) - Clicking on :[[ChromeDriver: chrome on WINDOWS (1486bde39af73263c03571c5b8bdceee)] -> xpath: //div[contains(@id,'Incident_Status')][@class='display-text']]
[INFO ][02-Jul-2024 13:31:54 PM] Selenium_Wrapper.click:(205) - Clicking on :[[ChromeDriver: chrome on WINDOWS (1486bde39af73263c03571c5b8bdceee)] -> xpath: (//div[@title='Solved'])[1]]
[INFO ][02-Jul-2024 13:31:57 PM] Selenium_Wrapper.click:(205) - Clicking on :[[ChromeDriver: chrome on WINDOWS (1486bde39af73263c03571c5b8bdceee)] -> xpath: //div[@class='ws-toolbar-button-image bui-icon save-icon fa-lg']]
[INFO ][02-Jul-2024 13:32:01 PM] Selenium_Wrapper.click:(205) - Clicking on :[[ChromeDriver: chrome on WINDOWS (1486bde39af73263c03571c5b8bdceee)] -> xpath: (//a[@class='closeButton'])[3]]
[INFO ][02-Jul-2024 13:32:05 PM] Selenium_Wrapper.click:(205) - Clicking on :[[ChromeDriver: chrome on WINDOWS (1486bde39af73263c03571c5b8bdceee)] -> xpath: (//a[@class='closeButton'])[2]]
[INFO ][02-Jul-2024 13:32:08 PM] Selenium_Wrapper.click:(205) - Clicking on :[[ChromeDriver: chrome on WINDOWS (1486bde39af73263c03571c5b8bdceee)] -> xpath: (//a[@class='closeButton'])[1]]
[INFO ][02-Jul-2024 13:32:11 PM] Selenium_Wrapper.click:(205) - Clicking on :[[ChromeDriver: chrome on WINDOWS (1486bde39af73263c03571c5b8bdceee)] -> xpath: //body//oj-avatar[@initials='[[userMenuLabel]]']]
[INFO ][02-Jul-2024 13:32:15 PM] Selenium_Wrapper.click:(205) - Clicking on :[[ChromeDriver: chrome on WINDOWS (1486bde39af73263c03571c5b8bdceee)] -> xpath: //a//span[text()='Sign Out']]
