[INFO ][05-Sep-2024 13:23:52 PM] Selenium_Wrapper.openBrowser:(54) - Opening chrome browser.
[INFO ][05-Sep-2024 13:23:58 PM] Selenium_Wrapper.enterURL:(88) - Entering url :https://macu1--tst1.custhelp.com/AgentWeb/
[INFO ][05-Sep-2024 13:24:02 PM] Selenium_Wrapper.enterText:(317) - Entering Text :automation_testing in WebElement :[[ChromeDriver: chrome on WINDOWS (58fdc8bf0d36d69eb67a9e8519230c23)] -> id: username]
[INFO ][05-Sep-2024 13:24:03 PM] Selenium_Wrapper.enterText:(317) - Entering Text :Welcome123 in WebElement :[[ChromeDriver: chrome on WINDOWS (58fdc8bf0d36d69eb67a9e8519230c23)] -> id: password]
[INFO ][05-Sep-2024 13:24:15 PM] Selenium_Wrapper.click:(205) - Clicking on :[[ChromeDriver: chrome on WINDOWS (58fdc8bf0d36d69eb67a9e8519230c23)] -> id: loginbutton]
[INFO ][05-Sep-2024 13:24:56 PM] Selenium_Wrapper.click:(205) - Clicking on :[[ChromeDriver: chrome on WINDOWS (58fdc8bf0d36d69eb67a9e8519230c23)] -> xpath: //oj-button[@id='navigationSetBtn']]
[INFO ][05-Sep-2024 13:25:02 PM] Selenium_Wrapper.click:(205) - Clicking on :[[ChromeDriver: chrome on WINDOWS (58fdc8bf0d36d69eb67a9e8519230c23)] -> xpath: //div[text()='Analytics']]
[INFO ][05-Sep-2024 13:25:05 PM] Selenium_Wrapper.click:(205) - Clicking on :[[ChromeDriver: chrome on WINDOWS (58fdc8bf0d36d69eb67a9e8519230c23)] -> xpath: //span[text()='Reports Explorer']]
[INFO ][05-Sep-2024 13:25:10 PM] Selenium_Wrapper.click:(205) - Clicking on :[[ChromeDriver: chrome on WINDOWS (58fdc8bf0d36d69eb67a9e8519230c23)] -> xpath: //div[text()='Public Reports']]
[INFO ][05-Sep-2024 13:25:12 PM] Selenium_Wrapper.click:(205) - Clicking on :[[ChromeDriver: chrome on WINDOWS (58fdc8bf0d36d69eb67a9e8519230c23)] -> xpath: //div[text()='MACU CUSTOM REPORTS']]
[INFO ][05-Sep-2024 13:25:14 PM] Selenium_Wrapper.click:(205) - Clicking on :[[ChromeDriver: chrome on WINDOWS (58fdc8bf0d36d69eb67a9e8519230c23)] -> xpath: //div[text()='SoftClouds']]
[INFO ][05-Sep-2024 13:25:17 PM] Selenium_Wrapper.click:(205) - Clicking on :[[ChromeDriver: chrome on WINDOWS (58fdc8bf0d36d69eb67a9e8519230c23)] -> xpath: //div[text()='OKCS']]
[INFO ][05-Sep-2024 13:25:25 PM] Selenium_Wrapper.doubleClick:(286) - Double clicking on :[[ChromeDriver: chrome on WINDOWS (58fdc8bf0d36d69eb67a9e8519230c23)] -> xpath: //div[@class='explorer-right-panel']//div[@class='explorer-data-grid']//span[text()='Feedback Admin Report']]
[INFO ][05-Sep-2024 13:25:35 PM] Selenium_Wrapper.click:(205) - Clicking on :[[ChromeDriver: chrome on WINDOWS (58fdc8bf0d36d69eb67a9e8519230c23)] -> xpath: //div[@class='container wsx-flex']//div[@class='analyticsTopSection']//div[@class='select-box-root select-box-display-text-active']]
[INFO ][05-Sep-2024 13:25:52 PM] Selenium_Wrapper.click:(205) - Clicking on :[[ChromeDriver: chrome on WINDOWS (58fdc8bf0d36d69eb67a9e8519230c23)] -> xpath: (//span[text()='Search'])[2]]
[INFO ][05-Sep-2024 13:26:02 PM] Selenium_Wrapper.doubleClick:(286) - Double clicking on :[[ChromeDriver: chrome on WINDOWS (58fdc8bf0d36d69eb67a9e8519230c23)] -> xpath: //div[@class='container wsx-flex']//div[contains(@column-id,'2')][1]]
[INFO ][05-Sep-2024 13:26:10 PM] Selenium_Wrapper.click:(205) - Clicking on :[[ChromeDriver: chrome on WINDOWS (58fdc8bf0d36d69eb67a9e8519230c23)] -> xpath: //span[text()='Messages']]
[INFO ][05-Sep-2024 13:26:13 PM] Selenium_Wrapper.click:(205) - Clicking on :[[ChromeDriver: chrome on WINDOWS (58fdc8bf0d36d69eb67a9e8519230c23)] -> xpath: //div[contains(@class,'cke_wysiwyg_div ')]]
[INFO ][05-Sep-2024 13:26:14 PM] Selenium_Wrapper.enterText:(317) - Entering Text :It is working as per Expected in WebElement :[[ChromeDriver: chrome on WINDOWS (58fdc8bf0d36d69eb67a9e8519230c23)] -> xpath: //div[contains(@class,'cke_wysiwyg_div ')]]
[INFO ][05-Sep-2024 13:26:16 PM] Selenium_Wrapper.click:(205) - Clicking on :[[ChromeDriver: chrome on WINDOWS (58fdc8bf0d36d69eb67a9e8519230c23)] -> xpath: //div[@class='ws-toolbar-button-image bui-icon save-icon fa-lg']]
[INFO ][05-Sep-2024 13:26:18 PM] Selenium_Wrapper.click:(205) - Clicking on :[[ChromeDriver: chrome on WINDOWS (58fdc8bf0d36d69eb67a9e8519230c23)] -> xpath: //span[text()='Summary']]
[INFO ][05-Sep-2024 13:26:25 PM] Selenium_Wrapper.clickUsingActions:(255) - Clicking on :[[ChromeDriver: chrome on WINDOWS (58fdc8bf0d36d69eb67a9e8519230c23)] -> xpath: //div[contains(@id,'Incident_Status')][@class='display-text']]
[INFO ][05-Sep-2024 13:26:29 PM] Selenium_Wrapper.click:(205) - Clicking on :[[ChromeDriver: chrome on WINDOWS (58fdc8bf0d36d69eb67a9e8519230c23)] -> xpath: (//div[@title='Solved'])[1]]
[INFO ][05-Sep-2024 13:26:32 PM] Selenium_Wrapper.click:(205) - Clicking on :[[ChromeDriver: chrome on WINDOWS (58fdc8bf0d36d69eb67a9e8519230c23)] -> xpath: //div[@class='ws-toolbar-button-image bui-icon save-icon fa-lg']]
[INFO ][05-Sep-2024 13:26:36 PM] Selenium_Wrapper.click:(205) - Clicking on :[[ChromeDriver: chrome on WINDOWS (58fdc8bf0d36d69eb67a9e8519230c23)] -> xpath: (//a[@class='closeButton'])[3]]
[INFO ][05-Sep-2024 13:26:39 PM] Selenium_Wrapper.click:(205) - Clicking on :[[ChromeDriver: chrome on WINDOWS (58fdc8bf0d36d69eb67a9e8519230c23)] -> xpath: (//a[@class='closeButton'])[2]]
[INFO ][05-Sep-2024 13:26:42 PM] Selenium_Wrapper.click:(205) - Clicking on :[[ChromeDriver: chrome on WINDOWS (58fdc8bf0d36d69eb67a9e8519230c23)] -> xpath: (//a[@class='closeButton'])[1]]
[INFO ][05-Sep-2024 13:26:46 PM] Selenium_Wrapper.click:(205) - Clicking on :[[ChromeDriver: chrome on WINDOWS (58fdc8bf0d36d69eb67a9e8519230c23)] -> xpath: //body//oj-avatar[@initials='[[userMenuLabel]]']]
[INFO ][05-Sep-2024 13:26:49 PM] Selenium_Wrapper.click:(205) - Clicking on :[[ChromeDriver: chrome on WINDOWS (58fdc8bf0d36d69eb67a9e8519230c23)] -> xpath: //a//span[text()='Sign Out']]
[INFO ][05-Sep-2024 13:26:51 PM] Selenium_Wrapper.closeCurrentBrowser:(657) - Closing the current Browser
