[INFO ][06-Feb-2024 13:20:25 PM] Selenium_Wrapper.openBrowser:(48) - Opening chrome browser.
[INFO ][06-Feb-2024 13:20:33 PM] Selenium_Wrapper.enterURL:(82) - Entering url :https://macu1--tst1.custhelp.com/app/home
[INFO ][06-Feb-2024 13:20:37 PM] Selenium_Wrapper.enterText:(311) - Entering Text :swamyk in WebElement :[[ChromeDriver: chrome on WINDOWS (4ab1d5873239987fc4ebb36d7661efa4)] -> id: rn_LoginForm_2_Username]
[INFO ][06-Feb-2024 13:20:38 PM] Selenium_Wrapper.enterText:(311) - Entering Text :Soft@123 in WebElement :[[ChromeDriver: chrome on WINDOWS (4ab1d5873239987fc4ebb36d7661efa4)] -> id: rn_LoginForm_2_Password]
[INFO ][06-Feb-2024 13:20:45 PM] Selenium_Wrapper.click:(199) - Clicking on :[[ChromeDriver: chrome on WINDOWS (4ab1d5873239987fc4ebb36d7661efa4)] -> id: rn_LoginForm_2_Submit]
[INFO ][06-Feb-2024 13:20:56 PM] Selenium_Wrapper.click:(199) - Clicking on :[[ChromeDriver: chrome on WINDOWS (4ab1d5873239987fc4ebb36d7661efa4)] -> xpath: //input[@type='search']]
[INFO ][06-Feb-2024 13:20:58 PM] Selenium_Wrapper.enterText:(311) - Entering Text :Business Auto Loan - ALPS 1.0 in WebElement :[[ChromeDriver: chrome on WINDOWS (4ab1d5873239987fc4ebb36d7661efa4)] -> xpath: //input[@type='search']]
[INFO ][06-Feb-2024 13:21:11 PM] Selenium_Wrapper.click:(199) - Clicking on :[[ChromeDriver: chrome on WINDOWS (4ab1d5873239987fc4ebb36d7661efa4)] -> xpath: //ul[@aria-label='Suggested Search']//li[normalize-space()='Business Auto Loan - ALPS 1.0']]
[INFO ][06-Feb-2024 13:21:18 PM] Selenium_Wrapper.click:(199) - Clicking on :[[ChromeDriver: chrome on WINDOWS (4ab1d5873239987fc4ebb36d7661efa4)] -> xpath: //div[@class='rn_SearchResultContent']//a[text()='Business Auto Loan - ALPS 1.0']]
[INFO ][06-Feb-2024 13:21:40 PM] Selenium_Wrapper.click:(199) - Clicking on :[[ChromeDriver: chrome on WINDOWS (4ab1d5873239987fc4ebb36d7661efa4)] -> id: relatedPages_headingOne]
[INFO ][06-Feb-2024 13:21:46 PM] Selenium_Wrapper.click:(199) - Clicking on :[[ChromeDriver: chrome on WINDOWS (4ab1d5873239987fc4ebb36d7661efa4)] -> id: relatedPages_headingOne]
[INFO ][06-Feb-2024 13:21:57 PM] Selenium_Wrapper.click:(199) - Clicking on :[[ChromeDriver: chrome on WINDOWS (4ab1d5873239987fc4ebb36d7661efa4)] -> id: rn_SearchHome_17_SearchInput]
[INFO ][06-Feb-2024 13:21:58 PM] Selenium_Wrapper.enterText:(311) - Entering Text :Business Auto Loan - ALPS 1.0 in WebElement :[[ChromeDriver: chrome on WINDOWS (4ab1d5873239987fc4ebb36d7661efa4)] -> id: rn_SearchHome_17_SearchInput]
[INFO ][06-Feb-2024 13:22:10 PM] Selenium_Wrapper.click:(199) - Clicking on :[[ChromeDriver: chrome on WINDOWS (4ab1d5873239987fc4ebb36d7661efa4)] -> xpath: //ul[@aria-label='Suggested Search']//li[@class='rn_SuggestionItem'][normalize-space()='Business Auto Loan - ALPS 1.0']]
[INFO ][06-Feb-2024 13:22:18 PM] Selenium_Wrapper.click:(199) - Clicking on :[[ChromeDriver: chrome on WINDOWS (4ab1d5873239987fc4ebb36d7661efa4)] -> xpath: //div[@class='rn_SearchResultContent']//a[text()='Business Auto Loan - ALPS 1.0']]
[INFO ][06-Feb-2024 13:22:34 PM] Selenium_Wrapper.click:(199) - Clicking on :[[ChromeDriver: chrome on WINDOWS (4ab1d5873239987fc4ebb36d7661efa4)] -> xpath: //button[@class='rn_RecommendContentButton p-0']]
[INFO ][06-Feb-2024 13:22:35 PM] Selenium_Wrapper.enterText:(311) - Entering Text :Test Improve, comments, updates in WebElement :[[ChromeDriver: chrome on WINDOWS (4ab1d5873239987fc4ebb36d7661efa4)] -> id: rn_RequestUpdate_25_Description]
[INFO ][06-Feb-2024 13:22:40 PM] Selenium_Wrapper.click:(199) - Clicking on :[[ChromeDriver: chrome on WINDOWS (4ab1d5873239987fc4ebb36d7661efa4)] -> xpath: //button[text()='Submit']]
[INFO ][06-Feb-2024 13:22:53 PM] Selenium_Wrapper.click:(199) - Clicking on :[[ChromeDriver: chrome on WINDOWS (4ab1d5873239987fc4ebb36d7661efa4)] -> xpath: //div[@id='rnDialog2']//button[@type='button']]
[INFO ][06-Feb-2024 13:23:08 PM] Selenium_Wrapper.click:(199) - Clicking on :[[ChromeDriver: chrome on WINDOWS (4ab1d5873239987fc4ebb36d7661efa4)] -> class name: knowledge]
[INFO ][06-Feb-2024 13:23:16 PM] Selenium_Wrapper.click:(199) - Clicking on :[[ChromeDriver: chrome on WINDOWS (4ab1d5873239987fc4ebb36d7661efa4)] -> xpath: //div[@class='dropdown']]
[INFO ][06-Feb-2024 13:23:24 PM] Selenium_Wrapper.click:(199) - Clicking on :[[ChromeDriver: chrome on WINDOWS (4ab1d5873239987fc4ebb36d7661efa4)] -> xpath: //a[text()='My Feedback']]
[INFO ][06-Feb-2024 13:23:25 PM] Selenium_Wrapper.enterText:(311) - Entering Text :Business Auto Loan - ALPS 1.0 in WebElement :[[ChromeDriver: chrome on WINDOWS (4ab1d5873239987fc4ebb36d7661efa4)] -> xpath: //input[@placeholder='Search Your Feedback Report']]
[INFO ][06-Feb-2024 13:23:39 PM] Selenium_Wrapper.click:(199) - Clicking on :[[ChromeDriver: chrome on WINDOWS (4ab1d5873239987fc4ebb36d7661efa4)] -> xpath: //div[@class='rn_SearchInput1 mt-3']//span[@class='btn-srch-icon']//i[@class='fa fa-search']]
[INFO ][06-Feb-2024 13:24:05 PM] Selenium_Wrapper.click:(199) - Clicking on :[[ChromeDriver: chrome on WINDOWS (4ab1d5873239987fc4ebb36d7661efa4)] -> xpath: //tr[@data-yui3-record='model_11']//td[@headers='Grid_6_c1']/a]
[INFO ][06-Feb-2024 13:24:46 PM] Selenium_Wrapper.click:(199) - Clicking on :[[ChromeDriver: chrome on WINDOWS (4ab1d5873239987fc4ebb36d7661efa4)] -> class name: knowledge]
[INFO ][06-Feb-2024 13:24:49 PM] Selenium_Wrapper.closeCurrentBrowser:(651) - Closing the current Browser
