[INFO ][04-Jan-2024 13:36:37 PM] Selenium_Wrapper.openBrowser:(48) - Opening chrome browser.
[INFO ][04-Jan-2024 13:36:41 PM] Selenium_Wrapper.enterURL:(82) - Entering url :https://macu1--tst1.custhelp.com/app/home
[INFO ][04-Jan-2024 13:36:45 PM] Selenium_Wrapper.enterText:(311) - Entering Text :swamyk in WebElement :[[ChromeDriver: chrome on WINDOWS (442a376b87ef391f32f4727db90c3e8f)] -> id: rn_LoginForm_2_Username]
[INFO ][04-Jan-2024 13:36:46 PM] Selenium_Wrapper.enterText:(311) - Entering Text :Soft@123 in WebElement :[[ChromeDriver: chrome on WINDOWS (442a376b87ef391f32f4727db90c3e8f)] -> id: rn_LoginForm_2_Password]
[INFO ][04-Jan-2024 13:36:53 PM] Selenium_Wrapper.click:(199) - Clicking on :[[ChromeDriver: chrome on WINDOWS (442a376b87ef391f32f4727db90c3e8f)] -> id: rn_LoginForm_2_Submit]
[INFO ][04-Jan-2024 13:37:13 PM] Selenium_Wrapper.click:(199) - Clicking on :[[ChromeDriver: chrome on WINDOWS (442a376b87ef391f32f4727db90c3e8f)] -> xpath: //a[text()='browse all PAGES']]
[INFO ][04-Jan-2024 13:37:24 PM] Selenium_Wrapper.click:(199) - Clicking on :[[ChromeDriver: chrome on WINDOWS (442a376b87ef391f32f4727db90c3e8f)] -> xpath: (//div[@id='category']//following-sibling::ul//a)[1]]
[INFO ][04-Jan-2024 13:37:45 PM] Selenium_Wrapper.click:(199) - Clicking on :[[ChromeDriver: chrome on WINDOWS (442a376b87ef391f32f4727db90c3e8f)] -> xpath: //a[text()='Business Accounts']]
[INFO ][04-Jan-2024 13:37:51 PM] Selenium_Wrapper.click:(199) - Clicking on :[[ChromeDriver: chrome on WINDOWS (442a376b87ef391f32f4727db90c3e8f)] -> xpath: (//div[@id='category']//following-sibling::ul//a)[1]]
[INFO ][04-Jan-2024 13:38:07 PM] Selenium_Wrapper.click:(199) - Clicking on :[[ChromeDriver: chrome on WINDOWS (442a376b87ef391f32f4727db90c3e8f)] -> xpath: //a[text()='Employee Experience']]
[INFO ][04-Jan-2024 13:38:17 PM] Selenium_Wrapper.click:(199) - Clicking on :[[ChromeDriver: chrome on WINDOWS (442a376b87ef391f32f4727db90c3e8f)] -> xpath: (//div[@id='category']//following-sibling::ul//a)[1]]
[INFO ][04-Jan-2024 13:38:32 PM] Selenium_Wrapper.click:(199) - Clicking on :[[ChromeDriver: chrome on WINDOWS (442a376b87ef391f32f4727db90c3e8f)] -> xpath: //a[text()='Personal Accounts']]
[INFO ][04-Jan-2024 13:38:38 PM] Selenium_Wrapper.click:(199) - Clicking on :[[ChromeDriver: chrome on WINDOWS (442a376b87ef391f32f4727db90c3e8f)] -> xpath: (//div[@id='category']//following-sibling::ul//a)[1]]
[INFO ][04-Jan-2024 13:38:53 PM] Selenium_Wrapper.click:(199) - Clicking on :[[ChromeDriver: chrome on WINDOWS (442a376b87ef391f32f4727db90c3e8f)] -> xpath: //a[text()='Services']]
[INFO ][04-Jan-2024 13:38:58 PM] Selenium_Wrapper.click:(199) - Clicking on :[[ChromeDriver: chrome on WINDOWS (442a376b87ef391f32f4727db90c3e8f)] -> xpath: (//div[@id='category']//following-sibling::ul//a)[1]]
[INFO ][04-Jan-2024 13:39:14 PM] Selenium_Wrapper.click:(199) - Clicking on :[[ChromeDriver: chrome on WINDOWS (442a376b87ef391f32f4727db90c3e8f)] -> xpath: //a[text()='Technology']]
[INFO ][04-Jan-2024 13:39:19 PM] Selenium_Wrapper.click:(199) - Clicking on :[[ChromeDriver: chrome on WINDOWS (442a376b87ef391f32f4727db90c3e8f)] -> xpath: (//div[@id='category']//following-sibling::ul//a)[1]]
[INFO ][04-Jan-2024 13:39:47 PM] Selenium_Wrapper.click:(199) - Clicking on :[[ChromeDriver: chrome on WINDOWS (442a376b87ef391f32f4727db90c3e8f)] -> xpath: //a[text()='VIEW A-Z INDEX']]
[INFO ][04-Jan-2024 13:40:08 PM] Selenium_Wrapper.click:(199) - Clicking on :[[ChromeDriver: chrome on WINDOWS (442a376b87ef391f32f4727db90c3e8f)] -> xpath: //div[@id='rn_A_ZIndex_2']//ul[@class='indexing_list']//li//a[text()='D']]
[INFO ][04-Jan-2024 13:40:21 PM] Selenium_Wrapper.click:(199) - Clicking on :[[ChromeDriver: chrome on WINDOWS (442a376b87ef391f32f4727db90c3e8f)] -> xpath: //div[@id='rn_A_ZIndex_2']//ul[@class='indexing_list']//li//a[text()='J']]
[INFO ][04-Jan-2024 13:40:34 PM] Selenium_Wrapper.click:(199) - Clicking on :[[ChromeDriver: chrome on WINDOWS (442a376b87ef391f32f4727db90c3e8f)] -> xpath: //div[@id='rn_A_ZIndex_2']//ul[@class='indexing_list']//li//a[text()='P']]
[INFO ][04-Jan-2024 13:40:47 PM] Selenium_Wrapper.click:(199) - Clicking on :[[ChromeDriver: chrome on WINDOWS (442a376b87ef391f32f4727db90c3e8f)] -> xpath: //div[@id='rn_A_ZIndex_2']//ul[@class='indexing_list']//li//a[text()='V']]
[INFO ][04-Jan-2024 13:41:01 PM] Selenium_Wrapper.click:(199) - Clicking on :[[ChromeDriver: chrome on WINDOWS (442a376b87ef391f32f4727db90c3e8f)] -> xpath: //div[@id='rn_A_ZIndex_2']//ul[@class='indexing_list']//li//a[text()='0-9']]
[INFO ][04-Jan-2024 13:41:25 PM] Selenium_Wrapper.click:(199) - Clicking on :[[ChromeDriver: chrome on WINDOWS (442a376b87ef391f32f4727db90c3e8f)] -> xpath: (//div[@class='rn_A_ZIndex']//div[@class='index-content']//a)[1]]
[INFO ][04-Jan-2024 13:41:50 PM] Selenium_Wrapper.enterText:(311) - Entering Text :100% First Time Home Buyer Loan in WebElement :[[ChromeDriver: chrome on WINDOWS (442a376b87ef391f32f4727db90c3e8f)] -> xpath: //input[@type='search']]
[INFO ][04-Jan-2024 13:42:33 PM] Selenium_Wrapper.click:(199) - Clicking on :[[ChromeDriver: chrome on WINDOWS (442a376b87ef391f32f4727db90c3e8f)] -> xpath: //div[@id='rn_PageTitle']//a[text()='BROWSE ALL PAGES']]
[INFO ][04-Jan-2024 13:42:41 PM] Selenium_Wrapper.closeCurrentBrowser:(651) - Closing the current Browser
