[INFO ][04-Oct-2023 13:36:49 pm] Selenium_Wrapper.openBrowser:(48) - Opening chrome browser.
[INFO ][04-Oct-2023 13:36:56 pm] Selenium_Wrapper.enterURL:(82) - Entering url :https://macu1--tst1.custhelp.com/app/home
[INFO ][04-Oct-2023 13:37:00 pm] Selenium_Wrapper.enterText:(311) - Entering Text :swamyk in WebElement :[[ChromeDriver: chrome on WINDOWS (abb202f81361e8c82c0107189c5f1b33)] -> id: rn_LoginForm_2_Username]
[INFO ][04-Oct-2023 13:37:01 pm] Selenium_Wrapper.enterText:(311) - Entering Text :Soft@123 in WebElement :[[ChromeDriver: chrome on WINDOWS (abb202f81361e8c82c0107189c5f1b33)] -> id: rn_LoginForm_2_Password]
[INFO ][04-Oct-2023 13:37:08 pm] Selenium_Wrapper.click:(199) - Clicking on :[[ChromeDriver: chrome on WINDOWS (abb202f81361e8c82c0107189c5f1b33)] -> id: rn_LoginForm_2_Submit]
[INFO ][04-Oct-2023 13:37:19 pm] Selenium_Wrapper.click:(199) - Clicking on :[[ChromeDriver: chrome on WINDOWS (abb202f81361e8c82c0107189c5f1b33)] -> xpath: //input[@type='search']]
[INFO ][04-Oct-2023 13:37:20 pm] Selenium_Wrapper.enterText:(311) - Entering Text :Business Auto Loan - ALPS 1.0 in WebElement :[[ChromeDriver: chrome on WINDOWS (abb202f81361e8c82c0107189c5f1b33)] -> xpath: //input[@type='search']]
[INFO ][04-Oct-2023 13:37:42 pm] Selenium_Wrapper.click:(199) - Clicking on :[[ChromeDriver: chrome on WINDOWS (abb202f81361e8c82c0107189c5f1b33)] -> xpath: (//ul[text()='Suggested Search']//li//li)[1]]
[INFO ][04-Oct-2023 13:37:49 pm] Selenium_Wrapper.click:(199) - Clicking on :[[ChromeDriver: chrome on WINDOWS (abb202f81361e8c82c0107189c5f1b33)] -> xpath: //div[@class='rn_SearchResultContent']//tbody//tr//div//span[@class='rn_Element1']//a]
[INFO ][04-Oct-2023 13:38:01 pm] Selenium_Wrapper.click:(199) - Clicking on :[[ChromeDriver: chrome on WINDOWS (abb202f81361e8c82c0107189c5f1b33)] -> xpath: //a[contains(@class,'bookmarkedFilled')]//img[@class='bookmark_icon_red']]
[INFO ][04-Oct-2023 13:38:20 pm] Selenium_Wrapper.click:(199) - Clicking on :[[ChromeDriver: chrome on WINDOWS (abb202f81361e8c82c0107189c5f1b33)] -> xpath: //a[@class='add_bookmarkButton']//img[@class='bookmark_icon_blank']]
[INFO ][04-Oct-2023 13:38:28 pm] Selenium_Wrapper.click:(199) - Clicking on :[[ChromeDriver: chrome on WINDOWS (abb202f81361e8c82c0107189c5f1b33)] -> xpath: //div[@class='dropdown']]
[INFO ][04-Oct-2023 13:38:37 pm] Selenium_Wrapper.click:(199) - Clicking on :[[ChromeDriver: chrome on WINDOWS (abb202f81361e8c82c0107189c5f1b33)] -> xpath: //div[@class='data Custom-data']//a[text()='My Bookmarks']]
[INFO ][04-Oct-2023 13:38:59 pm] Selenium_Wrapper.click:(199) - Clicking on :[[ChromeDriver: chrome on WINDOWS (abb202f81361e8c82c0107189c5f1b33)] -> xpath: //a[contains(text(),'Business Auto Loan - ALPS 1.0')]//parent::div[@class='rn_Notification_Info']//following-sibling::div[@class='rn_Notification_Actions']//button[@class='rn_Notification_Delete']//img[@class='bookmark_del_ico']]
[INFO ][04-Oct-2023 13:39:20 pm] Selenium_Wrapper.click:(199) - Clicking on :[[ChromeDriver: chrome on WINDOWS (abb202f81361e8c82c0107189c5f1b33)] -> class name: knowledge]
[INFO ][04-Oct-2023 13:39:27 pm] Selenium_Wrapper.click:(199) - Clicking on :[[ChromeDriver: chrome on WINDOWS (abb202f81361e8c82c0107189c5f1b33)] -> xpath: //input[@type='search']]
[INFO ][04-Oct-2023 13:39:29 pm] Selenium_Wrapper.enterText:(311) - Entering Text :Business Auto Loan - ALPS 1.0 in WebElement :[[ChromeDriver: chrome on WINDOWS (abb202f81361e8c82c0107189c5f1b33)] -> xpath: //input[@type='search']]
[INFO ][04-Oct-2023 13:39:37 pm] Selenium_Wrapper.click:(199) - Clicking on :[[ChromeDriver: chrome on WINDOWS (abb202f81361e8c82c0107189c5f1b33)] -> xpath: (//ul[text()='Suggested Search']//li//li)[1]]
[INFO ][04-Oct-2023 13:39:45 pm] Selenium_Wrapper.click:(199) - Clicking on :[[ChromeDriver: chrome on WINDOWS (abb202f81361e8c82c0107189c5f1b33)] -> xpath: //div[@class='rn_SearchResultContent']//tbody//tr//div//span[@class='rn_Element1']//a]
[INFO ][04-Oct-2023 13:39:55 pm] Selenium_Wrapper.click:(199) - Clicking on :[[ChromeDriver: chrome on WINDOWS (abb202f81361e8c82c0107189c5f1b33)] -> xpath: //div[contains(@class,'EmailAnswerLink')]//img[@class='share_icon_default']]
[INFO ][04-Oct-2023 13:40:00 pm] Selenium_Wrapper.click:(199) - Clicking on :[[ChromeDriver: chrome on WINDOWS (abb202f81361e8c82c0107189c5f1b33)] -> xpath: //div[@id='rnDialog1']//input[@class='select2-search__field']]
[INFO ][04-Oct-2023 13:40:01 pm] Selenium_Wrapper.enterText:(311) - Entering Text :Aaron Brown in WebElement :[[ChromeDriver: chrome on WINDOWS (abb202f81361e8c82c0107189c5f1b33)] -> xpath: //div[@id='rnDialog1']//input[@class='select2-search__field']]
[INFO ][04-Oct-2023 13:40:10 pm] Selenium_Wrapper.click:(199) - Clicking on :[[ChromeDriver: chrome on WINDOWS (abb202f81361e8c82c0107189c5f1b33)] -> xpath: //ul[@class='select2-results__options']//li[text()='Aaron Brown']]
[INFO ][04-Oct-2023 13:40:15 pm] Selenium_Wrapper.click:(199) - Clicking on :[[ChromeDriver: chrome on WINDOWS (abb202f81361e8c82c0107189c5f1b33)] -> xpath: //button[@class='yui3-button yui3-button-close']]
[INFO ][04-Oct-2023 13:40:30 pm] Selenium_Wrapper.click:(199) - Clicking on :[[ChromeDriver: chrome on WINDOWS (abb202f81361e8c82c0107189c5f1b33)] -> xpath: //div[@id='formsResources_panel']//div[@id='formsResources_headingOne']]
[INFO ][04-Oct-2023 13:40:40 pm] Selenium_Wrapper.clickUsingActions:(249) - Clicking on :[[ChromeDriver: chrome on WINDOWS (abb202f81361e8c82c0107189c5f1b33)] -> xpath: (//ul[@class='formsResources']//ul//li/a)[2]]
[INFO ][04-Oct-2023 13:41:12 pm] Selenium_Wrapper.click:(199) - Clicking on :[[ChromeDriver: chrome on WINDOWS (abb202f81361e8c82c0107189c5f1b33)] -> xpath: //li[@class='breadcrumb-item']//a]
[INFO ][04-Oct-2023 13:41:24 pm] Selenium_Wrapper.click:(199) - Clicking on :[[ChromeDriver: chrome on WINDOWS (abb202f81361e8c82c0107189c5f1b33)] -> class name: knowledge]
[INFO ][04-Oct-2023 13:41:34 pm] Selenium_Wrapper.click:(199) - Clicking on :[[ChromeDriver: chrome on WINDOWS (abb202f81361e8c82c0107189c5f1b33)] -> xpath: //input[@type='search']]
[INFO ][04-Oct-2023 13:41:36 pm] Selenium_Wrapper.enterText:(311) - Entering Text :Business Auto Loan - ALPS 1.0 in WebElement :[[ChromeDriver: chrome on WINDOWS (abb202f81361e8c82c0107189c5f1b33)] -> xpath: //input[@type='search']]
[INFO ][04-Oct-2023 13:41:55 pm] Selenium_Wrapper.click:(199) - Clicking on :[[ChromeDriver: chrome on WINDOWS (abb202f81361e8c82c0107189c5f1b33)] -> xpath: (//ul[text()='Suggested Search']//li//li)[1]]
[INFO ][04-Oct-2023 13:42:04 pm] Selenium_Wrapper.click:(199) - Clicking on :[[ChromeDriver: chrome on WINDOWS (abb202f81361e8c82c0107189c5f1b33)] -> xpath: //div[@class='rn_SearchResultContent']//tbody//tr//div//span[@class='rn_Element1']//a]
[INFO ][04-Oct-2023 13:43:05 pm] Selenium_Wrapper.click:(199) - Clicking on :[[ChromeDriver: chrome on WINDOWS (abb202f81361e8c82c0107189c5f1b33)] -> xpath: //button[@class='rn_RecommendContentButton p-0']]
[INFO ][04-Oct-2023 13:43:06 pm] Selenium_Wrapper.enterText:(311) - Entering Text :Test Improve, comments, updates in WebElement :[[ChromeDriver: chrome on WINDOWS (abb202f81361e8c82c0107189c5f1b33)] -> xpath: //div[@id='rnDialog1_c']//textarea[contains(@id,RequestUpdate)]]
[INFO ][04-Oct-2023 13:43:12 pm] Selenium_Wrapper.click:(199) - Clicking on :[[ChromeDriver: chrome on WINDOWS (abb202f81361e8c82c0107189c5f1b33)] -> xpath: //button[@class='yui3-button yui3-button-close']]
[INFO ][04-Oct-2023 13:43:24 pm] Selenium_Wrapper.click:(199) - Clicking on :[[ChromeDriver: chrome on WINDOWS (abb202f81361e8c82c0107189c5f1b33)] -> id: relatedPages_headingOne]
[INFO ][04-Oct-2023 13:43:30 pm] Selenium_Wrapper.click:(199) - Clicking on :[[ChromeDriver: chrome on WINDOWS (abb202f81361e8c82c0107189c5f1b33)] -> id: relatedPages_headingOne]
[INFO ][04-Oct-2023 13:43:37 pm] Selenium_Wrapper.enterText:(311) - Entering Text :Business Auto Loan - ALPS 1.0 in WebElement :[[ChromeDriver: chrome on WINDOWS (abb202f81361e8c82c0107189c5f1b33)] -> xpath: //div[contains(@class,'input-group')]//input[@type='search']]
[INFO ][04-Oct-2023 13:43:49 pm] Selenium_Wrapper.click:(199) - Clicking on :[[ChromeDriver: chrome on WINDOWS (abb202f81361e8c82c0107189c5f1b33)] -> xpath: //ul[@aria-label='Suggested Search']//li[@class='rn_SuggestionItem'][normalize-space()='Business Auto Loan - ALPS 1.0']]
[INFO ][04-Oct-2023 13:44:05 pm] Selenium_Wrapper.click:(199) - Clicking on :[[ChromeDriver: chrome on WINDOWS (abb202f81361e8c82c0107189c5f1b33)] -> class name: knowledge]
