[INFO ][02-Sep-2022 13:37:54 PM] Selenium_Wrapper.openBrowser:(48) - Opening chrome browser.
[INFO ][02-Sep-2022 13:38:03 PM] Selenium_Wrapper.enterURL:(82) - Entering url :https://macu1--upgrade.custhelp.com/
[INFO ][02-Sep-2022 13:38:07 PM] Selenium_Wrapper.enterText:(311) - Entering Text :pramodk in WebElement :[[ChromeDriver: chrome on WINDOWS (821ec128d12fe7bfb3dda80fd85fe766)] -> id: rn_LoginForm_2_Username]
[INFO ][02-Sep-2022 13:38:08 PM] Selenium_Wrapper.enterText:(311) - Entering Text :Soft@123 in WebElement :[[ChromeDriver: chrome on WINDOWS (821ec128d12fe7bfb3dda80fd85fe766)] -> id: rn_LoginForm_2_Password]
[INFO ][02-Sep-2022 13:38:16 PM] Selenium_Wrapper.click:(199) - Clicking on :[[ChromeDriver: chrome on WINDOWS (821ec128d12fe7bfb3dda80fd85fe766)] -> id: rn_LoginForm_2_Submit]
[INFO ][02-Sep-2022 13:38:27 PM] Selenium_Wrapper.click:(199) - Clicking on :[[ChromeDriver: chrome on WINDOWS (821ec128d12fe7bfb3dda80fd85fe766)] -> xpath: //input[@type='search']]
[INFO ][02-Sep-2022 13:38:29 PM] Selenium_Wrapper.enterText:(311) - Entering Text :Auto Loan in WebElement :[[ChromeDriver: chrome on WINDOWS (821ec128d12fe7bfb3dda80fd85fe766)] -> xpath: //input[@type='search']]
[INFO ][02-Sep-2022 13:38:44 PM] Selenium_Wrapper.click:(199) - Clicking on :[[ChromeDriver: chrome on WINDOWS (821ec128d12fe7bfb3dda80fd85fe766)] -> xpath: //ul[@aria-label='Suggested Search']//li[normalize-space()= 'Auto Loan' ]]
[INFO ][02-Sep-2022 13:38:51 PM] Selenium_Wrapper.click:(199) - Clicking on :[[ChromeDriver: chrome on WINDOWS (821ec128d12fe7bfb3dda80fd85fe766)] -> xpath: //div[@class='rn_SearchResultContent']//a[text()='Auto Loan']]
[INFO ][02-Sep-2022 13:39:05 PM] Selenium_Wrapper.click:(199) - Clicking on :[[ChromeDriver: chrome on WINDOWS (821ec128d12fe7bfb3dda80fd85fe766)] -> xpath: //a[contains(@class,'bookmarkedFilled')]//img[@class='bookmark_icon_red']]
[INFO ][02-Sep-2022 13:39:24 PM] Selenium_Wrapper.click:(199) - Clicking on :[[ChromeDriver: chrome on WINDOWS (821ec128d12fe7bfb3dda80fd85fe766)] -> xpath: //a[@class='add_bookmarkButton']//img[@class='bookmark_icon_blank']]
[INFO ][02-Sep-2022 13:39:31 PM] Selenium_Wrapper.click:(199) - Clicking on :[[ChromeDriver: chrome on WINDOWS (821ec128d12fe7bfb3dda80fd85fe766)] -> xpath: //div[@class='dropdown']]
[INFO ][02-Sep-2022 13:39:41 PM] Selenium_Wrapper.click:(199) - Clicking on :[[ChromeDriver: chrome on WINDOWS (821ec128d12fe7bfb3dda80fd85fe766)] -> xpath: //div[@class='data Custom-data']//a[text()='My Bookmarks']]
[INFO ][02-Sep-2022 13:40:03 PM] Selenium_Wrapper.click:(199) - Clicking on :[[ChromeDriver: chrome on WINDOWS (821ec128d12fe7bfb3dda80fd85fe766)] -> xpath: //a[contains(text(),'Auto Loan')]//parent::div[@class='rn_Notification_Info']//following-sibling::div[@class='rn_Notification_Actions']//button[@class='rn_Notification_Delete']//img[@class='bookmark_del_ico']]
[INFO ][02-Sep-2022 13:40:30 PM] Selenium_Wrapper.click:(199) - Clicking on :[[ChromeDriver: chrome on WINDOWS (821ec128d12fe7bfb3dda80fd85fe766)] -> class name: knowledge]
[INFO ][02-Sep-2022 13:40:37 PM] Selenium_Wrapper.click:(199) - Clicking on :[[ChromeDriver: chrome on WINDOWS (821ec128d12fe7bfb3dda80fd85fe766)] -> xpath: //input[@type='search']]
[INFO ][02-Sep-2022 13:40:38 PM] Selenium_Wrapper.enterText:(311) - Entering Text :Auto Loan in WebElement :[[ChromeDriver: chrome on WINDOWS (821ec128d12fe7bfb3dda80fd85fe766)] -> xpath: //input[@type='search']]
[INFO ][02-Sep-2022 13:40:46 PM] Selenium_Wrapper.click:(199) - Clicking on :[[ChromeDriver: chrome on WINDOWS (821ec128d12fe7bfb3dda80fd85fe766)] -> xpath: //ul[@aria-label='Suggested Search']//li[normalize-space()= 'Auto Loan' ]]
[INFO ][02-Sep-2022 13:40:54 PM] Selenium_Wrapper.click:(199) - Clicking on :[[ChromeDriver: chrome on WINDOWS (821ec128d12fe7bfb3dda80fd85fe766)] -> xpath: //div[@class='rn_SearchResultContent']//a[text()='Auto Loan']]
[INFO ][02-Sep-2022 13:41:04 PM] Selenium_Wrapper.click:(199) - Clicking on :[[ChromeDriver: chrome on WINDOWS (821ec128d12fe7bfb3dda80fd85fe766)] -> xpath: //div[contains(@class,'EmailAnswerLink')]//img[@class='share_icon_default']]
[INFO ][02-Sep-2022 13:41:09 PM] Selenium_Wrapper.click:(199) - Clicking on :[[ChromeDriver: chrome on WINDOWS (821ec128d12fe7bfb3dda80fd85fe766)] -> xpath: //div[@id='rnDialog1']//input[@class='select2-search__field']]
[INFO ][02-Sep-2022 13:41:11 PM] Selenium_Wrapper.enterText:(311) - Entering Text :Aaron Brown in WebElement :[[ChromeDriver: chrome on WINDOWS (821ec128d12fe7bfb3dda80fd85fe766)] -> xpath: //div[@id='rnDialog1']//input[@class='select2-search__field']]
[INFO ][02-Sep-2022 13:41:19 PM] Selenium_Wrapper.click:(199) - Clicking on :[[ChromeDriver: chrome on WINDOWS (821ec128d12fe7bfb3dda80fd85fe766)] -> xpath: //ul[@class='select2-results__options']//li[text()='Aaron Brown']]
[INFO ][02-Sep-2022 13:41:24 PM] Selenium_Wrapper.click:(199) - Clicking on :[[ChromeDriver: chrome on WINDOWS (821ec128d12fe7bfb3dda80fd85fe766)] -> xpath: //button[@class='yui3-button yui3-button-close']]
[INFO ][02-Sep-2022 13:41:39 PM] Selenium_Wrapper.click:(199) - Clicking on :[[ChromeDriver: chrome on WINDOWS (821ec128d12fe7bfb3dda80fd85fe766)] -> xpath: //div[@id='formsResources_panel']//div[@id='formsResources_headingOne']]
[INFO ][02-Sep-2022 13:41:48 PM] Selenium_Wrapper.clickUsingActions:(249) - Clicking on :[[ChromeDriver: chrome on WINDOWS (821ec128d12fe7bfb3dda80fd85fe766)] -> xpath: (//ul[@class='formsResources']//ul//li/a)[2]]
[INFO ][02-Sep-2022 13:42:15 PM] Selenium_Wrapper.click:(199) - Clicking on :[[ChromeDriver: chrome on WINDOWS (821ec128d12fe7bfb3dda80fd85fe766)] -> xpath: //li[@class='breadcrumb-item']//a]
[INFO ][02-Sep-2022 13:42:29 PM] Selenium_Wrapper.click:(199) - Clicking on :[[ChromeDriver: chrome on WINDOWS (821ec128d12fe7bfb3dda80fd85fe766)] -> class name: knowledge]
[INFO ][02-Sep-2022 13:42:39 PM] Selenium_Wrapper.click:(199) - Clicking on :[[ChromeDriver: chrome on WINDOWS (821ec128d12fe7bfb3dda80fd85fe766)] -> xpath: //input[@type='search']]
[INFO ][02-Sep-2022 13:42:40 PM] Selenium_Wrapper.enterText:(311) - Entering Text :COVID-19 Critical Updates in WebElement :[[ChromeDriver: chrome on WINDOWS (821ec128d12fe7bfb3dda80fd85fe766)] -> xpath: //input[@type='search']]
[INFO ][02-Sep-2022 13:42:54 PM] Selenium_Wrapper.click:(199) - Clicking on :[[ChromeDriver: chrome on WINDOWS (821ec128d12fe7bfb3dda80fd85fe766)] -> xpath: //ul[@aria-label='Suggested Search']//li[normalize-space()='COVID-19 Critical Updates']]
[INFO ][02-Sep-2022 13:43:01 PM] Selenium_Wrapper.click:(199) - Clicking on :[[ChromeDriver: chrome on WINDOWS (821ec128d12fe7bfb3dda80fd85fe766)] -> xpath: //div[@class='rn_SearchResultContent']//a[text()='COVID-19 Critical Updates']]
[INFO ][02-Sep-2022 13:43:59 PM] Selenium_Wrapper.click:(199) - Clicking on :[[ChromeDriver: chrome on WINDOWS (821ec128d12fe7bfb3dda80fd85fe766)] -> xpath: //button[@class='rn_RecommendContentButton p-0']]
[INFO ][02-Sep-2022 13:44:00 PM] Selenium_Wrapper.enterText:(311) - Entering Text :Test Improve, comments, updates in WebElement :[[ChromeDriver: chrome on WINDOWS (821ec128d12fe7bfb3dda80fd85fe766)] -> xpath: //div[@id='rnDialog1_c']//textarea[contains(@id,RequestUpdate)]]
[INFO ][02-Sep-2022 13:44:05 PM] Selenium_Wrapper.click:(199) - Clicking on :[[ChromeDriver: chrome on WINDOWS (821ec128d12fe7bfb3dda80fd85fe766)] -> xpath: //button[@class='yui3-button yui3-button-close']]
[INFO ][02-Sep-2022 13:44:17 PM] Selenium_Wrapper.click:(199) - Clicking on :[[ChromeDriver: chrome on WINDOWS (821ec128d12fe7bfb3dda80fd85fe766)] -> id: relatedPages_headingOne]
[INFO ][02-Sep-2022 13:44:23 PM] Selenium_Wrapper.click:(199) - Clicking on :[[ChromeDriver: chrome on WINDOWS (821ec128d12fe7bfb3dda80fd85fe766)] -> id: relatedPages_headingOne]
[INFO ][02-Sep-2022 13:44:30 PM] Selenium_Wrapper.enterText:(311) - Entering Text :Auto Loan in WebElement :[[ChromeDriver: chrome on WINDOWS (821ec128d12fe7bfb3dda80fd85fe766)] -> xpath: //div[contains(@class,'input-group')]//input[@type='search']]
[INFO ][02-Sep-2022 13:44:41 PM] Selenium_Wrapper.click:(199) - Clicking on :[[ChromeDriver: chrome on WINDOWS (821ec128d12fe7bfb3dda80fd85fe766)] -> xpath: //ul[@aria-label='Suggested Search']//li[@class='rn_SuggestionItem'][normalize-space()='Auto Loan']]
[INFO ][02-Sep-2022 13:45:01 PM] Selenium_Wrapper.click:(199) - Clicking on :[[ChromeDriver: chrome on WINDOWS (821ec128d12fe7bfb3dda80fd85fe766)] -> class name: knowledge]
[INFO ][02-Sep-2022 13:45:05 PM] Selenium_Wrapper.closeCurrentBrowser:(651) - Closing the current Browser
