[INFO ][06-Feb-2024 13:34:14 PM] Selenium_Wrapper.openBrowser:(48) - Opening chrome browser.
[INFO ][06-Feb-2024 13:34:20 PM] Selenium_Wrapper.enterURL:(82) - Entering url :https://macu1--tst1.custhelp.com/app/home
[INFO ][06-Feb-2024 13:34:25 PM] Selenium_Wrapper.enterText:(311) - Entering Text :swamyk in WebElement :[[ChromeDriver: chrome on WINDOWS (804540c4695265ce421f0e9b68d3e1c3)] -> id: rn_LoginForm_2_Username]
[INFO ][06-Feb-2024 13:34:26 PM] Selenium_Wrapper.enterText:(311) - Entering Text :Soft@123 in WebElement :[[ChromeDriver: chrome on WINDOWS (804540c4695265ce421f0e9b68d3e1c3)] -> id: rn_LoginForm_2_Password]
[INFO ][06-Feb-2024 13:34:33 PM] Selenium_Wrapper.click:(199) - Clicking on :[[ChromeDriver: chrome on WINDOWS (804540c4695265ce421f0e9b68d3e1c3)] -> id: rn_LoginForm_2_Submit]
[INFO ][06-Feb-2024 13:34:49 PM] Selenium_Wrapper.click:(199) - Clicking on :[[ChromeDriver: chrome on WINDOWS (804540c4695265ce421f0e9b68d3e1c3)] -> xpath: //input[@type='search']]
[INFO ][06-Feb-2024 13:34:51 PM] Selenium_Wrapper.enterText:(311) - Entering Text :Business Auto Loan - ALPS 1.0 in WebElement :[[ChromeDriver: chrome on WINDOWS (804540c4695265ce421f0e9b68d3e1c3)] -> xpath: //input[@type='search']]
[INFO ][06-Feb-2024 13:35:04 PM] Selenium_Wrapper.click:(199) - Clicking on :[[ChromeDriver: chrome on WINDOWS (804540c4695265ce421f0e9b68d3e1c3)] -> xpath: (//div[@class='yui3-aclist-content']//li//li)[1]]
[INFO ][06-Feb-2024 13:35:11 PM] Selenium_Wrapper.click:(199) - Clicking on :[[ChromeDriver: chrome on WINDOWS (804540c4695265ce421f0e9b68d3e1c3)] -> xpath: (//div[@class='rn_SearchResultContent']//a)[1]]
[INFO ][06-Feb-2024 13:35:21 PM] Selenium_Wrapper.click:(199) - Clicking on :[[ChromeDriver: chrome on WINDOWS (804540c4695265ce421f0e9b68d3e1c3)] -> xpath: //a[@class='add_bookmarkButton']//img[@class='bookmark_icon_blank']]
[INFO ][06-Feb-2024 13:35:33 PM] Selenium_Wrapper.click:(199) - Clicking on :[[ChromeDriver: chrome on WINDOWS (804540c4695265ce421f0e9b68d3e1c3)] -> class name: knowledge]
[INFO ][06-Feb-2024 13:35:46 PM] Selenium_Wrapper.click:(199) - Clicking on :[[ChromeDriver: chrome on WINDOWS (804540c4695265ce421f0e9b68d3e1c3)] -> xpath: //div[@class='dropdown']]
[INFO ][06-Feb-2024 13:35:58 PM] Selenium_Wrapper.click:(199) - Clicking on :[[ChromeDriver: chrome on WINDOWS (804540c4695265ce421f0e9b68d3e1c3)] -> xpath: //a[text()='SEE MORE']]
[INFO ][06-Feb-2024 13:36:15 PM] Selenium_Wrapper.click:(199) - Clicking on :[[ChromeDriver: chrome on WINDOWS (804540c4695265ce421f0e9b68d3e1c3)] -> class name: knowledge]
[INFO ][06-Feb-2024 13:36:23 PM] Selenium_Wrapper.click:(199) - Clicking on :[[ChromeDriver: chrome on WINDOWS (804540c4695265ce421f0e9b68d3e1c3)] -> xpath: //div[@class='dropdown']]
[INFO ][06-Feb-2024 13:36:37 PM] Selenium_Wrapper.click:(199) - Clicking on :[[ChromeDriver: chrome on WINDOWS (804540c4695265ce421f0e9b68d3e1c3)] -> xpath: //div[@class='dropdown-content']//a[normalize-space()='My Bookmarks']]
[INFO ][06-Feb-2024 13:36:53 PM] Selenium_Wrapper.click:(199) - Clicking on :[[ChromeDriver: chrome on WINDOWS (804540c4695265ce421f0e9b68d3e1c3)] -> xpath: //select[@class='BookmarkFilter']]
[INFO ][06-Feb-2024 13:37:04 PM] Selenium_Wrapper.click:(199) - Clicking on :[[ChromeDriver: chrome on WINDOWS (804540c4695265ce421f0e9b68d3e1c3)] -> xpath: //select[@class='BookmarkFilter']//option[text()='Alphabetical A-Z']]
[INFO ][06-Feb-2024 13:37:19 PM] Selenium_Wrapper.click:(199) - Clicking on :[[ChromeDriver: chrome on WINDOWS (804540c4695265ce421f0e9b68d3e1c3)] -> class name: knowledge]
[INFO ][06-Feb-2024 13:37:26 PM] Selenium_Wrapper.click:(199) - Clicking on :[[ChromeDriver: chrome on WINDOWS (804540c4695265ce421f0e9b68d3e1c3)] -> xpath: //div[@class='dropdown']]
[INFO ][06-Feb-2024 13:37:35 PM] Selenium_Wrapper.click:(199) - Clicking on :[[ChromeDriver: chrome on WINDOWS (804540c4695265ce421f0e9b68d3e1c3)] -> xpath: //div[@class='dropdown-content']//a[normalize-space()='My Notifications']]
[INFO ][06-Feb-2024 13:37:42 PM] Selenium_Wrapper.click:(199) - Clicking on :[[ChromeDriver: chrome on WINDOWS (804540c4695265ce421f0e9b68d3e1c3)] -> xpath: //a[text()='browse all PAGES']]
[INFO ][06-Feb-2024 13:37:59 PM] Selenium_Wrapper.click:(199) - Clicking on :[[ChromeDriver: chrome on WINDOWS (804540c4695265ce421f0e9b68d3e1c3)] -> xpath: //a[text()='VIEW A-Z INDEX']]
[INFO ][06-Feb-2024 13:38:15 PM] Selenium_Wrapper.click:(199) - Clicking on :[[ChromeDriver: chrome on WINDOWS (804540c4695265ce421f0e9b68d3e1c3)] -> class name: knowledge]
[INFO ][06-Feb-2024 13:38:18 PM] Selenium_Wrapper.closeCurrentBrowser:(651) - Closing the current Browser
