[INFO ][09-Aug-2024 13:39:27 PM] Selenium_Wrapper.openBrowser:(54) - Opening chrome browser.
[INFO ][09-Aug-2024 13:39:33 PM] Selenium_Wrapper.enterURL:(88) - Entering url :https://macu1--tst1.custhelp.com/app/home
[INFO ][09-Aug-2024 13:39:38 PM] Selenium_Wrapper.enterText:(317) - Entering Text :swamyk in WebElement :[[ChromeDriver: chrome on WINDOWS (6764b2efe43fee5e15a4e724e84bbc3c)] -> id: rn_LoginForm_2_Username]
[INFO ][09-Aug-2024 13:39:39 PM] Selenium_Wrapper.enterText:(317) - Entering Text :Soft@123 in WebElement :[[ChromeDriver: chrome on WINDOWS (6764b2efe43fee5e15a4e724e84bbc3c)] -> id: rn_LoginForm_2_Password]
[INFO ][09-Aug-2024 13:39:43 PM] Selenium_Wrapper.click:(205) - Clicking on :[[ChromeDriver: chrome on WINDOWS (6764b2efe43fee5e15a4e724e84bbc3c)] -> id: rn_LoginForm_2_Submit]
[INFO ][09-Aug-2024 13:40:00 PM] Selenium_Wrapper.click:(205) - Clicking on :[[ChromeDriver: chrome on WINDOWS (6764b2efe43fee5e15a4e724e84bbc3c)] -> xpath: //a[text()='browse all PAGES']]
[INFO ][09-Aug-2024 13:40:12 PM] Selenium_Wrapper.click:(205) - Clicking on :[[ChromeDriver: chrome on WINDOWS (6764b2efe43fee5e15a4e724e84bbc3c)] -> xpath: (//div[@id='category']//following-sibling::ul//a)[1]]
[INFO ][09-Aug-2024 13:40:30 PM] Selenium_Wrapper.click:(205) - Clicking on :[[ChromeDriver: chrome on WINDOWS (6764b2efe43fee5e15a4e724e84bbc3c)] -> xpath: //a[text()='Business Accounts']]
[INFO ][09-Aug-2024 13:40:35 PM] Selenium_Wrapper.click:(205) - Clicking on :[[ChromeDriver: chrome on WINDOWS (6764b2efe43fee5e15a4e724e84bbc3c)] -> xpath: (//div[@id='category']//following-sibling::ul//a)[1]]
[INFO ][09-Aug-2024 13:40:48 PM] Selenium_Wrapper.click:(205) - Clicking on :[[ChromeDriver: chrome on WINDOWS (6764b2efe43fee5e15a4e724e84bbc3c)] -> xpath: //a[text()='Employee Experience']]
[INFO ][09-Aug-2024 13:41:10 PM] Selenium_Wrapper.click:(205) - Clicking on :[[ChromeDriver: chrome on WINDOWS (6764b2efe43fee5e15a4e724e84bbc3c)] -> xpath: //a[text()='Employee Experience']]
[INFO ][09-Aug-2024 13:41:24 PM] Selenium_Wrapper.click:(205) - Clicking on :[[ChromeDriver: chrome on WINDOWS (6764b2efe43fee5e15a4e724e84bbc3c)] -> xpath: //a[text()='Personal Accounts']]
[INFO ][09-Aug-2024 13:41:29 PM] Selenium_Wrapper.click:(205) - Clicking on :[[ChromeDriver: chrome on WINDOWS (6764b2efe43fee5e15a4e724e84bbc3c)] -> xpath: (//div[@id='category']//following-sibling::ul//a)[1]]
[INFO ][09-Aug-2024 13:41:43 PM] Selenium_Wrapper.click:(205) - Clicking on :[[ChromeDriver: chrome on WINDOWS (6764b2efe43fee5e15a4e724e84bbc3c)] -> xpath: //a[text()='Services']]
[INFO ][09-Aug-2024 13:42:00 PM] Selenium_Wrapper.click:(205) - Clicking on :[[ChromeDriver: chrome on WINDOWS (6764b2efe43fee5e15a4e724e84bbc3c)] -> xpath: //a[text()='Services']]
[INFO ][09-Aug-2024 13:42:22 PM] Selenium_Wrapper.click:(205) - Clicking on :[[ChromeDriver: chrome on WINDOWS (6764b2efe43fee5e15a4e724e84bbc3c)] -> xpath: //a[text()='VIEW A-Z INDEX']]
[INFO ][09-Aug-2024 13:42:44 PM] Selenium_Wrapper.click:(205) - Clicking on :[[ChromeDriver: chrome on WINDOWS (6764b2efe43fee5e15a4e724e84bbc3c)] -> xpath: //div[@id='rn_A_ZIndex_2']//ul[@class='indexing_list']//li//a[text()='D']]
[INFO ][09-Aug-2024 13:42:58 PM] Selenium_Wrapper.click:(205) - Clicking on :[[ChromeDriver: chrome on WINDOWS (6764b2efe43fee5e15a4e724e84bbc3c)] -> xpath: //div[@id='rn_A_ZIndex_2']//ul[@class='indexing_list']//li//a[text()='J']]
[INFO ][09-Aug-2024 13:43:12 PM] Selenium_Wrapper.click:(205) - Clicking on :[[ChromeDriver: chrome on WINDOWS (6764b2efe43fee5e15a4e724e84bbc3c)] -> xpath: //div[@id='rn_A_ZIndex_2']//ul[@class='indexing_list']//li//a[text()='P']]
[INFO ][09-Aug-2024 13:43:26 PM] Selenium_Wrapper.click:(205) - Clicking on :[[ChromeDriver: chrome on WINDOWS (6764b2efe43fee5e15a4e724e84bbc3c)] -> xpath: //div[@id='rn_A_ZIndex_2']//ul[@class='indexing_list']//li//a[text()='V']]
[INFO ][09-Aug-2024 13:43:40 PM] Selenium_Wrapper.click:(205) - Clicking on :[[ChromeDriver: chrome on WINDOWS (6764b2efe43fee5e15a4e724e84bbc3c)] -> xpath: //div[@id='rn_A_ZIndex_2']//ul[@class='indexing_list']//li//a[text()='0-9']]
[INFO ][09-Aug-2024 13:44:03 PM] Selenium_Wrapper.click:(205) - Clicking on :[[ChromeDriver: chrome on WINDOWS (6764b2efe43fee5e15a4e724e84bbc3c)] -> xpath: (//div[@class='rn_A_ZIndex']//div[@class='index-content']//a)[1]]
[INFO ][09-Aug-2024 13:44:28 PM] Selenium_Wrapper.enterText:(317) - Entering Text :100% First Time Home Buyer Loan in WebElement :[[ChromeDriver: chrome on WINDOWS (6764b2efe43fee5e15a4e724e84bbc3c)] -> xpath: //input[@type='search']]
[INFO ][09-Aug-2024 13:45:08 PM] Selenium_Wrapper.click:(205) - Clicking on :[[ChromeDriver: chrome on WINDOWS (6764b2efe43fee5e15a4e724e84bbc3c)] -> xpath: //div[@id='rn_PageTitle']//a[text()='BROWSE ALL PAGES']]
[INFO ][09-Aug-2024 13:45:17 PM] Selenium_Wrapper.closeCurrentBrowser:(657) - Closing the current Browser
