[INFO ][01-Sep-2022 13:33:51 PM] Selenium_Wrapper.openBrowser:(48) - Opening chrome browser.
[INFO ][01-Sep-2022 13:34:00 PM] Selenium_Wrapper.enterURL:(82) - Entering url :https://macu1--upgrade.custhelp.com/
[INFO ][01-Sep-2022 13:34:04 PM] Selenium_Wrapper.enterText:(311) - Entering Text :pramodk in WebElement :[[ChromeDriver: chrome on WINDOWS (747010ebd673e3f7032b69e9fbb1ec86)] -> id: rn_LoginForm_2_Username]
[INFO ][01-Sep-2022 13:34:05 PM] Selenium_Wrapper.enterText:(311) - Entering Text :Soft@123 in WebElement :[[ChromeDriver: chrome on WINDOWS (747010ebd673e3f7032b69e9fbb1ec86)] -> id: rn_LoginForm_2_Password]
[INFO ][01-Sep-2022 13:34:13 PM] Selenium_Wrapper.click:(199) - Clicking on :[[ChromeDriver: chrome on WINDOWS (747010ebd673e3f7032b69e9fbb1ec86)] -> id: rn_LoginForm_2_Submit]
[INFO ][01-Sep-2022 13:34:35 PM] Selenium_Wrapper.click:(199) - Clicking on :[[ChromeDriver: chrome on WINDOWS (747010ebd673e3f7032b69e9fbb1ec86)] -> xpath: //a[text()='browse all PAGES']]
[INFO ][01-Sep-2022 13:34:47 PM] Selenium_Wrapper.click:(199) - Clicking on :[[ChromeDriver: chrome on WINDOWS (747010ebd673e3f7032b69e9fbb1ec86)] -> xpath: (//div[@id='category']//following-sibling::ul//a)[1]]
[INFO ][01-Sep-2022 13:35:08 PM] Selenium_Wrapper.click:(199) - Clicking on :[[ChromeDriver: chrome on WINDOWS (747010ebd673e3f7032b69e9fbb1ec86)] -> xpath: //a[text()='Business Accounts']]
[INFO ][01-Sep-2022 13:35:13 PM] Selenium_Wrapper.click:(199) - Clicking on :[[ChromeDriver: chrome on WINDOWS (747010ebd673e3f7032b69e9fbb1ec86)] -> xpath: (//div[@id='category']//following-sibling::ul//a)[1]]
[INFO ][01-Sep-2022 13:35:29 PM] Selenium_Wrapper.click:(199) - Clicking on :[[ChromeDriver: chrome on WINDOWS (747010ebd673e3f7032b69e9fbb1ec86)] -> xpath: //a[text()='Employee Experience']]
[INFO ][01-Sep-2022 13:35:34 PM] Selenium_Wrapper.click:(199) - Clicking on :[[ChromeDriver: chrome on WINDOWS (747010ebd673e3f7032b69e9fbb1ec86)] -> xpath: (//div[@id='category']//following-sibling::ul//a)[1]]
[INFO ][01-Sep-2022 13:35:50 PM] Selenium_Wrapper.click:(199) - Clicking on :[[ChromeDriver: chrome on WINDOWS (747010ebd673e3f7032b69e9fbb1ec86)] -> xpath: //a[text()='Personal Accounts']]
[INFO ][01-Sep-2022 13:35:56 PM] Selenium_Wrapper.click:(199) - Clicking on :[[ChromeDriver: chrome on WINDOWS (747010ebd673e3f7032b69e9fbb1ec86)] -> xpath: (//div[@id='category']//following-sibling::ul//a)[1]]
[INFO ][01-Sep-2022 13:36:11 PM] Selenium_Wrapper.click:(199) - Clicking on :[[ChromeDriver: chrome on WINDOWS (747010ebd673e3f7032b69e9fbb1ec86)] -> xpath: //a[text()='Services']]
[INFO ][01-Sep-2022 13:36:17 PM] Selenium_Wrapper.click:(199) - Clicking on :[[ChromeDriver: chrome on WINDOWS (747010ebd673e3f7032b69e9fbb1ec86)] -> xpath: (//div[@id='category']//following-sibling::ul//a)[1]]
[INFO ][01-Sep-2022 13:36:32 PM] Selenium_Wrapper.click:(199) - Clicking on :[[ChromeDriver: chrome on WINDOWS (747010ebd673e3f7032b69e9fbb1ec86)] -> xpath: //a[text()='Technology']]
[INFO ][01-Sep-2022 13:36:37 PM] Selenium_Wrapper.click:(199) - Clicking on :[[ChromeDriver: chrome on WINDOWS (747010ebd673e3f7032b69e9fbb1ec86)] -> xpath: (//div[@id='category']//following-sibling::ul//a)[1]]
[INFO ][01-Sep-2022 13:37:02 PM] Selenium_Wrapper.click:(199) - Clicking on :[[ChromeDriver: chrome on WINDOWS (747010ebd673e3f7032b69e9fbb1ec86)] -> xpath: //a[text()='VIEW A-Z INDEX']]
[INFO ][01-Sep-2022 13:37:23 PM] Selenium_Wrapper.click:(199) - Clicking on :[[ChromeDriver: chrome on WINDOWS (747010ebd673e3f7032b69e9fbb1ec86)] -> xpath: //div[@id='rn_A_ZIndex_2']//ul[@class='indexing_list']//li//a[text()='D']]
[INFO ][01-Sep-2022 13:37:37 PM] Selenium_Wrapper.click:(199) - Clicking on :[[ChromeDriver: chrome on WINDOWS (747010ebd673e3f7032b69e9fbb1ec86)] -> xpath: //div[@id='rn_A_ZIndex_2']//ul[@class='indexing_list']//li//a[text()='J']]
[INFO ][01-Sep-2022 13:37:50 PM] Selenium_Wrapper.click:(199) - Clicking on :[[ChromeDriver: chrome on WINDOWS (747010ebd673e3f7032b69e9fbb1ec86)] -> xpath: //div[@id='rn_A_ZIndex_2']//ul[@class='indexing_list']//li//a[text()='P']]
[INFO ][01-Sep-2022 13:38:03 PM] Selenium_Wrapper.click:(199) - Clicking on :[[ChromeDriver: chrome on WINDOWS (747010ebd673e3f7032b69e9fbb1ec86)] -> xpath: //div[@id='rn_A_ZIndex_2']//ul[@class='indexing_list']//li//a[text()='V']]
[INFO ][01-Sep-2022 13:38:16 PM] Selenium_Wrapper.click:(199) - Clicking on :[[ChromeDriver: chrome on WINDOWS (747010ebd673e3f7032b69e9fbb1ec86)] -> xpath: //div[@id='rn_A_ZIndex_2']//ul[@class='indexing_list']//li//a[text()='0-9']]
[INFO ][01-Sep-2022 13:38:40 PM] Selenium_Wrapper.click:(199) - Clicking on :[[ChromeDriver: chrome on WINDOWS (747010ebd673e3f7032b69e9fbb1ec86)] -> xpath: (//div[@class='rn_A_ZIndex']//div[@class='index-content']//a)[1]]
[INFO ][01-Sep-2022 13:39:06 PM] Selenium_Wrapper.enterText:(311) - Entering Text :100% First Time Home Buyer Loan in WebElement :[[ChromeDriver: chrome on WINDOWS (747010ebd673e3f7032b69e9fbb1ec86)] -> xpath: //input[@type='search']]
[INFO ][01-Sep-2022 13:39:51 PM] Selenium_Wrapper.click:(199) - Clicking on :[[ChromeDriver: chrome on WINDOWS (747010ebd673e3f7032b69e9fbb1ec86)] -> xpath: //div[@id='rn_PageTitle']//a[text()='BROWSE ALL PAGES']]
[INFO ][01-Sep-2022 13:40:12 PM] Selenium_Wrapper.click:(199) - Clicking on :[[ChromeDriver: chrome on WINDOWS (747010ebd673e3f7032b69e9fbb1ec86)] -> xpath: //a[text()='Knowledge Center']]
[INFO ][01-Sep-2022 13:40:16 PM] Selenium_Wrapper.closeCurrentBrowser:(651) - Closing the current Browser
