[INFO ][02-Jul-2024 13:34:36 PM] Selenium_Wrapper.openBrowser:(54) - Opening chrome browser.
[INFO ][02-Jul-2024 13:34:41 PM] Selenium_Wrapper.enterURL:(88) - Entering url :https://macu1--tst1.custhelp.com/AgentWeb/
[INFO ][02-Jul-2024 13:34:46 PM] Selenium_Wrapper.enterText:(317) - Entering Text :automation_testing in WebElement :[[ChromeDriver: chrome on WINDOWS (34d66eb67e725df4009180e43d192520)] -> id: username]
[INFO ][02-Jul-2024 13:34:47 PM] Selenium_Wrapper.enterText:(317) - Entering Text :Welcome123 in WebElement :[[ChromeDriver: chrome on WINDOWS (34d66eb67e725df4009180e43d192520)] -> id: password]
[INFO ][02-Jul-2024 13:34:57 PM] Selenium_Wrapper.click:(205) - Clicking on :[[ChromeDriver: chrome on WINDOWS (34d66eb67e725df4009180e43d192520)] -> id: loginbutton]
[INFO ][02-Jul-2024 13:35:39 PM] Selenium_Wrapper.click:(205) - Clicking on :[[ChromeDriver: chrome on WINDOWS (34d66eb67e725df4009180e43d192520)] -> xpath: //oj-button[@id='navigationSetBtn']]
[INFO ][02-Jul-2024 13:35:45 PM] Selenium_Wrapper.click:(205) - Clicking on :[[ChromeDriver: chrome on WINDOWS (34d66eb67e725df4009180e43d192520)] -> xpath: //div[text()='Analytics']]
[INFO ][02-Jul-2024 13:35:47 PM] Selenium_Wrapper.click:(205) - Clicking on :[[ChromeDriver: chrome on WINDOWS (34d66eb67e725df4009180e43d192520)] -> xpath: //span[text()='Reports Explorer']]
[INFO ][02-Jul-2024 13:35:53 PM] Selenium_Wrapper.click:(205) - Clicking on :[[ChromeDriver: chrome on WINDOWS (34d66eb67e725df4009180e43d192520)] -> xpath: //div[text()='Public Reports']]
[INFO ][02-Jul-2024 13:35:55 PM] Selenium_Wrapper.click:(205) - Clicking on :[[ChromeDriver: chrome on WINDOWS (34d66eb67e725df4009180e43d192520)] -> xpath: //div[text()='MACU CUSTOM REPORTS']]
[INFO ][02-Jul-2024 13:35:57 PM] Selenium_Wrapper.click:(205) - Clicking on :[[ChromeDriver: chrome on WINDOWS (34d66eb67e725df4009180e43d192520)] -> xpath: //div[text()='SoftClouds']]
[INFO ][02-Jul-2024 13:36:00 PM] Selenium_Wrapper.click:(205) - Clicking on :[[ChromeDriver: chrome on WINDOWS (34d66eb67e725df4009180e43d192520)] -> xpath: //div[text()='OKCS']]
[INFO ][02-Jul-2024 13:36:08 PM] Selenium_Wrapper.doubleClick:(286) - Double clicking on :[[ChromeDriver: chrome on WINDOWS (34d66eb67e725df4009180e43d192520)] -> xpath: //div[@class='explorer-right-panel']//div[@class='explorer-data-grid']//span[text()='Feedback Admin Report']]
[INFO ][02-Jul-2024 13:36:19 PM] Selenium_Wrapper.click:(205) - Clicking on :[[ChromeDriver: chrome on WINDOWS (34d66eb67e725df4009180e43d192520)] -> xpath: //div[@class='container wsx-flex']//div[@class='analyticsTopSection']//div[@class='select-box-root select-box-display-text-active']]
[INFO ][02-Jul-2024 13:36:37 PM] Selenium_Wrapper.click:(205) - Clicking on :[[ChromeDriver: chrome on WINDOWS (34d66eb67e725df4009180e43d192520)] -> xpath: (//span[text()='Search'])[2]]
[INFO ][02-Jul-2024 13:36:47 PM] Selenium_Wrapper.doubleClick:(286) - Double clicking on :[[ChromeDriver: chrome on WINDOWS (34d66eb67e725df4009180e43d192520)] -> xpath: //div[@class='container wsx-flex']//div[contains(@column-id,'2')][1]]
[INFO ][02-Jul-2024 13:36:56 PM] Selenium_Wrapper.click:(205) - Clicking on :[[ChromeDriver: chrome on WINDOWS (34d66eb67e725df4009180e43d192520)] -> xpath: //span[text()='Messages']]
[INFO ][02-Jul-2024 13:36:59 PM] Selenium_Wrapper.click:(205) - Clicking on :[[ChromeDriver: chrome on WINDOWS (34d66eb67e725df4009180e43d192520)] -> xpath: //div[contains(@class,'cke_wysiwyg_div ')]]
[INFO ][02-Jul-2024 13:37:00 PM] Selenium_Wrapper.enterText:(317) - Entering Text :It is working as per Expected in WebElement :[[ChromeDriver: chrome on WINDOWS (34d66eb67e725df4009180e43d192520)] -> xpath: //div[contains(@class,'cke_wysiwyg_div ')]]
[INFO ][02-Jul-2024 13:37:02 PM] Selenium_Wrapper.click:(205) - Clicking on :[[ChromeDriver: chrome on WINDOWS (34d66eb67e725df4009180e43d192520)] -> xpath: //div[@class='ws-toolbar-button-image bui-icon save-icon fa-lg']]
[INFO ][02-Jul-2024 13:37:05 PM] Selenium_Wrapper.click:(205) - Clicking on :[[ChromeDriver: chrome on WINDOWS (34d66eb67e725df4009180e43d192520)] -> xpath: //span[text()='Summary']]
[INFO ][02-Jul-2024 13:37:13 PM] Selenium_Wrapper.clickUsingActions:(255) - Clicking on :[[ChromeDriver: chrome on WINDOWS (34d66eb67e725df4009180e43d192520)] -> xpath: //div[contains(@id,'Incident_Status')][@class='display-text']]
[INFO ][02-Jul-2024 13:37:16 PM] Selenium_Wrapper.click:(205) - Clicking on :[[ChromeDriver: chrome on WINDOWS (34d66eb67e725df4009180e43d192520)] -> xpath: (//div[@title='Solved'])[1]]
[INFO ][02-Jul-2024 13:37:19 PM] Selenium_Wrapper.click:(205) - Clicking on :[[ChromeDriver: chrome on WINDOWS (34d66eb67e725df4009180e43d192520)] -> xpath: //div[@class='ws-toolbar-button-image bui-icon save-icon fa-lg']]
[INFO ][02-Jul-2024 13:37:24 PM] Selenium_Wrapper.click:(205) - Clicking on :[[ChromeDriver: chrome on WINDOWS (34d66eb67e725df4009180e43d192520)] -> xpath: (//a[@class='closeButton'])[3]]
[INFO ][02-Jul-2024 13:37:27 PM] Selenium_Wrapper.click:(205) - Clicking on :[[ChromeDriver: chrome on WINDOWS (34d66eb67e725df4009180e43d192520)] -> xpath: (//a[@class='closeButton'])[2]]
[INFO ][02-Jul-2024 13:37:30 PM] Selenium_Wrapper.click:(205) - Clicking on :[[ChromeDriver: chrome on WINDOWS (34d66eb67e725df4009180e43d192520)] -> xpath: (//a[@class='closeButton'])[1]]
[INFO ][02-Jul-2024 13:37:33 PM] Selenium_Wrapper.click:(205) - Clicking on :[[ChromeDriver: chrome on WINDOWS (34d66eb67e725df4009180e43d192520)] -> xpath: //body//oj-avatar[@initials='[[userMenuLabel]]']]
[INFO ][02-Jul-2024 13:37:37 PM] Selenium_Wrapper.click:(205) - Clicking on :[[ChromeDriver: chrome on WINDOWS (34d66eb67e725df4009180e43d192520)] -> xpath: //a//span[text()='Sign Out']]
