[INFO ][05-Jun-2024 13:49:02 PM] Selenium_Wrapper.openBrowser:(54) - Opening chrome browser.
[INFO ][05-Jun-2024 13:49:08 PM] Selenium_Wrapper.enterURL:(88) - Entering url :https://macu1--tst1.custhelp.com/app/home
[INFO ][05-Jun-2024 13:49:12 PM] Selenium_Wrapper.enterText:(317) - Entering Text :swamyk in WebElement :[[ChromeDriver: chrome on WINDOWS (0d0b9878389485d3243aedd298909272)] -> id: rn_LoginForm_2_Username]
[INFO ][05-Jun-2024 13:49:13 PM] Selenium_Wrapper.enterText:(317) - Entering Text :Soft@123 in WebElement :[[ChromeDriver: chrome on WINDOWS (0d0b9878389485d3243aedd298909272)] -> id: rn_LoginForm_2_Password]
[INFO ][05-Jun-2024 13:49:17 PM] Selenium_Wrapper.click:(205) - Clicking on :[[ChromeDriver: chrome on WINDOWS (0d0b9878389485d3243aedd298909272)] -> id: rn_LoginForm_2_Submit]
[INFO ][05-Jun-2024 13:49:23 PM] Selenium_Wrapper.click:(205) - Clicking on :[[ChromeDriver: chrome on WINDOWS (0d0b9878389485d3243aedd298909272)] -> xpath: //input[@type='search']]
[INFO ][05-Jun-2024 13:49:24 PM] Selenium_Wrapper.enterText:(317) - Entering Text :Business Use Auto Loan in WebElement :[[ChromeDriver: chrome on WINDOWS (0d0b9878389485d3243aedd298909272)] -> xpath: //input[@type='search']]
[INFO ][05-Jun-2024 13:49:37 PM] Selenium_Wrapper.click:(205) - Clicking on :[[ChromeDriver: chrome on WINDOWS (0d0b9878389485d3243aedd298909272)] -> xpath: (//div[@class='yui3-aclist-content']//li//li)[1]]
[INFO ][05-Jun-2024 13:49:41 PM] Selenium_Wrapper.click:(205) - Clicking on :[[ChromeDriver: chrome on WINDOWS (0d0b9878389485d3243aedd298909272)] -> xpath: (//div[@class='rn_SearchResultContent']//a)[1]]
[INFO ][05-Jun-2024 13:50:05 PM] Selenium_Wrapper.click:(205) - Clicking on :[[ChromeDriver: chrome on WINDOWS (0d0b9878389485d3243aedd298909272)] -> xpath: //button[@class='rn_RecommendContentButton p-0']]
[INFO ][05-Jun-2024 13:50:06 PM] Selenium_Wrapper.enterText:(317) - Entering Text :Test Improve, comments, updates in WebElement :[[ChromeDriver: chrome on WINDOWS (0d0b9878389485d3243aedd298909272)] -> id: rn_RequestUpdate_25_Description]
[INFO ][05-Jun-2024 13:50:08 PM] Selenium_Wrapper.click:(205) - Clicking on :[[ChromeDriver: chrome on WINDOWS (0d0b9878389485d3243aedd298909272)] -> xpath: //button[text()='Submit']]
[INFO ][05-Jun-2024 13:50:18 PM] Selenium_Wrapper.click:(205) - Clicking on :[[ChromeDriver: chrome on WINDOWS (0d0b9878389485d3243aedd298909272)] -> xpath: //div[@id='rnDialog2']//button[@type='button']]
[INFO ][05-Jun-2024 13:50:26 PM] Selenium_Wrapper.click:(205) - Clicking on :[[ChromeDriver: chrome on WINDOWS (0d0b9878389485d3243aedd298909272)] -> class name: knowledge]
[INFO ][05-Jun-2024 13:50:30 PM] Selenium_Wrapper.click:(205) - Clicking on :[[ChromeDriver: chrome on WINDOWS (0d0b9878389485d3243aedd298909272)] -> xpath: //div[@class='dropdown']]
[INFO ][05-Jun-2024 13:50:35 PM] Selenium_Wrapper.click:(205) - Clicking on :[[ChromeDriver: chrome on WINDOWS (0d0b9878389485d3243aedd298909272)] -> xpath: //a[text()='My Feedback']]
[INFO ][05-Jun-2024 13:50:36 PM] Selenium_Wrapper.enterText:(317) - Entering Text :Business Use Auto Loan in WebElement :[[ChromeDriver: chrome on WINDOWS (0d0b9878389485d3243aedd298909272)] -> xpath: //input[@placeholder='Search Your Feedback Report']]
[INFO ][05-Jun-2024 13:50:47 PM] Selenium_Wrapper.click:(205) - Clicking on :[[ChromeDriver: chrome on WINDOWS (0d0b9878389485d3243aedd298909272)] -> xpath: //div[@class='rn_SearchInput1 mt-3']//span[@class='btn-srch-icon']//i[@class='fa fa-search']]
[INFO ][05-Jun-2024 13:51:10 PM] Selenium_Wrapper.click:(205) - Clicking on :[[ChromeDriver: chrome on WINDOWS (0d0b9878389485d3243aedd298909272)] -> xpath: (//tbody[@class='yui3-datatable-data']//a)[1]]
[INFO ][05-Jun-2024 13:51:39 PM] Selenium_Wrapper.click:(205) - Clicking on :[[ChromeDriver: chrome on WINDOWS (0d0b9878389485d3243aedd298909272)] -> class name: knowledge]
[INFO ][05-Jun-2024 13:51:44 PM] Selenium_Wrapper.closeCurrentBrowser:(657) - Closing the current Browser
[INFO ][05-Jun-2024 13:51:45 PM] Selenium_Wrapper.openBrowser:(54) - Opening chrome browser.
[INFO ][05-Jun-2024 13:51:54 PM] Selenium_Wrapper.enterURL:(88) - Entering url :https://macu1--tst1.custhelp.com/AgentWeb/
[INFO ][05-Jun-2024 13:51:58 PM] Selenium_Wrapper.enterText:(317) - Entering Text :automation_testing in WebElement :[[ChromeDriver: chrome on WINDOWS (b060e43a3f66b058f0b9597222267c49)] -> id: username]
[INFO ][05-Jun-2024 13:51:59 PM] Selenium_Wrapper.enterText:(317) - Entering Text :Welcome123 in WebElement :[[ChromeDriver: chrome on WINDOWS (b060e43a3f66b058f0b9597222267c49)] -> id: password]
[INFO ][05-Jun-2024 13:52:13 PM] Selenium_Wrapper.click:(205) - Clicking on :[[ChromeDriver: chrome on WINDOWS (b060e43a3f66b058f0b9597222267c49)] -> id: loginbutton]
[INFO ][05-Jun-2024 13:52:50 PM] Selenium_Wrapper.click:(205) - Clicking on :[[ChromeDriver: chrome on WINDOWS (b060e43a3f66b058f0b9597222267c49)] -> id: navigationSetBtn]
[INFO ][05-Jun-2024 13:52:52 PM] Selenium_Wrapper.click:(205) - Clicking on :[[ChromeDriver: chrome on WINDOWS (b060e43a3f66b058f0b9597222267c49)] -> xpath: //div[text()='Analytics']]
[INFO ][05-Jun-2024 13:52:54 PM] Selenium_Wrapper.click:(205) - Clicking on :[[ChromeDriver: chrome on WINDOWS (b060e43a3f66b058f0b9597222267c49)] -> xpath: //span[text()='Reports Explorer']]
[INFO ][05-Jun-2024 13:52:57 PM] Selenium_Wrapper.click:(205) - Clicking on :[[ChromeDriver: chrome on WINDOWS (b060e43a3f66b058f0b9597222267c49)] -> xpath: //div[text()='Public Reports']]
[INFO ][05-Jun-2024 13:52:59 PM] Selenium_Wrapper.click:(205) - Clicking on :[[ChromeDriver: chrome on WINDOWS (b060e43a3f66b058f0b9597222267c49)] -> xpath: //div[text()='MACU CUSTOM REPORTS']]
[INFO ][05-Jun-2024 13:53:01 PM] Selenium_Wrapper.click:(205) - Clicking on :[[ChromeDriver: chrome on WINDOWS (b060e43a3f66b058f0b9597222267c49)] -> xpath: //div[text()='SoftClouds']]
[INFO ][05-Jun-2024 13:53:03 PM] Selenium_Wrapper.click:(205) - Clicking on :[[ChromeDriver: chrome on WINDOWS (b060e43a3f66b058f0b9597222267c49)] -> xpath: //div[text()='OKCS']]
[INFO ][05-Jun-2024 13:53:15 PM] Selenium_Wrapper.doubleClick:(286) - Double clicking on :[[ChromeDriver: chrome on WINDOWS (b060e43a3f66b058f0b9597222267c49)] -> xpath: //div[@class='explorer-right-panel']//div[@class='explorer-data-grid']//span[text()='Feedback Admin Report']]
[INFO ][05-Jun-2024 13:53:28 PM] Selenium_Wrapper.click:(205) - Clicking on :[[ChromeDriver: chrome on WINDOWS (b060e43a3f66b058f0b9597222267c49)] -> xpath: //div[@class='container wsx-flex']//div[@class='analyticsTopSection']//div[@class='select-box-root select-box-display-text-active']]
[INFO ][05-Jun-2024 13:53:30 PM] Selenium_Wrapper.click:(205) - Clicking on :[[ChromeDriver: chrome on WINDOWS (b060e43a3f66b058f0b9597222267c49)] -> xpath: (//span[text()='Search'])[2]]
[INFO ][05-Jun-2024 13:53:39 PM] Selenium_Wrapper.doubleClick:(286) - Double clicking on :[[ChromeDriver: chrome on WINDOWS (b060e43a3f66b058f0b9597222267c49)] -> xpath: //div[@class='container wsx-flex']//div[contains(@column-id,'2')][1]]
[INFO ][05-Jun-2024 13:53:50 PM] Selenium_Wrapper.click:(205) - Clicking on :[[ChromeDriver: chrome on WINDOWS (b060e43a3f66b058f0b9597222267c49)] -> xpath: //span[text()='Messages']]
[INFO ][05-Jun-2024 13:53:52 PM] Selenium_Wrapper.click:(205) - Clicking on :[[ChromeDriver: chrome on WINDOWS (b060e43a3f66b058f0b9597222267c49)] -> xpath: //div[contains(@class,'cke_wysiwyg_div ')]]
[INFO ][05-Jun-2024 13:53:54 PM] Selenium_Wrapper.enterText:(317) - Entering Text :It is working as per Expected in WebElement :[[ChromeDriver: chrome on WINDOWS (b060e43a3f66b058f0b9597222267c49)] -> xpath: //div[contains(@class,'cke_wysiwyg_div ')]]
[INFO ][05-Jun-2024 13:53:56 PM] Selenium_Wrapper.click:(205) - Clicking on :[[ChromeDriver: chrome on WINDOWS (b060e43a3f66b058f0b9597222267c49)] -> xpath: //div[@class='ws-toolbar-button-image bui-icon save-icon fa-lg']]
[INFO ][05-Jun-2024 13:53:58 PM] Selenium_Wrapper.click:(205) - Clicking on :[[ChromeDriver: chrome on WINDOWS (b060e43a3f66b058f0b9597222267c49)] -> xpath: //span[text()='Summary']]
[INFO ][05-Jun-2024 13:54:05 PM] Selenium_Wrapper.clickUsingActions:(255) - Clicking on :[[ChromeDriver: chrome on WINDOWS (b060e43a3f66b058f0b9597222267c49)] -> xpath: (//div[text()='Waiting'])[2]]
[INFO ][05-Jun-2024 13:54:09 PM] Selenium_Wrapper.click:(205) - Clicking on :[[ChromeDriver: chrome on WINDOWS (b060e43a3f66b058f0b9597222267c49)] -> xpath: (//div[@title='Solved'])[1]]
[INFO ][05-Jun-2024 13:54:13 PM] Selenium_Wrapper.click:(205) - Clicking on :[[ChromeDriver: chrome on WINDOWS (b060e43a3f66b058f0b9597222267c49)] -> xpath: //div[@class='ws-toolbar-button-image bui-icon save-icon fa-lg']]
[INFO ][05-Jun-2024 13:54:19 PM] Selenium_Wrapper.click:(205) - Clicking on :[[ChromeDriver: chrome on WINDOWS (b060e43a3f66b058f0b9597222267c49)] -> xpath: (//a[@class='closeButton'])[3]]
[INFO ][05-Jun-2024 13:54:23 PM] Selenium_Wrapper.click:(205) - Clicking on :[[ChromeDriver: chrome on WINDOWS (b060e43a3f66b058f0b9597222267c49)] -> xpath: (//a[@class='closeButton'])[2]]
[INFO ][05-Jun-2024 13:54:27 PM] Selenium_Wrapper.click:(205) - Clicking on :[[ChromeDriver: chrome on WINDOWS (b060e43a3f66b058f0b9597222267c49)] -> xpath: (//a[@class='closeButton'])[1]]
[INFO ][05-Jun-2024 13:54:40 PM] Selenium_Wrapper.click:(205) - Clicking on :[[ChromeDriver: chrome on WINDOWS (b060e43a3f66b058f0b9597222267c49)] -> xpath: //body//oj-avatar[@initials='[[userMenuLabel]]']]
[INFO ][05-Jun-2024 13:54:44 PM] Selenium_Wrapper.click:(205) - Clicking on :[[ChromeDriver: chrome on WINDOWS (b060e43a3f66b058f0b9597222267c49)] -> xpath: //a//span[text()='Sign Out']]
[INFO ][05-Jun-2024 13:54:53 PM] Selenium_Wrapper.click:(205) - Clicking on :[[ChromeDriver: chrome on WINDOWS (b060e43a3f66b058f0b9597222267c49)] -> xpath: //a[text()='Click here']]
[INFO ][05-Jun-2024 13:54:56 PM] Selenium_Wrapper.closeCurrentBrowser:(657) - Closing the current Browser
