[INFO ][05-Jun-2024 13:40:42 PM] Selenium_Wrapper.openBrowser:(54) - Opening chrome browser.
[INFO ][05-Jun-2024 13:40:45 PM] Selenium_Wrapper.enterURL:(88) - Entering url :https://macu1--tst1.custhelp.com/AgentWeb/
[INFO ][05-Jun-2024 13:40:49 PM] Selenium_Wrapper.enterText:(317) - Entering Text :automation_testing in WebElement :[[ChromeDriver: chrome on WINDOWS (90416a2bf898eb5e9c00b13db3bdd455)] -> id: username]
[INFO ][05-Jun-2024 13:40:51 PM] Selenium_Wrapper.enterText:(317) - Entering Text :Welcome123 in WebElement :[[ChromeDriver: chrome on WINDOWS (90416a2bf898eb5e9c00b13db3bdd455)] -> id: password]
[INFO ][05-Jun-2024 13:41:01 PM] Selenium_Wrapper.click:(205) - Clicking on :[[ChromeDriver: chrome on WINDOWS (90416a2bf898eb5e9c00b13db3bdd455)] -> id: loginbutton]
[INFO ][05-Jun-2024 13:41:19 PM] Selenium_Wrapper.click:(205) - Clicking on :[[ChromeDriver: chrome on WINDOWS (90416a2bf898eb5e9c00b13db3bdd455)] -> id: navigationSetBtn]
[INFO ][05-Jun-2024 13:41:21 PM] Selenium_Wrapper.click:(205) - Clicking on :[[ChromeDriver: chrome on WINDOWS (90416a2bf898eb5e9c00b13db3bdd455)] -> xpath: //div[@automationid='Configuration']]
[INFO ][05-Jun-2024 13:41:23 PM] Selenium_Wrapper.click:(205) - Clicking on :[[ChromeDriver: chrome on WINDOWS (90416a2bf898eb5e9c00b13db3bdd455)] -> xpath: //div[text()='Service']]
[INFO ][05-Jun-2024 13:41:25 PM] Selenium_Wrapper.click:(205) - Clicking on :[[ChromeDriver: chrome on WINDOWS (90416a2bf898eb5e9c00b13db3bdd455)] -> xpath: //div[text()='Knowledge Advanced']]
[INFO ][05-Jun-2024 13:41:27 PM] Selenium_Wrapper.click:(205) - Clicking on :[[ChromeDriver: chrome on WINDOWS (90416a2bf898eb5e9c00b13db3bdd455)] -> xpath: //span[text()='Authoring']]
[INFO ][05-Jun-2024 13:41:39 PM] Selenium_Wrapper.click:(205) - Clicking on :[[ChromeDriver: chrome on WINDOWS (90416a2bf898eb5e9c00b13db3bdd455)] -> xpath: //div[@id='rntab']//ul//li[@testidentifier='MainNavBar_Content']//a]
[INFO ][05-Jun-2024 13:41:49 PM] Selenium_Wrapper.click:(205) - Clicking on :[[ChromeDriver: chrome on WINDOWS (90416a2bf898eb5e9c00b13db3bdd455)] -> xpath: //div[text()='Process']//following-sibling::a[@testidentifier='ContentNavBar_Add_Process']]
[INFO ][05-Jun-2024 13:41:51 PM] Selenium_Wrapper.enterText:(317) - Entering Text :TestingArticle in WebElement :[[ChromeDriver: chrome on WINDOWS (90416a2bf898eb5e9c00b13db3bdd455)] -> xpath: //input[@testidentifier='Content_ContentType_Add_SUMMARY']]
[INFO ][05-Jun-2024 13:41:53 PM] Selenium_Wrapper.enterText:(317) - Entering Text :Criticals in WebElement :[[ChromeDriver: chrome on WINDOWS (90416a2bf898eb5e9c00b13db3bdd455)] -> xpath: //input[@testidentifier='Content_ContentType_Add_KEYWORD']]
[INFO ][05-Jun-2024 13:41:56 PM] Selenium_Wrapper.click:(205) - Clicking on :[[ChromeDriver: chrome on WINDOWS (90416a2bf898eb5e9c00b13db3bdd455)] -> xpath: ((//span[@class='cke_bottom cke_reset_all'])[1]//preceding-sibling::*)[2]]
[INFO ][05-Jun-2024 13:42:02 PM] Selenium_Wrapper.enterText:(317) - Entering Text :contentinfo 'Reach out to your immediate supervisor with questions.' in WebElement :[[ChromeDriver: chrome on WINDOWS (90416a2bf898eb5e9c00b13db3bdd455)] -> xpath: //body[@class='cke_editable cke_editable_themed cke_contents_ltr cke_show_borders']]
[INFO ][05-Jun-2024 13:42:09 PM] Selenium_Wrapper.click:(205) - Clicking on :[[ChromeDriver: chrome on WINDOWS (90416a2bf898eb5e9c00b13db3bdd455)] -> xpath: ((//span[@class='cke_bottom cke_reset_all'])[2]//preceding-sibling::*)[2]]
[INFO ][05-Jun-2024 13:42:15 PM] Selenium_Wrapper.enterText:(317) - Entering Text :COVID-19 Update:  Find additional information on COVID-19 Branch & Service Center Operations\n * Vaccine\n * Similar to the flu shot, we encourage you to take a lunch hour or go after work if you choose to receive the vaccine.\n * You should be able to easily schedule a time to receive a vaccine. * Take PTO if an adverse reaction occurs. * Take PTO if an adverse reaction occurs * First URL of the pageArticle Link * Second URL of the page * Third URL of the page * The few documented cases of a stronger reaction indicate that the affects typically last one to two days. * Have an open conversation with your manager if other accommodations are necessary. * The cost of the vaccine is covered by insurance. * Mask Mandates * As the counties and health departments begin to relax their mask mandates, MACU will address this as follows: * The mask mandate requirement for team members will remain in place for the foreseeable future. * Mask guidance for members will follow State, County and Health department guidelines for those areas. * Personal Protection Equipment (PPE) * Order masks and other PArticle LinkPE by submitting a ServiceNow Facilities ticket. * Items available * Cotopaxi masks ($7 each) * Hand sanitizer * Gloves * Disposable masks * Sanitation wipes * Employee Resources * Mountain America is here for you! Check out these resources: * MACU Desktop Citrix ReceiverWorkspace Step-by-Step Surface Devices Step-by-Step * Microsoft Teams Step-by-Step * Multi-Factor Authentication (MFA) Step-by-Step * Remote Work Agreement * Setting up Your New Laptop * Surface Devices Step-by-Step in WebElement :[[ChromeDriver: chrome on WINDOWS (90416a2bf898eb5e9c00b13db3bdd455)] -> xpath: //body[@class='cke_editable cke_editable_themed cke_contents_ltr cke_show_borders']]
[INFO ][05-Jun-2024 13:42:20 PM] Selenium_Wrapper.click:(205) - Clicking on :[[ChromeDriver: chrome on WINDOWS (90416a2bf898eb5e9c00b13db3bdd455)] -> xpath: //span[text()='Jump To']]
[INFO ][05-Jun-2024 13:42:24 PM] Selenium_Wrapper.click:(205) - Clicking on :[[ChromeDriver: chrome on WINDOWS (90416a2bf898eb5e9c00b13db3bdd455)] -> xpath: (//a[@class='cke_button cke_button__image cke_button_off'])[3]]
[INFO ][05-Jun-2024 13:42:27 PM] Selenium_Wrapper.click:(205) - Clicking on :[[ChromeDriver: chrome on WINDOWS (90416a2bf898eb5e9c00b13db3bdd455)] -> xpath: (//span[text()='Browse Server'])[1]]
[INFO ][05-Jun-2024 13:42:44 PM] Selenium_Wrapper.click:(205) - Clicking on :[[ChromeDriver: chrome on WINDOWS (90416a2bf898eb5e9c00b13db3bdd455)] -> xpath: //a[text()='MACU_VIEW']]
[INFO ][05-Jun-2024 13:43:01 PM] Selenium_Wrapper.click:(205) - Clicking on :[[ChromeDriver: chrome on WINDOWS (90416a2bf898eb5e9c00b13db3bdd455)] -> xpath: //table//span[text()='OK']]
[INFO ][05-Jun-2024 13:43:11 PM] Selenium_Wrapper.click:(205) - Clicking on :[[ChromeDriver: chrome on WINDOWS (90416a2bf898eb5e9c00b13db3bdd455)] -> xpath: (//span[@class='cke_button_icon cke_button__addarticlelink_icon'])[4]]
[INFO ][05-Jun-2024 13:43:18 PM] Selenium_Wrapper.enterText:(317) - Entering Text :1000124 in WebElement :[[ChromeDriver: chrome on WINDOWS (90416a2bf898eb5e9c00b13db3bdd455)] -> xpath: (//div[text()='Article Link']//following::input)[3]]
[INFO ][05-Jun-2024 13:43:19 PM] Selenium_Wrapper.enterText:(317) - Entering Text :Article Link in WebElement :[[ChromeDriver: chrome on WINDOWS (90416a2bf898eb5e9c00b13db3bdd455)] -> xpath: (//div[text()='Article Link']//following::input)[5]]
[INFO ][05-Jun-2024 13:43:21 PM] Selenium_Wrapper.click:(205) - Clicking on :[[ChromeDriver: chrome on WINDOWS (90416a2bf898eb5e9c00b13db3bdd455)] -> xpath: (//div[@class='cke_dialog_body']//span[text()='OK'])[2]]
[INFO ][05-Jun-2024 13:43:25 PM] Selenium_Wrapper.click:(205) - Clicking on :[[ChromeDriver: chrome on WINDOWS (90416a2bf898eb5e9c00b13db3bdd455)] -> xpath: ((//span[@class='cke_bottom cke_reset_all'])[5]//preceding-sibling::*)[2]]
[INFO ][05-Jun-2024 13:43:28 PM] Selenium_Wrapper.enterText:(317) - Entering Text :BasicInfo - Remote Work * -Use the following resources when connecting to work applications remotely in WebElement :[[ChromeDriver: chrome on WINDOWS (90416a2bf898eb5e9c00b13db3bdd455)] -> xpath: //body[@class='cke_editable cke_editable_themed cke_contents_ltr cke_show_borders']]
[INFO ][05-Jun-2024 13:43:34 PM] Selenium_Wrapper.click:(205) - Clicking on :[[ChromeDriver: chrome on WINDOWS (90416a2bf898eb5e9c00b13db3bdd455)] -> xpath: ((//span[@class='cke_bottom cke_reset_all'])[6]//preceding-sibling::*)[2]]
[INFO ][05-Jun-2024 13:43:38 PM] Selenium_Wrapper.enterText:(317) - Entering Text :BasicContactInfo -Remote Work * -Use the following resources when connecting to work applications remotely * -Cisco Finesse Step-by-Step * -Cisco Jabber Step-by-Step * -Electronic Communication and Information Basic Info * -Extend Surface Device Battery Life Step-by-Step * -MACU Desktop Citrix ReceiverWorkspace Step-by-Step Surface Devices Step-by-Step * -Microsoft Teams Step-by-Step * -Multi-Factor Authentication (MFA) Step-by-Step * -Remote Work Agreement * -Setting up Your New Laptop * -Surface Devices Step-by-Step in WebElement :[[ChromeDriver: chrome on WINDOWS (90416a2bf898eb5e9c00b13db3bdd455)] -> xpath: //body[@class='cke_editable cke_editable_themed cke_contents_ltr cke_show_borders']]
[INFO ][05-Jun-2024 13:43:44 PM] Selenium_Wrapper.click:(205) - Clicking on :[[ChromeDriver: chrome on WINDOWS (90416a2bf898eb5e9c00b13db3bdd455)] -> xpath: ((//span[@class='cke_bottom cke_reset_all'])[7]//preceding-sibling::*)[2]]
[INFO ][05-Jun-2024 13:43:48 PM] Selenium_Wrapper.enterText:(317) - Entering Text :Steps- Employee Resources in WebElement :[[ChromeDriver: chrome on WINDOWS (90416a2bf898eb5e9c00b13db3bdd455)] -> xpath: //body[@class='cke_editable cke_editable_themed cke_contents_ltr cke_show_borders']]
[INFO ][05-Jun-2024 13:43:53 PM] Selenium_Wrapper.click:(205) - Clicking on :[[ChromeDriver: chrome on WINDOWS (90416a2bf898eb5e9c00b13db3bdd455)] -> xpath: ((//span[@class='cke_bottom cke_reset_all'])[8]//preceding-sibling::*)[2]]
[INFO ][05-Jun-2024 13:43:57 PM] Selenium_Wrapper.enterText:(317) - Entering Text :StepsContactInfo - Mountain America is here for you! Check out these resources: * Report COVID-19 in the Workplace * Contact Tracing for COVID-19 * COVID-19 Pay Options * Corporate FSR * Employee Assistance Program (EAP) * Employee Loans * Infectious Disease * MACU Facility Standards * Mountain America Center Meetings & Events * Medical Leave of Absence * Personal Time Off (PTO) * Tanner Meetings & Events * Thrive Clinic * The CareATC Patient Access Center is currently performing all appointment scheduling activities. Our clinics are not currently accepting walk-in or self-scheduled patients. To schedule an appointment, contact the clinic 800-993-8244. * Thrive Fitness Centers * Travel Pay *Traveling Branch Employees in WebElement :[[ChromeDriver: chrome on WINDOWS (90416a2bf898eb5e9c00b13db3bdd455)] -> xpath: //body[@class='cke_editable cke_editable_themed cke_contents_ltr cke_show_borders']]
[INFO ][05-Jun-2024 13:44:03 PM] Selenium_Wrapper.click:(205) - Clicking on :[[ChromeDriver: chrome on WINDOWS (90416a2bf898eb5e9c00b13db3bdd455)] -> xpath: ((//span[@class='cke_bottom cke_reset_all'])[9]//preceding-sibling::*)[2]]
[INFO ][05-Jun-2024 13:44:07 PM] Selenium_Wrapper.enterText:(317) - Entering Text :Forms_Resources - Mask Mandates in WebElement :[[ChromeDriver: chrome on WINDOWS (90416a2bf898eb5e9c00b13db3bdd455)] -> xpath: //body[@class='cke_editable cke_editable_themed cke_contents_ltr cke_show_borders']]
[INFO ][05-Jun-2024 13:44:12 PM] Selenium_Wrapper.click:(205) - Clicking on :[[ChromeDriver: chrome on WINDOWS (90416a2bf898eb5e9c00b13db3bdd455)] -> xpath: ((//span[@class='cke_bottom cke_reset_all'])[10]//preceding-sibling::*)[2]]
[INFO ][05-Jun-2024 13:44:20 PM] Selenium_Wrapper.enterText:(317) - Entering Text :Forms_Resources_Content- As the counties and health departments begin to relax their mask mandates, MACU will address this as follows: * The mask mandate requirement for team members will remain in place for the foreseeable future. * Mask guidance for members will follow State, County and Health department guidelines for those areas. in WebElement :[[ChromeDriver: chrome on WINDOWS (90416a2bf898eb5e9c00b13db3bdd455)] -> xpath: //body[@class='cke_editable cke_editable_themed cke_contents_ltr cke_show_borders']]
[INFO ][05-Jun-2024 13:44:26 PM] Selenium_Wrapper.click:(205) - Clicking on :[[ChromeDriver: chrome on WINDOWS (90416a2bf898eb5e9c00b13db3bdd455)] -> xpath: ((//span[@class='cke_bottom cke_reset_all'])[11]//preceding-sibling::*)[2]]
[INFO ][05-Jun-2024 13:44:32 PM] Selenium_Wrapper.enterText:(317) - Entering Text :SalesConnections-Sales Connections in WebElement :[[ChromeDriver: chrome on WINDOWS (90416a2bf898eb5e9c00b13db3bdd455)] -> xpath: //body[@class='cke_editable cke_editable_themed cke_contents_ltr cke_show_borders']]
[INFO ][05-Jun-2024 13:44:40 PM] Selenium_Wrapper.click:(205) - Clicking on :[[ChromeDriver: chrome on WINDOWS (90416a2bf898eb5e9c00b13db3bdd455)] -> xpath: //span[text()='Teams']//following::select//option[text()='Accounting & Finance']]
[INFO ][05-Jun-2024 13:44:42 PM] Selenium_Wrapper.click:(205) - Clicking on :[[ChromeDriver: chrome on WINDOWS (90416a2bf898eb5e9c00b13db3bdd455)] -> xpath: //span[text()='Compliance']//preceding-sibling::input]
[INFO ][05-Jun-2024 13:44:45 PM] Selenium_Wrapper.click:(205) - Clicking on :[[ChromeDriver: chrome on WINDOWS (90416a2bf898eb5e9c00b13db3bdd455)] -> xpath: //span[text()='No ']//preceding-sibling::input]
[INFO ][05-Jun-2024 13:44:59 PM] Selenium_Wrapper.click:(205) - Clicking on :[[ChromeDriver: chrome on WINDOWS (90416a2bf898eb5e9c00b13db3bdd455)] -> xpath: //span[text()='Major Change']//preceding-sibling::input]
[INFO ][05-Jun-2024 13:45:01 PM] Selenium_Wrapper.click:(205) - Clicking on :[[ChromeDriver: chrome on WINDOWS (90416a2bf898eb5e9c00b13db3bdd455)] -> xpath: //span[text()='Corporate/Branch/Service Center']//following::select//option[text()='Service Center']]
[INFO ][05-Jun-2024 13:45:03 PM] Selenium_Wrapper.click:(205) - Clicking on :[[ChromeDriver: chrome on WINDOWS (90416a2bf898eb5e9c00b13db3bdd455)] -> xpath: //span[text()='Department']//following::select//option[text()='0004 SEG Development Team']]
[INFO ][05-Jun-2024 13:45:05 PM] Selenium_Wrapper.click:(205) - Clicking on :[[ChromeDriver: chrome on WINDOWS (90416a2bf898eb5e9c00b13db3bdd455)] -> xpath: //span[text()='Manager Level']//following::select//option[text()='Assistant Manager']]
[INFO ][05-Jun-2024 13:45:07 PM] Selenium_Wrapper.click:(205) - Clicking on :[[ChromeDriver: chrome on WINDOWS (90416a2bf898eb5e9c00b13db3bdd455)] -> xpath: //span[contains(text(),'time with')]//following::select//option[contains(text(),'1 Month ')]]
[INFO ][05-Jun-2024 13:45:10 PM] Selenium_Wrapper.click:(205) - Clicking on :[[ChromeDriver: chrome on WINDOWS (90416a2bf898eb5e9c00b13db3bdd455)] -> xpath: //span[contains(text(),'Branch Name')]//following::select//option[contains(text(),'Albuquerque - Golf Course Road Branch')]]
[INFO ][05-Jun-2024 13:45:12 PM] Selenium_Wrapper.click:(205) - Clicking on :[[ChromeDriver: chrome on WINDOWS (90416a2bf898eb5e9c00b13db3bdd455)] -> xpath: //span[contains(text(),'Branch Area')]//following::select//option[contains(text(),'Teton')]]
[INFO ][05-Jun-2024 13:45:14 PM] Selenium_Wrapper.click:(205) - Clicking on :[[ChromeDriver: chrome on WINDOWS (90416a2bf898eb5e9c00b13db3bdd455)] -> xpath: (//span[contains(text(),'Primary Tag')]//following::select//option[contains(text(),'AAA')])[1]]
[INFO ][05-Jun-2024 13:45:16 PM] Selenium_Wrapper.click:(205) - Clicking on :[[ChromeDriver: chrome on WINDOWS (90416a2bf898eb5e9c00b13db3bdd455)] -> xpath: (//span[contains(text(),'Primary Tag')]//following::select//option[contains(text(),'AAA')])[4]]
[INFO ][05-Jun-2024 13:45:18 PM] Selenium_Wrapper.click:(205) - Clicking on :[[ChromeDriver: chrome on WINDOWS (90416a2bf898eb5e9c00b13db3bdd455)] -> xpath: (//span[contains(text(),'Primary Tag')]//following::select//option[contains(text(),'AAA')])[6]]
[INFO ][05-Jun-2024 13:45:21 PM] Selenium_Wrapper.click:(205) - Clicking on :[[ChromeDriver: chrome on WINDOWS (90416a2bf898eb5e9c00b13db3bdd455)] -> xpath: //input[@testidentifier='ContentAttributes_RepoViewSelection']]
[INFO ][05-Jun-2024 13:45:24 PM] Selenium_Wrapper.click:(205) - Clicking on :[[ChromeDriver: chrome on WINDOWS (90416a2bf898eb5e9c00b13db3bdd455)] -> xpath: //div[@id='AVAIL']//tr//td//span[contains(text(),'AAA')]]
[INFO ][05-Jun-2024 13:45:32 PM] Selenium_Wrapper.click:(205) - Clicking on :[[ChromeDriver: chrome on WINDOWS (90416a2bf898eb5e9c00b13db3bdd455)] -> xpath: //div[@id='AVAIL']//tr//td//span[text()='Member Connect']]
[INFO ][05-Jun-2024 13:45:34 PM] Selenium_Wrapper.click:(205) - Clicking on :[[ChromeDriver: chrome on WINDOWS (90416a2bf898eb5e9c00b13db3bdd455)] -> xpath: //div[@id='AVAIL']//tr//td//span[text()='New Account Framework']]
[INFO ][05-Jun-2024 13:45:36 PM] Selenium_Wrapper.click:(205) - Clicking on :[[ChromeDriver: chrome on WINDOWS (90416a2bf898eb5e9c00b13db3bdd455)] -> xpath: //a[text()='Add']]
[INFO ][05-Jun-2024 13:45:40 PM] Selenium_Wrapper.click:(205) - Clicking on :[[ChromeDriver: chrome on WINDOWS (90416a2bf898eb5e9c00b13db3bdd455)] -> xpath: //select[@class='dropdown']]
[INFO ][05-Jun-2024 13:45:42 PM] Selenium_Wrapper.click:(205) - Clicking on :[[ChromeDriver: chrome on WINDOWS (90416a2bf898eb5e9c00b13db3bdd455)] -> xpath: //select[@class='dropdown']//option[text()='Search']]
[INFO ][05-Jun-2024 13:45:44 PM] Selenium_Wrapper.enterText:(317) - Entering Text :Business Accounts in WebElement :[[ChromeDriver: chrome on WINDOWS (90416a2bf898eb5e9c00b13db3bdd455)] -> xpath: //input[@value='Enter search string']]
[INFO ][05-Jun-2024 13:45:46 PM] Selenium_Wrapper.click:(205) - Clicking on :[[ChromeDriver: chrome on WINDOWS (90416a2bf898eb5e9c00b13db3bdd455)] -> xpath: //strong[text()='Business Accounts']]
[INFO ][05-Jun-2024 13:45:48 PM] Selenium_Wrapper.click:(205) - Clicking on :[[ChromeDriver: chrome on WINDOWS (90416a2bf898eb5e9c00b13db3bdd455)] -> xpath: //a[text()='Add']]
[INFO ][05-Jun-2024 13:45:51 PM] Selenium_Wrapper.click:(205) - Clicking on :[[ChromeDriver: chrome on WINDOWS (90416a2bf898eb5e9c00b13db3bdd455)] -> xpath: //span[text()='Asset Management']]
[INFO ][05-Jun-2024 13:45:53 PM] Selenium_Wrapper.click:(205) - Clicking on :[[ChromeDriver: chrome on WINDOWS (90416a2bf898eb5e9c00b13db3bdd455)] -> xpath: //a[text()='Add']]
[INFO ][05-Jun-2024 13:45:56 PM] Selenium_Wrapper.click:(205) - Clicking on :[[ChromeDriver: chrome on WINDOWS (90416a2bf898eb5e9c00b13db3bdd455)] -> xpath: //input[@name='notifySubscribers']]
[INFO ][05-Jun-2024 13:45:58 PM] Selenium_Wrapper.click:(205) - Clicking on :[[ChromeDriver: chrome on WINDOWS (90416a2bf898eb5e9c00b13db3bdd455)] -> xpath: //a[text()='Save Document']]
[INFO ][05-Jun-2024 13:46:22 PM] Selenium_Wrapper.click:(205) - Clicking on :[[ChromeDriver: chrome on WINDOWS (90416a2bf898eb5e9c00b13db3bdd455)] -> xpath: //a[text()='Approve']]
[INFO ][05-Jun-2024 13:46:29 PM] Selenium_Wrapper.click:(205) - Clicking on :[[ChromeDriver: chrome on WINDOWS (90416a2bf898eb5e9c00b13db3bdd455)] -> xpath: //a[text()='Approve']]
[INFO ][05-Jun-2024 13:46:36 PM] Selenium_Wrapper.click:(205) - Clicking on :[[ChromeDriver: chrome on WINDOWS (90416a2bf898eb5e9c00b13db3bdd455)] -> xpath: //a[text()='Approve']]
[ERROR][05-Jun-2024 13:46:41 PM] Selenium_Wrapper.highlightWebElement:(423) - org.openqa.selenium.NoSuchElementException: no such element: Unable to locate element: {"method":"xpath","selector":"//span[text()='Closed']"}
  (Session info: chrome=125.0.6422.142)
For documentation on this error, please visit: https://www.seleniumhq.org/exceptions/no_such_element.html
Build info: version: '3.141.59', revision: 'e82be7d358', time: '2018-11-14T08:17:03'
System info: host: 'SC-CAF-CND84305', ip: '192.168.85.14', os.name: 'Windows 10', os.arch: 'amd64', os.version: '10.0', java.version: '21.0.2'
Driver info: org.openqa.selenium.chrome.ChromeDriver
Capabilities {acceptInsecureCerts: false, browserName: chrome, browserVersion: 125.0.6422.142, chrome: {chromedriverVersion: 125.0.6422.141 (4b1e8393712..., userDataDir: C:\Users\SWAMYK~1\AppData\L...}, fedcm:accounts: true, goog:chromeOptions: {debuggerAddress: localhost:50296}, javascriptEnabled: true, networkConnectionEnabled: false, pageLoadStrategy: normal, platform: WINDOWS, platformName: WINDOWS, proxy: Proxy(), setWindowRect: true, strictFileInteractability: false, timeouts: {implicit: 0, pageLoad: 300000, script: 30000}, unhandledPromptBehavior: dismiss and notify, webauthn:extension:credBlob: true, webauthn:extension:largeBlob: true, webauthn:extension:minPinLength: true, webauthn:extension:prf: true, webauthn:virtualAuthenticators: true}
Session ID: 90416a2bf898eb5e9c00b13db3bdd455
*** Element info: {Using=xpath, value=//span[text()='Closed']}
[INFO ][05-Jun-2024 13:47:10 PM] Selenium_Wrapper.click:(205) - Clicking on :[[ChromeDriver: chrome on WINDOWS (90416a2bf898eb5e9c00b13db3bdd455)] -> xpath: (//a[text()='Done'])[1]]
[INFO ][05-Jun-2024 13:47:17 PM] Selenium_Wrapper.click:(205) - Clicking on :[[ChromeDriver: chrome on WINDOWS (90416a2bf898eb5e9c00b13db3bdd455)] -> xpath: //a[@class='closeButton']]
[INFO ][05-Jun-2024 13:47:27 PM] Selenium_Wrapper.click:(205) - Clicking on :[[ChromeDriver: chrome on WINDOWS (90416a2bf898eb5e9c00b13db3bdd455)] -> xpath: //body//oj-avatar[@initials='[[userMenuLabel]]']]
[INFO ][05-Jun-2024 13:47:31 PM] Selenium_Wrapper.click:(205) - Clicking on :[[ChromeDriver: chrome on WINDOWS (90416a2bf898eb5e9c00b13db3bdd455)] -> xpath: //a//span[text()='Sign Out']]
[INFO ][05-Jun-2024 13:47:37 PM] Selenium_Wrapper.closeCurrentBrowser:(657) - Closing the current Browser
[INFO ][05-Jun-2024 13:47:38 PM] Selenium_Wrapper.openBrowser:(54) - Opening chrome browser.
[INFO ][05-Jun-2024 13:47:49 PM] Selenium_Wrapper.enterURL:(88) - Entering url :https://macu1--tst1.custhelp.com/app/home
[INFO ][05-Jun-2024 13:47:53 PM] Selenium_Wrapper.enterText:(317) - Entering Text :swamyk in WebElement :[[ChromeDriver: chrome on WINDOWS (891f5eed488fd96594db59fc3e21d673)] -> id: rn_LoginForm_2_Username]
[INFO ][05-Jun-2024 13:47:54 PM] Selenium_Wrapper.enterText:(317) - Entering Text :Soft@123 in WebElement :[[ChromeDriver: chrome on WINDOWS (891f5eed488fd96594db59fc3e21d673)] -> id: rn_LoginForm_2_Password]
[INFO ][05-Jun-2024 13:47:58 PM] Selenium_Wrapper.click:(205) - Clicking on :[[ChromeDriver: chrome on WINDOWS (891f5eed488fd96594db59fc3e21d673)] -> id: rn_LoginForm_2_Submit]
[INFO ][05-Jun-2024 13:48:26 PM] Selenium_Wrapper.closeCurrentBrowser:(657) - Closing the current Browser
