[INFO ][04-Nov-2021 13:41:57 pm] Selenium_Wrapper.openBrowser:(48) - Opening chrome browser.
[INFO ][04-Nov-2021 13:42:06 pm] Selenium_Wrapper.enterURL:(82) - Entering url :https://macu1--tst.custhelp.com/app/home
[INFO ][04-Nov-2021 13:42:10 pm] Selenium_Wrapper.enterText:(311) - Entering Text :pramodk in WebElement :[[ChromeDriver: chrome on WINDOWS (e802688659c3b4c23b0ae353ee4f433a)] -> id: rn_LoginForm_2_Username]
[INFO ][04-Nov-2021 13:42:11 pm] Selenium_Wrapper.enterText:(311) - Entering Text :Soft@123 in WebElement :[[ChromeDriver: chrome on WINDOWS (e802688659c3b4c23b0ae353ee4f433a)] -> id: rn_LoginForm_2_Password]
[INFO ][04-Nov-2021 13:42:15 pm] Selenium_Wrapper.click:(199) - Clicking on :[[ChromeDriver: chrome on WINDOWS (e802688659c3b4c23b0ae353ee4f433a)] -> id: rn_LoginForm_2_Submit]
[INFO ][04-Nov-2021 13:42:23 pm] Selenium_Wrapper.click:(199) - Clicking on :[[ChromeDriver: chrome on WINDOWS (e802688659c3b4c23b0ae353ee4f433a)] -> xpath: //div[@class='dropdown']]
[INFO ][04-Nov-2021 13:42:44 pm] Selenium_Wrapper.click:(199) - Clicking on :[[ChromeDriver: chrome on WINDOWS (e802688659c3b4c23b0ae353ee4f433a)] -> xpath: //div[@class='rn_HoverBookmark']//a[contains(text(),'COVID-19 Critical Updates')]]
[INFO ][04-Nov-2021 13:42:44 pm] QuickNavigation.testAssertBookmarkArticle:(45) - Assert Done
[INFO ][04-Nov-2021 13:42:47 pm] Selenium_Wrapper.click:(199) - Clicking on :[[ChromeDriver: chrome on WINDOWS (e802688659c3b4c23b0ae353ee4f433a)] -> class name: knowledge]
[INFO ][04-Nov-2021 13:42:51 pm] Selenium_Wrapper.click:(199) - Clicking on :[[ChromeDriver: chrome on WINDOWS (e802688659c3b4c23b0ae353ee4f433a)] -> xpath: //input[@type='search']]
[INFO ][04-Nov-2021 13:42:52 pm] Selenium_Wrapper.enterText:(311) - Entering Text :Flexible Work in WebElement :[[ChromeDriver: chrome on WINDOWS (e802688659c3b4c23b0ae353ee4f433a)] -> xpath: //input[@type='search']]
[INFO ][04-Nov-2021 13:43:00 pm] Selenium_Wrapper.click:(199) - Clicking on :[[ChromeDriver: chrome on WINDOWS (e802688659c3b4c23b0ae353ee4f433a)] -> xpath: //ul[@aria-label='Suggested Search']//li[normalize-space()='Flexible Work']]
[INFO ][04-Nov-2021 13:43:03 pm] Selenium_Wrapper.click:(199) - Clicking on :[[ChromeDriver: chrome on WINDOWS (e802688659c3b4c23b0ae353ee4f433a)] -> xpath: //div[@class='rn_SearchResultContent']//a[text()='Flexible Work']]
[INFO ][04-Nov-2021 13:43:13 pm] Selenium_Wrapper.click:(199) - Clicking on :[[ChromeDriver: chrome on WINDOWS (e802688659c3b4c23b0ae353ee4f433a)] -> class name: knowledge]
[INFO ][04-Nov-2021 13:43:21 pm] Selenium_Wrapper.click:(199) - Clicking on :[[ChromeDriver: chrome on WINDOWS (e802688659c3b4c23b0ae353ee4f433a)] -> xpath: //div[@class='dropdown']]
[INFO ][04-Nov-2021 13:43:44 pm] Selenium_Wrapper.click:(199) - Clicking on :[[ChromeDriver: chrome on WINDOWS (e802688659c3b4c23b0ae353ee4f433a)] -> xpath: //a[text()='SEE MORE']]
[INFO ][04-Nov-2021 13:44:22 pm] Selenium_Wrapper.click:(199) - Clicking on :[[ChromeDriver: chrome on WINDOWS (e802688659c3b4c23b0ae353ee4f433a)] -> class name: knowledge]
[INFO ][04-Nov-2021 13:44:26 pm] Selenium_Wrapper.click:(199) - Clicking on :[[ChromeDriver: chrome on WINDOWS (e802688659c3b4c23b0ae353ee4f433a)] -> xpath: //div[@class='dropdown']]
[INFO ][04-Nov-2021 13:44:34 pm] Selenium_Wrapper.click:(199) - Clicking on :[[ChromeDriver: chrome on WINDOWS (e802688659c3b4c23b0ae353ee4f433a)] -> xpath: //div[@class='dropdown-content']//a[normalize-space()='My Bookmarks']]
[INFO ][04-Nov-2021 13:44:42 pm] Selenium_Wrapper.click:(199) - Clicking on :[[ChromeDriver: chrome on WINDOWS (e802688659c3b4c23b0ae353ee4f433a)] -> xpath: //select[@class='BookmarkFilter']]
[INFO ][04-Nov-2021 13:44:47 pm] Selenium_Wrapper.click:(199) - Clicking on :[[ChromeDriver: chrome on WINDOWS (e802688659c3b4c23b0ae353ee4f433a)] -> xpath: //select[@class='BookmarkFilter']//option[text()='Alphabetical A-Z']]
[INFO ][04-Nov-2021 13:44:53 pm] Selenium_Wrapper.click:(199) - Clicking on :[[ChromeDriver: chrome on WINDOWS (e802688659c3b4c23b0ae353ee4f433a)] -> class name: knowledge]
[INFO ][04-Nov-2021 13:44:56 pm] Selenium_Wrapper.click:(199) - Clicking on :[[ChromeDriver: chrome on WINDOWS (e802688659c3b4c23b0ae353ee4f433a)] -> xpath: //div[@class='dropdown']]
[INFO ][04-Nov-2021 13:45:01 pm] Selenium_Wrapper.click:(199) - Clicking on :[[ChromeDriver: chrome on WINDOWS (e802688659c3b4c23b0ae353ee4f433a)] -> xpath: //div[@class='dropdown-content']//a[normalize-space()='My Notifications']]
[INFO ][04-Nov-2021 13:45:07 pm] Selenium_Wrapper.click:(199) - Clicking on :[[ChromeDriver: chrome on WINDOWS (e802688659c3b4c23b0ae353ee4f433a)] -> xpath: //a[text()='browse all PAGES']]
[INFO ][04-Nov-2021 13:45:18 pm] Selenium_Wrapper.click:(199) - Clicking on :[[ChromeDriver: chrome on WINDOWS (e802688659c3b4c23b0ae353ee4f433a)] -> xpath: //a[text()='VIEW A-Z INDEX']]
[INFO ][04-Nov-2021 13:45:28 pm] Selenium_Wrapper.click:(199) - Clicking on :[[ChromeDriver: chrome on WINDOWS (e802688659c3b4c23b0ae353ee4f433a)] -> class name: knowledge]
[INFO ][04-Nov-2021 13:45:31 pm] Selenium_Wrapper.closeCurrentBrowser:(650) - Closing the current Browser
