[INFO ][02-Jul-2024 13:40:17 PM] Selenium_Wrapper.openBrowser:(54) - Opening chrome browser.
[INFO ][02-Jul-2024 13:40:23 PM] Selenium_Wrapper.enterURL:(88) - Entering url :https://macu1--tst1.custhelp.com/AgentWeb/
[INFO ][02-Jul-2024 13:40:27 PM] Selenium_Wrapper.enterText:(317) - Entering Text :automation_testing in WebElement :[[ChromeDriver: chrome on WINDOWS (1e208e9f55906af020099b497e8f522f)] -> id: username]
[INFO ][02-Jul-2024 13:40:29 PM] Selenium_Wrapper.enterText:(317) - Entering Text :Welcome123 in WebElement :[[ChromeDriver: chrome on WINDOWS (1e208e9f55906af020099b497e8f522f)] -> id: password]
[INFO ][02-Jul-2024 13:41:02 PM] Selenium_Wrapper.click:(205) - Clicking on :[[ChromeDriver: chrome on WINDOWS (1e208e9f55906af020099b497e8f522f)] -> id: loginbutton]
[INFO ][02-Jul-2024 13:41:14 PM] Selenium_Wrapper.click:(205) - Clicking on :[[ChromeDriver: chrome on WINDOWS (1e208e9f55906af020099b497e8f522f)] -> id: navigationSetBtn]
[INFO ][02-Jul-2024 13:41:20 PM] Selenium_Wrapper.click:(205) - Clicking on :[[ChromeDriver: chrome on WINDOWS (1e208e9f55906af020099b497e8f522f)] -> xpath: //div[@automationid='Configuration']]
[INFO ][02-Jul-2024 13:41:22 PM] Selenium_Wrapper.click:(205) - Clicking on :[[ChromeDriver: chrome on WINDOWS (1e208e9f55906af020099b497e8f522f)] -> xpath: //div[text()='Service']]
[INFO ][02-Jul-2024 13:41:24 PM] Selenium_Wrapper.click:(205) - Clicking on :[[ChromeDriver: chrome on WINDOWS (1e208e9f55906af020099b497e8f522f)] -> xpath: //div[text()='Knowledge Advanced']]
[INFO ][02-Jul-2024 13:41:26 PM] Selenium_Wrapper.click:(205) - Clicking on :[[ChromeDriver: chrome on WINDOWS (1e208e9f55906af020099b497e8f522f)] -> xpath: //span[text()='Authoring']]
[INFO ][02-Jul-2024 13:41:38 PM] Selenium_Wrapper.click:(205) - Clicking on :[[ChromeDriver: chrome on WINDOWS (1e208e9f55906af020099b497e8f522f)] -> xpath: //div[@id='rntab']//ul//li[@testidentifier='MainNavBar_Content']//a]
[INFO ][02-Jul-2024 13:41:45 PM] Selenium_Wrapper.click:(205) - Clicking on :[[ChromeDriver: chrome on WINDOWS (1e208e9f55906af020099b497e8f522f)] -> xpath: //div[text()='Process']//following-sibling::a[@testidentifier='ContentNavBar_List_Process']]
[INFO ][02-Jul-2024 13:41:49 PM] Selenium_Wrapper.click:(205) - Clicking on :[[ChromeDriver: chrome on WINDOWS (1e208e9f55906af020099b497e8f522f)] -> xpath: //select[@testidentifier='ContentSearchResults_DocumentClassPulldown']]
[INFO ][02-Jul-2024 13:41:53 PM] Selenium_Wrapper.click:(205) - Clicking on :[[ChromeDriver: chrome on WINDOWS (1e208e9f55906af020099b497e8f522f)] -> xpath: //select[@testidentifier='ContentSearchResults_DocumentClassPulldown']//option[text()='All Documents']]
[INFO ][02-Jul-2024 13:42:00 PM] Selenium_Wrapper.click:(205) - Clicking on :[[ChromeDriver: chrome on WINDOWS (1e208e9f55906af020099b497e8f522f)] -> xpath: (//a[text()='TestingArticle'])[1]]
[INFO ][02-Jul-2024 13:42:08 PM] Selenium_Wrapper.click:(205) - Clicking on :[[ChromeDriver: chrome on WINDOWS (1e208e9f55906af020099b497e8f522f)] -> xpath: //a[text()='Edit Document']]
[INFO ][02-Jul-2024 13:42:20 PM] Selenium_Wrapper.enterText:(317) - Entering Text :TestingArticle - Edited in WebElement :[[ChromeDriver: chrome on WINDOWS (1e208e9f55906af020099b497e8f522f)] -> xpath: //input[@testidentifier='Content_ContentType_Add_SUMMARY']]
[INFO ][02-Jul-2024 13:42:26 PM] Selenium_Wrapper.enterText:(317) - Entering Text :Some Important Updates in WebElement :[[ChromeDriver: chrome on WINDOWS (1e208e9f55906af020099b497e8f522f)] -> xpath: //textarea[@class='editfields']]
[INFO ][02-Jul-2024 13:42:28 PM] Selenium_Wrapper.click:(205) - Clicking on :[[ChromeDriver: chrome on WINDOWS (1e208e9f55906af020099b497e8f522f)] -> xpath: //a[text()='Save and Continue Editing']]
[INFO ][02-Jul-2024 13:42:36 PM] Selenium_Wrapper.enterText:(317) - Entering Text :Criticals - Edited in WebElement :[[ChromeDriver: chrome on WINDOWS (1e208e9f55906af020099b497e8f522f)] -> xpath: //input[@testidentifier='Content_ContentType_Add_KEYWORD']]
[INFO ][02-Jul-2024 13:42:42 PM] Selenium_Wrapper.enterText:(317) - Entering Text :Some Important Updates in WebElement :[[ChromeDriver: chrome on WINDOWS (1e208e9f55906af020099b497e8f522f)] -> xpath: //textarea[@class='editfields']]
[INFO ][02-Jul-2024 13:42:44 PM] Selenium_Wrapper.click:(205) - Clicking on :[[ChromeDriver: chrome on WINDOWS (1e208e9f55906af020099b497e8f522f)] -> xpath: //a[text()='Save Document']]
[INFO ][02-Jul-2024 13:42:52 PM] Selenium_Wrapper.click:(205) - Clicking on :[[ChromeDriver: chrome on WINDOWS (1e208e9f55906af020099b497e8f522f)] -> xpath: //a[text()='Bypass Workflow/Publish']]
[INFO ][02-Jul-2024 13:42:59 PM] Selenium_Wrapper.click:(205) - Clicking on :[[ChromeDriver: chrome on WINDOWS (1e208e9f55906af020099b497e8f522f)] -> xpath: (//a[text()='Done'])[1]]
[INFO ][02-Jul-2024 13:43:06 PM] Selenium_Wrapper.click:(205) - Clicking on :[[ChromeDriver: chrome on WINDOWS (1e208e9f55906af020099b497e8f522f)] -> xpath: //a[@class='closeButton']]
[INFO ][02-Jul-2024 13:43:12 PM] Selenium_Wrapper.click:(205) - Clicking on :[[ChromeDriver: chrome on WINDOWS (1e208e9f55906af020099b497e8f522f)] -> xpath: //body//oj-avatar[@initials='[[userMenuLabel]]']]
[INFO ][02-Jul-2024 13:43:16 PM] Selenium_Wrapper.click:(205) - Clicking on :[[ChromeDriver: chrome on WINDOWS (1e208e9f55906af020099b497e8f522f)] -> xpath: //a//span[text()='Sign Out']]
[INFO ][02-Jul-2024 13:43:22 PM] Selenium_Wrapper.closeCurrentBrowser:(657) - Closing the current Browser
[INFO ][02-Jul-2024 13:43:26 PM] Selenium_Wrapper.openBrowser:(54) - Opening chrome browser.
[INFO ][02-Jul-2024 13:43:35 PM] Selenium_Wrapper.enterURL:(88) - Entering url :https://macu1--tst1.custhelp.com/app/home
[INFO ][02-Jul-2024 13:43:39 PM] Selenium_Wrapper.enterText:(317) - Entering Text :swamyk in WebElement :[[ChromeDriver: chrome on WINDOWS (c7de6474e3c39b98ddc987bc20615bc8)] -> id: rn_LoginForm_2_Username]
[INFO ][02-Jul-2024 13:43:41 PM] Selenium_Wrapper.enterText:(317) - Entering Text :Soft@123 in WebElement :[[ChromeDriver: chrome on WINDOWS (c7de6474e3c39b98ddc987bc20615bc8)] -> id: rn_LoginForm_2_Password]
[INFO ][02-Jul-2024 13:43:45 PM] Selenium_Wrapper.click:(205) - Clicking on :[[ChromeDriver: chrome on WINDOWS (c7de6474e3c39b98ddc987bc20615bc8)] -> id: rn_LoginForm_2_Submit]
[INFO ][02-Jul-2024 13:44:12 PM] Selenium_Wrapper.closeCurrentBrowser:(657) - Closing the current Browser
