[INFO ][01-Sep-2022 13:57:21 PM] Selenium_Wrapper.openBrowser:(48) - Opening chrome browser.
[INFO ][01-Sep-2022 13:57:29 PM] Selenium_Wrapper.enterURL:(82) - Entering url :https://macu1--upgrade.custhelp.com/
[INFO ][01-Sep-2022 13:57:33 PM] Selenium_Wrapper.enterText:(311) - Entering Text :pramodk in WebElement :[[ChromeDriver: chrome on WINDOWS (d2643a576998f96c819c5f53bc2a30ba)] -> id: rn_LoginForm_2_Username]
[INFO ][01-Sep-2022 13:57:34 PM] Selenium_Wrapper.enterText:(311) - Entering Text :Soft@123 in WebElement :[[ChromeDriver: chrome on WINDOWS (d2643a576998f96c819c5f53bc2a30ba)] -> id: rn_LoginForm_2_Password]
[INFO ][01-Sep-2022 13:57:42 PM] Selenium_Wrapper.click:(199) - Clicking on :[[ChromeDriver: chrome on WINDOWS (d2643a576998f96c819c5f53bc2a30ba)] -> id: rn_LoginForm_2_Submit]
[INFO ][01-Sep-2022 13:57:56 PM] Selenium_Wrapper.click:(199) - Clicking on :[[ChromeDriver: chrome on WINDOWS (d2643a576998f96c819c5f53bc2a30ba)] -> xpath: //input[@type='search']]
[INFO ][01-Sep-2022 13:57:57 PM] Selenium_Wrapper.enterText:(311) - Entering Text :Auto Loan in WebElement :[[ChromeDriver: chrome on WINDOWS (d2643a576998f96c819c5f53bc2a30ba)] -> xpath: //input[@type='search']]
[INFO ][01-Sep-2022 13:58:12 PM] Selenium_Wrapper.click:(199) - Clicking on :[[ChromeDriver: chrome on WINDOWS (d2643a576998f96c819c5f53bc2a30ba)] -> xpath: //ul[@aria-label='Suggested Search']//li[normalize-space()='Auto Loan']]
[INFO ][01-Sep-2022 13:58:19 PM] Selenium_Wrapper.click:(199) - Clicking on :[[ChromeDriver: chrome on WINDOWS (d2643a576998f96c819c5f53bc2a30ba)] -> xpath: //div[@class='rn_SearchResultContent']//a[text()='Auto Loan']]
[ERROR][01-Sep-2022 13:58:26 PM] Selenium_Wrapper.highlightWebElement:(417) - org.openqa.selenium.NoSuchElementException: no such element: Unable to locate element: {"method":"xpath","selector":"//div[@class='rn_SchemaAttributeValue']//h5[text()='JUMP TO']"}
  (Session info: chrome=105.0.5195.54)
For documentation on this error, please visit: https://www.seleniumhq.org/exceptions/no_such_element.html
Build info: version: '3.141.59', revision: 'e82be7d358', time: '2018-11-14T08:17:03'
System info: host: 'QA-SWAMYK', ip: '192.168.0.4', os.name: 'Windows 10', os.arch: 'amd64', os.version: '10.0', java.version: '11.0.10'
Driver info: org.openqa.selenium.chrome.ChromeDriver
Capabilities {acceptInsecureCerts: false, browserName: chrome, browserVersion: 105.0.5195.54, chrome: {chromedriverVersion: 105.0.5195.52 (412c95e51883..., userDataDir: C:\Users\SWAMYK~1\AppData\L...}, goog:chromeOptions: {debuggerAddress: localhost:56580}, javascriptEnabled: true, networkConnectionEnabled: false, pageLoadStrategy: normal, platform: WINDOWS, platformName: WINDOWS, proxy: Proxy(), setWindowRect: true, strictFileInteractability: false, timeouts: {implicit: 0, pageLoad: 300000, script: 30000}, unhandledPromptBehavior: dismiss and notify, webauthn:extension:credBlob: true, webauthn:extension:largeBlob: true, webauthn:virtualAuthenticators: true}
Session ID: d2643a576998f96c819c5f53bc2a30ba
*** Element info: {Using=xpath, value=//div[@class='rn_SchemaAttributeValue']//h5[text()='JUMP TO']}
[INFO ][01-Sep-2022 13:58:37 PM] Selenium_Wrapper.click:(199) - Clicking on :[[ChromeDriver: chrome on WINDOWS (d2643a576998f96c819c5f53bc2a30ba)] -> xpath: (//div[@class='rn_SchemaAttributeValue']//a)[1]]
[INFO ][01-Sep-2022 13:59:04 PM] Selenium_Wrapper.click:(199) - Clicking on :[[ChromeDriver: chrome on WINDOWS (d2643a576998f96c819c5f53bc2a30ba)] -> id: relatedPages_headingOne]
[INFO ][01-Sep-2022 13:59:11 PM] Selenium_Wrapper.click:(199) - Clicking on :[[ChromeDriver: chrome on WINDOWS (d2643a576998f96c819c5f53bc2a30ba)] -> id: relatedPages_headingOne]
[INFO ][01-Sep-2022 13:59:21 PM] Selenium_Wrapper.click:(199) - Clicking on :[[ChromeDriver: chrome on WINDOWS (d2643a576998f96c819c5f53bc2a30ba)] -> id: rn_SearchHome_18_SearchInput]
[INFO ][01-Sep-2022 13:59:23 PM] Selenium_Wrapper.enterText:(311) - Entering Text :Auto Loan in WebElement :[[ChromeDriver: chrome on WINDOWS (d2643a576998f96c819c5f53bc2a30ba)] -> id: rn_SearchHome_18_SearchInput]
[INFO ][01-Sep-2022 13:59:34 PM] Selenium_Wrapper.click:(199) - Clicking on :[[ChromeDriver: chrome on WINDOWS (d2643a576998f96c819c5f53bc2a30ba)] -> xpath: //ul[@aria-label='Suggested Search']//li[@class='rn_SuggestionItem'][normalize-space()='Auto Loan']]
[INFO ][01-Sep-2022 13:59:43 PM] Selenium_Wrapper.click:(199) - Clicking on :[[ChromeDriver: chrome on WINDOWS (d2643a576998f96c819c5f53bc2a30ba)] -> xpath: //div[@class='rn_SearchResultContent']//a[text()='Auto Loan']]
[INFO ][01-Sep-2022 13:59:59 PM] Selenium_Wrapper.click:(199) - Clicking on :[[ChromeDriver: chrome on WINDOWS (d2643a576998f96c819c5f53bc2a30ba)] -> xpath: //button[@class='rn_RecommendContentButton p-0']]
[ERROR][01-Sep-2022 14:00:04 PM] MyFeedback.testFeedbackPage:(97) - Request Updates, Comments, Thumbs Up & Down Test is un-successfull
