[INFO ][05-Jun-2024 13:55:29 PM] Selenium_Wrapper.openBrowser:(54) - Opening chrome browser.
[INFO ][05-Jun-2024 13:55:33 PM] Selenium_Wrapper.enterURL:(88) - Entering url :https://macu1--tst1.custhelp.com/AgentWeb/
[INFO ][05-Jun-2024 13:55:37 PM] Selenium_Wrapper.enterText:(317) - Entering Text :automation_testing in WebElement :[[ChromeDriver: chrome on WINDOWS (cc2be4fecf4a7ce6190a2178a77b181f)] -> id: username]
[INFO ][05-Jun-2024 13:55:38 PM] Selenium_Wrapper.enterText:(317) - Entering Text :Welcome123 in WebElement :[[ChromeDriver: chrome on WINDOWS (cc2be4fecf4a7ce6190a2178a77b181f)] -> id: password]
[INFO ][05-Jun-2024 13:55:47 PM] Selenium_Wrapper.click:(205) - Clicking on :[[ChromeDriver: chrome on WINDOWS (cc2be4fecf4a7ce6190a2178a77b181f)] -> id: loginbutton]
[INFO ][05-Jun-2024 13:56:08 PM] Selenium_Wrapper.click:(205) - Clicking on :[[ChromeDriver: chrome on WINDOWS (cc2be4fecf4a7ce6190a2178a77b181f)] -> xpath: //oj-button[@id='navigationSetBtn']]
[INFO ][05-Jun-2024 13:56:14 PM] Selenium_Wrapper.click:(205) - Clicking on :[[ChromeDriver: chrome on WINDOWS (cc2be4fecf4a7ce6190a2178a77b181f)] -> xpath: //div[text()='Analytics']]
[INFO ][05-Jun-2024 13:56:17 PM] Selenium_Wrapper.click:(205) - Clicking on :[[ChromeDriver: chrome on WINDOWS (cc2be4fecf4a7ce6190a2178a77b181f)] -> xpath: //span[text()='Reports Explorer']]
[INFO ][05-Jun-2024 13:56:19 PM] Selenium_Wrapper.click:(205) - Clicking on :[[ChromeDriver: chrome on WINDOWS (cc2be4fecf4a7ce6190a2178a77b181f)] -> xpath: //div[text()='Public Reports']]
[INFO ][05-Jun-2024 13:56:21 PM] Selenium_Wrapper.click:(205) - Clicking on :[[ChromeDriver: chrome on WINDOWS (cc2be4fecf4a7ce6190a2178a77b181f)] -> xpath: //div[text()='MACU CUSTOM REPORTS']]
[INFO ][05-Jun-2024 13:56:24 PM] Selenium_Wrapper.click:(205) - Clicking on :[[ChromeDriver: chrome on WINDOWS (cc2be4fecf4a7ce6190a2178a77b181f)] -> xpath: //div[text()='SoftClouds']]
[INFO ][05-Jun-2024 13:56:26 PM] Selenium_Wrapper.click:(205) - Clicking on :[[ChromeDriver: chrome on WINDOWS (cc2be4fecf4a7ce6190a2178a77b181f)] -> xpath: //div[text()='OKCS']]
[INFO ][05-Jun-2024 13:56:34 PM] Selenium_Wrapper.doubleClick:(286) - Double clicking on :[[ChromeDriver: chrome on WINDOWS (cc2be4fecf4a7ce6190a2178a77b181f)] -> xpath: //div[@class='explorer-right-panel']//div[@class='explorer-data-grid']//span[text()='Feedback Admin Report']]
[INFO ][05-Jun-2024 13:56:44 PM] Selenium_Wrapper.click:(205) - Clicking on :[[ChromeDriver: chrome on WINDOWS (cc2be4fecf4a7ce6190a2178a77b181f)] -> xpath: //div[@class='container wsx-flex']//div[@class='analyticsTopSection']//div[@class='select-box-root select-box-display-text-active']]
[INFO ][05-Jun-2024 13:57:02 PM] Selenium_Wrapper.click:(205) - Clicking on :[[ChromeDriver: chrome on WINDOWS (cc2be4fecf4a7ce6190a2178a77b181f)] -> xpath: (//span[text()='Search'])[2]]
[INFO ][05-Jun-2024 13:57:11 PM] Selenium_Wrapper.doubleClick:(286) - Double clicking on :[[ChromeDriver: chrome on WINDOWS (cc2be4fecf4a7ce6190a2178a77b181f)] -> xpath: //div[@class='container wsx-flex']//div[contains(@column-id,'2')][1]]
[INFO ][05-Jun-2024 13:57:20 PM] Selenium_Wrapper.click:(205) - Clicking on :[[ChromeDriver: chrome on WINDOWS (cc2be4fecf4a7ce6190a2178a77b181f)] -> xpath: //span[text()='Messages']]
[INFO ][05-Jun-2024 13:57:22 PM] Selenium_Wrapper.click:(205) - Clicking on :[[ChromeDriver: chrome on WINDOWS (cc2be4fecf4a7ce6190a2178a77b181f)] -> xpath: //div[contains(@class,'cke_wysiwyg_div ')]]
[INFO ][05-Jun-2024 13:57:23 PM] Selenium_Wrapper.enterText:(317) - Entering Text :It is working as per Expected in WebElement :[[ChromeDriver: chrome on WINDOWS (cc2be4fecf4a7ce6190a2178a77b181f)] -> xpath: //div[contains(@class,'cke_wysiwyg_div ')]]
[INFO ][05-Jun-2024 13:57:26 PM] Selenium_Wrapper.click:(205) - Clicking on :[[ChromeDriver: chrome on WINDOWS (cc2be4fecf4a7ce6190a2178a77b181f)] -> xpath: //div[@class='ws-toolbar-button-image bui-icon save-icon fa-lg']]
[INFO ][05-Jun-2024 13:57:28 PM] Selenium_Wrapper.click:(205) - Clicking on :[[ChromeDriver: chrome on WINDOWS (cc2be4fecf4a7ce6190a2178a77b181f)] -> xpath: //span[text()='Summary']]
[INFO ][05-Jun-2024 13:57:35 PM] Selenium_Wrapper.clickUsingActions:(255) - Clicking on :[[ChromeDriver: chrome on WINDOWS (cc2be4fecf4a7ce6190a2178a77b181f)] -> xpath: //div[contains(@id,'Incident_Status')][@class='display-text']]
[INFO ][05-Jun-2024 13:57:38 PM] Selenium_Wrapper.click:(205) - Clicking on :[[ChromeDriver: chrome on WINDOWS (cc2be4fecf4a7ce6190a2178a77b181f)] -> xpath: (//div[@title='Solved'])[1]]
[INFO ][05-Jun-2024 13:57:41 PM] Selenium_Wrapper.click:(205) - Clicking on :[[ChromeDriver: chrome on WINDOWS (cc2be4fecf4a7ce6190a2178a77b181f)] -> xpath: //div[@class='ws-toolbar-button-image bui-icon save-icon fa-lg']]
[INFO ][05-Jun-2024 13:57:46 PM] Selenium_Wrapper.click:(205) - Clicking on :[[ChromeDriver: chrome on WINDOWS (cc2be4fecf4a7ce6190a2178a77b181f)] -> xpath: (//a[@class='closeButton'])[3]]
[INFO ][05-Jun-2024 13:57:49 PM] Selenium_Wrapper.click:(205) - Clicking on :[[ChromeDriver: chrome on WINDOWS (cc2be4fecf4a7ce6190a2178a77b181f)] -> xpath: (//a[@class='closeButton'])[2]]
[INFO ][05-Jun-2024 13:57:52 PM] Selenium_Wrapper.click:(205) - Clicking on :[[ChromeDriver: chrome on WINDOWS (cc2be4fecf4a7ce6190a2178a77b181f)] -> xpath: (//a[@class='closeButton'])[1]]
[INFO ][05-Jun-2024 13:57:55 PM] Selenium_Wrapper.click:(205) - Clicking on :[[ChromeDriver: chrome on WINDOWS (cc2be4fecf4a7ce6190a2178a77b181f)] -> xpath: //body//oj-avatar[@initials='[[userMenuLabel]]']]
[INFO ][05-Jun-2024 13:57:59 PM] Selenium_Wrapper.click:(205) - Clicking on :[[ChromeDriver: chrome on WINDOWS (cc2be4fecf4a7ce6190a2178a77b181f)] -> xpath: //a//span[text()='Sign Out']]
[INFO ][05-Jun-2024 13:58:01 PM] Selenium_Wrapper.closeCurrentBrowser:(657) - Closing the current Browser
