[INFO ][06-Feb-2024 13:54:20 PM] Selenium_Wrapper.openBrowser:(48) - Opening chrome browser.
[INFO ][06-Feb-2024 13:54:26 PM] Selenium_Wrapper.enterURL:(82) - Entering url :https://macu1--tst1.custhelp.com/app/home
[INFO ][06-Feb-2024 13:54:31 PM] Selenium_Wrapper.enterText:(311) - Entering Text :swamyk in WebElement :[[ChromeDriver: chrome on WINDOWS (c3b8c4bd1e351a3de7f0be08a032b36a)] -> id: rn_LoginForm_2_Username]
[INFO ][06-Feb-2024 13:54:32 PM] Selenium_Wrapper.enterText:(311) - Entering Text :Soft@123 in WebElement :[[ChromeDriver: chrome on WINDOWS (c3b8c4bd1e351a3de7f0be08a032b36a)] -> id: rn_LoginForm_2_Password]
[INFO ][06-Feb-2024 13:54:39 PM] Selenium_Wrapper.click:(199) - Clicking on :[[ChromeDriver: chrome on WINDOWS (c3b8c4bd1e351a3de7f0be08a032b36a)] -> id: rn_LoginForm_2_Submit]
[INFO ][06-Feb-2024 13:54:47 PM] Selenium_Wrapper.click:(199) - Clicking on :[[ChromeDriver: chrome on WINDOWS (c3b8c4bd1e351a3de7f0be08a032b36a)] -> xpath: //input[@type='search']]
[INFO ][06-Feb-2024 13:54:48 PM] Selenium_Wrapper.enterText:(311) - Entering Text :Business Auto Loan - ALPS 1.0 in WebElement :[[ChromeDriver: chrome on WINDOWS (c3b8c4bd1e351a3de7f0be08a032b36a)] -> xpath: //input[@type='search']]
[INFO ][06-Feb-2024 13:55:02 PM] Selenium_Wrapper.click:(199) - Clicking on :[[ChromeDriver: chrome on WINDOWS (c3b8c4bd1e351a3de7f0be08a032b36a)] -> xpath: (//div[@class='yui3-aclist-content']//li//li)[1]]
[INFO ][06-Feb-2024 13:55:09 PM] Selenium_Wrapper.click:(199) - Clicking on :[[ChromeDriver: chrome on WINDOWS (c3b8c4bd1e351a3de7f0be08a032b36a)] -> xpath: (//div[@class='rn_SearchResultContent']//a)[1]]
[INFO ][06-Feb-2024 13:55:31 PM] Selenium_Wrapper.click:(199) - Clicking on :[[ChromeDriver: chrome on WINDOWS (c3b8c4bd1e351a3de7f0be08a032b36a)] -> xpath: //div[@class='main_image_div']//div[@class='thumbs_up_down'][2]]
[INFO ][06-Feb-2024 13:55:42 PM] Selenium_Wrapper.click:(199) - Clicking on :[[ChromeDriver: chrome on WINDOWS (c3b8c4bd1e351a3de7f0be08a032b36a)] -> xpath: //textarea[@class='rn_DocumentTextArea']]
[INFO ][06-Feb-2024 13:55:44 PM] Selenium_Wrapper.enterText:(311) - Entering Text :Flexible Work - ThumbDown Comments in WebElement :[[ChromeDriver: chrome on WINDOWS (c3b8c4bd1e351a3de7f0be08a032b36a)] -> xpath: //textarea[@class='rn_DocumentTextArea']]
[INFO ][06-Feb-2024 13:55:49 PM] Selenium_Wrapper.click:(199) - Clicking on :[[ChromeDriver: chrome on WINDOWS (c3b8c4bd1e351a3de7f0be08a032b36a)] -> xpath: //button[text()='SUBMIT']]
[INFO ][06-Feb-2024 13:55:54 PM] Selenium_Wrapper.click:(199) - Clicking on :[[ChromeDriver: chrome on WINDOWS (c3b8c4bd1e351a3de7f0be08a032b36a)] -> xpath: //button[@class='yui3-button yui3-button-close']]
[INFO ][06-Feb-2024 13:56:01 PM] Selenium_Wrapper.click:(199) - Clicking on :[[ChromeDriver: chrome on WINDOWS (c3b8c4bd1e351a3de7f0be08a032b36a)] -> xpath: //div[@class='dropdown']]
[INFO ][06-Feb-2024 13:56:09 PM] Selenium_Wrapper.click:(199) - Clicking on :[[ChromeDriver: chrome on WINDOWS (c3b8c4bd1e351a3de7f0be08a032b36a)] -> xpath: //a[text()='My Feedback']]
[INFO ][06-Feb-2024 13:56:35 PM] Selenium_Wrapper.click:(199) - Clicking on :[[ChromeDriver: chrome on WINDOWS (c3b8c4bd1e351a3de7f0be08a032b36a)] -> xpath: ((//table//tbody)[2]//a)[1]]
[INFO ][06-Feb-2024 13:57:07 PM] Selenium_Wrapper.click:(199) - Clicking on :[[ChromeDriver: chrome on WINDOWS (c3b8c4bd1e351a3de7f0be08a032b36a)] -> class name: knowledge]
[INFO ][06-Feb-2024 13:57:10 PM] Selenium_Wrapper.closeCurrentBrowser:(651) - Closing the current Browser
[INFO ][06-Feb-2024 13:57:10 PM] Selenium_Wrapper.openBrowser:(48) - Opening chrome browser.
[INFO ][06-Feb-2024 13:57:18 PM] Selenium_Wrapper.enterURL:(82) - Entering url :https://macu1--tst1.custhelp.com/AgentWeb/
[INFO ][06-Feb-2024 13:57:23 PM] Selenium_Wrapper.enterText:(311) - Entering Text :automation_testing in WebElement :[[ChromeDriver: chrome on WINDOWS (82176ce0f621a06723ded3239d8edf6e)] -> id: username]
[INFO ][06-Feb-2024 13:57:24 PM] Selenium_Wrapper.enterText:(311) - Entering Text :Welcome123 in WebElement :[[ChromeDriver: chrome on WINDOWS (82176ce0f621a06723ded3239d8edf6e)] -> id: password]
[INFO ][06-Feb-2024 13:57:38 PM] Selenium_Wrapper.click:(199) - Clicking on :[[ChromeDriver: chrome on WINDOWS (82176ce0f621a06723ded3239d8edf6e)] -> id: loginbutton]
[INFO ][06-Feb-2024 13:58:28 PM] Selenium_Wrapper.click:(199) - Clicking on :[[ChromeDriver: chrome on WINDOWS (82176ce0f621a06723ded3239d8edf6e)] -> id: navigationSetBtn]
[INFO ][06-Feb-2024 13:58:35 PM] Selenium_Wrapper.click:(199) - Clicking on :[[ChromeDriver: chrome on WINDOWS (82176ce0f621a06723ded3239d8edf6e)] -> xpath: //div[text()='Analytics']]
[INFO ][06-Feb-2024 13:58:40 PM] Selenium_Wrapper.click:(199) - Clicking on :[[ChromeDriver: chrome on WINDOWS (82176ce0f621a06723ded3239d8edf6e)] -> xpath: //span[text()='Reports Explorer']]
[INFO ][06-Feb-2024 13:58:48 PM] Selenium_Wrapper.click:(199) - Clicking on :[[ChromeDriver: chrome on WINDOWS (82176ce0f621a06723ded3239d8edf6e)] -> xpath: //div[text()='Public Reports']]
[INFO ][06-Feb-2024 13:58:53 PM] Selenium_Wrapper.click:(199) - Clicking on :[[ChromeDriver: chrome on WINDOWS (82176ce0f621a06723ded3239d8edf6e)] -> xpath: //div[text()='MACU CUSTOM REPORTS']]
[INFO ][06-Feb-2024 13:58:58 PM] Selenium_Wrapper.click:(199) - Clicking on :[[ChromeDriver: chrome on WINDOWS (82176ce0f621a06723ded3239d8edf6e)] -> xpath: //div[text()='SoftClouds']]
[INFO ][06-Feb-2024 13:59:03 PM] Selenium_Wrapper.click:(199) - Clicking on :[[ChromeDriver: chrome on WINDOWS (82176ce0f621a06723ded3239d8edf6e)] -> xpath: //div[text()='OKCS']]
[INFO ][06-Feb-2024 13:59:09 PM] Selenium_Wrapper.click:(199) - Clicking on :[[ChromeDriver: chrome on WINDOWS (82176ce0f621a06723ded3239d8edf6e)] -> xpath: //div[text()='Archived Reports']]
[INFO ][06-Feb-2024 13:59:20 PM] Selenium_Wrapper.doubleClick:(280) - Double clicking on :[[ChromeDriver: chrome on WINDOWS (82176ce0f621a06723ded3239d8edf6e)] -> xpath: //div[@class='explorer-right-panel']//div[@class='explorer-data-grid']//span[text()='Feedback Admin Report (old)']]
[INFO ][06-Feb-2024 13:59:36 PM] Selenium_Wrapper.click:(199) - Clicking on :[[ChromeDriver: chrome on WINDOWS (82176ce0f621a06723ded3239d8edf6e)] -> xpath: //div[@class='container wsx-flex']//div[@class='analyticsTopSection']//div[@class='select-box-root select-box-display-text-active']]
[INFO ][06-Feb-2024 13:59:42 PM] Selenium_Wrapper.click:(199) - Clicking on :[[ChromeDriver: chrome on WINDOWS (82176ce0f621a06723ded3239d8edf6e)] -> xpath: (//span[text()='Search'])[2]]
[INFO ][06-Feb-2024 13:59:51 PM] Selenium_Wrapper.doubleClick:(280) - Double clicking on :[[ChromeDriver: chrome on WINDOWS (82176ce0f621a06723ded3239d8edf6e)] -> xpath: //div[@class='container wsx-flex']//div[contains(@column-id,'2')][1]]
[INFO ][06-Feb-2024 14:00:05 PM] Selenium_Wrapper.click:(199) - Clicking on :[[ChromeDriver: chrome on WINDOWS (82176ce0f621a06723ded3239d8edf6e)] -> xpath: //span[text()='Messages']]
[INFO ][06-Feb-2024 14:00:10 PM] Selenium_Wrapper.click:(199) - Clicking on :[[ChromeDriver: chrome on WINDOWS (82176ce0f621a06723ded3239d8edf6e)] -> xpath: //div[contains(@class,'cke_wysiwyg_div ')]]
[INFO ][06-Feb-2024 14:00:11 PM] Selenium_Wrapper.enterText:(311) - Entering Text :It is working as per Expected in WebElement :[[ChromeDriver: chrome on WINDOWS (82176ce0f621a06723ded3239d8edf6e)] -> xpath: //div[contains(@class,'cke_wysiwyg_div ')]]
[INFO ][06-Feb-2024 14:00:16 PM] Selenium_Wrapper.click:(199) - Clicking on :[[ChromeDriver: chrome on WINDOWS (82176ce0f621a06723ded3239d8edf6e)] -> xpath: //div[@class='ws-toolbar-button-image bui-icon save-icon fa-lg']]
[INFO ][06-Feb-2024 14:00:21 PM] Selenium_Wrapper.click:(199) - Clicking on :[[ChromeDriver: chrome on WINDOWS (82176ce0f621a06723ded3239d8edf6e)] -> xpath: //span[text()='Summary']]
[INFO ][06-Feb-2024 14:00:28 PM] Selenium_Wrapper.clickUsingActions:(249) - Clicking on :[[ChromeDriver: chrome on WINDOWS (82176ce0f621a06723ded3239d8edf6e)] -> xpath: //div[contains(@id,'Incident_Status')][@class='display-text']]
[INFO ][06-Feb-2024 14:00:36 PM] Selenium_Wrapper.click:(199) - Clicking on :[[ChromeDriver: chrome on WINDOWS (82176ce0f621a06723ded3239d8edf6e)] -> xpath: (//div[@title='Solved'])[1]]
[INFO ][06-Feb-2024 14:00:43 PM] Selenium_Wrapper.click:(199) - Clicking on :[[ChromeDriver: chrome on WINDOWS (82176ce0f621a06723ded3239d8edf6e)] -> xpath: //div[@class='ws-toolbar-button-image bui-icon save-icon fa-lg']]
[INFO ][06-Feb-2024 14:00:52 PM] Selenium_Wrapper.click:(199) - Clicking on :[[ChromeDriver: chrome on WINDOWS (82176ce0f621a06723ded3239d8edf6e)] -> xpath: (//a[@class='closeButton'])[3]]
[INFO ][06-Feb-2024 14:00:59 PM] Selenium_Wrapper.click:(199) - Clicking on :[[ChromeDriver: chrome on WINDOWS (82176ce0f621a06723ded3239d8edf6e)] -> xpath: (//a[@class='closeButton'])[2]]
[INFO ][06-Feb-2024 14:01:06 PM] Selenium_Wrapper.click:(199) - Clicking on :[[ChromeDriver: chrome on WINDOWS (82176ce0f621a06723ded3239d8edf6e)] -> xpath: (//a[@class='closeButton'])[1]]
[INFO ][06-Feb-2024 14:01:15 PM] Selenium_Wrapper.click:(199) - Clicking on :[[ChromeDriver: chrome on WINDOWS (82176ce0f621a06723ded3239d8edf6e)] -> xpath: //body//oj-avatar[@initials='[[userMenuLabel]]']]
[INFO ][06-Feb-2024 14:01:22 PM] Selenium_Wrapper.click:(199) - Clicking on :[[ChromeDriver: chrome on WINDOWS (82176ce0f621a06723ded3239d8edf6e)] -> xpath: //a//span[text()='Sign Out']]
[INFO ][06-Feb-2024 14:01:27 PM] Selenium_Wrapper.closeCurrentBrowser:(651) - Closing the current Browser
