[INFO ][09-Nov-2021 13:55:07 pm] Selenium_Wrapper.openBrowser:(48) - Opening chrome browser.
[INFO ][09-Nov-2021 13:55:16 pm] Selenium_Wrapper.enterURL:(82) - Entering url :https://macu1--tst.custhelp.com/app/home
[INFO ][09-Nov-2021 13:55:20 pm] Selenium_Wrapper.enterText:(311) - Entering Text :pramodk in WebElement :[[ChromeDriver: chrome on WINDOWS (a7a46c8a24199b2a39a33a08d15b1171)] -> id: rn_LoginForm_2_Username]
[INFO ][09-Nov-2021 13:55:21 pm] Selenium_Wrapper.enterText:(311) - Entering Text :Soft@123 in WebElement :[[ChromeDriver: chrome on WINDOWS (a7a46c8a24199b2a39a33a08d15b1171)] -> id: rn_LoginForm_2_Password]
[INFO ][09-Nov-2021 13:55:28 pm] Selenium_Wrapper.click:(199) - Clicking on :[[ChromeDriver: chrome on WINDOWS (a7a46c8a24199b2a39a33a08d15b1171)] -> id: rn_LoginForm_2_Submit]
[INFO ][09-Nov-2021 13:55:37 pm] Selenium_Wrapper.click:(199) - Clicking on :[[ChromeDriver: chrome on WINDOWS (a7a46c8a24199b2a39a33a08d15b1171)] -> xpath: //input[@type='search']]
[INFO ][09-Nov-2021 13:55:38 pm] Selenium_Wrapper.enterText:(311) - Entering Text :Flexible Work in WebElement :[[ChromeDriver: chrome on WINDOWS (a7a46c8a24199b2a39a33a08d15b1171)] -> xpath: //input[@type='search']]
[INFO ][09-Nov-2021 13:55:56 pm] Selenium_Wrapper.click:(199) - Clicking on :[[ChromeDriver: chrome on WINDOWS (a7a46c8a24199b2a39a33a08d15b1171)] -> xpath: //ul[@aria-label='Suggested Search']//li[normalize-space()='Flexible Work']]
[INFO ][09-Nov-2021 13:56:03 pm] Selenium_Wrapper.click:(199) - Clicking on :[[ChromeDriver: chrome on WINDOWS (a7a46c8a24199b2a39a33a08d15b1171)] -> xpath: //div[@class='rn_SearchResultContent']//a[text()='Flexible Work']]
[INFO ][09-Nov-2021 13:56:22 pm] Selenium_Wrapper.click:(199) - Clicking on :[[ChromeDriver: chrome on WINDOWS (a7a46c8a24199b2a39a33a08d15b1171)] -> xpath: //div[@class='main_image_div']//div[@class='thumbs_up_down'][2]]
[INFO ][09-Nov-2021 13:56:33 pm] Selenium_Wrapper.click:(199) - Clicking on :[[ChromeDriver: chrome on WINDOWS (a7a46c8a24199b2a39a33a08d15b1171)] -> id: rn_AnswerRating_3_22_FeedbackMessage]
[INFO ][09-Nov-2021 13:56:34 pm] Selenium_Wrapper.enterText:(311) - Entering Text :Flexible Work - ThumbDown Comments in WebElement :[[ChromeDriver: chrome on WINDOWS (a7a46c8a24199b2a39a33a08d15b1171)] -> id: rn_AnswerRating_3_22_FeedbackMessage]
[INFO ][09-Nov-2021 13:56:40 pm] Selenium_Wrapper.click:(199) - Clicking on :[[ChromeDriver: chrome on WINDOWS (a7a46c8a24199b2a39a33a08d15b1171)] -> xpath: //button[text()='SUBMIT']]
[INFO ][09-Nov-2021 13:56:45 pm] Selenium_Wrapper.click:(199) - Clicking on :[[ChromeDriver: chrome on WINDOWS (a7a46c8a24199b2a39a33a08d15b1171)] -> xpath: //button[@class='yui3-button yui3-button-close']]
[INFO ][09-Nov-2021 13:56:55 pm] Selenium_Wrapper.click:(199) - Clicking on :[[ChromeDriver: chrome on WINDOWS (a7a46c8a24199b2a39a33a08d15b1171)] -> xpath: //div[@class='dropdown']]
[INFO ][09-Nov-2021 13:57:06 pm] Selenium_Wrapper.click:(199) - Clicking on :[[ChromeDriver: chrome on WINDOWS (a7a46c8a24199b2a39a33a08d15b1171)] -> xpath: //a[text()='My Feedback']]
[INFO ][09-Nov-2021 13:57:32 pm] Selenium_Wrapper.click:(199) - Clicking on :[[ChromeDriver: chrome on WINDOWS (a7a46c8a24199b2a39a33a08d15b1171)] -> xpath: ((//table//tbody)[2]//a)[1]]
[INFO ][09-Nov-2021 13:58:00 pm] Selenium_Wrapper.click:(199) - Clicking on :[[ChromeDriver: chrome on WINDOWS (a7a46c8a24199b2a39a33a08d15b1171)] -> class name: knowledge]
[INFO ][09-Nov-2021 13:58:05 pm] Selenium_Wrapper.openBrowser:(48) - Opening chrome browser.
[INFO ][09-Nov-2021 13:58:09 pm] Selenium_Wrapper.enterURL:(82) - Entering url :https://macu1--tst.custhelp.com/AgentWeb/
[INFO ][09-Nov-2021 13:58:13 pm] Selenium_Wrapper.enterText:(311) - Entering Text :RNT_pramod in WebElement :[[ChromeDriver: chrome on WINDOWS (f58891c03f3901e9a6bf64b9afb5825b)] -> id: username]
[INFO ][09-Nov-2021 13:58:15 pm] Selenium_Wrapper.enterText:(311) - Entering Text :Welcome123 in WebElement :[[ChromeDriver: chrome on WINDOWS (f58891c03f3901e9a6bf64b9afb5825b)] -> id: password]
[INFO ][09-Nov-2021 13:58:44 pm] Selenium_Wrapper.click:(199) - Clicking on :[[ChromeDriver: chrome on WINDOWS (f58891c03f3901e9a6bf64b9afb5825b)] -> id: loginbutton]
[INFO ][09-Nov-2021 13:58:55 pm] Selenium_Wrapper.click:(199) - Clicking on :[[ChromeDriver: chrome on WINDOWS (f58891c03f3901e9a6bf64b9afb5825b)] -> xpath: (//span[@class='oj-button-icon oj-start navigator-icon oj-button-icon oj-start'])[1]]
[INFO ][09-Nov-2021 13:59:00 pm] Selenium_Wrapper.click:(199) - Clicking on :[[ChromeDriver: chrome on WINDOWS (f58891c03f3901e9a6bf64b9afb5825b)] -> xpath: (//div[text()='Analytics']//a)]
[INFO ][09-Nov-2021 13:59:05 pm] Selenium_Wrapper.click:(199) - Clicking on :[[ChromeDriver: chrome on WINDOWS (f58891c03f3901e9a6bf64b9afb5825b)] -> xpath: //span[text()='Reports Explorer']]
[INFO ][09-Nov-2021 13:59:11 pm] Selenium_Wrapper.click:(199) - Clicking on :[[ChromeDriver: chrome on WINDOWS (f58891c03f3901e9a6bf64b9afb5825b)] -> xpath: //div[text()='Public Reports']]
[INFO ][09-Nov-2021 13:59:16 pm] Selenium_Wrapper.click:(199) - Clicking on :[[ChromeDriver: chrome on WINDOWS (f58891c03f3901e9a6bf64b9afb5825b)] -> xpath: //div[text()='MACU CUSTOM REPORTS']]
[INFO ][09-Nov-2021 13:59:21 pm] Selenium_Wrapper.click:(199) - Clicking on :[[ChromeDriver: chrome on WINDOWS (f58891c03f3901e9a6bf64b9afb5825b)] -> xpath: //div[text()='SoftClouds']]
[INFO ][09-Nov-2021 13:59:26 pm] Selenium_Wrapper.click:(199) - Clicking on :[[ChromeDriver: chrome on WINDOWS (f58891c03f3901e9a6bf64b9afb5825b)] -> xpath: //div[text()='OKCS']]
[INFO ][09-Nov-2021 13:59:51 pm] Selenium_Wrapper.click:(199) - Clicking on :[[ChromeDriver: chrome on WINDOWS (f58891c03f3901e9a6bf64b9afb5825b)] -> xpath: //div[contains(@class,'cke_wysiwyg_div')]]
[INFO ][09-Nov-2021 13:59:57 pm] Selenium_Wrapper.enterText:(311) - Entering Text :It is working as per Expected in WebElement :[[ChromeDriver: chrome on WINDOWS (f58891c03f3901e9a6bf64b9afb5825b)] -> xpath: //div[contains(@class,'cke_wysiwyg_div')]]
[INFO ][09-Nov-2021 14:00:02 pm] Selenium_Wrapper.click:(199) - Clicking on :[[ChromeDriver: chrome on WINDOWS (f58891c03f3901e9a6bf64b9afb5825b)] -> xpath: //button[@title='Send an incident response and save the incident']]
[INFO ][09-Nov-2021 14:00:13 pm] Selenium_Wrapper.click:(199) - Clicking on :[[ChromeDriver: chrome on WINDOWS (f58891c03f3901e9a6bf64b9afb5825b)] -> xpath: //button[@data-commandtype='SaveAndSendAndClose']]
[INFO ][09-Nov-2021 14:00:23 pm] Selenium_Wrapper.click:(199) - Clicking on :[[ChromeDriver: chrome on WINDOWS (f58891c03f3901e9a6bf64b9afb5825b)] -> xpath: //span[text()='Yes']]
[INFO ][09-Nov-2021 14:00:33 pm] Selenium_Wrapper.click:(199) - Clicking on :[[ChromeDriver: chrome on WINDOWS (f58891c03f3901e9a6bf64b9afb5825b)] -> xpath: //div[contains(@class,'refresh-icon')]]
[INFO ][09-Nov-2021 14:00:46 pm] Selenium_Wrapper.click:(199) - Clicking on :[[ChromeDriver: chrome on WINDOWS (f58891c03f3901e9a6bf64b9afb5825b)] -> xpath: (//div[@class='primary-tab-header']//ul//li)[2]//span//a//i]
[INFO ][09-Nov-2021 14:00:56 pm] Selenium_Wrapper.click:(199) - Clicking on :[[ChromeDriver: chrome on WINDOWS (f58891c03f3901e9a6bf64b9afb5825b)] -> xpath: //body//span[@id='initialsText']]
[INFO ][09-Nov-2021 14:01:07 pm] Selenium_Wrapper.click:(199) - Clicking on :[[ChromeDriver: chrome on WINDOWS (f58891c03f3901e9a6bf64b9afb5825b)] -> xpath: //a//span[text()='Sign Out']]
[INFO ][09-Nov-2021 14:01:12 pm] Selenium_Wrapper.closeCurrentBrowser:(650) - Closing the current Browser
