[INFO ][05-Jun-2024 14:00:46 PM] Selenium_Wrapper.openBrowser:(54) - Opening chrome browser.
[INFO ][05-Jun-2024 14:00:50 PM] Selenium_Wrapper.enterURL:(88) - Entering url :https://macu1--tst1.custhelp.com/AgentWeb/
[INFO ][05-Jun-2024 14:00:54 PM] Selenium_Wrapper.enterText:(317) - Entering Text :automation_testing in WebElement :[[ChromeDriver: chrome on WINDOWS (1a437ac1339a41cd53bbf784f6d61888)] -> id: username]
[INFO ][05-Jun-2024 14:00:55 PM] Selenium_Wrapper.enterText:(317) - Entering Text :Welcome123 in WebElement :[[ChromeDriver: chrome on WINDOWS (1a437ac1339a41cd53bbf784f6d61888)] -> id: password]
[INFO ][05-Jun-2024 14:01:04 PM] Selenium_Wrapper.click:(205) - Clicking on :[[ChromeDriver: chrome on WINDOWS (1a437ac1339a41cd53bbf784f6d61888)] -> id: loginbutton]
[INFO ][05-Jun-2024 14:01:16 PM] Selenium_Wrapper.click:(205) - Clicking on :[[ChromeDriver: chrome on WINDOWS (1a437ac1339a41cd53bbf784f6d61888)] -> id: navigationSetBtn]
[INFO ][05-Jun-2024 14:01:21 PM] Selenium_Wrapper.click:(205) - Clicking on :[[ChromeDriver: chrome on WINDOWS (1a437ac1339a41cd53bbf784f6d61888)] -> xpath: //div[@automationid='Configuration']]
[INFO ][05-Jun-2024 14:01:23 PM] Selenium_Wrapper.click:(205) - Clicking on :[[ChromeDriver: chrome on WINDOWS (1a437ac1339a41cd53bbf784f6d61888)] -> xpath: //div[text()='Service']]
[INFO ][05-Jun-2024 14:01:26 PM] Selenium_Wrapper.click:(205) - Clicking on :[[ChromeDriver: chrome on WINDOWS (1a437ac1339a41cd53bbf784f6d61888)] -> xpath: //div[text()='Knowledge Advanced']]
[INFO ][05-Jun-2024 14:01:28 PM] Selenium_Wrapper.click:(205) - Clicking on :[[ChromeDriver: chrome on WINDOWS (1a437ac1339a41cd53bbf784f6d61888)] -> xpath: //span[text()='Authoring']]
[INFO ][05-Jun-2024 14:01:39 PM] Selenium_Wrapper.click:(205) - Clicking on :[[ChromeDriver: chrome on WINDOWS (1a437ac1339a41cd53bbf784f6d61888)] -> xpath: //div[@id='rntab']//ul//li[@testidentifier='MainNavBar_Content']//a]
[INFO ][05-Jun-2024 14:01:45 PM] Selenium_Wrapper.click:(205) - Clicking on :[[ChromeDriver: chrome on WINDOWS (1a437ac1339a41cd53bbf784f6d61888)] -> xpath: //div[text()='Process']//following-sibling::a[@testidentifier='ContentNavBar_List_Process']]
[INFO ][05-Jun-2024 14:01:49 PM] Selenium_Wrapper.click:(205) - Clicking on :[[ChromeDriver: chrome on WINDOWS (1a437ac1339a41cd53bbf784f6d61888)] -> xpath: //select[@testidentifier='ContentSearchResults_DocumentClassPulldown']]
[INFO ][05-Jun-2024 14:01:52 PM] Selenium_Wrapper.click:(205) - Clicking on :[[ChromeDriver: chrome on WINDOWS (1a437ac1339a41cd53bbf784f6d61888)] -> xpath: //select[@testidentifier='ContentSearchResults_DocumentClassPulldown']//option[text()='All Documents']]
[INFO ][05-Jun-2024 14:01:58 PM] Selenium_Wrapper.click:(205) - Clicking on :[[ChromeDriver: chrome on WINDOWS (1a437ac1339a41cd53bbf784f6d61888)] -> xpath: (//a[text()='TestingArticle'])[1]]
[INFO ][05-Jun-2024 14:02:07 PM] Selenium_Wrapper.click:(205) - Clicking on :[[ChromeDriver: chrome on WINDOWS (1a437ac1339a41cd53bbf784f6d61888)] -> xpath: //a[text()='Edit Document']]
[INFO ][05-Jun-2024 14:02:15 PM] Selenium_Wrapper.enterText:(317) - Entering Text :TestingArticle - Edited in WebElement :[[ChromeDriver: chrome on WINDOWS (1a437ac1339a41cd53bbf784f6d61888)] -> xpath: //input[@testidentifier='Content_ContentType_Add_SUMMARY']]
[INFO ][05-Jun-2024 14:02:20 PM] Selenium_Wrapper.enterText:(317) - Entering Text :Some Important Updates in WebElement :[[ChromeDriver: chrome on WINDOWS (1a437ac1339a41cd53bbf784f6d61888)] -> xpath: //textarea[@class='editfields']]
[INFO ][05-Jun-2024 14:02:22 PM] Selenium_Wrapper.click:(205) - Clicking on :[[ChromeDriver: chrome on WINDOWS (1a437ac1339a41cd53bbf784f6d61888)] -> xpath: //a[text()='Save and Continue Editing']]
[INFO ][05-Jun-2024 14:02:29 PM] Selenium_Wrapper.enterText:(317) - Entering Text :Criticals - Edited in WebElement :[[ChromeDriver: chrome on WINDOWS (1a437ac1339a41cd53bbf784f6d61888)] -> xpath: //input[@testidentifier='Content_ContentType_Add_KEYWORD']]
[INFO ][05-Jun-2024 14:02:34 PM] Selenium_Wrapper.enterText:(317) - Entering Text :Some Important Updates in WebElement :[[ChromeDriver: chrome on WINDOWS (1a437ac1339a41cd53bbf784f6d61888)] -> xpath: //textarea[@class='editfields']]
[INFO ][05-Jun-2024 14:02:36 PM] Selenium_Wrapper.click:(205) - Clicking on :[[ChromeDriver: chrome on WINDOWS (1a437ac1339a41cd53bbf784f6d61888)] -> xpath: //a[text()='Save Document']]
[INFO ][05-Jun-2024 14:02:44 PM] Selenium_Wrapper.click:(205) - Clicking on :[[ChromeDriver: chrome on WINDOWS (1a437ac1339a41cd53bbf784f6d61888)] -> xpath: //a[text()='Bypass Workflow/Publish']]
[INFO ][05-Jun-2024 14:02:51 PM] Selenium_Wrapper.click:(205) - Clicking on :[[ChromeDriver: chrome on WINDOWS (1a437ac1339a41cd53bbf784f6d61888)] -> xpath: (//a[text()='Done'])[1]]
[INFO ][05-Jun-2024 14:02:58 PM] Selenium_Wrapper.click:(205) - Clicking on :[[ChromeDriver: chrome on WINDOWS (1a437ac1339a41cd53bbf784f6d61888)] -> xpath: //a[@class='closeButton']]
[INFO ][05-Jun-2024 14:03:04 PM] Selenium_Wrapper.click:(205) - Clicking on :[[ChromeDriver: chrome on WINDOWS (1a437ac1339a41cd53bbf784f6d61888)] -> xpath: //body//oj-avatar[@initials='[[userMenuLabel]]']]
[INFO ][05-Jun-2024 14:03:08 PM] Selenium_Wrapper.click:(205) - Clicking on :[[ChromeDriver: chrome on WINDOWS (1a437ac1339a41cd53bbf784f6d61888)] -> xpath: //a//span[text()='Sign Out']]
[INFO ][05-Jun-2024 14:03:13 PM] Selenium_Wrapper.closeCurrentBrowser:(657) - Closing the current Browser
[INFO ][05-Jun-2024 14:03:15 PM] Selenium_Wrapper.openBrowser:(54) - Opening chrome browser.
[INFO ][05-Jun-2024 14:03:19 PM] Selenium_Wrapper.enterURL:(88) - Entering url :https://macu1--tst1.custhelp.com/app/home
[INFO ][05-Jun-2024 14:03:24 PM] Selenium_Wrapper.enterText:(317) - Entering Text :swamyk in WebElement :[[ChromeDriver: chrome on WINDOWS (1d57fa9e2bb164148d0d9e1ae0f01727)] -> id: rn_LoginForm_2_Username]
[INFO ][05-Jun-2024 14:03:25 PM] Selenium_Wrapper.enterText:(317) - Entering Text :Soft@123 in WebElement :[[ChromeDriver: chrome on WINDOWS (1d57fa9e2bb164148d0d9e1ae0f01727)] -> id: rn_LoginForm_2_Password]
[INFO ][05-Jun-2024 14:03:29 PM] Selenium_Wrapper.click:(205) - Clicking on :[[ChromeDriver: chrome on WINDOWS (1d57fa9e2bb164148d0d9e1ae0f01727)] -> id: rn_LoginForm_2_Submit]
[INFO ][05-Jun-2024 14:03:55 PM] Selenium_Wrapper.closeCurrentBrowser:(657) - Closing the current Browser
