[INFO ][07-May-2024 14:06:48 PM] Selenium_Wrapper.openBrowser:(54) - Opening chrome browser.
[INFO ][07-May-2024 14:06:51 PM] Selenium_Wrapper.enterURL:(88) - Entering url :https://macu1--tst1.custhelp.com/AgentWeb/
[INFO ][07-May-2024 14:06:56 PM] Selenium_Wrapper.enterText:(317) - Entering Text :automation_testing in WebElement :[[ChromeDriver: chrome on WINDOWS (036713b28d6df38c0bd6735afc7a4ed2)] -> id: username]
[INFO ][07-May-2024 14:06:57 PM] Selenium_Wrapper.enterText:(317) - Entering Text :Welcome123 in WebElement :[[ChromeDriver: chrome on WINDOWS (036713b28d6df38c0bd6735afc7a4ed2)] -> id: password]
[INFO ][07-May-2024 14:07:08 PM] Selenium_Wrapper.click:(205) - Clicking on :[[ChromeDriver: chrome on WINDOWS (036713b28d6df38c0bd6735afc7a4ed2)] -> id: loginbutton]
[INFO ][07-May-2024 14:07:25 PM] Selenium_Wrapper.click:(205) - Clicking on :[[ChromeDriver: chrome on WINDOWS (036713b28d6df38c0bd6735afc7a4ed2)] -> id: navigationSetBtn]
[INFO ][07-May-2024 14:07:28 PM] Selenium_Wrapper.click:(205) - Clicking on :[[ChromeDriver: chrome on WINDOWS (036713b28d6df38c0bd6735afc7a4ed2)] -> xpath: //div[@automationid='Configuration']]
[INFO ][07-May-2024 14:07:30 PM] Selenium_Wrapper.click:(205) - Clicking on :[[ChromeDriver: chrome on WINDOWS (036713b28d6df38c0bd6735afc7a4ed2)] -> xpath: //div[text()='Service']]
[INFO ][07-May-2024 14:07:32 PM] Selenium_Wrapper.click:(205) - Clicking on :[[ChromeDriver: chrome on WINDOWS (036713b28d6df38c0bd6735afc7a4ed2)] -> xpath: //div[text()='Knowledge Advanced']]
[INFO ][07-May-2024 14:07:35 PM] Selenium_Wrapper.click:(205) - Clicking on :[[ChromeDriver: chrome on WINDOWS (036713b28d6df38c0bd6735afc7a4ed2)] -> xpath: //span[text()='Authoring']]
[INFO ][07-May-2024 14:07:46 PM] Selenium_Wrapper.click:(205) - Clicking on :[[ChromeDriver: chrome on WINDOWS (036713b28d6df38c0bd6735afc7a4ed2)] -> xpath: //div[@id='rntab']//ul//li[@testidentifier='MainNavBar_Content']//a]
[INFO ][07-May-2024 14:07:56 PM] Selenium_Wrapper.click:(205) - Clicking on :[[ChromeDriver: chrome on WINDOWS (036713b28d6df38c0bd6735afc7a4ed2)] -> xpath: //div[text()='Process']//following-sibling::a[@testidentifier='ContentNavBar_Add_Process']]
[INFO ][07-May-2024 14:07:58 PM] Selenium_Wrapper.enterText:(317) - Entering Text :TestingArticle in WebElement :[[ChromeDriver: chrome on WINDOWS (036713b28d6df38c0bd6735afc7a4ed2)] -> xpath: //input[@testidentifier='Content_ContentType_Add_SUMMARY']]
[INFO ][07-May-2024 14:08:01 PM] Selenium_Wrapper.enterText:(317) - Entering Text :Criticals in WebElement :[[ChromeDriver: chrome on WINDOWS (036713b28d6df38c0bd6735afc7a4ed2)] -> xpath: //input[@testidentifier='Content_ContentType_Add_KEYWORD']]
[INFO ][07-May-2024 14:08:04 PM] Selenium_Wrapper.click:(205) - Clicking on :[[ChromeDriver: chrome on WINDOWS (036713b28d6df38c0bd6735afc7a4ed2)] -> xpath: ((//span[@class='cke_bottom cke_reset_all'])[1]//preceding-sibling::*)[2]]
[INFO ][07-May-2024 14:08:10 PM] Selenium_Wrapper.enterText:(317) - Entering Text :contentinfo 'Reach out to your immediate supervisor with questions.' in WebElement :[[ChromeDriver: chrome on WINDOWS (036713b28d6df38c0bd6735afc7a4ed2)] -> xpath: //body[@class='cke_editable cke_editable_themed cke_contents_ltr cke_show_borders']]
[INFO ][07-May-2024 14:08:17 PM] Selenium_Wrapper.click:(205) - Clicking on :[[ChromeDriver: chrome on WINDOWS (036713b28d6df38c0bd6735afc7a4ed2)] -> xpath: ((//span[@class='cke_bottom cke_reset_all'])[2]//preceding-sibling::*)[2]]
[INFO ][07-May-2024 14:08:24 PM] Selenium_Wrapper.enterText:(317) - Entering Text :COVID-19 Update:  Find additional information on COVID-19 Branch & Service Center Operations\n * Vaccine\n * Similar to the flu shot, we encourage you to take a lunch hour or go after work if you choose to receive the vaccine.\n * You should be able to easily schedule a time to receive a vaccine. * Take PTO if an adverse reaction occurs. * Take PTO if an adverse reaction occurs * First URL of the pageArticle Link * Second URL of the page * Third URL of the page * The few documented cases of a stronger reaction indicate that the affects typically last one to two days. * Have an open conversation with your manager if other accommodations are necessary. * The cost of the vaccine is covered by insurance. * Mask Mandates * As the counties and health departments begin to relax their mask mandates, MACU will address this as follows: * The mask mandate requirement for team members will remain in place for the foreseeable future. * Mask guidance for members will follow State, County and Health department guidelines for those areas. * Personal Protection Equipment (PPE) * Order masks and other PArticle LinkPE by submitting a ServiceNow Facilities ticket. * Items available * Cotopaxi masks ($7 each) * Hand sanitizer * Gloves * Disposable masks * Sanitation wipes * Employee Resources * Mountain America is here for you! Check out these resources: * MACU Desktop Citrix ReceiverWorkspace Step-by-Step Surface Devices Step-by-Step * Microsoft Teams Step-by-Step * Multi-Factor Authentication (MFA) Step-by-Step * Remote Work Agreement * Setting up Your New Laptop * Surface Devices Step-by-Step in WebElement :[[ChromeDriver: chrome on WINDOWS (036713b28d6df38c0bd6735afc7a4ed2)] -> xpath: //body[@class='cke_editable cke_editable_themed cke_contents_ltr cke_show_borders']]
[INFO ][07-May-2024 14:08:29 PM] Selenium_Wrapper.click:(205) - Clicking on :[[ChromeDriver: chrome on WINDOWS (036713b28d6df38c0bd6735afc7a4ed2)] -> xpath: //span[text()='Jump To']]
[INFO ][07-May-2024 14:08:33 PM] Selenium_Wrapper.click:(205) - Clicking on :[[ChromeDriver: chrome on WINDOWS (036713b28d6df38c0bd6735afc7a4ed2)] -> xpath: (//a[@class='cke_button cke_button__image cke_button_off'])[3]]
[INFO ][07-May-2024 14:08:36 PM] Selenium_Wrapper.click:(205) - Clicking on :[[ChromeDriver: chrome on WINDOWS (036713b28d6df38c0bd6735afc7a4ed2)] -> xpath: (//span[text()='Browse Server'])[1]]
[INFO ][07-May-2024 14:08:53 PM] Selenium_Wrapper.click:(205) - Clicking on :[[ChromeDriver: chrome on WINDOWS (036713b28d6df38c0bd6735afc7a4ed2)] -> xpath: //a[text()='MACU_VIEW']]
[INFO ][07-May-2024 14:09:10 PM] Selenium_Wrapper.click:(205) - Clicking on :[[ChromeDriver: chrome on WINDOWS (036713b28d6df38c0bd6735afc7a4ed2)] -> xpath: //table//span[text()='OK']]
[INFO ][07-May-2024 14:09:21 PM] Selenium_Wrapper.click:(205) - Clicking on :[[ChromeDriver: chrome on WINDOWS (036713b28d6df38c0bd6735afc7a4ed2)] -> xpath: (//span[@class='cke_button_icon cke_button__addarticlelink_icon'])[4]]
[INFO ][07-May-2024 14:09:28 PM] Selenium_Wrapper.enterText:(317) - Entering Text :1000124 in WebElement :[[ChromeDriver: chrome on WINDOWS (036713b28d6df38c0bd6735afc7a4ed2)] -> xpath: (//div[text()='Article Link']//following::input)[3]]
[INFO ][07-May-2024 14:09:29 PM] Selenium_Wrapper.enterText:(317) - Entering Text :Article Link in WebElement :[[ChromeDriver: chrome on WINDOWS (036713b28d6df38c0bd6735afc7a4ed2)] -> xpath: (//div[text()='Article Link']//following::input)[5]]
[INFO ][07-May-2024 14:09:31 PM] Selenium_Wrapper.click:(205) - Clicking on :[[ChromeDriver: chrome on WINDOWS (036713b28d6df38c0bd6735afc7a4ed2)] -> xpath: (//div[@class='cke_dialog_body']//span[text()='OK'])[2]]
[INFO ][07-May-2024 14:09:35 PM] Selenium_Wrapper.click:(205) - Clicking on :[[ChromeDriver: chrome on WINDOWS (036713b28d6df38c0bd6735afc7a4ed2)] -> xpath: ((//span[@class='cke_bottom cke_reset_all'])[5]//preceding-sibling::*)[2]]
[INFO ][07-May-2024 14:09:39 PM] Selenium_Wrapper.enterText:(317) - Entering Text :BasicInfo - Remote Work * -Use the following resources when connecting to work applications remotely in WebElement :[[ChromeDriver: chrome on WINDOWS (036713b28d6df38c0bd6735afc7a4ed2)] -> xpath: //body[@class='cke_editable cke_editable_themed cke_contents_ltr cke_show_borders']]
[INFO ][07-May-2024 14:09:45 PM] Selenium_Wrapper.click:(205) - Clicking on :[[ChromeDriver: chrome on WINDOWS (036713b28d6df38c0bd6735afc7a4ed2)] -> xpath: ((//span[@class='cke_bottom cke_reset_all'])[6]//preceding-sibling::*)[2]]
[INFO ][07-May-2024 14:09:50 PM] Selenium_Wrapper.enterText:(317) - Entering Text :BasicContactInfo -Remote Work * -Use the following resources when connecting to work applications remotely * -Cisco Finesse Step-by-Step * -Cisco Jabber Step-by-Step * -Electronic Communication and Information Basic Info * -Extend Surface Device Battery Life Step-by-Step * -MACU Desktop Citrix ReceiverWorkspace Step-by-Step Surface Devices Step-by-Step * -Microsoft Teams Step-by-Step * -Multi-Factor Authentication (MFA) Step-by-Step * -Remote Work Agreement * -Setting up Your New Laptop * -Surface Devices Step-by-Step in WebElement :[[ChromeDriver: chrome on WINDOWS (036713b28d6df38c0bd6735afc7a4ed2)] -> xpath: //body[@class='cke_editable cke_editable_themed cke_contents_ltr cke_show_borders']]
[INFO ][07-May-2024 14:09:55 PM] Selenium_Wrapper.click:(205) - Clicking on :[[ChromeDriver: chrome on WINDOWS (036713b28d6df38c0bd6735afc7a4ed2)] -> xpath: ((//span[@class='cke_bottom cke_reset_all'])[7]//preceding-sibling::*)[2]]
[INFO ][07-May-2024 14:10:00 PM] Selenium_Wrapper.enterText:(317) - Entering Text :Steps- Employee Resources in WebElement :[[ChromeDriver: chrome on WINDOWS (036713b28d6df38c0bd6735afc7a4ed2)] -> xpath: //body[@class='cke_editable cke_editable_themed cke_contents_ltr cke_show_borders']]
[INFO ][07-May-2024 14:10:05 PM] Selenium_Wrapper.click:(205) - Clicking on :[[ChromeDriver: chrome on WINDOWS (036713b28d6df38c0bd6735afc7a4ed2)] -> xpath: ((//span[@class='cke_bottom cke_reset_all'])[8]//preceding-sibling::*)[2]]
[INFO ][07-May-2024 14:10:10 PM] Selenium_Wrapper.enterText:(317) - Entering Text :StepsContactInfo - Mountain America is here for you! Check out these resources: * Report COVID-19 in the Workplace * Contact Tracing for COVID-19 * COVID-19 Pay Options * Corporate FSR * Employee Assistance Program (EAP) * Employee Loans * Infectious Disease * MACU Facility Standards * Mountain America Center Meetings & Events * Medical Leave of Absence * Personal Time Off (PTO) * Tanner Meetings & Events * Thrive Clinic * The CareATC Patient Access Center is currently performing all appointment scheduling activities. Our clinics are not currently accepting walk-in or self-scheduled patients. To schedule an appointment, contact the clinic 800-993-8244. * Thrive Fitness Centers * Travel Pay *Traveling Branch Employees in WebElement :[[ChromeDriver: chrome on WINDOWS (036713b28d6df38c0bd6735afc7a4ed2)] -> xpath: //body[@class='cke_editable cke_editable_themed cke_contents_ltr cke_show_borders']]
[INFO ][07-May-2024 14:10:15 PM] Selenium_Wrapper.click:(205) - Clicking on :[[ChromeDriver: chrome on WINDOWS (036713b28d6df38c0bd6735afc7a4ed2)] -> xpath: ((//span[@class='cke_bottom cke_reset_all'])[9]//preceding-sibling::*)[2]]
[INFO ][07-May-2024 14:10:20 PM] Selenium_Wrapper.enterText:(317) - Entering Text :Forms_Resources - Mask Mandates in WebElement :[[ChromeDriver: chrome on WINDOWS (036713b28d6df38c0bd6735afc7a4ed2)] -> xpath: //body[@class='cke_editable cke_editable_themed cke_contents_ltr cke_show_borders']]
[INFO ][07-May-2024 14:10:25 PM] Selenium_Wrapper.click:(205) - Clicking on :[[ChromeDriver: chrome on WINDOWS (036713b28d6df38c0bd6735afc7a4ed2)] -> xpath: ((//span[@class='cke_bottom cke_reset_all'])[10]//preceding-sibling::*)[2]]
[INFO ][07-May-2024 14:10:33 PM] Selenium_Wrapper.enterText:(317) - Entering Text :Forms_Resources_Content- As the counties and health departments begin to relax their mask mandates, MACU will address this as follows: * The mask mandate requirement for team members will remain in place for the foreseeable future. * Mask guidance for members will follow State, County and Health department guidelines for those areas. in WebElement :[[ChromeDriver: chrome on WINDOWS (036713b28d6df38c0bd6735afc7a4ed2)] -> xpath: //body[@class='cke_editable cke_editable_themed cke_contents_ltr cke_show_borders']]
[INFO ][07-May-2024 14:10:40 PM] Selenium_Wrapper.click:(205) - Clicking on :[[ChromeDriver: chrome on WINDOWS (036713b28d6df38c0bd6735afc7a4ed2)] -> xpath: ((//span[@class='cke_bottom cke_reset_all'])[11]//preceding-sibling::*)[2]]
[INFO ][07-May-2024 14:10:45 PM] Selenium_Wrapper.enterText:(317) - Entering Text :SalesConnections-Sales Connections in WebElement :[[ChromeDriver: chrome on WINDOWS (036713b28d6df38c0bd6735afc7a4ed2)] -> xpath: //body[@class='cke_editable cke_editable_themed cke_contents_ltr cke_show_borders']]
[INFO ][07-May-2024 14:10:54 PM] Selenium_Wrapper.click:(205) - Clicking on :[[ChromeDriver: chrome on WINDOWS (036713b28d6df38c0bd6735afc7a4ed2)] -> xpath: //span[text()='Teams']//following::select//option[text()='Accounting & Finance']]
[INFO ][07-May-2024 14:10:56 PM] Selenium_Wrapper.click:(205) - Clicking on :[[ChromeDriver: chrome on WINDOWS (036713b28d6df38c0bd6735afc7a4ed2)] -> xpath: //span[text()='Compliance']//preceding-sibling::input]
[INFO ][07-May-2024 14:10:59 PM] Selenium_Wrapper.click:(205) - Clicking on :[[ChromeDriver: chrome on WINDOWS (036713b28d6df38c0bd6735afc7a4ed2)] -> xpath: //span[text()='No ']//preceding-sibling::input]
[ERROR][07-May-2024 14:11:01 PM] CreateNewArticleFlow.testCreateArticleFlow:(306) - Create Article  un-successfull
[ERROR][07-May-2024 14:11:07 PM] CreateNewArticleFlow.testPublishArticleFlow:(359) - Publish Article un-successfull
[INFO ][07-May-2024 14:11:09 PM] Selenium_Wrapper.openBrowser:(54) - Opening chrome browser.
[INFO ][07-May-2024 14:11:13 PM] Selenium_Wrapper.enterURL:(88) - Entering url :https://macu1--tst1.custhelp.com/app/home
[ERROR][07-May-2024 14:11:17 PM] MACU_Wrapper.signIntoCP:(23) - Error in the signin process
[ERROR][07-May-2024 14:11:23 PM] CreateNewArticleFlow.testSearchanArticle:(377) - Search an Article in CP is un-successfull
[ERROR][07-May-2024 14:11:26 PM] CreateNewArticleFlow.testCPClose:(388) - Logout/SignOut un-successfull
