[INFO ][04-Jan-2024 14:03:38 PM] Selenium_Wrapper.openBrowser:(48) - Opening chrome browser.
[INFO ][04-Jan-2024 14:03:46 PM] Selenium_Wrapper.enterURL:(82) - Entering url :https://macu1--tst1.custhelp.com/app/home
[INFO ][04-Jan-2024 14:03:50 PM] Selenium_Wrapper.enterText:(311) - Entering Text :swamyk in WebElement :[[ChromeDriver: chrome on WINDOWS (7b4cbd55b08b7466d9e6739ddc0ce9fe)] -> id: rn_LoginForm_2_Username]
[INFO ][04-Jan-2024 14:03:51 PM] Selenium_Wrapper.enterText:(311) - Entering Text :Soft@123 in WebElement :[[ChromeDriver: chrome on WINDOWS (7b4cbd55b08b7466d9e6739ddc0ce9fe)] -> id: rn_LoginForm_2_Password]
[INFO ][04-Jan-2024 14:03:58 PM] Selenium_Wrapper.click:(199) - Clicking on :[[ChromeDriver: chrome on WINDOWS (7b4cbd55b08b7466d9e6739ddc0ce9fe)] -> id: rn_LoginForm_2_Submit]
[INFO ][04-Jan-2024 14:04:10 PM] Selenium_Wrapper.click:(199) - Clicking on :[[ChromeDriver: chrome on WINDOWS (7b4cbd55b08b7466d9e6739ddc0ce9fe)] -> xpath: //div[@class='dropdown']]
[INFO ][04-Jan-2024 14:04:23 PM] Selenium_Wrapper.click:(199) - Clicking on :[[ChromeDriver: chrome on WINDOWS (7b4cbd55b08b7466d9e6739ddc0ce9fe)] -> xpath: //a[text()='My Activity']]
[INFO ][04-Jan-2024 14:04:31 PM] Selenium_Wrapper.click:(199) - Clicking on :[[ChromeDriver: chrome on WINDOWS (7b4cbd55b08b7466d9e6739ddc0ce9fe)] -> xpath: //input[@type='search']]
[INFO ][04-Jan-2024 14:04:32 PM] Selenium_Wrapper.enterText:(311) - Entering Text :Business Auto Loan - ALPS 1.0 in WebElement :[[ChromeDriver: chrome on WINDOWS (7b4cbd55b08b7466d9e6739ddc0ce9fe)] -> xpath: //input[@type='search']]
[INFO ][04-Jan-2024 14:04:43 PM] Selenium_Wrapper.click:(199) - Clicking on :[[ChromeDriver: chrome on WINDOWS (7b4cbd55b08b7466d9e6739ddc0ce9fe)] -> class name: knowledge]
[INFO ][04-Jan-2024 14:04:50 PM] Selenium_Wrapper.click:(199) - Clicking on :[[ChromeDriver: chrome on WINDOWS (7b4cbd55b08b7466d9e6739ddc0ce9fe)] -> xpath: //div[@class='dropdown']]
[INFO ][04-Jan-2024 14:04:58 PM] Selenium_Wrapper.click:(199) - Clicking on :[[ChromeDriver: chrome on WINDOWS (7b4cbd55b08b7466d9e6739ddc0ce9fe)] -> xpath: //a[text()='My Activity']]
[INFO ][04-Jan-2024 14:05:08 PM] Selenium_Wrapper.click:(199) - Clicking on :[[ChromeDriver: chrome on WINDOWS (7b4cbd55b08b7466d9e6739ddc0ce9fe)] -> xpath: //a[text()='browse all PAGES']]
[INFO ][04-Jan-2024 14:05:26 PM] Selenium_Wrapper.click:(199) - Clicking on :[[ChromeDriver: chrome on WINDOWS (7b4cbd55b08b7466d9e6739ddc0ce9fe)] -> xpath: //div[@class='dropdown']]
[INFO ][04-Jan-2024 14:05:37 PM] Selenium_Wrapper.click:(199) - Clicking on :[[ChromeDriver: chrome on WINDOWS (7b4cbd55b08b7466d9e6739ddc0ce9fe)] -> xpath: //a[text()='My Activity']]
[INFO ][04-Jan-2024 14:05:49 PM] Selenium_Wrapper.click:(199) - Clicking on :[[ChromeDriver: chrome on WINDOWS (7b4cbd55b08b7466d9e6739ddc0ce9fe)] -> xpath: //button[@class='rn_RecommendContentButton p-0']]
[INFO ][04-Jan-2024 14:05:50 PM] Selenium_Wrapper.enterText:(311) - Entering Text :Test Improve, comments, updates in WebElement :[[ChromeDriver: chrome on WINDOWS (7b4cbd55b08b7466d9e6739ddc0ce9fe)] -> id: rn_RequestUpdate_9_Description]
[INFO ][04-Jan-2024 14:05:56 PM] Selenium_Wrapper.click:(199) - Clicking on :[[ChromeDriver: chrome on WINDOWS (7b4cbd55b08b7466d9e6739ddc0ce9fe)] -> xpath: //button[text()='Submit']]
[INFO ][04-Jan-2024 14:06:01 PM] Selenium_Wrapper.click:(199) - Clicking on :[[ChromeDriver: chrome on WINDOWS (7b4cbd55b08b7466d9e6739ddc0ce9fe)] -> xpath: //div[@id='rnDialog2']//button[@type='button']]
[INFO ][04-Jan-2024 14:06:12 PM] Selenium_Wrapper.click:(199) - Clicking on :[[ChromeDriver: chrome on WINDOWS (7b4cbd55b08b7466d9e6739ddc0ce9fe)] -> class name: knowledge]
[INFO ][04-Jan-2024 14:06:15 PM] Selenium_Wrapper.closeCurrentBrowser:(651) - Closing the current Browser
