[INFO ][04-Nov-2021 14:03:51 pm] Selenium_Wrapper.openBrowser:(48) - Opening chrome browser.
[INFO ][04-Nov-2021 14:04:02 pm] Selenium_Wrapper.enterURL:(82) - Entering url :https://macu1--tst.custhelp.com/app/home
[INFO ][04-Nov-2021 14:04:06 pm] Selenium_Wrapper.enterText:(311) - Entering Text :pramodk in WebElement :[[ChromeDriver: chrome on WINDOWS (b2d154664c1cc39f008f4ca072e6359c)] -> id: rn_LoginForm_2_Username]
[INFO ][04-Nov-2021 14:04:08 pm] Selenium_Wrapper.enterText:(311) - Entering Text :Soft@123 in WebElement :[[ChromeDriver: chrome on WINDOWS (b2d154664c1cc39f008f4ca072e6359c)] -> id: rn_LoginForm_2_Password]
[INFO ][04-Nov-2021 14:04:11 pm] Selenium_Wrapper.click:(199) - Clicking on :[[ChromeDriver: chrome on WINDOWS (b2d154664c1cc39f008f4ca072e6359c)] -> id: rn_LoginForm_2_Submit]
[INFO ][04-Nov-2021 14:04:20 pm] Selenium_Wrapper.click:(199) - Clicking on :[[ChromeDriver: chrome on WINDOWS (b2d154664c1cc39f008f4ca072e6359c)] -> xpath: //div[@class='dropdown']]
[INFO ][04-Nov-2021 14:04:42 pm] Selenium_Wrapper.click:(199) - Clicking on :[[ChromeDriver: chrome on WINDOWS (b2d154664c1cc39f008f4ca072e6359c)] -> xpath: //div[@class='rn_HoverBookmark']//a[contains(text(),'COVID-19 Critical Updates')]]
[INFO ][04-Nov-2021 14:04:42 pm] QuickNavigation.testAssertBookmarkArticle:(45) - Assert Done
[INFO ][04-Nov-2021 14:04:45 pm] Selenium_Wrapper.click:(199) - Clicking on :[[ChromeDriver: chrome on WINDOWS (b2d154664c1cc39f008f4ca072e6359c)] -> class name: knowledge]
[INFO ][04-Nov-2021 14:04:49 pm] Selenium_Wrapper.click:(199) - Clicking on :[[ChromeDriver: chrome on WINDOWS (b2d154664c1cc39f008f4ca072e6359c)] -> xpath: //input[@type='search']]
[INFO ][04-Nov-2021 14:04:50 pm] Selenium_Wrapper.enterText:(311) - Entering Text :Flexible Work in WebElement :[[ChromeDriver: chrome on WINDOWS (b2d154664c1cc39f008f4ca072e6359c)] -> xpath: //input[@type='search']]
[INFO ][04-Nov-2021 14:04:58 pm] Selenium_Wrapper.click:(199) - Clicking on :[[ChromeDriver: chrome on WINDOWS (b2d154664c1cc39f008f4ca072e6359c)] -> xpath: //ul[@aria-label='Suggested Search']//li[normalize-space()='Flexible Work']]
[INFO ][04-Nov-2021 14:05:01 pm] Selenium_Wrapper.click:(199) - Clicking on :[[ChromeDriver: chrome on WINDOWS (b2d154664c1cc39f008f4ca072e6359c)] -> xpath: //div[@class='rn_SearchResultContent']//a[text()='Flexible Work']]
[INFO ][04-Nov-2021 14:05:10 pm] Selenium_Wrapper.click:(199) - Clicking on :[[ChromeDriver: chrome on WINDOWS (b2d154664c1cc39f008f4ca072e6359c)] -> class name: knowledge]
[INFO ][04-Nov-2021 14:05:18 pm] Selenium_Wrapper.click:(199) - Clicking on :[[ChromeDriver: chrome on WINDOWS (b2d154664c1cc39f008f4ca072e6359c)] -> xpath: //div[@class='dropdown']]
[INFO ][04-Nov-2021 14:05:26 pm] Selenium_Wrapper.click:(199) - Clicking on :[[ChromeDriver: chrome on WINDOWS (b2d154664c1cc39f008f4ca072e6359c)] -> xpath: //a[text()='SEE MORE']]
[INFO ][04-Nov-2021 14:05:35 pm] Selenium_Wrapper.click:(199) - Clicking on :[[ChromeDriver: chrome on WINDOWS (b2d154664c1cc39f008f4ca072e6359c)] -> class name: knowledge]
[INFO ][04-Nov-2021 14:05:39 pm] Selenium_Wrapper.click:(199) - Clicking on :[[ChromeDriver: chrome on WINDOWS (b2d154664c1cc39f008f4ca072e6359c)] -> xpath: //div[@class='dropdown']]
[INFO ][04-Nov-2021 14:05:47 pm] Selenium_Wrapper.click:(199) - Clicking on :[[ChromeDriver: chrome on WINDOWS (b2d154664c1cc39f008f4ca072e6359c)] -> xpath: //div[@class='dropdown-content']//a[normalize-space()='My Bookmarks']]
[INFO ][04-Nov-2021 14:05:56 pm] Selenium_Wrapper.click:(199) - Clicking on :[[ChromeDriver: chrome on WINDOWS (b2d154664c1cc39f008f4ca072e6359c)] -> xpath: //select[@class='BookmarkFilter']]
[INFO ][04-Nov-2021 14:06:01 pm] Selenium_Wrapper.click:(199) - Clicking on :[[ChromeDriver: chrome on WINDOWS (b2d154664c1cc39f008f4ca072e6359c)] -> xpath: //select[@class='BookmarkFilter']//option[text()='Alphabetical A-Z']]
[INFO ][04-Nov-2021 14:06:06 pm] Selenium_Wrapper.click:(199) - Clicking on :[[ChromeDriver: chrome on WINDOWS (b2d154664c1cc39f008f4ca072e6359c)] -> class name: knowledge]
[INFO ][04-Nov-2021 14:06:09 pm] Selenium_Wrapper.click:(199) - Clicking on :[[ChromeDriver: chrome on WINDOWS (b2d154664c1cc39f008f4ca072e6359c)] -> xpath: //div[@class='dropdown']]
[INFO ][04-Nov-2021 14:06:14 pm] Selenium_Wrapper.click:(199) - Clicking on :[[ChromeDriver: chrome on WINDOWS (b2d154664c1cc39f008f4ca072e6359c)] -> xpath: //div[@class='dropdown-content']//a[normalize-space()='My Notifications']]
[INFO ][04-Nov-2021 14:06:20 pm] Selenium_Wrapper.click:(199) - Clicking on :[[ChromeDriver: chrome on WINDOWS (b2d154664c1cc39f008f4ca072e6359c)] -> xpath: //a[text()='browse all PAGES']]
[INFO ][04-Nov-2021 14:06:32 pm] Selenium_Wrapper.click:(199) - Clicking on :[[ChromeDriver: chrome on WINDOWS (b2d154664c1cc39f008f4ca072e6359c)] -> xpath: //a[text()='VIEW A-Z INDEX']]
[INFO ][04-Nov-2021 14:06:37 pm] Selenium_Wrapper.click:(199) - Clicking on :[[ChromeDriver: chrome on WINDOWS (b2d154664c1cc39f008f4ca072e6359c)] -> class name: knowledge]
[INFO ][04-Nov-2021 14:06:40 pm] Selenium_Wrapper.closeCurrentBrowser:(650) - Closing the current Browser
