[INFO ][06-Feb-2024 14:18:21 PM] Selenium_Wrapper.openBrowser:(48) - Opening chrome browser.
[INFO ][06-Feb-2024 14:18:24 PM] Selenium_Wrapper.enterURL:(82) - Entering url :https://macu1--tst1.custhelp.com/AgentWeb/
[INFO ][06-Feb-2024 14:18:28 PM] Selenium_Wrapper.enterText:(311) - Entering Text :automation_testing in WebElement :[[ChromeDriver: chrome on WINDOWS (51b11ec9c59d3a9d1e54373e3aca5e36)] -> id: username]
[INFO ][06-Feb-2024 14:18:29 PM] Selenium_Wrapper.enterText:(311) - Entering Text :Welcome123 in WebElement :[[ChromeDriver: chrome on WINDOWS (51b11ec9c59d3a9d1e54373e3aca5e36)] -> id: password]
[INFO ][06-Feb-2024 14:19:02 PM] Selenium_Wrapper.click:(199) - Clicking on :[[ChromeDriver: chrome on WINDOWS (51b11ec9c59d3a9d1e54373e3aca5e36)] -> id: loginbutton]
[INFO ][06-Feb-2024 14:19:13 PM] Selenium_Wrapper.click:(199) - Clicking on :[[ChromeDriver: chrome on WINDOWS (51b11ec9c59d3a9d1e54373e3aca5e36)] -> id: navigationSetBtn]
[INFO ][06-Feb-2024 14:19:19 PM] Selenium_Wrapper.click:(199) - Clicking on :[[ChromeDriver: chrome on WINDOWS (51b11ec9c59d3a9d1e54373e3aca5e36)] -> xpath: //div[@automationid='Configuration']]
[INFO ][06-Feb-2024 14:19:24 PM] Selenium_Wrapper.click:(199) - Clicking on :[[ChromeDriver: chrome on WINDOWS (51b11ec9c59d3a9d1e54373e3aca5e36)] -> xpath: //div[text()='Service']]
[INFO ][06-Feb-2024 14:19:29 PM] Selenium_Wrapper.click:(199) - Clicking on :[[ChromeDriver: chrome on WINDOWS (51b11ec9c59d3a9d1e54373e3aca5e36)] -> xpath: //div[text()='Knowledge Advanced']]
[INFO ][06-Feb-2024 14:19:34 PM] Selenium_Wrapper.click:(199) - Clicking on :[[ChromeDriver: chrome on WINDOWS (51b11ec9c59d3a9d1e54373e3aca5e36)] -> xpath: //span[text()='Authoring']]
[INFO ][06-Feb-2024 14:19:48 PM] Selenium_Wrapper.click:(199) - Clicking on :[[ChromeDriver: chrome on WINDOWS (51b11ec9c59d3a9d1e54373e3aca5e36)] -> xpath: //div[@id='rntab']//ul//li[@testidentifier='MainNavBar_Content']//a]
[INFO ][06-Feb-2024 14:20:02 PM] Selenium_Wrapper.click:(199) - Clicking on :[[ChromeDriver: chrome on WINDOWS (51b11ec9c59d3a9d1e54373e3aca5e36)] -> xpath: //div[text()='Process']//following-sibling::a[@testidentifier='ContentNavBar_Add_Process']]
[INFO ][06-Feb-2024 14:20:04 PM] Selenium_Wrapper.enterText:(311) - Entering Text :TestingArticle in WebElement :[[ChromeDriver: chrome on WINDOWS (51b11ec9c59d3a9d1e54373e3aca5e36)] -> xpath: //input[@testidentifier='Content_ContentType_Add_SUMMARY']]
[INFO ][06-Feb-2024 14:20:07 PM] Selenium_Wrapper.enterText:(311) - Entering Text :Criticals in WebElement :[[ChromeDriver: chrome on WINDOWS (51b11ec9c59d3a9d1e54373e3aca5e36)] -> xpath: //input[@testidentifier='Content_ContentType_Add_KEYWORD']]
[INFO ][06-Feb-2024 14:20:13 PM] Selenium_Wrapper.click:(199) - Clicking on :[[ChromeDriver: chrome on WINDOWS (51b11ec9c59d3a9d1e54373e3aca5e36)] -> xpath: ((//span[@class='cke_bottom cke_reset_all'])[1]//preceding-sibling::*)[2]]
[INFO ][06-Feb-2024 14:20:19 PM] Selenium_Wrapper.enterText:(311) - Entering Text :contentinfo 'Reach out to your immediate supervisor with questions.' in WebElement :[[ChromeDriver: chrome on WINDOWS (51b11ec9c59d3a9d1e54373e3aca5e36)] -> xpath: //body[@class='cke_editable cke_editable_themed cke_contents_ltr cke_show_borders']]
[INFO ][06-Feb-2024 14:20:29 PM] Selenium_Wrapper.click:(199) - Clicking on :[[ChromeDriver: chrome on WINDOWS (51b11ec9c59d3a9d1e54373e3aca5e36)] -> xpath: ((//span[@class='cke_bottom cke_reset_all'])[2]//preceding-sibling::*)[2]]
[INFO ][06-Feb-2024 14:20:35 PM] Selenium_Wrapper.enterText:(311) - Entering Text :COVID-19 Update:  Find additional information on COVID-19 Branch & Service Center Operations\n * Vaccine\n * Similar to the flu shot, we encourage you to take a lunch hour or go after work if you choose to receive the vaccine.\n * You should be able to easily schedule a time to receive a vaccine. * Take PTO if an adverse reaction occurs. * Take PTO if an adverse reaction occurs * First URL of the pageArticle Link * Second URL of the page * Third URL of the page * The few documented cases of a stronger reaction indicate that the affects typically last one to two days. * Have an open conversation with your manager if other accommodations are necessary. * The cost of the vaccine is covered by insurance. * Mask Mandates * As the counties and health departments begin to relax their mask mandates, MACU will address this as follows: * The mask mandate requirement for team members will remain in place for the foreseeable future. * Mask guidance for members will follow State, County and Health department guidelines for those areas. * Personal Protection Equipment (PPE) * Order masks and other PArticle LinkPE by submitting a ServiceNow Facilities ticket. * Items available * Cotopaxi masks ($7 each) * Hand sanitizer * Gloves * Disposable masks * Sanitation wipes * Employee Resources * Mountain America is here for you! Check out these resources: * MACU Desktop Citrix ReceiverWorkspace Step-by-Step Surface Devices Step-by-Step * Microsoft Teams Step-by-Step * Multi-Factor Authentication (MFA) Step-by-Step * Remote Work Agreement * Setting up Your New Laptop * Surface Devices Step-by-Step in WebElement :[[ChromeDriver: chrome on WINDOWS (51b11ec9c59d3a9d1e54373e3aca5e36)] -> xpath: //body[@class='cke_editable cke_editable_themed cke_contents_ltr cke_show_borders']]
[INFO ][06-Feb-2024 14:20:44 PM] Selenium_Wrapper.click:(199) - Clicking on :[[ChromeDriver: chrome on WINDOWS (51b11ec9c59d3a9d1e54373e3aca5e36)] -> xpath: //span[text()='Jump To']]
[INFO ][06-Feb-2024 14:20:50 PM] Selenium_Wrapper.click:(199) - Clicking on :[[ChromeDriver: chrome on WINDOWS (51b11ec9c59d3a9d1e54373e3aca5e36)] -> xpath: (//a[@class='cke_button cke_button__image cke_button_off'])[3]]
[INFO ][06-Feb-2024 14:20:56 PM] Selenium_Wrapper.click:(199) - Clicking on :[[ChromeDriver: chrome on WINDOWS (51b11ec9c59d3a9d1e54373e3aca5e36)] -> xpath: (//span[text()='Browse Server'])[1]]
[INFO ][06-Feb-2024 14:21:17 PM] Selenium_Wrapper.click:(199) - Clicking on :[[ChromeDriver: chrome on WINDOWS (51b11ec9c59d3a9d1e54373e3aca5e36)] -> xpath: //a[text()='MACU_VIEW']]
[INFO ][06-Feb-2024 14:21:36 PM] Selenium_Wrapper.click:(199) - Clicking on :[[ChromeDriver: chrome on WINDOWS (51b11ec9c59d3a9d1e54373e3aca5e36)] -> xpath: //table//span[text()='OK']]
[INFO ][06-Feb-2024 14:21:50 PM] Selenium_Wrapper.click:(199) - Clicking on :[[ChromeDriver: chrome on WINDOWS (51b11ec9c59d3a9d1e54373e3aca5e36)] -> xpath: (//span[@class='cke_button_icon cke_button__addarticlelink_icon'])[4]]
[INFO ][06-Feb-2024 14:21:56 PM] Selenium_Wrapper.enterText:(311) - Entering Text :1000124 in WebElement :[[ChromeDriver: chrome on WINDOWS (51b11ec9c59d3a9d1e54373e3aca5e36)] -> xpath: (//div[text()='Article Link']//following::input)[3]]
[INFO ][06-Feb-2024 14:21:57 PM] Selenium_Wrapper.enterText:(311) - Entering Text :Article Link in WebElement :[[ChromeDriver: chrome on WINDOWS (51b11ec9c59d3a9d1e54373e3aca5e36)] -> xpath: (//div[text()='Article Link']//following::input)[5]]
[INFO ][06-Feb-2024 14:22:03 PM] Selenium_Wrapper.click:(199) - Clicking on :[[ChromeDriver: chrome on WINDOWS (51b11ec9c59d3a9d1e54373e3aca5e36)] -> xpath: (//div[@class='cke_dialog_body']//span[text()='OK'])[2]]
[INFO ][06-Feb-2024 14:22:09 PM] Selenium_Wrapper.click:(199) - Clicking on :[[ChromeDriver: chrome on WINDOWS (51b11ec9c59d3a9d1e54373e3aca5e36)] -> xpath: ((//span[@class='cke_bottom cke_reset_all'])[5]//preceding-sibling::*)[2]]
[INFO ][06-Feb-2024 14:22:13 PM] Selenium_Wrapper.enterText:(311) - Entering Text :BasicInfo - Remote Work * -Use the following resources when connecting to work applications remotely in WebElement :[[ChromeDriver: chrome on WINDOWS (51b11ec9c59d3a9d1e54373e3aca5e36)] -> xpath: //body[@class='cke_editable cke_editable_themed cke_contents_ltr cke_show_borders']]
[INFO ][06-Feb-2024 14:22:22 PM] Selenium_Wrapper.click:(199) - Clicking on :[[ChromeDriver: chrome on WINDOWS (51b11ec9c59d3a9d1e54373e3aca5e36)] -> xpath: ((//span[@class='cke_bottom cke_reset_all'])[6]//preceding-sibling::*)[2]]
[INFO ][06-Feb-2024 14:22:26 PM] Selenium_Wrapper.enterText:(311) - Entering Text :BasicContactInfo -Remote Work * -Use the following resources when connecting to work applications remotely * -Cisco Finesse Step-by-Step * -Cisco Jabber Step-by-Step * -Electronic Communication and Information Basic Info * -Extend Surface Device Battery Life Step-by-Step * -MACU Desktop Citrix ReceiverWorkspace Step-by-Step Surface Devices Step-by-Step * -Microsoft Teams Step-by-Step * -Multi-Factor Authentication (MFA) Step-by-Step * -Remote Work Agreement * -Setting up Your New Laptop * -Surface Devices Step-by-Step in WebElement :[[ChromeDriver: chrome on WINDOWS (51b11ec9c59d3a9d1e54373e3aca5e36)] -> xpath: //body[@class='cke_editable cke_editable_themed cke_contents_ltr cke_show_borders']]
[INFO ][06-Feb-2024 14:22:35 PM] Selenium_Wrapper.click:(199) - Clicking on :[[ChromeDriver: chrome on WINDOWS (51b11ec9c59d3a9d1e54373e3aca5e36)] -> xpath: ((//span[@class='cke_bottom cke_reset_all'])[7]//preceding-sibling::*)[2]]
[INFO ][06-Feb-2024 14:22:39 PM] Selenium_Wrapper.enterText:(311) - Entering Text :Steps- Employee Resources in WebElement :[[ChromeDriver: chrome on WINDOWS (51b11ec9c59d3a9d1e54373e3aca5e36)] -> xpath: //body[@class='cke_editable cke_editable_themed cke_contents_ltr cke_show_borders']]
[INFO ][06-Feb-2024 14:22:48 PM] Selenium_Wrapper.click:(199) - Clicking on :[[ChromeDriver: chrome on WINDOWS (51b11ec9c59d3a9d1e54373e3aca5e36)] -> xpath: ((//span[@class='cke_bottom cke_reset_all'])[8]//preceding-sibling::*)[2]]
[INFO ][06-Feb-2024 14:22:52 PM] Selenium_Wrapper.enterText:(311) - Entering Text :StepsContactInfo - Mountain America is here for you! Check out these resources: * Report COVID-19 in the Workplace * Contact Tracing for COVID-19 * COVID-19 Pay Options * Corporate FSR * Employee Assistance Program (EAP) * Employee Loans * Infectious Disease * MACU Facility Standards * Mountain America Center Meetings & Events * Medical Leave of Absence * Personal Time Off (PTO) * Tanner Meetings & Events * Thrive Clinic * The CareATC Patient Access Center is currently performing all appointment scheduling activities. Our clinics are not currently accepting walk-in or self-scheduled patients. To schedule an appointment, contact the clinic 800-993-8244. * Thrive Fitness Centers * Travel Pay *Traveling Branch Employees in WebElement :[[ChromeDriver: chrome on WINDOWS (51b11ec9c59d3a9d1e54373e3aca5e36)] -> xpath: //body[@class='cke_editable cke_editable_themed cke_contents_ltr cke_show_borders']]
[INFO ][06-Feb-2024 14:23:00 PM] Selenium_Wrapper.click:(199) - Clicking on :[[ChromeDriver: chrome on WINDOWS (51b11ec9c59d3a9d1e54373e3aca5e36)] -> xpath: ((//span[@class='cke_bottom cke_reset_all'])[9]//preceding-sibling::*)[2]]
[INFO ][06-Feb-2024 14:23:05 PM] Selenium_Wrapper.enterText:(311) - Entering Text :Forms_Resources - Mask Mandates in WebElement :[[ChromeDriver: chrome on WINDOWS (51b11ec9c59d3a9d1e54373e3aca5e36)] -> xpath: //body[@class='cke_editable cke_editable_themed cke_contents_ltr cke_show_borders']]
[INFO ][06-Feb-2024 14:23:13 PM] Selenium_Wrapper.click:(199) - Clicking on :[[ChromeDriver: chrome on WINDOWS (51b11ec9c59d3a9d1e54373e3aca5e36)] -> xpath: ((//span[@class='cke_bottom cke_reset_all'])[10]//preceding-sibling::*)[2]]
[INFO ][06-Feb-2024 14:23:21 PM] Selenium_Wrapper.enterText:(311) - Entering Text :Forms_Resources_Content- As the counties and health departments begin to relax their mask mandates, MACU will address this as follows: * The mask mandate requirement for team members will remain in place for the foreseeable future. * Mask guidance for members will follow State, County and Health department guidelines for those areas. in WebElement :[[ChromeDriver: chrome on WINDOWS (51b11ec9c59d3a9d1e54373e3aca5e36)] -> xpath: //body[@class='cke_editable cke_editable_themed cke_contents_ltr cke_show_borders']]
[INFO ][06-Feb-2024 14:23:30 PM] Selenium_Wrapper.click:(199) - Clicking on :[[ChromeDriver: chrome on WINDOWS (51b11ec9c59d3a9d1e54373e3aca5e36)] -> xpath: ((//span[@class='cke_bottom cke_reset_all'])[11]//preceding-sibling::*)[2]]
[INFO ][06-Feb-2024 14:23:35 PM] Selenium_Wrapper.enterText:(311) - Entering Text :SalesConnections-Sales Connections in WebElement :[[ChromeDriver: chrome on WINDOWS (51b11ec9c59d3a9d1e54373e3aca5e36)] -> xpath: //body[@class='cke_editable cke_editable_themed cke_contents_ltr cke_show_borders']]
[INFO ][06-Feb-2024 14:23:47 PM] Selenium_Wrapper.click:(199) - Clicking on :[[ChromeDriver: chrome on WINDOWS (51b11ec9c59d3a9d1e54373e3aca5e36)] -> xpath: //span[text()='Teams']//following::select//option[text()='Accounting & Finance']]
[INFO ][06-Feb-2024 14:23:52 PM] Selenium_Wrapper.click:(199) - Clicking on :[[ChromeDriver: chrome on WINDOWS (51b11ec9c59d3a9d1e54373e3aca5e36)] -> xpath: //span[text()='Compliance']//preceding-sibling::input]
[INFO ][06-Feb-2024 14:23:58 PM] Selenium_Wrapper.click:(199) - Clicking on :[[ChromeDriver: chrome on WINDOWS (51b11ec9c59d3a9d1e54373e3aca5e36)] -> xpath: //span[text()='No ']//preceding-sibling::input]
[INFO ][06-Feb-2024 14:24:03 PM] Selenium_Wrapper.click:(199) - Clicking on :[[ChromeDriver: chrome on WINDOWS (51b11ec9c59d3a9d1e54373e3aca5e36)] -> xpath: ((//span[@class='cke_bottom cke_reset_all'])[12]//preceding-sibling::*)[2]]
[INFO ][06-Feb-2024 14:24:09 PM] Selenium_Wrapper.enterText:(311) - Entering Text :SalesConnectionsContent- As the counties and health departments begin to relax their mask mandates, MACU will address this as follows: * The mask mandate requirement for team members will remain in place for the foreseeable future. * Mask guidance for members will follow State, County and Health department guidelines for those areas. in WebElement :[[ChromeDriver: chrome on WINDOWS (51b11ec9c59d3a9d1e54373e3aca5e36)] -> xpath: //body[@class='cke_editable cke_editable_themed cke_contents_ltr cke_show_borders']]
[INFO ][06-Feb-2024 14:24:18 PM] Selenium_Wrapper.click:(199) - Clicking on :[[ChromeDriver: chrome on WINDOWS (51b11ec9c59d3a9d1e54373e3aca5e36)] -> xpath: //span[text()='Major Change']//preceding-sibling::input]
[INFO ][06-Feb-2024 14:24:23 PM] Selenium_Wrapper.click:(199) - Clicking on :[[ChromeDriver: chrome on WINDOWS (51b11ec9c59d3a9d1e54373e3aca5e36)] -> xpath: //span[text()='Corporate/Branch/Service Center']//following::select//option[text()='Service Center']]
[INFO ][06-Feb-2024 14:24:29 PM] Selenium_Wrapper.click:(199) - Clicking on :[[ChromeDriver: chrome on WINDOWS (51b11ec9c59d3a9d1e54373e3aca5e36)] -> xpath: //span[text()='Department']//following::select//option[text()='0004 SEG Development Team']]
[INFO ][06-Feb-2024 14:24:34 PM] Selenium_Wrapper.click:(199) - Clicking on :[[ChromeDriver: chrome on WINDOWS (51b11ec9c59d3a9d1e54373e3aca5e36)] -> xpath: //span[text()='Manager Level']//following::select//option[text()='Assistant Manager']]
[INFO ][06-Feb-2024 14:24:39 PM] Selenium_Wrapper.click:(199) - Clicking on :[[ChromeDriver: chrome on WINDOWS (51b11ec9c59d3a9d1e54373e3aca5e36)] -> xpath: //span[contains(text(),'time with')]//following::select//option[contains(text(),'1 Month ')]]
[INFO ][06-Feb-2024 14:24:44 PM] Selenium_Wrapper.click:(199) - Clicking on :[[ChromeDriver: chrome on WINDOWS (51b11ec9c59d3a9d1e54373e3aca5e36)] -> xpath: //span[contains(text(),'Branch Name')]//following::select//option[contains(text(),'Albuquerque - Golf Course Road Branch')]]
[INFO ][06-Feb-2024 14:24:49 PM] Selenium_Wrapper.click:(199) - Clicking on :[[ChromeDriver: chrome on WINDOWS (51b11ec9c59d3a9d1e54373e3aca5e36)] -> xpath: //span[contains(text(),'Branch Area')]//following::select//option[contains(text(),'Teton')]]
[INFO ][06-Feb-2024 14:24:55 PM] Selenium_Wrapper.click:(199) - Clicking on :[[ChromeDriver: chrome on WINDOWS (51b11ec9c59d3a9d1e54373e3aca5e36)] -> xpath: (//span[contains(text(),'Primary Tag')]//following::select//option[contains(text(),'AAA')])[1]]
[INFO ][06-Feb-2024 14:25:00 PM] Selenium_Wrapper.click:(199) - Clicking on :[[ChromeDriver: chrome on WINDOWS (51b11ec9c59d3a9d1e54373e3aca5e36)] -> xpath: (//span[contains(text(),'Primary Tag')]//following::select//option[contains(text(),'AAA')])[4]]
[INFO ][06-Feb-2024 14:25:05 PM] Selenium_Wrapper.click:(199) - Clicking on :[[ChromeDriver: chrome on WINDOWS (51b11ec9c59d3a9d1e54373e3aca5e36)] -> xpath: (//span[contains(text(),'Primary Tag')]//following::select//option[contains(text(),'AAA')])[6]]
[INFO ][06-Feb-2024 14:25:10 PM] Selenium_Wrapper.click:(199) - Clicking on :[[ChromeDriver: chrome on WINDOWS (51b11ec9c59d3a9d1e54373e3aca5e36)] -> xpath: //input[@testidentifier='ContentAttributes_RepoViewSelection']]
[INFO ][06-Feb-2024 14:25:17 PM] Selenium_Wrapper.click:(199) - Clicking on :[[ChromeDriver: chrome on WINDOWS (51b11ec9c59d3a9d1e54373e3aca5e36)] -> xpath: //div[@id='AVAIL']//tr//td//span[contains(text(),'AAA')]]
[INFO ][06-Feb-2024 14:25:27 PM] Selenium_Wrapper.click:(199) - Clicking on :[[ChromeDriver: chrome on WINDOWS (51b11ec9c59d3a9d1e54373e3aca5e36)] -> xpath: //div[@id='AVAIL']//tr//td//span[text()='Member Connect']]
[INFO ][06-Feb-2024 14:25:33 PM] Selenium_Wrapper.click:(199) - Clicking on :[[ChromeDriver: chrome on WINDOWS (51b11ec9c59d3a9d1e54373e3aca5e36)] -> xpath: //div[@id='AVAIL']//tr//td//span[text()='New Account Framework']]
[INFO ][06-Feb-2024 14:25:38 PM] Selenium_Wrapper.click:(199) - Clicking on :[[ChromeDriver: chrome on WINDOWS (51b11ec9c59d3a9d1e54373e3aca5e36)] -> xpath: //a[text()='Add']]
[INFO ][06-Feb-2024 14:25:44 PM] Selenium_Wrapper.click:(199) - Clicking on :[[ChromeDriver: chrome on WINDOWS (51b11ec9c59d3a9d1e54373e3aca5e36)] -> xpath: //select[@class='dropdown']]
[INFO ][06-Feb-2024 14:25:49 PM] Selenium_Wrapper.click:(199) - Clicking on :[[ChromeDriver: chrome on WINDOWS (51b11ec9c59d3a9d1e54373e3aca5e36)] -> xpath: //select[@class='dropdown']//option[text()='Search']]
[INFO ][06-Feb-2024 14:25:51 PM] Selenium_Wrapper.enterText:(311) - Entering Text :Business Accounts in WebElement :[[ChromeDriver: chrome on WINDOWS (51b11ec9c59d3a9d1e54373e3aca5e36)] -> xpath: //input[@value='Enter search string']]
[INFO ][06-Feb-2024 14:25:56 PM] Selenium_Wrapper.click:(199) - Clicking on :[[ChromeDriver: chrome on WINDOWS (51b11ec9c59d3a9d1e54373e3aca5e36)] -> xpath: //strong[text()='Business Accounts']]
[INFO ][06-Feb-2024 14:26:02 PM] Selenium_Wrapper.click:(199) - Clicking on :[[ChromeDriver: chrome on WINDOWS (51b11ec9c59d3a9d1e54373e3aca5e36)] -> xpath: //a[text()='Add']]
[INFO ][06-Feb-2024 14:26:07 PM] Selenium_Wrapper.click:(199) - Clicking on :[[ChromeDriver: chrome on WINDOWS (51b11ec9c59d3a9d1e54373e3aca5e36)] -> xpath: //span[text()='Asset Management']]
[INFO ][06-Feb-2024 14:26:13 PM] Selenium_Wrapper.click:(199) - Clicking on :[[ChromeDriver: chrome on WINDOWS (51b11ec9c59d3a9d1e54373e3aca5e36)] -> xpath: //a[text()='Add']]
[INFO ][06-Feb-2024 14:26:18 PM] Selenium_Wrapper.click:(199) - Clicking on :[[ChromeDriver: chrome on WINDOWS (51b11ec9c59d3a9d1e54373e3aca5e36)] -> xpath: //input[@name='notifySubscribers']]
[INFO ][06-Feb-2024 14:26:24 PM] Selenium_Wrapper.click:(199) - Clicking on :[[ChromeDriver: chrome on WINDOWS (51b11ec9c59d3a9d1e54373e3aca5e36)] -> xpath: //a[text()='Save Document']]
[INFO ][06-Feb-2024 14:26:50 PM] Selenium_Wrapper.click:(199) - Clicking on :[[ChromeDriver: chrome on WINDOWS (51b11ec9c59d3a9d1e54373e3aca5e36)] -> xpath: //a[text()='Approve']]
[INFO ][06-Feb-2024 14:27:00 PM] Selenium_Wrapper.click:(199) - Clicking on :[[ChromeDriver: chrome on WINDOWS (51b11ec9c59d3a9d1e54373e3aca5e36)] -> xpath: //a[text()='Approve']]
[INFO ][06-Feb-2024 14:27:11 PM] Selenium_Wrapper.click:(199) - Clicking on :[[ChromeDriver: chrome on WINDOWS (51b11ec9c59d3a9d1e54373e3aca5e36)] -> xpath: //a[text()='Approve']]
[ERROR][06-Feb-2024 14:27:16 PM] Selenium_Wrapper.highlightWebElement:(417) - org.openqa.selenium.NoSuchElementException: no such element: Unable to locate element: {"method":"xpath","selector":"//span[text()='Closed']"}
  (Session info: chrome=121.0.6167.140)
For documentation on this error, please visit: https://www.seleniumhq.org/exceptions/no_such_element.html
Build info: version: '3.141.59', revision: 'e82be7d358', time: '2018-11-14T08:17:03'
System info: host: 'CAF-QA-SWAMYK', ip: '192.168.0.5', os.name: 'Windows 10', os.arch: 'amd64', os.version: '10.0', java.version: '17.0.5'
Driver info: org.openqa.selenium.chrome.ChromeDriver
Capabilities {acceptInsecureCerts: false, browserName: chrome, browserVersion: 121.0.6167.140, chrome: {chromedriverVersion: 121.0.6167.85 (3f98d690ad7e..., userDataDir: C:\Users\swamyk\AppData\Loc...}, fedcm:accounts: true, goog:chromeOptions: {debuggerAddress: localhost:51999}, javascriptEnabled: true, networkConnectionEnabled: false, pageLoadStrategy: normal, platform: WINDOWS, platformName: WINDOWS, proxy: Proxy(), setWindowRect: true, strictFileInteractability: false, timeouts: {implicit: 0, pageLoad: 300000, script: 30000}, unhandledPromptBehavior: dismiss and notify, webauthn:extension:credBlob: true, webauthn:extension:largeBlob: true, webauthn:extension:minPinLength: true, webauthn:extension:prf: true, webauthn:virtualAuthenticators: true}
Session ID: 51b11ec9c59d3a9d1e54373e3aca5e36
*** Element info: {Using=xpath, value=//span[text()='Closed']}
[INFO ][06-Feb-2024 14:27:47 PM] Selenium_Wrapper.click:(199) - Clicking on :[[ChromeDriver: chrome on WINDOWS (51b11ec9c59d3a9d1e54373e3aca5e36)] -> xpath: (//a[text()='Done'])[1]]
[INFO ][06-Feb-2024 14:27:57 PM] Selenium_Wrapper.click:(199) - Clicking on :[[ChromeDriver: chrome on WINDOWS (51b11ec9c59d3a9d1e54373e3aca5e36)] -> xpath: //a[@class='closeButton']]
[INFO ][06-Feb-2024 14:28:10 PM] Selenium_Wrapper.click:(199) - Clicking on :[[ChromeDriver: chrome on WINDOWS (51b11ec9c59d3a9d1e54373e3aca5e36)] -> xpath: //body//oj-avatar[@initials='[[userMenuLabel]]']]
[INFO ][06-Feb-2024 14:28:18 PM] Selenium_Wrapper.click:(199) - Clicking on :[[ChromeDriver: chrome on WINDOWS (51b11ec9c59d3a9d1e54373e3aca5e36)] -> xpath: //a//span[text()='Sign Out']]
[INFO ][06-Feb-2024 14:28:23 PM] Selenium_Wrapper.closeCurrentBrowser:(651) - Closing the current Browser
[INFO ][06-Feb-2024 14:28:24 PM] Selenium_Wrapper.openBrowser:(48) - Opening chrome browser.
[INFO ][06-Feb-2024 14:28:30 PM] Selenium_Wrapper.enterURL:(82) - Entering url :https://macu1--tst1.custhelp.com/app/home
[INFO ][06-Feb-2024 14:28:34 PM] Selenium_Wrapper.enterText:(311) - Entering Text :swamyk in WebElement :[[ChromeDriver: chrome on WINDOWS (1c8007836b96409585d5d3ee98cafa9b)] -> id: rn_LoginForm_2_Username]
[INFO ][06-Feb-2024 14:28:35 PM] Selenium_Wrapper.enterText:(311) - Entering Text :Soft@123 in WebElement :[[ChromeDriver: chrome on WINDOWS (1c8007836b96409585d5d3ee98cafa9b)] -> id: rn_LoginForm_2_Password]
[INFO ][06-Feb-2024 14:28:42 PM] Selenium_Wrapper.click:(199) - Clicking on :[[ChromeDriver: chrome on WINDOWS (1c8007836b96409585d5d3ee98cafa9b)] -> id: rn_LoginForm_2_Submit]
[INFO ][06-Feb-2024 14:29:05 PM] Selenium_Wrapper.closeCurrentBrowser:(651) - Closing the current Browser
