[INFO ][05-Jun-2024 14:17:59 PM] Selenium_Wrapper.openBrowser:(54) - Opening chrome browser.
[INFO ][05-Jun-2024 14:18:03 PM] Selenium_Wrapper.enterURL:(88) - Entering url :https://macu1--tst1.custhelp.com/AgentWeb/
[INFO ][05-Jun-2024 14:18:07 PM] Selenium_Wrapper.enterText:(317) - Entering Text :automation_testing in WebElement :[[ChromeDriver: chrome on WINDOWS (ac09cd0c880d85d4017681cbfd744108)] -> id: username]
[INFO ][05-Jun-2024 14:18:08 PM] Selenium_Wrapper.enterText:(317) - Entering Text :Welcome123 in WebElement :[[ChromeDriver: chrome on WINDOWS (ac09cd0c880d85d4017681cbfd744108)] -> id: password]
[INFO ][05-Jun-2024 14:18:19 PM] Selenium_Wrapper.click:(205) - Clicking on :[[ChromeDriver: chrome on WINDOWS (ac09cd0c880d85d4017681cbfd744108)] -> id: loginbutton]
[INFO ][05-Jun-2024 14:18:41 PM] Selenium_Wrapper.click:(205) - Clicking on :[[ChromeDriver: chrome on WINDOWS (ac09cd0c880d85d4017681cbfd744108)] -> xpath: //oj-button[@id='navigationSetBtn']]
[INFO ][05-Jun-2024 14:18:44 PM] Selenium_Wrapper.click:(205) - Clicking on :[[ChromeDriver: chrome on WINDOWS (ac09cd0c880d85d4017681cbfd744108)] -> xpath: //div[text()='Analytics']]
[INFO ][05-Jun-2024 14:18:46 PM] Selenium_Wrapper.click:(205) - Clicking on :[[ChromeDriver: chrome on WINDOWS (ac09cd0c880d85d4017681cbfd744108)] -> xpath: //span[text()='Reports Explorer']]
[INFO ][05-Jun-2024 14:18:53 PM] Selenium_Wrapper.click:(205) - Clicking on :[[ChromeDriver: chrome on WINDOWS (ac09cd0c880d85d4017681cbfd744108)] -> xpath: //div[text()='Public Reports']]
[INFO ][05-Jun-2024 14:18:55 PM] Selenium_Wrapper.click:(205) - Clicking on :[[ChromeDriver: chrome on WINDOWS (ac09cd0c880d85d4017681cbfd744108)] -> xpath: //div[text()='MACU CUSTOM REPORTS']]
[INFO ][05-Jun-2024 14:18:58 PM] Selenium_Wrapper.click:(205) - Clicking on :[[ChromeDriver: chrome on WINDOWS (ac09cd0c880d85d4017681cbfd744108)] -> xpath: //div[text()='SoftClouds']]
[INFO ][05-Jun-2024 14:19:00 PM] Selenium_Wrapper.click:(205) - Clicking on :[[ChromeDriver: chrome on WINDOWS (ac09cd0c880d85d4017681cbfd744108)] -> xpath: //div[text()='OKCS']]
[INFO ][05-Jun-2024 14:19:11 PM] Selenium_Wrapper.click:(205) - Clicking on :[[ChromeDriver: chrome on WINDOWS (ac09cd0c880d85d4017681cbfd744108)] -> xpath: (//span[text()='Search'])[2]]
[INFO ][05-Jun-2024 14:19:15 PM] Selenium_Wrapper.click:(205) - Clicking on :[[ChromeDriver: chrome on WINDOWS (ac09cd0c880d85d4017681cbfd744108)] -> xpath: (//span[contains(@title,'Thumbsup Count')]//a)[3]]
[INFO ][05-Jun-2024 14:19:23 PM] Selenium_Wrapper.click:(205) - Clicking on :[[ChromeDriver: chrome on WINDOWS (ac09cd0c880d85d4017681cbfd744108)] -> xpath: (//div[@class='breadcrumbContainer']//ul//li//a)[1]]
[INFO ][05-Jun-2024 14:19:30 PM] Selenium_Wrapper.click:(205) - Clicking on :[[ChromeDriver: chrome on WINDOWS (ac09cd0c880d85d4017681cbfd744108)] -> xpath: (//div[@class='primary-tab-header']//ul//li)[2]//span//a//i]
[INFO ][05-Jun-2024 14:19:37 PM] Selenium_Wrapper.click:(205) - Clicking on :[[ChromeDriver: chrome on WINDOWS (ac09cd0c880d85d4017681cbfd744108)] -> xpath: //a[@class='closeButton']]
[INFO ][05-Jun-2024 14:19:40 PM] Selenium_Wrapper.click:(205) - Clicking on :[[ChromeDriver: chrome on WINDOWS (ac09cd0c880d85d4017681cbfd744108)] -> xpath: //body//oj-avatar[@initials='[[userMenuLabel]]']]
[INFO ][05-Jun-2024 14:19:43 PM] Selenium_Wrapper.click:(205) - Clicking on :[[ChromeDriver: chrome on WINDOWS (ac09cd0c880d85d4017681cbfd744108)] -> xpath: //a//span[text()='Sign Out']]
[INFO ][05-Jun-2024 14:19:46 PM] Selenium_Wrapper.closeCurrentBrowser:(657) - Closing the current Browser
