[INFO ][05-Jun-2024 14:12:35 PM] Selenium_Wrapper.openBrowser:(54) - Opening chrome browser.
[INFO ][05-Jun-2024 14:12:42 PM] Selenium_Wrapper.enterURL:(88) - Entering url :https://macu1--tst1.custhelp.com/app/home
[INFO ][05-Jun-2024 14:12:47 PM] Selenium_Wrapper.enterText:(317) - Entering Text :swamyk in WebElement :[[ChromeDriver: chrome on WINDOWS (5117d608380d46b0f7638b5ad9ee0d94)] -> id: rn_LoginForm_2_Username]
[INFO ][05-Jun-2024 14:12:48 PM] Selenium_Wrapper.enterText:(317) - Entering Text :Soft@123 in WebElement :[[ChromeDriver: chrome on WINDOWS (5117d608380d46b0f7638b5ad9ee0d94)] -> id: rn_LoginForm_2_Password]
[INFO ][05-Jun-2024 14:12:52 PM] Selenium_Wrapper.click:(205) - Clicking on :[[ChromeDriver: chrome on WINDOWS (5117d608380d46b0f7638b5ad9ee0d94)] -> id: rn_LoginForm_2_Submit]
[INFO ][05-Jun-2024 14:12:59 PM] Selenium_Wrapper.click:(205) - Clicking on :[[ChromeDriver: chrome on WINDOWS (5117d608380d46b0f7638b5ad9ee0d94)] -> xpath: //input[@type='search']]
[INFO ][05-Jun-2024 14:13:00 PM] Selenium_Wrapper.enterText:(317) - Entering Text :Business Use Auto Loan in WebElement :[[ChromeDriver: chrome on WINDOWS (5117d608380d46b0f7638b5ad9ee0d94)] -> xpath: //input[@type='search']]
[INFO ][05-Jun-2024 14:13:10 PM] Selenium_Wrapper.click:(205) - Clicking on :[[ChromeDriver: chrome on WINDOWS (5117d608380d46b0f7638b5ad9ee0d94)] -> xpath: (//div[@class='yui3-aclist-content']//li//li)[1]]
[INFO ][05-Jun-2024 14:13:15 PM] Selenium_Wrapper.click:(205) - Clicking on :[[ChromeDriver: chrome on WINDOWS (5117d608380d46b0f7638b5ad9ee0d94)] -> xpath: (//div[@class='rn_SearchResultContent']//a)[1]]
[INFO ][05-Jun-2024 14:13:23 PM] Selenium_Wrapper.click:(205) - Clicking on :[[ChromeDriver: chrome on WINDOWS (5117d608380d46b0f7638b5ad9ee0d94)] -> xpath: //div[@class='main_image_div']//div[@class='thumbs_up_down'][2]]
[INFO ][05-Jun-2024 14:13:31 PM] Selenium_Wrapper.click:(205) - Clicking on :[[ChromeDriver: chrome on WINDOWS (5117d608380d46b0f7638b5ad9ee0d94)] -> xpath: //button[@class='rn_RecommendContentButton p-0']]
[INFO ][05-Jun-2024 14:13:32 PM] Selenium_Wrapper.enterText:(317) - Entering Text :Flexible Work - ThumbDown Comments in WebElement :[[ChromeDriver: chrome on WINDOWS (5117d608380d46b0f7638b5ad9ee0d94)] -> id: rn_RequestUpdate_25_Description]
[INFO ][05-Jun-2024 14:13:34 PM] Selenium_Wrapper.click:(205) - Clicking on :[[ChromeDriver: chrome on WINDOWS (5117d608380d46b0f7638b5ad9ee0d94)] -> xpath: //button[text()='Submit']]
[INFO ][05-Jun-2024 14:13:37 PM] Selenium_Wrapper.click:(205) - Clicking on :[[ChromeDriver: chrome on WINDOWS (5117d608380d46b0f7638b5ad9ee0d94)] -> xpath: (//button[@class='yui3-button yui3-button-close'])[2]]
[INFO ][05-Jun-2024 14:13:41 PM] Selenium_Wrapper.click:(205) - Clicking on :[[ChromeDriver: chrome on WINDOWS (5117d608380d46b0f7638b5ad9ee0d94)] -> xpath: //div[@class='dropdown']]
[INFO ][05-Jun-2024 14:13:47 PM] Selenium_Wrapper.click:(205) - Clicking on :[[ChromeDriver: chrome on WINDOWS (5117d608380d46b0f7638b5ad9ee0d94)] -> xpath: //a[text()='My Feedback']]
[INFO ][05-Jun-2024 14:14:10 PM] Selenium_Wrapper.click:(205) - Clicking on :[[ChromeDriver: chrome on WINDOWS (5117d608380d46b0f7638b5ad9ee0d94)] -> xpath: ((//table//tbody)[2]//a)[1]]
[INFO ][05-Jun-2024 14:14:36 PM] Selenium_Wrapper.click:(205) - Clicking on :[[ChromeDriver: chrome on WINDOWS (5117d608380d46b0f7638b5ad9ee0d94)] -> class name: knowledge]
[INFO ][05-Jun-2024 14:14:38 PM] Selenium_Wrapper.closeCurrentBrowser:(657) - Closing the current Browser
[INFO ][05-Jun-2024 14:14:40 PM] Selenium_Wrapper.openBrowser:(54) - Opening chrome browser.
[INFO ][05-Jun-2024 14:14:44 PM] Selenium_Wrapper.enterURL:(88) - Entering url :https://macu1--tst1.custhelp.com/AgentWeb/
[INFO ][05-Jun-2024 14:14:48 PM] Selenium_Wrapper.enterText:(317) - Entering Text :automation_testing in WebElement :[[ChromeDriver: chrome on WINDOWS (5d11d9968b7d4e84429f419e591c6a7a)] -> id: username]
[INFO ][05-Jun-2024 14:14:49 PM] Selenium_Wrapper.enterText:(317) - Entering Text :Welcome123 in WebElement :[[ChromeDriver: chrome on WINDOWS (5d11d9968b7d4e84429f419e591c6a7a)] -> id: password]
[INFO ][05-Jun-2024 14:14:58 PM] Selenium_Wrapper.click:(205) - Clicking on :[[ChromeDriver: chrome on WINDOWS (5d11d9968b7d4e84429f419e591c6a7a)] -> id: loginbutton]
[INFO ][05-Jun-2024 14:15:25 PM] Selenium_Wrapper.click:(205) - Clicking on :[[ChromeDriver: chrome on WINDOWS (5d11d9968b7d4e84429f419e591c6a7a)] -> xpath: //oj-button[@id='navigationSetBtn']]
[INFO ][05-Jun-2024 14:15:27 PM] Selenium_Wrapper.click:(205) - Clicking on :[[ChromeDriver: chrome on WINDOWS (5d11d9968b7d4e84429f419e591c6a7a)] -> xpath: //div[text()='Analytics']]
[INFO ][05-Jun-2024 14:15:29 PM] Selenium_Wrapper.click:(205) - Clicking on :[[ChromeDriver: chrome on WINDOWS (5d11d9968b7d4e84429f419e591c6a7a)] -> xpath: //span[text()='Reports Explorer']]
[INFO ][05-Jun-2024 14:15:31 PM] Selenium_Wrapper.click:(205) - Clicking on :[[ChromeDriver: chrome on WINDOWS (5d11d9968b7d4e84429f419e591c6a7a)] -> xpath: //div[text()='Public Reports']]
[INFO ][05-Jun-2024 14:15:34 PM] Selenium_Wrapper.click:(205) - Clicking on :[[ChromeDriver: chrome on WINDOWS (5d11d9968b7d4e84429f419e591c6a7a)] -> xpath: //div[text()='MACU CUSTOM REPORTS']]
[INFO ][05-Jun-2024 14:15:36 PM] Selenium_Wrapper.click:(205) - Clicking on :[[ChromeDriver: chrome on WINDOWS (5d11d9968b7d4e84429f419e591c6a7a)] -> xpath: //div[text()='SoftClouds']]
[INFO ][05-Jun-2024 14:15:38 PM] Selenium_Wrapper.click:(205) - Clicking on :[[ChromeDriver: chrome on WINDOWS (5d11d9968b7d4e84429f419e591c6a7a)] -> xpath: //div[text()='OKCS']]
[INFO ][05-Jun-2024 14:15:50 PM] Selenium_Wrapper.doubleClick:(286) - Double clicking on :[[ChromeDriver: chrome on WINDOWS (5d11d9968b7d4e84429f419e591c6a7a)] -> xpath: //div[@class='explorer-right-panel']//div[@class='explorer-data-grid']//span[text()='Feedback Admin Report']]
[INFO ][05-Jun-2024 14:16:03 PM] Selenium_Wrapper.click:(205) - Clicking on :[[ChromeDriver: chrome on WINDOWS (5d11d9968b7d4e84429f419e591c6a7a)] -> xpath: //div[@class='container wsx-flex']//div[@class='analyticsTopSection']//div[@class='select-box-root select-box-display-text-active']]
[INFO ][05-Jun-2024 14:16:05 PM] Selenium_Wrapper.click:(205) - Clicking on :[[ChromeDriver: chrome on WINDOWS (5d11d9968b7d4e84429f419e591c6a7a)] -> xpath: (//span[text()='Search'])[2]]
[INFO ][05-Jun-2024 14:16:14 PM] Selenium_Wrapper.doubleClick:(286) - Double clicking on :[[ChromeDriver: chrome on WINDOWS (5d11d9968b7d4e84429f419e591c6a7a)] -> xpath: //div[@class='container wsx-flex']//div[contains(@column-id,'2')][1]]
[INFO ][05-Jun-2024 14:16:25 PM] Selenium_Wrapper.click:(205) - Clicking on :[[ChromeDriver: chrome on WINDOWS (5d11d9968b7d4e84429f419e591c6a7a)] -> xpath: //span[text()='Messages']]
[INFO ][05-Jun-2024 14:16:27 PM] Selenium_Wrapper.click:(205) - Clicking on :[[ChromeDriver: chrome on WINDOWS (5d11d9968b7d4e84429f419e591c6a7a)] -> xpath: //div[contains(@class,'cke_wysiwyg_div ')]]
[INFO ][05-Jun-2024 14:16:28 PM] Selenium_Wrapper.enterText:(317) - Entering Text :It is working as per Expected in WebElement :[[ChromeDriver: chrome on WINDOWS (5d11d9968b7d4e84429f419e591c6a7a)] -> xpath: //div[contains(@class,'cke_wysiwyg_div ')]]
[INFO ][05-Jun-2024 14:16:30 PM] Selenium_Wrapper.click:(205) - Clicking on :[[ChromeDriver: chrome on WINDOWS (5d11d9968b7d4e84429f419e591c6a7a)] -> xpath: //div[@class='ws-toolbar-button-image bui-icon save-icon fa-lg']]
[INFO ][05-Jun-2024 14:16:33 PM] Selenium_Wrapper.click:(205) - Clicking on :[[ChromeDriver: chrome on WINDOWS (5d11d9968b7d4e84429f419e591c6a7a)] -> xpath: //span[text()='Summary']]
[INFO ][05-Jun-2024 14:16:40 PM] Selenium_Wrapper.clickUsingActions:(255) - Clicking on :[[ChromeDriver: chrome on WINDOWS (5d11d9968b7d4e84429f419e591c6a7a)] -> xpath: //div[contains(@id,'Incident_Status')][@class='display-text']]
[INFO ][05-Jun-2024 14:16:44 PM] Selenium_Wrapper.click:(205) - Clicking on :[[ChromeDriver: chrome on WINDOWS (5d11d9968b7d4e84429f419e591c6a7a)] -> xpath: (//div[@title='Solved'])[1]]
[INFO ][05-Jun-2024 14:16:48 PM] Selenium_Wrapper.click:(205) - Clicking on :[[ChromeDriver: chrome on WINDOWS (5d11d9968b7d4e84429f419e591c6a7a)] -> xpath: //div[@class='ws-toolbar-button-image bui-icon save-icon fa-lg']]
[INFO ][05-Jun-2024 14:16:54 PM] Selenium_Wrapper.click:(205) - Clicking on :[[ChromeDriver: chrome on WINDOWS (5d11d9968b7d4e84429f419e591c6a7a)] -> xpath: (//a[@class='closeButton'])[3]]
[INFO ][05-Jun-2024 14:16:58 PM] Selenium_Wrapper.click:(205) - Clicking on :[[ChromeDriver: chrome on WINDOWS (5d11d9968b7d4e84429f419e591c6a7a)] -> xpath: (//a[@class='closeButton'])[2]]
[INFO ][05-Jun-2024 14:17:02 PM] Selenium_Wrapper.click:(205) - Clicking on :[[ChromeDriver: chrome on WINDOWS (5d11d9968b7d4e84429f419e591c6a7a)] -> xpath: (//a[@class='closeButton'])[1]]
[INFO ][05-Jun-2024 14:17:10 PM] Selenium_Wrapper.click:(205) - Clicking on :[[ChromeDriver: chrome on WINDOWS (5d11d9968b7d4e84429f419e591c6a7a)] -> xpath: //body//oj-avatar[@initials='[[userMenuLabel]]']]
[INFO ][05-Jun-2024 14:17:14 PM] Selenium_Wrapper.click:(205) - Clicking on :[[ChromeDriver: chrome on WINDOWS (5d11d9968b7d4e84429f419e591c6a7a)] -> xpath: //a//span[text()='Sign Out']]
[INFO ][05-Jun-2024 14:17:19 PM] Selenium_Wrapper.closeCurrentBrowser:(657) - Closing the current Browser
