[INFO ][07-May-2024 14:18:19 PM] Selenium_Wrapper.openBrowser:(54) - Opening chrome browser.
[INFO ][07-May-2024 14:18:22 PM] Selenium_Wrapper.enterURL:(88) - Entering url :https://macu1--tst1.custhelp.com/AgentWeb/
[INFO ][07-May-2024 14:18:27 PM] Selenium_Wrapper.enterText:(317) - Entering Text :automation_testing in WebElement :[[ChromeDriver: chrome on WINDOWS (2ac665fe5ea4327f2d4474ab4f9a7701)] -> id: username]
[INFO ][07-May-2024 14:18:28 PM] Selenium_Wrapper.enterText:(317) - Entering Text :Welcome123 in WebElement :[[ChromeDriver: chrome on WINDOWS (2ac665fe5ea4327f2d4474ab4f9a7701)] -> id: password]
[INFO ][07-May-2024 14:18:39 PM] Selenium_Wrapper.click:(205) - Clicking on :[[ChromeDriver: chrome on WINDOWS (2ac665fe5ea4327f2d4474ab4f9a7701)] -> id: loginbutton]
[INFO ][07-May-2024 14:18:56 PM] Selenium_Wrapper.click:(205) - Clicking on :[[ChromeDriver: chrome on WINDOWS (2ac665fe5ea4327f2d4474ab4f9a7701)] -> id: navigationSetBtn]
[INFO ][07-May-2024 14:18:58 PM] Selenium_Wrapper.click:(205) - Clicking on :[[ChromeDriver: chrome on WINDOWS (2ac665fe5ea4327f2d4474ab4f9a7701)] -> xpath: //div[@automationid='Configuration']]
[INFO ][07-May-2024 14:19:00 PM] Selenium_Wrapper.click:(205) - Clicking on :[[ChromeDriver: chrome on WINDOWS (2ac665fe5ea4327f2d4474ab4f9a7701)] -> xpath: //div[text()='Service']]
[INFO ][07-May-2024 14:19:02 PM] Selenium_Wrapper.click:(205) - Clicking on :[[ChromeDriver: chrome on WINDOWS (2ac665fe5ea4327f2d4474ab4f9a7701)] -> xpath: //div[text()='Knowledge Advanced']]
[INFO ][07-May-2024 14:19:05 PM] Selenium_Wrapper.click:(205) - Clicking on :[[ChromeDriver: chrome on WINDOWS (2ac665fe5ea4327f2d4474ab4f9a7701)] -> xpath: //span[text()='Authoring']]
[INFO ][07-May-2024 14:19:17 PM] Selenium_Wrapper.click:(205) - Clicking on :[[ChromeDriver: chrome on WINDOWS (2ac665fe5ea4327f2d4474ab4f9a7701)] -> xpath: //div[@id='rntab']//ul//li[@testidentifier='MainNavBar_Content']//a]
[INFO ][07-May-2024 14:19:27 PM] Selenium_Wrapper.click:(205) - Clicking on :[[ChromeDriver: chrome on WINDOWS (2ac665fe5ea4327f2d4474ab4f9a7701)] -> xpath: //div[text()='Process']//following-sibling::a[@testidentifier='ContentNavBar_Add_Process']]
[INFO ][07-May-2024 14:19:30 PM] Selenium_Wrapper.enterText:(317) - Entering Text :TestingArticle in WebElement :[[ChromeDriver: chrome on WINDOWS (2ac665fe5ea4327f2d4474ab4f9a7701)] -> xpath: //input[@testidentifier='Content_ContentType_Add_SUMMARY']]
[INFO ][07-May-2024 14:19:32 PM] Selenium_Wrapper.enterText:(317) - Entering Text :Criticals in WebElement :[[ChromeDriver: chrome on WINDOWS (2ac665fe5ea4327f2d4474ab4f9a7701)] -> xpath: //input[@testidentifier='Content_ContentType_Add_KEYWORD']]
[INFO ][07-May-2024 14:19:36 PM] Selenium_Wrapper.click:(205) - Clicking on :[[ChromeDriver: chrome on WINDOWS (2ac665fe5ea4327f2d4474ab4f9a7701)] -> xpath: ((//span[@class='cke_bottom cke_reset_all'])[1]//preceding-sibling::*)[2]]
[INFO ][07-May-2024 14:19:41 PM] Selenium_Wrapper.enterText:(317) - Entering Text :contentinfo 'Reach out to your immediate supervisor with questions.' in WebElement :[[ChromeDriver: chrome on WINDOWS (2ac665fe5ea4327f2d4474ab4f9a7701)] -> xpath: //body[@class='cke_editable cke_editable_themed cke_contents_ltr cke_show_borders']]
[INFO ][07-May-2024 14:19:49 PM] Selenium_Wrapper.click:(205) - Clicking on :[[ChromeDriver: chrome on WINDOWS (2ac665fe5ea4327f2d4474ab4f9a7701)] -> xpath: ((//span[@class='cke_bottom cke_reset_all'])[2]//preceding-sibling::*)[2]]
[INFO ][07-May-2024 14:19:55 PM] Selenium_Wrapper.enterText:(317) - Entering Text :COVID-19 Update:  Find additional information on COVID-19 Branch & Service Center Operations\n * Vaccine\n * Similar to the flu shot, we encourage you to take a lunch hour or go after work if you choose to receive the vaccine.\n * You should be able to easily schedule a time to receive a vaccine. * Take PTO if an adverse reaction occurs. * Take PTO if an adverse reaction occurs * First URL of the pageArticle Link * Second URL of the page * Third URL of the page * The few documented cases of a stronger reaction indicate that the affects typically last one to two days. * Have an open conversation with your manager if other accommodations are necessary. * The cost of the vaccine is covered by insurance. * Mask Mandates * As the counties and health departments begin to relax their mask mandates, MACU will address this as follows: * The mask mandate requirement for team members will remain in place for the foreseeable future. * Mask guidance for members will follow State, County and Health department guidelines for those areas. * Personal Protection Equipment (PPE) * Order masks and other PArticle LinkPE by submitting a ServiceNow Facilities ticket. * Items available * Cotopaxi masks ($7 each) * Hand sanitizer * Gloves * Disposable masks * Sanitation wipes * Employee Resources * Mountain America is here for you! Check out these resources: * MACU Desktop Citrix ReceiverWorkspace Step-by-Step Surface Devices Step-by-Step * Microsoft Teams Step-by-Step * Multi-Factor Authentication (MFA) Step-by-Step * Remote Work Agreement * Setting up Your New Laptop * Surface Devices Step-by-Step in WebElement :[[ChromeDriver: chrome on WINDOWS (2ac665fe5ea4327f2d4474ab4f9a7701)] -> xpath: //body[@class='cke_editable cke_editable_themed cke_contents_ltr cke_show_borders']]
[INFO ][07-May-2024 14:20:01 PM] Selenium_Wrapper.click:(205) - Clicking on :[[ChromeDriver: chrome on WINDOWS (2ac665fe5ea4327f2d4474ab4f9a7701)] -> xpath: //span[text()='Jump To']]
[INFO ][07-May-2024 14:20:04 PM] Selenium_Wrapper.click:(205) - Clicking on :[[ChromeDriver: chrome on WINDOWS (2ac665fe5ea4327f2d4474ab4f9a7701)] -> xpath: (//a[@class='cke_button cke_button__image cke_button_off'])[3]]
[INFO ][07-May-2024 14:20:08 PM] Selenium_Wrapper.click:(205) - Clicking on :[[ChromeDriver: chrome on WINDOWS (2ac665fe5ea4327f2d4474ab4f9a7701)] -> xpath: (//span[text()='Browse Server'])[1]]
[INFO ][07-May-2024 14:20:25 PM] Selenium_Wrapper.click:(205) - Clicking on :[[ChromeDriver: chrome on WINDOWS (2ac665fe5ea4327f2d4474ab4f9a7701)] -> xpath: //a[text()='MACU_VIEW']]
[INFO ][07-May-2024 14:20:42 PM] Selenium_Wrapper.click:(205) - Clicking on :[[ChromeDriver: chrome on WINDOWS (2ac665fe5ea4327f2d4474ab4f9a7701)] -> xpath: //table//span[text()='OK']]
[INFO ][07-May-2024 14:20:53 PM] Selenium_Wrapper.click:(205) - Clicking on :[[ChromeDriver: chrome on WINDOWS (2ac665fe5ea4327f2d4474ab4f9a7701)] -> xpath: (//span[@class='cke_button_icon cke_button__addarticlelink_icon'])[4]]
[INFO ][07-May-2024 14:20:59 PM] Selenium_Wrapper.enterText:(317) - Entering Text :1000124 in WebElement :[[ChromeDriver: chrome on WINDOWS (2ac665fe5ea4327f2d4474ab4f9a7701)] -> xpath: (//div[text()='Article Link']//following::input)[3]]
[INFO ][07-May-2024 14:21:01 PM] Selenium_Wrapper.enterText:(317) - Entering Text :Article Link in WebElement :[[ChromeDriver: chrome on WINDOWS (2ac665fe5ea4327f2d4474ab4f9a7701)] -> xpath: (//div[text()='Article Link']//following::input)[5]]
[INFO ][07-May-2024 14:21:03 PM] Selenium_Wrapper.click:(205) - Clicking on :[[ChromeDriver: chrome on WINDOWS (2ac665fe5ea4327f2d4474ab4f9a7701)] -> xpath: (//div[@class='cke_dialog_body']//span[text()='OK'])[2]]
[INFO ][07-May-2024 14:21:07 PM] Selenium_Wrapper.click:(205) - Clicking on :[[ChromeDriver: chrome on WINDOWS (2ac665fe5ea4327f2d4474ab4f9a7701)] -> xpath: ((//span[@class='cke_bottom cke_reset_all'])[5]//preceding-sibling::*)[2]]
[INFO ][07-May-2024 14:21:11 PM] Selenium_Wrapper.enterText:(317) - Entering Text :BasicInfo - Remote Work * -Use the following resources when connecting to work applications remotely in WebElement :[[ChromeDriver: chrome on WINDOWS (2ac665fe5ea4327f2d4474ab4f9a7701)] -> xpath: //body[@class='cke_editable cke_editable_themed cke_contents_ltr cke_show_borders']]
[INFO ][07-May-2024 14:21:17 PM] Selenium_Wrapper.click:(205) - Clicking on :[[ChromeDriver: chrome on WINDOWS (2ac665fe5ea4327f2d4474ab4f9a7701)] -> xpath: ((//span[@class='cke_bottom cke_reset_all'])[6]//preceding-sibling::*)[2]]
[INFO ][07-May-2024 14:21:21 PM] Selenium_Wrapper.enterText:(317) - Entering Text :BasicContactInfo -Remote Work * -Use the following resources when connecting to work applications remotely * -Cisco Finesse Step-by-Step * -Cisco Jabber Step-by-Step * -Electronic Communication and Information Basic Info * -Extend Surface Device Battery Life Step-by-Step * -MACU Desktop Citrix ReceiverWorkspace Step-by-Step Surface Devices Step-by-Step * -Microsoft Teams Step-by-Step * -Multi-Factor Authentication (MFA) Step-by-Step * -Remote Work Agreement * -Setting up Your New Laptop * -Surface Devices Step-by-Step in WebElement :[[ChromeDriver: chrome on WINDOWS (2ac665fe5ea4327f2d4474ab4f9a7701)] -> xpath: //body[@class='cke_editable cke_editable_themed cke_contents_ltr cke_show_borders']]
[INFO ][07-May-2024 14:21:27 PM] Selenium_Wrapper.click:(205) - Clicking on :[[ChromeDriver: chrome on WINDOWS (2ac665fe5ea4327f2d4474ab4f9a7701)] -> xpath: ((//span[@class='cke_bottom cke_reset_all'])[7]//preceding-sibling::*)[2]]
[INFO ][07-May-2024 14:21:32 PM] Selenium_Wrapper.enterText:(317) - Entering Text :Steps- Employee Resources in WebElement :[[ChromeDriver: chrome on WINDOWS (2ac665fe5ea4327f2d4474ab4f9a7701)] -> xpath: //body[@class='cke_editable cke_editable_themed cke_contents_ltr cke_show_borders']]
[INFO ][07-May-2024 14:21:37 PM] Selenium_Wrapper.click:(205) - Clicking on :[[ChromeDriver: chrome on WINDOWS (2ac665fe5ea4327f2d4474ab4f9a7701)] -> xpath: ((//span[@class='cke_bottom cke_reset_all'])[8]//preceding-sibling::*)[2]]
[INFO ][07-May-2024 14:21:42 PM] Selenium_Wrapper.enterText:(317) - Entering Text :StepsContactInfo - Mountain America is here for you! Check out these resources: * Report COVID-19 in the Workplace * Contact Tracing for COVID-19 * COVID-19 Pay Options * Corporate FSR * Employee Assistance Program (EAP) * Employee Loans * Infectious Disease * MACU Facility Standards * Mountain America Center Meetings & Events * Medical Leave of Absence * Personal Time Off (PTO) * Tanner Meetings & Events * Thrive Clinic * The CareATC Patient Access Center is currently performing all appointment scheduling activities. Our clinics are not currently accepting walk-in or self-scheduled patients. To schedule an appointment, contact the clinic 800-993-8244. * Thrive Fitness Centers * Travel Pay *Traveling Branch Employees in WebElement :[[ChromeDriver: chrome on WINDOWS (2ac665fe5ea4327f2d4474ab4f9a7701)] -> xpath: //body[@class='cke_editable cke_editable_themed cke_contents_ltr cke_show_borders']]
[INFO ][07-May-2024 14:21:47 PM] Selenium_Wrapper.click:(205) - Clicking on :[[ChromeDriver: chrome on WINDOWS (2ac665fe5ea4327f2d4474ab4f9a7701)] -> xpath: ((//span[@class='cke_bottom cke_reset_all'])[9]//preceding-sibling::*)[2]]
[INFO ][07-May-2024 14:21:52 PM] Selenium_Wrapper.enterText:(317) - Entering Text :Forms_Resources - Mask Mandates in WebElement :[[ChromeDriver: chrome on WINDOWS (2ac665fe5ea4327f2d4474ab4f9a7701)] -> xpath: //body[@class='cke_editable cke_editable_themed cke_contents_ltr cke_show_borders']]
[INFO ][07-May-2024 14:21:57 PM] Selenium_Wrapper.click:(205) - Clicking on :[[ChromeDriver: chrome on WINDOWS (2ac665fe5ea4327f2d4474ab4f9a7701)] -> xpath: ((//span[@class='cke_bottom cke_reset_all'])[10]//preceding-sibling::*)[2]]
[INFO ][07-May-2024 14:22:05 PM] Selenium_Wrapper.enterText:(317) - Entering Text :Forms_Resources_Content- As the counties and health departments begin to relax their mask mandates, MACU will address this as follows: * The mask mandate requirement for team members will remain in place for the foreseeable future. * Mask guidance for members will follow State, County and Health department guidelines for those areas. in WebElement :[[ChromeDriver: chrome on WINDOWS (2ac665fe5ea4327f2d4474ab4f9a7701)] -> xpath: //body[@class='cke_editable cke_editable_themed cke_contents_ltr cke_show_borders']]
[INFO ][07-May-2024 14:22:12 PM] Selenium_Wrapper.click:(205) - Clicking on :[[ChromeDriver: chrome on WINDOWS (2ac665fe5ea4327f2d4474ab4f9a7701)] -> xpath: ((//span[@class='cke_bottom cke_reset_all'])[11]//preceding-sibling::*)[2]]
[INFO ][07-May-2024 14:22:17 PM] Selenium_Wrapper.enterText:(317) - Entering Text :SalesConnections-Sales Connections in WebElement :[[ChromeDriver: chrome on WINDOWS (2ac665fe5ea4327f2d4474ab4f9a7701)] -> xpath: //body[@class='cke_editable cke_editable_themed cke_contents_ltr cke_show_borders']]
[INFO ][07-May-2024 14:22:26 PM] Selenium_Wrapper.click:(205) - Clicking on :[[ChromeDriver: chrome on WINDOWS (2ac665fe5ea4327f2d4474ab4f9a7701)] -> xpath: //span[text()='Teams']//following::select//option[text()='Accounting & Finance']]
[INFO ][07-May-2024 14:22:29 PM] Selenium_Wrapper.click:(205) - Clicking on :[[ChromeDriver: chrome on WINDOWS (2ac665fe5ea4327f2d4474ab4f9a7701)] -> xpath: //span[text()='Compliance']//preceding-sibling::input]
[INFO ][07-May-2024 14:22:31 PM] Selenium_Wrapper.click:(205) - Clicking on :[[ChromeDriver: chrome on WINDOWS (2ac665fe5ea4327f2d4474ab4f9a7701)] -> xpath: //span[text()='No ']//preceding-sibling::input]
[INFO ][07-May-2024 14:22:46 PM] Selenium_Wrapper.click:(205) - Clicking on :[[ChromeDriver: chrome on WINDOWS (2ac665fe5ea4327f2d4474ab4f9a7701)] -> xpath: //span[text()='Major Change']//preceding-sibling::input]
[INFO ][07-May-2024 14:22:48 PM] Selenium_Wrapper.click:(205) - Clicking on :[[ChromeDriver: chrome on WINDOWS (2ac665fe5ea4327f2d4474ab4f9a7701)] -> xpath: //span[text()='Corporate/Branch/Service Center']//following::select//option[text()='Service Center']]
[INFO ][07-May-2024 14:22:50 PM] Selenium_Wrapper.click:(205) - Clicking on :[[ChromeDriver: chrome on WINDOWS (2ac665fe5ea4327f2d4474ab4f9a7701)] -> xpath: //span[text()='Department']//following::select//option[text()='0004 SEG Development Team']]
[INFO ][07-May-2024 14:22:52 PM] Selenium_Wrapper.click:(205) - Clicking on :[[ChromeDriver: chrome on WINDOWS (2ac665fe5ea4327f2d4474ab4f9a7701)] -> xpath: //span[text()='Manager Level']//following::select//option[text()='Assistant Manager']]
[INFO ][07-May-2024 14:22:55 PM] Selenium_Wrapper.click:(205) - Clicking on :[[ChromeDriver: chrome on WINDOWS (2ac665fe5ea4327f2d4474ab4f9a7701)] -> xpath: //span[contains(text(),'time with')]//following::select//option[contains(text(),'1 Month ')]]
[INFO ][07-May-2024 14:22:57 PM] Selenium_Wrapper.click:(205) - Clicking on :[[ChromeDriver: chrome on WINDOWS (2ac665fe5ea4327f2d4474ab4f9a7701)] -> xpath: //span[contains(text(),'Branch Name')]//following::select//option[contains(text(),'Albuquerque - Golf Course Road Branch')]]
[INFO ][07-May-2024 14:22:59 PM] Selenium_Wrapper.click:(205) - Clicking on :[[ChromeDriver: chrome on WINDOWS (2ac665fe5ea4327f2d4474ab4f9a7701)] -> xpath: //span[contains(text(),'Branch Area')]//following::select//option[contains(text(),'Teton')]]
[INFO ][07-May-2024 14:23:02 PM] Selenium_Wrapper.click:(205) - Clicking on :[[ChromeDriver: chrome on WINDOWS (2ac665fe5ea4327f2d4474ab4f9a7701)] -> xpath: (//span[contains(text(),'Primary Tag')]//following::select//option[contains(text(),'AAA')])[1]]
[INFO ][07-May-2024 14:23:04 PM] Selenium_Wrapper.click:(205) - Clicking on :[[ChromeDriver: chrome on WINDOWS (2ac665fe5ea4327f2d4474ab4f9a7701)] -> xpath: (//span[contains(text(),'Primary Tag')]//following::select//option[contains(text(),'AAA')])[4]]
[INFO ][07-May-2024 14:23:06 PM] Selenium_Wrapper.click:(205) - Clicking on :[[ChromeDriver: chrome on WINDOWS (2ac665fe5ea4327f2d4474ab4f9a7701)] -> xpath: (//span[contains(text(),'Primary Tag')]//following::select//option[contains(text(),'AAA')])[6]]
[INFO ][07-May-2024 14:23:09 PM] Selenium_Wrapper.click:(205) - Clicking on :[[ChromeDriver: chrome on WINDOWS (2ac665fe5ea4327f2d4474ab4f9a7701)] -> xpath: //input[@testidentifier='ContentAttributes_RepoViewSelection']]
[INFO ][07-May-2024 14:23:12 PM] Selenium_Wrapper.click:(205) - Clicking on :[[ChromeDriver: chrome on WINDOWS (2ac665fe5ea4327f2d4474ab4f9a7701)] -> xpath: //div[@id='AVAIL']//tr//td//span[contains(text(),'AAA')]]
[INFO ][07-May-2024 14:23:20 PM] Selenium_Wrapper.click:(205) - Clicking on :[[ChromeDriver: chrome on WINDOWS (2ac665fe5ea4327f2d4474ab4f9a7701)] -> xpath: //div[@id='AVAIL']//tr//td//span[text()='Member Connect']]
[INFO ][07-May-2024 14:23:23 PM] Selenium_Wrapper.click:(205) - Clicking on :[[ChromeDriver: chrome on WINDOWS (2ac665fe5ea4327f2d4474ab4f9a7701)] -> xpath: //div[@id='AVAIL']//tr//td//span[text()='New Account Framework']]
[INFO ][07-May-2024 14:23:25 PM] Selenium_Wrapper.click:(205) - Clicking on :[[ChromeDriver: chrome on WINDOWS (2ac665fe5ea4327f2d4474ab4f9a7701)] -> xpath: //a[text()='Add']]
[INFO ][07-May-2024 14:23:28 PM] Selenium_Wrapper.click:(205) - Clicking on :[[ChromeDriver: chrome on WINDOWS (2ac665fe5ea4327f2d4474ab4f9a7701)] -> xpath: //select[@class='dropdown']]
[INFO ][07-May-2024 14:23:31 PM] Selenium_Wrapper.click:(205) - Clicking on :[[ChromeDriver: chrome on WINDOWS (2ac665fe5ea4327f2d4474ab4f9a7701)] -> xpath: //select[@class='dropdown']//option[text()='Search']]
[INFO ][07-May-2024 14:23:32 PM] Selenium_Wrapper.enterText:(317) - Entering Text :Business Accounts in WebElement :[[ChromeDriver: chrome on WINDOWS (2ac665fe5ea4327f2d4474ab4f9a7701)] -> xpath: //input[@value='Enter search string']]
[INFO ][07-May-2024 14:23:35 PM] Selenium_Wrapper.click:(205) - Clicking on :[[ChromeDriver: chrome on WINDOWS (2ac665fe5ea4327f2d4474ab4f9a7701)] -> xpath: //strong[text()='Business Accounts']]
[INFO ][07-May-2024 14:23:37 PM] Selenium_Wrapper.click:(205) - Clicking on :[[ChromeDriver: chrome on WINDOWS (2ac665fe5ea4327f2d4474ab4f9a7701)] -> xpath: //a[text()='Add']]
[INFO ][07-May-2024 14:23:40 PM] Selenium_Wrapper.click:(205) - Clicking on :[[ChromeDriver: chrome on WINDOWS (2ac665fe5ea4327f2d4474ab4f9a7701)] -> xpath: //span[text()='Asset Management']]
[INFO ][07-May-2024 14:23:43 PM] Selenium_Wrapper.click:(205) - Clicking on :[[ChromeDriver: chrome on WINDOWS (2ac665fe5ea4327f2d4474ab4f9a7701)] -> xpath: //a[text()='Add']]
[INFO ][07-May-2024 14:23:46 PM] Selenium_Wrapper.click:(205) - Clicking on :[[ChromeDriver: chrome on WINDOWS (2ac665fe5ea4327f2d4474ab4f9a7701)] -> xpath: //input[@name='notifySubscribers']]
[INFO ][07-May-2024 14:23:48 PM] Selenium_Wrapper.click:(205) - Clicking on :[[ChromeDriver: chrome on WINDOWS (2ac665fe5ea4327f2d4474ab4f9a7701)] -> xpath: //a[text()='Save Document']]
[INFO ][07-May-2024 14:24:10 PM] Selenium_Wrapper.click:(205) - Clicking on :[[ChromeDriver: chrome on WINDOWS (2ac665fe5ea4327f2d4474ab4f9a7701)] -> xpath: //a[text()='Approve']]
[INFO ][07-May-2024 14:24:18 PM] Selenium_Wrapper.click:(205) - Clicking on :[[ChromeDriver: chrome on WINDOWS (2ac665fe5ea4327f2d4474ab4f9a7701)] -> xpath: //a[text()='Approve']]
[INFO ][07-May-2024 14:24:26 PM] Selenium_Wrapper.click:(205) - Clicking on :[[ChromeDriver: chrome on WINDOWS (2ac665fe5ea4327f2d4474ab4f9a7701)] -> xpath: //a[text()='Approve']]
[ERROR][07-May-2024 14:24:31 PM] Selenium_Wrapper.highlightWebElement:(423) - org.openqa.selenium.NoSuchElementException: no such element: Unable to locate element: {"method":"xpath","selector":"//span[text()='Closed']"}
  (Session info: chrome=124.0.6367.119)
For documentation on this error, please visit: https://www.seleniumhq.org/exceptions/no_such_element.html
Build info: version: '3.141.59', revision: 'e82be7d358', time: '2018-11-14T08:17:03'
System info: host: 'SC-CAF-CND84305', ip: '172.26.9.210', os.name: 'Windows 10', os.arch: 'amd64', os.version: '10.0', java.version: '21.0.2'
Driver info: org.openqa.selenium.chrome.ChromeDriver
Capabilities {acceptInsecureCerts: false, browserName: chrome, browserVersion: 124.0.6367.119, chrome: {chromedriverVersion: 123.0.6312.58 (6b4b19e9dfbb..., userDataDir: C:\Users\SWAMYK~1\AppData\L...}, fedcm:accounts: true, goog:chromeOptions: {debuggerAddress: localhost:58619}, javascriptEnabled: true, networkConnectionEnabled: false, pageLoadStrategy: normal, platform: WINDOWS, platformName: WINDOWS, proxy: Proxy(), setWindowRect: true, strictFileInteractability: false, timeouts: {implicit: 0, pageLoad: 300000, script: 30000}, unhandledPromptBehavior: dismiss and notify, webauthn:extension:credBlob: true, webauthn:extension:largeBlob: true, webauthn:extension:minPinLength: true, webauthn:extension:prf: true, webauthn:virtualAuthenticators: true}
Session ID: 2ac665fe5ea4327f2d4474ab4f9a7701
*** Element info: {Using=xpath, value=//span[text()='Closed']}
[INFO ][07-May-2024 14:25:00 PM] Selenium_Wrapper.click:(205) - Clicking on :[[ChromeDriver: chrome on WINDOWS (2ac665fe5ea4327f2d4474ab4f9a7701)] -> xpath: (//a[text()='Done'])[1]]
[INFO ][07-May-2024 14:25:08 PM] Selenium_Wrapper.click:(205) - Clicking on :[[ChromeDriver: chrome on WINDOWS (2ac665fe5ea4327f2d4474ab4f9a7701)] -> xpath: //a[@class='closeButton']]
[INFO ][07-May-2024 14:25:18 PM] Selenium_Wrapper.click:(205) - Clicking on :[[ChromeDriver: chrome on WINDOWS (2ac665fe5ea4327f2d4474ab4f9a7701)] -> xpath: //body//oj-avatar[@initials='[[userMenuLabel]]']]
[INFO ][07-May-2024 14:25:23 PM] Selenium_Wrapper.click:(205) - Clicking on :[[ChromeDriver: chrome on WINDOWS (2ac665fe5ea4327f2d4474ab4f9a7701)] -> xpath: //a//span[text()='Sign Out']]
[INFO ][07-May-2024 14:25:28 PM] Selenium_Wrapper.closeCurrentBrowser:(657) - Closing the current Browser
[INFO ][07-May-2024 14:25:29 PM] Selenium_Wrapper.openBrowser:(54) - Opening chrome browser.
[INFO ][07-May-2024 14:25:37 PM] Selenium_Wrapper.enterURL:(88) - Entering url :https://macu1--tst1.custhelp.com/app/home
[INFO ][07-May-2024 14:25:42 PM] Selenium_Wrapper.enterText:(317) - Entering Text :swamyk in WebElement :[[ChromeDriver: chrome on WINDOWS (3398a4d756c165122d5bf9ea6d5e7c3c)] -> id: rn_LoginForm_2_Username]
[INFO ][07-May-2024 14:25:43 PM] Selenium_Wrapper.enterText:(317) - Entering Text :Soft@123 in WebElement :[[ChromeDriver: chrome on WINDOWS (3398a4d756c165122d5bf9ea6d5e7c3c)] -> id: rn_LoginForm_2_Password]
[INFO ][07-May-2024 14:25:47 PM] Selenium_Wrapper.click:(205) - Clicking on :[[ChromeDriver: chrome on WINDOWS (3398a4d756c165122d5bf9ea6d5e7c3c)] -> id: rn_LoginForm_2_Submit]
[INFO ][07-May-2024 14:26:08 PM] Selenium_Wrapper.closeCurrentBrowser:(657) - Closing the current Browser
