[INFO ][27-Jul-2023 14:20:56 pm] Selenium_Wrapper.openBrowser:(48) - Opening chrome browser.
[INFO ][27-Jul-2023 14:21:03 pm] Selenium_Wrapper.enterURL:(82) - Entering url :https://macu1--tst1.custhelp.com/app/home
[INFO ][27-Jul-2023 14:21:07 pm] Selenium_Wrapper.enterText:(311) - Entering Text :swamyk in WebElement :[[ChromeDriver: chrome on WINDOWS (b131f4698ade21d906fc4e81d845bd78)] -> id: rn_LoginForm_2_Username]
[INFO ][27-Jul-2023 14:21:08 pm] Selenium_Wrapper.enterText:(311) - Entering Text :Soft@123 in WebElement :[[ChromeDriver: chrome on WINDOWS (b131f4698ade21d906fc4e81d845bd78)] -> id: rn_LoginForm_2_Password]
[INFO ][27-Jul-2023 14:21:15 pm] Selenium_Wrapper.click:(199) - Clicking on :[[ChromeDriver: chrome on WINDOWS (b131f4698ade21d906fc4e81d845bd78)] -> id: rn_LoginForm_2_Submit]
[INFO ][27-Jul-2023 14:21:28 pm] Selenium_Wrapper.click:(199) - Clicking on :[[ChromeDriver: chrome on WINDOWS (b131f4698ade21d906fc4e81d845bd78)] -> xpath: //input[@type='search']]
[INFO ][27-Jul-2023 14:21:29 pm] Selenium_Wrapper.enterText:(311) - Entering Text :Business Auto Loan in WebElement :[[ChromeDriver: chrome on WINDOWS (b131f4698ade21d906fc4e81d845bd78)] -> xpath: //input[@type='search']]
[INFO ][27-Jul-2023 14:21:46 pm] Selenium_Wrapper.click:(199) - Clicking on :[[ChromeDriver: chrome on WINDOWS (b131f4698ade21d906fc4e81d845bd78)] -> xpath: (//div[@class='yui3-aclist-content']//li//li)[1]]
[INFO ][27-Jul-2023 14:21:53 pm] Selenium_Wrapper.click:(199) - Clicking on :[[ChromeDriver: chrome on WINDOWS (b131f4698ade21d906fc4e81d845bd78)] -> xpath: (//div[@class='rn_SearchResultContent']//a)[1]]
[INFO ][27-Jul-2023 14:22:16 pm] Selenium_Wrapper.click:(199) - Clicking on :[[ChromeDriver: chrome on WINDOWS (b131f4698ade21d906fc4e81d845bd78)] -> xpath: //div[@class='main_image_div']//div[@class='thumbs_up_down'][2]]
[INFO ][27-Jul-2023 14:22:27 pm] Selenium_Wrapper.click:(199) - Clicking on :[[ChromeDriver: chrome on WINDOWS (b131f4698ade21d906fc4e81d845bd78)] -> xpath: //textarea[@class='rn_DocumentTextArea']]
[INFO ][27-Jul-2023 14:22:29 pm] Selenium_Wrapper.enterText:(311) - Entering Text :Flexible Work - ThumbDown Comments in WebElement :[[ChromeDriver: chrome on WINDOWS (b131f4698ade21d906fc4e81d845bd78)] -> xpath: //textarea[@class='rn_DocumentTextArea']]
[INFO ][27-Jul-2023 14:22:34 pm] Selenium_Wrapper.click:(199) - Clicking on :[[ChromeDriver: chrome on WINDOWS (b131f4698ade21d906fc4e81d845bd78)] -> xpath: //button[text()='SUBMIT']]
[INFO ][27-Jul-2023 14:22:39 pm] Selenium_Wrapper.click:(199) - Clicking on :[[ChromeDriver: chrome on WINDOWS (b131f4698ade21d906fc4e81d845bd78)] -> xpath: //button[@class='yui3-button yui3-button-close']]
[INFO ][27-Jul-2023 14:22:46 pm] Selenium_Wrapper.click:(199) - Clicking on :[[ChromeDriver: chrome on WINDOWS (b131f4698ade21d906fc4e81d845bd78)] -> xpath: //div[@class='dropdown']]
[INFO ][27-Jul-2023 14:22:57 pm] Selenium_Wrapper.click:(199) - Clicking on :[[ChromeDriver: chrome on WINDOWS (b131f4698ade21d906fc4e81d845bd78)] -> xpath: //a[text()='My Feedback']]
[INFO ][27-Jul-2023 14:23:25 pm] Selenium_Wrapper.click:(199) - Clicking on :[[ChromeDriver: chrome on WINDOWS (b131f4698ade21d906fc4e81d845bd78)] -> xpath: ((//table//tbody)[2]//a)[1]]
[INFO ][27-Jul-2023 14:23:59 pm] Selenium_Wrapper.click:(199) - Clicking on :[[ChromeDriver: chrome on WINDOWS (b131f4698ade21d906fc4e81d845bd78)] -> class name: knowledge]
[INFO ][27-Jul-2023 14:24:01 pm] Selenium_Wrapper.closeCurrentBrowser:(651) - Closing the current Browser
[INFO ][27-Jul-2023 14:24:02 pm] Selenium_Wrapper.openBrowser:(48) - Opening chrome browser.
[INFO ][27-Jul-2023 14:24:11 pm] Selenium_Wrapper.enterURL:(82) - Entering url :https://macu1--tst1.custhelp.com/AgentWeb/
[INFO ][27-Jul-2023 14:24:15 pm] Selenium_Wrapper.enterText:(311) - Entering Text :automation_testing in WebElement :[[ChromeDriver: chrome on WINDOWS (93f2bd1dafa45ac5a6afbef2d2330e4b)] -> id: username]
[INFO ][27-Jul-2023 14:24:16 pm] Selenium_Wrapper.enterText:(311) - Entering Text :Welcome123 in WebElement :[[ChromeDriver: chrome on WINDOWS (93f2bd1dafa45ac5a6afbef2d2330e4b)] -> id: password]
[INFO ][27-Jul-2023 14:24:43 pm] Selenium_Wrapper.click:(199) - Clicking on :[[ChromeDriver: chrome on WINDOWS (93f2bd1dafa45ac5a6afbef2d2330e4b)] -> id: loginbutton]
[INFO ][27-Jul-2023 14:25:24 pm] Selenium_Wrapper.click:(199) - Clicking on :[[ChromeDriver: chrome on WINDOWS (93f2bd1dafa45ac5a6afbef2d2330e4b)] -> id: navigationSetBtn]
[INFO ][27-Jul-2023 14:25:31 pm] Selenium_Wrapper.click:(199) - Clicking on :[[ChromeDriver: chrome on WINDOWS (93f2bd1dafa45ac5a6afbef2d2330e4b)] -> xpath: (//div[text()='Analytics']//a)]
[INFO ][27-Jul-2023 14:25:36 pm] Selenium_Wrapper.click:(199) - Clicking on :[[ChromeDriver: chrome on WINDOWS (93f2bd1dafa45ac5a6afbef2d2330e4b)] -> xpath: //span[text()='Reports Explorer']]
[INFO ][27-Jul-2023 14:25:44 pm] Selenium_Wrapper.click:(199) - Clicking on :[[ChromeDriver: chrome on WINDOWS (93f2bd1dafa45ac5a6afbef2d2330e4b)] -> xpath: //div[text()='Public Reports']]
[INFO ][27-Jul-2023 14:25:49 pm] Selenium_Wrapper.click:(199) - Clicking on :[[ChromeDriver: chrome on WINDOWS (93f2bd1dafa45ac5a6afbef2d2330e4b)] -> xpath: //div[text()='MACU CUSTOM REPORTS']]
[INFO ][27-Jul-2023 14:25:54 pm] Selenium_Wrapper.click:(199) - Clicking on :[[ChromeDriver: chrome on WINDOWS (93f2bd1dafa45ac5a6afbef2d2330e4b)] -> xpath: //div[text()='SoftClouds']]
[INFO ][27-Jul-2023 14:26:00 pm] Selenium_Wrapper.click:(199) - Clicking on :[[ChromeDriver: chrome on WINDOWS (93f2bd1dafa45ac5a6afbef2d2330e4b)] -> xpath: //div[text()='OKCS']]
[INFO ][27-Jul-2023 14:26:05 pm] Selenium_Wrapper.click:(199) - Clicking on :[[ChromeDriver: chrome on WINDOWS (93f2bd1dafa45ac5a6afbef2d2330e4b)] -> xpath: //div[text()='Archived Reports']]
[INFO ][27-Jul-2023 14:26:17 pm] Selenium_Wrapper.doubleClick:(280) - Double clicking on :[[ChromeDriver: chrome on WINDOWS (93f2bd1dafa45ac5a6afbef2d2330e4b)] -> xpath: //div[@class='explorer-right-panel']//div[@class='explorer-data-grid']//span[text()='Feedback Admin Report (old)']]
[INFO ][27-Jul-2023 14:26:34 pm] Selenium_Wrapper.click:(199) - Clicking on :[[ChromeDriver: chrome on WINDOWS (93f2bd1dafa45ac5a6afbef2d2330e4b)] -> xpath: //div[@class='container wsx-flex']//div[@class='analyticsTopSection']//div[@class='select-box-root select-box-display-text-active']]
[INFO ][27-Jul-2023 14:26:40 pm] Selenium_Wrapper.click:(199) - Clicking on :[[ChromeDriver: chrome on WINDOWS (93f2bd1dafa45ac5a6afbef2d2330e4b)] -> xpath: (//span[text()='Search'])[2]]
[INFO ][27-Jul-2023 14:26:49 pm] Selenium_Wrapper.doubleClick:(280) - Double clicking on :[[ChromeDriver: chrome on WINDOWS (93f2bd1dafa45ac5a6afbef2d2330e4b)] -> xpath: //div[@class='container wsx-flex']//div[contains(@column-id,'2')][1]]
[INFO ][27-Jul-2023 14:27:03 pm] Selenium_Wrapper.click:(199) - Clicking on :[[ChromeDriver: chrome on WINDOWS (93f2bd1dafa45ac5a6afbef2d2330e4b)] -> xpath: //span[text()='Messages']]
[INFO ][27-Jul-2023 14:27:08 pm] Selenium_Wrapper.click:(199) - Clicking on :[[ChromeDriver: chrome on WINDOWS (93f2bd1dafa45ac5a6afbef2d2330e4b)] -> xpath: //div[contains(@class,'cke_wysiwyg_div ')]]
[INFO ][27-Jul-2023 14:27:10 pm] Selenium_Wrapper.enterText:(311) - Entering Text :It is working as per Expected in WebElement :[[ChromeDriver: chrome on WINDOWS (93f2bd1dafa45ac5a6afbef2d2330e4b)] -> xpath: //div[contains(@class,'cke_wysiwyg_div ')]]
[INFO ][27-Jul-2023 14:27:15 pm] Selenium_Wrapper.click:(199) - Clicking on :[[ChromeDriver: chrome on WINDOWS (93f2bd1dafa45ac5a6afbef2d2330e4b)] -> xpath: //div[@class='ws-toolbar-button-image bui-icon save-icon fa-lg']]
[INFO ][27-Jul-2023 14:27:20 pm] Selenium_Wrapper.click:(199) - Clicking on :[[ChromeDriver: chrome on WINDOWS (93f2bd1dafa45ac5a6afbef2d2330e4b)] -> xpath: //span[text()='Summary']]
[INFO ][27-Jul-2023 14:27:28 pm] Selenium_Wrapper.clickUsingActions:(249) - Clicking on :[[ChromeDriver: chrome on WINDOWS (93f2bd1dafa45ac5a6afbef2d2330e4b)] -> xpath: //div[contains(@id,'Incident_Status')][@class='display-text']]
[INFO ][27-Jul-2023 14:27:35 pm] Selenium_Wrapper.click:(199) - Clicking on :[[ChromeDriver: chrome on WINDOWS (93f2bd1dafa45ac5a6afbef2d2330e4b)] -> xpath: (//div[@title='Solved'])[1]]
[INFO ][27-Jul-2023 14:27:42 pm] Selenium_Wrapper.click:(199) - Clicking on :[[ChromeDriver: chrome on WINDOWS (93f2bd1dafa45ac5a6afbef2d2330e4b)] -> xpath: //div[@class='ws-toolbar-button-image bui-icon save-icon fa-lg']]
[INFO ][27-Jul-2023 14:27:52 pm] Selenium_Wrapper.click:(199) - Clicking on :[[ChromeDriver: chrome on WINDOWS (93f2bd1dafa45ac5a6afbef2d2330e4b)] -> xpath: (//a[@class='closeButton'])[3]]
[INFO ][27-Jul-2023 14:27:59 pm] Selenium_Wrapper.click:(199) - Clicking on :[[ChromeDriver: chrome on WINDOWS (93f2bd1dafa45ac5a6afbef2d2330e4b)] -> xpath: (//a[@class='closeButton'])[2]]
[INFO ][27-Jul-2023 14:28:06 pm] Selenium_Wrapper.click:(199) - Clicking on :[[ChromeDriver: chrome on WINDOWS (93f2bd1dafa45ac5a6afbef2d2330e4b)] -> xpath: (//a[@class='closeButton'])[1]]
[INFO ][27-Jul-2023 14:28:15 pm] Selenium_Wrapper.click:(199) - Clicking on :[[ChromeDriver: chrome on WINDOWS (93f2bd1dafa45ac5a6afbef2d2330e4b)] -> xpath: //body//oj-avatar[@initials='[[userMenuLabel]]']]
[INFO ][27-Jul-2023 14:28:22 pm] Selenium_Wrapper.click:(199) - Clicking on :[[ChromeDriver: chrome on WINDOWS (93f2bd1dafa45ac5a6afbef2d2330e4b)] -> xpath: //a//span[text()='Sign Out']]
[INFO ][27-Jul-2023 14:28:27 pm] Selenium_Wrapper.closeCurrentBrowser:(651) - Closing the current Browser
