[INFO ][09-Aug-2024 14:27:39 PM] Selenium_Wrapper.openBrowser:(54) - Opening chrome browser.
[INFO ][09-Aug-2024 14:27:50 PM] Selenium_Wrapper.enterURL:(88) - Entering url :https://macu1--tst1.custhelp.com/app/home
[INFO ][09-Aug-2024 14:27:55 PM] Selenium_Wrapper.enterText:(317) - Entering Text :swamyk in WebElement :[[ChromeDriver: chrome on WINDOWS (74787cca4e527b368fca54bf48338e47)] -> id: rn_LoginForm_2_Username]
[INFO ][09-Aug-2024 14:27:56 PM] Selenium_Wrapper.enterText:(317) - Entering Text :Soft@123 in WebElement :[[ChromeDriver: chrome on WINDOWS (74787cca4e527b368fca54bf48338e47)] -> id: rn_LoginForm_2_Password]
[INFO ][09-Aug-2024 14:28:00 PM] Selenium_Wrapper.click:(205) - Clicking on :[[ChromeDriver: chrome on WINDOWS (74787cca4e527b368fca54bf48338e47)] -> id: rn_LoginForm_2_Submit]
[INFO ][09-Aug-2024 14:28:18 PM] Selenium_Wrapper.click:(205) - Clicking on :[[ChromeDriver: chrome on WINDOWS (74787cca4e527b368fca54bf48338e47)] -> xpath: //a[text()='browse all PAGES']]
[INFO ][09-Aug-2024 14:28:31 PM] Selenium_Wrapper.click:(205) - Clicking on :[[ChromeDriver: chrome on WINDOWS (74787cca4e527b368fca54bf48338e47)] -> xpath: (//div[@id='category']//following-sibling::ul//a)[1]]
[INFO ][09-Aug-2024 14:28:49 PM] Selenium_Wrapper.click:(205) - Clicking on :[[ChromeDriver: chrome on WINDOWS (74787cca4e527b368fca54bf48338e47)] -> xpath: //a[text()='Business Accounts']]
[INFO ][09-Aug-2024 14:28:55 PM] Selenium_Wrapper.click:(205) - Clicking on :[[ChromeDriver: chrome on WINDOWS (74787cca4e527b368fca54bf48338e47)] -> xpath: (//div[@id='category']//following-sibling::ul//a)[1]]
[INFO ][09-Aug-2024 14:29:08 PM] Selenium_Wrapper.click:(205) - Clicking on :[[ChromeDriver: chrome on WINDOWS (74787cca4e527b368fca54bf48338e47)] -> xpath: //a[text()='Employee Experience']]
[INFO ][09-Aug-2024 14:29:30 PM] Selenium_Wrapper.click:(205) - Clicking on :[[ChromeDriver: chrome on WINDOWS (74787cca4e527b368fca54bf48338e47)] -> xpath: //a[text()='Employee Experience']]
[INFO ][09-Aug-2024 14:29:44 PM] Selenium_Wrapper.click:(205) - Clicking on :[[ChromeDriver: chrome on WINDOWS (74787cca4e527b368fca54bf48338e47)] -> xpath: //a[text()='Personal Accounts']]
[INFO ][09-Aug-2024 14:29:49 PM] Selenium_Wrapper.click:(205) - Clicking on :[[ChromeDriver: chrome on WINDOWS (74787cca4e527b368fca54bf48338e47)] -> xpath: (//div[@id='category']//following-sibling::ul//a)[1]]
[INFO ][09-Aug-2024 14:30:02 PM] Selenium_Wrapper.click:(205) - Clicking on :[[ChromeDriver: chrome on WINDOWS (74787cca4e527b368fca54bf48338e47)] -> xpath: //a[text()='Services']]
[INFO ][09-Aug-2024 14:30:25 PM] Selenium_Wrapper.click:(205) - Clicking on :[[ChromeDriver: chrome on WINDOWS (74787cca4e527b368fca54bf48338e47)] -> xpath: //a[text()='Services']]
[INFO ][09-Aug-2024 14:30:55 PM] Selenium_Wrapper.click:(205) - Clicking on :[[ChromeDriver: chrome on WINDOWS (74787cca4e527b368fca54bf48338e47)] -> xpath: //a[text()='VIEW A-Z INDEX']]
[INFO ][09-Aug-2024 14:31:17 PM] Selenium_Wrapper.click:(205) - Clicking on :[[ChromeDriver: chrome on WINDOWS (74787cca4e527b368fca54bf48338e47)] -> xpath: //div[@id='rn_A_ZIndex_2']//ul[@class='indexing_list']//li//a[text()='D']]
[INFO ][09-Aug-2024 14:31:32 PM] Selenium_Wrapper.click:(205) - Clicking on :[[ChromeDriver: chrome on WINDOWS (74787cca4e527b368fca54bf48338e47)] -> xpath: //div[@id='rn_A_ZIndex_2']//ul[@class='indexing_list']//li//a[text()='J']]
[INFO ][09-Aug-2024 14:31:46 PM] Selenium_Wrapper.click:(205) - Clicking on :[[ChromeDriver: chrome on WINDOWS (74787cca4e527b368fca54bf48338e47)] -> xpath: //div[@id='rn_A_ZIndex_2']//ul[@class='indexing_list']//li//a[text()='P']]
[INFO ][09-Aug-2024 14:32:00 PM] Selenium_Wrapper.click:(205) - Clicking on :[[ChromeDriver: chrome on WINDOWS (74787cca4e527b368fca54bf48338e47)] -> xpath: //div[@id='rn_A_ZIndex_2']//ul[@class='indexing_list']//li//a[text()='V']]
[INFO ][09-Aug-2024 14:32:14 PM] Selenium_Wrapper.click:(205) - Clicking on :[[ChromeDriver: chrome on WINDOWS (74787cca4e527b368fca54bf48338e47)] -> xpath: //div[@id='rn_A_ZIndex_2']//ul[@class='indexing_list']//li//a[text()='0-9']]
[INFO ][09-Aug-2024 14:32:37 PM] Selenium_Wrapper.click:(205) - Clicking on :[[ChromeDriver: chrome on WINDOWS (74787cca4e527b368fca54bf48338e47)] -> xpath: (//div[@class='rn_A_ZIndex']//div[@class='index-content']//a)[1]]
[INFO ][09-Aug-2024 14:33:02 PM] Selenium_Wrapper.enterText:(317) - Entering Text :100% First Time Home Buyer Loan in WebElement :[[ChromeDriver: chrome on WINDOWS (74787cca4e527b368fca54bf48338e47)] -> xpath: //input[@type='search']]
[INFO ][09-Aug-2024 14:33:45 PM] Selenium_Wrapper.click:(205) - Clicking on :[[ChromeDriver: chrome on WINDOWS (74787cca4e527b368fca54bf48338e47)] -> xpath: //div[@id='rn_PageTitle']//a[text()='BROWSE ALL PAGES']]
[INFO ][09-Aug-2024 14:33:53 PM] Selenium_Wrapper.closeCurrentBrowser:(657) - Closing the current Browser
