[INFO ][09-Aug-2024 14:37:11 PM] Selenium_Wrapper.openBrowser:(54) - Opening chrome browser.
[INFO ][09-Aug-2024 14:37:21 PM] Selenium_Wrapper.enterURL:(88) - Entering url :https://macu1--tst1.custhelp.com/app/home
[INFO ][09-Aug-2024 14:37:26 PM] Selenium_Wrapper.enterText:(317) - Entering Text :swamyk in WebElement :[[ChromeDriver: chrome on WINDOWS (eb842ac1051d4b3df1323a66404e2440)] -> id: rn_LoginForm_2_Username]
[INFO ][09-Aug-2024 14:37:27 PM] Selenium_Wrapper.enterText:(317) - Entering Text :Soft@123 in WebElement :[[ChromeDriver: chrome on WINDOWS (eb842ac1051d4b3df1323a66404e2440)] -> id: rn_LoginForm_2_Password]
[INFO ][09-Aug-2024 14:37:31 PM] Selenium_Wrapper.click:(205) - Clicking on :[[ChromeDriver: chrome on WINDOWS (eb842ac1051d4b3df1323a66404e2440)] -> id: rn_LoginForm_2_Submit]
[INFO ][09-Aug-2024 14:37:47 PM] Selenium_Wrapper.click:(205) - Clicking on :[[ChromeDriver: chrome on WINDOWS (eb842ac1051d4b3df1323a66404e2440)] -> xpath: //a[text()='browse all PAGES']]
[INFO ][09-Aug-2024 14:37:59 PM] Selenium_Wrapper.click:(205) - Clicking on :[[ChromeDriver: chrome on WINDOWS (eb842ac1051d4b3df1323a66404e2440)] -> xpath: (//div[@id='category']//following-sibling::ul//a)[1]]
[INFO ][09-Aug-2024 14:38:18 PM] Selenium_Wrapper.click:(205) - Clicking on :[[ChromeDriver: chrome on WINDOWS (eb842ac1051d4b3df1323a66404e2440)] -> xpath: //a[text()='Business Accounts']]
[INFO ][09-Aug-2024 14:38:23 PM] Selenium_Wrapper.click:(205) - Clicking on :[[ChromeDriver: chrome on WINDOWS (eb842ac1051d4b3df1323a66404e2440)] -> xpath: (//div[@id='category']//following-sibling::ul//a)[1]]
[INFO ][09-Aug-2024 14:38:36 PM] Selenium_Wrapper.click:(205) - Clicking on :[[ChromeDriver: chrome on WINDOWS (eb842ac1051d4b3df1323a66404e2440)] -> xpath: //a[text()='Employee Experience']]
[INFO ][09-Aug-2024 14:38:58 PM] Selenium_Wrapper.click:(205) - Clicking on :[[ChromeDriver: chrome on WINDOWS (eb842ac1051d4b3df1323a66404e2440)] -> xpath: //a[text()='Employee Experience']]
[INFO ][09-Aug-2024 14:39:12 PM] Selenium_Wrapper.click:(205) - Clicking on :[[ChromeDriver: chrome on WINDOWS (eb842ac1051d4b3df1323a66404e2440)] -> xpath: //a[text()='Personal Accounts']]
[INFO ][09-Aug-2024 14:39:17 PM] Selenium_Wrapper.click:(205) - Clicking on :[[ChromeDriver: chrome on WINDOWS (eb842ac1051d4b3df1323a66404e2440)] -> xpath: (//div[@id='category']//following-sibling::ul//a)[1]]
[INFO ][09-Aug-2024 14:39:30 PM] Selenium_Wrapper.click:(205) - Clicking on :[[ChromeDriver: chrome on WINDOWS (eb842ac1051d4b3df1323a66404e2440)] -> xpath: //a[text()='Services']]
[INFO ][09-Aug-2024 14:40:17 PM] Selenium_Wrapper.click:(205) - Clicking on :[[ChromeDriver: chrome on WINDOWS (eb842ac1051d4b3df1323a66404e2440)] -> xpath: //a[text()='VIEW A-Z INDEX']]
[INFO ][09-Aug-2024 14:40:39 PM] Selenium_Wrapper.click:(205) - Clicking on :[[ChromeDriver: chrome on WINDOWS (eb842ac1051d4b3df1323a66404e2440)] -> xpath: //div[@id='rn_A_ZIndex_2']//ul[@class='indexing_list']//li//a[text()='D']]
[INFO ][09-Aug-2024 14:40:54 PM] Selenium_Wrapper.click:(205) - Clicking on :[[ChromeDriver: chrome on WINDOWS (eb842ac1051d4b3df1323a66404e2440)] -> xpath: //div[@id='rn_A_ZIndex_2']//ul[@class='indexing_list']//li//a[text()='J']]
[INFO ][09-Aug-2024 14:41:08 PM] Selenium_Wrapper.click:(205) - Clicking on :[[ChromeDriver: chrome on WINDOWS (eb842ac1051d4b3df1323a66404e2440)] -> xpath: //div[@id='rn_A_ZIndex_2']//ul[@class='indexing_list']//li//a[text()='P']]
[INFO ][09-Aug-2024 14:41:22 PM] Selenium_Wrapper.click:(205) - Clicking on :[[ChromeDriver: chrome on WINDOWS (eb842ac1051d4b3df1323a66404e2440)] -> xpath: //div[@id='rn_A_ZIndex_2']//ul[@class='indexing_list']//li//a[text()='V']]
[INFO ][09-Aug-2024 14:41:36 PM] Selenium_Wrapper.click:(205) - Clicking on :[[ChromeDriver: chrome on WINDOWS (eb842ac1051d4b3df1323a66404e2440)] -> xpath: //div[@id='rn_A_ZIndex_2']//ul[@class='indexing_list']//li//a[text()='0-9']]
[INFO ][09-Aug-2024 14:41:58 PM] Selenium_Wrapper.click:(205) - Clicking on :[[ChromeDriver: chrome on WINDOWS (eb842ac1051d4b3df1323a66404e2440)] -> xpath: (//div[@class='rn_A_ZIndex']//div[@class='index-content']//a)[1]]
[INFO ][09-Aug-2024 14:42:24 PM] Selenium_Wrapper.enterText:(317) - Entering Text :100% First Time Home Buyer Loan in WebElement :[[ChromeDriver: chrome on WINDOWS (eb842ac1051d4b3df1323a66404e2440)] -> xpath: //input[@type='search']]
[INFO ][09-Aug-2024 14:43:04 PM] Selenium_Wrapper.click:(205) - Clicking on :[[ChromeDriver: chrome on WINDOWS (eb842ac1051d4b3df1323a66404e2440)] -> xpath: //div[@id='rn_PageTitle']//a[text()='BROWSE ALL PAGES']]
[INFO ][09-Aug-2024 14:43:12 PM] Selenium_Wrapper.closeCurrentBrowser:(657) - Closing the current Browser
