[INFO ][04-Apr-2024 14:30:15 PM] Selenium_Wrapper.openBrowser:(54) - Opening chrome browser.
[INFO ][04-Apr-2024 14:30:19 PM] Selenium_Wrapper.enterURL:(88) - Entering url :https://macu1--tst1.custhelp.com/AgentWeb/
[INFO ][04-Apr-2024 14:30:23 PM] Selenium_Wrapper.enterText:(317) - Entering Text :automation_testing in WebElement :[[ChromeDriver: chrome on WINDOWS (8ac5d7a17250e62c7575b2d797f7f962)] -> id: username]
[INFO ][04-Apr-2024 14:30:25 PM] Selenium_Wrapper.enterText:(317) - Entering Text :Welcome123 in WebElement :[[ChromeDriver: chrome on WINDOWS (8ac5d7a17250e62c7575b2d797f7f962)] -> id: password]
[INFO ][04-Apr-2024 14:30:52 PM] Selenium_Wrapper.click:(205) - Clicking on :[[ChromeDriver: chrome on WINDOWS (8ac5d7a17250e62c7575b2d797f7f962)] -> id: loginbutton]
[INFO ][04-Apr-2024 14:31:24 PM] Selenium_Wrapper.click:(205) - Clicking on :[[ChromeDriver: chrome on WINDOWS (8ac5d7a17250e62c7575b2d797f7f962)] -> id: navigationSetBtn]
[INFO ][04-Apr-2024 14:31:28 PM] Selenium_Wrapper.click:(205) - Clicking on :[[ChromeDriver: chrome on WINDOWS (8ac5d7a17250e62c7575b2d797f7f962)] -> xpath: //div[@automationid='Configuration']]
[INFO ][04-Apr-2024 14:31:31 PM] Selenium_Wrapper.click:(205) - Clicking on :[[ChromeDriver: chrome on WINDOWS (8ac5d7a17250e62c7575b2d797f7f962)] -> xpath: //div[text()='Service']]
[INFO ][04-Apr-2024 14:31:33 PM] Selenium_Wrapper.click:(205) - Clicking on :[[ChromeDriver: chrome on WINDOWS (8ac5d7a17250e62c7575b2d797f7f962)] -> xpath: //div[text()='Knowledge Advanced']]
[INFO ][04-Apr-2024 14:31:35 PM] Selenium_Wrapper.click:(205) - Clicking on :[[ChromeDriver: chrome on WINDOWS (8ac5d7a17250e62c7575b2d797f7f962)] -> xpath: //div[@automationid='Configuration_Service_Knowledge Advanced_Authoring']//span[text()='Authoring']]
[INFO ][04-Apr-2024 14:31:51 PM] Selenium_Wrapper.clickUsingActions:(255) - Clicking on :[[ChromeDriver: chrome on WINDOWS (8ac5d7a17250e62c7575b2d797f7f962)] -> xpath: //div[@class='bodyDivRN']//li[@testidentifier='MainNavBar_Content']//a]
[INFO ][04-Apr-2024 14:32:05 PM] Selenium_Wrapper.click:(205) - Clicking on :[[ChromeDriver: chrome on WINDOWS (8ac5d7a17250e62c7575b2d797f7f962)] -> xpath: //a[@testidentifier='ContentNavBar_Add_Technology'][normalize-space()='Add']]
[INFO ][04-Apr-2024 14:32:11 PM] Selenium_Wrapper.click:(205) - Clicking on :[[ChromeDriver: chrome on WINDOWS (8ac5d7a17250e62c7575b2d797f7f962)] -> xpath: //input[@testidentifier='Content_ContentType_Add_SUMMARY']]
[INFO ][04-Apr-2024 14:32:12 PM] Selenium_Wrapper.enterText:(317) - Entering Text :Test Technology through Automation 10 in WebElement :[[ChromeDriver: chrome on WINDOWS (8ac5d7a17250e62c7575b2d797f7f962)] -> xpath: //input[@testidentifier='Content_ContentType_Add_SUMMARY']]
[INFO ][04-Apr-2024 14:32:15 PM] Selenium_Wrapper.click:(205) - Clicking on :[[ChromeDriver: chrome on WINDOWS (8ac5d7a17250e62c7575b2d797f7f962)] -> xpath: //input[@testidentifier='Content_ContentType_Add_KEYWORD']]
[INFO ][04-Apr-2024 14:32:16 PM] Selenium_Wrapper.enterText:(317) - Entering Text :Automation Technology Test 3 in WebElement :[[ChromeDriver: chrome on WINDOWS (8ac5d7a17250e62c7575b2d797f7f962)] -> xpath: //input[@testidentifier='Content_ContentType_Add_KEYWORD']]
[INFO ][04-Apr-2024 14:32:22 PM] Selenium_Wrapper.click:(205) - Clicking on :[[ChromeDriver: chrome on WINDOWS (8ac5d7a17250e62c7575b2d797f7f962)] -> xpath: (//span[text()='Source'])[5]]
[INFO ][04-Apr-2024 14:32:25 PM] Selenium_Wrapper.click:(205) - Clicking on :[[ChromeDriver: chrome on WINDOWS (8ac5d7a17250e62c7575b2d797f7f962)] -> xpath: //textarea[contains(@title,'Rich Text Editor')]]
[INFO ][04-Apr-2024 14:32:32 PM] Selenium_Wrapper.enterText:(317) - Entering Text :<h1>Basic Info</h1>
*<h2>Rescue Loan Qualification</h2>
*<p>For a loan to qualify as rescued you must be able to say YES to EACH of the requirements below:</p>
*<ol> *              <li>This is a new loan to MACU</li> *              <li>This loan is paying off an existing loan from another financial institution (personally&nbsp;held debt and collections are not eligible)</li> *              <li>I proactively rescued this loan</li> *              <li>I reviewed a Value Analyzer with the member and discussed how the new rescue loan meets their needs</li> *</ol> *<h2>Rescued Loan Incentive</h2>
*<ul> *              <li>MSRs and Service Center Agents will receive $10.00 plus&nbsp;$0.50 per $1,000 of rescued volume ($100 cap) for a rescue referral sent to a loan-trained employee (FSR, Outbound Agent, etc.)</li> *          <li>Loan-trained team members who originate and book a rescued loan will receive&nbsp;$2 per $1,000 of rescued volume&nbsp;($100 cap). *            <ul> *                        <li>When booked as a result of a referral, the incentive for the loan-trained individual changes to $1.50 per $1,000 of rescued volume.</li> *             </ul> *              </li> *</ul>
*<div class="panel panel-default panel_note"> *<div class="panel-heading"> *<h2 class="panel-title"> *<span class="rn_note"><strong>Note: </strong> Need to rename a multi-workspace channel on an Enterprise Grid org? Only the Owners or Admins of the workspace or org can do so.</span> *</h2> *</div> *</div>
*<div class="panel panel-default panel_tip"> *<div class="panel-heading"> *<h2 class="panel-title"> *<span class="rn_tip"><strong>Tip:</strong> Only the Owners or Admins of the org can edit this content.</span> *</h2> *</div> *</div>
*<div class="panel panel-default panel_updated"> *<div class="panel-heading"> *<h2 class="panel-title"> *<span class="rn_updated"><strong>COVID-19 Update: </strong> Qualifications to Open and Make Contributions</span> *</h2> *</div> *</div>
*<div class="panel panel-default panel_video"> *<div class="panel-heading"> *<h2 class="panel-title"> *<a class="collapsed" data-toggle="collapse" href="#panel_video_bodyone"> *<span class="rn_video">Video Title</span></a></h2> *</div> *<div aria-expanded="true" class="panel-collapse collapse " id="panel_video_bodyone" role="tabpanel">&nbsp; *<div class="col-sm-12"> *<iframe allowfullscreen="" frameborder="0" height="auto" scrolling="no" src="https://web.microsoftstream.com/embed/video/e865da0e-1116-4ada-b64e-230d0807e343?autoplay=false&amp;showinfo=true" style="border: currentColor; border-image: none;" width="100%"></iframe></div> *</div> *</div> in WebElement :[[ChromeDriver: chrome on WINDOWS (8ac5d7a17250e62c7575b2d797f7f962)] -> xpath: //textarea[contains(@title,'Rich Text Editor')]]
[INFO ][04-Apr-2024 14:32:35 PM] Selenium_Wrapper.click:(205) - Clicking on :[[ChromeDriver: chrome on WINDOWS (8ac5d7a17250e62c7575b2d797f7f962)] -> xpath: (//span[text()='Source'])[5]]
[INFO ][04-Apr-2024 14:32:39 PM] Selenium_Wrapper.click:(205) - Clicking on :[[ChromeDriver: chrome on WINDOWS (8ac5d7a17250e62c7575b2d797f7f962)] -> xpath: //input[@type='checkbox'][@testidentifier='ContentAttributes_RepoViewSelection']]
[INFO ][04-Apr-2024 14:32:52 PM] Selenium_Wrapper.click:(205) - Clicking on :[[ChromeDriver: chrome on WINDOWS (8ac5d7a17250e62c7575b2d797f7f962)] -> xpath: //a[text()='Save Document']]
[INFO ][04-Apr-2024 14:33:00 PM] Selenium_Wrapper.click:(205) - Clicking on :[[ChromeDriver: chrome on WINDOWS (8ac5d7a17250e62c7575b2d797f7f962)] -> xpath: //a[text()='Approve']]
[INFO ][04-Apr-2024 14:33:07 PM] Selenium_Wrapper.click:(205) - Clicking on :[[ChromeDriver: chrome on WINDOWS (8ac5d7a17250e62c7575b2d797f7f962)] -> xpath: //a[text()='Approve']]
[INFO ][04-Apr-2024 14:33:15 PM] Selenium_Wrapper.click:(205) - Clicking on :[[ChromeDriver: chrome on WINDOWS (8ac5d7a17250e62c7575b2d797f7f962)] -> xpath: //a[text()='Approve']]
[INFO ][04-Apr-2024 14:33:18 PM] Selenium_Wrapper.closeCurrentBrowser:(657) - Closing the current Browser
[INFO ][04-Apr-2024 14:33:28 PM] Selenium_Wrapper.openBrowser:(54) - Opening chrome browser.
[INFO ][04-Apr-2024 14:33:36 PM] Selenium_Wrapper.enterURL:(88) - Entering url :https://macu1--tst1.custhelp.com/app/home
[INFO ][04-Apr-2024 14:33:41 PM] Selenium_Wrapper.enterText:(317) - Entering Text :swamyk in WebElement :[[ChromeDriver: chrome on WINDOWS (2dbb0d9fe33ef0bb8e6c5619cacb12a2)] -> id: rn_LoginForm_2_Username]
[INFO ][04-Apr-2024 14:33:42 PM] Selenium_Wrapper.enterText:(317) - Entering Text :Soft@123 in WebElement :[[ChromeDriver: chrome on WINDOWS (2dbb0d9fe33ef0bb8e6c5619cacb12a2)] -> id: rn_LoginForm_2_Password]
[INFO ][04-Apr-2024 14:33:46 PM] Selenium_Wrapper.click:(205) - Clicking on :[[ChromeDriver: chrome on WINDOWS (2dbb0d9fe33ef0bb8e6c5619cacb12a2)] -> id: rn_LoginForm_2_Submit]
[INFO ][04-Apr-2024 14:34:35 PM] Selenium_Wrapper.closeCurrentBrowser:(657) - Closing the current Browser
