[INFO ][02-Jul-2024 14:37:19 PM] Selenium_Wrapper.openBrowser:(54) - Opening chrome browser.
[INFO ][02-Jul-2024 14:37:34 PM] Selenium_Wrapper.enterURL:(88) - Entering url :https://macu1--tst1.custhelp.com/app/home
[INFO ][02-Jul-2024 14:37:38 PM] Selenium_Wrapper.enterText:(317) - Entering Text :swamyk in WebElement :[[ChromeDriver: chrome on WINDOWS (0009eb8c3193ef9deef40878f7299fea)] -> id: rn_LoginForm_2_Username]
[INFO ][02-Jul-2024 14:37:39 PM] Selenium_Wrapper.enterText:(317) - Entering Text :Soft@123 in WebElement :[[ChromeDriver: chrome on WINDOWS (0009eb8c3193ef9deef40878f7299fea)] -> id: rn_LoginForm_2_Password]
[INFO ][02-Jul-2024 14:37:44 PM] Selenium_Wrapper.click:(205) - Clicking on :[[ChromeDriver: chrome on WINDOWS (0009eb8c3193ef9deef40878f7299fea)] -> id: rn_LoginForm_2_Submit]
[INFO ][02-Jul-2024 14:38:07 PM] Selenium_Wrapper.click:(205) - Clicking on :[[ChromeDriver: chrome on WINDOWS (0009eb8c3193ef9deef40878f7299fea)] -> xpath: //input[@type='search']]
[INFO ][02-Jul-2024 14:38:09 PM] Selenium_Wrapper.enterText:(317) - Entering Text :Badge Protocol in WebElement :[[ChromeDriver: chrome on WINDOWS (0009eb8c3193ef9deef40878f7299fea)] -> xpath: //input[@type='search']]
[INFO ][02-Jul-2024 14:38:25 PM] Selenium_Wrapper.click:(205) - Clicking on :[[ChromeDriver: chrome on WINDOWS (0009eb8c3193ef9deef40878f7299fea)] -> xpath: (//div[@class='yui3-aclist-content']//li//li)[1]]
[INFO ][02-Jul-2024 14:38:29 PM] Selenium_Wrapper.click:(205) - Clicking on :[[ChromeDriver: chrome on WINDOWS (0009eb8c3193ef9deef40878f7299fea)] -> xpath: (//div[@class='rn_SearchResultContent']//a)[1]]
[INFO ][02-Jul-2024 14:38:42 PM] Selenium_Wrapper.click:(205) - Clicking on :[[ChromeDriver: chrome on WINDOWS (0009eb8c3193ef9deef40878f7299fea)] -> xpath: //div[@class='main_image_div']//div[@class='thumbs_up_down'][2]]
[INFO ][02-Jul-2024 14:38:51 PM] Selenium_Wrapper.click:(205) - Clicking on :[[ChromeDriver: chrome on WINDOWS (0009eb8c3193ef9deef40878f7299fea)] -> xpath: //button[@class='rn_RecommendContentButton p-0']]
[ERROR][02-Jul-2024 14:38:52 PM] ThumbsDownFeedBack.testFeedbackPage:(63) - Request Updates, Comments, Thumbs Up & Down Test is un-successfull
[ERROR][02-Jul-2024 14:40:47 PM] ThumbsDownFeedBack.testMyFeedbackStatus:(98) - My Feedback Article Status in CP Test is un-successfull
[INFO ][02-Jul-2024 14:40:51 PM] Selenium_Wrapper.openBrowser:(54) - Opening chrome browser.
[INFO ][02-Jul-2024 14:41:05 PM] Selenium_Wrapper.enterURL:(88) - Entering url :https://macu1--tst1.custhelp.com/AgentWeb/
[INFO ][02-Jul-2024 14:41:09 PM] Selenium_Wrapper.enterText:(317) - Entering Text :automation_testing in WebElement :[[ChromeDriver: chrome on WINDOWS (afded1bec9cc910dfa1eb9cde85023fa)] -> id: username]
[INFO ][02-Jul-2024 14:41:11 PM] Selenium_Wrapper.enterText:(317) - Entering Text :Welcome123 in WebElement :[[ChromeDriver: chrome on WINDOWS (afded1bec9cc910dfa1eb9cde85023fa)] -> id: password]
[INFO ][02-Jul-2024 14:41:38 PM] Selenium_Wrapper.click:(205) - Clicking on :[[ChromeDriver: chrome on WINDOWS (afded1bec9cc910dfa1eb9cde85023fa)] -> id: loginbutton]
[INFO ][02-Jul-2024 14:42:05 PM] Selenium_Wrapper.click:(205) - Clicking on :[[ChromeDriver: chrome on WINDOWS (afded1bec9cc910dfa1eb9cde85023fa)] -> xpath: //oj-button[@id='navigationSetBtn']]
[INFO ][02-Jul-2024 14:42:07 PM] Selenium_Wrapper.click:(205) - Clicking on :[[ChromeDriver: chrome on WINDOWS (afded1bec9cc910dfa1eb9cde85023fa)] -> xpath: //div[text()='Analytics']]
