[INFO ][09-Nov-2021 14:35:59 pm] Selenium_Wrapper.openBrowser:(48) - Opening chrome browser.
[INFO ][09-Nov-2021 14:36:04 pm] Selenium_Wrapper.enterURL:(82) - Entering url :https://macu1--tst.custhelp.com/AgentWeb/
[INFO ][09-Nov-2021 14:36:08 pm] Selenium_Wrapper.enterText:(311) - Entering Text :RNT_pramod in WebElement :[[ChromeDriver: chrome on WINDOWS (dbaaa5e827d0e7692eed165403991dd9)] -> id: username]
[INFO ][09-Nov-2021 14:36:09 pm] Selenium_Wrapper.enterText:(311) - Entering Text :Welcome123 in WebElement :[[ChromeDriver: chrome on WINDOWS (dbaaa5e827d0e7692eed165403991dd9)] -> id: password]
[INFO ][09-Nov-2021 14:36:37 pm] Selenium_Wrapper.click:(199) - Clicking on :[[ChromeDriver: chrome on WINDOWS (dbaaa5e827d0e7692eed165403991dd9)] -> id: loginbutton]
[INFO ][09-Nov-2021 14:36:42 pm] Selenium_Wrapper.click:(199) - Clicking on :[[ChromeDriver: chrome on WINDOWS (dbaaa5e827d0e7692eed165403991dd9)] -> xpath: //div[@id='landingPanel-notifications']//button[@class='oj-button oj-button-half-chrome mobile-close-icon mobile-close-button closeFoldout']//label[text()='Close Action Center']]
[INFO ][09-Nov-2021 14:36:48 pm] Selenium_Wrapper.click:(199) - Clicking on :[[ChromeDriver: chrome on WINDOWS (dbaaa5e827d0e7692eed165403991dd9)] -> xpath: (//span[@class='oj-button-icon oj-start navigator-icon oj-button-icon oj-start'])[1]]
[INFO ][09-Nov-2021 14:36:53 pm] Selenium_Wrapper.click:(199) - Clicking on :[[ChromeDriver: chrome on WINDOWS (dbaaa5e827d0e7692eed165403991dd9)] -> xpath: (//div[text()='Configuration']//a)]
[INFO ][09-Nov-2021 14:36:58 pm] Selenium_Wrapper.click:(199) - Clicking on :[[ChromeDriver: chrome on WINDOWS (dbaaa5e827d0e7692eed165403991dd9)] -> xpath: (//div[text()='Service']//a)]
[INFO ][09-Nov-2021 14:37:03 pm] Selenium_Wrapper.click:(199) - Clicking on :[[ChromeDriver: chrome on WINDOWS (dbaaa5e827d0e7692eed165403991dd9)] -> xpath: (//div[text()='Knowledge Advanced']//a)]
[INFO ][09-Nov-2021 14:37:08 pm] Selenium_Wrapper.click:(199) - Clicking on :[[ChromeDriver: chrome on WINDOWS (dbaaa5e827d0e7692eed165403991dd9)] -> xpath: //span[text()='Authoring']]
[INFO ][09-Nov-2021 14:37:25 pm] Selenium_Wrapper.click:(199) - Clicking on :[[ChromeDriver: chrome on WINDOWS (dbaaa5e827d0e7692eed165403991dd9)] -> xpath: //div[@id='rntab']//ul//li[@testidentifier='MainNavBar_Content']//a]
[INFO ][09-Nov-2021 14:37:40 pm] Selenium_Wrapper.click:(199) - Clicking on :[[ChromeDriver: chrome on WINDOWS (dbaaa5e827d0e7692eed165403991dd9)] -> xpath: //div[text()='Process']//following-sibling::a[@testidentifier='ContentNavBar_Add_Process']]
[INFO ][09-Nov-2021 14:37:43 pm] Selenium_Wrapper.enterText:(311) - Entering Text :TestingArticle in WebElement :[[ChromeDriver: chrome on WINDOWS (dbaaa5e827d0e7692eed165403991dd9)] -> xpath: //input[@testidentifier='Content_ContentType_Add_SUMMARY']]
[INFO ][09-Nov-2021 14:37:46 pm] Selenium_Wrapper.enterText:(311) - Entering Text :Criticals in WebElement :[[ChromeDriver: chrome on WINDOWS (dbaaa5e827d0e7692eed165403991dd9)] -> xpath: //input[@testidentifier='Content_ContentType_Add_KEYWORD']]
[INFO ][09-Nov-2021 14:37:53 pm] Selenium_Wrapper.click:(199) - Clicking on :[[ChromeDriver: chrome on WINDOWS (dbaaa5e827d0e7692eed165403991dd9)] -> xpath: ((//span[@class='cke_bottom cke_reset_all'])[1]//preceding-sibling::*)[2]]
[INFO ][09-Nov-2021 14:38:01 pm] Selenium_Wrapper.enterText:(311) - Entering Text :contentinfo 'Reach out to your immediate supervisor with questions.' in WebElement :[[ChromeDriver: chrome on WINDOWS (dbaaa5e827d0e7692eed165403991dd9)] -> xpath: //body[@class='cke_editable cke_editable_themed cke_contents_ltr cke_show_borders']]
[INFO ][09-Nov-2021 14:38:12 pm] Selenium_Wrapper.click:(199) - Clicking on :[[ChromeDriver: chrome on WINDOWS (dbaaa5e827d0e7692eed165403991dd9)] -> xpath: ((//span[@class='cke_bottom cke_reset_all'])[2]//preceding-sibling::*)[2]]
[INFO ][09-Nov-2021 14:38:19 pm] Selenium_Wrapper.enterText:(311) - Entering Text :COVID-19 Update:  Find additional information on COVID-19 Branch & Service Center Operations\n * Vaccine\n * Similar to the flu shot, we encourage you to take a lunch hour or go after work if you choose to receive the vaccine.\n * You should be able to easily schedule a time to receive a vaccine. * Take PTO if an adverse reaction occurs. * Take PTO if an adverse reaction occurs * First URL of the pageArticle Link * Second URL of the page * Third URL of the page * The few documented cases of a stronger reaction indicate that the affects typically last one to two days. * Have an open conversation with your manager if other accommodations are necessary. * The cost of the vaccine is covered by insurance. * Mask Mandates * As the counties and health departments begin to relax their mask mandates, MACU will address this as follows: * The mask mandate requirement for team members will remain in place for the foreseeable future. * Mask guidance for members will follow State, County and Health department guidelines for those areas. * Personal Protection Equipment (PPE) * Order masks and other PArticle LinkPE by submitting a ServiceNow Facilities ticket. * Items available * Cotopaxi masks ($7 each) * Hand sanitizer * Gloves * Disposable masks * Sanitation wipes * Employee Resources * Mountain America is here for you! Check out these resources: * MACU Desktop Citrix ReceiverWorkspace Step-by-Step Surface Devices Step-by-Step * Microsoft Teams Step-by-Step * Multi-Factor Authentication (MFA) Step-by-Step * Remote Work Agreement * Setting up Your New Laptop * Surface Devices Step-by-Step in WebElement :[[ChromeDriver: chrome on WINDOWS (dbaaa5e827d0e7692eed165403991dd9)] -> xpath: //body[@class='cke_editable cke_editable_themed cke_contents_ltr cke_show_borders']]
[INFO ][09-Nov-2021 14:38:29 pm] Selenium_Wrapper.click:(199) - Clicking on :[[ChromeDriver: chrome on WINDOWS (dbaaa5e827d0e7692eed165403991dd9)] -> xpath: //span[text()='Jump To']]
[INFO ][09-Nov-2021 14:38:36 pm] Selenium_Wrapper.click:(199) - Clicking on :[[ChromeDriver: chrome on WINDOWS (dbaaa5e827d0e7692eed165403991dd9)] -> xpath: (//a[@class='cke_button cke_button__image cke_button_off'])[3]]
[INFO ][09-Nov-2021 14:38:44 pm] Selenium_Wrapper.click:(199) - Clicking on :[[ChromeDriver: chrome on WINDOWS (dbaaa5e827d0e7692eed165403991dd9)] -> xpath: (//span[text()='Browse Server'])[1]]
[INFO ][09-Nov-2021 14:39:04 pm] Selenium_Wrapper.click:(199) - Clicking on :[[ChromeDriver: chrome on WINDOWS (dbaaa5e827d0e7692eed165403991dd9)] -> xpath: //a[text()='MACU_VIEW']]
[INFO ][09-Nov-2021 14:39:24 pm] Selenium_Wrapper.click:(199) - Clicking on :[[ChromeDriver: chrome on WINDOWS (dbaaa5e827d0e7692eed165403991dd9)] -> xpath: //table//span[text()='OK']]
[INFO ][09-Nov-2021 14:39:38 pm] Selenium_Wrapper.click:(199) - Clicking on :[[ChromeDriver: chrome on WINDOWS (dbaaa5e827d0e7692eed165403991dd9)] -> xpath: (//span[@class='cke_button_icon cke_button__addarticlelink_icon'])[4]]
[INFO ][09-Nov-2021 14:39:45 pm] Selenium_Wrapper.enterText:(311) - Entering Text :1000124 in WebElement :[[ChromeDriver: chrome on WINDOWS (dbaaa5e827d0e7692eed165403991dd9)] -> xpath: (//div[text()='Article Link']//following::input)[3]]
[INFO ][09-Nov-2021 14:39:46 pm] Selenium_Wrapper.enterText:(311) - Entering Text :Article Link in WebElement :[[ChromeDriver: chrome on WINDOWS (dbaaa5e827d0e7692eed165403991dd9)] -> xpath: (//div[text()='Article Link']//following::input)[5]]
[INFO ][09-Nov-2021 14:39:51 pm] Selenium_Wrapper.click:(199) - Clicking on :[[ChromeDriver: chrome on WINDOWS (dbaaa5e827d0e7692eed165403991dd9)] -> xpath: (//div[@class='cke_dialog_body']//span[text()='OK'])[2]]
[INFO ][09-Nov-2021 14:39:59 pm] Selenium_Wrapper.click:(199) - Clicking on :[[ChromeDriver: chrome on WINDOWS (dbaaa5e827d0e7692eed165403991dd9)] -> xpath: ((//span[@class='cke_bottom cke_reset_all'])[5]//preceding-sibling::*)[2]]
[INFO ][09-Nov-2021 14:40:04 pm] Selenium_Wrapper.enterText:(311) - Entering Text :BasicInfo - Remote Work * -Use the following resources when connecting to work applications remotely in WebElement :[[ChromeDriver: chrome on WINDOWS (dbaaa5e827d0e7692eed165403991dd9)] -> xpath: //body[@class='cke_editable cke_editable_themed cke_contents_ltr cke_show_borders']]
[INFO ][09-Nov-2021 14:40:15 pm] Selenium_Wrapper.click:(199) - Clicking on :[[ChromeDriver: chrome on WINDOWS (dbaaa5e827d0e7692eed165403991dd9)] -> xpath: ((//span[@class='cke_bottom cke_reset_all'])[6]//preceding-sibling::*)[2]]
[INFO ][09-Nov-2021 14:40:21 pm] Selenium_Wrapper.enterText:(311) - Entering Text :BasicContactInfo -Remote Work * -Use the following resources when connecting to work applications remotely * -Cisco Finesse Step-by-Step * -Cisco Jabber Step-by-Step * -Electronic Communication and Information Basic Info * -Extend Surface Device Battery Life Step-by-Step * -MACU Desktop Citrix ReceiverWorkspace Step-by-Step Surface Devices Step-by-Step * -Microsoft Teams Step-by-Step * -Multi-Factor Authentication (MFA) Step-by-Step * -Remote Work Agreement * -Setting up Your New Laptop * -Surface Devices Step-by-Step in WebElement :[[ChromeDriver: chrome on WINDOWS (dbaaa5e827d0e7692eed165403991dd9)] -> xpath: //body[@class='cke_editable cke_editable_themed cke_contents_ltr cke_show_borders']]
[INFO ][09-Nov-2021 14:40:33 pm] Selenium_Wrapper.click:(199) - Clicking on :[[ChromeDriver: chrome on WINDOWS (dbaaa5e827d0e7692eed165403991dd9)] -> xpath: ((//span[@class='cke_bottom cke_reset_all'])[7]//preceding-sibling::*)[2]]
[INFO ][09-Nov-2021 14:40:38 pm] Selenium_Wrapper.enterText:(311) - Entering Text :Steps- Employee Resources in WebElement :[[ChromeDriver: chrome on WINDOWS (dbaaa5e827d0e7692eed165403991dd9)] -> xpath: //body[@class='cke_editable cke_editable_themed cke_contents_ltr cke_show_borders']]
[INFO ][09-Nov-2021 14:40:50 pm] Selenium_Wrapper.click:(199) - Clicking on :[[ChromeDriver: chrome on WINDOWS (dbaaa5e827d0e7692eed165403991dd9)] -> xpath: ((//span[@class='cke_bottom cke_reset_all'])[8]//preceding-sibling::*)[2]]
[INFO ][09-Nov-2021 14:40:56 pm] Selenium_Wrapper.enterText:(311) - Entering Text :StepsContactInfo - Mountain America is here for you! Check out these resources: * Report COVID-19 in the Workplace * Contact Tracing for COVID-19 * COVID-19 Pay Options * Corporate FSR * Employee Assistance Program (EAP) * Employee Loans * Infectious Disease * MACU Facility Standards * Mountain America Center Meetings & Events * Medical Leave of Absence * Personal Time Off (PTO) * Tanner Meetings & Events * Thrive Clinic * The CareATC Patient Access Center is currently performing all appointment scheduling activities. Our clinics are not currently accepting walk-in or self-scheduled patients. To schedule an appointment, contact the clinic 800-993-8244. * Thrive Fitness Centers * Travel Pay *Traveling Branch Employees in WebElement :[[ChromeDriver: chrome on WINDOWS (dbaaa5e827d0e7692eed165403991dd9)] -> xpath: //body[@class='cke_editable cke_editable_themed cke_contents_ltr cke_show_borders']]
[INFO ][09-Nov-2021 14:41:05 pm] Selenium_Wrapper.click:(199) - Clicking on :[[ChromeDriver: chrome on WINDOWS (dbaaa5e827d0e7692eed165403991dd9)] -> xpath: ((//span[@class='cke_bottom cke_reset_all'])[9]//preceding-sibling::*)[2]]
[INFO ][09-Nov-2021 14:41:10 pm] Selenium_Wrapper.enterText:(311) - Entering Text :Forms_Resources - Mask Mandates in WebElement :[[ChromeDriver: chrome on WINDOWS (dbaaa5e827d0e7692eed165403991dd9)] -> xpath: //body[@class='cke_editable cke_editable_themed cke_contents_ltr cke_show_borders']]
[INFO ][09-Nov-2021 14:41:20 pm] Selenium_Wrapper.click:(199) - Clicking on :[[ChromeDriver: chrome on WINDOWS (dbaaa5e827d0e7692eed165403991dd9)] -> xpath: ((//span[@class='cke_bottom cke_reset_all'])[10]//preceding-sibling::*)[2]]
[INFO ][09-Nov-2021 14:41:27 pm] Selenium_Wrapper.enterText:(311) - Entering Text :Forms_Resources_Content- As the counties and health departments begin to relax their mask mandates, MACU will address this as follows: * The mask mandate requirement for team members will remain in place for the foreseeable future. * Mask guidance for members will follow State, County and Health department guidelines for those areas. in WebElement :[[ChromeDriver: chrome on WINDOWS (dbaaa5e827d0e7692eed165403991dd9)] -> xpath: //body[@class='cke_editable cke_editable_themed cke_contents_ltr cke_show_borders']]
[INFO ][09-Nov-2021 14:41:37 pm] Selenium_Wrapper.click:(199) - Clicking on :[[ChromeDriver: chrome on WINDOWS (dbaaa5e827d0e7692eed165403991dd9)] -> xpath: ((//span[@class='cke_bottom cke_reset_all'])[11]//preceding-sibling::*)[2]]
[INFO ][09-Nov-2021 14:41:42 pm] Selenium_Wrapper.enterText:(311) - Entering Text :SalesConnections-Sales Connections in WebElement :[[ChromeDriver: chrome on WINDOWS (dbaaa5e827d0e7692eed165403991dd9)] -> xpath: //body[@class='cke_editable cke_editable_themed cke_contents_ltr cke_show_borders']]
[INFO ][09-Nov-2021 14:41:52 pm] Selenium_Wrapper.click:(199) - Clicking on :[[ChromeDriver: chrome on WINDOWS (dbaaa5e827d0e7692eed165403991dd9)] -> xpath: ((//span[@class='cke_bottom cke_reset_all'])[12]//preceding-sibling::*)[2]]
[INFO ][09-Nov-2021 14:41:57 pm] Selenium_Wrapper.enterText:(311) - Entering Text :SalesConnectionsContent- As the counties and health departments begin to relax their mask mandates, MACU will address this as follows: * The mask mandate requirement for team members will remain in place for the foreseeable future. * Mask guidance for members will follow State, County and Health department guidelines for those areas. in WebElement :[[ChromeDriver: chrome on WINDOWS (dbaaa5e827d0e7692eed165403991dd9)] -> xpath: //body[@class='cke_editable cke_editable_themed cke_contents_ltr cke_show_borders']]
[INFO ][09-Nov-2021 14:42:07 pm] Selenium_Wrapper.click:(199) - Clicking on :[[ChromeDriver: chrome on WINDOWS (dbaaa5e827d0e7692eed165403991dd9)] -> xpath: ((//span[@class='cke_bottom cke_reset_all'])[13]//preceding-sibling::*)[2]]
[INFO ][09-Nov-2021 14:42:12 pm] Selenium_Wrapper.enterText:(311) - Entering Text :https://macu1--tst.custhelp.com/app/answers/macu_view/a_id/1000124 in WebElement :[[ChromeDriver: chrome on WINDOWS (dbaaa5e827d0e7692eed165403991dd9)] -> xpath: //body[@class='cke_editable cke_editable_themed cke_contents_ltr cke_show_borders']]
[INFO ][09-Nov-2021 14:42:24 pm] Selenium_Wrapper.click:(199) - Clicking on :[[ChromeDriver: chrome on WINDOWS (dbaaa5e827d0e7692eed165403991dd9)] -> xpath: //span[text()='Teams']//following::select//option[text()='Accounting & Finance']]
[INFO ][09-Nov-2021 14:42:29 pm] Selenium_Wrapper.click:(199) - Clicking on :[[ChromeDriver: chrome on WINDOWS (dbaaa5e827d0e7692eed165403991dd9)] -> xpath: //span[text()='Compliance']//preceding-sibling::input]
[INFO ][09-Nov-2021 14:42:34 pm] Selenium_Wrapper.click:(199) - Clicking on :[[ChromeDriver: chrome on WINDOWS (dbaaa5e827d0e7692eed165403991dd9)] -> xpath: //span[text()='No ']//preceding-sibling::input]
[INFO ][09-Nov-2021 14:42:40 pm] Selenium_Wrapper.click:(199) - Clicking on :[[ChromeDriver: chrome on WINDOWS (dbaaa5e827d0e7692eed165403991dd9)] -> xpath: //span[text()='Major Change']//preceding-sibling::input]
[INFO ][09-Nov-2021 14:42:45 pm] Selenium_Wrapper.click:(199) - Clicking on :[[ChromeDriver: chrome on WINDOWS (dbaaa5e827d0e7692eed165403991dd9)] -> xpath: //span[text()='Corporate/Branch/Service Center']//following::select//option[text()='Service Center']]
[INFO ][09-Nov-2021 14:42:50 pm] Selenium_Wrapper.click:(199) - Clicking on :[[ChromeDriver: chrome on WINDOWS (dbaaa5e827d0e7692eed165403991dd9)] -> xpath: //span[text()='Department']//following::select//option[text()='0004 SEG Development Team']]
[INFO ][09-Nov-2021 14:42:55 pm] Selenium_Wrapper.click:(199) - Clicking on :[[ChromeDriver: chrome on WINDOWS (dbaaa5e827d0e7692eed165403991dd9)] -> xpath: //span[text()='Manager Level']//following::select//option[text()='Assistant Manager']]
[INFO ][09-Nov-2021 14:43:00 pm] Selenium_Wrapper.click:(199) - Clicking on :[[ChromeDriver: chrome on WINDOWS (dbaaa5e827d0e7692eed165403991dd9)] -> xpath: //span[contains(text(),'time with')]//following::select//option[contains(text(),'1 Month ')]]
[INFO ][09-Nov-2021 14:43:06 pm] Selenium_Wrapper.click:(199) - Clicking on :[[ChromeDriver: chrome on WINDOWS (dbaaa5e827d0e7692eed165403991dd9)] -> xpath: //span[contains(text(),'Branch Name')]//following::select//option[contains(text(),'Albuquerque - Golf Course Road Branch')]]
[INFO ][09-Nov-2021 14:43:11 pm] Selenium_Wrapper.click:(199) - Clicking on :[[ChromeDriver: chrome on WINDOWS (dbaaa5e827d0e7692eed165403991dd9)] -> xpath: //span[contains(text(),'Branch Area')]//following::select//option[contains(text(),'Teton')]]
[INFO ][09-Nov-2021 14:43:16 pm] Selenium_Wrapper.click:(199) - Clicking on :[[ChromeDriver: chrome on WINDOWS (dbaaa5e827d0e7692eed165403991dd9)] -> xpath: (//span[contains(text(),'Primary Tag')]//following::select//option[contains(text(),'AAA')])[1]]
[INFO ][09-Nov-2021 14:43:21 pm] Selenium_Wrapper.click:(199) - Clicking on :[[ChromeDriver: chrome on WINDOWS (dbaaa5e827d0e7692eed165403991dd9)] -> xpath: (//span[contains(text(),'Primary Tag')]//following::select//option[contains(text(),'AAA')])[4]]
[INFO ][09-Nov-2021 14:43:26 pm] Selenium_Wrapper.click:(199) - Clicking on :[[ChromeDriver: chrome on WINDOWS (dbaaa5e827d0e7692eed165403991dd9)] -> xpath: (//span[contains(text(),'Primary Tag')]//following::select//option[contains(text(),'AAA')])[6]]
[INFO ][09-Nov-2021 14:43:31 pm] Selenium_Wrapper.click:(199) - Clicking on :[[ChromeDriver: chrome on WINDOWS (dbaaa5e827d0e7692eed165403991dd9)] -> xpath: (//td[text()=' Repository View Selection ']//following::a)[1]]
[INFO ][09-Nov-2021 14:43:37 pm] Selenium_Wrapper.click:(199) - Clicking on :[[ChromeDriver: chrome on WINDOWS (dbaaa5e827d0e7692eed165403991dd9)] -> xpath: (//td[text()=' Repository View Selection ']//following::input)[1]]
[INFO ][09-Nov-2021 14:43:43 pm] Selenium_Wrapper.click:(199) - Clicking on :[[ChromeDriver: chrome on WINDOWS (dbaaa5e827d0e7692eed165403991dd9)] -> xpath: //div[@id='AVAIL']//tr//td//span[text()='AAA']]
[INFO ][09-Nov-2021 14:43:48 pm] Selenium_Wrapper.click:(199) - Clicking on :[[ChromeDriver: chrome on WINDOWS (dbaaa5e827d0e7692eed165403991dd9)] -> xpath: //div[@id='AVAIL']//tr//td//span[text()='Member Connect']]
[INFO ][09-Nov-2021 14:43:53 pm] Selenium_Wrapper.click:(199) - Clicking on :[[ChromeDriver: chrome on WINDOWS (dbaaa5e827d0e7692eed165403991dd9)] -> xpath: //div[@id='AVAIL']//tr//td//span[text()='Member Connect']]
[INFO ][09-Nov-2021 14:43:59 pm] Selenium_Wrapper.click:(199) - Clicking on :[[ChromeDriver: chrome on WINDOWS (dbaaa5e827d0e7692eed165403991dd9)] -> xpath: //a[text()='Add']]
[INFO ][09-Nov-2021 14:44:04 pm] Selenium_Wrapper.click:(199) - Clicking on :[[ChromeDriver: chrome on WINDOWS (dbaaa5e827d0e7692eed165403991dd9)] -> xpath: //select[@class='dropdown']]
[INFO ][09-Nov-2021 14:44:10 pm] Selenium_Wrapper.click:(199) - Clicking on :[[ChromeDriver: chrome on WINDOWS (dbaaa5e827d0e7692eed165403991dd9)] -> xpath: //select[@class='dropdown']//option[text()='Search']]
[INFO ][09-Nov-2021 14:44:11 pm] Selenium_Wrapper.enterText:(311) - Entering Text :Business Accounts in WebElement :[[ChromeDriver: chrome on WINDOWS (dbaaa5e827d0e7692eed165403991dd9)] -> xpath: //input[@value='Enter search string']]
[INFO ][09-Nov-2021 14:44:17 pm] Selenium_Wrapper.click:(199) - Clicking on :[[ChromeDriver: chrome on WINDOWS (dbaaa5e827d0e7692eed165403991dd9)] -> xpath: //strong[text()='Business Accounts']]
[INFO ][09-Nov-2021 14:44:22 pm] Selenium_Wrapper.click:(199) - Clicking on :[[ChromeDriver: chrome on WINDOWS (dbaaa5e827d0e7692eed165403991dd9)] -> xpath: //a[text()='Add']]
[INFO ][09-Nov-2021 14:44:28 pm] Selenium_Wrapper.click:(199) - Clicking on :[[ChromeDriver: chrome on WINDOWS (dbaaa5e827d0e7692eed165403991dd9)] -> xpath: //span[text()='Asset Management']]
[INFO ][09-Nov-2021 14:44:33 pm] Selenium_Wrapper.click:(199) - Clicking on :[[ChromeDriver: chrome on WINDOWS (dbaaa5e827d0e7692eed165403991dd9)] -> xpath: //a[text()='Add']]
[INFO ][09-Nov-2021 14:44:38 pm] Selenium_Wrapper.click:(199) - Clicking on :[[ChromeDriver: chrome on WINDOWS (dbaaa5e827d0e7692eed165403991dd9)] -> xpath: //input[@name='notifySubscribers']]
[INFO ][09-Nov-2021 14:44:50 pm] Selenium_Wrapper.click:(199) - Clicking on :[[ChromeDriver: chrome on WINDOWS (dbaaa5e827d0e7692eed165403991dd9)] -> xpath: //a[text()='Save Document']]
[INFO ][09-Nov-2021 14:45:17 pm] Selenium_Wrapper.click:(199) - Clicking on :[[ChromeDriver: chrome on WINDOWS (dbaaa5e827d0e7692eed165403991dd9)] -> xpath: //a[text()='Approve']]
[INFO ][09-Nov-2021 14:45:30 pm] Selenium_Wrapper.click:(199) - Clicking on :[[ChromeDriver: chrome on WINDOWS (dbaaa5e827d0e7692eed165403991dd9)] -> xpath: //a[text()='Approve']]
[INFO ][09-Nov-2021 14:45:44 pm] Selenium_Wrapper.click:(199) - Clicking on :[[ChromeDriver: chrome on WINDOWS (dbaaa5e827d0e7692eed165403991dd9)] -> xpath: //a[text()='Approve']]
[ERROR][09-Nov-2021 14:45:49 pm] Selenium_Wrapper.highlightWebElement:(417) - org.openqa.selenium.NoSuchElementException: no such element: Unable to locate element: {"method":"xpath","selector":"//span[text()='Closed']"}
  (Session info: chrome=95.0.4638.54)
For documentation on this error, please visit: https://www.seleniumhq.org/exceptions/no_such_element.html
Build info: version: '3.141.59', revision: 'e82be7d358', time: '2018-11-14T08:17:03'
System info: host: 'DESKTOP-N43657M', ip: '192.168.29.58', os.name: 'Windows 10', os.arch: 'amd64', os.version: '10.0', java.version: '16.0.1'
Driver info: org.openqa.selenium.chrome.ChromeDriver
Capabilities {acceptInsecureCerts: false, browserName: chrome, browserVersion: 95.0.4638.54, chrome: {chromedriverVersion: 95.0.4638.17 (a9d0719444d4b..., userDataDir: C:\Users\Pramod\AppData\Loc...}, goog:chromeOptions: {debuggerAddress: localhost:58073}, javascriptEnabled: true, networkConnectionEnabled: false, pageLoadStrategy: normal, platform: WINDOWS, platformName: WINDOWS, proxy: Proxy(), setWindowRect: true, strictFileInteractability: false, timeouts: {implicit: 0, pageLoad: 300000, script: 30000}, unhandledPromptBehavior: dismiss and notify, webauthn:extension:credBlob: true, webauthn:extension:largeBlob: true, webauthn:virtualAuthenticators: true}
Session ID: dbaaa5e827d0e7692eed165403991dd9
*** Element info: {Using=xpath, value=//span[text()='Closed']}
[INFO ][09-Nov-2021 14:46:23 pm] Selenium_Wrapper.click:(199) - Clicking on :[[ChromeDriver: chrome on WINDOWS (dbaaa5e827d0e7692eed165403991dd9)] -> xpath: (//a[text()='Done'])[1]]
[INFO ][09-Nov-2021 14:46:38 pm] Selenium_Wrapper.click:(199) - Clicking on :[[ChromeDriver: chrome on WINDOWS (dbaaa5e827d0e7692eed165403991dd9)] -> xpath: //body//span[@id='initialsText']]
[INFO ][09-Nov-2021 14:46:46 pm] Selenium_Wrapper.click:(199) - Clicking on :[[ChromeDriver: chrome on WINDOWS (dbaaa5e827d0e7692eed165403991dd9)] -> xpath: //a//span[text()='Sign Out']]
[INFO ][09-Nov-2021 14:46:54 pm] Selenium_Wrapper.closeCurrentBrowser:(650) - Closing the current Browser
[INFO ][09-Nov-2021 14:46:56 pm] Selenium_Wrapper.openBrowser:(48) - Opening chrome browser.
[INFO ][09-Nov-2021 14:47:04 pm] Selenium_Wrapper.enterURL:(82) - Entering url :https://macu1--tst.custhelp.com/app/home
[INFO ][09-Nov-2021 14:47:08 pm] Selenium_Wrapper.enterText:(311) - Entering Text :pramodk in WebElement :[[ChromeDriver: chrome on WINDOWS (9778f8139dc161aa96e0394df47c5bb6)] -> id: rn_LoginForm_2_Username]
[INFO ][09-Nov-2021 14:47:09 pm] Selenium_Wrapper.enterText:(311) - Entering Text :Soft@123 in WebElement :[[ChromeDriver: chrome on WINDOWS (9778f8139dc161aa96e0394df47c5bb6)] -> id: rn_LoginForm_2_Password]
[INFO ][09-Nov-2021 14:47:16 pm] Selenium_Wrapper.click:(199) - Clicking on :[[ChromeDriver: chrome on WINDOWS (9778f8139dc161aa96e0394df47c5bb6)] -> id: rn_LoginForm_2_Submit]
[INFO ][09-Nov-2021 14:48:12 pm] Selenium_Wrapper.closeCurrentBrowser:(650) - Closing the current Browser
