[INFO ][04-Jan-2024 14:40:24 PM] Selenium_Wrapper.openBrowser:(48) - Opening chrome browser.
[INFO ][04-Jan-2024 14:40:29 PM] Selenium_Wrapper.enterURL:(82) - Entering url :https://macu1--tst1.custhelp.com/app/home
[INFO ][04-Jan-2024 14:40:33 PM] Selenium_Wrapper.enterText:(311) - Entering Text :swamyk in WebElement :[[ChromeDriver: chrome on WINDOWS (547f23e8f624c755c9a5c53aed95fe13)] -> id: rn_LoginForm_2_Username]
[INFO ][04-Jan-2024 14:40:34 PM] Selenium_Wrapper.enterText:(311) - Entering Text :Soft@123 in WebElement :[[ChromeDriver: chrome on WINDOWS (547f23e8f624c755c9a5c53aed95fe13)] -> id: rn_LoginForm_2_Password]
[INFO ][04-Jan-2024 14:40:41 PM] Selenium_Wrapper.click:(199) - Clicking on :[[ChromeDriver: chrome on WINDOWS (547f23e8f624c755c9a5c53aed95fe13)] -> id: rn_LoginForm_2_Submit]
[INFO ][04-Jan-2024 14:40:50 PM] Selenium_Wrapper.click:(199) - Clicking on :[[ChromeDriver: chrome on WINDOWS (547f23e8f624c755c9a5c53aed95fe13)] -> xpath: //div[@class='dropdown']]
[INFO ][04-Jan-2024 14:41:02 PM] Selenium_Wrapper.click:(199) - Clicking on :[[ChromeDriver: chrome on WINDOWS (547f23e8f624c755c9a5c53aed95fe13)] -> xpath: //input[@type='search']]
[INFO ][04-Jan-2024 14:41:04 PM] Selenium_Wrapper.enterText:(311) - Entering Text :Business Auto Loan - ALPS 1.0 in WebElement :[[ChromeDriver: chrome on WINDOWS (547f23e8f624c755c9a5c53aed95fe13)] -> xpath: //input[@type='search']]
[INFO ][04-Jan-2024 14:41:17 PM] Selenium_Wrapper.click:(199) - Clicking on :[[ChromeDriver: chrome on WINDOWS (547f23e8f624c755c9a5c53aed95fe13)] -> xpath: (//div[@class='yui3-aclist-content']//li//li)[1]]
[INFO ][04-Jan-2024 14:41:24 PM] Selenium_Wrapper.click:(199) - Clicking on :[[ChromeDriver: chrome on WINDOWS (547f23e8f624c755c9a5c53aed95fe13)] -> xpath: (//div[@class='rn_SearchResultContent']//a)[1]]
[INFO ][04-Jan-2024 14:41:40 PM] Selenium_Wrapper.click:(199) - Clicking on :[[ChromeDriver: chrome on WINDOWS (547f23e8f624c755c9a5c53aed95fe13)] -> xpath: //a[@class='add_bookmarkButton']//img[@class='bookmark_icon_blank']]
[INFO ][04-Jan-2024 14:41:49 PM] Selenium_Wrapper.click:(199) - Clicking on :[[ChromeDriver: chrome on WINDOWS (547f23e8f624c755c9a5c53aed95fe13)] -> class name: knowledge]
[INFO ][04-Jan-2024 14:42:03 PM] Selenium_Wrapper.click:(199) - Clicking on :[[ChromeDriver: chrome on WINDOWS (547f23e8f624c755c9a5c53aed95fe13)] -> xpath: //div[@class='dropdown']]
[INFO ][04-Jan-2024 14:42:13 PM] Selenium_Wrapper.click:(199) - Clicking on :[[ChromeDriver: chrome on WINDOWS (547f23e8f624c755c9a5c53aed95fe13)] -> xpath: //a[text()='SEE MORE']]
[INFO ][04-Jan-2024 14:42:28 PM] Selenium_Wrapper.click:(199) - Clicking on :[[ChromeDriver: chrome on WINDOWS (547f23e8f624c755c9a5c53aed95fe13)] -> class name: knowledge]
[INFO ][04-Jan-2024 14:42:36 PM] Selenium_Wrapper.click:(199) - Clicking on :[[ChromeDriver: chrome on WINDOWS (547f23e8f624c755c9a5c53aed95fe13)] -> xpath: //div[@class='dropdown']]
[INFO ][04-Jan-2024 14:42:50 PM] Selenium_Wrapper.click:(199) - Clicking on :[[ChromeDriver: chrome on WINDOWS (547f23e8f624c755c9a5c53aed95fe13)] -> xpath: //div[@class='dropdown-content']//a[normalize-space()='My Bookmarks']]
[INFO ][04-Jan-2024 14:43:06 PM] Selenium_Wrapper.click:(199) - Clicking on :[[ChromeDriver: chrome on WINDOWS (547f23e8f624c755c9a5c53aed95fe13)] -> xpath: //select[@class='BookmarkFilter']]
[INFO ][04-Jan-2024 14:43:17 PM] Selenium_Wrapper.click:(199) - Clicking on :[[ChromeDriver: chrome on WINDOWS (547f23e8f624c755c9a5c53aed95fe13)] -> xpath: //select[@class='BookmarkFilter']//option[text()='Alphabetical A-Z']]
[INFO ][04-Jan-2024 14:43:31 PM] Selenium_Wrapper.click:(199) - Clicking on :[[ChromeDriver: chrome on WINDOWS (547f23e8f624c755c9a5c53aed95fe13)] -> class name: knowledge]
[INFO ][04-Jan-2024 14:43:38 PM] Selenium_Wrapper.click:(199) - Clicking on :[[ChromeDriver: chrome on WINDOWS (547f23e8f624c755c9a5c53aed95fe13)] -> xpath: //div[@class='dropdown']]
[INFO ][04-Jan-2024 14:43:46 PM] Selenium_Wrapper.click:(199) - Clicking on :[[ChromeDriver: chrome on WINDOWS (547f23e8f624c755c9a5c53aed95fe13)] -> xpath: //div[@class='dropdown-content']//a[normalize-space()='My Notifications']]
[INFO ][04-Jan-2024 14:43:54 PM] Selenium_Wrapper.click:(199) - Clicking on :[[ChromeDriver: chrome on WINDOWS (547f23e8f624c755c9a5c53aed95fe13)] -> xpath: //a[text()='browse all PAGES']]
[INFO ][04-Jan-2024 14:44:10 PM] Selenium_Wrapper.click:(199) - Clicking on :[[ChromeDriver: chrome on WINDOWS (547f23e8f624c755c9a5c53aed95fe13)] -> xpath: //a[text()='VIEW A-Z INDEX']]
[INFO ][04-Jan-2024 14:44:25 PM] Selenium_Wrapper.click:(199) - Clicking on :[[ChromeDriver: chrome on WINDOWS (547f23e8f624c755c9a5c53aed95fe13)] -> class name: knowledge]
[INFO ][04-Jan-2024 14:44:28 PM] Selenium_Wrapper.closeCurrentBrowser:(651) - Closing the current Browser
