[INFO ][05-Feb-2024 14:49:48 PM] Selenium_Wrapper.openBrowser:(48) - Opening chrome browser.
[INFO ][05-Feb-2024 14:49:53 PM] Selenium_Wrapper.enterURL:(82) - Entering url :https://macu1--tst1.custhelp.com/AgentWeb/
[INFO ][05-Feb-2024 14:49:57 PM] Selenium_Wrapper.enterText:(311) - Entering Text :automation_testing in WebElement :[[ChromeDriver: chrome on WINDOWS (968ea2e1e8f6a0f464ba029fdf008877)] -> id: username]
[INFO ][05-Feb-2024 14:49:58 PM] Selenium_Wrapper.enterText:(311) - Entering Text :Welcome123 in WebElement :[[ChromeDriver: chrome on WINDOWS (968ea2e1e8f6a0f464ba029fdf008877)] -> id: password]
[INFO ][05-Feb-2024 14:50:13 PM] Selenium_Wrapper.click:(199) - Clicking on :[[ChromeDriver: chrome on WINDOWS (968ea2e1e8f6a0f464ba029fdf008877)] -> id: loginbutton]
[INFO ][05-Feb-2024 14:50:39 PM] Selenium_Wrapper.click:(199) - Clicking on :[[ChromeDriver: chrome on WINDOWS (968ea2e1e8f6a0f464ba029fdf008877)] -> xpath: //oj-button[@id='navigationSetBtn']]
[INFO ][05-Feb-2024 14:50:44 PM] Selenium_Wrapper.click:(199) - Clicking on :[[ChromeDriver: chrome on WINDOWS (968ea2e1e8f6a0f464ba029fdf008877)] -> xpath: //div[text()='Analytics']]
[INFO ][05-Feb-2024 14:50:49 PM] Selenium_Wrapper.click:(199) - Clicking on :[[ChromeDriver: chrome on WINDOWS (968ea2e1e8f6a0f464ba029fdf008877)] -> xpath: //span[text()='Reports Explorer']]
[INFO ][05-Feb-2024 14:50:54 PM] Selenium_Wrapper.click:(199) - Clicking on :[[ChromeDriver: chrome on WINDOWS (968ea2e1e8f6a0f464ba029fdf008877)] -> xpath: //div[text()='Public Reports']]
[INFO ][05-Feb-2024 14:51:00 PM] Selenium_Wrapper.click:(199) - Clicking on :[[ChromeDriver: chrome on WINDOWS (968ea2e1e8f6a0f464ba029fdf008877)] -> xpath: //div[text()='MACU CUSTOM REPORTS']]
[INFO ][05-Feb-2024 14:51:05 PM] Selenium_Wrapper.click:(199) - Clicking on :[[ChromeDriver: chrome on WINDOWS (968ea2e1e8f6a0f464ba029fdf008877)] -> xpath: //div[text()='SoftClouds']]
[INFO ][05-Feb-2024 14:51:10 PM] Selenium_Wrapper.click:(199) - Clicking on :[[ChromeDriver: chrome on WINDOWS (968ea2e1e8f6a0f464ba029fdf008877)] -> xpath: //div[text()='OKCS']]
[INFO ][05-Feb-2024 14:51:25 PM] Selenium_Wrapper.click:(199) - Clicking on :[[ChromeDriver: chrome on WINDOWS (968ea2e1e8f6a0f464ba029fdf008877)] -> xpath: (//span[text()='Search'])[2]]
[INFO ][05-Feb-2024 14:51:31 PM] Selenium_Wrapper.click:(199) - Clicking on :[[ChromeDriver: chrome on WINDOWS (968ea2e1e8f6a0f464ba029fdf008877)] -> xpath: (//span[contains(@title,'Thumbsdown Count')]//a)[2]]
[INFO ][05-Feb-2024 14:51:41 PM] Selenium_Wrapper.click:(199) - Clicking on :[[ChromeDriver: chrome on WINDOWS (968ea2e1e8f6a0f464ba029fdf008877)] -> xpath: (//div[@class='breadcrumbContainer']//ul//li//a)[1]]
[INFO ][05-Feb-2024 14:51:51 PM] Selenium_Wrapper.click:(199) - Clicking on :[[ChromeDriver: chrome on WINDOWS (968ea2e1e8f6a0f464ba029fdf008877)] -> xpath: (//div[@class='primary-tab-header']//ul//li)[2]//span//a//i]
[INFO ][05-Feb-2024 14:52:02 PM] Selenium_Wrapper.click:(199) - Clicking on :[[ChromeDriver: chrome on WINDOWS (968ea2e1e8f6a0f464ba029fdf008877)] -> xpath: //a[@class='closeButton']]
[INFO ][05-Feb-2024 14:52:12 PM] Selenium_Wrapper.click:(199) - Clicking on :[[ChromeDriver: chrome on WINDOWS (968ea2e1e8f6a0f464ba029fdf008877)] -> xpath: //body//oj-avatar[@initials='[[userMenuLabel]]']]
[INFO ][05-Feb-2024 14:52:19 PM] Selenium_Wrapper.click:(199) - Clicking on :[[ChromeDriver: chrome on WINDOWS (968ea2e1e8f6a0f464ba029fdf008877)] -> xpath: //a//span[text()='Sign Out']]
[INFO ][05-Feb-2024 14:52:25 PM] Selenium_Wrapper.closeCurrentBrowser:(651) - Closing the current Browser
