[INFO ][02-Jul-2024 14:43:41 PM] Selenium_Wrapper.openBrowser:(54) - Opening chrome browser.
[INFO ][02-Jul-2024 14:43:49 PM] Selenium_Wrapper.enterURL:(88) - Entering url :https://macu1--tst1.custhelp.com/app/home
[INFO ][02-Jul-2024 14:43:53 PM] Selenium_Wrapper.enterText:(317) - Entering Text :swamyk in WebElement :[[ChromeDriver: chrome on WINDOWS (bde42f472290539cc62dce8fc74c1348)] -> id: rn_LoginForm_2_Username]
[INFO ][02-Jul-2024 14:43:55 PM] Selenium_Wrapper.enterText:(317) - Entering Text :Soft@123 in WebElement :[[ChromeDriver: chrome on WINDOWS (bde42f472290539cc62dce8fc74c1348)] -> id: rn_LoginForm_2_Password]
[INFO ][02-Jul-2024 14:43:59 PM] Selenium_Wrapper.click:(205) - Clicking on :[[ChromeDriver: chrome on WINDOWS (bde42f472290539cc62dce8fc74c1348)] -> id: rn_LoginForm_2_Submit]
[INFO ][02-Jul-2024 14:44:13 PM] Selenium_Wrapper.click:(205) - Clicking on :[[ChromeDriver: chrome on WINDOWS (bde42f472290539cc62dce8fc74c1348)] -> xpath: //input[@type='search']]
[INFO ][02-Jul-2024 14:44:14 PM] Selenium_Wrapper.enterText:(317) - Entering Text :Badge Protocol in WebElement :[[ChromeDriver: chrome on WINDOWS (bde42f472290539cc62dce8fc74c1348)] -> xpath: //input[@type='search']]
[INFO ][02-Jul-2024 14:44:30 PM] Selenium_Wrapper.click:(205) - Clicking on :[[ChromeDriver: chrome on WINDOWS (bde42f472290539cc62dce8fc74c1348)] -> xpath: (//div[@class='yui3-aclist-content']//li//li)[1]]
[INFO ][02-Jul-2024 14:44:34 PM] Selenium_Wrapper.click:(205) - Clicking on :[[ChromeDriver: chrome on WINDOWS (bde42f472290539cc62dce8fc74c1348)] -> xpath: (//div[@class='rn_SearchResultContent']//a)[1]]
[INFO ][02-Jul-2024 14:44:51 PM] Selenium_Wrapper.click:(205) - Clicking on :[[ChromeDriver: chrome on WINDOWS (bde42f472290539cc62dce8fc74c1348)] -> xpath: //div[@class='main_image_div']//div[@class='thumbs_up_down'][2]]
[INFO ][02-Jul-2024 14:45:00 PM] Selenium_Wrapper.click:(205) - Clicking on :[[ChromeDriver: chrome on WINDOWS (bde42f472290539cc62dce8fc74c1348)] -> xpath: //button[@class='rn_RecommendContentButton p-0']]
[INFO ][02-Jul-2024 14:45:01 PM] Selenium_Wrapper.enterText:(317) - Entering Text :Flexible Work - ThumbDown Comments in WebElement :[[ChromeDriver: chrome on WINDOWS (bde42f472290539cc62dce8fc74c1348)] -> id: rn_RequestUpdate_24_Description]
[INFO ][02-Jul-2024 14:45:03 PM] Selenium_Wrapper.click:(205) - Clicking on :[[ChromeDriver: chrome on WINDOWS (bde42f472290539cc62dce8fc74c1348)] -> xpath: //button[text()='Submit']]
[INFO ][02-Jul-2024 14:45:06 PM] Selenium_Wrapper.click:(205) - Clicking on :[[ChromeDriver: chrome on WINDOWS (bde42f472290539cc62dce8fc74c1348)] -> xpath: (//button[@class='yui3-button yui3-button-close'])[2]]
[INFO ][02-Jul-2024 14:45:10 PM] Selenium_Wrapper.click:(205) - Clicking on :[[ChromeDriver: chrome on WINDOWS (bde42f472290539cc62dce8fc74c1348)] -> xpath: //div[@class='dropdown']]
[INFO ][02-Jul-2024 14:45:16 PM] Selenium_Wrapper.click:(205) - Clicking on :[[ChromeDriver: chrome on WINDOWS (bde42f472290539cc62dce8fc74c1348)] -> xpath: //a[text()='My Feedback']]
[INFO ][02-Jul-2024 14:45:41 PM] Selenium_Wrapper.click:(205) - Clicking on :[[ChromeDriver: chrome on WINDOWS (bde42f472290539cc62dce8fc74c1348)] -> xpath: ((//table//tbody)[2]//a)[1]]
[INFO ][02-Jul-2024 14:46:10 PM] Selenium_Wrapper.click:(205) - Clicking on :[[ChromeDriver: chrome on WINDOWS (bde42f472290539cc62dce8fc74c1348)] -> class name: knowledge]
[INFO ][02-Jul-2024 14:46:12 PM] Selenium_Wrapper.closeCurrentBrowser:(657) - Closing the current Browser
[INFO ][02-Jul-2024 14:46:18 PM] Selenium_Wrapper.openBrowser:(54) - Opening chrome browser.
[INFO ][02-Jul-2024 14:46:23 PM] Selenium_Wrapper.enterURL:(88) - Entering url :https://macu1--tst1.custhelp.com/AgentWeb/
[INFO ][02-Jul-2024 14:46:27 PM] Selenium_Wrapper.enterText:(317) - Entering Text :automation_testing in WebElement :[[ChromeDriver: chrome on WINDOWS (5c9db8686c9a7011b80a62ced9ff84dc)] -> id: username]
[INFO ][02-Jul-2024 14:46:29 PM] Selenium_Wrapper.enterText:(317) - Entering Text :Welcome123 in WebElement :[[ChromeDriver: chrome on WINDOWS (5c9db8686c9a7011b80a62ced9ff84dc)] -> id: password]
[INFO ][02-Jul-2024 14:47:35 PM] Selenium_Wrapper.click:(205) - Clicking on :[[ChromeDriver: chrome on WINDOWS (5c9db8686c9a7011b80a62ced9ff84dc)] -> id: loginbutton]
[INFO ][02-Jul-2024 14:48:02 PM] Selenium_Wrapper.click:(205) - Clicking on :[[ChromeDriver: chrome on WINDOWS (5c9db8686c9a7011b80a62ced9ff84dc)] -> xpath: //oj-button[@id='navigationSetBtn']]
[ERROR][02-Jul-2024 14:48:04 PM] ThumbsDownFeedBack.testNavigateToThumbsDownFeedBackReportFlow:(120) - Navigate To ThumbsDown FeedBack Report Test is un-successfull
[ERROR][02-Jul-2024 14:48:07 PM] Selenium_Wrapper.highlightWebElement:(423) - org.openqa.selenium.NoSuchElementException: no such element: Unable to locate element: {"method":"xpath","selector":"//div[@class='explorer-right-panel']//div[@class='explorer-data-grid']//span[text()='Feedback Admin Report']"}
  (Session info: chrome=126.0.6478.127)
For documentation on this error, please visit: https://www.seleniumhq.org/exceptions/no_such_element.html
Build info: version: '3.141.59', revision: 'e82be7d358', time: '2018-11-14T08:17:03'
System info: host: 'SC-CAF-CND84305', ip: '192.168.30.14', os.name: 'Windows 10', os.arch: 'amd64', os.version: '10.0', java.version: '21.0.2'
Driver info: org.openqa.selenium.chrome.ChromeDriver
Capabilities {acceptInsecureCerts: false, browserName: chrome, browserVersion: 126.0.6478.127, chrome: {chromedriverVersion: 125.0.6422.141 (4b1e8393712..., userDataDir: C:\Users\SWAMYK~1\AppData\L...}, fedcm:accounts: true, goog:chromeOptions: {debuggerAddress: localhost:50705}, javascriptEnabled: true, networkConnectionEnabled: false, pageLoadStrategy: normal, platform: WINDOWS, platformName: WINDOWS, proxy: Proxy(), setWindowRect: true, strictFileInteractability: false, timeouts: {implicit: 0, pageLoad: 300000, script: 30000}, unhandledPromptBehavior: dismiss and notify, webauthn:extension:credBlob: true, webauthn:extension:largeBlob: true, webauthn:extension:minPinLength: true, webauthn:extension:prf: true, webauthn:virtualAuthenticators: true}
Session ID: 5c9db8686c9a7011b80a62ced9ff84dc
*** Element info: {Using=xpath, value=//div[@class='explorer-right-panel']//div[@class='explorer-data-grid']//span[text()='Feedback Admin Report']}
[ERROR][02-Jul-2024 14:48:07 PM] Selenium_Wrapper.doubleClick:(279) - org.openqa.selenium.NoSuchElementException: no such element: Unable to locate element: {"method":"xpath","selector":"//div[@class='explorer-right-panel']//div[@class='explorer-data-grid']//span[text()='Feedback Admin Report']"}
  (Session info: chrome=126.0.6478.127)
For documentation on this error, please visit: https://www.seleniumhq.org/exceptions/no_such_element.html
Build info: version: '3.141.59', revision: 'e82be7d358', time: '2018-11-14T08:17:03'
System info: host: 'SC-CAF-CND84305', ip: '192.168.30.14', os.name: 'Windows 10', os.arch: 'amd64', os.version: '10.0', java.version: '21.0.2'
Driver info: org.openqa.selenium.chrome.ChromeDriver
Capabilities {acceptInsecureCerts: false, browserName: chrome, browserVersion: 126.0.6478.127, chrome: {chromedriverVersion: 125.0.6422.141 (4b1e8393712..., userDataDir: C:\Users\SWAMYK~1\AppData\L...}, fedcm:accounts: true, goog:chromeOptions: {debuggerAddress: localhost:50705}, javascriptEnabled: true, networkConnectionEnabled: false, pageLoadStrategy: normal, platform: WINDOWS, platformName: WINDOWS, proxy: Proxy(), setWindowRect: true, strictFileInteractability: false, timeouts: {implicit: 0, pageLoad: 300000, script: 30000}, unhandledPromptBehavior: dismiss and notify, webauthn:extension:credBlob: true, webauthn:extension:largeBlob: true, webauthn:extension:minPinLength: true, webauthn:extension:prf: true, webauthn:virtualAuthenticators: true}
Session ID: 5c9db8686c9a7011b80a62ced9ff84dc
*** Element info: {Using=xpath, value=//div[@class='explorer-right-panel']//div[@class='explorer-data-grid']//span[text()='Feedback Admin Report']}
[ERROR][02-Jul-2024 14:48:07 PM] ThumbsDownFeedBack.testSelectingandGivingAnswerstoReportFlow:(173) - Selecting and Giving Answers to Report Test  is  un-successfull
[INFO ][02-Jul-2024 14:48:14 PM] Selenium_Wrapper.click:(205) - Clicking on :[[ChromeDriver: chrome on WINDOWS (5c9db8686c9a7011b80a62ced9ff84dc)] -> xpath: //body//oj-avatar[@initials='[[userMenuLabel]]']]
[INFO ][02-Jul-2024 14:48:19 PM] Selenium_Wrapper.click:(205) - Clicking on :[[ChromeDriver: chrome on WINDOWS (5c9db8686c9a7011b80a62ced9ff84dc)] -> xpath: //a//span[text()='Sign Out']]
[INFO ][02-Jul-2024 14:48:24 PM] Selenium_Wrapper.closeCurrentBrowser:(657) - Closing the current Browser
