[INFO ][27-Jul-2023 14:41:08 pm] Selenium_Wrapper.openBrowser:(48) - Opening chrome browser.
[INFO ][27-Jul-2023 14:41:11 pm] Selenium_Wrapper.enterURL:(82) - Entering url :https://macu1--tst1.custhelp.com/AgentWeb/
[INFO ][27-Jul-2023 14:41:15 pm] Selenium_Wrapper.enterText:(311) - Entering Text :automation_testing in WebElement :[[ChromeDriver: chrome on WINDOWS (6e9614f9bfe52a3620bb3d32c93669cd)] -> id: username]
[INFO ][27-Jul-2023 14:41:16 pm] Selenium_Wrapper.enterText:(311) - Entering Text :Welcome123 in WebElement :[[ChromeDriver: chrome on WINDOWS (6e9614f9bfe52a3620bb3d32c93669cd)] -> id: password]
[INFO ][27-Jul-2023 14:41:53 pm] Selenium_Wrapper.click:(199) - Clicking on :[[ChromeDriver: chrome on WINDOWS (6e9614f9bfe52a3620bb3d32c93669cd)] -> id: loginbutton]
[INFO ][27-Jul-2023 14:42:05 pm] Selenium_Wrapper.click:(199) - Clicking on :[[ChromeDriver: chrome on WINDOWS (6e9614f9bfe52a3620bb3d32c93669cd)] -> id: navigationSetBtn]
[INFO ][27-Jul-2023 14:42:10 pm] Selenium_Wrapper.click:(199) - Clicking on :[[ChromeDriver: chrome on WINDOWS (6e9614f9bfe52a3620bb3d32c93669cd)] -> xpath: (//div[text()='Configuration']//a)]
[INFO ][27-Jul-2023 14:42:15 pm] Selenium_Wrapper.click:(199) - Clicking on :[[ChromeDriver: chrome on WINDOWS (6e9614f9bfe52a3620bb3d32c93669cd)] -> xpath: (//div[text()='Service']//a)]
[INFO ][27-Jul-2023 14:42:20 pm] Selenium_Wrapper.click:(199) - Clicking on :[[ChromeDriver: chrome on WINDOWS (6e9614f9bfe52a3620bb3d32c93669cd)] -> xpath: (//div[text()='Knowledge Advanced']//a)]
[INFO ][27-Jul-2023 14:42:26 pm] Selenium_Wrapper.click:(199) - Clicking on :[[ChromeDriver: chrome on WINDOWS (6e9614f9bfe52a3620bb3d32c93669cd)] -> xpath: //span[text()='Authoring']]
[INFO ][27-Jul-2023 14:42:40 pm] Selenium_Wrapper.click:(199) - Clicking on :[[ChromeDriver: chrome on WINDOWS (6e9614f9bfe52a3620bb3d32c93669cd)] -> xpath: //div[@id='rntab']//ul//li[@testidentifier='MainNavBar_Content']//a]
[INFO ][27-Jul-2023 14:42:58 pm] Selenium_Wrapper.click:(199) - Clicking on :[[ChromeDriver: chrome on WINDOWS (6e9614f9bfe52a3620bb3d32c93669cd)] -> xpath: //div[text()='Process']//following-sibling::a[@testidentifier='ContentNavBar_Add_Process']]
[INFO ][27-Jul-2023 14:43:01 pm] Selenium_Wrapper.enterText:(311) - Entering Text :TestingArticle in WebElement :[[ChromeDriver: chrome on WINDOWS (6e9614f9bfe52a3620bb3d32c93669cd)] -> xpath: //input[@testidentifier='Content_ContentType_Add_SUMMARY']]
[INFO ][27-Jul-2023 14:43:05 pm] Selenium_Wrapper.enterText:(311) - Entering Text :Criticals in WebElement :[[ChromeDriver: chrome on WINDOWS (6e9614f9bfe52a3620bb3d32c93669cd)] -> xpath: //input[@testidentifier='Content_ContentType_Add_KEYWORD']]
[INFO ][27-Jul-2023 14:43:12 pm] Selenium_Wrapper.click:(199) - Clicking on :[[ChromeDriver: chrome on WINDOWS (6e9614f9bfe52a3620bb3d32c93669cd)] -> xpath: ((//span[@class='cke_bottom cke_reset_all'])[1]//preceding-sibling::*)[2]]
[INFO ][27-Jul-2023 14:43:20 pm] Selenium_Wrapper.enterText:(311) - Entering Text :contentinfo 'Reach out to your immediate supervisor with questions.' in WebElement :[[ChromeDriver: chrome on WINDOWS (6e9614f9bfe52a3620bb3d32c93669cd)] -> xpath: //body[@class='cke_editable cke_editable_themed cke_contents_ltr cke_show_borders']]
[INFO ][27-Jul-2023 14:43:32 pm] Selenium_Wrapper.click:(199) - Clicking on :[[ChromeDriver: chrome on WINDOWS (6e9614f9bfe52a3620bb3d32c93669cd)] -> xpath: ((//span[@class='cke_bottom cke_reset_all'])[2]//preceding-sibling::*)[2]]
[INFO ][27-Jul-2023 14:43:41 pm] Selenium_Wrapper.enterText:(311) - Entering Text :COVID-19 Update:  Find additional information on COVID-19 Branch & Service Center Operations\n * Vaccine\n * Similar to the flu shot, we encourage you to take a lunch hour or go after work if you choose to receive the vaccine.\n * You should be able to easily schedule a time to receive a vaccine. * Take PTO if an adverse reaction occurs. * Take PTO if an adverse reaction occurs * First URL of the pageArticle Link * Second URL of the page * Third URL of the page * The few documented cases of a stronger reaction indicate that the affects typically last one to two days. * Have an open conversation with your manager if other accommodations are necessary. * The cost of the vaccine is covered by insurance. * Mask Mandates * As the counties and health departments begin to relax their mask mandates, MACU will address this as follows: * The mask mandate requirement for team members will remain in place for the foreseeable future. * Mask guidance for members will follow State, County and Health department guidelines for those areas. * Personal Protection Equipment (PPE) * Order masks and other PArticle LinkPE by submitting a ServiceNow Facilities ticket. * Items available * Cotopaxi masks ($7 each) * Hand sanitizer * Gloves * Disposable masks * Sanitation wipes * Employee Resources * Mountain America is here for you! Check out these resources: * MACU Desktop Citrix ReceiverWorkspace Step-by-Step Surface Devices Step-by-Step * Microsoft Teams Step-by-Step * Multi-Factor Authentication (MFA) Step-by-Step * Remote Work Agreement * Setting up Your New Laptop * Surface Devices Step-by-Step in WebElement :[[ChromeDriver: chrome on WINDOWS (6e9614f9bfe52a3620bb3d32c93669cd)] -> xpath: //body[@class='cke_editable cke_editable_themed cke_contents_ltr cke_show_borders']]
[INFO ][27-Jul-2023 14:43:50 pm] Selenium_Wrapper.click:(199) - Clicking on :[[ChromeDriver: chrome on WINDOWS (6e9614f9bfe52a3620bb3d32c93669cd)] -> xpath: //span[text()='Jump To']]
[INFO ][27-Jul-2023 14:43:58 pm] Selenium_Wrapper.click:(199) - Clicking on :[[ChromeDriver: chrome on WINDOWS (6e9614f9bfe52a3620bb3d32c93669cd)] -> xpath: (//a[@class='cke_button cke_button__image cke_button_off'])[3]]
[INFO ][27-Jul-2023 14:44:05 pm] Selenium_Wrapper.click:(199) - Clicking on :[[ChromeDriver: chrome on WINDOWS (6e9614f9bfe52a3620bb3d32c93669cd)] -> xpath: (//span[text()='Browse Server'])[1]]
[INFO ][27-Jul-2023 14:44:26 pm] Selenium_Wrapper.click:(199) - Clicking on :[[ChromeDriver: chrome on WINDOWS (6e9614f9bfe52a3620bb3d32c93669cd)] -> xpath: //a[text()='MACU_VIEW']]
[INFO ][27-Jul-2023 14:44:46 pm] Selenium_Wrapper.click:(199) - Clicking on :[[ChromeDriver: chrome on WINDOWS (6e9614f9bfe52a3620bb3d32c93669cd)] -> xpath: //table//span[text()='OK']]
[INFO ][27-Jul-2023 14:45:01 pm] Selenium_Wrapper.click:(199) - Clicking on :[[ChromeDriver: chrome on WINDOWS (6e9614f9bfe52a3620bb3d32c93669cd)] -> xpath: (//span[@class='cke_button_icon cke_button__addarticlelink_icon'])[4]]
[INFO ][27-Jul-2023 14:45:07 pm] Selenium_Wrapper.enterText:(311) - Entering Text :1000124 in WebElement :[[ChromeDriver: chrome on WINDOWS (6e9614f9bfe52a3620bb3d32c93669cd)] -> xpath: (//div[text()='Article Link']//following::input)[3]]
[INFO ][27-Jul-2023 14:45:08 pm] Selenium_Wrapper.enterText:(311) - Entering Text :Article Link in WebElement :[[ChromeDriver: chrome on WINDOWS (6e9614f9bfe52a3620bb3d32c93669cd)] -> xpath: (//div[text()='Article Link']//following::input)[5]]
[INFO ][27-Jul-2023 14:45:14 pm] Selenium_Wrapper.click:(199) - Clicking on :[[ChromeDriver: chrome on WINDOWS (6e9614f9bfe52a3620bb3d32c93669cd)] -> xpath: (//div[@class='cke_dialog_body']//span[text()='OK'])[2]]
[INFO ][27-Jul-2023 14:45:21 pm] Selenium_Wrapper.click:(199) - Clicking on :[[ChromeDriver: chrome on WINDOWS (6e9614f9bfe52a3620bb3d32c93669cd)] -> xpath: ((//span[@class='cke_bottom cke_reset_all'])[5]//preceding-sibling::*)[2]]
[INFO ][27-Jul-2023 14:45:27 pm] Selenium_Wrapper.enterText:(311) - Entering Text :BasicInfo - Remote Work * -Use the following resources when connecting to work applications remotely in WebElement :[[ChromeDriver: chrome on WINDOWS (6e9614f9bfe52a3620bb3d32c93669cd)] -> xpath: //body[@class='cke_editable cke_editable_themed cke_contents_ltr cke_show_borders']]
[INFO ][27-Jul-2023 14:45:38 pm] Selenium_Wrapper.click:(199) - Clicking on :[[ChromeDriver: chrome on WINDOWS (6e9614f9bfe52a3620bb3d32c93669cd)] -> xpath: ((//span[@class='cke_bottom cke_reset_all'])[6]//preceding-sibling::*)[2]]
[INFO ][27-Jul-2023 14:45:44 pm] Selenium_Wrapper.enterText:(311) - Entering Text :BasicContactInfo -Remote Work * -Use the following resources when connecting to work applications remotely * -Cisco Finesse Step-by-Step * -Cisco Jabber Step-by-Step * -Electronic Communication and Information Basic Info * -Extend Surface Device Battery Life Step-by-Step * -MACU Desktop Citrix ReceiverWorkspace Step-by-Step Surface Devices Step-by-Step * -Microsoft Teams Step-by-Step * -Multi-Factor Authentication (MFA) Step-by-Step * -Remote Work Agreement * -Setting up Your New Laptop * -Surface Devices Step-by-Step in WebElement :[[ChromeDriver: chrome on WINDOWS (6e9614f9bfe52a3620bb3d32c93669cd)] -> xpath: //body[@class='cke_editable cke_editable_themed cke_contents_ltr cke_show_borders']]
[INFO ][27-Jul-2023 14:45:56 pm] Selenium_Wrapper.click:(199) - Clicking on :[[ChromeDriver: chrome on WINDOWS (6e9614f9bfe52a3620bb3d32c93669cd)] -> xpath: ((//span[@class='cke_bottom cke_reset_all'])[7]//preceding-sibling::*)[2]]
[INFO ][27-Jul-2023 14:46:02 pm] Selenium_Wrapper.enterText:(311) - Entering Text :Steps- Employee Resources in WebElement :[[ChromeDriver: chrome on WINDOWS (6e9614f9bfe52a3620bb3d32c93669cd)] -> xpath: //body[@class='cke_editable cke_editable_themed cke_contents_ltr cke_show_borders']]
[INFO ][27-Jul-2023 14:46:13 pm] Selenium_Wrapper.click:(199) - Clicking on :[[ChromeDriver: chrome on WINDOWS (6e9614f9bfe52a3620bb3d32c93669cd)] -> xpath: ((//span[@class='cke_bottom cke_reset_all'])[8]//preceding-sibling::*)[2]]
[INFO ][27-Jul-2023 14:46:19 pm] Selenium_Wrapper.enterText:(311) - Entering Text :StepsContactInfo - Mountain America is here for you! Check out these resources: * Report COVID-19 in the Workplace * Contact Tracing for COVID-19 * COVID-19 Pay Options * Corporate FSR * Employee Assistance Program (EAP) * Employee Loans * Infectious Disease * MACU Facility Standards * Mountain America Center Meetings & Events * Medical Leave of Absence * Personal Time Off (PTO) * Tanner Meetings & Events * Thrive Clinic * The CareATC Patient Access Center is currently performing all appointment scheduling activities. Our clinics are not currently accepting walk-in or self-scheduled patients. To schedule an appointment, contact the clinic 800-993-8244. * Thrive Fitness Centers * Travel Pay *Traveling Branch Employees in WebElement :[[ChromeDriver: chrome on WINDOWS (6e9614f9bfe52a3620bb3d32c93669cd)] -> xpath: //body[@class='cke_editable cke_editable_themed cke_contents_ltr cke_show_borders']]
[INFO ][27-Jul-2023 14:46:29 pm] Selenium_Wrapper.click:(199) - Clicking on :[[ChromeDriver: chrome on WINDOWS (6e9614f9bfe52a3620bb3d32c93669cd)] -> xpath: ((//span[@class='cke_bottom cke_reset_all'])[9]//preceding-sibling::*)[2]]
[INFO ][27-Jul-2023 14:46:35 pm] Selenium_Wrapper.enterText:(311) - Entering Text :Forms_Resources - Mask Mandates in WebElement :[[ChromeDriver: chrome on WINDOWS (6e9614f9bfe52a3620bb3d32c93669cd)] -> xpath: //body[@class='cke_editable cke_editable_themed cke_contents_ltr cke_show_borders']]
[INFO ][27-Jul-2023 14:46:44 pm] Selenium_Wrapper.click:(199) - Clicking on :[[ChromeDriver: chrome on WINDOWS (6e9614f9bfe52a3620bb3d32c93669cd)] -> xpath: ((//span[@class='cke_bottom cke_reset_all'])[10]//preceding-sibling::*)[2]]
[INFO ][27-Jul-2023 14:46:52 pm] Selenium_Wrapper.enterText:(311) - Entering Text :Forms_Resources_Content- As the counties and health departments begin to relax their mask mandates, MACU will address this as follows: * The mask mandate requirement for team members will remain in place for the foreseeable future. * Mask guidance for members will follow State, County and Health department guidelines for those areas. in WebElement :[[ChromeDriver: chrome on WINDOWS (6e9614f9bfe52a3620bb3d32c93669cd)] -> xpath: //body[@class='cke_editable cke_editable_themed cke_contents_ltr cke_show_borders']]
[INFO ][27-Jul-2023 14:47:01 pm] Selenium_Wrapper.click:(199) - Clicking on :[[ChromeDriver: chrome on WINDOWS (6e9614f9bfe52a3620bb3d32c93669cd)] -> xpath: ((//span[@class='cke_bottom cke_reset_all'])[11]//preceding-sibling::*)[2]]
[INFO ][27-Jul-2023 14:47:07 pm] Selenium_Wrapper.enterText:(311) - Entering Text :SalesConnections-Sales Connections in WebElement :[[ChromeDriver: chrome on WINDOWS (6e9614f9bfe52a3620bb3d32c93669cd)] -> xpath: //body[@class='cke_editable cke_editable_themed cke_contents_ltr cke_show_borders']]
[INFO ][27-Jul-2023 14:47:18 pm] Selenium_Wrapper.click:(199) - Clicking on :[[ChromeDriver: chrome on WINDOWS (6e9614f9bfe52a3620bb3d32c93669cd)] -> xpath: //span[text()='Teams']//following::select//option[text()='Accounting & Finance']]
[INFO ][27-Jul-2023 14:47:24 pm] Selenium_Wrapper.click:(199) - Clicking on :[[ChromeDriver: chrome on WINDOWS (6e9614f9bfe52a3620bb3d32c93669cd)] -> xpath: //span[text()='Compliance']//preceding-sibling::input]
[INFO ][27-Jul-2023 14:47:29 pm] Selenium_Wrapper.click:(199) - Clicking on :[[ChromeDriver: chrome on WINDOWS (6e9614f9bfe52a3620bb3d32c93669cd)] -> xpath: //span[text()='No ']//preceding-sibling::input]
[INFO ][27-Jul-2023 14:47:35 pm] Selenium_Wrapper.click:(199) - Clicking on :[[ChromeDriver: chrome on WINDOWS (6e9614f9bfe52a3620bb3d32c93669cd)] -> xpath: ((//span[@class='cke_bottom cke_reset_all'])[12]//preceding-sibling::*)[2]]
[INFO ][27-Jul-2023 14:47:40 pm] Selenium_Wrapper.enterText:(311) - Entering Text :SalesConnectionsContent- As the counties and health departments begin to relax their mask mandates, MACU will address this as follows: * The mask mandate requirement for team members will remain in place for the foreseeable future. * Mask guidance for members will follow State, County and Health department guidelines for those areas. in WebElement :[[ChromeDriver: chrome on WINDOWS (6e9614f9bfe52a3620bb3d32c93669cd)] -> xpath: //body[@class='cke_editable cke_editable_themed cke_contents_ltr cke_show_borders']]
[INFO ][27-Jul-2023 14:47:50 pm] Selenium_Wrapper.click:(199) - Clicking on :[[ChromeDriver: chrome on WINDOWS (6e9614f9bfe52a3620bb3d32c93669cd)] -> xpath: //span[text()='Major Change']//preceding-sibling::input]
[INFO ][27-Jul-2023 14:47:55 pm] Selenium_Wrapper.click:(199) - Clicking on :[[ChromeDriver: chrome on WINDOWS (6e9614f9bfe52a3620bb3d32c93669cd)] -> xpath: //span[text()='Corporate/Branch/Service Center']//following::select//option[text()='Service Center']]
[INFO ][27-Jul-2023 14:48:00 pm] Selenium_Wrapper.click:(199) - Clicking on :[[ChromeDriver: chrome on WINDOWS (6e9614f9bfe52a3620bb3d32c93669cd)] -> xpath: //span[text()='Department']//following::select//option[text()='0004 SEG Development Team']]
[INFO ][27-Jul-2023 14:48:05 pm] Selenium_Wrapper.click:(199) - Clicking on :[[ChromeDriver: chrome on WINDOWS (6e9614f9bfe52a3620bb3d32c93669cd)] -> xpath: //span[text()='Manager Level']//following::select//option[text()='Assistant Manager']]
[INFO ][27-Jul-2023 14:48:11 pm] Selenium_Wrapper.click:(199) - Clicking on :[[ChromeDriver: chrome on WINDOWS (6e9614f9bfe52a3620bb3d32c93669cd)] -> xpath: //span[contains(text(),'time with')]//following::select//option[contains(text(),'1 Month ')]]
[INFO ][27-Jul-2023 14:48:16 pm] Selenium_Wrapper.click:(199) - Clicking on :[[ChromeDriver: chrome on WINDOWS (6e9614f9bfe52a3620bb3d32c93669cd)] -> xpath: //span[contains(text(),'Branch Name')]//following::select//option[contains(text(),'Albuquerque - Golf Course Road Branch')]]
[INFO ][27-Jul-2023 14:48:21 pm] Selenium_Wrapper.click:(199) - Clicking on :[[ChromeDriver: chrome on WINDOWS (6e9614f9bfe52a3620bb3d32c93669cd)] -> xpath: //span[contains(text(),'Branch Area')]//following::select//option[contains(text(),'Teton')]]
[INFO ][27-Jul-2023 14:48:26 pm] Selenium_Wrapper.click:(199) - Clicking on :[[ChromeDriver: chrome on WINDOWS (6e9614f9bfe52a3620bb3d32c93669cd)] -> xpath: (//span[contains(text(),'Primary Tag')]//following::select//option[contains(text(),'AAA')])[1]]
[INFO ][27-Jul-2023 14:48:32 pm] Selenium_Wrapper.click:(199) - Clicking on :[[ChromeDriver: chrome on WINDOWS (6e9614f9bfe52a3620bb3d32c93669cd)] -> xpath: (//span[contains(text(),'Primary Tag')]//following::select//option[contains(text(),'AAA')])[4]]
[INFO ][27-Jul-2023 14:48:37 pm] Selenium_Wrapper.click:(199) - Clicking on :[[ChromeDriver: chrome on WINDOWS (6e9614f9bfe52a3620bb3d32c93669cd)] -> xpath: (//span[contains(text(),'Primary Tag')]//following::select//option[contains(text(),'AAA')])[6]]
[ERROR][27-Jul-2023 14:48:42 pm] CreateNewArticleFlow.testCreateArticleFlow:(305) - Create Article  un-successfull
[ERROR][27-Jul-2023 14:48:48 pm] CreateNewArticleFlow.testPublishArticleFlow:(358) - Publish Article un-successfull
[INFO ][27-Jul-2023 14:48:49 pm] Selenium_Wrapper.openBrowser:(48) - Opening chrome browser.
[INFO ][27-Jul-2023 14:48:56 pm] Selenium_Wrapper.enterURL:(82) - Entering url :https://macu1--tst1.custhelp.com/app/home
