[INFO ][07-May-2024 14:40:17 PM] Selenium_Wrapper.openBrowser:(54) - Opening chrome browser.
[INFO ][07-May-2024 14:40:25 PM] Selenium_Wrapper.enterURL:(88) - Entering url :https://macu1--tst1.custhelp.com/app/home
[INFO ][07-May-2024 14:40:29 PM] Selenium_Wrapper.enterText:(317) - Entering Text :swamyk in WebElement :[[ChromeDriver: chrome on WINDOWS (ff8d639de1c2aad76312cd74e764d52d)] -> id: rn_LoginForm_2_Username]
[INFO ][07-May-2024 14:40:30 PM] Selenium_Wrapper.enterText:(317) - Entering Text :Soft@123 in WebElement :[[ChromeDriver: chrome on WINDOWS (ff8d639de1c2aad76312cd74e764d52d)] -> id: rn_LoginForm_2_Password]
[INFO ][07-May-2024 14:40:34 PM] Selenium_Wrapper.click:(205) - Clicking on :[[ChromeDriver: chrome on WINDOWS (ff8d639de1c2aad76312cd74e764d52d)] -> id: rn_LoginForm_2_Submit]
[INFO ][07-May-2024 14:40:41 PM] Selenium_Wrapper.click:(205) - Clicking on :[[ChromeDriver: chrome on WINDOWS (ff8d639de1c2aad76312cd74e764d52d)] -> xpath: //input[@type='search']]
[INFO ][07-May-2024 14:40:42 PM] Selenium_Wrapper.enterText:(317) - Entering Text :Business Use Auto Loan in WebElement :[[ChromeDriver: chrome on WINDOWS (ff8d639de1c2aad76312cd74e764d52d)] -> xpath: //input[@type='search']]
[INFO ][07-May-2024 14:40:58 PM] Selenium_Wrapper.click:(205) - Clicking on :[[ChromeDriver: chrome on WINDOWS (ff8d639de1c2aad76312cd74e764d52d)] -> xpath: (//ul[text()='Suggested Search']//li//li)[1]]
[INFO ][07-May-2024 14:41:02 PM] Selenium_Wrapper.click:(205) - Clicking on :[[ChromeDriver: chrome on WINDOWS (ff8d639de1c2aad76312cd74e764d52d)] -> xpath: //div[@class='rn_SearchResultContent']//tbody//tr//div//span[@class='rn_Element1']//a]
[INFO ][07-May-2024 14:41:11 PM] Selenium_Wrapper.click:(205) - Clicking on :[[ChromeDriver: chrome on WINDOWS (ff8d639de1c2aad76312cd74e764d52d)] -> xpath: //a[contains(@class,'bookmarkedFilled')]//img[@class='bookmark_icon_red']]
[INFO ][07-May-2024 14:41:26 PM] Selenium_Wrapper.click:(205) - Clicking on :[[ChromeDriver: chrome on WINDOWS (ff8d639de1c2aad76312cd74e764d52d)] -> xpath: //a[@class='add_bookmarkButton']//img[@class='bookmark_icon_blank']]
[INFO ][07-May-2024 14:41:30 PM] Selenium_Wrapper.click:(205) - Clicking on :[[ChromeDriver: chrome on WINDOWS (ff8d639de1c2aad76312cd74e764d52d)] -> xpath: //div[@class='dropdown']]
[INFO ][07-May-2024 14:41:35 PM] Selenium_Wrapper.click:(205) - Clicking on :[[ChromeDriver: chrome on WINDOWS (ff8d639de1c2aad76312cd74e764d52d)] -> xpath: //div[@class='data Custom-data']//a[text()='My Bookmarks']]
[INFO ][07-May-2024 14:41:55 PM] Selenium_Wrapper.click:(205) - Clicking on :[[ChromeDriver: chrome on WINDOWS (ff8d639de1c2aad76312cd74e764d52d)] -> xpath: //a[contains(text(),'Business Use Auto Loan')]//parent::div[@class='rn_Notification_Info']//following-sibling::div[@class='rn_Notification_Actions']//button[@class='rn_Notification_Delete']//img[@class='bookmark_del_ico']]
[INFO ][07-May-2024 14:42:07 PM] Selenium_Wrapper.click:(205) - Clicking on :[[ChromeDriver: chrome on WINDOWS (ff8d639de1c2aad76312cd74e764d52d)] -> class name: knowledge]
[INFO ][07-May-2024 14:42:11 PM] Selenium_Wrapper.click:(205) - Clicking on :[[ChromeDriver: chrome on WINDOWS (ff8d639de1c2aad76312cd74e764d52d)] -> xpath: //input[@type='search']]
[INFO ][07-May-2024 14:42:13 PM] Selenium_Wrapper.enterText:(317) - Entering Text :Business Use Auto Loan in WebElement :[[ChromeDriver: chrome on WINDOWS (ff8d639de1c2aad76312cd74e764d52d)] -> xpath: //input[@type='search']]
[INFO ][07-May-2024 14:42:17 PM] Selenium_Wrapper.click:(205) - Clicking on :[[ChromeDriver: chrome on WINDOWS (ff8d639de1c2aad76312cd74e764d52d)] -> xpath: (//ul[text()='Suggested Search']//li//li)[1]]
[INFO ][07-May-2024 14:42:22 PM] Selenium_Wrapper.click:(205) - Clicking on :[[ChromeDriver: chrome on WINDOWS (ff8d639de1c2aad76312cd74e764d52d)] -> xpath: //div[@class='rn_SearchResultContent']//tbody//tr//div//span[@class='rn_Element1']//a]
[INFO ][07-May-2024 14:42:29 PM] Selenium_Wrapper.click:(205) - Clicking on :[[ChromeDriver: chrome on WINDOWS (ff8d639de1c2aad76312cd74e764d52d)] -> xpath: //div[contains(@class,'EmailAnswerLink')]//img[@class='share_icon_default']]
[INFO ][07-May-2024 14:42:31 PM] Selenium_Wrapper.click:(205) - Clicking on :[[ChromeDriver: chrome on WINDOWS (ff8d639de1c2aad76312cd74e764d52d)] -> xpath: //div[@id='rnDialog1']//input[@class='select2-search__field']]
[INFO ][07-May-2024 14:42:33 PM] Selenium_Wrapper.enterText:(317) - Entering Text :Aaron Brown in WebElement :[[ChromeDriver: chrome on WINDOWS (ff8d639de1c2aad76312cd74e764d52d)] -> xpath: //div[@id='rnDialog1']//input[@class='select2-search__field']]
[INFO ][07-May-2024 14:42:38 PM] Selenium_Wrapper.click:(205) - Clicking on :[[ChromeDriver: chrome on WINDOWS (ff8d639de1c2aad76312cd74e764d52d)] -> xpath: //ul[@class='select2-results__options']//li[text()='Aaron Brown']]
[INFO ][07-May-2024 14:42:41 PM] Selenium_Wrapper.click:(205) - Clicking on :[[ChromeDriver: chrome on WINDOWS (ff8d639de1c2aad76312cd74e764d52d)] -> xpath: //button[@class='yui3-button yui3-button-close']]
[INFO ][07-May-2024 14:42:53 PM] Selenium_Wrapper.click:(205) - Clicking on :[[ChromeDriver: chrome on WINDOWS (ff8d639de1c2aad76312cd74e764d52d)] -> xpath: //div[@id='formsResources_panel']//div[@id='formsResources_headingOne']]
[INFO ][07-May-2024 14:43:02 PM] Selenium_Wrapper.clickUsingActions:(255) - Clicking on :[[ChromeDriver: chrome on WINDOWS (ff8d639de1c2aad76312cd74e764d52d)] -> xpath: (//ul[@class='formsResources']//ul//li/a)[2]]
[INFO ][07-May-2024 14:43:27 PM] Selenium_Wrapper.click:(205) - Clicking on :[[ChromeDriver: chrome on WINDOWS (ff8d639de1c2aad76312cd74e764d52d)] -> class name: knowledge]
[INFO ][07-May-2024 14:43:34 PM] Selenium_Wrapper.click:(205) - Clicking on :[[ChromeDriver: chrome on WINDOWS (ff8d639de1c2aad76312cd74e764d52d)] -> xpath: //input[@type='search']]
[INFO ][07-May-2024 14:43:36 PM] Selenium_Wrapper.enterText:(317) - Entering Text :Business Use Auto Loan in WebElement :[[ChromeDriver: chrome on WINDOWS (ff8d639de1c2aad76312cd74e764d52d)] -> xpath: //input[@type='search']]
[INFO ][07-May-2024 14:43:52 PM] Selenium_Wrapper.click:(205) - Clicking on :[[ChromeDriver: chrome on WINDOWS (ff8d639de1c2aad76312cd74e764d52d)] -> xpath: (//ul[text()='Suggested Search']//li//li)[1]]
[INFO ][07-May-2024 14:43:58 PM] Selenium_Wrapper.click:(205) - Clicking on :[[ChromeDriver: chrome on WINDOWS (ff8d639de1c2aad76312cd74e764d52d)] -> xpath: //div[@class='rn_SearchResultContent']//tbody//tr//div//span[@class='rn_Element1']//a]
[INFO ][07-May-2024 14:44:55 PM] Selenium_Wrapper.click:(205) - Clicking on :[[ChromeDriver: chrome on WINDOWS (ff8d639de1c2aad76312cd74e764d52d)] -> xpath: //button[@class='rn_RecommendContentButton p-0']]
[INFO ][07-May-2024 14:44:57 PM] Selenium_Wrapper.enterText:(317) - Entering Text :Test Improve, comments, updates in WebElement :[[ChromeDriver: chrome on WINDOWS (ff8d639de1c2aad76312cd74e764d52d)] -> xpath: //div[@id='rnDialog1_c']//textarea[contains(@id,RequestUpdate)]]
[INFO ][07-May-2024 14:44:59 PM] Selenium_Wrapper.click:(205) - Clicking on :[[ChromeDriver: chrome on WINDOWS (ff8d639de1c2aad76312cd74e764d52d)] -> xpath: //button[@class='yui3-button yui3-button-close']]
[INFO ][07-May-2024 14:45:09 PM] Selenium_Wrapper.click:(205) - Clicking on :[[ChromeDriver: chrome on WINDOWS (ff8d639de1c2aad76312cd74e764d52d)] -> id: relatedPages_headingOne]
[INFO ][07-May-2024 14:45:12 PM] Selenium_Wrapper.click:(205) - Clicking on :[[ChromeDriver: chrome on WINDOWS (ff8d639de1c2aad76312cd74e764d52d)] -> id: relatedPages_headingOne]
[INFO ][07-May-2024 14:45:19 PM] Selenium_Wrapper.enterText:(317) - Entering Text :Business Use Auto Loan in WebElement :[[ChromeDriver: chrome on WINDOWS (ff8d639de1c2aad76312cd74e764d52d)] -> xpath: //div[contains(@class,'input-group')]//input[@type='search']]
[INFO ][07-May-2024 14:45:31 PM] Selenium_Wrapper.click:(205) - Clicking on :[[ChromeDriver: chrome on WINDOWS (ff8d639de1c2aad76312cd74e764d52d)] -> xpath: //ul[@aria-label='Suggested Search']//li[@class='rn_SuggestionItem'][normalize-space()='Business Use Auto Loan']]
[INFO ][07-May-2024 14:45:42 PM] Selenium_Wrapper.click:(205) - Clicking on :[[ChromeDriver: chrome on WINDOWS (ff8d639de1c2aad76312cd74e764d52d)] -> class name: knowledge]
[INFO ][07-May-2024 14:45:45 PM] Selenium_Wrapper.closeCurrentBrowser:(657) - Closing the current Browser
