[INFO ][02-Jul-2024 14:50:32 PM] Selenium_Wrapper.openBrowser:(54) - Opening chrome browser.
[INFO ][02-Jul-2024 14:50:43 PM] Selenium_Wrapper.enterURL:(88) - Entering url :https://macu1--tst1.custhelp.com/app/home
[INFO ][02-Jul-2024 14:50:47 PM] Selenium_Wrapper.enterText:(317) - Entering Text :swamyk in WebElement :[[ChromeDriver: chrome on WINDOWS (fe945537e3837dfc9cdd657eb372f050)] -> id: rn_LoginForm_2_Username]
[INFO ][02-Jul-2024 14:50:49 PM] Selenium_Wrapper.enterText:(317) - Entering Text :Soft@123 in WebElement :[[ChromeDriver: chrome on WINDOWS (fe945537e3837dfc9cdd657eb372f050)] -> id: rn_LoginForm_2_Password]
[INFO ][02-Jul-2024 14:50:53 PM] Selenium_Wrapper.click:(205) - Clicking on :[[ChromeDriver: chrome on WINDOWS (fe945537e3837dfc9cdd657eb372f050)] -> id: rn_LoginForm_2_Submit]
[INFO ][02-Jul-2024 14:51:04 PM] Selenium_Wrapper.click:(205) - Clicking on :[[ChromeDriver: chrome on WINDOWS (fe945537e3837dfc9cdd657eb372f050)] -> xpath: //input[@type='search']]
[INFO ][02-Jul-2024 14:51:05 PM] Selenium_Wrapper.enterText:(317) - Entering Text :Badge Protocol in WebElement :[[ChromeDriver: chrome on WINDOWS (fe945537e3837dfc9cdd657eb372f050)] -> xpath: //input[@type='search']]
[INFO ][02-Jul-2024 14:51:22 PM] Selenium_Wrapper.click:(205) - Clicking on :[[ChromeDriver: chrome on WINDOWS (fe945537e3837dfc9cdd657eb372f050)] -> xpath: (//div[@class='yui3-aclist-content']//li//li)[1]]
[INFO ][02-Jul-2024 14:51:26 PM] Selenium_Wrapper.click:(205) - Clicking on :[[ChromeDriver: chrome on WINDOWS (fe945537e3837dfc9cdd657eb372f050)] -> xpath: (//div[@class='rn_SearchResultContent']//a)[1]]
[INFO ][02-Jul-2024 14:51:35 PM] Selenium_Wrapper.click:(205) - Clicking on :[[ChromeDriver: chrome on WINDOWS (fe945537e3837dfc9cdd657eb372f050)] -> xpath: //div[@class='main_image_div']//div[@class='thumbs_up_down'][2]]
[INFO ][02-Jul-2024 14:51:43 PM] Selenium_Wrapper.click:(205) - Clicking on :[[ChromeDriver: chrome on WINDOWS (fe945537e3837dfc9cdd657eb372f050)] -> xpath: //button[@class='rn_RecommendContentButton p-0']]
[INFO ][02-Jul-2024 14:51:44 PM] Selenium_Wrapper.enterText:(317) - Entering Text :Flexible Work - ThumbDown Comments in WebElement :[[ChromeDriver: chrome on WINDOWS (fe945537e3837dfc9cdd657eb372f050)] -> id: rn_RequestUpdate_24_Description]
[INFO ][02-Jul-2024 14:51:47 PM] Selenium_Wrapper.click:(205) - Clicking on :[[ChromeDriver: chrome on WINDOWS (fe945537e3837dfc9cdd657eb372f050)] -> xpath: //button[text()='Submit']]
[INFO ][02-Jul-2024 14:51:49 PM] Selenium_Wrapper.click:(205) - Clicking on :[[ChromeDriver: chrome on WINDOWS (fe945537e3837dfc9cdd657eb372f050)] -> xpath: (//button[@class='yui3-button yui3-button-close'])[2]]
[INFO ][02-Jul-2024 14:51:53 PM] Selenium_Wrapper.click:(205) - Clicking on :[[ChromeDriver: chrome on WINDOWS (fe945537e3837dfc9cdd657eb372f050)] -> xpath: //div[@class='dropdown']]
[INFO ][02-Jul-2024 14:51:59 PM] Selenium_Wrapper.click:(205) - Clicking on :[[ChromeDriver: chrome on WINDOWS (fe945537e3837dfc9cdd657eb372f050)] -> xpath: //a[text()='My Feedback']]
[INFO ][02-Jul-2024 14:52:24 PM] Selenium_Wrapper.click:(205) - Clicking on :[[ChromeDriver: chrome on WINDOWS (fe945537e3837dfc9cdd657eb372f050)] -> xpath: ((//table//tbody)[2]//a)[1]]
[INFO ][02-Jul-2024 14:52:53 PM] Selenium_Wrapper.click:(205) - Clicking on :[[ChromeDriver: chrome on WINDOWS (fe945537e3837dfc9cdd657eb372f050)] -> class name: knowledge]
[INFO ][02-Jul-2024 14:52:56 PM] Selenium_Wrapper.closeCurrentBrowser:(657) - Closing the current Browser
[INFO ][02-Jul-2024 14:52:57 PM] Selenium_Wrapper.openBrowser:(54) - Opening chrome browser.
[INFO ][02-Jul-2024 14:53:03 PM] Selenium_Wrapper.enterURL:(88) - Entering url :https://macu1--tst1.custhelp.com/AgentWeb/
[INFO ][02-Jul-2024 14:53:08 PM] Selenium_Wrapper.enterText:(317) - Entering Text :automation_testing in WebElement :[[ChromeDriver: chrome on WINDOWS (f8bae63d6a4d26b48373af161d032702)] -> id: username]
[INFO ][02-Jul-2024 14:53:09 PM] Selenium_Wrapper.enterText:(317) - Entering Text :Welcome123 in WebElement :[[ChromeDriver: chrome on WINDOWS (f8bae63d6a4d26b48373af161d032702)] -> id: password]
[INFO ][02-Jul-2024 14:53:43 PM] Selenium_Wrapper.click:(205) - Clicking on :[[ChromeDriver: chrome on WINDOWS (f8bae63d6a4d26b48373af161d032702)] -> id: loginbutton]
[INFO ][02-Jul-2024 14:54:20 PM] Selenium_Wrapper.click:(205) - Clicking on :[[ChromeDriver: chrome on WINDOWS (f8bae63d6a4d26b48373af161d032702)] -> xpath: //oj-button[@id='navigationSetBtn']]
[INFO ][02-Jul-2024 14:54:28 PM] Selenium_Wrapper.click:(205) - Clicking on :[[ChromeDriver: chrome on WINDOWS (f8bae63d6a4d26b48373af161d032702)] -> xpath: //div[text()='Analytics']]
[INFO ][02-Jul-2024 14:54:37 PM] Selenium_Wrapper.click:(205) - Clicking on :[[ChromeDriver: chrome on WINDOWS (f8bae63d6a4d26b48373af161d032702)] -> xpath: //span[text()='Reports Explorer']]
[INFO ][02-Jul-2024 14:54:45 PM] Selenium_Wrapper.click:(205) - Clicking on :[[ChromeDriver: chrome on WINDOWS (f8bae63d6a4d26b48373af161d032702)] -> xpath: //div[text()='Public Reports']]
[INFO ][02-Jul-2024 14:54:53 PM] Selenium_Wrapper.click:(205) - Clicking on :[[ChromeDriver: chrome on WINDOWS (f8bae63d6a4d26b48373af161d032702)] -> xpath: //div[text()='MACU CUSTOM REPORTS']]
[INFO ][02-Jul-2024 14:55:02 PM] Selenium_Wrapper.click:(205) - Clicking on :[[ChromeDriver: chrome on WINDOWS (f8bae63d6a4d26b48373af161d032702)] -> xpath: //div[text()='SoftClouds']]
[INFO ][02-Jul-2024 14:55:10 PM] Selenium_Wrapper.click:(205) - Clicking on :[[ChromeDriver: chrome on WINDOWS (f8bae63d6a4d26b48373af161d032702)] -> xpath: //div[text()='OKCS']]
[INFO ][02-Jul-2024 14:55:22 PM] Selenium_Wrapper.doubleClick:(286) - Double clicking on :[[ChromeDriver: chrome on WINDOWS (f8bae63d6a4d26b48373af161d032702)] -> xpath: //div[@class='explorer-right-panel']//div[@class='explorer-data-grid']//span[text()='Feedback Admin Report']]
[INFO ][02-Jul-2024 14:55:36 PM] Selenium_Wrapper.click:(205) - Clicking on :[[ChromeDriver: chrome on WINDOWS (f8bae63d6a4d26b48373af161d032702)] -> xpath: //div[@class='container wsx-flex']//div[@class='analyticsTopSection']//div[@class='select-box-root select-box-display-text-active']]
[INFO ][02-Jul-2024 14:55:39 PM] Selenium_Wrapper.click:(205) - Clicking on :[[ChromeDriver: chrome on WINDOWS (f8bae63d6a4d26b48373af161d032702)] -> xpath: (//span[text()='Search'])[2]]
[INFO ][02-Jul-2024 14:55:48 PM] Selenium_Wrapper.doubleClick:(286) - Double clicking on :[[ChromeDriver: chrome on WINDOWS (f8bae63d6a4d26b48373af161d032702)] -> xpath: //div[@class='container wsx-flex']//div[contains(@column-id,'2')][1]]
[INFO ][02-Jul-2024 14:55:59 PM] Selenium_Wrapper.click:(205) - Clicking on :[[ChromeDriver: chrome on WINDOWS (f8bae63d6a4d26b48373af161d032702)] -> xpath: //span[text()='Messages']]
[INFO ][02-Jul-2024 14:56:01 PM] Selenium_Wrapper.click:(205) - Clicking on :[[ChromeDriver: chrome on WINDOWS (f8bae63d6a4d26b48373af161d032702)] -> xpath: //div[contains(@class,'cke_wysiwyg_div ')]]
[INFO ][02-Jul-2024 14:56:03 PM] Selenium_Wrapper.enterText:(317) - Entering Text :It is working as per Expected in WebElement :[[ChromeDriver: chrome on WINDOWS (f8bae63d6a4d26b48373af161d032702)] -> xpath: //div[contains(@class,'cke_wysiwyg_div ')]]
[INFO ][02-Jul-2024 14:56:05 PM] Selenium_Wrapper.click:(205) - Clicking on :[[ChromeDriver: chrome on WINDOWS (f8bae63d6a4d26b48373af161d032702)] -> xpath: //div[@class='ws-toolbar-button-image bui-icon save-icon fa-lg']]
