[INFO ][01-Sep-2022 14:58:04 PM] Selenium_Wrapper.openBrowser:(48) - Opening chrome browser.
[INFO ][01-Sep-2022 14:58:13 PM] Selenium_Wrapper.enterURL:(82) - Entering url :https://macu1--upgrade.custhelp.com/
[INFO ][01-Sep-2022 14:58:17 PM] Selenium_Wrapper.enterText:(311) - Entering Text :pramodk in WebElement :[[ChromeDriver: chrome on WINDOWS (e80a560447b122a7beae4978724c1c73)] -> id: rn_LoginForm_2_Username]
[INFO ][01-Sep-2022 14:58:18 PM] Selenium_Wrapper.enterText:(311) - Entering Text :Soft@123 in WebElement :[[ChromeDriver: chrome on WINDOWS (e80a560447b122a7beae4978724c1c73)] -> id: rn_LoginForm_2_Password]
[INFO ][01-Sep-2022 14:58:25 PM] Selenium_Wrapper.click:(199) - Clicking on :[[ChromeDriver: chrome on WINDOWS (e80a560447b122a7beae4978724c1c73)] -> id: rn_LoginForm_2_Submit]
[INFO ][01-Sep-2022 14:58:41 PM] Selenium_Wrapper.click:(199) - Clicking on :[[ChromeDriver: chrome on WINDOWS (e80a560447b122a7beae4978724c1c73)] -> xpath: //input[@type='search']]
[INFO ][01-Sep-2022 14:58:43 PM] Selenium_Wrapper.enterText:(311) - Entering Text :Auto Loan in WebElement :[[ChromeDriver: chrome on WINDOWS (e80a560447b122a7beae4978724c1c73)] -> xpath: //input[@type='search']]
[INFO ][01-Sep-2022 14:58:58 PM] Selenium_Wrapper.click:(199) - Clicking on :[[ChromeDriver: chrome on WINDOWS (e80a560447b122a7beae4978724c1c73)] -> xpath: //ul[@aria-label='Suggested Search']//li[normalize-space()='Auto Loan']]
[INFO ][01-Sep-2022 14:59:06 PM] Selenium_Wrapper.click:(199) - Clicking on :[[ChromeDriver: chrome on WINDOWS (e80a560447b122a7beae4978724c1c73)] -> xpath: //div[@class='rn_SearchResultContent']//a[text()='Auto Loan']]
[ERROR][01-Sep-2022 14:59:14 PM] Selenium_Wrapper.highlightWebElement:(417) - org.openqa.selenium.NoSuchElementException: no such element: Unable to locate element: {"method":"xpath","selector":"//div[@class='rn_SchemaAttributeValue']//h5[text()='JUMP TO']"}
  (Session info: chrome=105.0.5195.54)
For documentation on this error, please visit: https://www.seleniumhq.org/exceptions/no_such_element.html
Build info: version: '3.141.59', revision: 'e82be7d358', time: '2018-11-14T08:17:03'
System info: host: 'QA-SWAMYK', ip: '192.168.0.4', os.name: 'Windows 10', os.arch: 'amd64', os.version: '10.0', java.version: '11.0.10'
Driver info: org.openqa.selenium.chrome.ChromeDriver
Capabilities {acceptInsecureCerts: false, browserName: chrome, browserVersion: 105.0.5195.54, chrome: {chromedriverVersion: 105.0.5195.52 (412c95e51883..., userDataDir: C:\Users\SWAMYK~1\AppData\L...}, goog:chromeOptions: {debuggerAddress: localhost:57386}, javascriptEnabled: true, networkConnectionEnabled: false, pageLoadStrategy: normal, platform: WINDOWS, platformName: WINDOWS, proxy: Proxy(), setWindowRect: true, strictFileInteractability: false, timeouts: {implicit: 0, pageLoad: 300000, script: 30000}, unhandledPromptBehavior: dismiss and notify, webauthn:extension:credBlob: true, webauthn:extension:largeBlob: true, webauthn:virtualAuthenticators: true}
Session ID: e80a560447b122a7beae4978724c1c73
*** Element info: {Using=xpath, value=//div[@class='rn_SchemaAttributeValue']//h5[text()='JUMP TO']}
[INFO ][01-Sep-2022 14:59:25 PM] Selenium_Wrapper.click:(199) - Clicking on :[[ChromeDriver: chrome on WINDOWS (e80a560447b122a7beae4978724c1c73)] -> xpath: (//div[@class='rn_SchemaAttributeValue']//a)[1]]
[INFO ][01-Sep-2022 14:59:52 PM] Selenium_Wrapper.click:(199) - Clicking on :[[ChromeDriver: chrome on WINDOWS (e80a560447b122a7beae4978724c1c73)] -> id: relatedPages_headingOne]
[INFO ][01-Sep-2022 14:59:58 PM] Selenium_Wrapper.click:(199) - Clicking on :[[ChromeDriver: chrome on WINDOWS (e80a560447b122a7beae4978724c1c73)] -> id: relatedPages_headingOne]
[INFO ][01-Sep-2022 15:00:10 PM] Selenium_Wrapper.click:(199) - Clicking on :[[ChromeDriver: chrome on WINDOWS (e80a560447b122a7beae4978724c1c73)] -> id: rn_SearchHome_18_SearchInput]
[INFO ][01-Sep-2022 15:00:11 PM] Selenium_Wrapper.enterText:(311) - Entering Text :Auto Loan in WebElement :[[ChromeDriver: chrome on WINDOWS (e80a560447b122a7beae4978724c1c73)] -> id: rn_SearchHome_18_SearchInput]
[INFO ][01-Sep-2022 15:00:22 PM] Selenium_Wrapper.click:(199) - Clicking on :[[ChromeDriver: chrome on WINDOWS (e80a560447b122a7beae4978724c1c73)] -> xpath: //ul[@aria-label='Suggested Search']//li[@class='rn_SuggestionItem'][normalize-space()='Auto Loan']]
[INFO ][01-Sep-2022 15:00:30 PM] Selenium_Wrapper.click:(199) - Clicking on :[[ChromeDriver: chrome on WINDOWS (e80a560447b122a7beae4978724c1c73)] -> xpath: //div[@class='rn_SearchResultContent']//a[text()='Auto Loan']]
[INFO ][01-Sep-2022 15:00:48 PM] Selenium_Wrapper.click:(199) - Clicking on :[[ChromeDriver: chrome on WINDOWS (e80a560447b122a7beae4978724c1c73)] -> xpath: //button[@class='rn_RecommendContentButton p-0']]
[INFO ][01-Sep-2022 15:00:49 PM] Selenium_Wrapper.enterText:(311) - Entering Text :Test Improve, comments, updates in WebElement :[[ChromeDriver: chrome on WINDOWS (e80a560447b122a7beae4978724c1c73)] -> id: rn_RequestUpdate_26_Description]
[INFO ][01-Sep-2022 15:00:55 PM] Selenium_Wrapper.click:(199) - Clicking on :[[ChromeDriver: chrome on WINDOWS (e80a560447b122a7beae4978724c1c73)] -> xpath: //button[text()='Submit']]
[INFO ][01-Sep-2022 15:01:08 PM] Selenium_Wrapper.click:(199) - Clicking on :[[ChromeDriver: chrome on WINDOWS (e80a560447b122a7beae4978724c1c73)] -> xpath: //div[@id='rnDialog2']//button[@type='button']]
[INFO ][01-Sep-2022 15:01:26 PM] Selenium_Wrapper.click:(199) - Clicking on :[[ChromeDriver: chrome on WINDOWS (e80a560447b122a7beae4978724c1c73)] -> class name: knowledge]
[INFO ][01-Sep-2022 15:01:33 PM] Selenium_Wrapper.click:(199) - Clicking on :[[ChromeDriver: chrome on WINDOWS (e80a560447b122a7beae4978724c1c73)] -> xpath: //div[@class='dropdown']]
[INFO ][01-Sep-2022 15:01:43 PM] Selenium_Wrapper.click:(199) - Clicking on :[[ChromeDriver: chrome on WINDOWS (e80a560447b122a7beae4978724c1c73)] -> xpath: //a[text()='My Feedback']]
[INFO ][01-Sep-2022 15:01:44 PM] Selenium_Wrapper.enterText:(311) - Entering Text :Auto Loan in WebElement :[[ChromeDriver: chrome on WINDOWS (e80a560447b122a7beae4978724c1c73)] -> xpath: //input[@placeholder='Search Your Feedback Report']]
[ERROR][01-Sep-2022 15:01:47 PM] Selenium_Wrapper.highlightWebElement:(417) - org.openqa.selenium.NoSuchElementException: no such element: Unable to locate element: {"method":"xpath","selector":"//div[@class='rn_SearchInput1 mt-3']//span[@class='btn-srch-icon']//i[@class='fa fa-search']"}
  (Session info: chrome=105.0.5195.54)
For documentation on this error, please visit: https://www.seleniumhq.org/exceptions/no_such_element.html
Build info: version: '3.141.59', revision: 'e82be7d358', time: '2018-11-14T08:17:03'
System info: host: 'QA-SWAMYK', ip: '192.168.0.4', os.name: 'Windows 10', os.arch: 'amd64', os.version: '10.0', java.version: '11.0.10'
Driver info: org.openqa.selenium.chrome.ChromeDriver
Capabilities {acceptInsecureCerts: false, browserName: chrome, browserVersion: 105.0.5195.54, chrome: {chromedriverVersion: 105.0.5195.52 (412c95e51883..., userDataDir: C:\Users\SWAMYK~1\AppData\L...}, goog:chromeOptions: {debuggerAddress: localhost:57386}, javascriptEnabled: true, networkConnectionEnabled: false, pageLoadStrategy: normal, platform: WINDOWS, platformName: WINDOWS, proxy: Proxy(), setWindowRect: true, strictFileInteractability: false, timeouts: {implicit: 0, pageLoad: 300000, script: 30000}, unhandledPromptBehavior: dismiss and notify, webauthn:extension:credBlob: true, webauthn:extension:largeBlob: true, webauthn:virtualAuthenticators: true}
Session ID: e80a560447b122a7beae4978724c1c73
*** Element info: {Using=xpath, value=//div[@class='rn_SearchInput1 mt-3']//span[@class='btn-srch-icon']//i[@class='fa fa-search']}
[ERROR][01-Sep-2022 15:01:52 PM] MyFeedback.testMyFeedbackStatus:(137) - My Feedback Article Status in CP Test is un-successfull
[INFO ][01-Sep-2022 15:01:55 PM] Selenium_Wrapper.closeCurrentBrowser:(651) - Closing the current Browser
