[INFO ][29-May-2023 14:52:33 PM] Selenium_Wrapper.openBrowser:(48) - Opening chrome browser.
[INFO ][29-May-2023 14:52:36 PM] Selenium_Wrapper.enterURL:(82) - Entering url :https://macu1--tst1.custhelp.com/AgentWeb/
[INFO ][29-May-2023 14:52:41 PM] Selenium_Wrapper.enterText:(311) - Entering Text :automation_testing in WebElement :[[ChromeDriver: chrome on WINDOWS (6b1da5ba2fc175bb1b0fef7d76496d24)] -> id: username]
[INFO ][29-May-2023 14:52:42 PM] Selenium_Wrapper.enterText:(311) - Entering Text :Welcome123 in WebElement :[[ChromeDriver: chrome on WINDOWS (6b1da5ba2fc175bb1b0fef7d76496d24)] -> id: password]
[INFO ][29-May-2023 14:53:13 PM] Selenium_Wrapper.click:(199) - Clicking on :[[ChromeDriver: chrome on WINDOWS (6b1da5ba2fc175bb1b0fef7d76496d24)] -> id: loginbutton]
[INFO ][29-May-2023 14:53:24 PM] Selenium_Wrapper.click:(199) - Clicking on :[[ChromeDriver: chrome on WINDOWS (6b1da5ba2fc175bb1b0fef7d76496d24)] -> id: navigationSetBtn]
[INFO ][29-May-2023 14:53:29 PM] Selenium_Wrapper.click:(199) - Clicking on :[[ChromeDriver: chrome on WINDOWS (6b1da5ba2fc175bb1b0fef7d76496d24)] -> xpath: (//div[text()='Configuration']//a)]
[INFO ][29-May-2023 14:53:35 PM] Selenium_Wrapper.click:(199) - Clicking on :[[ChromeDriver: chrome on WINDOWS (6b1da5ba2fc175bb1b0fef7d76496d24)] -> xpath: (//div[text()='Service']//a)]
[INFO ][29-May-2023 14:53:40 PM] Selenium_Wrapper.click:(199) - Clicking on :[[ChromeDriver: chrome on WINDOWS (6b1da5ba2fc175bb1b0fef7d76496d24)] -> xpath: (//div[text()='Knowledge Advanced']//a)]
[INFO ][29-May-2023 14:53:45 PM] Selenium_Wrapper.click:(199) - Clicking on :[[ChromeDriver: chrome on WINDOWS (6b1da5ba2fc175bb1b0fef7d76496d24)] -> xpath: //span[text()='Authoring']]
[INFO ][29-May-2023 14:54:00 PM] Selenium_Wrapper.click:(199) - Clicking on :[[ChromeDriver: chrome on WINDOWS (6b1da5ba2fc175bb1b0fef7d76496d24)] -> xpath: //div[@id='rntab']//ul//li[@testidentifier='MainNavBar_Content']//a]
[INFO ][29-May-2023 14:54:17 PM] Selenium_Wrapper.click:(199) - Clicking on :[[ChromeDriver: chrome on WINDOWS (6b1da5ba2fc175bb1b0fef7d76496d24)] -> xpath: //div[text()='Process']//following-sibling::a[@testidentifier='ContentNavBar_Add_Process']]
[INFO ][29-May-2023 14:54:20 PM] Selenium_Wrapper.enterText:(311) - Entering Text :TestingArticle in WebElement :[[ChromeDriver: chrome on WINDOWS (6b1da5ba2fc175bb1b0fef7d76496d24)] -> xpath: //input[@testidentifier='Content_ContentType_Add_SUMMARY']]
[INFO ][29-May-2023 14:54:24 PM] Selenium_Wrapper.enterText:(311) - Entering Text :Criticals in WebElement :[[ChromeDriver: chrome on WINDOWS (6b1da5ba2fc175bb1b0fef7d76496d24)] -> xpath: //input[@testidentifier='Content_ContentType_Add_KEYWORD']]
[INFO ][29-May-2023 14:54:31 PM] Selenium_Wrapper.click:(199) - Clicking on :[[ChromeDriver: chrome on WINDOWS (6b1da5ba2fc175bb1b0fef7d76496d24)] -> xpath: ((//span[@class='cke_bottom cke_reset_all'])[1]//preceding-sibling::*)[2]]
[INFO ][29-May-2023 14:54:39 PM] Selenium_Wrapper.enterText:(311) - Entering Text :contentinfo 'Reach out to your immediate supervisor with questions.' in WebElement :[[ChromeDriver: chrome on WINDOWS (6b1da5ba2fc175bb1b0fef7d76496d24)] -> xpath: //body[@class='cke_editable cke_editable_themed cke_contents_ltr cke_show_borders']]
[INFO ][29-May-2023 14:54:50 PM] Selenium_Wrapper.click:(199) - Clicking on :[[ChromeDriver: chrome on WINDOWS (6b1da5ba2fc175bb1b0fef7d76496d24)] -> xpath: ((//span[@class='cke_bottom cke_reset_all'])[2]//preceding-sibling::*)[2]]
[INFO ][29-May-2023 14:54:58 PM] Selenium_Wrapper.enterText:(311) - Entering Text :COVID-19 Update:  Find additional information on COVID-19 Branch & Service Center Operations\n * Vaccine\n * Similar to the flu shot, we encourage you to take a lunch hour or go after work if you choose to receive the vaccine.\n * You should be able to easily schedule a time to receive a vaccine. * Take PTO if an adverse reaction occurs. * Take PTO if an adverse reaction occurs * First URL of the pageArticle Link * Second URL of the page * Third URL of the page * The few documented cases of a stronger reaction indicate that the affects typically last one to two days. * Have an open conversation with your manager if other accommodations are necessary. * The cost of the vaccine is covered by insurance. * Mask Mandates * As the counties and health departments begin to relax their mask mandates, MACU will address this as follows: * The mask mandate requirement for team members will remain in place for the foreseeable future. * Mask guidance for members will follow State, County and Health department guidelines for those areas. * Personal Protection Equipment (PPE) * Order masks and other PArticle LinkPE by submitting a ServiceNow Facilities ticket. * Items available * Cotopaxi masks ($7 each) * Hand sanitizer * Gloves * Disposable masks * Sanitation wipes * Employee Resources * Mountain America is here for you! Check out these resources: * MACU Desktop Citrix ReceiverWorkspace Step-by-Step Surface Devices Step-by-Step * Microsoft Teams Step-by-Step * Multi-Factor Authentication (MFA) Step-by-Step * Remote Work Agreement * Setting up Your New Laptop * Surface Devices Step-by-Step in WebElement :[[ChromeDriver: chrome on WINDOWS (6b1da5ba2fc175bb1b0fef7d76496d24)] -> xpath: //body[@class='cke_editable cke_editable_themed cke_contents_ltr cke_show_borders']]
[INFO ][29-May-2023 14:55:07 PM] Selenium_Wrapper.click:(199) - Clicking on :[[ChromeDriver: chrome on WINDOWS (6b1da5ba2fc175bb1b0fef7d76496d24)] -> xpath: //span[text()='Jump To']]
[INFO ][29-May-2023 14:55:14 PM] Selenium_Wrapper.click:(199) - Clicking on :[[ChromeDriver: chrome on WINDOWS (6b1da5ba2fc175bb1b0fef7d76496d24)] -> xpath: (//a[@class='cke_button cke_button__image cke_button_off'])[3]]
[INFO ][29-May-2023 14:55:22 PM] Selenium_Wrapper.click:(199) - Clicking on :[[ChromeDriver: chrome on WINDOWS (6b1da5ba2fc175bb1b0fef7d76496d24)] -> xpath: (//span[text()='Browse Server'])[1]]
[INFO ][29-May-2023 14:55:42 PM] Selenium_Wrapper.click:(199) - Clicking on :[[ChromeDriver: chrome on WINDOWS (6b1da5ba2fc175bb1b0fef7d76496d24)] -> xpath: //a[text()='MACU_VIEW']]
[INFO ][29-May-2023 14:56:02 PM] Selenium_Wrapper.click:(199) - Clicking on :[[ChromeDriver: chrome on WINDOWS (6b1da5ba2fc175bb1b0fef7d76496d24)] -> xpath: //table//span[text()='OK']]
[INFO ][29-May-2023 14:56:17 PM] Selenium_Wrapper.click:(199) - Clicking on :[[ChromeDriver: chrome on WINDOWS (6b1da5ba2fc175bb1b0fef7d76496d24)] -> xpath: (//span[@class='cke_button_icon cke_button__addarticlelink_icon'])[4]]
[INFO ][29-May-2023 14:56:23 PM] Selenium_Wrapper.enterText:(311) - Entering Text :1000124 in WebElement :[[ChromeDriver: chrome on WINDOWS (6b1da5ba2fc175bb1b0fef7d76496d24)] -> xpath: (//div[text()='Article Link']//following::input)[3]]
[INFO ][29-May-2023 14:56:24 PM] Selenium_Wrapper.enterText:(311) - Entering Text :Article Link in WebElement :[[ChromeDriver: chrome on WINDOWS (6b1da5ba2fc175bb1b0fef7d76496d24)] -> xpath: (//div[text()='Article Link']//following::input)[5]]
[INFO ][29-May-2023 14:56:30 PM] Selenium_Wrapper.click:(199) - Clicking on :[[ChromeDriver: chrome on WINDOWS (6b1da5ba2fc175bb1b0fef7d76496d24)] -> xpath: (//div[@class='cke_dialog_body']//span[text()='OK'])[2]]
[INFO ][29-May-2023 14:56:37 PM] Selenium_Wrapper.click:(199) - Clicking on :[[ChromeDriver: chrome on WINDOWS (6b1da5ba2fc175bb1b0fef7d76496d24)] -> xpath: ((//span[@class='cke_bottom cke_reset_all'])[5]//preceding-sibling::*)[2]]
[INFO ][29-May-2023 14:56:43 PM] Selenium_Wrapper.enterText:(311) - Entering Text :BasicInfo - Remote Work * -Use the following resources when connecting to work applications remotely in WebElement :[[ChromeDriver: chrome on WINDOWS (6b1da5ba2fc175bb1b0fef7d76496d24)] -> xpath: //body[@class='cke_editable cke_editable_themed cke_contents_ltr cke_show_borders']]
[INFO ][29-May-2023 14:56:54 PM] Selenium_Wrapper.click:(199) - Clicking on :[[ChromeDriver: chrome on WINDOWS (6b1da5ba2fc175bb1b0fef7d76496d24)] -> xpath: ((//span[@class='cke_bottom cke_reset_all'])[6]//preceding-sibling::*)[2]]
[INFO ][29-May-2023 14:57:00 PM] Selenium_Wrapper.enterText:(311) - Entering Text :BasicContactInfo -Remote Work * -Use the following resources when connecting to work applications remotely * -Cisco Finesse Step-by-Step * -Cisco Jabber Step-by-Step * -Electronic Communication and Information Basic Info * -Extend Surface Device Battery Life Step-by-Step * -MACU Desktop Citrix ReceiverWorkspace Step-by-Step Surface Devices Step-by-Step * -Microsoft Teams Step-by-Step * -Multi-Factor Authentication (MFA) Step-by-Step * -Remote Work Agreement * -Setting up Your New Laptop * -Surface Devices Step-by-Step in WebElement :[[ChromeDriver: chrome on WINDOWS (6b1da5ba2fc175bb1b0fef7d76496d24)] -> xpath: //body[@class='cke_editable cke_editable_themed cke_contents_ltr cke_show_borders']]
[INFO ][29-May-2023 14:57:12 PM] Selenium_Wrapper.click:(199) - Clicking on :[[ChromeDriver: chrome on WINDOWS (6b1da5ba2fc175bb1b0fef7d76496d24)] -> xpath: ((//span[@class='cke_bottom cke_reset_all'])[7]//preceding-sibling::*)[2]]
[INFO ][29-May-2023 14:57:17 PM] Selenium_Wrapper.enterText:(311) - Entering Text :Steps- Employee Resources in WebElement :[[ChromeDriver: chrome on WINDOWS (6b1da5ba2fc175bb1b0fef7d76496d24)] -> xpath: //body[@class='cke_editable cke_editable_themed cke_contents_ltr cke_show_borders']]
[INFO ][29-May-2023 14:57:28 PM] Selenium_Wrapper.click:(199) - Clicking on :[[ChromeDriver: chrome on WINDOWS (6b1da5ba2fc175bb1b0fef7d76496d24)] -> xpath: ((//span[@class='cke_bottom cke_reset_all'])[8]//preceding-sibling::*)[2]]
[INFO ][29-May-2023 14:57:35 PM] Selenium_Wrapper.enterText:(311) - Entering Text :StepsContactInfo - Mountain America is here for you! Check out these resources: * Report COVID-19 in the Workplace * Contact Tracing for COVID-19 * COVID-19 Pay Options * Corporate FSR * Employee Assistance Program (EAP) * Employee Loans * Infectious Disease * MACU Facility Standards * Mountain America Center Meetings & Events * Medical Leave of Absence * Personal Time Off (PTO) * Tanner Meetings & Events * Thrive Clinic * The CareATC Patient Access Center is currently performing all appointment scheduling activities. Our clinics are not currently accepting walk-in or self-scheduled patients. To schedule an appointment, contact the clinic 800-993-8244. * Thrive Fitness Centers * Travel Pay *Traveling Branch Employees in WebElement :[[ChromeDriver: chrome on WINDOWS (6b1da5ba2fc175bb1b0fef7d76496d24)] -> xpath: //body[@class='cke_editable cke_editable_themed cke_contents_ltr cke_show_borders']]
[INFO ][29-May-2023 14:57:44 PM] Selenium_Wrapper.click:(199) - Clicking on :[[ChromeDriver: chrome on WINDOWS (6b1da5ba2fc175bb1b0fef7d76496d24)] -> xpath: ((//span[@class='cke_bottom cke_reset_all'])[9]//preceding-sibling::*)[2]]
[INFO ][29-May-2023 14:57:50 PM] Selenium_Wrapper.enterText:(311) - Entering Text :Forms_Resources - Mask Mandates in WebElement :[[ChromeDriver: chrome on WINDOWS (6b1da5ba2fc175bb1b0fef7d76496d24)] -> xpath: //body[@class='cke_editable cke_editable_themed cke_contents_ltr cke_show_borders']]
[INFO ][29-May-2023 14:57:59 PM] Selenium_Wrapper.click:(199) - Clicking on :[[ChromeDriver: chrome on WINDOWS (6b1da5ba2fc175bb1b0fef7d76496d24)] -> xpath: ((//span[@class='cke_bottom cke_reset_all'])[10]//preceding-sibling::*)[2]]
[INFO ][29-May-2023 14:58:07 PM] Selenium_Wrapper.enterText:(311) - Entering Text :Forms_Resources_Content- As the counties and health departments begin to relax their mask mandates, MACU will address this as follows: * The mask mandate requirement for team members will remain in place for the foreseeable future. * Mask guidance for members will follow State, County and Health department guidelines for those areas. in WebElement :[[ChromeDriver: chrome on WINDOWS (6b1da5ba2fc175bb1b0fef7d76496d24)] -> xpath: //body[@class='cke_editable cke_editable_themed cke_contents_ltr cke_show_borders']]
[INFO ][29-May-2023 14:58:16 PM] Selenium_Wrapper.click:(199) - Clicking on :[[ChromeDriver: chrome on WINDOWS (6b1da5ba2fc175bb1b0fef7d76496d24)] -> xpath: ((//span[@class='cke_bottom cke_reset_all'])[11]//preceding-sibling::*)[2]]
[INFO ][29-May-2023 14:58:22 PM] Selenium_Wrapper.enterText:(311) - Entering Text :SalesConnections-Sales Connections in WebElement :[[ChromeDriver: chrome on WINDOWS (6b1da5ba2fc175bb1b0fef7d76496d24)] -> xpath: //body[@class='cke_editable cke_editable_themed cke_contents_ltr cke_show_borders']]
[INFO ][29-May-2023 14:58:32 PM] Selenium_Wrapper.click:(199) - Clicking on :[[ChromeDriver: chrome on WINDOWS (6b1da5ba2fc175bb1b0fef7d76496d24)] -> xpath: ((//span[@class='cke_bottom cke_reset_all'])[12]//preceding-sibling::*)[2]]
[INFO ][29-May-2023 14:58:37 PM] Selenium_Wrapper.enterText:(311) - Entering Text :SalesConnectionsContent- As the counties and health departments begin to relax their mask mandates, MACU will address this as follows: * The mask mandate requirement for team members will remain in place for the foreseeable future. * Mask guidance for members will follow State, County and Health department guidelines for those areas. in WebElement :[[ChromeDriver: chrome on WINDOWS (6b1da5ba2fc175bb1b0fef7d76496d24)] -> xpath: //body[@class='cke_editable cke_editable_themed cke_contents_ltr cke_show_borders']]
[ERROR][29-May-2023 14:58:46 PM] CreateNewArticleFlow.testCreateArticleFlow:(296) - Create Article  un-successfull
[ERROR][29-May-2023 14:58:53 PM] CreateNewArticleFlow.testPublishArticleFlow:(349) - Publish Article un-successfull
[INFO ][29-May-2023 14:58:54 PM] Selenium_Wrapper.openBrowser:(48) - Opening chrome browser.
[INFO ][29-May-2023 14:59:00 PM] Selenium_Wrapper.enterURL:(82) - Entering url :https://macu1--tst1.custhelp.com/app/home
[INFO ][29-May-2023 14:59:04 PM] Selenium_Wrapper.enterText:(311) - Entering Text :swamyk in WebElement :[[ChromeDriver: chrome on WINDOWS (b96c4238c55b42e639902e7404667398)] -> id: rn_LoginForm_2_Username]
[INFO ][29-May-2023 14:59:05 PM] Selenium_Wrapper.enterText:(311) - Entering Text :Soft@123 in WebElement :[[ChromeDriver: chrome on WINDOWS (b96c4238c55b42e639902e7404667398)] -> id: rn_LoginForm_2_Password]
[INFO ][29-May-2023 14:59:12 PM] Selenium_Wrapper.click:(199) - Clicking on :[[ChromeDriver: chrome on WINDOWS (b96c4238c55b42e639902e7404667398)] -> id: rn_LoginForm_2_Submit]
[ERROR][29-May-2023 14:59:18 PM] CreateNewArticleFlow.testSearchanArticle:(367) - Search an Article in CP is un-successfull
[ERROR][29-May-2023 14:59:21 PM] CreateNewArticleFlow.testCPClose:(378) - Logout/SignOut un-successfull
