[INFO ][07-May-2024 15:01:32 PM] Selenium_Wrapper.openBrowser:(54) - Opening chrome browser.
[INFO ][07-May-2024 15:01:40 PM] Selenium_Wrapper.enterURL:(88) - Entering url :https://macu1--tst1.custhelp.com/app/home
[INFO ][07-May-2024 15:01:44 PM] Selenium_Wrapper.enterText:(317) - Entering Text :swamyk in WebElement :[[ChromeDriver: chrome on WINDOWS (063281f89e82215f976b0521be5d9729)] -> id: rn_LoginForm_2_Username]
[INFO ][07-May-2024 15:01:45 PM] Selenium_Wrapper.enterText:(317) - Entering Text :Soft@123 in WebElement :[[ChromeDriver: chrome on WINDOWS (063281f89e82215f976b0521be5d9729)] -> id: rn_LoginForm_2_Password]
[INFO ][07-May-2024 15:01:50 PM] Selenium_Wrapper.click:(205) - Clicking on :[[ChromeDriver: chrome on WINDOWS (063281f89e82215f976b0521be5d9729)] -> id: rn_LoginForm_2_Submit]
[INFO ][07-May-2024 15:02:06 PM] Selenium_Wrapper.click:(205) - Clicking on :[[ChromeDriver: chrome on WINDOWS (063281f89e82215f976b0521be5d9729)] -> xpath: //a[text()='browse all PAGES']]
[INFO ][07-May-2024 15:02:31 PM] Selenium_Wrapper.click:(205) - Clicking on :[[ChromeDriver: chrome on WINDOWS (063281f89e82215f976b0521be5d9729)] -> xpath: //a[text()='Business Accounts']]
[INFO ][07-May-2024 15:02:44 PM] Selenium_Wrapper.click:(205) - Clicking on :[[ChromeDriver: chrome on WINDOWS (063281f89e82215f976b0521be5d9729)] -> xpath: //a[text()='Employee Experience']]
[INFO ][07-May-2024 15:02:57 PM] Selenium_Wrapper.click:(205) - Clicking on :[[ChromeDriver: chrome on WINDOWS (063281f89e82215f976b0521be5d9729)] -> xpath: //a[text()='Personal Accounts']]
[INFO ][07-May-2024 15:03:11 PM] Selenium_Wrapper.click:(205) - Clicking on :[[ChromeDriver: chrome on WINDOWS (063281f89e82215f976b0521be5d9729)] -> xpath: //a[text()='Services']]
[DEBUG][07-May-2024 15:05:22 PM] Selenium_Wrapper.click:(216) - Handled ElementClickInterceptedException and Clicked on :[[ChromeDriver: chrome on WINDOWS (063281f89e82215f976b0521be5d9729)] -> xpath: //a[text()='Technology']]
[INFO ][07-May-2024 15:05:44 PM] Selenium_Wrapper.click:(205) - Clicking on :[[ChromeDriver: chrome on WINDOWS (063281f89e82215f976b0521be5d9729)] -> xpath: //a[text()='VIEW A-Z INDEX']]
[INFO ][07-May-2024 15:06:06 PM] Selenium_Wrapper.click:(205) - Clicking on :[[ChromeDriver: chrome on WINDOWS (063281f89e82215f976b0521be5d9729)] -> xpath: //div[@id='rn_A_ZIndex_2']//ul[@class='indexing_list']//li//a[text()='D']]
[INFO ][07-May-2024 15:06:20 PM] Selenium_Wrapper.click:(205) - Clicking on :[[ChromeDriver: chrome on WINDOWS (063281f89e82215f976b0521be5d9729)] -> xpath: //div[@id='rn_A_ZIndex_2']//ul[@class='indexing_list']//li//a[text()='J']]
[INFO ][07-May-2024 15:06:34 PM] Selenium_Wrapper.click:(205) - Clicking on :[[ChromeDriver: chrome on WINDOWS (063281f89e82215f976b0521be5d9729)] -> xpath: //div[@id='rn_A_ZIndex_2']//ul[@class='indexing_list']//li//a[text()='P']]
[INFO ][07-May-2024 15:06:47 PM] Selenium_Wrapper.click:(205) - Clicking on :[[ChromeDriver: chrome on WINDOWS (063281f89e82215f976b0521be5d9729)] -> xpath: //div[@id='rn_A_ZIndex_2']//ul[@class='indexing_list']//li//a[text()='V']]
[INFO ][07-May-2024 15:07:01 PM] Selenium_Wrapper.click:(205) - Clicking on :[[ChromeDriver: chrome on WINDOWS (063281f89e82215f976b0521be5d9729)] -> xpath: //div[@id='rn_A_ZIndex_2']//ul[@class='indexing_list']//li//a[text()='0-9']]
[INFO ][07-May-2024 15:07:23 PM] Selenium_Wrapper.click:(205) - Clicking on :[[ChromeDriver: chrome on WINDOWS (063281f89e82215f976b0521be5d9729)] -> xpath: (//div[@class='rn_A_ZIndex']//div[@class='index-content']//a)[1]]
[INFO ][07-May-2024 15:07:49 PM] Selenium_Wrapper.enterText:(317) - Entering Text :100% First Time Home Buyer Loan in WebElement :[[ChromeDriver: chrome on WINDOWS (063281f89e82215f976b0521be5d9729)] -> xpath: //input[@type='search']]
[INFO ][07-May-2024 15:08:30 PM] Selenium_Wrapper.click:(205) - Clicking on :[[ChromeDriver: chrome on WINDOWS (063281f89e82215f976b0521be5d9729)] -> xpath: //div[@id='rn_PageTitle']//a[text()='BROWSE ALL PAGES']]
[INFO ][07-May-2024 15:08:39 PM] Selenium_Wrapper.closeCurrentBrowser:(657) - Closing the current Browser
