[INFO ][27-Jul-2023 15:02:30 pm] Selenium_Wrapper.openBrowser:(48) - Opening chrome browser.
[INFO ][27-Jul-2023 15:02:34 pm] Selenium_Wrapper.enterURL:(82) - Entering url :https://macu1--tst1.custhelp.com/AgentWeb/
[INFO ][27-Jul-2023 15:02:38 pm] Selenium_Wrapper.enterText:(311) - Entering Text :automation_testing in WebElement :[[ChromeDriver: chrome on WINDOWS (df2549e2cf50a64a8249636a60a247e4)] -> id: username]
[INFO ][27-Jul-2023 15:02:39 pm] Selenium_Wrapper.enterText:(311) - Entering Text :Welcome123 in WebElement :[[ChromeDriver: chrome on WINDOWS (df2549e2cf50a64a8249636a60a247e4)] -> id: password]
[INFO ][27-Jul-2023 15:03:10 pm] Selenium_Wrapper.click:(199) - Clicking on :[[ChromeDriver: chrome on WINDOWS (df2549e2cf50a64a8249636a60a247e4)] -> id: loginbutton]
[INFO ][27-Jul-2023 15:03:22 pm] Selenium_Wrapper.click:(199) - Clicking on :[[ChromeDriver: chrome on WINDOWS (df2549e2cf50a64a8249636a60a247e4)] -> id: navigationSetBtn]
[INFO ][27-Jul-2023 15:03:27 pm] Selenium_Wrapper.click:(199) - Clicking on :[[ChromeDriver: chrome on WINDOWS (df2549e2cf50a64a8249636a60a247e4)] -> xpath: (//div[text()='Configuration']//a)]
[INFO ][27-Jul-2023 15:03:32 pm] Selenium_Wrapper.click:(199) - Clicking on :[[ChromeDriver: chrome on WINDOWS (df2549e2cf50a64a8249636a60a247e4)] -> xpath: (//div[text()='Service']//a)]
[INFO ][27-Jul-2023 15:03:37 pm] Selenium_Wrapper.click:(199) - Clicking on :[[ChromeDriver: chrome on WINDOWS (df2549e2cf50a64a8249636a60a247e4)] -> xpath: (//div[text()='Knowledge Advanced']//a)]
[INFO ][27-Jul-2023 15:03:43 pm] Selenium_Wrapper.click:(199) - Clicking on :[[ChromeDriver: chrome on WINDOWS (df2549e2cf50a64a8249636a60a247e4)] -> xpath: //span[text()='Authoring']]
[INFO ][27-Jul-2023 15:03:57 pm] Selenium_Wrapper.click:(199) - Clicking on :[[ChromeDriver: chrome on WINDOWS (df2549e2cf50a64a8249636a60a247e4)] -> xpath: //div[@id='rntab']//ul//li[@testidentifier='MainNavBar_Content']//a]
[INFO ][27-Jul-2023 15:04:16 pm] Selenium_Wrapper.click:(199) - Clicking on :[[ChromeDriver: chrome on WINDOWS (df2549e2cf50a64a8249636a60a247e4)] -> xpath: //div[text()='Process']//following-sibling::a[@testidentifier='ContentNavBar_Add_Process']]
[INFO ][27-Jul-2023 15:04:20 pm] Selenium_Wrapper.enterText:(311) - Entering Text :TestingArticle in WebElement :[[ChromeDriver: chrome on WINDOWS (df2549e2cf50a64a8249636a60a247e4)] -> xpath: //input[@testidentifier='Content_ContentType_Add_SUMMARY']]
[INFO ][27-Jul-2023 15:04:23 pm] Selenium_Wrapper.enterText:(311) - Entering Text :Criticals in WebElement :[[ChromeDriver: chrome on WINDOWS (df2549e2cf50a64a8249636a60a247e4)] -> xpath: //input[@testidentifier='Content_ContentType_Add_KEYWORD']]
[INFO ][27-Jul-2023 15:04:31 pm] Selenium_Wrapper.click:(199) - Clicking on :[[ChromeDriver: chrome on WINDOWS (df2549e2cf50a64a8249636a60a247e4)] -> xpath: ((//span[@class='cke_bottom cke_reset_all'])[1]//preceding-sibling::*)[2]]
[INFO ][27-Jul-2023 15:04:38 pm] Selenium_Wrapper.enterText:(311) - Entering Text :contentinfo 'Reach out to your immediate supervisor with questions.' in WebElement :[[ChromeDriver: chrome on WINDOWS (df2549e2cf50a64a8249636a60a247e4)] -> xpath: //body[@class='cke_editable cke_editable_themed cke_contents_ltr cke_show_borders']]
[INFO ][27-Jul-2023 15:04:50 pm] Selenium_Wrapper.click:(199) - Clicking on :[[ChromeDriver: chrome on WINDOWS (df2549e2cf50a64a8249636a60a247e4)] -> xpath: ((//span[@class='cke_bottom cke_reset_all'])[2]//preceding-sibling::*)[2]]
[INFO ][27-Jul-2023 15:04:59 pm] Selenium_Wrapper.enterText:(311) - Entering Text :COVID-19 Update:  Find additional information on COVID-19 Branch & Service Center Operations\n * Vaccine\n * Similar to the flu shot, we encourage you to take a lunch hour or go after work if you choose to receive the vaccine.\n * You should be able to easily schedule a time to receive a vaccine. * Take PTO if an adverse reaction occurs. * Take PTO if an adverse reaction occurs * First URL of the pageArticle Link * Second URL of the page * Third URL of the page * The few documented cases of a stronger reaction indicate that the affects typically last one to two days. * Have an open conversation with your manager if other accommodations are necessary. * The cost of the vaccine is covered by insurance. * Mask Mandates * As the counties and health departments begin to relax their mask mandates, MACU will address this as follows: * The mask mandate requirement for team members will remain in place for the foreseeable future. * Mask guidance for members will follow State, County and Health department guidelines for those areas. * Personal Protection Equipment (PPE) * Order masks and other PArticle LinkPE by submitting a ServiceNow Facilities ticket. * Items available * Cotopaxi masks ($7 each) * Hand sanitizer * Gloves * Disposable masks * Sanitation wipes * Employee Resources * Mountain America is here for you! Check out these resources: * MACU Desktop Citrix ReceiverWorkspace Step-by-Step Surface Devices Step-by-Step * Microsoft Teams Step-by-Step * Multi-Factor Authentication (MFA) Step-by-Step * Remote Work Agreement * Setting up Your New Laptop * Surface Devices Step-by-Step in WebElement :[[ChromeDriver: chrome on WINDOWS (df2549e2cf50a64a8249636a60a247e4)] -> xpath: //body[@class='cke_editable cke_editable_themed cke_contents_ltr cke_show_borders']]
[INFO ][27-Jul-2023 15:05:09 pm] Selenium_Wrapper.click:(199) - Clicking on :[[ChromeDriver: chrome on WINDOWS (df2549e2cf50a64a8249636a60a247e4)] -> xpath: //span[text()='Jump To']]
[INFO ][27-Jul-2023 15:05:16 pm] Selenium_Wrapper.click:(199) - Clicking on :[[ChromeDriver: chrome on WINDOWS (df2549e2cf50a64a8249636a60a247e4)] -> xpath: (//a[@class='cke_button cke_button__image cke_button_off'])[3]]
[INFO ][27-Jul-2023 15:05:24 pm] Selenium_Wrapper.click:(199) - Clicking on :[[ChromeDriver: chrome on WINDOWS (df2549e2cf50a64a8249636a60a247e4)] -> xpath: (//span[text()='Browse Server'])[1]]
[INFO ][27-Jul-2023 15:05:44 pm] Selenium_Wrapper.click:(199) - Clicking on :[[ChromeDriver: chrome on WINDOWS (df2549e2cf50a64a8249636a60a247e4)] -> xpath: //a[text()='MACU_VIEW']]
[INFO ][27-Jul-2023 15:06:04 pm] Selenium_Wrapper.click:(199) - Clicking on :[[ChromeDriver: chrome on WINDOWS (df2549e2cf50a64a8249636a60a247e4)] -> xpath: //table//span[text()='OK']]
[INFO ][27-Jul-2023 15:06:19 pm] Selenium_Wrapper.click:(199) - Clicking on :[[ChromeDriver: chrome on WINDOWS (df2549e2cf50a64a8249636a60a247e4)] -> xpath: (//span[@class='cke_button_icon cke_button__addarticlelink_icon'])[4]]
[INFO ][27-Jul-2023 15:06:25 pm] Selenium_Wrapper.enterText:(311) - Entering Text :1000124 in WebElement :[[ChromeDriver: chrome on WINDOWS (df2549e2cf50a64a8249636a60a247e4)] -> xpath: (//div[text()='Article Link']//following::input)[3]]
[INFO ][27-Jul-2023 15:06:27 pm] Selenium_Wrapper.enterText:(311) - Entering Text :Article Link in WebElement :[[ChromeDriver: chrome on WINDOWS (df2549e2cf50a64a8249636a60a247e4)] -> xpath: (//div[text()='Article Link']//following::input)[5]]
[INFO ][27-Jul-2023 15:06:32 pm] Selenium_Wrapper.click:(199) - Clicking on :[[ChromeDriver: chrome on WINDOWS (df2549e2cf50a64a8249636a60a247e4)] -> xpath: (//div[@class='cke_dialog_body']//span[text()='OK'])[2]]
[INFO ][27-Jul-2023 15:06:40 pm] Selenium_Wrapper.click:(199) - Clicking on :[[ChromeDriver: chrome on WINDOWS (df2549e2cf50a64a8249636a60a247e4)] -> xpath: ((//span[@class='cke_bottom cke_reset_all'])[5]//preceding-sibling::*)[2]]
[INFO ][27-Jul-2023 15:06:45 pm] Selenium_Wrapper.enterText:(311) - Entering Text :BasicInfo - Remote Work * -Use the following resources when connecting to work applications remotely in WebElement :[[ChromeDriver: chrome on WINDOWS (df2549e2cf50a64a8249636a60a247e4)] -> xpath: //body[@class='cke_editable cke_editable_themed cke_contents_ltr cke_show_borders']]
[INFO ][27-Jul-2023 15:06:57 pm] Selenium_Wrapper.click:(199) - Clicking on :[[ChromeDriver: chrome on WINDOWS (df2549e2cf50a64a8249636a60a247e4)] -> xpath: ((//span[@class='cke_bottom cke_reset_all'])[6]//preceding-sibling::*)[2]]
[INFO ][27-Jul-2023 15:07:03 pm] Selenium_Wrapper.enterText:(311) - Entering Text :BasicContactInfo -Remote Work * -Use the following resources when connecting to work applications remotely * -Cisco Finesse Step-by-Step * -Cisco Jabber Step-by-Step * -Electronic Communication and Information Basic Info * -Extend Surface Device Battery Life Step-by-Step * -MACU Desktop Citrix ReceiverWorkspace Step-by-Step Surface Devices Step-by-Step * -Microsoft Teams Step-by-Step * -Multi-Factor Authentication (MFA) Step-by-Step * -Remote Work Agreement * -Setting up Your New Laptop * -Surface Devices Step-by-Step in WebElement :[[ChromeDriver: chrome on WINDOWS (df2549e2cf50a64a8249636a60a247e4)] -> xpath: //body[@class='cke_editable cke_editable_themed cke_contents_ltr cke_show_borders']]
[INFO ][27-Jul-2023 15:07:14 pm] Selenium_Wrapper.click:(199) - Clicking on :[[ChromeDriver: chrome on WINDOWS (df2549e2cf50a64a8249636a60a247e4)] -> xpath: ((//span[@class='cke_bottom cke_reset_all'])[7]//preceding-sibling::*)[2]]
[INFO ][27-Jul-2023 15:07:20 pm] Selenium_Wrapper.enterText:(311) - Entering Text :Steps- Employee Resources in WebElement :[[ChromeDriver: chrome on WINDOWS (df2549e2cf50a64a8249636a60a247e4)] -> xpath: //body[@class='cke_editable cke_editable_themed cke_contents_ltr cke_show_borders']]
[INFO ][27-Jul-2023 15:07:31 pm] Selenium_Wrapper.click:(199) - Clicking on :[[ChromeDriver: chrome on WINDOWS (df2549e2cf50a64a8249636a60a247e4)] -> xpath: ((//span[@class='cke_bottom cke_reset_all'])[8]//preceding-sibling::*)[2]]
[INFO ][27-Jul-2023 15:07:37 pm] Selenium_Wrapper.enterText:(311) - Entering Text :StepsContactInfo - Mountain America is here for you! Check out these resources: * Report COVID-19 in the Workplace * Contact Tracing for COVID-19 * COVID-19 Pay Options * Corporate FSR * Employee Assistance Program (EAP) * Employee Loans * Infectious Disease * MACU Facility Standards * Mountain America Center Meetings & Events * Medical Leave of Absence * Personal Time Off (PTO) * Tanner Meetings & Events * Thrive Clinic * The CareATC Patient Access Center is currently performing all appointment scheduling activities. Our clinics are not currently accepting walk-in or self-scheduled patients. To schedule an appointment, contact the clinic 800-993-8244. * Thrive Fitness Centers * Travel Pay *Traveling Branch Employees in WebElement :[[ChromeDriver: chrome on WINDOWS (df2549e2cf50a64a8249636a60a247e4)] -> xpath: //body[@class='cke_editable cke_editable_themed cke_contents_ltr cke_show_borders']]
[INFO ][27-Jul-2023 15:07:47 pm] Selenium_Wrapper.click:(199) - Clicking on :[[ChromeDriver: chrome on WINDOWS (df2549e2cf50a64a8249636a60a247e4)] -> xpath: ((//span[@class='cke_bottom cke_reset_all'])[9]//preceding-sibling::*)[2]]
[INFO ][27-Jul-2023 15:07:52 pm] Selenium_Wrapper.enterText:(311) - Entering Text :Forms_Resources - Mask Mandates in WebElement :[[ChromeDriver: chrome on WINDOWS (df2549e2cf50a64a8249636a60a247e4)] -> xpath: //body[@class='cke_editable cke_editable_themed cke_contents_ltr cke_show_borders']]
[INFO ][27-Jul-2023 15:08:02 pm] Selenium_Wrapper.click:(199) - Clicking on :[[ChromeDriver: chrome on WINDOWS (df2549e2cf50a64a8249636a60a247e4)] -> xpath: ((//span[@class='cke_bottom cke_reset_all'])[10]//preceding-sibling::*)[2]]
[INFO ][27-Jul-2023 15:08:10 pm] Selenium_Wrapper.enterText:(311) - Entering Text :Forms_Resources_Content- As the counties and health departments begin to relax their mask mandates, MACU will address this as follows: * The mask mandate requirement for team members will remain in place for the foreseeable future. * Mask guidance for members will follow State, County and Health department guidelines for those areas. in WebElement :[[ChromeDriver: chrome on WINDOWS (df2549e2cf50a64a8249636a60a247e4)] -> xpath: //body[@class='cke_editable cke_editable_themed cke_contents_ltr cke_show_borders']]
[INFO ][27-Jul-2023 15:08:19 pm] Selenium_Wrapper.click:(199) - Clicking on :[[ChromeDriver: chrome on WINDOWS (df2549e2cf50a64a8249636a60a247e4)] -> xpath: ((//span[@class='cke_bottom cke_reset_all'])[11]//preceding-sibling::*)[2]]
[INFO ][27-Jul-2023 15:08:24 pm] Selenium_Wrapper.enterText:(311) - Entering Text :SalesConnections-Sales Connections in WebElement :[[ChromeDriver: chrome on WINDOWS (df2549e2cf50a64a8249636a60a247e4)] -> xpath: //body[@class='cke_editable cke_editable_themed cke_contents_ltr cke_show_borders']]
[INFO ][27-Jul-2023 15:08:36 pm] Selenium_Wrapper.click:(199) - Clicking on :[[ChromeDriver: chrome on WINDOWS (df2549e2cf50a64a8249636a60a247e4)] -> xpath: //span[text()='Teams']//following::select//option[text()='Accounting & Finance']]
[INFO ][27-Jul-2023 15:08:41 pm] Selenium_Wrapper.click:(199) - Clicking on :[[ChromeDriver: chrome on WINDOWS (df2549e2cf50a64a8249636a60a247e4)] -> xpath: //span[text()='Compliance']//preceding-sibling::input]
[INFO ][27-Jul-2023 15:08:47 pm] Selenium_Wrapper.click:(199) - Clicking on :[[ChromeDriver: chrome on WINDOWS (df2549e2cf50a64a8249636a60a247e4)] -> xpath: //span[text()='No ']//preceding-sibling::input]
[INFO ][27-Jul-2023 15:08:52 pm] Selenium_Wrapper.click:(199) - Clicking on :[[ChromeDriver: chrome on WINDOWS (df2549e2cf50a64a8249636a60a247e4)] -> xpath: ((//span[@class='cke_bottom cke_reset_all'])[12]//preceding-sibling::*)[2]]
[INFO ][27-Jul-2023 15:08:58 pm] Selenium_Wrapper.enterText:(311) - Entering Text :SalesConnectionsContent- As the counties and health departments begin to relax their mask mandates, MACU will address this as follows: * The mask mandate requirement for team members will remain in place for the foreseeable future. * Mask guidance for members will follow State, County and Health department guidelines for those areas. in WebElement :[[ChromeDriver: chrome on WINDOWS (df2549e2cf50a64a8249636a60a247e4)] -> xpath: //body[@class='cke_editable cke_editable_themed cke_contents_ltr cke_show_borders']]
[INFO ][27-Jul-2023 15:09:07 pm] Selenium_Wrapper.click:(199) - Clicking on :[[ChromeDriver: chrome on WINDOWS (df2549e2cf50a64a8249636a60a247e4)] -> xpath: //span[text()='Major Change']//preceding-sibling::input]
[INFO ][27-Jul-2023 15:09:13 pm] Selenium_Wrapper.click:(199) - Clicking on :[[ChromeDriver: chrome on WINDOWS (df2549e2cf50a64a8249636a60a247e4)] -> xpath: //span[text()='Corporate/Branch/Service Center']//following::select//option[text()='Service Center']]
[INFO ][27-Jul-2023 15:09:18 pm] Selenium_Wrapper.click:(199) - Clicking on :[[ChromeDriver: chrome on WINDOWS (df2549e2cf50a64a8249636a60a247e4)] -> xpath: //span[text()='Department']//following::select//option[text()='0004 SEG Development Team']]
[INFO ][27-Jul-2023 15:09:23 pm] Selenium_Wrapper.click:(199) - Clicking on :[[ChromeDriver: chrome on WINDOWS (df2549e2cf50a64a8249636a60a247e4)] -> xpath: //span[text()='Manager Level']//following::select//option[text()='Assistant Manager']]
[INFO ][27-Jul-2023 15:09:28 pm] Selenium_Wrapper.click:(199) - Clicking on :[[ChromeDriver: chrome on WINDOWS (df2549e2cf50a64a8249636a60a247e4)] -> xpath: //span[contains(text(),'time with')]//following::select//option[contains(text(),'1 Month ')]]
[INFO ][27-Jul-2023 15:09:33 pm] Selenium_Wrapper.click:(199) - Clicking on :[[ChromeDriver: chrome on WINDOWS (df2549e2cf50a64a8249636a60a247e4)] -> xpath: //span[contains(text(),'Branch Name')]//following::select//option[contains(text(),'Albuquerque - Golf Course Road Branch')]]
[INFO ][27-Jul-2023 15:09:38 pm] Selenium_Wrapper.click:(199) - Clicking on :[[ChromeDriver: chrome on WINDOWS (df2549e2cf50a64a8249636a60a247e4)] -> xpath: //span[contains(text(),'Branch Area')]//following::select//option[contains(text(),'Teton')]]
[INFO ][27-Jul-2023 15:09:44 pm] Selenium_Wrapper.click:(199) - Clicking on :[[ChromeDriver: chrome on WINDOWS (df2549e2cf50a64a8249636a60a247e4)] -> xpath: (//span[contains(text(),'Primary Tag')]//following::select//option[contains(text(),'AAA')])[1]]
[INFO ][27-Jul-2023 15:09:49 pm] Selenium_Wrapper.click:(199) - Clicking on :[[ChromeDriver: chrome on WINDOWS (df2549e2cf50a64a8249636a60a247e4)] -> xpath: (//span[contains(text(),'Primary Tag')]//following::select//option[contains(text(),'AAA')])[4]]
[INFO ][27-Jul-2023 15:09:54 pm] Selenium_Wrapper.click:(199) - Clicking on :[[ChromeDriver: chrome on WINDOWS (df2549e2cf50a64a8249636a60a247e4)] -> xpath: (//span[contains(text(),'Primary Tag')]//following::select//option[contains(text(),'AAA')])[6]]
[ERROR][27-Jul-2023 15:09:59 pm] CreateNewArticleFlow.testCreateArticleFlow:(305) - Create Article  un-successfull
[ERROR][27-Jul-2023 15:10:05 pm] CreateNewArticleFlow.testPublishArticleFlow:(358) - Publish Article un-successfull
[INFO ][27-Jul-2023 15:10:06 pm] Selenium_Wrapper.openBrowser:(48) - Opening chrome browser.
[INFO ][27-Jul-2023 15:10:14 pm] Selenium_Wrapper.enterURL:(82) - Entering url :https://macu1--tst1.custhelp.com/app/home
[INFO ][27-Jul-2023 15:10:18 pm] Selenium_Wrapper.enterText:(311) - Entering Text :swamyk in WebElement :[[ChromeDriver: chrome on WINDOWS (ea14966cb6ffe41b4363eb19955993ff)] -> id: rn_LoginForm_2_Username]
[INFO ][27-Jul-2023 15:10:20 pm] Selenium_Wrapper.enterText:(311) - Entering Text :Soft@123 in WebElement :[[ChromeDriver: chrome on WINDOWS (ea14966cb6ffe41b4363eb19955993ff)] -> id: rn_LoginForm_2_Password]
[INFO ][27-Jul-2023 15:10:27 pm] Selenium_Wrapper.click:(199) - Clicking on :[[ChromeDriver: chrome on WINDOWS (ea14966cb6ffe41b4363eb19955993ff)] -> id: rn_LoginForm_2_Submit]
[INFO ][27-Jul-2023 15:10:53 pm] Selenium_Wrapper.closeCurrentBrowser:(651) - Closing the current Browser
