[INFO ][02-Sep-2022 15:01:28 PM] Selenium_Wrapper.openBrowser:(48) - Opening chrome browser.
[INFO ][02-Sep-2022 15:01:35 PM] Selenium_Wrapper.enterURL:(82) - Entering url :https://macu1--upgrade.custhelp.com/
[INFO ][02-Sep-2022 15:01:39 PM] Selenium_Wrapper.enterText:(311) - Entering Text :pramodk in WebElement :[[ChromeDriver: chrome on WINDOWS (65cfc0784ca5d3b96ce6c2f9b116b058)] -> id: rn_LoginForm_2_Username]
[INFO ][02-Sep-2022 15:01:41 PM] Selenium_Wrapper.enterText:(311) - Entering Text :Soft@123 in WebElement :[[ChromeDriver: chrome on WINDOWS (65cfc0784ca5d3b96ce6c2f9b116b058)] -> id: rn_LoginForm_2_Password]
[INFO ][02-Sep-2022 15:01:48 PM] Selenium_Wrapper.click:(199) - Clicking on :[[ChromeDriver: chrome on WINDOWS (65cfc0784ca5d3b96ce6c2f9b116b058)] -> id: rn_LoginForm_2_Submit]
[INFO ][02-Sep-2022 15:02:10 PM] Selenium_Wrapper.click:(199) - Clicking on :[[ChromeDriver: chrome on WINDOWS (65cfc0784ca5d3b96ce6c2f9b116b058)] -> xpath: //a[text()='browse all PAGES']]
[INFO ][02-Sep-2022 15:02:22 PM] Selenium_Wrapper.click:(199) - Clicking on :[[ChromeDriver: chrome on WINDOWS (65cfc0784ca5d3b96ce6c2f9b116b058)] -> xpath: (//div[@id='category']//following-sibling::ul//a)[1]]
[INFO ][02-Sep-2022 15:02:43 PM] Selenium_Wrapper.click:(199) - Clicking on :[[ChromeDriver: chrome on WINDOWS (65cfc0784ca5d3b96ce6c2f9b116b058)] -> xpath: //a[text()='Business Accounts']]
[INFO ][02-Sep-2022 15:02:49 PM] Selenium_Wrapper.click:(199) - Clicking on :[[ChromeDriver: chrome on WINDOWS (65cfc0784ca5d3b96ce6c2f9b116b058)] -> xpath: (//div[@id='category']//following-sibling::ul//a)[1]]
[INFO ][02-Sep-2022 15:03:05 PM] Selenium_Wrapper.click:(199) - Clicking on :[[ChromeDriver: chrome on WINDOWS (65cfc0784ca5d3b96ce6c2f9b116b058)] -> xpath: //a[text()='Employee Experience']]
[INFO ][02-Sep-2022 15:03:15 PM] Selenium_Wrapper.click:(199) - Clicking on :[[ChromeDriver: chrome on WINDOWS (65cfc0784ca5d3b96ce6c2f9b116b058)] -> xpath: (//div[@id='category']//following-sibling::ul//a)[1]]
[INFO ][02-Sep-2022 15:03:31 PM] Selenium_Wrapper.click:(199) - Clicking on :[[ChromeDriver: chrome on WINDOWS (65cfc0784ca5d3b96ce6c2f9b116b058)] -> xpath: //a[text()='Personal Accounts']]
[INFO ][02-Sep-2022 15:03:36 PM] Selenium_Wrapper.click:(199) - Clicking on :[[ChromeDriver: chrome on WINDOWS (65cfc0784ca5d3b96ce6c2f9b116b058)] -> xpath: (//div[@id='category']//following-sibling::ul//a)[1]]
[INFO ][02-Sep-2022 15:03:52 PM] Selenium_Wrapper.click:(199) - Clicking on :[[ChromeDriver: chrome on WINDOWS (65cfc0784ca5d3b96ce6c2f9b116b058)] -> xpath: //a[text()='Services']]
[INFO ][02-Sep-2022 15:03:57 PM] Selenium_Wrapper.click:(199) - Clicking on :[[ChromeDriver: chrome on WINDOWS (65cfc0784ca5d3b96ce6c2f9b116b058)] -> xpath: (//div[@id='category']//following-sibling::ul//a)[1]]
[INFO ][02-Sep-2022 15:04:13 PM] Selenium_Wrapper.click:(199) - Clicking on :[[ChromeDriver: chrome on WINDOWS (65cfc0784ca5d3b96ce6c2f9b116b058)] -> xpath: //a[text()='Technology']]
[INFO ][02-Sep-2022 15:04:18 PM] Selenium_Wrapper.click:(199) - Clicking on :[[ChromeDriver: chrome on WINDOWS (65cfc0784ca5d3b96ce6c2f9b116b058)] -> xpath: (//div[@id='category']//following-sibling::ul//a)[1]]
[INFO ][02-Sep-2022 15:04:44 PM] Selenium_Wrapper.click:(199) - Clicking on :[[ChromeDriver: chrome on WINDOWS (65cfc0784ca5d3b96ce6c2f9b116b058)] -> xpath: //a[text()='VIEW A-Z INDEX']]
[INFO ][02-Sep-2022 15:05:05 PM] Selenium_Wrapper.click:(199) - Clicking on :[[ChromeDriver: chrome on WINDOWS (65cfc0784ca5d3b96ce6c2f9b116b058)] -> xpath: //div[@id='rn_A_ZIndex_2']//ul[@class='indexing_list']//li//a[text()='D']]
[INFO ][02-Sep-2022 15:05:19 PM] Selenium_Wrapper.click:(199) - Clicking on :[[ChromeDriver: chrome on WINDOWS (65cfc0784ca5d3b96ce6c2f9b116b058)] -> xpath: //div[@id='rn_A_ZIndex_2']//ul[@class='indexing_list']//li//a[text()='J']]
[INFO ][02-Sep-2022 15:05:32 PM] Selenium_Wrapper.click:(199) - Clicking on :[[ChromeDriver: chrome on WINDOWS (65cfc0784ca5d3b96ce6c2f9b116b058)] -> xpath: //div[@id='rn_A_ZIndex_2']//ul[@class='indexing_list']//li//a[text()='P']]
[INFO ][02-Sep-2022 15:05:45 PM] Selenium_Wrapper.click:(199) - Clicking on :[[ChromeDriver: chrome on WINDOWS (65cfc0784ca5d3b96ce6c2f9b116b058)] -> xpath: //div[@id='rn_A_ZIndex_2']//ul[@class='indexing_list']//li//a[text()='V']]
[INFO ][02-Sep-2022 15:05:58 PM] Selenium_Wrapper.click:(199) - Clicking on :[[ChromeDriver: chrome on WINDOWS (65cfc0784ca5d3b96ce6c2f9b116b058)] -> xpath: //div[@id='rn_A_ZIndex_2']//ul[@class='indexing_list']//li//a[text()='0-9']]
[INFO ][02-Sep-2022 15:06:22 PM] Selenium_Wrapper.click:(199) - Clicking on :[[ChromeDriver: chrome on WINDOWS (65cfc0784ca5d3b96ce6c2f9b116b058)] -> xpath: (//div[@class='rn_A_ZIndex']//div[@class='index-content']//a)[1]]
[INFO ][02-Sep-2022 15:06:47 PM] Selenium_Wrapper.enterText:(311) - Entering Text :100% First Time Home Buyer Loan in WebElement :[[ChromeDriver: chrome on WINDOWS (65cfc0784ca5d3b96ce6c2f9b116b058)] -> xpath: //input[@type='search']]
[INFO ][02-Sep-2022 15:07:32 PM] Selenium_Wrapper.click:(199) - Clicking on :[[ChromeDriver: chrome on WINDOWS (65cfc0784ca5d3b96ce6c2f9b116b058)] -> xpath: //div[@id='rn_PageTitle']//a[text()='BROWSE ALL PAGES']]
[INFO ][02-Sep-2022 15:07:49 PM] Selenium_Wrapper.click:(199) - Clicking on :[[ChromeDriver: chrome on WINDOWS (65cfc0784ca5d3b96ce6c2f9b116b058)] -> xpath: //a[text()='Knowledge Center']]
[INFO ][02-Sep-2022 15:07:52 PM] Selenium_Wrapper.closeCurrentBrowser:(651) - Closing the current Browser
