[INFO ][02-Jul-2024 15:08:19 PM] Selenium_Wrapper.openBrowser:(54) - Opening chrome browser.
[INFO ][02-Jul-2024 15:08:26 PM] Selenium_Wrapper.enterURL:(88) - Entering url :https://macu1--tst1.custhelp.com/app/home
[INFO ][02-Jul-2024 15:08:31 PM] Selenium_Wrapper.enterText:(317) - Entering Text :swamyk in WebElement :[[ChromeDriver: chrome on WINDOWS (a74667567fc7ba0b811a32f94520492e)] -> id: rn_LoginForm_2_Username]
[INFO ][02-Jul-2024 15:08:32 PM] Selenium_Wrapper.enterText:(317) - Entering Text :Soft@123 in WebElement :[[ChromeDriver: chrome on WINDOWS (a74667567fc7ba0b811a32f94520492e)] -> id: rn_LoginForm_2_Password]
[INFO ][02-Jul-2024 15:08:36 PM] Selenium_Wrapper.click:(205) - Clicking on :[[ChromeDriver: chrome on WINDOWS (a74667567fc7ba0b811a32f94520492e)] -> id: rn_LoginForm_2_Submit]
[INFO ][02-Jul-2024 15:08:44 PM] Selenium_Wrapper.click:(205) - Clicking on :[[ChromeDriver: chrome on WINDOWS (a74667567fc7ba0b811a32f94520492e)] -> xpath: //input[@type='search']]
[INFO ][02-Jul-2024 15:08:45 PM] Selenium_Wrapper.enterText:(317) - Entering Text :Badge Protocol in WebElement :[[ChromeDriver: chrome on WINDOWS (a74667567fc7ba0b811a32f94520492e)] -> xpath: //input[@type='search']]
[INFO ][02-Jul-2024 15:08:56 PM] Selenium_Wrapper.click:(205) - Clicking on :[[ChromeDriver: chrome on WINDOWS (a74667567fc7ba0b811a32f94520492e)] -> xpath: (//div[@class='yui3-aclist-content']//li//li)[1]]
[INFO ][02-Jul-2024 15:09:00 PM] Selenium_Wrapper.click:(205) - Clicking on :[[ChromeDriver: chrome on WINDOWS (a74667567fc7ba0b811a32f94520492e)] -> xpath: (//div[@class='rn_SearchResultContent']//a)[1]]
[INFO ][02-Jul-2024 15:09:08 PM] Selenium_Wrapper.click:(205) - Clicking on :[[ChromeDriver: chrome on WINDOWS (a74667567fc7ba0b811a32f94520492e)] -> xpath: //div[@class='main_image_div']//div[@class='thumbs_up_down'][2]]
[INFO ][02-Jul-2024 15:09:17 PM] Selenium_Wrapper.click:(205) - Clicking on :[[ChromeDriver: chrome on WINDOWS (a74667567fc7ba0b811a32f94520492e)] -> xpath: //button[@class='rn_RecommendContentButton p-0']]
[INFO ][02-Jul-2024 15:09:18 PM] Selenium_Wrapper.enterText:(317) - Entering Text :Flexible Work - ThumbDown Comments in WebElement :[[ChromeDriver: chrome on WINDOWS (a74667567fc7ba0b811a32f94520492e)] -> id: rn_RequestUpdate_24_Description]
[INFO ][02-Jul-2024 15:09:20 PM] Selenium_Wrapper.click:(205) - Clicking on :[[ChromeDriver: chrome on WINDOWS (a74667567fc7ba0b811a32f94520492e)] -> xpath: //button[text()='Submit']]
[INFO ][02-Jul-2024 15:09:23 PM] Selenium_Wrapper.click:(205) - Clicking on :[[ChromeDriver: chrome on WINDOWS (a74667567fc7ba0b811a32f94520492e)] -> xpath: (//button[@class='yui3-button yui3-button-close'])[2]]
[INFO ][02-Jul-2024 15:09:27 PM] Selenium_Wrapper.click:(205) - Clicking on :[[ChromeDriver: chrome on WINDOWS (a74667567fc7ba0b811a32f94520492e)] -> xpath: //div[@class='dropdown']]
[INFO ][02-Jul-2024 15:09:33 PM] Selenium_Wrapper.click:(205) - Clicking on :[[ChromeDriver: chrome on WINDOWS (a74667567fc7ba0b811a32f94520492e)] -> xpath: //a[text()='My Feedback']]
[INFO ][02-Jul-2024 15:09:56 PM] Selenium_Wrapper.click:(205) - Clicking on :[[ChromeDriver: chrome on WINDOWS (a74667567fc7ba0b811a32f94520492e)] -> xpath: ((//table//tbody)[2]//a)[1]]
[INFO ][02-Jul-2024 15:10:23 PM] Selenium_Wrapper.click:(205) - Clicking on :[[ChromeDriver: chrome on WINDOWS (a74667567fc7ba0b811a32f94520492e)] -> class name: knowledge]
[INFO ][02-Jul-2024 15:10:25 PM] Selenium_Wrapper.closeCurrentBrowser:(657) - Closing the current Browser
[INFO ][02-Jul-2024 15:10:27 PM] Selenium_Wrapper.openBrowser:(54) - Opening chrome browser.
[INFO ][02-Jul-2024 15:10:30 PM] Selenium_Wrapper.enterURL:(88) - Entering url :https://macu1--tst1.custhelp.com/AgentWeb/
[INFO ][02-Jul-2024 15:10:34 PM] Selenium_Wrapper.enterText:(317) - Entering Text :automation_testing in WebElement :[[ChromeDriver: chrome on WINDOWS (187f39ba4228d6e7e3087e99640750bb)] -> id: username]
[INFO ][02-Jul-2024 15:10:36 PM] Selenium_Wrapper.enterText:(317) - Entering Text :Welcome123 in WebElement :[[ChromeDriver: chrome on WINDOWS (187f39ba4228d6e7e3087e99640750bb)] -> id: password]
[INFO ][02-Jul-2024 15:10:47 PM] Selenium_Wrapper.click:(205) - Clicking on :[[ChromeDriver: chrome on WINDOWS (187f39ba4228d6e7e3087e99640750bb)] -> id: loginbutton]
[INFO ][02-Jul-2024 15:11:24 PM] Selenium_Wrapper.click:(205) - Clicking on :[[ChromeDriver: chrome on WINDOWS (187f39ba4228d6e7e3087e99640750bb)] -> xpath: //oj-button[@id='navigationSetBtn']]
[INFO ][02-Jul-2024 15:11:32 PM] Selenium_Wrapper.click:(205) - Clicking on :[[ChromeDriver: chrome on WINDOWS (187f39ba4228d6e7e3087e99640750bb)] -> xpath: //div[text()='Analytics']]
[INFO ][02-Jul-2024 15:11:41 PM] Selenium_Wrapper.click:(205) - Clicking on :[[ChromeDriver: chrome on WINDOWS (187f39ba4228d6e7e3087e99640750bb)] -> xpath: //span[text()='Reports Explorer']]
[INFO ][02-Jul-2024 15:11:49 PM] Selenium_Wrapper.click:(205) - Clicking on :[[ChromeDriver: chrome on WINDOWS (187f39ba4228d6e7e3087e99640750bb)] -> xpath: //div[text()='Public Reports']]
[INFO ][02-Jul-2024 15:11:57 PM] Selenium_Wrapper.click:(205) - Clicking on :[[ChromeDriver: chrome on WINDOWS (187f39ba4228d6e7e3087e99640750bb)] -> xpath: //div[text()='MACU CUSTOM REPORTS']]
[INFO ][02-Jul-2024 15:12:06 PM] Selenium_Wrapper.click:(205) - Clicking on :[[ChromeDriver: chrome on WINDOWS (187f39ba4228d6e7e3087e99640750bb)] -> xpath: //div[text()='SoftClouds']]
[INFO ][02-Jul-2024 15:12:14 PM] Selenium_Wrapper.click:(205) - Clicking on :[[ChromeDriver: chrome on WINDOWS (187f39ba4228d6e7e3087e99640750bb)] -> xpath: //div[text()='OKCS']]
[INFO ][02-Jul-2024 15:12:26 PM] Selenium_Wrapper.doubleClick:(286) - Double clicking on :[[ChromeDriver: chrome on WINDOWS (187f39ba4228d6e7e3087e99640750bb)] -> xpath: //div[@class='explorer-right-panel']//div[@class='explorer-data-grid']//span[text()='Feedback Admin Report']]
[INFO ][02-Jul-2024 15:12:40 PM] Selenium_Wrapper.click:(205) - Clicking on :[[ChromeDriver: chrome on WINDOWS (187f39ba4228d6e7e3087e99640750bb)] -> xpath: //div[@class='container wsx-flex']//div[@class='analyticsTopSection']//div[@class='select-box-root select-box-display-text-active']]
[INFO ][02-Jul-2024 15:12:43 PM] Selenium_Wrapper.click:(205) - Clicking on :[[ChromeDriver: chrome on WINDOWS (187f39ba4228d6e7e3087e99640750bb)] -> xpath: (//span[text()='Search'])[2]]
[INFO ][02-Jul-2024 15:12:52 PM] Selenium_Wrapper.doubleClick:(286) - Double clicking on :[[ChromeDriver: chrome on WINDOWS (187f39ba4228d6e7e3087e99640750bb)] -> xpath: //div[@class='container wsx-flex']//div[contains(@column-id,'2')][1]]
[INFO ][02-Jul-2024 15:13:03 PM] Selenium_Wrapper.click:(205) - Clicking on :[[ChromeDriver: chrome on WINDOWS (187f39ba4228d6e7e3087e99640750bb)] -> xpath: //span[text()='Messages']]
[DEBUG][02-Jul-2024 15:15:12 PM] Selenium_Wrapper.click:(216) - Handled ElementClickInterceptedException and Clicked on :[[ChromeDriver: chrome on WINDOWS (187f39ba4228d6e7e3087e99640750bb)] -> xpath: //div[contains(@class,'cke_wysiwyg_div ')]]
[INFO ][02-Jul-2024 15:15:14 PM] Selenium_Wrapper.enterText:(317) - Entering Text :It is working as per Expected in WebElement :[[ChromeDriver: chrome on WINDOWS (187f39ba4228d6e7e3087e99640750bb)] -> xpath: //div[contains(@class,'cke_wysiwyg_div ')]]
