[INFO ][07-May-2024 15:09:23 PM] Selenium_Wrapper.openBrowser:(54) - Opening chrome browser.
[INFO ][07-May-2024 15:09:28 PM] Selenium_Wrapper.enterURL:(88) - Entering url :https://macu1--tst1.custhelp.com/app/home
[INFO ][07-May-2024 15:09:32 PM] Selenium_Wrapper.enterText:(317) - Entering Text :swamyk in WebElement :[[ChromeDriver: chrome on WINDOWS (a21399a5736c652d31de26775ec7e5d0)] -> id: rn_LoginForm_2_Username]
[INFO ][07-May-2024 15:09:34 PM] Selenium_Wrapper.enterText:(317) - Entering Text :Soft@123 in WebElement :[[ChromeDriver: chrome on WINDOWS (a21399a5736c652d31de26775ec7e5d0)] -> id: rn_LoginForm_2_Password]
[INFO ][07-May-2024 15:09:38 PM] Selenium_Wrapper.click:(205) - Clicking on :[[ChromeDriver: chrome on WINDOWS (a21399a5736c652d31de26775ec7e5d0)] -> id: rn_LoginForm_2_Submit]
[INFO ][07-May-2024 15:09:54 PM] Selenium_Wrapper.click:(205) - Clicking on :[[ChromeDriver: chrome on WINDOWS (a21399a5736c652d31de26775ec7e5d0)] -> xpath: //p[@class='search_text']//a[text()='browse all PAGES']]
[ERROR][07-May-2024 15:10:21 PM] HomePage.testSearchPage:(47) - Home Page - Heres What You Need To Know Test is un-successfull
[ERROR][07-May-2024 15:10:36 PM] Selenium_Wrapper.highlightWebElement:(423) - org.openqa.selenium.NoSuchElementException: no such element: Unable to locate element: {"method":"xpath","selector":"//h2[normalize-space()='TRENDING FOR']"}
  (Session info: chrome=124.0.6367.119)
For documentation on this error, please visit: https://www.seleniumhq.org/exceptions/no_such_element.html
Build info: version: '3.141.59', revision: 'e82be7d358', time: '2018-11-14T08:17:03'
System info: host: 'SC-CAF-CND84305', ip: '172.26.9.155', os.name: 'Windows 10', os.arch: 'amd64', os.version: '10.0', java.version: '21.0.2'
Driver info: org.openqa.selenium.chrome.ChromeDriver
Capabilities {acceptInsecureCerts: false, browserName: chrome, browserVersion: 124.0.6367.119, chrome: {chromedriverVersion: 123.0.6312.58 (6b4b19e9dfbb..., userDataDir: C:\Users\SWAMYK~1\AppData\L...}, fedcm:accounts: true, goog:chromeOptions: {debuggerAddress: localhost:60906}, javascriptEnabled: true, networkConnectionEnabled: false, pageLoadStrategy: normal, platform: WINDOWS, platformName: WINDOWS, proxy: Proxy(), setWindowRect: true, strictFileInteractability: false, timeouts: {implicit: 0, pageLoad: 300000, script: 30000}, unhandledPromptBehavior: dismiss and notify, webauthn:extension:credBlob: true, webauthn:extension:largeBlob: true, webauthn:extension:minPinLength: true, webauthn:extension:prf: true, webauthn:virtualAuthenticators: true}
Session ID: a21399a5736c652d31de26775ec7e5d0
*** Element info: {Using=xpath, value=//h2[normalize-space()='TRENDING FOR']}
[INFO ][07-May-2024 15:10:44 PM] Selenium_Wrapper.click:(205) - Clicking on :[[ChromeDriver: chrome on WINDOWS (a21399a5736c652d31de26775ec7e5d0)] -> xpath: //div[@id='rn_RequestUpdate_9_RecommendContent']//button]
[INFO ][07-May-2024 15:10:45 PM] Selenium_Wrapper.enterText:(317) - Entering Text :Test Improve, comments, updates in WebElement :[[ChromeDriver: chrome on WINDOWS (a21399a5736c652d31de26775ec7e5d0)] -> xpath: //textarea[@id='rn_RequestUpdate_9_Description']]
[INFO ][07-May-2024 15:10:47 PM] Selenium_Wrapper.click:(205) - Clicking on :[[ChromeDriver: chrome on WINDOWS (a21399a5736c652d31de26775ec7e5d0)] -> xpath: //span[@class='yui3-widget-buttons']//button[@class='yui3-button yui3-button-close']]
[INFO ][07-May-2024 15:11:05 PM] Selenium_Wrapper.click:(205) - Clicking on :[[ChromeDriver: chrome on WINDOWS (a21399a5736c652d31de26775ec7e5d0)] -> xpath: //h2[@class='footer_heading']/a[text()='Browse all pages']]
[INFO ][07-May-2024 15:11:35 PM] Selenium_Wrapper.click:(205) - Clicking on :[[ChromeDriver: chrome on WINDOWS (a21399a5736c652d31de26775ec7e5d0)] -> xpath: //p[@class='search_text text-left ml-0']/a[text()='GO TO A-Z INDEX']]
[INFO ][07-May-2024 15:11:59 PM] Selenium_Wrapper.click:(205) - Clicking on :[[ChromeDriver: chrome on WINDOWS (a21399a5736c652d31de26775ec7e5d0)] -> xpath: //div[@id='rn_A_ZIndex_2']//ul[@class='indexing_list']//a[text()='K']]
[INFO ][07-May-2024 15:12:09 PM] Selenium_Wrapper.click:(205) - Clicking on :[[ChromeDriver: chrome on WINDOWS (a21399a5736c652d31de26775ec7e5d0)] -> xpath: //div[@id='rn_A_ZIndex_2']//ul[@class='indexing_list']//a[text()='P']]
[INFO ][07-May-2024 15:12:22 PM] Selenium_Wrapper.click:(205) - Clicking on :[[ChromeDriver: chrome on WINDOWS (a21399a5736c652d31de26775ec7e5d0)] -> xpath: //a[text()='Knowledge Center']]
[INFO ][07-May-2024 15:12:26 PM] Selenium_Wrapper.closeCurrentBrowser:(657) - Closing the current Browser
