[INFO ][06-Feb-2024 15:19:05 PM] Selenium_Wrapper.openBrowser:(48) - Opening chrome browser.
[INFO ][06-Feb-2024 15:19:15 PM] Selenium_Wrapper.enterURL:(82) - Entering url :https://macu1--tst1.custhelp.com/app/home
[INFO ][06-Feb-2024 15:19:19 PM] Selenium_Wrapper.enterText:(311) - Entering Text :swamyk in WebElement :[[ChromeDriver: chrome on WINDOWS (ecd9b41a84cce56973444fe45b7c0da0)] -> id: rn_LoginForm_2_Username]
[INFO ][06-Feb-2024 15:19:20 PM] Selenium_Wrapper.enterText:(311) - Entering Text :Soft@123 in WebElement :[[ChromeDriver: chrome on WINDOWS (ecd9b41a84cce56973444fe45b7c0da0)] -> id: rn_LoginForm_2_Password]
[INFO ][06-Feb-2024 15:19:27 PM] Selenium_Wrapper.click:(199) - Clicking on :[[ChromeDriver: chrome on WINDOWS (ecd9b41a84cce56973444fe45b7c0da0)] -> id: rn_LoginForm_2_Submit]
[INFO ][06-Feb-2024 15:19:42 PM] Selenium_Wrapper.click:(199) - Clicking on :[[ChromeDriver: chrome on WINDOWS (ecd9b41a84cce56973444fe45b7c0da0)] -> xpath: //input[@type='search']]
[INFO ][06-Feb-2024 15:19:43 PM] Selenium_Wrapper.enterText:(311) - Entering Text :Business Auto Loan - ALPS 1.0 in WebElement :[[ChromeDriver: chrome on WINDOWS (ecd9b41a84cce56973444fe45b7c0da0)] -> xpath: //input[@type='search']]
[INFO ][06-Feb-2024 15:19:59 PM] Selenium_Wrapper.click:(199) - Clicking on :[[ChromeDriver: chrome on WINDOWS (ecd9b41a84cce56973444fe45b7c0da0)] -> xpath: (//div[@class='yui3-aclist-content']//li//li)[1]]
[INFO ][06-Feb-2024 15:20:06 PM] Selenium_Wrapper.click:(199) - Clicking on :[[ChromeDriver: chrome on WINDOWS (ecd9b41a84cce56973444fe45b7c0da0)] -> xpath: (//div[@class='rn_SearchResultContent']//a)[1]]
[INFO ][06-Feb-2024 15:20:29 PM] Selenium_Wrapper.click:(199) - Clicking on :[[ChromeDriver: chrome on WINDOWS (ecd9b41a84cce56973444fe45b7c0da0)] -> xpath: //button[@class='rn_RecommendContentButton p-0']]
[INFO ][06-Feb-2024 15:20:31 PM] Selenium_Wrapper.enterText:(311) - Entering Text :Test Improve, comments, updates in WebElement :[[ChromeDriver: chrome on WINDOWS (ecd9b41a84cce56973444fe45b7c0da0)] -> id: rn_RequestUpdate_25_Description]
[INFO ][06-Feb-2024 15:20:36 PM] Selenium_Wrapper.click:(199) - Clicking on :[[ChromeDriver: chrome on WINDOWS (ecd9b41a84cce56973444fe45b7c0da0)] -> xpath: //button[text()='Submit']]
[INFO ][06-Feb-2024 15:20:49 PM] Selenium_Wrapper.click:(199) - Clicking on :[[ChromeDriver: chrome on WINDOWS (ecd9b41a84cce56973444fe45b7c0da0)] -> xpath: //div[@id='rnDialog2']//button[@type='button']]
[INFO ][06-Feb-2024 15:21:05 PM] Selenium_Wrapper.click:(199) - Clicking on :[[ChromeDriver: chrome on WINDOWS (ecd9b41a84cce56973444fe45b7c0da0)] -> class name: knowledge]
[INFO ][06-Feb-2024 15:21:12 PM] Selenium_Wrapper.click:(199) - Clicking on :[[ChromeDriver: chrome on WINDOWS (ecd9b41a84cce56973444fe45b7c0da0)] -> xpath: //div[@class='dropdown']]
[INFO ][06-Feb-2024 15:21:20 PM] Selenium_Wrapper.click:(199) - Clicking on :[[ChromeDriver: chrome on WINDOWS (ecd9b41a84cce56973444fe45b7c0da0)] -> xpath: //a[text()='My Feedback']]
[INFO ][06-Feb-2024 15:21:21 PM] Selenium_Wrapper.enterText:(311) - Entering Text :Business Auto Loan in WebElement :[[ChromeDriver: chrome on WINDOWS (ecd9b41a84cce56973444fe45b7c0da0)] -> xpath: //input[@placeholder='Search Your Feedback Report']]
[INFO ][06-Feb-2024 15:21:35 PM] Selenium_Wrapper.click:(199) - Clicking on :[[ChromeDriver: chrome on WINDOWS (ecd9b41a84cce56973444fe45b7c0da0)] -> xpath: //div[@class='rn_SearchInput1 mt-3']//span[@class='btn-srch-icon']//i[@class='fa fa-search']]
[INFO ][06-Feb-2024 15:22:02 PM] Selenium_Wrapper.click:(199) - Clicking on :[[ChromeDriver: chrome on WINDOWS (ecd9b41a84cce56973444fe45b7c0da0)] -> xpath: (//tbody[@class='yui3-datatable-data']//a)[1]]
[INFO ][06-Feb-2024 15:22:37 PM] Selenium_Wrapper.click:(199) - Clicking on :[[ChromeDriver: chrome on WINDOWS (ecd9b41a84cce56973444fe45b7c0da0)] -> class name: knowledge]
[INFO ][06-Feb-2024 15:22:42 PM] Selenium_Wrapper.closeCurrentBrowser:(651) - Closing the current Browser
[INFO ][06-Feb-2024 15:22:43 PM] Selenium_Wrapper.openBrowser:(48) - Opening chrome browser.
[INFO ][06-Feb-2024 15:22:51 PM] Selenium_Wrapper.enterURL:(82) - Entering url :https://macu1--tst1.custhelp.com/AgentWeb/
[INFO ][06-Feb-2024 15:22:55 PM] Selenium_Wrapper.enterText:(311) - Entering Text :automation_testing in WebElement :[[ChromeDriver: chrome on WINDOWS (f761cfca665bc252f57a766878c7c528)] -> id: username]
[INFO ][06-Feb-2024 15:22:57 PM] Selenium_Wrapper.enterText:(311) - Entering Text :Welcome123 in WebElement :[[ChromeDriver: chrome on WINDOWS (f761cfca665bc252f57a766878c7c528)] -> id: password]
[INFO ][06-Feb-2024 15:23:17 PM] Selenium_Wrapper.click:(199) - Clicking on :[[ChromeDriver: chrome on WINDOWS (f761cfca665bc252f57a766878c7c528)] -> id: loginbutton]
[INFO ][06-Feb-2024 15:23:57 PM] Selenium_Wrapper.click:(199) - Clicking on :[[ChromeDriver: chrome on WINDOWS (f761cfca665bc252f57a766878c7c528)] -> id: navigationSetBtn]
[INFO ][06-Feb-2024 15:24:02 PM] Selenium_Wrapper.click:(199) - Clicking on :[[ChromeDriver: chrome on WINDOWS (f761cfca665bc252f57a766878c7c528)] -> xpath: //div[text()='Analytics']]
[INFO ][06-Feb-2024 15:24:07 PM] Selenium_Wrapper.click:(199) - Clicking on :[[ChromeDriver: chrome on WINDOWS (f761cfca665bc252f57a766878c7c528)] -> xpath: //span[text()='Reports Explorer']]
[INFO ][06-Feb-2024 15:24:12 PM] Selenium_Wrapper.click:(199) - Clicking on :[[ChromeDriver: chrome on WINDOWS (f761cfca665bc252f57a766878c7c528)] -> xpath: //div[text()='Public Reports']]
[INFO ][06-Feb-2024 15:24:18 PM] Selenium_Wrapper.click:(199) - Clicking on :[[ChromeDriver: chrome on WINDOWS (f761cfca665bc252f57a766878c7c528)] -> xpath: //div[text()='MACU CUSTOM REPORTS']]
[INFO ][06-Feb-2024 15:24:23 PM] Selenium_Wrapper.click:(199) - Clicking on :[[ChromeDriver: chrome on WINDOWS (f761cfca665bc252f57a766878c7c528)] -> xpath: //div[text()='SoftClouds']]
[INFO ][06-Feb-2024 15:24:28 PM] Selenium_Wrapper.click:(199) - Clicking on :[[ChromeDriver: chrome on WINDOWS (f761cfca665bc252f57a766878c7c528)] -> xpath: //div[text()='OKCS']]
[INFO ][06-Feb-2024 15:24:41 PM] Selenium_Wrapper.doubleClick:(280) - Double clicking on :[[ChromeDriver: chrome on WINDOWS (f761cfca665bc252f57a766878c7c528)] -> xpath: //div[@class='explorer-right-panel']//div[@class='explorer-data-grid']//span[text()='Feedback Admin Report']]
[INFO ][06-Feb-2024 15:24:56 PM] Selenium_Wrapper.click:(199) - Clicking on :[[ChromeDriver: chrome on WINDOWS (f761cfca665bc252f57a766878c7c528)] -> xpath: //div[@class='container wsx-flex']//div[@class='analyticsTopSection']//div[@class='select-box-root select-box-display-text-active']]
[INFO ][06-Feb-2024 15:25:02 PM] Selenium_Wrapper.click:(199) - Clicking on :[[ChromeDriver: chrome on WINDOWS (f761cfca665bc252f57a766878c7c528)] -> xpath: (//span[text()='Search'])[2]]
[INFO ][06-Feb-2024 15:25:11 PM] Selenium_Wrapper.doubleClick:(280) - Double clicking on :[[ChromeDriver: chrome on WINDOWS (f761cfca665bc252f57a766878c7c528)] -> xpath: //div[@class='container wsx-flex']//div[contains(@column-id,'2')][1]]
[INFO ][06-Feb-2024 15:25:25 PM] Selenium_Wrapper.click:(199) - Clicking on :[[ChromeDriver: chrome on WINDOWS (f761cfca665bc252f57a766878c7c528)] -> xpath: //span[text()='Messages']]
[INFO ][06-Feb-2024 15:25:30 PM] Selenium_Wrapper.click:(199) - Clicking on :[[ChromeDriver: chrome on WINDOWS (f761cfca665bc252f57a766878c7c528)] -> xpath: //div[contains(@class,'cke_wysiwyg_div ')]]
[INFO ][06-Feb-2024 15:25:31 PM] Selenium_Wrapper.enterText:(311) - Entering Text :It is working as per Expected in WebElement :[[ChromeDriver: chrome on WINDOWS (f761cfca665bc252f57a766878c7c528)] -> xpath: //div[contains(@class,'cke_wysiwyg_div ')]]
[INFO ][06-Feb-2024 15:25:37 PM] Selenium_Wrapper.click:(199) - Clicking on :[[ChromeDriver: chrome on WINDOWS (f761cfca665bc252f57a766878c7c528)] -> xpath: //div[@class='ws-toolbar-button-image bui-icon save-icon fa-lg']]
[INFO ][06-Feb-2024 15:25:42 PM] Selenium_Wrapper.click:(199) - Clicking on :[[ChromeDriver: chrome on WINDOWS (f761cfca665bc252f57a766878c7c528)] -> xpath: //span[text()='Summary']]
[INFO ][06-Feb-2024 15:25:49 PM] Selenium_Wrapper.clickUsingActions:(249) - Clicking on :[[ChromeDriver: chrome on WINDOWS (f761cfca665bc252f57a766878c7c528)] -> xpath: //div[contains(@id,'Incident_Status')][@class='display-text']]
[INFO ][06-Feb-2024 15:25:56 PM] Selenium_Wrapper.click:(199) - Clicking on :[[ChromeDriver: chrome on WINDOWS (f761cfca665bc252f57a766878c7c528)] -> xpath: (//div[@title='Solved'])[1]]
[INFO ][06-Feb-2024 15:26:03 PM] Selenium_Wrapper.click:(199) - Clicking on :[[ChromeDriver: chrome on WINDOWS (f761cfca665bc252f57a766878c7c528)] -> xpath: //div[@class='ws-toolbar-button-image bui-icon save-icon fa-lg']]
[INFO ][06-Feb-2024 15:26:13 PM] Selenium_Wrapper.click:(199) - Clicking on :[[ChromeDriver: chrome on WINDOWS (f761cfca665bc252f57a766878c7c528)] -> xpath: (//a[@class='closeButton'])[3]]
[INFO ][06-Feb-2024 15:26:20 PM] Selenium_Wrapper.click:(199) - Clicking on :[[ChromeDriver: chrome on WINDOWS (f761cfca665bc252f57a766878c7c528)] -> xpath: (//a[@class='closeButton'])[2]]
[INFO ][06-Feb-2024 15:26:27 PM] Selenium_Wrapper.click:(199) - Clicking on :[[ChromeDriver: chrome on WINDOWS (f761cfca665bc252f57a766878c7c528)] -> xpath: (//a[@class='closeButton'])[1]]
[INFO ][06-Feb-2024 15:26:43 PM] Selenium_Wrapper.click:(199) - Clicking on :[[ChromeDriver: chrome on WINDOWS (f761cfca665bc252f57a766878c7c528)] -> xpath: //body//oj-avatar[@initials='[[userMenuLabel]]']]
[INFO ][06-Feb-2024 15:26:50 PM] Selenium_Wrapper.click:(199) - Clicking on :[[ChromeDriver: chrome on WINDOWS (f761cfca665bc252f57a766878c7c528)] -> xpath: //a//span[text()='Sign Out']]
[INFO ][06-Feb-2024 15:27:01 PM] Selenium_Wrapper.click:(199) - Clicking on :[[ChromeDriver: chrome on WINDOWS (f761cfca665bc252f57a766878c7c528)] -> xpath: //a[text()='Click here']]
[INFO ][06-Feb-2024 15:27:04 PM] Selenium_Wrapper.closeCurrentBrowser:(651) - Closing the current Browser
