[INFO ][24-May-2023 15:10:59 PM] Selenium_Wrapper.openBrowser:(48) - Opening chrome browser.
[INFO ][24-May-2023 15:11:07 PM] Selenium_Wrapper.enterURL:(82) - Entering url :https://macu1--tst1.custhelp.com/app/home
[INFO ][24-May-2023 15:11:11 PM] Selenium_Wrapper.enterText:(311) - Entering Text :swamyk in WebElement :[[ChromeDriver: chrome on WINDOWS (99cca5ef4f82f2011503e1fd0841a189)] -> id: rn_LoginForm_2_Username]
[INFO ][24-May-2023 15:11:13 PM] Selenium_Wrapper.enterText:(311) - Entering Text :Soft@123 in WebElement :[[ChromeDriver: chrome on WINDOWS (99cca5ef4f82f2011503e1fd0841a189)] -> id: rn_LoginForm_2_Password]
[INFO ][24-May-2023 15:11:20 PM] Selenium_Wrapper.click:(199) - Clicking on :[[ChromeDriver: chrome on WINDOWS (99cca5ef4f82f2011503e1fd0841a189)] -> id: rn_LoginForm_2_Submit]
[INFO ][24-May-2023 15:11:32 PM] Selenium_Wrapper.click:(199) - Clicking on :[[ChromeDriver: chrome on WINDOWS (99cca5ef4f82f2011503e1fd0841a189)] -> xpath: //input[@type='search']]
[INFO ][24-May-2023 15:11:33 PM] Selenium_Wrapper.enterText:(311) - Entering Text :Business Auto Loan in WebElement :[[ChromeDriver: chrome on WINDOWS (99cca5ef4f82f2011503e1fd0841a189)] -> xpath: //input[@type='search']]
[INFO ][24-May-2023 15:11:48 PM] Selenium_Wrapper.click:(199) - Clicking on :[[ChromeDriver: chrome on WINDOWS (99cca5ef4f82f2011503e1fd0841a189)] -> xpath: (//div[@class='yui3-aclist-content']//li//li)[1]]
[INFO ][24-May-2023 15:11:56 PM] Selenium_Wrapper.click:(199) - Clicking on :[[ChromeDriver: chrome on WINDOWS (99cca5ef4f82f2011503e1fd0841a189)] -> xpath: (//div[@class='rn_SearchResultContent']//a)[1]]
[INFO ][24-May-2023 15:12:18 PM] Selenium_Wrapper.click:(199) - Clicking on :[[ChromeDriver: chrome on WINDOWS (99cca5ef4f82f2011503e1fd0841a189)] -> xpath: //div[@class='main_image_div']//div[@class='thumbs_up_down'][2]]
[INFO ][24-May-2023 15:12:29 PM] Selenium_Wrapper.click:(199) - Clicking on :[[ChromeDriver: chrome on WINDOWS (99cca5ef4f82f2011503e1fd0841a189)] -> xpath: //textarea[@class='rn_DocumentTextArea']]
[INFO ][24-May-2023 15:12:30 PM] Selenium_Wrapper.enterText:(311) - Entering Text :Flexible Work - ThumbDown Comments in WebElement :[[ChromeDriver: chrome on WINDOWS (99cca5ef4f82f2011503e1fd0841a189)] -> xpath: //textarea[@class='rn_DocumentTextArea']]
[INFO ][24-May-2023 15:12:36 PM] Selenium_Wrapper.click:(199) - Clicking on :[[ChromeDriver: chrome on WINDOWS (99cca5ef4f82f2011503e1fd0841a189)] -> xpath: //button[text()='SUBMIT']]
[INFO ][24-May-2023 15:12:41 PM] Selenium_Wrapper.click:(199) - Clicking on :[[ChromeDriver: chrome on WINDOWS (99cca5ef4f82f2011503e1fd0841a189)] -> xpath: //button[@class='yui3-button yui3-button-close']]
[INFO ][24-May-2023 15:12:48 PM] Selenium_Wrapper.click:(199) - Clicking on :[[ChromeDriver: chrome on WINDOWS (99cca5ef4f82f2011503e1fd0841a189)] -> xpath: //div[@class='dropdown']]
[INFO ][24-May-2023 15:12:58 PM] Selenium_Wrapper.click:(199) - Clicking on :[[ChromeDriver: chrome on WINDOWS (99cca5ef4f82f2011503e1fd0841a189)] -> xpath: //a[text()='My Feedback']]
[INFO ][24-May-2023 15:13:26 PM] Selenium_Wrapper.click:(199) - Clicking on :[[ChromeDriver: chrome on WINDOWS (99cca5ef4f82f2011503e1fd0841a189)] -> xpath: ((//table//tbody)[2]//a)[1]]
[INFO ][24-May-2023 15:14:01 PM] Selenium_Wrapper.click:(199) - Clicking on :[[ChromeDriver: chrome on WINDOWS (99cca5ef4f82f2011503e1fd0841a189)] -> class name: knowledge]
[INFO ][24-May-2023 15:14:03 PM] Selenium_Wrapper.closeCurrentBrowser:(651) - Closing the current Browser
[INFO ][24-May-2023 15:14:04 PM] Selenium_Wrapper.openBrowser:(48) - Opening chrome browser.
[INFO ][24-May-2023 15:14:13 PM] Selenium_Wrapper.enterURL:(82) - Entering url :https://macu1--tst1.custhelp.com/AgentWeb/
[INFO ][24-May-2023 15:14:17 PM] Selenium_Wrapper.enterText:(311) - Entering Text :automation_testing in WebElement :[[ChromeDriver: chrome on WINDOWS (75a32657e0af460d380c20e4356a1062)] -> id: username]
[INFO ][24-May-2023 15:14:19 PM] Selenium_Wrapper.enterText:(311) - Entering Text :Welcome123 in WebElement :[[ChromeDriver: chrome on WINDOWS (75a32657e0af460d380c20e4356a1062)] -> id: password]
[INFO ][24-May-2023 15:14:48 PM] Selenium_Wrapper.click:(199) - Clicking on :[[ChromeDriver: chrome on WINDOWS (75a32657e0af460d380c20e4356a1062)] -> id: loginbutton]
[INFO ][24-May-2023 15:15:29 PM] Selenium_Wrapper.click:(199) - Clicking on :[[ChromeDriver: chrome on WINDOWS (75a32657e0af460d380c20e4356a1062)] -> id: navigationSetBtn]
[INFO ][24-May-2023 15:15:36 PM] Selenium_Wrapper.click:(199) - Clicking on :[[ChromeDriver: chrome on WINDOWS (75a32657e0af460d380c20e4356a1062)] -> xpath: (//div[text()='Analytics']//a)]
[INFO ][24-May-2023 15:15:41 PM] Selenium_Wrapper.click:(199) - Clicking on :[[ChromeDriver: chrome on WINDOWS (75a32657e0af460d380c20e4356a1062)] -> xpath: //span[text()='Reports Explorer']]
[INFO ][24-May-2023 15:15:47 PM] Selenium_Wrapper.click:(199) - Clicking on :[[ChromeDriver: chrome on WINDOWS (75a32657e0af460d380c20e4356a1062)] -> xpath: //div[text()='Public Reports']]
[INFO ][24-May-2023 15:15:52 PM] Selenium_Wrapper.click:(199) - Clicking on :[[ChromeDriver: chrome on WINDOWS (75a32657e0af460d380c20e4356a1062)] -> xpath: //div[text()='MACU CUSTOM REPORTS']]
[INFO ][24-May-2023 15:15:57 PM] Selenium_Wrapper.click:(199) - Clicking on :[[ChromeDriver: chrome on WINDOWS (75a32657e0af460d380c20e4356a1062)] -> xpath: //div[text()='SoftClouds']]
[INFO ][24-May-2023 15:16:03 PM] Selenium_Wrapper.click:(199) - Clicking on :[[ChromeDriver: chrome on WINDOWS (75a32657e0af460d380c20e4356a1062)] -> xpath: //div[text()='OKCS']]
[INFO ][24-May-2023 15:16:15 PM] Selenium_Wrapper.doubleClick:(280) - Double clicking on :[[ChromeDriver: chrome on WINDOWS (75a32657e0af460d380c20e4356a1062)] -> xpath: //div[@class='explorer-right-panel']//div[@class='explorer-data-grid']//span[text()='Feedback Admin Report']]
[INFO ][24-May-2023 15:16:31 PM] Selenium_Wrapper.click:(199) - Clicking on :[[ChromeDriver: chrome on WINDOWS (75a32657e0af460d380c20e4356a1062)] -> xpath: //div[@class='container wsx-flex']//div[@class='analyticsTopSection']//div[@class='select-box-root select-box-display-text-active']]
[INFO ][24-May-2023 15:16:36 PM] Selenium_Wrapper.click:(199) - Clicking on :[[ChromeDriver: chrome on WINDOWS (75a32657e0af460d380c20e4356a1062)] -> xpath: (//span[text()='Search'])[2]]
[INFO ][24-May-2023 15:16:45 PM] Selenium_Wrapper.doubleClick:(280) - Double clicking on :[[ChromeDriver: chrome on WINDOWS (75a32657e0af460d380c20e4356a1062)] -> xpath: //div[@class='container wsx-flex']//div[contains(@column-id,'2')][1]]
[INFO ][24-May-2023 15:16:59 PM] Selenium_Wrapper.click:(199) - Clicking on :[[ChromeDriver: chrome on WINDOWS (75a32657e0af460d380c20e4356a1062)] -> xpath: //span[text()='Messages']]
[INFO ][24-May-2023 15:17:04 PM] Selenium_Wrapper.click:(199) - Clicking on :[[ChromeDriver: chrome on WINDOWS (75a32657e0af460d380c20e4356a1062)] -> xpath: //div[contains(@class,'cke_wysiwyg_div ')]]
[INFO ][24-May-2023 15:17:06 PM] Selenium_Wrapper.enterText:(311) - Entering Text :It is working as per Expected in WebElement :[[ChromeDriver: chrome on WINDOWS (75a32657e0af460d380c20e4356a1062)] -> xpath: //div[contains(@class,'cke_wysiwyg_div ')]]
[INFO ][24-May-2023 15:17:11 PM] Selenium_Wrapper.click:(199) - Clicking on :[[ChromeDriver: chrome on WINDOWS (75a32657e0af460d380c20e4356a1062)] -> xpath: //div[@class='ws-toolbar-button-image bui-icon save-icon fa-lg']]
[INFO ][24-May-2023 15:17:16 PM] Selenium_Wrapper.click:(199) - Clicking on :[[ChromeDriver: chrome on WINDOWS (75a32657e0af460d380c20e4356a1062)] -> xpath: //span[text()='Summary']]
[INFO ][24-May-2023 15:17:23 PM] Selenium_Wrapper.clickUsingActions:(249) - Clicking on :[[ChromeDriver: chrome on WINDOWS (75a32657e0af460d380c20e4356a1062)] -> xpath: //div[contains(@id,'Incident_Status')][@class='display-text']]
[INFO ][24-May-2023 15:17:30 PM] Selenium_Wrapper.click:(199) - Clicking on :[[ChromeDriver: chrome on WINDOWS (75a32657e0af460d380c20e4356a1062)] -> xpath: (//div[@title='Solved'])[1]]
[INFO ][24-May-2023 15:17:38 PM] Selenium_Wrapper.click:(199) - Clicking on :[[ChromeDriver: chrome on WINDOWS (75a32657e0af460d380c20e4356a1062)] -> xpath: //div[@class='ws-toolbar-button-image bui-icon save-icon fa-lg']]
[INFO ][24-May-2023 15:17:47 PM] Selenium_Wrapper.click:(199) - Clicking on :[[ChromeDriver: chrome on WINDOWS (75a32657e0af460d380c20e4356a1062)] -> xpath: (//a[@class='closeButton'])[3]]
[INFO ][24-May-2023 15:17:54 PM] Selenium_Wrapper.click:(199) - Clicking on :[[ChromeDriver: chrome on WINDOWS (75a32657e0af460d380c20e4356a1062)] -> xpath: (//a[@class='closeButton'])[2]]
[INFO ][24-May-2023 15:18:01 PM] Selenium_Wrapper.click:(199) - Clicking on :[[ChromeDriver: chrome on WINDOWS (75a32657e0af460d380c20e4356a1062)] -> xpath: (//a[@class='closeButton'])[1]]
[INFO ][24-May-2023 15:18:10 PM] Selenium_Wrapper.click:(199) - Clicking on :[[ChromeDriver: chrome on WINDOWS (75a32657e0af460d380c20e4356a1062)] -> xpath: //body//oj-avatar[@initials='[[userMenuLabel]]']]
[INFO ][24-May-2023 15:18:17 PM] Selenium_Wrapper.click:(199) - Clicking on :[[ChromeDriver: chrome on WINDOWS (75a32657e0af460d380c20e4356a1062)] -> xpath: //a//span[text()='Sign Out']]
[INFO ][24-May-2023 15:18:22 PM] Selenium_Wrapper.closeCurrentBrowser:(651) - Closing the current Browser
