[INFO ][04-Jan-2024 15:13:58 PM] Selenium_Wrapper.openBrowser:(48) - Opening chrome browser.
[INFO ][04-Jan-2024 15:14:07 PM] Selenium_Wrapper.enterURL:(82) - Entering url :https://macu1--tst1.custhelp.com/app/home
[INFO ][04-Jan-2024 15:14:12 PM] Selenium_Wrapper.enterText:(311) - Entering Text :swamyk in WebElement :[[ChromeDriver: chrome on WINDOWS (45d40c9322d947a8c932d89c800784a0)] -> id: rn_LoginForm_2_Username]
[INFO ][04-Jan-2024 15:14:13 PM] Selenium_Wrapper.enterText:(311) - Entering Text :Soft@123 in WebElement :[[ChromeDriver: chrome on WINDOWS (45d40c9322d947a8c932d89c800784a0)] -> id: rn_LoginForm_2_Password]
[INFO ][04-Jan-2024 15:14:20 PM] Selenium_Wrapper.click:(199) - Clicking on :[[ChromeDriver: chrome on WINDOWS (45d40c9322d947a8c932d89c800784a0)] -> id: rn_LoginForm_2_Submit]
[INFO ][04-Jan-2024 15:14:32 PM] Selenium_Wrapper.click:(199) - Clicking on :[[ChromeDriver: chrome on WINDOWS (45d40c9322d947a8c932d89c800784a0)] -> xpath: //div[@class='dropdown']]
[INFO ][04-Jan-2024 15:14:44 PM] Selenium_Wrapper.click:(199) - Clicking on :[[ChromeDriver: chrome on WINDOWS (45d40c9322d947a8c932d89c800784a0)] -> xpath: //input[@type='search']]
[INFO ][04-Jan-2024 15:14:45 PM] Selenium_Wrapper.enterText:(311) - Entering Text :Business Auto Loan - ALPS 1.0 in WebElement :[[ChromeDriver: chrome on WINDOWS (45d40c9322d947a8c932d89c800784a0)] -> xpath: //input[@type='search']]
[INFO ][04-Jan-2024 15:14:59 PM] Selenium_Wrapper.click:(199) - Clicking on :[[ChromeDriver: chrome on WINDOWS (45d40c9322d947a8c932d89c800784a0)] -> xpath: (//div[@class='yui3-aclist-content']//li//li)[1]]
[INFO ][04-Jan-2024 15:15:06 PM] Selenium_Wrapper.click:(199) - Clicking on :[[ChromeDriver: chrome on WINDOWS (45d40c9322d947a8c932d89c800784a0)] -> xpath: (//div[@class='rn_SearchResultContent']//a)[1]]
[INFO ][04-Jan-2024 15:15:32 PM] Selenium_Wrapper.click:(199) - Clicking on :[[ChromeDriver: chrome on WINDOWS (45d40c9322d947a8c932d89c800784a0)] -> class name: knowledge]
[INFO ][04-Jan-2024 15:15:45 PM] Selenium_Wrapper.click:(199) - Clicking on :[[ChromeDriver: chrome on WINDOWS (45d40c9322d947a8c932d89c800784a0)] -> xpath: //div[@class='dropdown']]
[INFO ][04-Jan-2024 15:15:56 PM] Selenium_Wrapper.click:(199) - Clicking on :[[ChromeDriver: chrome on WINDOWS (45d40c9322d947a8c932d89c800784a0)] -> xpath: //a[text()='SEE MORE']]
[INFO ][04-Jan-2024 15:16:12 PM] Selenium_Wrapper.click:(199) - Clicking on :[[ChromeDriver: chrome on WINDOWS (45d40c9322d947a8c932d89c800784a0)] -> class name: knowledge]
[INFO ][04-Jan-2024 15:16:20 PM] Selenium_Wrapper.click:(199) - Clicking on :[[ChromeDriver: chrome on WINDOWS (45d40c9322d947a8c932d89c800784a0)] -> xpath: //div[@class='dropdown']]
[INFO ][04-Jan-2024 15:16:37 PM] Selenium_Wrapper.click:(199) - Clicking on :[[ChromeDriver: chrome on WINDOWS (45d40c9322d947a8c932d89c800784a0)] -> xpath: //div[@class='dropdown-content']//a[normalize-space()='My Bookmarks']]
[INFO ][04-Jan-2024 15:16:54 PM] Selenium_Wrapper.click:(199) - Clicking on :[[ChromeDriver: chrome on WINDOWS (45d40c9322d947a8c932d89c800784a0)] -> xpath: //select[@class='BookmarkFilter']]
[INFO ][04-Jan-2024 15:17:04 PM] Selenium_Wrapper.click:(199) - Clicking on :[[ChromeDriver: chrome on WINDOWS (45d40c9322d947a8c932d89c800784a0)] -> xpath: //select[@class='BookmarkFilter']//option[text()='Alphabetical A-Z']]
[INFO ][04-Jan-2024 15:17:18 PM] Selenium_Wrapper.click:(199) - Clicking on :[[ChromeDriver: chrome on WINDOWS (45d40c9322d947a8c932d89c800784a0)] -> class name: knowledge]
[INFO ][04-Jan-2024 15:17:25 PM] Selenium_Wrapper.click:(199) - Clicking on :[[ChromeDriver: chrome on WINDOWS (45d40c9322d947a8c932d89c800784a0)] -> xpath: //div[@class='dropdown']]
[INFO ][04-Jan-2024 15:17:33 PM] Selenium_Wrapper.click:(199) - Clicking on :[[ChromeDriver: chrome on WINDOWS (45d40c9322d947a8c932d89c800784a0)] -> xpath: //div[@class='dropdown-content']//a[normalize-space()='My Notifications']]
[INFO ][04-Jan-2024 15:17:41 PM] Selenium_Wrapper.click:(199) - Clicking on :[[ChromeDriver: chrome on WINDOWS (45d40c9322d947a8c932d89c800784a0)] -> xpath: //a[text()='browse all PAGES']]
[INFO ][04-Jan-2024 15:17:57 PM] Selenium_Wrapper.click:(199) - Clicking on :[[ChromeDriver: chrome on WINDOWS (45d40c9322d947a8c932d89c800784a0)] -> xpath: //a[text()='VIEW A-Z INDEX']]
[INFO ][04-Jan-2024 15:18:11 PM] Selenium_Wrapper.click:(199) - Clicking on :[[ChromeDriver: chrome on WINDOWS (45d40c9322d947a8c932d89c800784a0)] -> class name: knowledge]
[INFO ][04-Jan-2024 15:18:14 PM] Selenium_Wrapper.closeCurrentBrowser:(651) - Closing the current Browser
