[INFO ][01-Sep-2022 15:18:13 PM] Selenium_Wrapper.openBrowser:(48) - Opening chrome browser.
[INFO ][01-Sep-2022 15:18:21 PM] Selenium_Wrapper.enterURL:(82) - Entering url :https://macu1--upgrade.custhelp.com/
[INFO ][01-Sep-2022 15:18:25 PM] Selenium_Wrapper.enterText:(311) - Entering Text :pramodk in WebElement :[[ChromeDriver: chrome on WINDOWS (54907c483e5ff5aaff5eecb43556d2b2)] -> id: rn_LoginForm_2_Username]
[INFO ][01-Sep-2022 15:18:26 PM] Selenium_Wrapper.enterText:(311) - Entering Text :Soft@123 in WebElement :[[ChromeDriver: chrome on WINDOWS (54907c483e5ff5aaff5eecb43556d2b2)] -> id: rn_LoginForm_2_Password]
[INFO ][01-Sep-2022 15:18:34 PM] Selenium_Wrapper.click:(199) - Clicking on :[[ChromeDriver: chrome on WINDOWS (54907c483e5ff5aaff5eecb43556d2b2)] -> id: rn_LoginForm_2_Submit]
[INFO ][01-Sep-2022 15:18:46 PM] Selenium_Wrapper.click:(199) - Clicking on :[[ChromeDriver: chrome on WINDOWS (54907c483e5ff5aaff5eecb43556d2b2)] -> xpath: //div[@class='dropdown']]
[INFO ][01-Sep-2022 15:19:14 PM] Selenium_Wrapper.click:(199) - Clicking on :[[ChromeDriver: chrome on WINDOWS (54907c483e5ff5aaff5eecb43556d2b2)] -> xpath: //div[@class='rn_HoverBookmark']//a[contains(text(),'COVID-19 Critical Updates')]]
[INFO ][01-Sep-2022 15:19:14 PM] QuickNavigation.testAssertBookmarkArticle:(45) - Assert Done
[INFO ][01-Sep-2022 15:19:28 PM] Selenium_Wrapper.click:(199) - Clicking on :[[ChromeDriver: chrome on WINDOWS (54907c483e5ff5aaff5eecb43556d2b2)] -> class name: knowledge]
[INFO ][01-Sep-2022 15:19:36 PM] Selenium_Wrapper.click:(199) - Clicking on :[[ChromeDriver: chrome on WINDOWS (54907c483e5ff5aaff5eecb43556d2b2)] -> xpath: //input[@type='search']]
[INFO ][01-Sep-2022 15:19:37 PM] Selenium_Wrapper.enterText:(311) - Entering Text :Auto Loan in WebElement :[[ChromeDriver: chrome on WINDOWS (54907c483e5ff5aaff5eecb43556d2b2)] -> xpath: //input[@type='search']]
[INFO ][01-Sep-2022 15:19:51 PM] Selenium_Wrapper.click:(199) - Clicking on :[[ChromeDriver: chrome on WINDOWS (54907c483e5ff5aaff5eecb43556d2b2)] -> xpath: //ul[@aria-label='Suggested Search']//li[normalize-space()='Auto Loan']]
[INFO ][01-Sep-2022 15:19:59 PM] Selenium_Wrapper.click:(199) - Clicking on :[[ChromeDriver: chrome on WINDOWS (54907c483e5ff5aaff5eecb43556d2b2)] -> xpath: //div[@class='rn_SearchResultContent']//a[text()='Auto Loan']]
[INFO ][01-Sep-2022 15:20:11 PM] Selenium_Wrapper.click:(199) - Clicking on :[[ChromeDriver: chrome on WINDOWS (54907c483e5ff5aaff5eecb43556d2b2)] -> xpath: //a[@class='add_bookmarkButton']//img[@class='bookmark_icon_blank']]
[INFO ][01-Sep-2022 15:20:19 PM] Selenium_Wrapper.click:(199) - Clicking on :[[ChromeDriver: chrome on WINDOWS (54907c483e5ff5aaff5eecb43556d2b2)] -> class name: knowledge]
[INFO ][01-Sep-2022 15:20:33 PM] Selenium_Wrapper.click:(199) - Clicking on :[[ChromeDriver: chrome on WINDOWS (54907c483e5ff5aaff5eecb43556d2b2)] -> xpath: //div[@class='dropdown']]
[INFO ][01-Sep-2022 15:20:42 PM] Selenium_Wrapper.click:(199) - Clicking on :[[ChromeDriver: chrome on WINDOWS (54907c483e5ff5aaff5eecb43556d2b2)] -> xpath: //a[text()='SEE MORE']]
[INFO ][01-Sep-2022 15:20:56 PM] Selenium_Wrapper.click:(199) - Clicking on :[[ChromeDriver: chrome on WINDOWS (54907c483e5ff5aaff5eecb43556d2b2)] -> class name: knowledge]
[INFO ][01-Sep-2022 15:21:04 PM] Selenium_Wrapper.click:(199) - Clicking on :[[ChromeDriver: chrome on WINDOWS (54907c483e5ff5aaff5eecb43556d2b2)] -> xpath: //div[@class='dropdown']]
[INFO ][01-Sep-2022 15:21:19 PM] Selenium_Wrapper.click:(199) - Clicking on :[[ChromeDriver: chrome on WINDOWS (54907c483e5ff5aaff5eecb43556d2b2)] -> xpath: //div[@class='dropdown-content']//a[normalize-space()='My Bookmarks']]
[INFO ][01-Sep-2022 15:21:35 PM] Selenium_Wrapper.click:(199) - Clicking on :[[ChromeDriver: chrome on WINDOWS (54907c483e5ff5aaff5eecb43556d2b2)] -> xpath: //select[@class='BookmarkFilter']]
[INFO ][01-Sep-2022 15:21:46 PM] Selenium_Wrapper.click:(199) - Clicking on :[[ChromeDriver: chrome on WINDOWS (54907c483e5ff5aaff5eecb43556d2b2)] -> xpath: //select[@class='BookmarkFilter']//option[text()='Alphabetical A-Z']]
[INFO ][01-Sep-2022 15:21:58 PM] Selenium_Wrapper.click:(199) - Clicking on :[[ChromeDriver: chrome on WINDOWS (54907c483e5ff5aaff5eecb43556d2b2)] -> class name: knowledge]
[INFO ][01-Sep-2022 15:22:05 PM] Selenium_Wrapper.click:(199) - Clicking on :[[ChromeDriver: chrome on WINDOWS (54907c483e5ff5aaff5eecb43556d2b2)] -> xpath: //div[@class='dropdown']]
[INFO ][01-Sep-2022 15:22:14 PM] Selenium_Wrapper.click:(199) - Clicking on :[[ChromeDriver: chrome on WINDOWS (54907c483e5ff5aaff5eecb43556d2b2)] -> xpath: //div[@class='dropdown-content']//a[normalize-space()='My Notifications']]
[INFO ][01-Sep-2022 15:22:22 PM] Selenium_Wrapper.click:(199) - Clicking on :[[ChromeDriver: chrome on WINDOWS (54907c483e5ff5aaff5eecb43556d2b2)] -> xpath: //a[text()='browse all PAGES']]
[INFO ][01-Sep-2022 15:22:41 PM] Selenium_Wrapper.click:(199) - Clicking on :[[ChromeDriver: chrome on WINDOWS (54907c483e5ff5aaff5eecb43556d2b2)] -> xpath: //a[text()='VIEW A-Z INDEX']]
[INFO ][01-Sep-2022 15:22:59 PM] Selenium_Wrapper.click:(199) - Clicking on :[[ChromeDriver: chrome on WINDOWS (54907c483e5ff5aaff5eecb43556d2b2)] -> class name: knowledge]
[INFO ][01-Sep-2022 15:23:04 PM] Selenium_Wrapper.closeCurrentBrowser:(651) - Closing the current Browser
