[INFO ][22-Feb-2023 15:25:10 PM] Selenium_Wrapper.openBrowser:(48) - Opening chrome browser.
[INFO ][22-Feb-2023 15:25:17 PM] Selenium_Wrapper.enterURL:(82) - Entering url :https://macu1--upgrade.custhelp.com/AgentWeb/
[INFO ][22-Feb-2023 15:25:21 PM] Selenium_Wrapper.enterText:(311) - Entering Text :automation_testing in WebElement :[[ChromeDriver: chrome on WINDOWS (033a1f7b6e0cdadddd6ef7b3c0f7b3f8)] -> id: username]
[INFO ][22-Feb-2023 15:25:22 PM] Selenium_Wrapper.enterText:(311) - Entering Text :Welcome123 in WebElement :[[ChromeDriver: chrome on WINDOWS (033a1f7b6e0cdadddd6ef7b3c0f7b3f8)] -> id: password]
[INFO ][22-Feb-2023 15:25:45 PM] Selenium_Wrapper.click:(199) - Clicking on :[[ChromeDriver: chrome on WINDOWS (033a1f7b6e0cdadddd6ef7b3c0f7b3f8)] -> id: loginbutton]
[INFO ][22-Feb-2023 15:25:57 PM] Selenium_Wrapper.click:(199) - Clicking on :[[ChromeDriver: chrome on WINDOWS (033a1f7b6e0cdadddd6ef7b3c0f7b3f8)] -> id: navigationSetBtn]
[INFO ][22-Feb-2023 15:26:02 PM] Selenium_Wrapper.click:(199) - Clicking on :[[ChromeDriver: chrome on WINDOWS (033a1f7b6e0cdadddd6ef7b3c0f7b3f8)] -> xpath: (//div[text()='Configuration']//a)]
[INFO ][22-Feb-2023 15:26:07 PM] Selenium_Wrapper.click:(199) - Clicking on :[[ChromeDriver: chrome on WINDOWS (033a1f7b6e0cdadddd6ef7b3c0f7b3f8)] -> xpath: (//div[text()='Service']//a)]
[INFO ][22-Feb-2023 15:26:13 PM] Selenium_Wrapper.click:(199) - Clicking on :[[ChromeDriver: chrome on WINDOWS (033a1f7b6e0cdadddd6ef7b3c0f7b3f8)] -> xpath: (//div[text()='Knowledge Advanced']//a)]
[INFO ][22-Feb-2023 15:26:18 PM] Selenium_Wrapper.click:(199) - Clicking on :[[ChromeDriver: chrome on WINDOWS (033a1f7b6e0cdadddd6ef7b3c0f7b3f8)] -> xpath: //span[text()='Authoring']]
[INFO ][22-Feb-2023 15:26:37 PM] Selenium_Wrapper.click:(199) - Clicking on :[[ChromeDriver: chrome on WINDOWS (033a1f7b6e0cdadddd6ef7b3c0f7b3f8)] -> xpath: //div[@id='rntab']//ul//li[@testidentifier='MainNavBar_Content']//a]
[INFO ][22-Feb-2023 15:26:56 PM] Selenium_Wrapper.click:(199) - Clicking on :[[ChromeDriver: chrome on WINDOWS (033a1f7b6e0cdadddd6ef7b3c0f7b3f8)] -> xpath: //div[text()='Process']//following-sibling::a[@testidentifier='ContentNavBar_Add_Process']]
[INFO ][22-Feb-2023 15:27:00 PM] Selenium_Wrapper.enterText:(311) - Entering Text :TestingArticle in WebElement :[[ChromeDriver: chrome on WINDOWS (033a1f7b6e0cdadddd6ef7b3c0f7b3f8)] -> xpath: //input[@testidentifier='Content_ContentType_Add_SUMMARY']]
[INFO ][22-Feb-2023 15:27:04 PM] Selenium_Wrapper.enterText:(311) - Entering Text :Criticals in WebElement :[[ChromeDriver: chrome on WINDOWS (033a1f7b6e0cdadddd6ef7b3c0f7b3f8)] -> xpath: //input[@testidentifier='Content_ContentType_Add_KEYWORD']]
[INFO ][22-Feb-2023 15:27:11 PM] Selenium_Wrapper.click:(199) - Clicking on :[[ChromeDriver: chrome on WINDOWS (033a1f7b6e0cdadddd6ef7b3c0f7b3f8)] -> xpath: ((//span[@class='cke_bottom cke_reset_all'])[1]//preceding-sibling::*)[2]]
[INFO ][22-Feb-2023 15:27:19 PM] Selenium_Wrapper.enterText:(311) - Entering Text :contentinfo 'Reach out to your immediate supervisor with questions.' in WebElement :[[ChromeDriver: chrome on WINDOWS (033a1f7b6e0cdadddd6ef7b3c0f7b3f8)] -> xpath: //body[@class='cke_editable cke_editable_themed cke_contents_ltr cke_show_borders']]
[INFO ][22-Feb-2023 15:27:30 PM] Selenium_Wrapper.click:(199) - Clicking on :[[ChromeDriver: chrome on WINDOWS (033a1f7b6e0cdadddd6ef7b3c0f7b3f8)] -> xpath: ((//span[@class='cke_bottom cke_reset_all'])[2]//preceding-sibling::*)[2]]
[INFO ][22-Feb-2023 15:27:38 PM] Selenium_Wrapper.enterText:(311) - Entering Text :COVID-19 Update:  Find additional information on COVID-19 Branch & Service Center Operations\n * Vaccine\n * Similar to the flu shot, we encourage you to take a lunch hour or go after work if you choose to receive the vaccine.\n * You should be able to easily schedule a time to receive a vaccine. * Take PTO if an adverse reaction occurs. * Take PTO if an adverse reaction occurs * First URL of the pageArticle Link * Second URL of the page * Third URL of the page * The few documented cases of a stronger reaction indicate that the affects typically last one to two days. * Have an open conversation with your manager if other accommodations are necessary. * The cost of the vaccine is covered by insurance. * Mask Mandates * As the counties and health departments begin to relax their mask mandates, MACU will address this as follows: * The mask mandate requirement for team members will remain in place for the foreseeable future. * Mask guidance for members will follow State, County and Health department guidelines for those areas. * Personal Protection Equipment (PPE) * Order masks and other PArticle LinkPE by submitting a ServiceNow Facilities ticket. * Items available * Cotopaxi masks ($7 each) * Hand sanitizer * Gloves * Disposable masks * Sanitation wipes * Employee Resources * Mountain America is here for you! Check out these resources: * MACU Desktop Citrix ReceiverWorkspace Step-by-Step Surface Devices Step-by-Step * Microsoft Teams Step-by-Step * Multi-Factor Authentication (MFA) Step-by-Step * Remote Work Agreement * Setting up Your New Laptop * Surface Devices Step-by-Step in WebElement :[[ChromeDriver: chrome on WINDOWS (033a1f7b6e0cdadddd6ef7b3c0f7b3f8)] -> xpath: //body[@class='cke_editable cke_editable_themed cke_contents_ltr cke_show_borders']]
[INFO ][22-Feb-2023 15:27:47 PM] Selenium_Wrapper.click:(199) - Clicking on :[[ChromeDriver: chrome on WINDOWS (033a1f7b6e0cdadddd6ef7b3c0f7b3f8)] -> xpath: //span[text()='Jump To']]
[INFO ][22-Feb-2023 15:27:55 PM] Selenium_Wrapper.click:(199) - Clicking on :[[ChromeDriver: chrome on WINDOWS (033a1f7b6e0cdadddd6ef7b3c0f7b3f8)] -> xpath: (//a[@class='cke_button cke_button__image cke_button_off'])[3]]
[INFO ][22-Feb-2023 15:28:03 PM] Selenium_Wrapper.click:(199) - Clicking on :[[ChromeDriver: chrome on WINDOWS (033a1f7b6e0cdadddd6ef7b3c0f7b3f8)] -> xpath: (//span[text()='Browse Server'])[1]]
[INFO ][22-Feb-2023 15:28:23 PM] Selenium_Wrapper.click:(199) - Clicking on :[[ChromeDriver: chrome on WINDOWS (033a1f7b6e0cdadddd6ef7b3c0f7b3f8)] -> xpath: //a[text()='MACU_VIEW']]
[INFO ][22-Feb-2023 15:28:43 PM] Selenium_Wrapper.click:(199) - Clicking on :[[ChromeDriver: chrome on WINDOWS (033a1f7b6e0cdadddd6ef7b3c0f7b3f8)] -> xpath: //table//span[text()='OK']]
[INFO ][22-Feb-2023 15:28:57 PM] Selenium_Wrapper.click:(199) - Clicking on :[[ChromeDriver: chrome on WINDOWS (033a1f7b6e0cdadddd6ef7b3c0f7b3f8)] -> xpath: (//span[@class='cke_button_icon cke_button__addarticlelink_icon'])[4]]
[INFO ][22-Feb-2023 15:29:04 PM] Selenium_Wrapper.enterText:(311) - Entering Text :1000124 in WebElement :[[ChromeDriver: chrome on WINDOWS (033a1f7b6e0cdadddd6ef7b3c0f7b3f8)] -> xpath: (//div[text()='Article Link']//following::input)[3]]
[INFO ][22-Feb-2023 15:29:05 PM] Selenium_Wrapper.enterText:(311) - Entering Text :Article Link in WebElement :[[ChromeDriver: chrome on WINDOWS (033a1f7b6e0cdadddd6ef7b3c0f7b3f8)] -> xpath: (//div[text()='Article Link']//following::input)[5]]
[INFO ][22-Feb-2023 15:29:11 PM] Selenium_Wrapper.click:(199) - Clicking on :[[ChromeDriver: chrome on WINDOWS (033a1f7b6e0cdadddd6ef7b3c0f7b3f8)] -> xpath: (//div[@class='cke_dialog_body']//span[text()='OK'])[2]]
[INFO ][22-Feb-2023 15:29:18 PM] Selenium_Wrapper.click:(199) - Clicking on :[[ChromeDriver: chrome on WINDOWS (033a1f7b6e0cdadddd6ef7b3c0f7b3f8)] -> xpath: ((//span[@class='cke_bottom cke_reset_all'])[5]//preceding-sibling::*)[2]]
[INFO ][22-Feb-2023 15:29:23 PM] Selenium_Wrapper.enterText:(311) - Entering Text :BasicInfo - Remote Work * -Use the following resources when connecting to work applications remotely in WebElement :[[ChromeDriver: chrome on WINDOWS (033a1f7b6e0cdadddd6ef7b3c0f7b3f8)] -> xpath: //body[@class='cke_editable cke_editable_themed cke_contents_ltr cke_show_borders']]
[INFO ][22-Feb-2023 15:29:35 PM] Selenium_Wrapper.click:(199) - Clicking on :[[ChromeDriver: chrome on WINDOWS (033a1f7b6e0cdadddd6ef7b3c0f7b3f8)] -> xpath: ((//span[@class='cke_bottom cke_reset_all'])[6]//preceding-sibling::*)[2]]
[INFO ][22-Feb-2023 15:29:41 PM] Selenium_Wrapper.enterText:(311) - Entering Text :BasicContactInfo -Remote Work * -Use the following resources when connecting to work applications remotely * -Cisco Finesse Step-by-Step * -Cisco Jabber Step-by-Step * -Electronic Communication and Information Basic Info * -Extend Surface Device Battery Life Step-by-Step * -MACU Desktop Citrix ReceiverWorkspace Step-by-Step Surface Devices Step-by-Step * -Microsoft Teams Step-by-Step * -Multi-Factor Authentication (MFA) Step-by-Step * -Remote Work Agreement * -Setting up Your New Laptop * -Surface Devices Step-by-Step in WebElement :[[ChromeDriver: chrome on WINDOWS (033a1f7b6e0cdadddd6ef7b3c0f7b3f8)] -> xpath: //body[@class='cke_editable cke_editable_themed cke_contents_ltr cke_show_borders']]
[INFO ][22-Feb-2023 15:29:52 PM] Selenium_Wrapper.click:(199) - Clicking on :[[ChromeDriver: chrome on WINDOWS (033a1f7b6e0cdadddd6ef7b3c0f7b3f8)] -> xpath: ((//span[@class='cke_bottom cke_reset_all'])[7]//preceding-sibling::*)[2]]
[INFO ][22-Feb-2023 15:29:58 PM] Selenium_Wrapper.enterText:(311) - Entering Text :Steps- Employee Resources in WebElement :[[ChromeDriver: chrome on WINDOWS (033a1f7b6e0cdadddd6ef7b3c0f7b3f8)] -> xpath: //body[@class='cke_editable cke_editable_themed cke_contents_ltr cke_show_borders']]
[INFO ][22-Feb-2023 15:30:09 PM] Selenium_Wrapper.click:(199) - Clicking on :[[ChromeDriver: chrome on WINDOWS (033a1f7b6e0cdadddd6ef7b3c0f7b3f8)] -> xpath: ((//span[@class='cke_bottom cke_reset_all'])[8]//preceding-sibling::*)[2]]
[INFO ][22-Feb-2023 15:30:16 PM] Selenium_Wrapper.enterText:(311) - Entering Text :StepsContactInfo - Mountain America is here for you! Check out these resources: * Report COVID-19 in the Workplace * Contact Tracing for COVID-19 * COVID-19 Pay Options * Corporate FSR * Employee Assistance Program (EAP) * Employee Loans * Infectious Disease * MACU Facility Standards * Mountain America Center Meetings & Events * Medical Leave of Absence * Personal Time Off (PTO) * Tanner Meetings & Events * Thrive Clinic * The CareATC Patient Access Center is currently performing all appointment scheduling activities. Our clinics are not currently accepting walk-in or self-scheduled patients. To schedule an appointment, contact the clinic 800-993-8244. * Thrive Fitness Centers * Travel Pay *Traveling Branch Employees in WebElement :[[ChromeDriver: chrome on WINDOWS (033a1f7b6e0cdadddd6ef7b3c0f7b3f8)] -> xpath: //body[@class='cke_editable cke_editable_themed cke_contents_ltr cke_show_borders']]
[INFO ][22-Feb-2023 15:30:25 PM] Selenium_Wrapper.click:(199) - Clicking on :[[ChromeDriver: chrome on WINDOWS (033a1f7b6e0cdadddd6ef7b3c0f7b3f8)] -> xpath: ((//span[@class='cke_bottom cke_reset_all'])[9]//preceding-sibling::*)[2]]
[INFO ][22-Feb-2023 15:30:30 PM] Selenium_Wrapper.enterText:(311) - Entering Text :Forms_Resources - Mask Mandates in WebElement :[[ChromeDriver: chrome on WINDOWS (033a1f7b6e0cdadddd6ef7b3c0f7b3f8)] -> xpath: //body[@class='cke_editable cke_editable_themed cke_contents_ltr cke_show_borders']]
[INFO ][22-Feb-2023 15:30:40 PM] Selenium_Wrapper.click:(199) - Clicking on :[[ChromeDriver: chrome on WINDOWS (033a1f7b6e0cdadddd6ef7b3c0f7b3f8)] -> xpath: ((//span[@class='cke_bottom cke_reset_all'])[10]//preceding-sibling::*)[2]]
[INFO ][22-Feb-2023 15:30:47 PM] Selenium_Wrapper.enterText:(311) - Entering Text :Forms_Resources_Content- As the counties and health departments begin to relax their mask mandates, MACU will address this as follows: * The mask mandate requirement for team members will remain in place for the foreseeable future. * Mask guidance for members will follow State, County and Health department guidelines for those areas. in WebElement :[[ChromeDriver: chrome on WINDOWS (033a1f7b6e0cdadddd6ef7b3c0f7b3f8)] -> xpath: //body[@class='cke_editable cke_editable_themed cke_contents_ltr cke_show_borders']]
[INFO ][22-Feb-2023 15:30:57 PM] Selenium_Wrapper.click:(199) - Clicking on :[[ChromeDriver: chrome on WINDOWS (033a1f7b6e0cdadddd6ef7b3c0f7b3f8)] -> xpath: ((//span[@class='cke_bottom cke_reset_all'])[11]//preceding-sibling::*)[2]]
[INFO ][22-Feb-2023 15:31:02 PM] Selenium_Wrapper.enterText:(311) - Entering Text :SalesConnections-Sales Connections in WebElement :[[ChromeDriver: chrome on WINDOWS (033a1f7b6e0cdadddd6ef7b3c0f7b3f8)] -> xpath: //body[@class='cke_editable cke_editable_themed cke_contents_ltr cke_show_borders']]
[INFO ][22-Feb-2023 15:31:12 PM] Selenium_Wrapper.click:(199) - Clicking on :[[ChromeDriver: chrome on WINDOWS (033a1f7b6e0cdadddd6ef7b3c0f7b3f8)] -> xpath: ((//span[@class='cke_bottom cke_reset_all'])[12]//preceding-sibling::*)[2]]
[INFO ][22-Feb-2023 15:31:18 PM] Selenium_Wrapper.enterText:(311) - Entering Text :SalesConnectionsContent- As the counties and health departments begin to relax their mask mandates, MACU will address this as follows: * The mask mandate requirement for team members will remain in place for the foreseeable future. * Mask guidance for members will follow State, County and Health department guidelines for those areas. in WebElement :[[ChromeDriver: chrome on WINDOWS (033a1f7b6e0cdadddd6ef7b3c0f7b3f8)] -> xpath: //body[@class='cke_editable cke_editable_themed cke_contents_ltr cke_show_borders']]
[INFO ][22-Feb-2023 15:31:27 PM] Selenium_Wrapper.click:(199) - Clicking on :[[ChromeDriver: chrome on WINDOWS (033a1f7b6e0cdadddd6ef7b3c0f7b3f8)] -> xpath: ((//span[@class='cke_bottom cke_reset_all'])[13]//preceding-sibling::*)[2]]
[INFO ][22-Feb-2023 15:31:32 PM] Selenium_Wrapper.enterText:(311) - Entering Text :https://macu1--tst.custhelp.com/app/answers/macu_view/a_id/1000124 in WebElement :[[ChromeDriver: chrome on WINDOWS (033a1f7b6e0cdadddd6ef7b3c0f7b3f8)] -> xpath: //body[@class='cke_editable cke_editable_themed cke_contents_ltr cke_show_borders']]
[INFO ][22-Feb-2023 15:31:44 PM] Selenium_Wrapper.click:(199) - Clicking on :[[ChromeDriver: chrome on WINDOWS (033a1f7b6e0cdadddd6ef7b3c0f7b3f8)] -> xpath: //span[text()='Teams']//following::select//option[text()='Accounting & Finance']]
[INFO ][22-Feb-2023 15:31:49 PM] Selenium_Wrapper.click:(199) - Clicking on :[[ChromeDriver: chrome on WINDOWS (033a1f7b6e0cdadddd6ef7b3c0f7b3f8)] -> xpath: //span[text()='Compliance']//preceding-sibling::input]
[INFO ][22-Feb-2023 15:31:54 PM] Selenium_Wrapper.click:(199) - Clicking on :[[ChromeDriver: chrome on WINDOWS (033a1f7b6e0cdadddd6ef7b3c0f7b3f8)] -> xpath: //span[text()='No ']//preceding-sibling::input]
[INFO ][22-Feb-2023 15:32:00 PM] Selenium_Wrapper.click:(199) - Clicking on :[[ChromeDriver: chrome on WINDOWS (033a1f7b6e0cdadddd6ef7b3c0f7b3f8)] -> xpath: //span[text()='Major Change']//preceding-sibling::input]
[INFO ][22-Feb-2023 15:32:05 PM] Selenium_Wrapper.click:(199) - Clicking on :[[ChromeDriver: chrome on WINDOWS (033a1f7b6e0cdadddd6ef7b3c0f7b3f8)] -> xpath: //span[text()='Corporate/Branch/Service Center']//following::select//option[text()='Service Center']]
[INFO ][22-Feb-2023 15:32:10 PM] Selenium_Wrapper.click:(199) - Clicking on :[[ChromeDriver: chrome on WINDOWS (033a1f7b6e0cdadddd6ef7b3c0f7b3f8)] -> xpath: //span[text()='Department']//following::select//option[text()='0004 SEG Development Team']]
[INFO ][22-Feb-2023 15:32:15 PM] Selenium_Wrapper.click:(199) - Clicking on :[[ChromeDriver: chrome on WINDOWS (033a1f7b6e0cdadddd6ef7b3c0f7b3f8)] -> xpath: //span[text()='Manager Level']//following::select//option[text()='Assistant Manager']]
[INFO ][22-Feb-2023 15:32:21 PM] Selenium_Wrapper.click:(199) - Clicking on :[[ChromeDriver: chrome on WINDOWS (033a1f7b6e0cdadddd6ef7b3c0f7b3f8)] -> xpath: //span[contains(text(),'time with')]//following::select//option[contains(text(),'1 Month ')]]
[INFO ][22-Feb-2023 15:32:26 PM] Selenium_Wrapper.click:(199) - Clicking on :[[ChromeDriver: chrome on WINDOWS (033a1f7b6e0cdadddd6ef7b3c0f7b3f8)] -> xpath: //span[contains(text(),'Branch Name')]//following::select//option[contains(text(),'Albuquerque - Golf Course Road Branch')]]
[INFO ][22-Feb-2023 15:32:31 PM] Selenium_Wrapper.click:(199) - Clicking on :[[ChromeDriver: chrome on WINDOWS (033a1f7b6e0cdadddd6ef7b3c0f7b3f8)] -> xpath: //span[contains(text(),'Branch Area')]//following::select//option[contains(text(),'Teton')]]
[INFO ][22-Feb-2023 15:32:36 PM] Selenium_Wrapper.click:(199) - Clicking on :[[ChromeDriver: chrome on WINDOWS (033a1f7b6e0cdadddd6ef7b3c0f7b3f8)] -> xpath: (//span[contains(text(),'Primary Tag')]//following::select//option[contains(text(),'AAA')])[1]]
[INFO ][22-Feb-2023 15:32:41 PM] Selenium_Wrapper.click:(199) - Clicking on :[[ChromeDriver: chrome on WINDOWS (033a1f7b6e0cdadddd6ef7b3c0f7b3f8)] -> xpath: (//span[contains(text(),'Primary Tag')]//following::select//option[contains(text(),'AAA')])[4]]
[INFO ][22-Feb-2023 15:32:47 PM] Selenium_Wrapper.click:(199) - Clicking on :[[ChromeDriver: chrome on WINDOWS (033a1f7b6e0cdadddd6ef7b3c0f7b3f8)] -> xpath: (//span[contains(text(),'Primary Tag')]//following::select//option[contains(text(),'AAA')])[6]]
[INFO ][22-Feb-2023 15:32:52 PM] Selenium_Wrapper.click:(199) - Clicking on :[[ChromeDriver: chrome on WINDOWS (033a1f7b6e0cdadddd6ef7b3c0f7b3f8)] -> xpath: (//td[text()=' Repository View Selection ']//following::a)[1]]
[INFO ][22-Feb-2023 15:32:57 PM] Selenium_Wrapper.click:(199) - Clicking on :[[ChromeDriver: chrome on WINDOWS (033a1f7b6e0cdadddd6ef7b3c0f7b3f8)] -> xpath: (//td[text()=' Repository View Selection ']//following::input)[1]]
[INFO ][22-Feb-2023 15:33:04 PM] Selenium_Wrapper.click:(199) - Clicking on :[[ChromeDriver: chrome on WINDOWS (033a1f7b6e0cdadddd6ef7b3c0f7b3f8)] -> xpath: //div[@id='AVAIL']//tr//td//span[text()='AAA']]
[INFO ][22-Feb-2023 15:33:15 PM] Selenium_Wrapper.click:(199) - Clicking on :[[ChromeDriver: chrome on WINDOWS (033a1f7b6e0cdadddd6ef7b3c0f7b3f8)] -> xpath: //div[@id='AVAIL']//tr//td//span[text()='Member Connect']]
[INFO ][22-Feb-2023 15:33:20 PM] Selenium_Wrapper.click:(199) - Clicking on :[[ChromeDriver: chrome on WINDOWS (033a1f7b6e0cdadddd6ef7b3c0f7b3f8)] -> xpath: //div[@id='AVAIL']//tr//td//span[text()='New Account Framework']]
[INFO ][22-Feb-2023 15:33:26 PM] Selenium_Wrapper.click:(199) - Clicking on :[[ChromeDriver: chrome on WINDOWS (033a1f7b6e0cdadddd6ef7b3c0f7b3f8)] -> xpath: //a[text()='Add']]
[INFO ][22-Feb-2023 15:33:31 PM] Selenium_Wrapper.click:(199) - Clicking on :[[ChromeDriver: chrome on WINDOWS (033a1f7b6e0cdadddd6ef7b3c0f7b3f8)] -> xpath: //select[@class='dropdown']]
[INFO ][22-Feb-2023 15:33:37 PM] Selenium_Wrapper.click:(199) - Clicking on :[[ChromeDriver: chrome on WINDOWS (033a1f7b6e0cdadddd6ef7b3c0f7b3f8)] -> xpath: //select[@class='dropdown']//option[text()='Search']]
[INFO ][22-Feb-2023 15:33:38 PM] Selenium_Wrapper.enterText:(311) - Entering Text :Business Accounts in WebElement :[[ChromeDriver: chrome on WINDOWS (033a1f7b6e0cdadddd6ef7b3c0f7b3f8)] -> xpath: //input[@value='Enter search string']]
[INFO ][22-Feb-2023 15:33:43 PM] Selenium_Wrapper.click:(199) - Clicking on :[[ChromeDriver: chrome on WINDOWS (033a1f7b6e0cdadddd6ef7b3c0f7b3f8)] -> xpath: //strong[text()='Business Accounts']]
[INFO ][22-Feb-2023 15:33:49 PM] Selenium_Wrapper.click:(199) - Clicking on :[[ChromeDriver: chrome on WINDOWS (033a1f7b6e0cdadddd6ef7b3c0f7b3f8)] -> xpath: //a[text()='Add']]
[INFO ][22-Feb-2023 15:33:55 PM] Selenium_Wrapper.click:(199) - Clicking on :[[ChromeDriver: chrome on WINDOWS (033a1f7b6e0cdadddd6ef7b3c0f7b3f8)] -> xpath: //span[text()='Asset Management']]
[INFO ][22-Feb-2023 15:34:00 PM] Selenium_Wrapper.click:(199) - Clicking on :[[ChromeDriver: chrome on WINDOWS (033a1f7b6e0cdadddd6ef7b3c0f7b3f8)] -> xpath: //a[text()='Add']]
[INFO ][22-Feb-2023 15:34:06 PM] Selenium_Wrapper.click:(199) - Clicking on :[[ChromeDriver: chrome on WINDOWS (033a1f7b6e0cdadddd6ef7b3c0f7b3f8)] -> xpath: //input[@name='notifySubscribers']]
[INFO ][22-Feb-2023 15:34:17 PM] Selenium_Wrapper.click:(199) - Clicking on :[[ChromeDriver: chrome on WINDOWS (033a1f7b6e0cdadddd6ef7b3c0f7b3f8)] -> xpath: //a[text()='Save Document']]
[INFO ][22-Feb-2023 15:34:43 PM] Selenium_Wrapper.click:(199) - Clicking on :[[ChromeDriver: chrome on WINDOWS (033a1f7b6e0cdadddd6ef7b3c0f7b3f8)] -> xpath: //a[text()='Approve']]
[INFO ][22-Feb-2023 15:34:54 PM] Selenium_Wrapper.click:(199) - Clicking on :[[ChromeDriver: chrome on WINDOWS (033a1f7b6e0cdadddd6ef7b3c0f7b3f8)] -> xpath: //a[text()='Approve']]
[INFO ][22-Feb-2023 15:35:08 PM] Selenium_Wrapper.click:(199) - Clicking on :[[ChromeDriver: chrome on WINDOWS (033a1f7b6e0cdadddd6ef7b3c0f7b3f8)] -> xpath: //a[text()='Approve']]
[ERROR][22-Feb-2023 15:35:13 PM] Selenium_Wrapper.highlightWebElement:(417) - org.openqa.selenium.NoSuchElementException: no such element: Unable to locate element: {"method":"xpath","selector":"//span[text()='Closed']"}
  (Session info: chrome=110.0.5481.104)
For documentation on this error, please visit: https://www.seleniumhq.org/exceptions/no_such_element.html
Build info: version: '3.141.59', revision: 'e82be7d358', time: '2018-11-14T08:17:03'
System info: host: 'QA-SWAMYK', ip: '192.168.1.100', os.name: 'Windows 10', os.arch: 'amd64', os.version: '10.0', java.version: '11.0.10'
Driver info: org.openqa.selenium.chrome.ChromeDriver
Capabilities {acceptInsecureCerts: false, browserName: chrome, browserVersion: 110.0.5481.104, chrome: {chromedriverVersion: 110.0.5481.77 (65ed616c6e8e..., userDataDir: C:\Users\SWAMYK~1\AppData\L...}, goog:chromeOptions: {debuggerAddress: localhost:49458}, javascriptEnabled: true, networkConnectionEnabled: false, pageLoadStrategy: normal, platform: WINDOWS, platformName: WINDOWS, proxy: Proxy(), setWindowRect: true, strictFileInteractability: false, timeouts: {implicit: 0, pageLoad: 300000, script: 30000}, unhandledPromptBehavior: dismiss and notify, webauthn:extension:credBlob: true, webauthn:extension:largeBlob: true, webauthn:virtualAuthenticators: true}
Session ID: 033a1f7b6e0cdadddd6ef7b3c0f7b3f8
*** Element info: {Using=xpath, value=//span[text()='Closed']}
[INFO ][22-Feb-2023 15:35:45 PM] Selenium_Wrapper.click:(199) - Clicking on :[[ChromeDriver: chrome on WINDOWS (033a1f7b6e0cdadddd6ef7b3c0f7b3f8)] -> xpath: (//a[text()='Done'])[1]]
[INFO ][22-Feb-2023 15:35:56 PM] Selenium_Wrapper.click:(199) - Clicking on :[[ChromeDriver: chrome on WINDOWS (033a1f7b6e0cdadddd6ef7b3c0f7b3f8)] -> xpath: //a[@class='closeButton']]
[INFO ][22-Feb-2023 15:36:09 PM] Selenium_Wrapper.click:(199) - Clicking on :[[ChromeDriver: chrome on WINDOWS (033a1f7b6e0cdadddd6ef7b3c0f7b3f8)] -> xpath: //body//oj-avatar[@initials='[[userMenuLabel]]']]
[INFO ][22-Feb-2023 15:36:16 PM] Selenium_Wrapper.click:(199) - Clicking on :[[ChromeDriver: chrome on WINDOWS (033a1f7b6e0cdadddd6ef7b3c0f7b3f8)] -> xpath: //a//span[text()='Sign Out']]
[INFO ][22-Feb-2023 15:36:22 PM] Selenium_Wrapper.closeCurrentBrowser:(651) - Closing the current Browser
[INFO ][22-Feb-2023 15:36:24 PM] Selenium_Wrapper.openBrowser:(48) - Opening chrome browser.
[INFO ][22-Feb-2023 15:36:30 PM] Selenium_Wrapper.enterURL:(82) - Entering url :https://macu1--upgrade.custhelp.com/
[INFO ][22-Feb-2023 15:36:34 PM] Selenium_Wrapper.enterText:(311) - Entering Text :automation_testing in WebElement :[[ChromeDriver: chrome on WINDOWS (0cf1b57de5cb6e7c6b93c8859145dda7)] -> id: rn_LoginForm_2_Username]
[INFO ][22-Feb-2023 15:36:36 PM] Selenium_Wrapper.enterText:(311) - Entering Text :Soft@123 in WebElement :[[ChromeDriver: chrome on WINDOWS (0cf1b57de5cb6e7c6b93c8859145dda7)] -> id: rn_LoginForm_2_Password]
[INFO ][22-Feb-2023 15:36:43 PM] Selenium_Wrapper.click:(199) - Clicking on :[[ChromeDriver: chrome on WINDOWS (0cf1b57de5cb6e7c6b93c8859145dda7)] -> id: rn_LoginForm_2_Submit]
[INFO ][22-Feb-2023 15:37:15 PM] Selenium_Wrapper.closeCurrentBrowser:(651) - Closing the current Browser
