[INFO ][02-Sep-2022 15:22:43 PM] Selenium_Wrapper.openBrowser:(48) - Opening chrome browser.
[INFO ][02-Sep-2022 15:22:49 PM] Selenium_Wrapper.enterURL:(82) - Entering url :https://macu1--upgrade.custhelp.com/
[INFO ][02-Sep-2022 15:22:53 PM] Selenium_Wrapper.enterText:(311) - Entering Text :pramodk in WebElement :[[ChromeDriver: chrome on WINDOWS (370a7126f7b53194255607b41473e665)] -> id: rn_LoginForm_2_Username]
[INFO ][02-Sep-2022 15:22:54 PM] Selenium_Wrapper.enterText:(311) - Entering Text :Soft@123 in WebElement :[[ChromeDriver: chrome on WINDOWS (370a7126f7b53194255607b41473e665)] -> id: rn_LoginForm_2_Password]
[INFO ][02-Sep-2022 15:23:01 PM] Selenium_Wrapper.click:(199) - Clicking on :[[ChromeDriver: chrome on WINDOWS (370a7126f7b53194255607b41473e665)] -> id: rn_LoginForm_2_Submit]
[INFO ][02-Sep-2022 15:23:32 PM] Selenium_Wrapper.click:(199) - Clicking on :[[ChromeDriver: chrome on WINDOWS (370a7126f7b53194255607b41473e665)] -> xpath: //div[@class='dropdown']]
[INFO ][02-Sep-2022 15:23:57 PM] Selenium_Wrapper.click:(199) - Clicking on :[[ChromeDriver: chrome on WINDOWS (370a7126f7b53194255607b41473e665)] -> xpath: //div[@class='rn_HoverBookmark']//a[contains(text(),'COVID-19 Critical Updates')]]
[INFO ][02-Sep-2022 15:23:57 PM] QuickNavigation.testAssertBookmarkArticle:(45) - Assert Done
[INFO ][02-Sep-2022 15:24:12 PM] Selenium_Wrapper.click:(199) - Clicking on :[[ChromeDriver: chrome on WINDOWS (370a7126f7b53194255607b41473e665)] -> class name: knowledge]
[INFO ][02-Sep-2022 15:24:21 PM] Selenium_Wrapper.click:(199) - Clicking on :[[ChromeDriver: chrome on WINDOWS (370a7126f7b53194255607b41473e665)] -> xpath: //input[@type='search']]
[INFO ][02-Sep-2022 15:24:22 PM] Selenium_Wrapper.enterText:(311) - Entering Text :Auto Loan in WebElement :[[ChromeDriver: chrome on WINDOWS (370a7126f7b53194255607b41473e665)] -> xpath: //input[@type='search']]
[INFO ][02-Sep-2022 15:24:36 PM] Selenium_Wrapper.click:(199) - Clicking on :[[ChromeDriver: chrome on WINDOWS (370a7126f7b53194255607b41473e665)] -> xpath: //ul[@aria-label='Suggested Search']//li[normalize-space()='Auto Loan']]
[INFO ][02-Sep-2022 15:24:43 PM] Selenium_Wrapper.click:(199) - Clicking on :[[ChromeDriver: chrome on WINDOWS (370a7126f7b53194255607b41473e665)] -> xpath: //div[@class='rn_SearchResultContent']//a[text()='Auto Loan']]
[INFO ][02-Sep-2022 15:24:55 PM] Selenium_Wrapper.click:(199) - Clicking on :[[ChromeDriver: chrome on WINDOWS (370a7126f7b53194255607b41473e665)] -> xpath: //a[@class='add_bookmarkButton']//img[@class='bookmark_icon_blank']]
[INFO ][02-Sep-2022 15:25:08 PM] Selenium_Wrapper.click:(199) - Clicking on :[[ChromeDriver: chrome on WINDOWS (370a7126f7b53194255607b41473e665)] -> class name: knowledge]
[INFO ][02-Sep-2022 15:25:22 PM] Selenium_Wrapper.click:(199) - Clicking on :[[ChromeDriver: chrome on WINDOWS (370a7126f7b53194255607b41473e665)] -> xpath: //div[@class='dropdown']]
[INFO ][02-Sep-2022 15:25:31 PM] Selenium_Wrapper.click:(199) - Clicking on :[[ChromeDriver: chrome on WINDOWS (370a7126f7b53194255607b41473e665)] -> xpath: //a[text()='SEE MORE']]
[INFO ][02-Sep-2022 15:25:46 PM] Selenium_Wrapper.click:(199) - Clicking on :[[ChromeDriver: chrome on WINDOWS (370a7126f7b53194255607b41473e665)] -> class name: knowledge]
[INFO ][02-Sep-2022 15:25:54 PM] Selenium_Wrapper.click:(199) - Clicking on :[[ChromeDriver: chrome on WINDOWS (370a7126f7b53194255607b41473e665)] -> xpath: //div[@class='dropdown']]
[INFO ][02-Sep-2022 15:26:12 PM] Selenium_Wrapper.click:(199) - Clicking on :[[ChromeDriver: chrome on WINDOWS (370a7126f7b53194255607b41473e665)] -> xpath: //div[@class='dropdown-content']//a[normalize-space()='My Bookmarks']]
[INFO ][02-Sep-2022 15:26:28 PM] Selenium_Wrapper.click:(199) - Clicking on :[[ChromeDriver: chrome on WINDOWS (370a7126f7b53194255607b41473e665)] -> xpath: //select[@class='BookmarkFilter']]
[INFO ][02-Sep-2022 15:26:39 PM] Selenium_Wrapper.click:(199) - Clicking on :[[ChromeDriver: chrome on WINDOWS (370a7126f7b53194255607b41473e665)] -> xpath: //select[@class='BookmarkFilter']//option[text()='Alphabetical A-Z']]
[INFO ][02-Sep-2022 15:26:54 PM] Selenium_Wrapper.click:(199) - Clicking on :[[ChromeDriver: chrome on WINDOWS (370a7126f7b53194255607b41473e665)] -> class name: knowledge]
[INFO ][02-Sep-2022 15:27:01 PM] Selenium_Wrapper.click:(199) - Clicking on :[[ChromeDriver: chrome on WINDOWS (370a7126f7b53194255607b41473e665)] -> xpath: //div[@class='dropdown']]
[INFO ][02-Sep-2022 15:27:11 PM] Selenium_Wrapper.click:(199) - Clicking on :[[ChromeDriver: chrome on WINDOWS (370a7126f7b53194255607b41473e665)] -> xpath: //div[@class='dropdown-content']//a[normalize-space()='My Notifications']]
[INFO ][02-Sep-2022 15:27:20 PM] Selenium_Wrapper.click:(199) - Clicking on :[[ChromeDriver: chrome on WINDOWS (370a7126f7b53194255607b41473e665)] -> xpath: //a[text()='browse all PAGES']]
[INFO ][02-Sep-2022 15:27:38 PM] Selenium_Wrapper.click:(199) - Clicking on :[[ChromeDriver: chrome on WINDOWS (370a7126f7b53194255607b41473e665)] -> xpath: //a[text()='VIEW A-Z INDEX']]
[INFO ][02-Sep-2022 15:27:54 PM] Selenium_Wrapper.click:(199) - Clicking on :[[ChromeDriver: chrome on WINDOWS (370a7126f7b53194255607b41473e665)] -> class name: knowledge]
[INFO ][02-Sep-2022 15:27:58 PM] Selenium_Wrapper.closeCurrentBrowser:(651) - Closing the current Browser
