[INFO ][02-Jul-2024 15:22:52 PM] Selenium_Wrapper.openBrowser:(54) - Opening chrome browser.
[INFO ][02-Jul-2024 15:23:00 PM] Selenium_Wrapper.enterURL:(88) - Entering url :https://macu1--tst1.custhelp.com/app/home
[INFO ][02-Jul-2024 15:23:04 PM] Selenium_Wrapper.enterText:(317) - Entering Text :swamyk in WebElement :[[ChromeDriver: chrome on WINDOWS (ec5db466537325295892e6517ccc6e19)] -> id: rn_LoginForm_2_Username]
[INFO ][02-Jul-2024 15:23:06 PM] Selenium_Wrapper.enterText:(317) - Entering Text :Soft@123 in WebElement :[[ChromeDriver: chrome on WINDOWS (ec5db466537325295892e6517ccc6e19)] -> id: rn_LoginForm_2_Password]
[INFO ][02-Jul-2024 15:23:10 PM] Selenium_Wrapper.click:(205) - Clicking on :[[ChromeDriver: chrome on WINDOWS (ec5db466537325295892e6517ccc6e19)] -> id: rn_LoginForm_2_Submit]
[INFO ][02-Jul-2024 15:23:17 PM] Selenium_Wrapper.click:(205) - Clicking on :[[ChromeDriver: chrome on WINDOWS (ec5db466537325295892e6517ccc6e19)] -> xpath: //input[@type='search']]
[INFO ][02-Jul-2024 15:23:18 PM] Selenium_Wrapper.enterText:(317) - Entering Text :Badge Protocol in WebElement :[[ChromeDriver: chrome on WINDOWS (ec5db466537325295892e6517ccc6e19)] -> xpath: //input[@type='search']]
[INFO ][02-Jul-2024 15:23:29 PM] Selenium_Wrapper.click:(205) - Clicking on :[[ChromeDriver: chrome on WINDOWS (ec5db466537325295892e6517ccc6e19)] -> xpath: (//div[@class='yui3-aclist-content']//li//li)[1]]
[INFO ][02-Jul-2024 15:23:34 PM] Selenium_Wrapper.click:(205) - Clicking on :[[ChromeDriver: chrome on WINDOWS (ec5db466537325295892e6517ccc6e19)] -> xpath: (//div[@class='rn_SearchResultContent']//a)[1]]
[INFO ][02-Jul-2024 15:23:42 PM] Selenium_Wrapper.click:(205) - Clicking on :[[ChromeDriver: chrome on WINDOWS (ec5db466537325295892e6517ccc6e19)] -> xpath: //div[@class='main_image_div']//div[@class='thumbs_up_down'][2]]
[INFO ][02-Jul-2024 15:23:50 PM] Selenium_Wrapper.click:(205) - Clicking on :[[ChromeDriver: chrome on WINDOWS (ec5db466537325295892e6517ccc6e19)] -> xpath: //button[@class='rn_RecommendContentButton p-0']]
[INFO ][02-Jul-2024 15:23:52 PM] Selenium_Wrapper.enterText:(317) - Entering Text :Flexible Work - ThumbDown Comments in WebElement :[[ChromeDriver: chrome on WINDOWS (ec5db466537325295892e6517ccc6e19)] -> id: rn_RequestUpdate_24_Description]
[INFO ][02-Jul-2024 15:23:54 PM] Selenium_Wrapper.click:(205) - Clicking on :[[ChromeDriver: chrome on WINDOWS (ec5db466537325295892e6517ccc6e19)] -> xpath: //button[text()='Submit']]
[INFO ][02-Jul-2024 15:23:56 PM] Selenium_Wrapper.click:(205) - Clicking on :[[ChromeDriver: chrome on WINDOWS (ec5db466537325295892e6517ccc6e19)] -> xpath: (//button[@class='yui3-button yui3-button-close'])[2]]
[INFO ][02-Jul-2024 15:24:00 PM] Selenium_Wrapper.click:(205) - Clicking on :[[ChromeDriver: chrome on WINDOWS (ec5db466537325295892e6517ccc6e19)] -> xpath: //div[@class='dropdown']]
[INFO ][02-Jul-2024 15:24:06 PM] Selenium_Wrapper.click:(205) - Clicking on :[[ChromeDriver: chrome on WINDOWS (ec5db466537325295892e6517ccc6e19)] -> xpath: //a[text()='My Feedback']]
[INFO ][02-Jul-2024 15:24:30 PM] Selenium_Wrapper.click:(205) - Clicking on :[[ChromeDriver: chrome on WINDOWS (ec5db466537325295892e6517ccc6e19)] -> xpath: ((//table//tbody)[2]//a)[1]]
[INFO ][02-Jul-2024 15:24:59 PM] Selenium_Wrapper.click:(205) - Clicking on :[[ChromeDriver: chrome on WINDOWS (ec5db466537325295892e6517ccc6e19)] -> class name: knowledge]
[INFO ][02-Jul-2024 15:25:01 PM] Selenium_Wrapper.closeCurrentBrowser:(657) - Closing the current Browser
[INFO ][02-Jul-2024 15:25:02 PM] Selenium_Wrapper.openBrowser:(54) - Opening chrome browser.
[INFO ][02-Jul-2024 15:25:06 PM] Selenium_Wrapper.enterURL:(88) - Entering url :https://macu1--tst1.custhelp.com/AgentWeb/
[INFO ][02-Jul-2024 15:25:10 PM] Selenium_Wrapper.enterText:(317) - Entering Text :automation_testing in WebElement :[[ChromeDriver: chrome on WINDOWS (f7f4f68911098ded9070581376833716)] -> id: username]
[INFO ][02-Jul-2024 15:25:12 PM] Selenium_Wrapper.enterText:(317) - Entering Text :Welcome123 in WebElement :[[ChromeDriver: chrome on WINDOWS (f7f4f68911098ded9070581376833716)] -> id: password]
[INFO ][02-Jul-2024 15:25:39 PM] Selenium_Wrapper.click:(205) - Clicking on :[[ChromeDriver: chrome on WINDOWS (f7f4f68911098ded9070581376833716)] -> id: loginbutton]
[INFO ][02-Jul-2024 15:26:16 PM] Selenium_Wrapper.click:(205) - Clicking on :[[ChromeDriver: chrome on WINDOWS (f7f4f68911098ded9070581376833716)] -> xpath: //oj-button[@id='navigationSetBtn']]
[INFO ][02-Jul-2024 15:26:25 PM] Selenium_Wrapper.click:(205) - Clicking on :[[ChromeDriver: chrome on WINDOWS (f7f4f68911098ded9070581376833716)] -> xpath: //div[text()='Analytics']]
[INFO ][02-Jul-2024 15:26:33 PM] Selenium_Wrapper.click:(205) - Clicking on :[[ChromeDriver: chrome on WINDOWS (f7f4f68911098ded9070581376833716)] -> xpath: //span[text()='Reports Explorer']]
[INFO ][02-Jul-2024 15:26:41 PM] Selenium_Wrapper.click:(205) - Clicking on :[[ChromeDriver: chrome on WINDOWS (f7f4f68911098ded9070581376833716)] -> xpath: //div[text()='Public Reports']]
[INFO ][02-Jul-2024 15:26:50 PM] Selenium_Wrapper.click:(205) - Clicking on :[[ChromeDriver: chrome on WINDOWS (f7f4f68911098ded9070581376833716)] -> xpath: //div[text()='MACU CUSTOM REPORTS']]
[INFO ][02-Jul-2024 15:26:58 PM] Selenium_Wrapper.click:(205) - Clicking on :[[ChromeDriver: chrome on WINDOWS (f7f4f68911098ded9070581376833716)] -> xpath: //div[text()='SoftClouds']]
[INFO ][02-Jul-2024 15:27:06 PM] Selenium_Wrapper.click:(205) - Clicking on :[[ChromeDriver: chrome on WINDOWS (f7f4f68911098ded9070581376833716)] -> xpath: //div[text()='OKCS']]
[INFO ][02-Jul-2024 15:27:19 PM] Selenium_Wrapper.doubleClick:(286) - Double clicking on :[[ChromeDriver: chrome on WINDOWS (f7f4f68911098ded9070581376833716)] -> xpath: //div[@class='explorer-right-panel']//div[@class='explorer-data-grid']//span[text()='Feedback Admin Report']]
[INFO ][02-Jul-2024 15:27:32 PM] Selenium_Wrapper.click:(205) - Clicking on :[[ChromeDriver: chrome on WINDOWS (f7f4f68911098ded9070581376833716)] -> xpath: //div[@class='container wsx-flex']//div[@class='analyticsTopSection']//div[@class='select-box-root select-box-display-text-active']]
[INFO ][02-Jul-2024 15:27:35 PM] Selenium_Wrapper.click:(205) - Clicking on :[[ChromeDriver: chrome on WINDOWS (f7f4f68911098ded9070581376833716)] -> xpath: (//span[text()='Search'])[2]]
[INFO ][02-Jul-2024 15:27:44 PM] Selenium_Wrapper.doubleClick:(286) - Double clicking on :[[ChromeDriver: chrome on WINDOWS (f7f4f68911098ded9070581376833716)] -> xpath: //div[@class='container wsx-flex']//div[contains(@column-id,'2')][1]]
[INFO ][02-Jul-2024 15:27:58 PM] Selenium_Wrapper.click:(205) - Clicking on :[[ChromeDriver: chrome on WINDOWS (f7f4f68911098ded9070581376833716)] -> xpath: //span[text()='Messages']]
[INFO ][02-Jul-2024 15:28:03 PM] Selenium_Wrapper.click:(205) - Clicking on :[[ChromeDriver: chrome on WINDOWS (f7f4f68911098ded9070581376833716)] -> xpath: //div[contains(@class,'cke_wysiwyg_div ')]]
[INFO ][02-Jul-2024 15:28:07 PM] Selenium_Wrapper.enterText:(317) - Entering Text :It is working as per Expected in WebElement :[[ChromeDriver: chrome on WINDOWS (f7f4f68911098ded9070581376833716)] -> xpath: //div[contains(@class,'cke_wysiwyg_div ')]]
[INFO ][02-Jul-2024 15:28:13 PM] Selenium_Wrapper.click:(205) - Clicking on :[[ChromeDriver: chrome on WINDOWS (f7f4f68911098ded9070581376833716)] -> xpath: //div[@class='ws-toolbar-button-image bui-icon save-icon fa-lg']]
[INFO ][02-Jul-2024 15:28:18 PM] Selenium_Wrapper.click:(205) - Clicking on :[[ChromeDriver: chrome on WINDOWS (f7f4f68911098ded9070581376833716)] -> xpath: //span[text()='Summary']]
[INFO ][02-Jul-2024 15:28:25 PM] Selenium_Wrapper.clickUsingActions:(255) - Clicking on :[[ChromeDriver: chrome on WINDOWS (f7f4f68911098ded9070581376833716)] -> xpath: //div[contains(@id,'Incident_Status')][@class='display-text']]
[INFO ][02-Jul-2024 15:28:30 PM] Selenium_Wrapper.click:(205) - Clicking on :[[ChromeDriver: chrome on WINDOWS (f7f4f68911098ded9070581376833716)] -> xpath: (//div[@title='Solved'])[1]]
[INFO ][02-Jul-2024 15:28:34 PM] Selenium_Wrapper.click:(205) - Clicking on :[[ChromeDriver: chrome on WINDOWS (f7f4f68911098ded9070581376833716)] -> xpath: //div[@class='ws-toolbar-button-image bui-icon save-icon fa-lg']]
[INFO ][02-Jul-2024 15:28:40 PM] Selenium_Wrapper.click:(205) - Clicking on :[[ChromeDriver: chrome on WINDOWS (f7f4f68911098ded9070581376833716)] -> xpath: (//a[@class='closeButton'])[3]]
[INFO ][02-Jul-2024 15:28:44 PM] Selenium_Wrapper.click:(205) - Clicking on :[[ChromeDriver: chrome on WINDOWS (f7f4f68911098ded9070581376833716)] -> xpath: (//a[@class='closeButton'])[2]]
[INFO ][02-Jul-2024 15:28:49 PM] Selenium_Wrapper.click:(205) - Clicking on :[[ChromeDriver: chrome on WINDOWS (f7f4f68911098ded9070581376833716)] -> xpath: (//a[@class='closeButton'])[1]]
[INFO ][02-Jul-2024 15:28:56 PM] Selenium_Wrapper.click:(205) - Clicking on :[[ChromeDriver: chrome on WINDOWS (f7f4f68911098ded9070581376833716)] -> xpath: //body//oj-avatar[@initials='[[userMenuLabel]]']]
[INFO ][02-Jul-2024 15:29:00 PM] Selenium_Wrapper.click:(205) - Clicking on :[[ChromeDriver: chrome on WINDOWS (f7f4f68911098ded9070581376833716)] -> xpath: //a//span[text()='Sign Out']]
[INFO ][02-Jul-2024 15:29:05 PM] Selenium_Wrapper.closeCurrentBrowser:(657) - Closing the current Browser
