[INFO ][07-May-2024 15:27:11 PM] Selenium_Wrapper.openBrowser:(54) - Opening chrome browser.
[INFO ][07-May-2024 15:27:29 PM] Selenium_Wrapper.enterURL:(88) - Entering url :https://macu1--tst1.custhelp.com/app/home
[INFO ][07-May-2024 15:27:33 PM] Selenium_Wrapper.enterText:(317) - Entering Text :swamyk in WebElement :[[ChromeDriver: chrome on WINDOWS (c6b0124ce1381731956bdc1aff8b2a74)] -> id: rn_LoginForm_2_Username]
[INFO ][07-May-2024 15:27:35 PM] Selenium_Wrapper.enterText:(317) - Entering Text :Soft@123 in WebElement :[[ChromeDriver: chrome on WINDOWS (c6b0124ce1381731956bdc1aff8b2a74)] -> id: rn_LoginForm_2_Password]
[INFO ][07-May-2024 15:27:39 PM] Selenium_Wrapper.click:(205) - Clicking on :[[ChromeDriver: chrome on WINDOWS (c6b0124ce1381731956bdc1aff8b2a74)] -> id: rn_LoginForm_2_Submit]
[INFO ][07-May-2024 15:27:47 PM] Selenium_Wrapper.click:(205) - Clicking on :[[ChromeDriver: chrome on WINDOWS (c6b0124ce1381731956bdc1aff8b2a74)] -> xpath: //input[@type='search']]
[INFO ][07-May-2024 15:27:49 PM] Selenium_Wrapper.enterText:(317) - Entering Text :Business Use Auto Loan in WebElement :[[ChromeDriver: chrome on WINDOWS (c6b0124ce1381731956bdc1aff8b2a74)] -> xpath: //input[@type='search']]
[INFO ][07-May-2024 15:28:00 PM] Selenium_Wrapper.click:(205) - Clicking on :[[ChromeDriver: chrome on WINDOWS (c6b0124ce1381731956bdc1aff8b2a74)] -> xpath: //ul[@aria-label='Suggested Search']//li[normalize-space()='Business Use Auto Loan']]
[INFO ][07-May-2024 15:28:04 PM] Selenium_Wrapper.click:(205) - Clicking on :[[ChromeDriver: chrome on WINDOWS (c6b0124ce1381731956bdc1aff8b2a74)] -> xpath: //div[@class='rn_SearchResultContent']//a[text()='Business Use Auto Loan']]
[INFO ][07-May-2024 15:28:25 PM] Selenium_Wrapper.click:(205) - Clicking on :[[ChromeDriver: chrome on WINDOWS (c6b0124ce1381731956bdc1aff8b2a74)] -> id: relatedPages_headingOne]
[INFO ][07-May-2024 15:28:29 PM] Selenium_Wrapper.click:(205) - Clicking on :[[ChromeDriver: chrome on WINDOWS (c6b0124ce1381731956bdc1aff8b2a74)] -> id: relatedPages_headingOne]
[INFO ][07-May-2024 15:28:37 PM] Selenium_Wrapper.click:(205) - Clicking on :[[ChromeDriver: chrome on WINDOWS (c6b0124ce1381731956bdc1aff8b2a74)] -> id: rn_SearchHome_17_SearchInput]
[INFO ][07-May-2024 15:28:38 PM] Selenium_Wrapper.enterText:(317) - Entering Text :Business Use Auto Loan in WebElement :[[ChromeDriver: chrome on WINDOWS (c6b0124ce1381731956bdc1aff8b2a74)] -> id: rn_SearchHome_17_SearchInput]
[INFO ][07-May-2024 15:28:47 PM] Selenium_Wrapper.click:(205) - Clicking on :[[ChromeDriver: chrome on WINDOWS (c6b0124ce1381731956bdc1aff8b2a74)] -> xpath: //ul[@aria-label='Suggested Search']//li[@class='rn_SuggestionItem'][normalize-space()='Business Use Auto Loan']]
[INFO ][07-May-2024 15:28:52 PM] Selenium_Wrapper.click:(205) - Clicking on :[[ChromeDriver: chrome on WINDOWS (c6b0124ce1381731956bdc1aff8b2a74)] -> xpath: //div[@class='rn_SearchResultContent']//a[text()='Business Use Auto Loan']]
[INFO ][07-May-2024 15:29:06 PM] Selenium_Wrapper.click:(205) - Clicking on :[[ChromeDriver: chrome on WINDOWS (c6b0124ce1381731956bdc1aff8b2a74)] -> xpath: //button[@class='rn_RecommendContentButton p-0']]
[INFO ][07-May-2024 15:29:07 PM] Selenium_Wrapper.enterText:(317) - Entering Text :Test Improve, comments, updates in WebElement :[[ChromeDriver: chrome on WINDOWS (c6b0124ce1381731956bdc1aff8b2a74)] -> id: rn_RequestUpdate_25_Description]
[INFO ][07-May-2024 15:29:09 PM] Selenium_Wrapper.click:(205) - Clicking on :[[ChromeDriver: chrome on WINDOWS (c6b0124ce1381731956bdc1aff8b2a74)] -> xpath: //button[text()='Submit']]
[INFO ][07-May-2024 15:29:19 PM] Selenium_Wrapper.click:(205) - Clicking on :[[ChromeDriver: chrome on WINDOWS (c6b0124ce1381731956bdc1aff8b2a74)] -> xpath: //div[@id='rnDialog2']//button[@type='button']]
[INFO ][07-May-2024 15:29:30 PM] Selenium_Wrapper.click:(205) - Clicking on :[[ChromeDriver: chrome on WINDOWS (c6b0124ce1381731956bdc1aff8b2a74)] -> class name: knowledge]
[INFO ][07-May-2024 15:29:34 PM] Selenium_Wrapper.click:(205) - Clicking on :[[ChromeDriver: chrome on WINDOWS (c6b0124ce1381731956bdc1aff8b2a74)] -> xpath: //div[@class='dropdown']]
[ERROR][07-May-2024 15:31:16 PM] Selenium_Wrapper.waitTillVisible:(270) - org.openqa.selenium.TimeoutException: Expected condition failed: waiting for visibility of [[ChromeDriver: chrome on WINDOWS (c6b0124ce1381731956bdc1aff8b2a74)] -> xpath: //a[text()='My Feedback']] (tried for 100 second(s) with 500 milliseconds interval)
Build info: version: '3.141.59', revision: 'e82be7d358', time: '2018-11-14T08:17:03'
System info: host: 'SC-CAF-CND84305', ip: '172.26.9.155', os.name: 'Windows 10', os.arch: 'amd64', os.version: '10.0', java.version: '21.0.2'
Driver info: org.openqa.selenium.chrome.ChromeDriver
Capabilities {acceptInsecureCerts: false, browserName: chrome, browserVersion: 124.0.6367.119, chrome: {chromedriverVersion: 123.0.6312.58 (6b4b19e9dfbb..., userDataDir: C:\Users\SWAMYK~1\AppData\L...}, fedcm:accounts: true, goog:chromeOptions: {debuggerAddress: localhost:61641}, javascriptEnabled: true, networkConnectionEnabled: false, pageLoadStrategy: normal, platform: WINDOWS, platformName: WINDOWS, proxy: Proxy(), setWindowRect: true, strictFileInteractability: false, timeouts: {implicit: 0, pageLoad: 300000, script: 30000}, unhandledPromptBehavior: dismiss and notify, webauthn:extension:credBlob: true, webauthn:extension:largeBlob: true, webauthn:extension:minPinLength: true, webauthn:extension:prf: true, webauthn:virtualAuthenticators: true}
Session ID: c6b0124ce1381731956bdc1aff8b2a74
