[INFO ][06-Feb-2024 15:28:26 PM] Selenium_Wrapper.openBrowser:(48) - Opening chrome browser.
[INFO ][06-Feb-2024 15:28:29 PM] Selenium_Wrapper.enterURL:(82) - Entering url :https://macu1--tst1.custhelp.com/AgentWeb/
[INFO ][06-Feb-2024 15:28:33 PM] Selenium_Wrapper.enterText:(311) - Entering Text :automation_testing in WebElement :[[ChromeDriver: chrome on WINDOWS (a8335066eee22cacd3d9492528449cc6)] -> id: username]
[INFO ][06-Feb-2024 15:28:34 PM] Selenium_Wrapper.enterText:(311) - Entering Text :Welcome123 in WebElement :[[ChromeDriver: chrome on WINDOWS (a8335066eee22cacd3d9492528449cc6)] -> id: password]
[INFO ][06-Feb-2024 15:28:46 PM] Selenium_Wrapper.click:(199) - Clicking on :[[ChromeDriver: chrome on WINDOWS (a8335066eee22cacd3d9492528449cc6)] -> id: loginbutton]
[INFO ][06-Feb-2024 15:29:10 PM] Selenium_Wrapper.click:(199) - Clicking on :[[ChromeDriver: chrome on WINDOWS (a8335066eee22cacd3d9492528449cc6)] -> xpath: //oj-button[@id='navigationSetBtn']]
[INFO ][06-Feb-2024 15:29:19 PM] Selenium_Wrapper.click:(199) - Clicking on :[[ChromeDriver: chrome on WINDOWS (a8335066eee22cacd3d9492528449cc6)] -> xpath: //div[text()='Analytics']]
[INFO ][06-Feb-2024 15:29:24 PM] Selenium_Wrapper.click:(199) - Clicking on :[[ChromeDriver: chrome on WINDOWS (a8335066eee22cacd3d9492528449cc6)] -> xpath: //span[text()='Reports Explorer']]
[INFO ][06-Feb-2024 15:29:30 PM] Selenium_Wrapper.click:(199) - Clicking on :[[ChromeDriver: chrome on WINDOWS (a8335066eee22cacd3d9492528449cc6)] -> xpath: //div[text()='Public Reports']]
[INFO ][06-Feb-2024 15:29:35 PM] Selenium_Wrapper.click:(199) - Clicking on :[[ChromeDriver: chrome on WINDOWS (a8335066eee22cacd3d9492528449cc6)] -> xpath: //div[text()='MACU CUSTOM REPORTS']]
[INFO ][06-Feb-2024 15:29:40 PM] Selenium_Wrapper.click:(199) - Clicking on :[[ChromeDriver: chrome on WINDOWS (a8335066eee22cacd3d9492528449cc6)] -> xpath: //div[text()='SoftClouds']]
[INFO ][06-Feb-2024 15:29:45 PM] Selenium_Wrapper.click:(199) - Clicking on :[[ChromeDriver: chrome on WINDOWS (a8335066eee22cacd3d9492528449cc6)] -> xpath: //div[text()='OKCS']]
[INFO ][06-Feb-2024 15:29:53 PM] Selenium_Wrapper.doubleClick:(280) - Double clicking on :[[ChromeDriver: chrome on WINDOWS (a8335066eee22cacd3d9492528449cc6)] -> xpath: //div[@class='explorer-right-panel']//div[@class='explorer-data-grid']//span[text()='Feedback Admin Report']]
[INFO ][06-Feb-2024 15:30:09 PM] Selenium_Wrapper.click:(199) - Clicking on :[[ChromeDriver: chrome on WINDOWS (a8335066eee22cacd3d9492528449cc6)] -> xpath: //div[@class='container wsx-flex']//div[@class='analyticsTopSection']//div[@class='select-box-root select-box-display-text-active']]
[INFO ][06-Feb-2024 15:30:30 PM] Selenium_Wrapper.click:(199) - Clicking on :[[ChromeDriver: chrome on WINDOWS (a8335066eee22cacd3d9492528449cc6)] -> xpath: (//span[text()='Search'])[2]]
[INFO ][06-Feb-2024 15:30:39 PM] Selenium_Wrapper.doubleClick:(280) - Double clicking on :[[ChromeDriver: chrome on WINDOWS (a8335066eee22cacd3d9492528449cc6)] -> xpath: //div[@class='container wsx-flex']//div[contains(@column-id,'2')][1]]
[INFO ][06-Feb-2024 15:30:53 PM] Selenium_Wrapper.click:(199) - Clicking on :[[ChromeDriver: chrome on WINDOWS (a8335066eee22cacd3d9492528449cc6)] -> xpath: //span[text()='Messages']]
[INFO ][06-Feb-2024 15:30:59 PM] Selenium_Wrapper.click:(199) - Clicking on :[[ChromeDriver: chrome on WINDOWS (a8335066eee22cacd3d9492528449cc6)] -> xpath: //div[contains(@class,'cke_wysiwyg_div ')]]
[INFO ][06-Feb-2024 15:31:00 PM] Selenium_Wrapper.enterText:(311) - Entering Text :It is working as per Expected in WebElement :[[ChromeDriver: chrome on WINDOWS (a8335066eee22cacd3d9492528449cc6)] -> xpath: //div[contains(@class,'cke_wysiwyg_div ')]]
[INFO ][06-Feb-2024 15:31:05 PM] Selenium_Wrapper.click:(199) - Clicking on :[[ChromeDriver: chrome on WINDOWS (a8335066eee22cacd3d9492528449cc6)] -> xpath: //div[@class='ws-toolbar-button-image bui-icon save-icon fa-lg']]
[INFO ][06-Feb-2024 15:31:11 PM] Selenium_Wrapper.click:(199) - Clicking on :[[ChromeDriver: chrome on WINDOWS (a8335066eee22cacd3d9492528449cc6)] -> xpath: //span[text()='Summary']]
[INFO ][06-Feb-2024 15:31:18 PM] Selenium_Wrapper.clickUsingActions:(249) - Clicking on :[[ChromeDriver: chrome on WINDOWS (a8335066eee22cacd3d9492528449cc6)] -> xpath: //div[contains(@id,'Incident_Status')][@class='display-text']]
[INFO ][06-Feb-2024 15:31:26 PM] Selenium_Wrapper.click:(199) - Clicking on :[[ChromeDriver: chrome on WINDOWS (a8335066eee22cacd3d9492528449cc6)] -> xpath: (//div[@title='Solved'])[1]]
[INFO ][06-Feb-2024 15:31:33 PM] Selenium_Wrapper.click:(199) - Clicking on :[[ChromeDriver: chrome on WINDOWS (a8335066eee22cacd3d9492528449cc6)] -> xpath: //div[@class='ws-toolbar-button-image bui-icon save-icon fa-lg']]
[INFO ][06-Feb-2024 15:31:42 PM] Selenium_Wrapper.click:(199) - Clicking on :[[ChromeDriver: chrome on WINDOWS (a8335066eee22cacd3d9492528449cc6)] -> xpath: (//a[@class='closeButton'])[3]]
[INFO ][06-Feb-2024 15:31:50 PM] Selenium_Wrapper.click:(199) - Clicking on :[[ChromeDriver: chrome on WINDOWS (a8335066eee22cacd3d9492528449cc6)] -> xpath: (//a[@class='closeButton'])[2]]
[INFO ][06-Feb-2024 15:31:57 PM] Selenium_Wrapper.click:(199) - Clicking on :[[ChromeDriver: chrome on WINDOWS (a8335066eee22cacd3d9492528449cc6)] -> xpath: (//a[@class='closeButton'])[1]]
[INFO ][06-Feb-2024 15:32:05 PM] Selenium_Wrapper.click:(199) - Clicking on :[[ChromeDriver: chrome on WINDOWS (a8335066eee22cacd3d9492528449cc6)] -> xpath: //body//oj-avatar[@initials='[[userMenuLabel]]']]
[INFO ][06-Feb-2024 15:32:12 PM] Selenium_Wrapper.click:(199) - Clicking on :[[ChromeDriver: chrome on WINDOWS (a8335066eee22cacd3d9492528449cc6)] -> xpath: //a//span[text()='Sign Out']]
[INFO ][06-Feb-2024 15:32:17 PM] Selenium_Wrapper.closeCurrentBrowser:(651) - Closing the current Browser
