[INFO ][22-Feb-2023 15:39:43 PM] Selenium_Wrapper.openBrowser:(48) - Opening chrome browser.
[INFO ][22-Feb-2023 15:39:48 PM] Selenium_Wrapper.enterURL:(82) - Entering url :https://macu1--upgrade.custhelp.com/AgentWeb/
[INFO ][22-Feb-2023 15:39:53 PM] Selenium_Wrapper.enterText:(311) - Entering Text :automation_testing in WebElement :[[ChromeDriver: chrome on WINDOWS (e6c241f6d3fb59343d0da123034f26bc)] -> id: username]
[INFO ][22-Feb-2023 15:39:54 PM] Selenium_Wrapper.enterText:(311) - Entering Text :Welcome123 in WebElement :[[ChromeDriver: chrome on WINDOWS (e6c241f6d3fb59343d0da123034f26bc)] -> id: password]
[INFO ][22-Feb-2023 15:40:21 PM] Selenium_Wrapper.click:(199) - Clicking on :[[ChromeDriver: chrome on WINDOWS (e6c241f6d3fb59343d0da123034f26bc)] -> id: loginbutton]
[INFO ][22-Feb-2023 15:40:32 PM] Selenium_Wrapper.click:(199) - Clicking on :[[ChromeDriver: chrome on WINDOWS (e6c241f6d3fb59343d0da123034f26bc)] -> id: navigationSetBtn]
[INFO ][22-Feb-2023 15:40:37 PM] Selenium_Wrapper.click:(199) - Clicking on :[[ChromeDriver: chrome on WINDOWS (e6c241f6d3fb59343d0da123034f26bc)] -> xpath: (//div[text()='Configuration']//a)]
[INFO ][22-Feb-2023 15:40:43 PM] Selenium_Wrapper.click:(199) - Clicking on :[[ChromeDriver: chrome on WINDOWS (e6c241f6d3fb59343d0da123034f26bc)] -> xpath: (//div[text()='Service']//a)]
[INFO ][22-Feb-2023 15:40:48 PM] Selenium_Wrapper.click:(199) - Clicking on :[[ChromeDriver: chrome on WINDOWS (e6c241f6d3fb59343d0da123034f26bc)] -> xpath: (//div[text()='Knowledge Advanced']//a)]
[INFO ][22-Feb-2023 15:40:53 PM] Selenium_Wrapper.click:(199) - Clicking on :[[ChromeDriver: chrome on WINDOWS (e6c241f6d3fb59343d0da123034f26bc)] -> xpath: //span[text()='Authoring']]
[INFO ][22-Feb-2023 15:41:10 PM] Selenium_Wrapper.click:(199) - Clicking on :[[ChromeDriver: chrome on WINDOWS (e6c241f6d3fb59343d0da123034f26bc)] -> xpath: //div[@id='rntab']//ul//li[@testidentifier='MainNavBar_Content']//a]
[INFO ][22-Feb-2023 15:41:28 PM] Selenium_Wrapper.click:(199) - Clicking on :[[ChromeDriver: chrome on WINDOWS (e6c241f6d3fb59343d0da123034f26bc)] -> xpath: //div[text()='Process']//following-sibling::a[@testidentifier='ContentNavBar_Add_Process']]
[INFO ][22-Feb-2023 15:41:31 PM] Selenium_Wrapper.enterText:(311) - Entering Text :TestingArticle in WebElement :[[ChromeDriver: chrome on WINDOWS (e6c241f6d3fb59343d0da123034f26bc)] -> xpath: //input[@testidentifier='Content_ContentType_Add_SUMMARY']]
[INFO ][22-Feb-2023 15:41:35 PM] Selenium_Wrapper.enterText:(311) - Entering Text :Criticals in WebElement :[[ChromeDriver: chrome on WINDOWS (e6c241f6d3fb59343d0da123034f26bc)] -> xpath: //input[@testidentifier='Content_ContentType_Add_KEYWORD']]
[INFO ][22-Feb-2023 15:41:42 PM] Selenium_Wrapper.click:(199) - Clicking on :[[ChromeDriver: chrome on WINDOWS (e6c241f6d3fb59343d0da123034f26bc)] -> xpath: ((//span[@class='cke_bottom cke_reset_all'])[1]//preceding-sibling::*)[2]]
[INFO ][22-Feb-2023 15:41:50 PM] Selenium_Wrapper.enterText:(311) - Entering Text :contentinfo 'Reach out to your immediate supervisor with questions.' in WebElement :[[ChromeDriver: chrome on WINDOWS (e6c241f6d3fb59343d0da123034f26bc)] -> xpath: //body[@class='cke_editable cke_editable_themed cke_contents_ltr cke_show_borders']]
[INFO ][22-Feb-2023 15:42:01 PM] Selenium_Wrapper.click:(199) - Clicking on :[[ChromeDriver: chrome on WINDOWS (e6c241f6d3fb59343d0da123034f26bc)] -> xpath: ((//span[@class='cke_bottom cke_reset_all'])[2]//preceding-sibling::*)[2]]
[INFO ][22-Feb-2023 15:42:11 PM] Selenium_Wrapper.enterText:(311) - Entering Text :COVID-19 Update:  Find additional information on COVID-19 Branch & Service Center Operations\n * Vaccine\n * Similar to the flu shot, we encourage you to take a lunch hour or go after work if you choose to receive the vaccine.\n * You should be able to easily schedule a time to receive a vaccine. * Take PTO if an adverse reaction occurs. * Take PTO if an adverse reaction occurs * First URL of the pageArticle Link * Second URL of the page * Third URL of the page * The few documented cases of a stronger reaction indicate that the affects typically last one to two days. * Have an open conversation with your manager if other accommodations are necessary. * The cost of the vaccine is covered by insurance. * Mask Mandates * As the counties and health departments begin to relax their mask mandates, MACU will address this as follows: * The mask mandate requirement for team members will remain in place for the foreseeable future. * Mask guidance for members will follow State, County and Health department guidelines for those areas. * Personal Protection Equipment (PPE) * Order masks and other PArticle LinkPE by submitting a ServiceNow Facilities ticket. * Items available * Cotopaxi masks ($7 each) * Hand sanitizer * Gloves * Disposable masks * Sanitation wipes * Employee Resources * Mountain America is here for you! Check out these resources: * MACU Desktop Citrix ReceiverWorkspace Step-by-Step Surface Devices Step-by-Step * Microsoft Teams Step-by-Step * Multi-Factor Authentication (MFA) Step-by-Step * Remote Work Agreement * Setting up Your New Laptop * Surface Devices Step-by-Step in WebElement :[[ChromeDriver: chrome on WINDOWS (e6c241f6d3fb59343d0da123034f26bc)] -> xpath: //body[@class='cke_editable cke_editable_themed cke_contents_ltr cke_show_borders']]
[INFO ][22-Feb-2023 15:42:20 PM] Selenium_Wrapper.click:(199) - Clicking on :[[ChromeDriver: chrome on WINDOWS (e6c241f6d3fb59343d0da123034f26bc)] -> xpath: //span[text()='Jump To']]
[INFO ][22-Feb-2023 15:42:28 PM] Selenium_Wrapper.click:(199) - Clicking on :[[ChromeDriver: chrome on WINDOWS (e6c241f6d3fb59343d0da123034f26bc)] -> xpath: (//a[@class='cke_button cke_button__image cke_button_off'])[3]]
[INFO ][22-Feb-2023 15:42:35 PM] Selenium_Wrapper.click:(199) - Clicking on :[[ChromeDriver: chrome on WINDOWS (e6c241f6d3fb59343d0da123034f26bc)] -> xpath: (//span[text()='Browse Server'])[1]]
[INFO ][22-Feb-2023 15:42:56 PM] Selenium_Wrapper.click:(199) - Clicking on :[[ChromeDriver: chrome on WINDOWS (e6c241f6d3fb59343d0da123034f26bc)] -> xpath: //a[text()='MACU_VIEW']]
[INFO ][22-Feb-2023 15:43:15 PM] Selenium_Wrapper.click:(199) - Clicking on :[[ChromeDriver: chrome on WINDOWS (e6c241f6d3fb59343d0da123034f26bc)] -> xpath: //table//span[text()='OK']]
[INFO ][22-Feb-2023 15:43:30 PM] Selenium_Wrapper.click:(199) - Clicking on :[[ChromeDriver: chrome on WINDOWS (e6c241f6d3fb59343d0da123034f26bc)] -> xpath: (//span[@class='cke_button_icon cke_button__addarticlelink_icon'])[4]]
[INFO ][22-Feb-2023 15:43:37 PM] Selenium_Wrapper.enterText:(311) - Entering Text :1000124 in WebElement :[[ChromeDriver: chrome on WINDOWS (e6c241f6d3fb59343d0da123034f26bc)] -> xpath: (//div[text()='Article Link']//following::input)[3]]
[INFO ][22-Feb-2023 15:43:38 PM] Selenium_Wrapper.enterText:(311) - Entering Text :Article Link in WebElement :[[ChromeDriver: chrome on WINDOWS (e6c241f6d3fb59343d0da123034f26bc)] -> xpath: (//div[text()='Article Link']//following::input)[5]]
[INFO ][22-Feb-2023 15:43:43 PM] Selenium_Wrapper.click:(199) - Clicking on :[[ChromeDriver: chrome on WINDOWS (e6c241f6d3fb59343d0da123034f26bc)] -> xpath: (//div[@class='cke_dialog_body']//span[text()='OK'])[2]]
[INFO ][22-Feb-2023 15:43:51 PM] Selenium_Wrapper.click:(199) - Clicking on :[[ChromeDriver: chrome on WINDOWS (e6c241f6d3fb59343d0da123034f26bc)] -> xpath: ((//span[@class='cke_bottom cke_reset_all'])[5]//preceding-sibling::*)[2]]
[INFO ][22-Feb-2023 15:43:56 PM] Selenium_Wrapper.enterText:(311) - Entering Text :BasicInfo - Remote Work * -Use the following resources when connecting to work applications remotely in WebElement :[[ChromeDriver: chrome on WINDOWS (e6c241f6d3fb59343d0da123034f26bc)] -> xpath: //body[@class='cke_editable cke_editable_themed cke_contents_ltr cke_show_borders']]
[INFO ][22-Feb-2023 15:44:08 PM] Selenium_Wrapper.click:(199) - Clicking on :[[ChromeDriver: chrome on WINDOWS (e6c241f6d3fb59343d0da123034f26bc)] -> xpath: ((//span[@class='cke_bottom cke_reset_all'])[6]//preceding-sibling::*)[2]]
[INFO ][22-Feb-2023 15:44:14 PM] Selenium_Wrapper.enterText:(311) - Entering Text :BasicContactInfo -Remote Work * -Use the following resources when connecting to work applications remotely * -Cisco Finesse Step-by-Step * -Cisco Jabber Step-by-Step * -Electronic Communication and Information Basic Info * -Extend Surface Device Battery Life Step-by-Step * -MACU Desktop Citrix ReceiverWorkspace Step-by-Step Surface Devices Step-by-Step * -Microsoft Teams Step-by-Step * -Multi-Factor Authentication (MFA) Step-by-Step * -Remote Work Agreement * -Setting up Your New Laptop * -Surface Devices Step-by-Step in WebElement :[[ChromeDriver: chrome on WINDOWS (e6c241f6d3fb59343d0da123034f26bc)] -> xpath: //body[@class='cke_editable cke_editable_themed cke_contents_ltr cke_show_borders']]
[INFO ][22-Feb-2023 15:44:25 PM] Selenium_Wrapper.click:(199) - Clicking on :[[ChromeDriver: chrome on WINDOWS (e6c241f6d3fb59343d0da123034f26bc)] -> xpath: ((//span[@class='cke_bottom cke_reset_all'])[7]//preceding-sibling::*)[2]]
[INFO ][22-Feb-2023 15:44:31 PM] Selenium_Wrapper.enterText:(311) - Entering Text :Steps- Employee Resources in WebElement :[[ChromeDriver: chrome on WINDOWS (e6c241f6d3fb59343d0da123034f26bc)] -> xpath: //body[@class='cke_editable cke_editable_themed cke_contents_ltr cke_show_borders']]
[INFO ][22-Feb-2023 15:44:42 PM] Selenium_Wrapper.click:(199) - Clicking on :[[ChromeDriver: chrome on WINDOWS (e6c241f6d3fb59343d0da123034f26bc)] -> xpath: ((//span[@class='cke_bottom cke_reset_all'])[8]//preceding-sibling::*)[2]]
[INFO ][22-Feb-2023 15:44:48 PM] Selenium_Wrapper.enterText:(311) - Entering Text :StepsContactInfo - Mountain America is here for you! Check out these resources: * Report COVID-19 in the Workplace * Contact Tracing for COVID-19 * COVID-19 Pay Options * Corporate FSR * Employee Assistance Program (EAP) * Employee Loans * Infectious Disease * MACU Facility Standards * Mountain America Center Meetings & Events * Medical Leave of Absence * Personal Time Off (PTO) * Tanner Meetings & Events * Thrive Clinic * The CareATC Patient Access Center is currently performing all appointment scheduling activities. Our clinics are not currently accepting walk-in or self-scheduled patients. To schedule an appointment, contact the clinic 800-993-8244. * Thrive Fitness Centers * Travel Pay *Traveling Branch Employees in WebElement :[[ChromeDriver: chrome on WINDOWS (e6c241f6d3fb59343d0da123034f26bc)] -> xpath: //body[@class='cke_editable cke_editable_themed cke_contents_ltr cke_show_borders']]
[INFO ][22-Feb-2023 15:44:58 PM] Selenium_Wrapper.click:(199) - Clicking on :[[ChromeDriver: chrome on WINDOWS (e6c241f6d3fb59343d0da123034f26bc)] -> xpath: ((//span[@class='cke_bottom cke_reset_all'])[9]//preceding-sibling::*)[2]]
[INFO ][22-Feb-2023 15:45:03 PM] Selenium_Wrapper.enterText:(311) - Entering Text :Forms_Resources - Mask Mandates in WebElement :[[ChromeDriver: chrome on WINDOWS (e6c241f6d3fb59343d0da123034f26bc)] -> xpath: //body[@class='cke_editable cke_editable_themed cke_contents_ltr cke_show_borders']]
[INFO ][22-Feb-2023 15:45:12 PM] Selenium_Wrapper.click:(199) - Clicking on :[[ChromeDriver: chrome on WINDOWS (e6c241f6d3fb59343d0da123034f26bc)] -> xpath: ((//span[@class='cke_bottom cke_reset_all'])[10]//preceding-sibling::*)[2]]
[INFO ][22-Feb-2023 15:45:20 PM] Selenium_Wrapper.enterText:(311) - Entering Text :Forms_Resources_Content- As the counties and health departments begin to relax their mask mandates, MACU will address this as follows: * The mask mandate requirement for team members will remain in place for the foreseeable future. * Mask guidance for members will follow State, County and Health department guidelines for those areas. in WebElement :[[ChromeDriver: chrome on WINDOWS (e6c241f6d3fb59343d0da123034f26bc)] -> xpath: //body[@class='cke_editable cke_editable_themed cke_contents_ltr cke_show_borders']]
[INFO ][22-Feb-2023 15:45:30 PM] Selenium_Wrapper.click:(199) - Clicking on :[[ChromeDriver: chrome on WINDOWS (e6c241f6d3fb59343d0da123034f26bc)] -> xpath: ((//span[@class='cke_bottom cke_reset_all'])[11]//preceding-sibling::*)[2]]
[INFO ][22-Feb-2023 15:45:35 PM] Selenium_Wrapper.enterText:(311) - Entering Text :SalesConnections-Sales Connections in WebElement :[[ChromeDriver: chrome on WINDOWS (e6c241f6d3fb59343d0da123034f26bc)] -> xpath: //body[@class='cke_editable cke_editable_themed cke_contents_ltr cke_show_borders']]
[INFO ][22-Feb-2023 15:45:44 PM] Selenium_Wrapper.click:(199) - Clicking on :[[ChromeDriver: chrome on WINDOWS (e6c241f6d3fb59343d0da123034f26bc)] -> xpath: ((//span[@class='cke_bottom cke_reset_all'])[12]//preceding-sibling::*)[2]]
[INFO ][22-Feb-2023 15:45:50 PM] Selenium_Wrapper.enterText:(311) - Entering Text :SalesConnectionsContent- As the counties and health departments begin to relax their mask mandates, MACU will address this as follows: * The mask mandate requirement for team members will remain in place for the foreseeable future. * Mask guidance for members will follow State, County and Health department guidelines for those areas. in WebElement :[[ChromeDriver: chrome on WINDOWS (e6c241f6d3fb59343d0da123034f26bc)] -> xpath: //body[@class='cke_editable cke_editable_themed cke_contents_ltr cke_show_borders']]
[INFO ][22-Feb-2023 15:45:59 PM] Selenium_Wrapper.click:(199) - Clicking on :[[ChromeDriver: chrome on WINDOWS (e6c241f6d3fb59343d0da123034f26bc)] -> xpath: ((//span[@class='cke_bottom cke_reset_all'])[13]//preceding-sibling::*)[2]]
[INFO ][22-Feb-2023 15:46:05 PM] Selenium_Wrapper.enterText:(311) - Entering Text :https://macu1--tst.custhelp.com/app/answers/macu_view/a_id/1000124 in WebElement :[[ChromeDriver: chrome on WINDOWS (e6c241f6d3fb59343d0da123034f26bc)] -> xpath: //body[@class='cke_editable cke_editable_themed cke_contents_ltr cke_show_borders']]
[INFO ][22-Feb-2023 15:46:16 PM] Selenium_Wrapper.click:(199) - Clicking on :[[ChromeDriver: chrome on WINDOWS (e6c241f6d3fb59343d0da123034f26bc)] -> xpath: //span[text()='Teams']//following::select//option[text()='Accounting & Finance']]
[INFO ][22-Feb-2023 15:46:22 PM] Selenium_Wrapper.click:(199) - Clicking on :[[ChromeDriver: chrome on WINDOWS (e6c241f6d3fb59343d0da123034f26bc)] -> xpath: //span[text()='Compliance']//preceding-sibling::input]
[INFO ][22-Feb-2023 15:46:27 PM] Selenium_Wrapper.click:(199) - Clicking on :[[ChromeDriver: chrome on WINDOWS (e6c241f6d3fb59343d0da123034f26bc)] -> xpath: //span[text()='No ']//preceding-sibling::input]
[INFO ][22-Feb-2023 15:46:32 PM] Selenium_Wrapper.click:(199) - Clicking on :[[ChromeDriver: chrome on WINDOWS (e6c241f6d3fb59343d0da123034f26bc)] -> xpath: //span[text()='Major Change']//preceding-sibling::input]
[INFO ][22-Feb-2023 15:46:38 PM] Selenium_Wrapper.click:(199) - Clicking on :[[ChromeDriver: chrome on WINDOWS (e6c241f6d3fb59343d0da123034f26bc)] -> xpath: //span[text()='Corporate/Branch/Service Center']//following::select//option[text()='Service Center']]
[INFO ][22-Feb-2023 15:46:43 PM] Selenium_Wrapper.click:(199) - Clicking on :[[ChromeDriver: chrome on WINDOWS (e6c241f6d3fb59343d0da123034f26bc)] -> xpath: //span[text()='Department']//following::select//option[text()='0004 SEG Development Team']]
[INFO ][22-Feb-2023 15:46:48 PM] Selenium_Wrapper.click:(199) - Clicking on :[[ChromeDriver: chrome on WINDOWS (e6c241f6d3fb59343d0da123034f26bc)] -> xpath: //span[text()='Manager Level']//following::select//option[text()='Assistant Manager']]
[INFO ][22-Feb-2023 15:46:53 PM] Selenium_Wrapper.click:(199) - Clicking on :[[ChromeDriver: chrome on WINDOWS (e6c241f6d3fb59343d0da123034f26bc)] -> xpath: //span[contains(text(),'time with')]//following::select//option[contains(text(),'1 Month ')]]
[INFO ][22-Feb-2023 15:46:58 PM] Selenium_Wrapper.click:(199) - Clicking on :[[ChromeDriver: chrome on WINDOWS (e6c241f6d3fb59343d0da123034f26bc)] -> xpath: //span[contains(text(),'Branch Name')]//following::select//option[contains(text(),'Albuquerque - Golf Course Road Branch')]]
[INFO ][22-Feb-2023 15:47:04 PM] Selenium_Wrapper.click:(199) - Clicking on :[[ChromeDriver: chrome on WINDOWS (e6c241f6d3fb59343d0da123034f26bc)] -> xpath: //span[contains(text(),'Branch Area')]//following::select//option[contains(text(),'Teton')]]
[INFO ][22-Feb-2023 15:47:09 PM] Selenium_Wrapper.click:(199) - Clicking on :[[ChromeDriver: chrome on WINDOWS (e6c241f6d3fb59343d0da123034f26bc)] -> xpath: (//span[contains(text(),'Primary Tag')]//following::select//option[contains(text(),'AAA')])[1]]
[INFO ][22-Feb-2023 15:47:14 PM] Selenium_Wrapper.click:(199) - Clicking on :[[ChromeDriver: chrome on WINDOWS (e6c241f6d3fb59343d0da123034f26bc)] -> xpath: (//span[contains(text(),'Primary Tag')]//following::select//option[contains(text(),'AAA')])[4]]
[INFO ][22-Feb-2023 15:47:19 PM] Selenium_Wrapper.click:(199) - Clicking on :[[ChromeDriver: chrome on WINDOWS (e6c241f6d3fb59343d0da123034f26bc)] -> xpath: (//span[contains(text(),'Primary Tag')]//following::select//option[contains(text(),'AAA')])[6]]
[INFO ][22-Feb-2023 15:47:25 PM] Selenium_Wrapper.click:(199) - Clicking on :[[ChromeDriver: chrome on WINDOWS (e6c241f6d3fb59343d0da123034f26bc)] -> xpath: (//td[text()=' Repository View Selection ']//following::a)[1]]
[INFO ][22-Feb-2023 15:47:30 PM] Selenium_Wrapper.click:(199) - Clicking on :[[ChromeDriver: chrome on WINDOWS (e6c241f6d3fb59343d0da123034f26bc)] -> xpath: (//td[text()=' Repository View Selection ']//following::input)[1]]
[INFO ][22-Feb-2023 15:47:36 PM] Selenium_Wrapper.click:(199) - Clicking on :[[ChromeDriver: chrome on WINDOWS (e6c241f6d3fb59343d0da123034f26bc)] -> xpath: //div[@id='AVAIL']//tr//td//span[text()='AAA']]
[ERROR][22-Feb-2023 15:47:46 PM] CreateNewArticleFlow.testCreateArticleFlow:(296) - Create Article  un-successfull
[ERROR][22-Feb-2023 15:47:52 PM] CreateNewArticleFlow.testPublishArticleFlow:(349) - Publish Article un-successfull
[INFO ][22-Feb-2023 15:47:54 PM] Selenium_Wrapper.openBrowser:(48) - Opening chrome browser.
