[INFO ][29-May-2023 15:36:13 PM] Selenium_Wrapper.openBrowser:(48) - Opening chrome browser.
[INFO ][29-May-2023 15:36:17 PM] Selenium_Wrapper.enterURL:(82) - Entering url :https://macu1--tst1.custhelp.com/AgentWeb/
[INFO ][29-May-2023 15:36:21 PM] Selenium_Wrapper.enterText:(311) - Entering Text :automation_testing in WebElement :[[ChromeDriver: chrome on WINDOWS (efaff2cc601f7e0c8dab3b79536396e9)] -> id: username]
[INFO ][29-May-2023 15:36:22 PM] Selenium_Wrapper.enterText:(311) - Entering Text :Welcome123 in WebElement :[[ChromeDriver: chrome on WINDOWS (efaff2cc601f7e0c8dab3b79536396e9)] -> id: password]
[INFO ][29-May-2023 15:36:57 PM] Selenium_Wrapper.click:(199) - Clicking on :[[ChromeDriver: chrome on WINDOWS (efaff2cc601f7e0c8dab3b79536396e9)] -> id: loginbutton]
[INFO ][29-May-2023 15:37:08 PM] Selenium_Wrapper.click:(199) - Clicking on :[[ChromeDriver: chrome on WINDOWS (efaff2cc601f7e0c8dab3b79536396e9)] -> id: navigationSetBtn]
[INFO ][29-May-2023 15:37:13 PM] Selenium_Wrapper.click:(199) - Clicking on :[[ChromeDriver: chrome on WINDOWS (efaff2cc601f7e0c8dab3b79536396e9)] -> xpath: (//div[text()='Configuration']//a)]
[INFO ][29-May-2023 15:37:19 PM] Selenium_Wrapper.click:(199) - Clicking on :[[ChromeDriver: chrome on WINDOWS (efaff2cc601f7e0c8dab3b79536396e9)] -> xpath: (//div[text()='Service']//a)]
[INFO ][29-May-2023 15:37:24 PM] Selenium_Wrapper.click:(199) - Clicking on :[[ChromeDriver: chrome on WINDOWS (efaff2cc601f7e0c8dab3b79536396e9)] -> xpath: (//div[text()='Knowledge Advanced']//a)]
[INFO ][29-May-2023 15:37:29 PM] Selenium_Wrapper.click:(199) - Clicking on :[[ChromeDriver: chrome on WINDOWS (efaff2cc601f7e0c8dab3b79536396e9)] -> xpath: //span[text()='Authoring']]
[INFO ][29-May-2023 15:37:44 PM] Selenium_Wrapper.click:(199) - Clicking on :[[ChromeDriver: chrome on WINDOWS (efaff2cc601f7e0c8dab3b79536396e9)] -> xpath: //div[@id='rntab']//ul//li[@testidentifier='MainNavBar_Content']//a]
[INFO ][29-May-2023 15:38:02 PM] Selenium_Wrapper.click:(199) - Clicking on :[[ChromeDriver: chrome on WINDOWS (efaff2cc601f7e0c8dab3b79536396e9)] -> xpath: //div[text()='Process']//following-sibling::a[@testidentifier='ContentNavBar_Add_Process']]
[INFO ][29-May-2023 15:38:06 PM] Selenium_Wrapper.enterText:(311) - Entering Text :TestingArticle in WebElement :[[ChromeDriver: chrome on WINDOWS (efaff2cc601f7e0c8dab3b79536396e9)] -> xpath: //input[@testidentifier='Content_ContentType_Add_SUMMARY']]
[INFO ][29-May-2023 15:38:09 PM] Selenium_Wrapper.enterText:(311) - Entering Text :Criticals in WebElement :[[ChromeDriver: chrome on WINDOWS (efaff2cc601f7e0c8dab3b79536396e9)] -> xpath: //input[@testidentifier='Content_ContentType_Add_KEYWORD']]
[INFO ][29-May-2023 15:38:16 PM] Selenium_Wrapper.click:(199) - Clicking on :[[ChromeDriver: chrome on WINDOWS (efaff2cc601f7e0c8dab3b79536396e9)] -> xpath: ((//span[@class='cke_bottom cke_reset_all'])[1]//preceding-sibling::*)[2]]
[INFO ][29-May-2023 15:38:24 PM] Selenium_Wrapper.enterText:(311) - Entering Text :contentinfo 'Reach out to your immediate supervisor with questions.' in WebElement :[[ChromeDriver: chrome on WINDOWS (efaff2cc601f7e0c8dab3b79536396e9)] -> xpath: //body[@class='cke_editable cke_editable_themed cke_contents_ltr cke_show_borders']]
[INFO ][29-May-2023 15:38:35 PM] Selenium_Wrapper.click:(199) - Clicking on :[[ChromeDriver: chrome on WINDOWS (efaff2cc601f7e0c8dab3b79536396e9)] -> xpath: ((//span[@class='cke_bottom cke_reset_all'])[2]//preceding-sibling::*)[2]]
[INFO ][29-May-2023 15:38:44 PM] Selenium_Wrapper.enterText:(311) - Entering Text :COVID-19 Update:  Find additional information on COVID-19 Branch & Service Center Operations\n * Vaccine\n * Similar to the flu shot, we encourage you to take a lunch hour or go after work if you choose to receive the vaccine.\n * You should be able to easily schedule a time to receive a vaccine. * Take PTO if an adverse reaction occurs. * Take PTO if an adverse reaction occurs * First URL of the pageArticle Link * Second URL of the page * Third URL of the page * The few documented cases of a stronger reaction indicate that the affects typically last one to two days. * Have an open conversation with your manager if other accommodations are necessary. * The cost of the vaccine is covered by insurance. * Mask Mandates * As the counties and health departments begin to relax their mask mandates, MACU will address this as follows: * The mask mandate requirement for team members will remain in place for the foreseeable future. * Mask guidance for members will follow State, County and Health department guidelines for those areas. * Personal Protection Equipment (PPE) * Order masks and other PArticle LinkPE by submitting a ServiceNow Facilities ticket. * Items available * Cotopaxi masks ($7 each) * Hand sanitizer * Gloves * Disposable masks * Sanitation wipes * Employee Resources * Mountain America is here for you! Check out these resources: * MACU Desktop Citrix ReceiverWorkspace Step-by-Step Surface Devices Step-by-Step * Microsoft Teams Step-by-Step * Multi-Factor Authentication (MFA) Step-by-Step * Remote Work Agreement * Setting up Your New Laptop * Surface Devices Step-by-Step in WebElement :[[ChromeDriver: chrome on WINDOWS (efaff2cc601f7e0c8dab3b79536396e9)] -> xpath: //body[@class='cke_editable cke_editable_themed cke_contents_ltr cke_show_borders']]
[INFO ][29-May-2023 15:38:53 PM] Selenium_Wrapper.click:(199) - Clicking on :[[ChromeDriver: chrome on WINDOWS (efaff2cc601f7e0c8dab3b79536396e9)] -> xpath: //span[text()='Jump To']]
[INFO ][29-May-2023 15:39:00 PM] Selenium_Wrapper.click:(199) - Clicking on :[[ChromeDriver: chrome on WINDOWS (efaff2cc601f7e0c8dab3b79536396e9)] -> xpath: (//a[@class='cke_button cke_button__image cke_button_off'])[3]]
[INFO ][29-May-2023 15:39:08 PM] Selenium_Wrapper.click:(199) - Clicking on :[[ChromeDriver: chrome on WINDOWS (efaff2cc601f7e0c8dab3b79536396e9)] -> xpath: (//span[text()='Browse Server'])[1]]
[INFO ][29-May-2023 15:39:28 PM] Selenium_Wrapper.click:(199) - Clicking on :[[ChromeDriver: chrome on WINDOWS (efaff2cc601f7e0c8dab3b79536396e9)] -> xpath: //a[text()='MACU_VIEW']]
[INFO ][29-May-2023 15:39:48 PM] Selenium_Wrapper.click:(199) - Clicking on :[[ChromeDriver: chrome on WINDOWS (efaff2cc601f7e0c8dab3b79536396e9)] -> xpath: //table//span[text()='OK']]
[INFO ][29-May-2023 15:40:02 PM] Selenium_Wrapper.click:(199) - Clicking on :[[ChromeDriver: chrome on WINDOWS (efaff2cc601f7e0c8dab3b79536396e9)] -> xpath: (//span[@class='cke_button_icon cke_button__addarticlelink_icon'])[4]]
[INFO ][29-May-2023 15:40:09 PM] Selenium_Wrapper.enterText:(311) - Entering Text :1000124 in WebElement :[[ChromeDriver: chrome on WINDOWS (efaff2cc601f7e0c8dab3b79536396e9)] -> xpath: (//div[text()='Article Link']//following::input)[3]]
[INFO ][29-May-2023 15:40:10 PM] Selenium_Wrapper.enterText:(311) - Entering Text :Article Link in WebElement :[[ChromeDriver: chrome on WINDOWS (efaff2cc601f7e0c8dab3b79536396e9)] -> xpath: (//div[text()='Article Link']//following::input)[5]]
[INFO ][29-May-2023 15:40:15 PM] Selenium_Wrapper.click:(199) - Clicking on :[[ChromeDriver: chrome on WINDOWS (efaff2cc601f7e0c8dab3b79536396e9)] -> xpath: (//div[@class='cke_dialog_body']//span[text()='OK'])[2]]
[INFO ][29-May-2023 15:40:23 PM] Selenium_Wrapper.click:(199) - Clicking on :[[ChromeDriver: chrome on WINDOWS (efaff2cc601f7e0c8dab3b79536396e9)] -> xpath: ((//span[@class='cke_bottom cke_reset_all'])[5]//preceding-sibling::*)[2]]
[INFO ][29-May-2023 15:40:28 PM] Selenium_Wrapper.enterText:(311) - Entering Text :BasicInfo - Remote Work * -Use the following resources when connecting to work applications remotely in WebElement :[[ChromeDriver: chrome on WINDOWS (efaff2cc601f7e0c8dab3b79536396e9)] -> xpath: //body[@class='cke_editable cke_editable_themed cke_contents_ltr cke_show_borders']]
[INFO ][29-May-2023 15:40:40 PM] Selenium_Wrapper.click:(199) - Clicking on :[[ChromeDriver: chrome on WINDOWS (efaff2cc601f7e0c8dab3b79536396e9)] -> xpath: ((//span[@class='cke_bottom cke_reset_all'])[6]//preceding-sibling::*)[2]]
[INFO ][29-May-2023 15:40:46 PM] Selenium_Wrapper.enterText:(311) - Entering Text :BasicContactInfo -Remote Work * -Use the following resources when connecting to work applications remotely * -Cisco Finesse Step-by-Step * -Cisco Jabber Step-by-Step * -Electronic Communication and Information Basic Info * -Extend Surface Device Battery Life Step-by-Step * -MACU Desktop Citrix ReceiverWorkspace Step-by-Step Surface Devices Step-by-Step * -Microsoft Teams Step-by-Step * -Multi-Factor Authentication (MFA) Step-by-Step * -Remote Work Agreement * -Setting up Your New Laptop * -Surface Devices Step-by-Step in WebElement :[[ChromeDriver: chrome on WINDOWS (efaff2cc601f7e0c8dab3b79536396e9)] -> xpath: //body[@class='cke_editable cke_editable_themed cke_contents_ltr cke_show_borders']]
[INFO ][29-May-2023 15:40:57 PM] Selenium_Wrapper.click:(199) - Clicking on :[[ChromeDriver: chrome on WINDOWS (efaff2cc601f7e0c8dab3b79536396e9)] -> xpath: ((//span[@class='cke_bottom cke_reset_all'])[7]//preceding-sibling::*)[2]]
[INFO ][29-May-2023 15:41:02 PM] Selenium_Wrapper.enterText:(311) - Entering Text :Steps- Employee Resources in WebElement :[[ChromeDriver: chrome on WINDOWS (efaff2cc601f7e0c8dab3b79536396e9)] -> xpath: //body[@class='cke_editable cke_editable_themed cke_contents_ltr cke_show_borders']]
[INFO ][29-May-2023 15:41:14 PM] Selenium_Wrapper.click:(199) - Clicking on :[[ChromeDriver: chrome on WINDOWS (efaff2cc601f7e0c8dab3b79536396e9)] -> xpath: ((//span[@class='cke_bottom cke_reset_all'])[8]//preceding-sibling::*)[2]]
[INFO ][29-May-2023 15:41:20 PM] Selenium_Wrapper.enterText:(311) - Entering Text :StepsContactInfo - Mountain America is here for you! Check out these resources: * Report COVID-19 in the Workplace * Contact Tracing for COVID-19 * COVID-19 Pay Options * Corporate FSR * Employee Assistance Program (EAP) * Employee Loans * Infectious Disease * MACU Facility Standards * Mountain America Center Meetings & Events * Medical Leave of Absence * Personal Time Off (PTO) * Tanner Meetings & Events * Thrive Clinic * The CareATC Patient Access Center is currently performing all appointment scheduling activities. Our clinics are not currently accepting walk-in or self-scheduled patients. To schedule an appointment, contact the clinic 800-993-8244. * Thrive Fitness Centers * Travel Pay *Traveling Branch Employees in WebElement :[[ChromeDriver: chrome on WINDOWS (efaff2cc601f7e0c8dab3b79536396e9)] -> xpath: //body[@class='cke_editable cke_editable_themed cke_contents_ltr cke_show_borders']]
[INFO ][29-May-2023 15:41:30 PM] Selenium_Wrapper.click:(199) - Clicking on :[[ChromeDriver: chrome on WINDOWS (efaff2cc601f7e0c8dab3b79536396e9)] -> xpath: ((//span[@class='cke_bottom cke_reset_all'])[9]//preceding-sibling::*)[2]]
[INFO ][29-May-2023 15:41:35 PM] Selenium_Wrapper.enterText:(311) - Entering Text :Forms_Resources - Mask Mandates in WebElement :[[ChromeDriver: chrome on WINDOWS (efaff2cc601f7e0c8dab3b79536396e9)] -> xpath: //body[@class='cke_editable cke_editable_themed cke_contents_ltr cke_show_borders']]
[INFO ][29-May-2023 15:41:44 PM] Selenium_Wrapper.click:(199) - Clicking on :[[ChromeDriver: chrome on WINDOWS (efaff2cc601f7e0c8dab3b79536396e9)] -> xpath: ((//span[@class='cke_bottom cke_reset_all'])[10]//preceding-sibling::*)[2]]
[INFO ][29-May-2023 15:41:52 PM] Selenium_Wrapper.enterText:(311) - Entering Text :Forms_Resources_Content- As the counties and health departments begin to relax their mask mandates, MACU will address this as follows: * The mask mandate requirement for team members will remain in place for the foreseeable future. * Mask guidance for members will follow State, County and Health department guidelines for those areas. in WebElement :[[ChromeDriver: chrome on WINDOWS (efaff2cc601f7e0c8dab3b79536396e9)] -> xpath: //body[@class='cke_editable cke_editable_themed cke_contents_ltr cke_show_borders']]
[INFO ][29-May-2023 15:42:01 PM] Selenium_Wrapper.click:(199) - Clicking on :[[ChromeDriver: chrome on WINDOWS (efaff2cc601f7e0c8dab3b79536396e9)] -> xpath: ((//span[@class='cke_bottom cke_reset_all'])[11]//preceding-sibling::*)[2]]
[INFO ][29-May-2023 15:42:07 PM] Selenium_Wrapper.enterText:(311) - Entering Text :SalesConnections-Sales Connections in WebElement :[[ChromeDriver: chrome on WINDOWS (efaff2cc601f7e0c8dab3b79536396e9)] -> xpath: //body[@class='cke_editable cke_editable_themed cke_contents_ltr cke_show_borders']]
[INFO ][29-May-2023 15:42:18 PM] Selenium_Wrapper.click:(199) - Clicking on :[[ChromeDriver: chrome on WINDOWS (efaff2cc601f7e0c8dab3b79536396e9)] -> xpath: //span[text()='Teams']//following::select//option[text()='Accounting & Finance']]
[INFO ][29-May-2023 15:42:24 PM] Selenium_Wrapper.click:(199) - Clicking on :[[ChromeDriver: chrome on WINDOWS (efaff2cc601f7e0c8dab3b79536396e9)] -> xpath: //span[text()='Compliance']//preceding-sibling::input]
[INFO ][29-May-2023 15:42:29 PM] Selenium_Wrapper.click:(199) - Clicking on :[[ChromeDriver: chrome on WINDOWS (efaff2cc601f7e0c8dab3b79536396e9)] -> xpath: //span[text()='No ']//preceding-sibling::input]
[INFO ][29-May-2023 15:42:34 PM] Selenium_Wrapper.click:(199) - Clicking on :[[ChromeDriver: chrome on WINDOWS (efaff2cc601f7e0c8dab3b79536396e9)] -> xpath: ((//span[@class='cke_bottom cke_reset_all'])[12]//preceding-sibling::*)[2]]
[INFO ][29-May-2023 15:42:41 PM] Selenium_Wrapper.enterText:(311) - Entering Text :SalesConnectionsContent- As the counties and health departments begin to relax their mask mandates, MACU will address this as follows: * The mask mandate requirement for team members will remain in place for the foreseeable future. * Mask guidance for members will follow State, County and Health department guidelines for those areas. in WebElement :[[ChromeDriver: chrome on WINDOWS (efaff2cc601f7e0c8dab3b79536396e9)] -> xpath: //body[@class='cke_editable cke_editable_themed cke_contents_ltr cke_show_borders']]
[INFO ][29-May-2023 15:42:50 PM] Selenium_Wrapper.click:(199) - Clicking on :[[ChromeDriver: chrome on WINDOWS (efaff2cc601f7e0c8dab3b79536396e9)] -> xpath: //span[text()='Major Change']//preceding-sibling::input]
[INFO ][29-May-2023 15:42:55 PM] Selenium_Wrapper.click:(199) - Clicking on :[[ChromeDriver: chrome on WINDOWS (efaff2cc601f7e0c8dab3b79536396e9)] -> xpath: //span[text()='Corporate/Branch/Service Center']//following::select//option[text()='Service Center']]
[INFO ][29-May-2023 15:43:00 PM] Selenium_Wrapper.click:(199) - Clicking on :[[ChromeDriver: chrome on WINDOWS (efaff2cc601f7e0c8dab3b79536396e9)] -> xpath: //span[text()='Department']//following::select//option[text()='0004 SEG Development Team']]
[INFO ][29-May-2023 15:43:06 PM] Selenium_Wrapper.click:(199) - Clicking on :[[ChromeDriver: chrome on WINDOWS (efaff2cc601f7e0c8dab3b79536396e9)] -> xpath: //span[text()='Manager Level']//following::select//option[text()='Assistant Manager']]
[INFO ][29-May-2023 15:43:11 PM] Selenium_Wrapper.click:(199) - Clicking on :[[ChromeDriver: chrome on WINDOWS (efaff2cc601f7e0c8dab3b79536396e9)] -> xpath: //span[contains(text(),'time with')]//following::select//option[contains(text(),'1 Month ')]]
[INFO ][29-May-2023 15:43:16 PM] Selenium_Wrapper.click:(199) - Clicking on :[[ChromeDriver: chrome on WINDOWS (efaff2cc601f7e0c8dab3b79536396e9)] -> xpath: //span[contains(text(),'Branch Name')]//following::select//option[contains(text(),'Albuquerque - Golf Course Road Branch')]]
[INFO ][29-May-2023 15:43:21 PM] Selenium_Wrapper.click:(199) - Clicking on :[[ChromeDriver: chrome on WINDOWS (efaff2cc601f7e0c8dab3b79536396e9)] -> xpath: //span[contains(text(),'Branch Area')]//following::select//option[contains(text(),'Teton')]]
[INFO ][29-May-2023 15:43:26 PM] Selenium_Wrapper.click:(199) - Clicking on :[[ChromeDriver: chrome on WINDOWS (efaff2cc601f7e0c8dab3b79536396e9)] -> xpath: (//span[contains(text(),'Primary Tag')]//following::select//option[contains(text(),'AAA')])[1]]
[INFO ][29-May-2023 15:43:31 PM] Selenium_Wrapper.click:(199) - Clicking on :[[ChromeDriver: chrome on WINDOWS (efaff2cc601f7e0c8dab3b79536396e9)] -> xpath: (//span[contains(text(),'Primary Tag')]//following::select//option[contains(text(),'AAA')])[4]]
[INFO ][29-May-2023 15:43:37 PM] Selenium_Wrapper.click:(199) - Clicking on :[[ChromeDriver: chrome on WINDOWS (efaff2cc601f7e0c8dab3b79536396e9)] -> xpath: (//span[contains(text(),'Primary Tag')]//following::select//option[contains(text(),'AAA')])[6]]
[INFO ][29-May-2023 15:43:42 PM] Selenium_Wrapper.click:(199) - Clicking on :[[ChromeDriver: chrome on WINDOWS (efaff2cc601f7e0c8dab3b79536396e9)] -> xpath: (//td[text()=' Repository View Selection ']//following::a)[1]]
[INFO ][29-May-2023 15:43:47 PM] Selenium_Wrapper.click:(199) - Clicking on :[[ChromeDriver: chrome on WINDOWS (efaff2cc601f7e0c8dab3b79536396e9)] -> xpath: (//td[text()=' Repository View Selection ']//following::input)[1]]
[ERROR][29-May-2023 15:43:47 PM] CreateNewArticleFlow.testCreateArticleFlow:(305) - Create Article  un-successfull
[ERROR][29-May-2023 15:43:53 PM] CreateNewArticleFlow.testPublishArticleFlow:(358) - Publish Article un-successfull
[INFO ][29-May-2023 15:43:55 PM] Selenium_Wrapper.openBrowser:(48) - Opening chrome browser.
[INFO ][29-May-2023 15:44:02 PM] Selenium_Wrapper.enterURL:(82) - Entering url :https://macu1--tst1.custhelp.com/app/home
[ERROR][29-May-2023 15:44:06 PM] MACU_Wrapper.signIntoCP:(23) - Error in the signin process
