[INFO ][17-Nov-2021 15:37:27 pm] Selenium_Wrapper.openBrowser:(48) - Opening chrome browser.
[INFO ][17-Nov-2021 15:37:34 pm] Selenium_Wrapper.enterURL:(82) - Entering url :https://macu1--tst.custhelp.com/app/home
[INFO ][17-Nov-2021 15:37:38 pm] Selenium_Wrapper.enterText:(311) - Entering Text :pramodk in WebElement :[[ChromeDriver: chrome on WINDOWS (578a49745f7c4a294c9da8997a2b63dd)] -> id: rn_LoginForm_2_Username]
[INFO ][17-Nov-2021 15:37:39 pm] Selenium_Wrapper.enterText:(311) - Entering Text :Soft@123 in WebElement :[[ChromeDriver: chrome on WINDOWS (578a49745f7c4a294c9da8997a2b63dd)] -> id: rn_LoginForm_2_Password]
[INFO ][17-Nov-2021 15:37:46 pm] Selenium_Wrapper.click:(199) - Clicking on :[[ChromeDriver: chrome on WINDOWS (578a49745f7c4a294c9da8997a2b63dd)] -> id: rn_LoginForm_2_Submit]
[INFO ][17-Nov-2021 15:37:56 pm] Selenium_Wrapper.click:(199) - Clicking on :[[ChromeDriver: chrome on WINDOWS (578a49745f7c4a294c9da8997a2b63dd)] -> xpath: //input[@type='search']]
[INFO ][17-Nov-2021 15:37:57 pm] Selenium_Wrapper.enterText:(311) - Entering Text :Auto Loan in WebElement :[[ChromeDriver: chrome on WINDOWS (578a49745f7c4a294c9da8997a2b63dd)] -> xpath: //input[@type='search']]
[INFO ][17-Nov-2021 15:38:11 pm] Selenium_Wrapper.click:(199) - Clicking on :[[ChromeDriver: chrome on WINDOWS (578a49745f7c4a294c9da8997a2b63dd)] -> xpath: //ul[@aria-label='Suggested Search']//li[normalize-space()= 'Auto Loan' ]]
[INFO ][17-Nov-2021 15:38:18 pm] Selenium_Wrapper.click:(199) - Clicking on :[[ChromeDriver: chrome on WINDOWS (578a49745f7c4a294c9da8997a2b63dd)] -> xpath: //div[@class='rn_SearchResultContent']//a[text()='Auto Loan']]
[INFO ][17-Nov-2021 15:38:35 pm] Selenium_Wrapper.click:(199) - Clicking on :[[ChromeDriver: chrome on WINDOWS (578a49745f7c4a294c9da8997a2b63dd)] -> xpath: //div[contains(@class,'EmailAnswerLink')]//img[@class='share_icon_default']]
[INFO ][17-Nov-2021 15:38:40 pm] Selenium_Wrapper.click:(199) - Clicking on :[[ChromeDriver: chrome on WINDOWS (578a49745f7c4a294c9da8997a2b63dd)] -> xpath: //div[@id='rnDialog1']//input[@class='select2-search__field']]
[INFO ][17-Nov-2021 15:38:42 pm] Selenium_Wrapper.enterText:(311) - Entering Text :Aaron Brown in WebElement :[[ChromeDriver: chrome on WINDOWS (578a49745f7c4a294c9da8997a2b63dd)] -> xpath: //div[@id='rnDialog1']//input[@class='select2-search__field']]
[INFO ][17-Nov-2021 15:38:50 pm] Selenium_Wrapper.click:(199) - Clicking on :[[ChromeDriver: chrome on WINDOWS (578a49745f7c4a294c9da8997a2b63dd)] -> xpath: //ul[@class='select2-results__options']//li[text()='Aaron Brown']]
[INFO ][17-Nov-2021 15:38:55 pm] Selenium_Wrapper.click:(199) - Clicking on :[[ChromeDriver: chrome on WINDOWS (578a49745f7c4a294c9da8997a2b63dd)] -> xpath: //button[@class='yui3-button yui3-button-close']]
[INFO ][17-Nov-2021 15:39:08 pm] Selenium_Wrapper.click:(199) - Clicking on :[[ChromeDriver: chrome on WINDOWS (578a49745f7c4a294c9da8997a2b63dd)] -> xpath: //div[@id='formsResources_panel']//div[@id='formsResources_headingOne']]
[INFO ][17-Nov-2021 15:39:16 pm] Selenium_Wrapper.clickUsingActions:(249) - Clicking on :[[ChromeDriver: chrome on WINDOWS (578a49745f7c4a294c9da8997a2b63dd)] -> xpath: (//ul[@class='formsResources']//ul//li/a)[2]]
[INFO ][17-Nov-2021 15:39:17 pm] Selenium_Wrapper.clickUsingActions:(249) - Clicking on :[[ChromeDriver: chrome on WINDOWS (578a49745f7c4a294c9da8997a2b63dd)] -> xpath: (//ul[@class='formsResources']//ul//li/a)[2]]
[INFO ][17-Nov-2021 15:39:38 pm] Selenium_Wrapper.click:(199) - Clicking on :[[ChromeDriver: chrome on WINDOWS (578a49745f7c4a294c9da8997a2b63dd)] -> xpath: //li[@class='breadcrumb-item']//a]
[INFO ][17-Nov-2021 15:39:46 pm] Selenium_Wrapper.click:(199) - Clicking on :[[ChromeDriver: chrome on WINDOWS (578a49745f7c4a294c9da8997a2b63dd)] -> class name: knowledge]
[INFO ][17-Nov-2021 15:39:54 pm] Selenium_Wrapper.click:(199) - Clicking on :[[ChromeDriver: chrome on WINDOWS (578a49745f7c4a294c9da8997a2b63dd)] -> xpath: //input[@type='search']]
[INFO ][17-Nov-2021 15:39:55 pm] Selenium_Wrapper.enterText:(311) - Entering Text :COVID-19 Critical Updates in WebElement :[[ChromeDriver: chrome on WINDOWS (578a49745f7c4a294c9da8997a2b63dd)] -> xpath: //input[@type='search']]
[INFO ][17-Nov-2021 15:40:09 pm] Selenium_Wrapper.click:(199) - Clicking on :[[ChromeDriver: chrome on WINDOWS (578a49745f7c4a294c9da8997a2b63dd)] -> xpath: //ul[@aria-label='Suggested Search']//li[normalize-space()='COVID-19 Critical Updates']]
[INFO ][17-Nov-2021 15:40:16 pm] Selenium_Wrapper.click:(199) - Clicking on :[[ChromeDriver: chrome on WINDOWS (578a49745f7c4a294c9da8997a2b63dd)] -> xpath: //div[@class='rn_SearchResultContent']//a[text()='COVID-19 Critical Updates']]
[ERROR][17-Nov-2021 15:40:30 pm] Selenium_Wrapper.highlightWebElement:(417) - org.openqa.selenium.NoSuchElementException: no such element: Unable to locate element: {"method":"xpath","selector":"//a[@class='add_bookmarkButton']//img[@class='bookmark_icon_blank']"}
  (Session info: chrome=95.0.4638.69)
For documentation on this error, please visit: https://www.seleniumhq.org/exceptions/no_such_element.html
Build info: version: '3.141.59', revision: 'e82be7d358', time: '2018-11-14T08:17:03'
System info: host: 'DESKTOP-N43657M', ip: '192.168.29.58', os.name: 'Windows 10', os.arch: 'amd64', os.version: '10.0', java.version: '16.0.1'
Driver info: org.openqa.selenium.chrome.ChromeDriver
Capabilities {acceptInsecureCerts: false, browserName: chrome, browserVersion: 95.0.4638.69, chrome: {chromedriverVersion: 95.0.4638.17 (a9d0719444d4b..., userDataDir: C:\Users\Pramod\AppData\Loc...}, goog:chromeOptions: {debuggerAddress: localhost:50454}, javascriptEnabled: true, networkConnectionEnabled: false, pageLoadStrategy: normal, platform: WINDOWS, platformName: WINDOWS, proxy: Proxy(), setWindowRect: true, strictFileInteractability: false, timeouts: {implicit: 0, pageLoad: 300000, script: 30000}, unhandledPromptBehavior: dismiss and notify, webauthn:extension:credBlob: true, webauthn:extension:largeBlob: true, webauthn:virtualAuthenticators: true}
Session ID: 578a49745f7c4a294c9da8997a2b63dd
*** Element info: {Using=xpath, value=//a[@class='add_bookmarkButton']//img[@class='bookmark_icon_blank']}
[INFO ][17-Nov-2021 15:41:18 pm] Selenium_Wrapper.click:(199) - Clicking on :[[ChromeDriver: chrome on WINDOWS (578a49745f7c4a294c9da8997a2b63dd)] -> xpath: //div[@class='quick-guide']//a[text()='Employee Resources']]
[INFO ][17-Nov-2021 15:41:29 pm] Selenium_Wrapper.click:(199) - Clicking on :[[ChromeDriver: chrome on WINDOWS (578a49745f7c4a294c9da8997a2b63dd)] -> xpath: //div[@class='quick-guide']//a[text()='Remote Work']]
[INFO ][17-Nov-2021 15:41:47 pm] Selenium_Wrapper.click:(199) - Clicking on :[[ChromeDriver: chrome on WINDOWS (578a49745f7c4a294c9da8997a2b63dd)] -> xpath: //button[@class='rn_RecommendContentButton p-0']]
[INFO ][17-Nov-2021 15:41:48 pm] Selenium_Wrapper.enterText:(311) - Entering Text :Test Improve, comments, updates in WebElement :[[ChromeDriver: chrome on WINDOWS (578a49745f7c4a294c9da8997a2b63dd)] -> id: rn_RequestUpdate_25_Description]
[INFO ][17-Nov-2021 15:41:54 pm] Selenium_Wrapper.click:(199) - Clicking on :[[ChromeDriver: chrome on WINDOWS (578a49745f7c4a294c9da8997a2b63dd)] -> xpath: //button[@class='yui3-button yui3-button-close']]
[INFO ][17-Nov-2021 15:42:06 pm] Selenium_Wrapper.click:(199) - Clicking on :[[ChromeDriver: chrome on WINDOWS (578a49745f7c4a294c9da8997a2b63dd)] -> id: relatedPages_headingOne]
[INFO ][17-Nov-2021 15:42:12 pm] Selenium_Wrapper.click:(199) - Clicking on :[[ChromeDriver: chrome on WINDOWS (578a49745f7c4a294c9da8997a2b63dd)] -> id: relatedPages_headingOne]
[INFO ][17-Nov-2021 15:42:19 pm] Selenium_Wrapper.enterText:(311) - Entering Text :Auto Loan in WebElement :[[ChromeDriver: chrome on WINDOWS (578a49745f7c4a294c9da8997a2b63dd)] -> id: rn_SearchHome_18_SearchInput]
[INFO ][17-Nov-2021 15:42:30 pm] Selenium_Wrapper.click:(199) - Clicking on :[[ChromeDriver: chrome on WINDOWS (578a49745f7c4a294c9da8997a2b63dd)] -> xpath: //ul[@aria-label='Suggested Search']//li[@class='rn_SuggestionItem'][normalize-space()='Auto Loan']]
[INFO ][17-Nov-2021 15:42:44 pm] Selenium_Wrapper.click:(199) - Clicking on :[[ChromeDriver: chrome on WINDOWS (578a49745f7c4a294c9da8997a2b63dd)] -> class name: knowledge]
