[INFO ][06-Feb-2024 15:34:51 PM] Selenium_Wrapper.openBrowser:(48) - Opening chrome browser.
[INFO ][06-Feb-2024 15:34:54 PM] Selenium_Wrapper.enterURL:(82) - Entering url :https://macu1--tst1.custhelp.com/AgentWeb/
[INFO ][06-Feb-2024 15:34:58 PM] Selenium_Wrapper.enterText:(311) - Entering Text :automation_testing in WebElement :[[ChromeDriver: chrome on WINDOWS (1d40233d1e297800327a54b4fda14cc6)] -> id: username]
[INFO ][06-Feb-2024 15:34:59 PM] Selenium_Wrapper.enterText:(311) - Entering Text :Welcome123 in WebElement :[[ChromeDriver: chrome on WINDOWS (1d40233d1e297800327a54b4fda14cc6)] -> id: password]
[INFO ][06-Feb-2024 15:35:21 PM] Selenium_Wrapper.click:(199) - Clicking on :[[ChromeDriver: chrome on WINDOWS (1d40233d1e297800327a54b4fda14cc6)] -> id: loginbutton]
[INFO ][06-Feb-2024 15:35:31 PM] Selenium_Wrapper.click:(199) - Clicking on :[[ChromeDriver: chrome on WINDOWS (1d40233d1e297800327a54b4fda14cc6)] -> id: navigationSetBtn]
[INFO ][06-Feb-2024 15:35:40 PM] Selenium_Wrapper.click:(199) - Clicking on :[[ChromeDriver: chrome on WINDOWS (1d40233d1e297800327a54b4fda14cc6)] -> xpath: //div[@automationid='Configuration']]
[INFO ][06-Feb-2024 15:35:45 PM] Selenium_Wrapper.click:(199) - Clicking on :[[ChromeDriver: chrome on WINDOWS (1d40233d1e297800327a54b4fda14cc6)] -> xpath: //div[text()='Service']]
[INFO ][06-Feb-2024 15:35:50 PM] Selenium_Wrapper.click:(199) - Clicking on :[[ChromeDriver: chrome on WINDOWS (1d40233d1e297800327a54b4fda14cc6)] -> xpath: //div[text()='Knowledge Advanced']]
[INFO ][06-Feb-2024 15:35:55 PM] Selenium_Wrapper.click:(199) - Clicking on :[[ChromeDriver: chrome on WINDOWS (1d40233d1e297800327a54b4fda14cc6)] -> xpath: //span[text()='Authoring']]
[INFO ][06-Feb-2024 15:36:09 PM] Selenium_Wrapper.click:(199) - Clicking on :[[ChromeDriver: chrome on WINDOWS (1d40233d1e297800327a54b4fda14cc6)] -> xpath: //div[@id='rntab']//ul//li[@testidentifier='MainNavBar_Content']//a]
[INFO ][06-Feb-2024 15:36:17 PM] Selenium_Wrapper.click:(199) - Clicking on :[[ChromeDriver: chrome on WINDOWS (1d40233d1e297800327a54b4fda14cc6)] -> xpath: //div[text()='Process']//following-sibling::a[@testidentifier='ContentNavBar_List_Process']]
[INFO ][06-Feb-2024 15:36:24 PM] Selenium_Wrapper.click:(199) - Clicking on :[[ChromeDriver: chrome on WINDOWS (1d40233d1e297800327a54b4fda14cc6)] -> xpath: //select[@testidentifier='ContentSearchResults_DocumentClassPulldown']]
[INFO ][06-Feb-2024 15:36:31 PM] Selenium_Wrapper.click:(199) - Clicking on :[[ChromeDriver: chrome on WINDOWS (1d40233d1e297800327a54b4fda14cc6)] -> xpath: //select[@testidentifier='ContentSearchResults_DocumentClassPulldown']//option[text()='All Documents']]
[INFO ][06-Feb-2024 15:36:39 PM] Selenium_Wrapper.click:(199) - Clicking on :[[ChromeDriver: chrome on WINDOWS (1d40233d1e297800327a54b4fda14cc6)] -> xpath: (//a[text()='TestingArticle'])[1]]
[INFO ][06-Feb-2024 15:36:58 PM] Selenium_Wrapper.click:(199) - Clicking on :[[ChromeDriver: chrome on WINDOWS (1d40233d1e297800327a54b4fda14cc6)] -> xpath: //a[text()='Edit Document']]
[INFO ][06-Feb-2024 15:37:04 PM] Selenium_Wrapper.enterText:(311) - Entering Text :TestingArticle - Edited in WebElement :[[ChromeDriver: chrome on WINDOWS (1d40233d1e297800327a54b4fda14cc6)] -> xpath: //input[@testidentifier='Content_ContentType_Add_SUMMARY']]
[INFO ][06-Feb-2024 15:37:10 PM] Selenium_Wrapper.enterText:(311) - Entering Text :Some Important Updates in WebElement :[[ChromeDriver: chrome on WINDOWS (1d40233d1e297800327a54b4fda14cc6)] -> xpath: //textarea[@class='editfields']]
[INFO ][06-Feb-2024 15:37:15 PM] Selenium_Wrapper.click:(199) - Clicking on :[[ChromeDriver: chrome on WINDOWS (1d40233d1e297800327a54b4fda14cc6)] -> xpath: //a[text()='Save and Continue Editing']]
[INFO ][06-Feb-2024 15:37:21 PM] Selenium_Wrapper.enterText:(311) - Entering Text :Criticals - Edited in WebElement :[[ChromeDriver: chrome on WINDOWS (1d40233d1e297800327a54b4fda14cc6)] -> xpath: //input[@testidentifier='Content_ContentType_Add_KEYWORD']]
[INFO ][06-Feb-2024 15:37:27 PM] Selenium_Wrapper.enterText:(311) - Entering Text :Some Important Updates in WebElement :[[ChromeDriver: chrome on WINDOWS (1d40233d1e297800327a54b4fda14cc6)] -> xpath: //textarea[@class='editfields']]
[INFO ][06-Feb-2024 15:37:32 PM] Selenium_Wrapper.click:(199) - Clicking on :[[ChromeDriver: chrome on WINDOWS (1d40233d1e297800327a54b4fda14cc6)] -> xpath: //a[text()='Save Document']]
[INFO ][06-Feb-2024 15:37:42 PM] Selenium_Wrapper.click:(199) - Clicking on :[[ChromeDriver: chrome on WINDOWS (1d40233d1e297800327a54b4fda14cc6)] -> xpath: //a[text()='Bypass Workflow/Publish']]
[INFO ][06-Feb-2024 15:37:53 PM] Selenium_Wrapper.click:(199) - Clicking on :[[ChromeDriver: chrome on WINDOWS (1d40233d1e297800327a54b4fda14cc6)] -> xpath: (//a[text()='Done'])[1]]
[INFO ][06-Feb-2024 15:38:03 PM] Selenium_Wrapper.click:(199) - Clicking on :[[ChromeDriver: chrome on WINDOWS (1d40233d1e297800327a54b4fda14cc6)] -> xpath: //a[@class='closeButton']]
[INFO ][06-Feb-2024 15:38:11 PM] Selenium_Wrapper.click:(199) - Clicking on :[[ChromeDriver: chrome on WINDOWS (1d40233d1e297800327a54b4fda14cc6)] -> xpath: //body//oj-avatar[@initials='[[userMenuLabel]]']]
[INFO ][06-Feb-2024 15:38:18 PM] Selenium_Wrapper.click:(199) - Clicking on :[[ChromeDriver: chrome on WINDOWS (1d40233d1e297800327a54b4fda14cc6)] -> xpath: //a//span[text()='Sign Out']]
[INFO ][06-Feb-2024 15:38:24 PM] Selenium_Wrapper.closeCurrentBrowser:(651) - Closing the current Browser
[INFO ][06-Feb-2024 15:38:25 PM] Selenium_Wrapper.openBrowser:(48) - Opening chrome browser.
[INFO ][06-Feb-2024 15:38:31 PM] Selenium_Wrapper.enterURL:(82) - Entering url :https://macu1--tst1.custhelp.com/app/home
[INFO ][06-Feb-2024 15:38:35 PM] Selenium_Wrapper.enterText:(311) - Entering Text :swamyk in WebElement :[[ChromeDriver: chrome on WINDOWS (0635f46f19c08a7d17f2d0c13fbf71f1)] -> id: rn_LoginForm_2_Username]
[INFO ][06-Feb-2024 15:38:37 PM] Selenium_Wrapper.enterText:(311) - Entering Text :Soft@123 in WebElement :[[ChromeDriver: chrome on WINDOWS (0635f46f19c08a7d17f2d0c13fbf71f1)] -> id: rn_LoginForm_2_Password]
[INFO ][06-Feb-2024 15:38:44 PM] Selenium_Wrapper.click:(199) - Clicking on :[[ChromeDriver: chrome on WINDOWS (0635f46f19c08a7d17f2d0c13fbf71f1)] -> id: rn_LoginForm_2_Submit]
[INFO ][06-Feb-2024 15:39:11 PM] Selenium_Wrapper.closeCurrentBrowser:(651) - Closing the current Browser
