[INFO ][06-Feb-2024 15:49:31 PM] Selenium_Wrapper.openBrowser:(48) - Opening chrome browser.
[INFO ][06-Feb-2024 15:49:36 PM] Selenium_Wrapper.enterURL:(82) - Entering url :https://macu1--tst1.custhelp.com/app/home
[INFO ][06-Feb-2024 15:49:40 PM] Selenium_Wrapper.enterText:(311) - Entering Text :swamyk in WebElement :[[ChromeDriver: chrome on WINDOWS (c8a8152c09fbe7265000ef31c3e41af6)] -> id: rn_LoginForm_2_Username]
[INFO ][06-Feb-2024 15:49:41 PM] Selenium_Wrapper.enterText:(311) - Entering Text :Soft@123 in WebElement :[[ChromeDriver: chrome on WINDOWS (c8a8152c09fbe7265000ef31c3e41af6)] -> id: rn_LoginForm_2_Password]
[INFO ][06-Feb-2024 15:49:48 PM] Selenium_Wrapper.click:(199) - Clicking on :[[ChromeDriver: chrome on WINDOWS (c8a8152c09fbe7265000ef31c3e41af6)] -> id: rn_LoginForm_2_Submit]
[INFO ][06-Feb-2024 15:49:55 PM] Selenium_Wrapper.click:(199) - Clicking on :[[ChromeDriver: chrome on WINDOWS (c8a8152c09fbe7265000ef31c3e41af6)] -> xpath: //input[@type='search']]
[INFO ][06-Feb-2024 15:49:57 PM] Selenium_Wrapper.enterText:(311) - Entering Text :Business Auto Loan - ALPS 1.0 in WebElement :[[ChromeDriver: chrome on WINDOWS (c8a8152c09fbe7265000ef31c3e41af6)] -> xpath: //input[@type='search']]
[INFO ][06-Feb-2024 15:50:16 PM] Selenium_Wrapper.click:(199) - Clicking on :[[ChromeDriver: chrome on WINDOWS (c8a8152c09fbe7265000ef31c3e41af6)] -> xpath: (//div[@class='yui3-aclist-content']//li//li)[1]]
[INFO ][06-Feb-2024 15:50:23 PM] Selenium_Wrapper.click:(199) - Clicking on :[[ChromeDriver: chrome on WINDOWS (c8a8152c09fbe7265000ef31c3e41af6)] -> xpath: (//div[@class='rn_SearchResultContent']//a)[1]]
[INFO ][06-Feb-2024 15:50:34 PM] Selenium_Wrapper.click:(199) - Clicking on :[[ChromeDriver: chrome on WINDOWS (c8a8152c09fbe7265000ef31c3e41af6)] -> xpath: //div[@class='main_image_div']//div[@class='thumbs_up_down'][1]]
[INFO ][06-Feb-2024 15:50:41 PM] Selenium_Wrapper.click:(199) - Clicking on :[[ChromeDriver: chrome on WINDOWS (c8a8152c09fbe7265000ef31c3e41af6)] -> xpath: //div[@class='main_image_div']//div[@class='thumbs_up_down'][2]]
[INFO ][06-Feb-2024 15:50:52 PM] Selenium_Wrapper.click:(199) - Clicking on :[[ChromeDriver: chrome on WINDOWS (c8a8152c09fbe7265000ef31c3e41af6)] -> xpath: //button[@class='rn_RecommendContentButton p-0']]
[INFO ][06-Feb-2024 15:50:53 PM] Selenium_Wrapper.enterText:(311) - Entering Text :Flexible Work - ThumbDown Comments in WebElement :[[ChromeDriver: chrome on WINDOWS (c8a8152c09fbe7265000ef31c3e41af6)] -> id: rn_RequestUpdate_25_Description]
[INFO ][06-Feb-2024 15:50:58 PM] Selenium_Wrapper.click:(199) - Clicking on :[[ChromeDriver: chrome on WINDOWS (c8a8152c09fbe7265000ef31c3e41af6)] -> xpath: //button[text()='Submit']]
[INFO ][06-Feb-2024 15:51:04 PM] Selenium_Wrapper.click:(199) - Clicking on :[[ChromeDriver: chrome on WINDOWS (c8a8152c09fbe7265000ef31c3e41af6)] -> xpath: (//button[@class='yui3-button yui3-button-close'])[2]]
[INFO ][06-Feb-2024 15:51:11 PM] Selenium_Wrapper.click:(199) - Clicking on :[[ChromeDriver: chrome on WINDOWS (c8a8152c09fbe7265000ef31c3e41af6)] -> xpath: //div[@class='dropdown']]
[INFO ][06-Feb-2024 15:51:21 PM] Selenium_Wrapper.click:(199) - Clicking on :[[ChromeDriver: chrome on WINDOWS (c8a8152c09fbe7265000ef31c3e41af6)] -> xpath: //a[text()='My Feedback']]
[INFO ][06-Feb-2024 15:51:46 PM] Selenium_Wrapper.click:(199) - Clicking on :[[ChromeDriver: chrome on WINDOWS (c8a8152c09fbe7265000ef31c3e41af6)] -> xpath: ((//table//tbody)[2]//a)[1]]
[INFO ][06-Feb-2024 15:52:15 PM] Selenium_Wrapper.click:(199) - Clicking on :[[ChromeDriver: chrome on WINDOWS (c8a8152c09fbe7265000ef31c3e41af6)] -> class name: knowledge]
[INFO ][06-Feb-2024 15:52:17 PM] Selenium_Wrapper.closeCurrentBrowser:(651) - Closing the current Browser
[INFO ][06-Feb-2024 15:52:18 PM] Selenium_Wrapper.openBrowser:(48) - Opening chrome browser.
[INFO ][06-Feb-2024 15:52:21 PM] Selenium_Wrapper.enterURL:(82) - Entering url :https://macu1--tst1.custhelp.com/AgentWeb/
[INFO ][06-Feb-2024 15:52:25 PM] Selenium_Wrapper.enterText:(311) - Entering Text :automation_testing in WebElement :[[ChromeDriver: chrome on WINDOWS (014a89330cc18f4fbf6e2ac7d8463d47)] -> id: username]
[INFO ][06-Feb-2024 15:52:27 PM] Selenium_Wrapper.enterText:(311) - Entering Text :Welcome123 in WebElement :[[ChromeDriver: chrome on WINDOWS (014a89330cc18f4fbf6e2ac7d8463d47)] -> id: password]
[INFO ][06-Feb-2024 15:52:37 PM] Selenium_Wrapper.click:(199) - Clicking on :[[ChromeDriver: chrome on WINDOWS (014a89330cc18f4fbf6e2ac7d8463d47)] -> id: loginbutton]
[INFO ][06-Feb-2024 15:53:08 PM] Selenium_Wrapper.click:(199) - Clicking on :[[ChromeDriver: chrome on WINDOWS (014a89330cc18f4fbf6e2ac7d8463d47)] -> xpath: //oj-button[@id='navigationSetBtn']]
[INFO ][06-Feb-2024 15:53:13 PM] Selenium_Wrapper.click:(199) - Clicking on :[[ChromeDriver: chrome on WINDOWS (014a89330cc18f4fbf6e2ac7d8463d47)] -> xpath: //div[text()='Analytics']]
[INFO ][06-Feb-2024 15:53:18 PM] Selenium_Wrapper.click:(199) - Clicking on :[[ChromeDriver: chrome on WINDOWS (014a89330cc18f4fbf6e2ac7d8463d47)] -> xpath: //span[text()='Reports Explorer']]
[INFO ][06-Feb-2024 15:53:23 PM] Selenium_Wrapper.click:(199) - Clicking on :[[ChromeDriver: chrome on WINDOWS (014a89330cc18f4fbf6e2ac7d8463d47)] -> xpath: //div[text()='Public Reports']]
[INFO ][06-Feb-2024 15:53:28 PM] Selenium_Wrapper.click:(199) - Clicking on :[[ChromeDriver: chrome on WINDOWS (014a89330cc18f4fbf6e2ac7d8463d47)] -> xpath: //div[text()='MACU CUSTOM REPORTS']]
[INFO ][06-Feb-2024 15:53:34 PM] Selenium_Wrapper.click:(199) - Clicking on :[[ChromeDriver: chrome on WINDOWS (014a89330cc18f4fbf6e2ac7d8463d47)] -> xpath: //div[text()='SoftClouds']]
[INFO ][06-Feb-2024 15:53:39 PM] Selenium_Wrapper.click:(199) - Clicking on :[[ChromeDriver: chrome on WINDOWS (014a89330cc18f4fbf6e2ac7d8463d47)] -> xpath: //div[text()='OKCS']]
[INFO ][06-Feb-2024 15:53:51 PM] Selenium_Wrapper.doubleClick:(280) - Double clicking on :[[ChromeDriver: chrome on WINDOWS (014a89330cc18f4fbf6e2ac7d8463d47)] -> xpath: //div[@class='explorer-right-panel']//div[@class='explorer-data-grid']//span[text()='Feedback Admin Report']]
[INFO ][06-Feb-2024 15:54:06 PM] Selenium_Wrapper.click:(199) - Clicking on :[[ChromeDriver: chrome on WINDOWS (014a89330cc18f4fbf6e2ac7d8463d47)] -> xpath: //div[@class='container wsx-flex']//div[@class='analyticsTopSection']//div[@class='select-box-root select-box-display-text-active']]
[INFO ][06-Feb-2024 15:54:12 PM] Selenium_Wrapper.click:(199) - Clicking on :[[ChromeDriver: chrome on WINDOWS (014a89330cc18f4fbf6e2ac7d8463d47)] -> xpath: (//span[text()='Search'])[2]]
[INFO ][06-Feb-2024 15:54:21 PM] Selenium_Wrapper.doubleClick:(280) - Double clicking on :[[ChromeDriver: chrome on WINDOWS (014a89330cc18f4fbf6e2ac7d8463d47)] -> xpath: //div[@class='container wsx-flex']//div[contains(@column-id,'2')][1]]
[INFO ][06-Feb-2024 15:54:34 PM] Selenium_Wrapper.click:(199) - Clicking on :[[ChromeDriver: chrome on WINDOWS (014a89330cc18f4fbf6e2ac7d8463d47)] -> xpath: //span[text()='Messages']]
[INFO ][06-Feb-2024 15:54:40 PM] Selenium_Wrapper.click:(199) - Clicking on :[[ChromeDriver: chrome on WINDOWS (014a89330cc18f4fbf6e2ac7d8463d47)] -> xpath: //div[contains(@class,'cke_wysiwyg_div ')]]
[INFO ][06-Feb-2024 15:54:41 PM] Selenium_Wrapper.enterText:(311) - Entering Text :It is working as per Expected in WebElement :[[ChromeDriver: chrome on WINDOWS (014a89330cc18f4fbf6e2ac7d8463d47)] -> xpath: //div[contains(@class,'cke_wysiwyg_div ')]]
[INFO ][06-Feb-2024 15:54:46 PM] Selenium_Wrapper.click:(199) - Clicking on :[[ChromeDriver: chrome on WINDOWS (014a89330cc18f4fbf6e2ac7d8463d47)] -> xpath: //div[@class='ws-toolbar-button-image bui-icon save-icon fa-lg']]
[INFO ][06-Feb-2024 15:54:51 PM] Selenium_Wrapper.click:(199) - Clicking on :[[ChromeDriver: chrome on WINDOWS (014a89330cc18f4fbf6e2ac7d8463d47)] -> xpath: //span[text()='Summary']]
[INFO ][06-Feb-2024 15:54:58 PM] Selenium_Wrapper.clickUsingActions:(249) - Clicking on :[[ChromeDriver: chrome on WINDOWS (014a89330cc18f4fbf6e2ac7d8463d47)] -> xpath: //div[contains(@id,'Incident_Status')][@class='display-text']]
[INFO ][06-Feb-2024 15:55:05 PM] Selenium_Wrapper.click:(199) - Clicking on :[[ChromeDriver: chrome on WINDOWS (014a89330cc18f4fbf6e2ac7d8463d47)] -> xpath: (//div[@title='Solved'])[1]]
[INFO ][06-Feb-2024 15:55:13 PM] Selenium_Wrapper.click:(199) - Clicking on :[[ChromeDriver: chrome on WINDOWS (014a89330cc18f4fbf6e2ac7d8463d47)] -> xpath: //div[@class='ws-toolbar-button-image bui-icon save-icon fa-lg']]
[INFO ][06-Feb-2024 15:55:22 PM] Selenium_Wrapper.click:(199) - Clicking on :[[ChromeDriver: chrome on WINDOWS (014a89330cc18f4fbf6e2ac7d8463d47)] -> xpath: (//a[@class='closeButton'])[3]]
[INFO ][06-Feb-2024 15:55:29 PM] Selenium_Wrapper.click:(199) - Clicking on :[[ChromeDriver: chrome on WINDOWS (014a89330cc18f4fbf6e2ac7d8463d47)] -> xpath: (//a[@class='closeButton'])[2]]
[INFO ][06-Feb-2024 15:55:36 PM] Selenium_Wrapper.click:(199) - Clicking on :[[ChromeDriver: chrome on WINDOWS (014a89330cc18f4fbf6e2ac7d8463d47)] -> xpath: (//a[@class='closeButton'])[1]]
[INFO ][06-Feb-2024 15:55:47 PM] Selenium_Wrapper.click:(199) - Clicking on :[[ChromeDriver: chrome on WINDOWS (014a89330cc18f4fbf6e2ac7d8463d47)] -> xpath: //body//oj-avatar[@initials='[[userMenuLabel]]']]
[INFO ][06-Feb-2024 15:55:54 PM] Selenium_Wrapper.click:(199) - Clicking on :[[ChromeDriver: chrome on WINDOWS (014a89330cc18f4fbf6e2ac7d8463d47)] -> xpath: //a//span[text()='Sign Out']]
[INFO ][06-Feb-2024 15:55:59 PM] Selenium_Wrapper.closeCurrentBrowser:(651) - Closing the current Browser
