[INFO ][04-Jan-2024 15:49:27 PM] Selenium_Wrapper.openBrowser:(48) - Opening chrome browser.
[INFO ][04-Jan-2024 15:49:33 PM] Selenium_Wrapper.enterURL:(82) - Entering url :https://macu1--tst1.custhelp.com/AgentWeb/
[INFO ][04-Jan-2024 15:49:37 PM] Selenium_Wrapper.enterText:(311) - Entering Text :automation_testing in WebElement :[[ChromeDriver: chrome on WINDOWS (f5516475f199d177a2ef198cbf1e5f32)] -> id: username]
[INFO ][04-Jan-2024 15:49:38 PM] Selenium_Wrapper.enterText:(311) - Entering Text :Welcome123 in WebElement :[[ChromeDriver: chrome on WINDOWS (f5516475f199d177a2ef198cbf1e5f32)] -> id: password]
[INFO ][04-Jan-2024 15:50:16 PM] Selenium_Wrapper.click:(199) - Clicking on :[[ChromeDriver: chrome on WINDOWS (f5516475f199d177a2ef198cbf1e5f32)] -> id: loginbutton]
[INFO ][04-Jan-2024 15:50:35 PM] Selenium_Wrapper.click:(199) - Clicking on :[[ChromeDriver: chrome on WINDOWS (f5516475f199d177a2ef198cbf1e5f32)] -> id: navigationSetBtn]
[INFO ][04-Jan-2024 15:50:40 PM] Selenium_Wrapper.click:(199) - Clicking on :[[ChromeDriver: chrome on WINDOWS (f5516475f199d177a2ef198cbf1e5f32)] -> xpath: //div[@automationid='Analytics']]
[INFO ][04-Jan-2024 15:50:53 PM] Selenium_Wrapper.click:(199) - Clicking on :[[ChromeDriver: chrome on WINDOWS (f5516475f199d177a2ef198cbf1e5f32)] -> xpath: //div[@automationid='Analytics_Reports Explorer']//span[text()='Reports Explorer']]
[INFO ][04-Jan-2024 15:51:09 PM] Selenium_Wrapper.click:(199) - Clicking on :[[ChromeDriver: chrome on WINDOWS (f5516475f199d177a2ef198cbf1e5f32)] -> xpath: //div[@aria-label='Public Reports'][text()='Public Reports']]
[INFO ][04-Jan-2024 15:51:14 PM] Selenium_Wrapper.click:(199) - Clicking on :[[ChromeDriver: chrome on WINDOWS (f5516475f199d177a2ef198cbf1e5f32)] -> xpath: //div[@aria-label='MACU CUSTOM REPORTS'][text()='MACU CUSTOM REPORTS']]
[INFO ][04-Jan-2024 15:51:19 PM] Selenium_Wrapper.click:(199) - Clicking on :[[ChromeDriver: chrome on WINDOWS (f5516475f199d177a2ef198cbf1e5f32)] -> xpath: //div[@aria-label='SoftClouds'][text()='SoftClouds']]
[INFO ][04-Jan-2024 15:51:24 PM] Selenium_Wrapper.click:(199) - Clicking on :[[ChromeDriver: chrome on WINDOWS (f5516475f199d177a2ef198cbf1e5f32)] -> xpath: //div[@aria-label='OKCS'][text()='OKCS'][contains(@id,'ExplorerFolderLabelAnalyticsFolder103223')]]
[ERROR][04-Jan-2024 15:51:36 PM] Selenium_Wrapper.highlightWebElement:(417) - org.openqa.selenium.NoSuchElementException: no such element: Unable to locate element: {"method":"xpath","selector":"//span[contains(@title,'Full Name')]"}
  (Session info: chrome=120.0.6099.199)
For documentation on this error, please visit: https://www.seleniumhq.org/exceptions/no_such_element.html
Build info: version: '3.141.59', revision: 'e82be7d358', time: '2018-11-14T08:17:03'
System info: host: 'CAF-QA-SWAMYK', ip: '172.26.9.192', os.name: 'Windows 10', os.arch: 'amd64', os.version: '10.0', java.version: '17.0.5'
Driver info: org.openqa.selenium.chrome.ChromeDriver
Capabilities {acceptInsecureCerts: false, browserName: chrome, browserVersion: 120.0.6099.199, chrome: {chromedriverVersion: 119.0.6045.105 (38c72552c5e..., userDataDir: C:\Users\swamyk\AppData\Loc...}, fedcm:accounts: true, goog:chromeOptions: {debuggerAddress: localhost:50874}, javascriptEnabled: true, networkConnectionEnabled: false, pageLoadStrategy: normal, platform: WINDOWS, platformName: WINDOWS, proxy: Proxy(), setWindowRect: true, strictFileInteractability: false, timeouts: {implicit: 0, pageLoad: 300000, script: 30000}, unhandledPromptBehavior: dismiss and notify, webauthn:extension:credBlob: true, webauthn:extension:largeBlob: true, webauthn:extension:minPinLength: true, webauthn:extension:prf: true, webauthn:virtualAuthenticators: true}
Session ID: f5516475f199d177a2ef198cbf1e5f32
*** Element info: {Using=xpath, value=//span[contains(@title,'Full Name')]}
[ERROR][04-Jan-2024 15:51:46 PM] ActionsDashboardReport.testVisitorActionsDashboard:(136) - Select Actions Report in BUI Test is un-successfull
[INFO ][04-Jan-2024 15:51:54 PM] Selenium_Wrapper.click:(199) - Clicking on :[[ChromeDriver: chrome on WINDOWS (f5516475f199d177a2ef198cbf1e5f32)] -> xpath: //body//oj-avatar[@initials='[[userMenuLabel]]']]
[INFO ][04-Jan-2024 15:52:01 PM] Selenium_Wrapper.click:(199) - Clicking on :[[ChromeDriver: chrome on WINDOWS (f5516475f199d177a2ef198cbf1e5f32)] -> xpath: //a//span[text()='Sign Out']]
