[INFO ][09-Aug-2024 15:42:24 PM] Selenium_Wrapper.openBrowser:(54) - Opening chrome browser.
[INFO ][09-Aug-2024 15:42:35 PM] Selenium_Wrapper.enterURL:(88) - Entering url :https://macu1--tst1.custhelp.com/app/home
[INFO ][09-Aug-2024 15:42:39 PM] Selenium_Wrapper.enterText:(317) - Entering Text :swamyk in WebElement :[[ChromeDriver: chrome on WINDOWS (51e4b3d9e60f145a0bc2535072c4c762)] -> id: rn_LoginForm_2_Username]
[INFO ][09-Aug-2024 15:42:40 PM] Selenium_Wrapper.enterText:(317) - Entering Text :Soft@123 in WebElement :[[ChromeDriver: chrome on WINDOWS (51e4b3d9e60f145a0bc2535072c4c762)] -> id: rn_LoginForm_2_Password]
[INFO ][09-Aug-2024 15:42:44 PM] Selenium_Wrapper.click:(205) - Clicking on :[[ChromeDriver: chrome on WINDOWS (51e4b3d9e60f145a0bc2535072c4c762)] -> id: rn_LoginForm_2_Submit]
[INFO ][09-Aug-2024 15:43:02 PM] Selenium_Wrapper.click:(205) - Clicking on :[[ChromeDriver: chrome on WINDOWS (51e4b3d9e60f145a0bc2535072c4c762)] -> xpath: //a[text()='browse all PAGES']]
[INFO ][09-Aug-2024 15:43:14 PM] Selenium_Wrapper.click:(205) - Clicking on :[[ChromeDriver: chrome on WINDOWS (51e4b3d9e60f145a0bc2535072c4c762)] -> xpath: (//div[@id='category']//following-sibling::ul//a)[1]]
[INFO ][09-Aug-2024 15:43:32 PM] Selenium_Wrapper.click:(205) - Clicking on :[[ChromeDriver: chrome on WINDOWS (51e4b3d9e60f145a0bc2535072c4c762)] -> xpath: //a[text()='Business Accounts']]
[INFO ][09-Aug-2024 15:43:37 PM] Selenium_Wrapper.click:(205) - Clicking on :[[ChromeDriver: chrome on WINDOWS (51e4b3d9e60f145a0bc2535072c4c762)] -> xpath: (//div[@id='category']//following-sibling::ul//a)[1]]
[INFO ][09-Aug-2024 15:43:51 PM] Selenium_Wrapper.click:(205) - Clicking on :[[ChromeDriver: chrome on WINDOWS (51e4b3d9e60f145a0bc2535072c4c762)] -> xpath: //a[text()='Employee Experience']]
[INFO ][09-Aug-2024 15:44:13 PM] Selenium_Wrapper.click:(205) - Clicking on :[[ChromeDriver: chrome on WINDOWS (51e4b3d9e60f145a0bc2535072c4c762)] -> xpath: //a[text()='Employee Experience']]
[INFO ][09-Aug-2024 15:44:26 PM] Selenium_Wrapper.click:(205) - Clicking on :[[ChromeDriver: chrome on WINDOWS (51e4b3d9e60f145a0bc2535072c4c762)] -> xpath: //a[text()='Personal Accounts']]
[INFO ][09-Aug-2024 15:44:32 PM] Selenium_Wrapper.click:(205) - Clicking on :[[ChromeDriver: chrome on WINDOWS (51e4b3d9e60f145a0bc2535072c4c762)] -> xpath: (//div[@id='category']//following-sibling::ul//a)[1]]
[INFO ][09-Aug-2024 15:44:45 PM] Selenium_Wrapper.click:(205) - Clicking on :[[ChromeDriver: chrome on WINDOWS (51e4b3d9e60f145a0bc2535072c4c762)] -> xpath: //a[text()='Services']]
[INFO ][09-Aug-2024 15:45:24 PM] Selenium_Wrapper.click:(205) - Clicking on :[[ChromeDriver: chrome on WINDOWS (51e4b3d9e60f145a0bc2535072c4c762)] -> xpath: //a[text()='Technology']]
[INFO ][09-Aug-2024 15:45:29 PM] Selenium_Wrapper.click:(205) - Clicking on :[[ChromeDriver: chrome on WINDOWS (51e4b3d9e60f145a0bc2535072c4c762)] -> xpath: (//div[@id='category']//following-sibling::ul//a)[1]]
[INFO ][09-Aug-2024 15:45:54 PM] Selenium_Wrapper.click:(205) - Clicking on :[[ChromeDriver: chrome on WINDOWS (51e4b3d9e60f145a0bc2535072c4c762)] -> xpath: //a[text()='VIEW A-Z INDEX']]
[INFO ][09-Aug-2024 15:46:16 PM] Selenium_Wrapper.click:(205) - Clicking on :[[ChromeDriver: chrome on WINDOWS (51e4b3d9e60f145a0bc2535072c4c762)] -> xpath: //div[@id='rn_A_ZIndex_2']//ul[@class='indexing_list']//li//a[text()='D']]
[INFO ][09-Aug-2024 15:46:30 PM] Selenium_Wrapper.click:(205) - Clicking on :[[ChromeDriver: chrome on WINDOWS (51e4b3d9e60f145a0bc2535072c4c762)] -> xpath: //div[@id='rn_A_ZIndex_2']//ul[@class='indexing_list']//li//a[text()='J']]
[INFO ][09-Aug-2024 15:46:44 PM] Selenium_Wrapper.click:(205) - Clicking on :[[ChromeDriver: chrome on WINDOWS (51e4b3d9e60f145a0bc2535072c4c762)] -> xpath: //div[@id='rn_A_ZIndex_2']//ul[@class='indexing_list']//li//a[text()='P']]
[INFO ][09-Aug-2024 15:46:58 PM] Selenium_Wrapper.click:(205) - Clicking on :[[ChromeDriver: chrome on WINDOWS (51e4b3d9e60f145a0bc2535072c4c762)] -> xpath: //div[@id='rn_A_ZIndex_2']//ul[@class='indexing_list']//li//a[text()='V']]
[INFO ][09-Aug-2024 15:47:13 PM] Selenium_Wrapper.click:(205) - Clicking on :[[ChromeDriver: chrome on WINDOWS (51e4b3d9e60f145a0bc2535072c4c762)] -> xpath: //div[@id='rn_A_ZIndex_2']//ul[@class='indexing_list']//li//a[text()='0-9']]
[INFO ][09-Aug-2024 15:47:35 PM] Selenium_Wrapper.click:(205) - Clicking on :[[ChromeDriver: chrome on WINDOWS (51e4b3d9e60f145a0bc2535072c4c762)] -> xpath: (//div[@class='rn_A_ZIndex']//div[@class='index-content']//a)[1]]
[INFO ][09-Aug-2024 15:48:00 PM] Selenium_Wrapper.enterText:(317) - Entering Text :100% First Time Home Buyer Loan in WebElement :[[ChromeDriver: chrome on WINDOWS (51e4b3d9e60f145a0bc2535072c4c762)] -> xpath: //input[@type='search']]
[INFO ][09-Aug-2024 15:48:41 PM] Selenium_Wrapper.click:(205) - Clicking on :[[ChromeDriver: chrome on WINDOWS (51e4b3d9e60f145a0bc2535072c4c762)] -> xpath: //div[@id='rn_PageTitle']//a[text()='BROWSE ALL PAGES']]
[INFO ][09-Aug-2024 15:48:49 PM] Selenium_Wrapper.closeCurrentBrowser:(657) - Closing the current Browser
