[INFO ][03-Sep-2022 15:48:02 PM] Selenium_Wrapper.openBrowser:(48) - Opening chrome browser.
[INFO ][03-Sep-2022 15:48:09 PM] Selenium_Wrapper.enterURL:(82) - Entering url :https://macu1--upgrade.custhelp.com/
[INFO ][03-Sep-2022 15:48:14 PM] Selenium_Wrapper.enterText:(311) - Entering Text :pramodk in WebElement :[[ChromeDriver: chrome on WINDOWS (7d01ddc3e48868ec0a3e5082e4d03c76)] -> id: rn_LoginForm_2_Username]
[INFO ][03-Sep-2022 15:48:15 PM] Selenium_Wrapper.enterText:(311) - Entering Text :Soft@123 in WebElement :[[ChromeDriver: chrome on WINDOWS (7d01ddc3e48868ec0a3e5082e4d03c76)] -> id: rn_LoginForm_2_Password]
[INFO ][03-Sep-2022 15:48:22 PM] Selenium_Wrapper.click:(199) - Clicking on :[[ChromeDriver: chrome on WINDOWS (7d01ddc3e48868ec0a3e5082e4d03c76)] -> id: rn_LoginForm_2_Submit]
[INFO ][03-Sep-2022 15:48:34 PM] Selenium_Wrapper.click:(199) - Clicking on :[[ChromeDriver: chrome on WINDOWS (7d01ddc3e48868ec0a3e5082e4d03c76)] -> xpath: //input[@type='search']]
[INFO ][03-Sep-2022 15:48:35 PM] Selenium_Wrapper.enterText:(311) - Entering Text :Auto Loan in WebElement :[[ChromeDriver: chrome on WINDOWS (7d01ddc3e48868ec0a3e5082e4d03c76)] -> xpath: //input[@type='search']]
[INFO ][03-Sep-2022 15:48:51 PM] Selenium_Wrapper.click:(199) - Clicking on :[[ChromeDriver: chrome on WINDOWS (7d01ddc3e48868ec0a3e5082e4d03c76)] -> xpath: //ul[@aria-label='Suggested Search']//li[normalize-space()= 'Auto Loan' ]]
[INFO ][03-Sep-2022 15:48:58 PM] Selenium_Wrapper.click:(199) - Clicking on :[[ChromeDriver: chrome on WINDOWS (7d01ddc3e48868ec0a3e5082e4d03c76)] -> xpath: //div[@class='rn_SearchResultContent']//a[text()='Auto Loan']]
[INFO ][03-Sep-2022 15:49:14 PM] Selenium_Wrapper.click:(199) - Clicking on :[[ChromeDriver: chrome on WINDOWS (7d01ddc3e48868ec0a3e5082e4d03c76)] -> xpath: //div[@class='main_image_div']//div[@class='thumbs_up_down'][2]]
[INFO ][03-Sep-2022 15:49:26 PM] Selenium_Wrapper.click:(199) - Clicking on :[[ChromeDriver: chrome on WINDOWS (7d01ddc3e48868ec0a3e5082e4d03c76)] -> id: rn_AnswerRating_3_22_FeedbackMessage]
[INFO ][03-Sep-2022 15:49:27 PM] Selenium_Wrapper.enterText:(311) - Entering Text :Flexible Work - ThumbDown Comments in WebElement :[[ChromeDriver: chrome on WINDOWS (7d01ddc3e48868ec0a3e5082e4d03c76)] -> id: rn_AnswerRating_3_22_FeedbackMessage]
[INFO ][03-Sep-2022 15:49:32 PM] Selenium_Wrapper.click:(199) - Clicking on :[[ChromeDriver: chrome on WINDOWS (7d01ddc3e48868ec0a3e5082e4d03c76)] -> xpath: //button[text()='SUBMIT']]
[INFO ][03-Sep-2022 15:49:38 PM] Selenium_Wrapper.click:(199) - Clicking on :[[ChromeDriver: chrome on WINDOWS (7d01ddc3e48868ec0a3e5082e4d03c76)] -> xpath: //button[@class='yui3-button yui3-button-close']]
[INFO ][03-Sep-2022 15:49:45 PM] Selenium_Wrapper.click:(199) - Clicking on :[[ChromeDriver: chrome on WINDOWS (7d01ddc3e48868ec0a3e5082e4d03c76)] -> xpath: //div[@class='dropdown']]
[INFO ][03-Sep-2022 15:49:55 PM] Selenium_Wrapper.click:(199) - Clicking on :[[ChromeDriver: chrome on WINDOWS (7d01ddc3e48868ec0a3e5082e4d03c76)] -> xpath: //a[text()='My Feedback']]
[INFO ][03-Sep-2022 15:50:22 PM] Selenium_Wrapper.click:(199) - Clicking on :[[ChromeDriver: chrome on WINDOWS (7d01ddc3e48868ec0a3e5082e4d03c76)] -> xpath: ((//table//tbody)[2]//a)[1]]
[INFO ][03-Sep-2022 15:50:58 PM] Selenium_Wrapper.click:(199) - Clicking on :[[ChromeDriver: chrome on WINDOWS (7d01ddc3e48868ec0a3e5082e4d03c76)] -> class name: knowledge]
[INFO ][03-Sep-2022 15:51:00 PM] Selenium_Wrapper.closeCurrentBrowser:(651) - Closing the current Browser
[INFO ][03-Sep-2022 15:51:02 PM] Selenium_Wrapper.openBrowser:(48) - Opening chrome browser.
[INFO ][03-Sep-2022 15:51:10 PM] Selenium_Wrapper.enterURL:(82) - Entering url :https://macu1--upgrade.custhelp.com/AgentWeb/
[INFO ][03-Sep-2022 15:51:15 PM] Selenium_Wrapper.enterText:(311) - Entering Text :RNT_pramod in WebElement :[[ChromeDriver: chrome on WINDOWS (ea7984f0dcfb452982a1177e03c5bb02)] -> id: username]
[INFO ][03-Sep-2022 15:51:16 PM] Selenium_Wrapper.enterText:(311) - Entering Text :Welcome123 in WebElement :[[ChromeDriver: chrome on WINDOWS (ea7984f0dcfb452982a1177e03c5bb02)] -> id: password]
[INFO ][03-Sep-2022 15:51:44 PM] Selenium_Wrapper.click:(199) - Clicking on :[[ChromeDriver: chrome on WINDOWS (ea7984f0dcfb452982a1177e03c5bb02)] -> id: loginbutton]
[INFO ][03-Sep-2022 15:52:05 PM] Selenium_Wrapper.click:(199) - Clicking on :[[ChromeDriver: chrome on WINDOWS (ea7984f0dcfb452982a1177e03c5bb02)] -> id: navigationSetBtn]
[INFO ][03-Sep-2022 15:52:12 PM] Selenium_Wrapper.click:(199) - Clicking on :[[ChromeDriver: chrome on WINDOWS (ea7984f0dcfb452982a1177e03c5bb02)] -> xpath: (//div[text()='Analytics']//a)]
[INFO ][03-Sep-2022 15:52:17 PM] Selenium_Wrapper.click:(199) - Clicking on :[[ChromeDriver: chrome on WINDOWS (ea7984f0dcfb452982a1177e03c5bb02)] -> xpath: //span[text()='Reports Explorer']]
[INFO ][03-Sep-2022 15:52:23 PM] Selenium_Wrapper.click:(199) - Clicking on :[[ChromeDriver: chrome on WINDOWS (ea7984f0dcfb452982a1177e03c5bb02)] -> xpath: //div[text()='Public Reports']]
[INFO ][03-Sep-2022 15:52:28 PM] Selenium_Wrapper.click:(199) - Clicking on :[[ChromeDriver: chrome on WINDOWS (ea7984f0dcfb452982a1177e03c5bb02)] -> xpath: //div[text()='MACU CUSTOM REPORTS']]
[INFO ][03-Sep-2022 15:52:33 PM] Selenium_Wrapper.click:(199) - Clicking on :[[ChromeDriver: chrome on WINDOWS (ea7984f0dcfb452982a1177e03c5bb02)] -> xpath: //div[text()='SoftClouds']]
[INFO ][03-Sep-2022 15:52:39 PM] Selenium_Wrapper.click:(199) - Clicking on :[[ChromeDriver: chrome on WINDOWS (ea7984f0dcfb452982a1177e03c5bb02)] -> xpath: //div[text()='OKCS']]
[INFO ][03-Sep-2022 15:53:01 PM] Selenium_Wrapper.click:(199) - Clicking on :[[ChromeDriver: chrome on WINDOWS (ea7984f0dcfb452982a1177e03c5bb02)] -> xpath: //span[text()='Messages']]
[INFO ][03-Sep-2022 15:53:06 PM] Selenium_Wrapper.click:(199) - Clicking on :[[ChromeDriver: chrome on WINDOWS (ea7984f0dcfb452982a1177e03c5bb02)] -> xpath: //div[contains(@class,'cke_wysiwyg_div')]]
[INFO ][03-Sep-2022 15:53:09 PM] Selenium_Wrapper.enterText:(311) - Entering Text :It is working as per Expected in WebElement :[[ChromeDriver: chrome on WINDOWS (ea7984f0dcfb452982a1177e03c5bb02)] -> xpath: //div[contains(@class,'cke_wysiwyg_div')]]
[INFO ][03-Sep-2022 15:53:15 PM] Selenium_Wrapper.click:(199) - Clicking on :[[ChromeDriver: chrome on WINDOWS (ea7984f0dcfb452982a1177e03c5bb02)] -> xpath: //div[@class='ws-toolbar-button-image bui-icon save-icon fa-lg']]
[INFO ][03-Sep-2022 15:53:25 PM] Selenium_Wrapper.click:(199) - Clicking on :[[ChromeDriver: chrome on WINDOWS (ea7984f0dcfb452982a1177e03c5bb02)] -> xpath: //span[text()='Summary']]
[INFO ][03-Sep-2022 15:53:35 PM] Selenium_Wrapper.click:(199) - Clicking on :[[ChromeDriver: chrome on WINDOWS (ea7984f0dcfb452982a1177e03c5bb02)] -> xpath: ((//div[text()='Status'])[2]/following::*)[1]]
[INFO ][03-Sep-2022 15:53:43 PM] Selenium_Wrapper.click:(199) - Clicking on :[[ChromeDriver: chrome on WINDOWS (ea7984f0dcfb452982a1177e03c5bb02)] -> xpath: (//div[@title='Solved'])[1]]
[INFO ][03-Sep-2022 15:53:50 PM] Selenium_Wrapper.click:(199) - Clicking on :[[ChromeDriver: chrome on WINDOWS (ea7984f0dcfb452982a1177e03c5bb02)] -> xpath: //div[@class='ws-toolbar-button-image bui-icon save-icon fa-lg']]
[INFO ][03-Sep-2022 15:53:57 PM] Selenium_Wrapper.click:(199) - Clicking on :[[ChromeDriver: chrome on WINDOWS (ea7984f0dcfb452982a1177e03c5bb02)] -> xpath: (//a[@class='closeButton'])[3]]
[INFO ][03-Sep-2022 15:54:05 PM] Selenium_Wrapper.click:(199) - Clicking on :[[ChromeDriver: chrome on WINDOWS (ea7984f0dcfb452982a1177e03c5bb02)] -> xpath: //div[@class='ws-toolbar-button-image bui-icon fa-filter']]
[INFO ][03-Sep-2022 15:54:12 PM] Selenium_Wrapper.click:(199) - Clicking on :[[ChromeDriver: chrome on WINDOWS (ea7984f0dcfb452982a1177e03c5bb02)] -> xpath: (//div[text()='Status']/following::*)[1]]
[INFO ][03-Sep-2022 15:54:19 PM] Selenium_Wrapper.click:(199) - Clicking on :[[ChromeDriver: chrome on WINDOWS (ea7984f0dcfb452982a1177e03c5bb02)] -> xpath: (//span[text()='Search'])[3]]
[INFO ][03-Sep-2022 15:56:26 PM] Selenium_Wrapper.click:(199) - Clicking on :[[ChromeDriver: chrome on WINDOWS (ea7984f0dcfb452982a1177e03c5bb02)] -> xpath: (//div[@class='primary-tab-header']//ul//li)[2]//span//a//i]
