[INFO ][24-May-2023 15:44:43 PM] Selenium_Wrapper.openBrowser:(48) - Opening chrome browser.
[INFO ][24-May-2023 15:44:46 PM] Selenium_Wrapper.enterURL:(82) - Entering url :https://macu1--tst1.custhelp.com/AgentWeb/
[INFO ][24-May-2023 15:44:51 PM] Selenium_Wrapper.enterText:(311) - Entering Text :automation_testing in WebElement :[[ChromeDriver: chrome on WINDOWS (61719868135d53c7a55211f69caf4d76)] -> id: username]
[INFO ][24-May-2023 15:44:52 PM] Selenium_Wrapper.enterText:(311) - Entering Text :Welcome123 in WebElement :[[ChromeDriver: chrome on WINDOWS (61719868135d53c7a55211f69caf4d76)] -> id: password]
[INFO ][24-May-2023 15:45:17 PM] Selenium_Wrapper.click:(199) - Clicking on :[[ChromeDriver: chrome on WINDOWS (61719868135d53c7a55211f69caf4d76)] -> id: loginbutton]
[INFO ][24-May-2023 15:45:52 PM] Selenium_Wrapper.click:(199) - Clicking on :[[ChromeDriver: chrome on WINDOWS (61719868135d53c7a55211f69caf4d76)] -> id: navigationSetBtn]
[INFO ][24-May-2023 15:45:59 PM] Selenium_Wrapper.click:(199) - Clicking on :[[ChromeDriver: chrome on WINDOWS (61719868135d53c7a55211f69caf4d76)] -> xpath: //div[@automationid='Configuration']]
[INFO ][24-May-2023 15:46:04 PM] Selenium_Wrapper.click:(199) - Clicking on :[[ChromeDriver: chrome on WINDOWS (61719868135d53c7a55211f69caf4d76)] -> xpath: //div[@automationid='Configuration_Service']]
[INFO ][24-May-2023 15:46:09 PM] Selenium_Wrapper.click:(199) - Clicking on :[[ChromeDriver: chrome on WINDOWS (61719868135d53c7a55211f69caf4d76)] -> xpath: //div[@automationid='Configuration_Service_Knowledge Advanced']]
[INFO ][24-May-2023 15:46:14 PM] Selenium_Wrapper.click:(199) - Clicking on :[[ChromeDriver: chrome on WINDOWS (61719868135d53c7a55211f69caf4d76)] -> xpath: //div[@automationid='Configuration_Service_Knowledge Advanced_Authoring']//span[text()='Authoring']]
[INFO ][24-May-2023 15:46:32 PM] Selenium_Wrapper.clickUsingActions:(249) - Clicking on :[[ChromeDriver: chrome on WINDOWS (61719868135d53c7a55211f69caf4d76)] -> xpath: //div[@class='bodyDivRN']//li[@testidentifier='MainNavBar_Content']//a]
[INFO ][24-May-2023 15:46:54 PM] Selenium_Wrapper.click:(199) - Clicking on :[[ChromeDriver: chrome on WINDOWS (61719868135d53c7a55211f69caf4d76)] -> xpath: //a[@testidentifier='ContentNavBar_Add_Technology'][normalize-space()='Add']]
[INFO ][24-May-2023 15:47:02 PM] Selenium_Wrapper.click:(199) - Clicking on :[[ChromeDriver: chrome on WINDOWS (61719868135d53c7a55211f69caf4d76)] -> xpath: //input[@testidentifier='Content_ContentType_Add_SUMMARY']]
[INFO ][24-May-2023 15:47:03 PM] Selenium_Wrapper.enterText:(311) - Entering Text :Test Technology through Automation 10 in WebElement :[[ChromeDriver: chrome on WINDOWS (61719868135d53c7a55211f69caf4d76)] -> xpath: //input[@testidentifier='Content_ContentType_Add_SUMMARY']]
[INFO ][24-May-2023 15:47:08 PM] Selenium_Wrapper.click:(199) - Clicking on :[[ChromeDriver: chrome on WINDOWS (61719868135d53c7a55211f69caf4d76)] -> xpath: //input[@testidentifier='Content_ContentType_Add_KEYWORD']]
[INFO ][24-May-2023 15:47:10 PM] Selenium_Wrapper.enterText:(311) - Entering Text :Automation Technology Test 3 in WebElement :[[ChromeDriver: chrome on WINDOWS (61719868135d53c7a55211f69caf4d76)] -> xpath: //input[@testidentifier='Content_ContentType_Add_KEYWORD']]
[INFO ][24-May-2023 15:47:19 PM] Selenium_Wrapper.click:(199) - Clicking on :[[ChromeDriver: chrome on WINDOWS (61719868135d53c7a55211f69caf4d76)] -> xpath: (//span[text()='Source'])[5]]
[INFO ][24-May-2023 15:47:24 PM] Selenium_Wrapper.click:(199) - Clicking on :[[ChromeDriver: chrome on WINDOWS (61719868135d53c7a55211f69caf4d76)] -> xpath: //textarea[contains(@title,'Rich Text Editor')]]
[INFO ][24-May-2023 15:47:32 PM] Selenium_Wrapper.enterText:(311) - Entering Text :<h1>Basic Info</h1>
*<h2>Rescue Loan Qualification</h2>
*<p>For a loan to qualify as rescued you must be able to say YES to EACH of the requirements below:</p>
*<ol> *              <li>This is a new loan to MACU</li> *              <li>This loan is paying off an existing loan from another financial institution (personally&nbsp;held debt and collections are not eligible)</li> *              <li>I proactively rescued this loan</li> *              <li>I reviewed a Value Analyzer with the member and discussed how the new rescue loan meets their needs</li> *</ol> *<h2>Rescued Loan Incentive</h2>
*<ul> *              <li>MSRs and Service Center Agents will receive $10.00 plus&nbsp;$0.50 per $1,000 of rescued volume ($100 cap) for a rescue referral sent to a loan-trained employee (FSR, Outbound Agent, etc.)</li> *          <li>Loan-trained team members who originate and book a rescued loan will receive&nbsp;$2 per $1,000 of rescued volume&nbsp;($100 cap). *            <ul> *                        <li>When booked as a result of a referral, the incentive for the loan-trained individual changes to $1.50 per $1,000 of rescued volume.</li> *             </ul> *              </li> *</ul>
*<div class="panel panel-default panel_note"> *<div class="panel-heading"> *<h2 class="panel-title"> *<span class="rn_note"><strong>Note: </strong> Need to rename a multi-workspace channel on an Enterprise Grid org? Only the Owners or Admins of the workspace or org can do so.</span> *</h2> *</div> *</div>
*<div class="panel panel-default panel_tip"> *<div class="panel-heading"> *<h2 class="panel-title"> *<span class="rn_tip"><strong>Tip:</strong> Only the Owners or Admins of the org can edit this content.</span> *</h2> *</div> *</div>
*<div class="panel panel-default panel_updated"> *<div class="panel-heading"> *<h2 class="panel-title"> *<span class="rn_updated"><strong>COVID-19 Update: </strong> Qualifications to Open and Make Contributions</span> *</h2> *</div> *</div>
*<div class="panel panel-default panel_video"> *<div class="panel-heading"> *<h2 class="panel-title"> *<a class="collapsed" data-toggle="collapse" href="#panel_video_bodyone"> *<span class="rn_video">Video Title</span></a></h2> *</div> *<div aria-expanded="true" class="panel-collapse collapse " id="panel_video_bodyone" role="tabpanel">&nbsp; *<div class="col-sm-12"> *<iframe allowfullscreen="" frameborder="0" height="auto" scrolling="no" src="https://web.microsoftstream.com/embed/video/e865da0e-1116-4ada-b64e-230d0807e343?autoplay=false&amp;showinfo=true" style="border: currentColor; border-image: none;" width="100%"></iframe></div> *</div> *</div> in WebElement :[[ChromeDriver: chrome on WINDOWS (61719868135d53c7a55211f69caf4d76)] -> xpath: //textarea[contains(@title,'Rich Text Editor')]]
[INFO ][24-May-2023 15:47:38 PM] Selenium_Wrapper.click:(199) - Clicking on :[[ChromeDriver: chrome on WINDOWS (61719868135d53c7a55211f69caf4d76)] -> xpath: (//span[text()='Source'])[5]]
[INFO ][24-May-2023 15:47:45 PM] Selenium_Wrapper.click:(199) - Clicking on :[[ChromeDriver: chrome on WINDOWS (61719868135d53c7a55211f69caf4d76)] -> xpath: //input[@type='checkbox'][@testidentifier='ContentAttributes_RepoViewSelection']]
[INFO ][24-May-2023 15:48:06 PM] Selenium_Wrapper.click:(199) - Clicking on :[[ChromeDriver: chrome on WINDOWS (61719868135d53c7a55211f69caf4d76)] -> xpath: //a[text()='Save Document']]
[INFO ][24-May-2023 15:48:16 PM] Selenium_Wrapper.click:(199) - Clicking on :[[ChromeDriver: chrome on WINDOWS (61719868135d53c7a55211f69caf4d76)] -> xpath: //a[text()='Approve']]
[INFO ][24-May-2023 15:48:27 PM] Selenium_Wrapper.click:(199) - Clicking on :[[ChromeDriver: chrome on WINDOWS (61719868135d53c7a55211f69caf4d76)] -> xpath: //a[text()='Approve']]
[INFO ][24-May-2023 15:48:37 PM] Selenium_Wrapper.click:(199) - Clicking on :[[ChromeDriver: chrome on WINDOWS (61719868135d53c7a55211f69caf4d76)] -> xpath: //a[text()='Approve']]
[INFO ][24-May-2023 15:48:40 PM] Selenium_Wrapper.closeCurrentBrowser:(651) - Closing the current Browser
[INFO ][24-May-2023 15:48:44 PM] Selenium_Wrapper.openBrowser:(48) - Opening chrome browser.
[INFO ][24-May-2023 15:48:52 PM] Selenium_Wrapper.enterURL:(82) - Entering url :https://macu1--tst1.custhelp.com/app/home
[INFO ][24-May-2023 15:48:56 PM] Selenium_Wrapper.enterText:(311) - Entering Text :swamyk in WebElement :[[ChromeDriver: chrome on WINDOWS (f4f225814e704b10b3cfca995b2c53b6)] -> id: rn_LoginForm_2_Username]
[INFO ][24-May-2023 15:48:57 PM] Selenium_Wrapper.enterText:(311) - Entering Text :Soft@123 in WebElement :[[ChromeDriver: chrome on WINDOWS (f4f225814e704b10b3cfca995b2c53b6)] -> id: rn_LoginForm_2_Password]
[INFO ][24-May-2023 15:49:04 PM] Selenium_Wrapper.click:(199) - Clicking on :[[ChromeDriver: chrome on WINDOWS (f4f225814e704b10b3cfca995b2c53b6)] -> id: rn_LoginForm_2_Submit]
[ERROR][24-May-2023 15:49:19 PM] CallOuts.testCPCallouts:(119) - Login/SignIn un-successfull
[INFO ][24-May-2023 15:49:22 PM] Selenium_Wrapper.closeCurrentBrowser:(651) - Closing the current Browser
