[INFO ][02-Jul-2024 15:40:34 PM] Selenium_Wrapper.openBrowser:(54) - Opening chrome browser.
[INFO ][02-Jul-2024 15:40:41 PM] Selenium_Wrapper.enterURL:(88) - Entering url :https://macu1--tst1.custhelp.com/app/home
[INFO ][02-Jul-2024 15:40:45 PM] Selenium_Wrapper.enterText:(317) - Entering Text :swamyk in WebElement :[[ChromeDriver: chrome on WINDOWS (773b2f847be8d6e7a8ec2c163e5fcea9)] -> id: rn_LoginForm_2_Username]
[INFO ][02-Jul-2024 15:40:47 PM] Selenium_Wrapper.enterText:(317) - Entering Text :Soft@123 in WebElement :[[ChromeDriver: chrome on WINDOWS (773b2f847be8d6e7a8ec2c163e5fcea9)] -> id: rn_LoginForm_2_Password]
[INFO ][02-Jul-2024 15:40:51 PM] Selenium_Wrapper.click:(205) - Clicking on :[[ChromeDriver: chrome on WINDOWS (773b2f847be8d6e7a8ec2c163e5fcea9)] -> id: rn_LoginForm_2_Submit]
[INFO ][02-Jul-2024 15:41:04 PM] Selenium_Wrapper.click:(205) - Clicking on :[[ChromeDriver: chrome on WINDOWS (773b2f847be8d6e7a8ec2c163e5fcea9)] -> xpath: //input[@type='search']]
[INFO ][02-Jul-2024 15:41:05 PM] Selenium_Wrapper.enterText:(317) - Entering Text :Business Use Auto Loan in WebElement :[[ChromeDriver: chrome on WINDOWS (773b2f847be8d6e7a8ec2c163e5fcea9)] -> xpath: //input[@type='search']]
[INFO ][02-Jul-2024 15:41:21 PM] Selenium_Wrapper.click:(205) - Clicking on :[[ChromeDriver: chrome on WINDOWS (773b2f847be8d6e7a8ec2c163e5fcea9)] -> xpath: (//ul[text()='Suggested Search']//li//li)[1]]
[INFO ][02-Jul-2024 15:41:25 PM] Selenium_Wrapper.click:(205) - Clicking on :[[ChromeDriver: chrome on WINDOWS (773b2f847be8d6e7a8ec2c163e5fcea9)] -> xpath: //div[@class='rn_SearchResultContent']//tbody//tr//div//span[@class='rn_Element1']//a]
[INFO ][02-Jul-2024 15:41:34 PM] Selenium_Wrapper.click:(205) - Clicking on :[[ChromeDriver: chrome on WINDOWS (773b2f847be8d6e7a8ec2c163e5fcea9)] -> xpath: //a[contains(@class,'bookmarkedFilled')]//img[@class='bookmark_icon_red']]
[INFO ][02-Jul-2024 15:41:48 PM] Selenium_Wrapper.click:(205) - Clicking on :[[ChromeDriver: chrome on WINDOWS (773b2f847be8d6e7a8ec2c163e5fcea9)] -> xpath: //a[@class='add_bookmarkButton']//img[@class='bookmark_icon_blank']]
[INFO ][02-Jul-2024 15:41:52 PM] Selenium_Wrapper.click:(205) - Clicking on :[[ChromeDriver: chrome on WINDOWS (773b2f847be8d6e7a8ec2c163e5fcea9)] -> xpath: //div[@class='dropdown']]
[INFO ][02-Jul-2024 15:41:58 PM] Selenium_Wrapper.click:(205) - Clicking on :[[ChromeDriver: chrome on WINDOWS (773b2f847be8d6e7a8ec2c163e5fcea9)] -> xpath: //div[@class='data Custom-data']//a[text()='My Bookmarks']]
[INFO ][02-Jul-2024 15:42:16 PM] Selenium_Wrapper.click:(205) - Clicking on :[[ChromeDriver: chrome on WINDOWS (773b2f847be8d6e7a8ec2c163e5fcea9)] -> xpath: //a[contains(text(),'Business Use Auto Loan')]//parent::div[@class='rn_Notification_Info']//following-sibling::div[@class='rn_Notification_Actions']//button[@class='rn_Notification_Delete']//img[@class='bookmark_del_ico']]
[INFO ][02-Jul-2024 15:42:30 PM] Selenium_Wrapper.click:(205) - Clicking on :[[ChromeDriver: chrome on WINDOWS (773b2f847be8d6e7a8ec2c163e5fcea9)] -> class name: knowledge]
[INFO ][02-Jul-2024 15:42:34 PM] Selenium_Wrapper.click:(205) - Clicking on :[[ChromeDriver: chrome on WINDOWS (773b2f847be8d6e7a8ec2c163e5fcea9)] -> xpath: //input[@type='search']]
[INFO ][02-Jul-2024 15:42:35 PM] Selenium_Wrapper.enterText:(317) - Entering Text :Business Use Auto Loan in WebElement :[[ChromeDriver: chrome on WINDOWS (773b2f847be8d6e7a8ec2c163e5fcea9)] -> xpath: //input[@type='search']]
[INFO ][02-Jul-2024 15:42:41 PM] Selenium_Wrapper.click:(205) - Clicking on :[[ChromeDriver: chrome on WINDOWS (773b2f847be8d6e7a8ec2c163e5fcea9)] -> xpath: (//ul[text()='Suggested Search']//li//li)[1]]
[INFO ][02-Jul-2024 15:42:45 PM] Selenium_Wrapper.click:(205) - Clicking on :[[ChromeDriver: chrome on WINDOWS (773b2f847be8d6e7a8ec2c163e5fcea9)] -> xpath: //div[@class='rn_SearchResultContent']//tbody//tr//div//span[@class='rn_Element1']//a]
[INFO ][02-Jul-2024 15:42:52 PM] Selenium_Wrapper.click:(205) - Clicking on :[[ChromeDriver: chrome on WINDOWS (773b2f847be8d6e7a8ec2c163e5fcea9)] -> xpath: //div[contains(@class,'EmailAnswerLink')]//img[@class='share_icon_default']]
[INFO ][02-Jul-2024 15:42:54 PM] Selenium_Wrapper.click:(205) - Clicking on :[[ChromeDriver: chrome on WINDOWS (773b2f847be8d6e7a8ec2c163e5fcea9)] -> xpath: //div[@id='rnDialog1']//input[@class='select2-search__field']]
[INFO ][02-Jul-2024 15:42:56 PM] Selenium_Wrapper.enterText:(317) - Entering Text :Aaron Brown in WebElement :[[ChromeDriver: chrome on WINDOWS (773b2f847be8d6e7a8ec2c163e5fcea9)] -> xpath: //div[@id='rnDialog1']//input[@class='select2-search__field']]
[INFO ][02-Jul-2024 15:43:01 PM] Selenium_Wrapper.click:(205) - Clicking on :[[ChromeDriver: chrome on WINDOWS (773b2f847be8d6e7a8ec2c163e5fcea9)] -> xpath: //ul[@class='select2-results__options']//li[text()='Aaron Brown']]
[INFO ][02-Jul-2024 15:43:03 PM] Selenium_Wrapper.click:(205) - Clicking on :[[ChromeDriver: chrome on WINDOWS (773b2f847be8d6e7a8ec2c163e5fcea9)] -> xpath: //button[@class='yui3-button yui3-button-close']]
[INFO ][02-Jul-2024 15:43:15 PM] Selenium_Wrapper.click:(205) - Clicking on :[[ChromeDriver: chrome on WINDOWS (773b2f847be8d6e7a8ec2c163e5fcea9)] -> xpath: //div[@id='formsResources_panel']//div[@id='formsResources_headingOne']]
[INFO ][02-Jul-2024 15:43:24 PM] Selenium_Wrapper.clickUsingActions:(255) - Clicking on :[[ChromeDriver: chrome on WINDOWS (773b2f847be8d6e7a8ec2c163e5fcea9)] -> xpath: (//ul[@class='formsResources']//ul//li/a)[2]]
[INFO ][02-Jul-2024 15:43:51 PM] Selenium_Wrapper.click:(205) - Clicking on :[[ChromeDriver: chrome on WINDOWS (773b2f847be8d6e7a8ec2c163e5fcea9)] -> class name: knowledge]
[INFO ][02-Jul-2024 15:43:58 PM] Selenium_Wrapper.click:(205) - Clicking on :[[ChromeDriver: chrome on WINDOWS (773b2f847be8d6e7a8ec2c163e5fcea9)] -> xpath: //input[@type='search']]
[INFO ][02-Jul-2024 15:43:59 PM] Selenium_Wrapper.enterText:(317) - Entering Text :Business Use Auto Loan in WebElement :[[ChromeDriver: chrome on WINDOWS (773b2f847be8d6e7a8ec2c163e5fcea9)] -> xpath: //input[@type='search']]
[INFO ][02-Jul-2024 15:44:14 PM] Selenium_Wrapper.click:(205) - Clicking on :[[ChromeDriver: chrome on WINDOWS (773b2f847be8d6e7a8ec2c163e5fcea9)] -> xpath: (//ul[text()='Suggested Search']//li//li)[1]]
[INFO ][02-Jul-2024 15:44:20 PM] Selenium_Wrapper.click:(205) - Clicking on :[[ChromeDriver: chrome on WINDOWS (773b2f847be8d6e7a8ec2c163e5fcea9)] -> xpath: //div[@class='rn_SearchResultContent']//tbody//tr//div//span[@class='rn_Element1']//a]
[INFO ][02-Jul-2024 15:45:18 PM] Selenium_Wrapper.click:(205) - Clicking on :[[ChromeDriver: chrome on WINDOWS (773b2f847be8d6e7a8ec2c163e5fcea9)] -> xpath: //button[@class='rn_RecommendContentButton p-0']]
[INFO ][02-Jul-2024 15:45:19 PM] Selenium_Wrapper.enterText:(317) - Entering Text :Test Improve, comments, updates in WebElement :[[ChromeDriver: chrome on WINDOWS (773b2f847be8d6e7a8ec2c163e5fcea9)] -> xpath: //div[@id='rnDialog1_c']//textarea[contains(@id,RequestUpdate)]]
[INFO ][02-Jul-2024 15:45:21 PM] Selenium_Wrapper.click:(205) - Clicking on :[[ChromeDriver: chrome on WINDOWS (773b2f847be8d6e7a8ec2c163e5fcea9)] -> xpath: //button[@class='yui3-button yui3-button-close']]
[INFO ][02-Jul-2024 15:45:30 PM] Selenium_Wrapper.click:(205) - Clicking on :[[ChromeDriver: chrome on WINDOWS (773b2f847be8d6e7a8ec2c163e5fcea9)] -> id: relatedPages_headingOne]
[INFO ][02-Jul-2024 15:45:33 PM] Selenium_Wrapper.click:(205) - Clicking on :[[ChromeDriver: chrome on WINDOWS (773b2f847be8d6e7a8ec2c163e5fcea9)] -> id: relatedPages_headingOne]
[INFO ][02-Jul-2024 15:45:40 PM] Selenium_Wrapper.enterText:(317) - Entering Text :Business Use Auto Loan in WebElement :[[ChromeDriver: chrome on WINDOWS (773b2f847be8d6e7a8ec2c163e5fcea9)] -> xpath: //div[contains(@class,'input-group')]//input[@type='search']]
[INFO ][02-Jul-2024 15:45:52 PM] Selenium_Wrapper.click:(205) - Clicking on :[[ChromeDriver: chrome on WINDOWS (773b2f847be8d6e7a8ec2c163e5fcea9)] -> xpath: //ul[@aria-label='Suggested Search']//li[@class='rn_SuggestionItem'][normalize-space()='Business Use Auto Loan']]
[INFO ][02-Jul-2024 15:46:03 PM] Selenium_Wrapper.click:(205) - Clicking on :[[ChromeDriver: chrome on WINDOWS (773b2f847be8d6e7a8ec2c163e5fcea9)] -> class name: knowledge]
[INFO ][02-Jul-2024 15:46:06 PM] Selenium_Wrapper.closeCurrentBrowser:(657) - Closing the current Browser
