[INFO ][04-Jan-2024 15:43:07 PM] Selenium_Wrapper.openBrowser:(48) - Opening chrome browser.
[INFO ][04-Jan-2024 15:43:10 PM] Selenium_Wrapper.enterURL:(82) - Entering url :https://macu1--tst1.custhelp.com/AgentWeb/
[INFO ][04-Jan-2024 15:43:15 PM] Selenium_Wrapper.enterText:(311) - Entering Text :automation_testing in WebElement :[[ChromeDriver: chrome on WINDOWS (86dc49c7fe0ee9938ac9cc40dc28e189)] -> id: username]
[INFO ][04-Jan-2024 15:43:16 PM] Selenium_Wrapper.enterText:(311) - Entering Text :Welcome123 in WebElement :[[ChromeDriver: chrome on WINDOWS (86dc49c7fe0ee9938ac9cc40dc28e189)] -> id: password]
[INFO ][04-Jan-2024 15:43:43 PM] Selenium_Wrapper.click:(199) - Clicking on :[[ChromeDriver: chrome on WINDOWS (86dc49c7fe0ee9938ac9cc40dc28e189)] -> id: loginbutton]
[INFO ][04-Jan-2024 15:44:03 PM] Selenium_Wrapper.click:(199) - Clicking on :[[ChromeDriver: chrome on WINDOWS (86dc49c7fe0ee9938ac9cc40dc28e189)] -> id: navigationSetBtn]
[INFO ][04-Jan-2024 15:44:08 PM] Selenium_Wrapper.click:(199) - Clicking on :[[ChromeDriver: chrome on WINDOWS (86dc49c7fe0ee9938ac9cc40dc28e189)] -> xpath: //div[@automationid='Analytics']]
[INFO ][04-Jan-2024 15:44:21 PM] Selenium_Wrapper.click:(199) - Clicking on :[[ChromeDriver: chrome on WINDOWS (86dc49c7fe0ee9938ac9cc40dc28e189)] -> xpath: //div[@automationid='Analytics_Reports Explorer']//span[text()='Reports Explorer']]
[INFO ][04-Jan-2024 15:44:36 PM] Selenium_Wrapper.click:(199) - Clicking on :[[ChromeDriver: chrome on WINDOWS (86dc49c7fe0ee9938ac9cc40dc28e189)] -> xpath: //div[@aria-label='Public Reports'][text()='Public Reports']]
[INFO ][04-Jan-2024 15:44:41 PM] Selenium_Wrapper.click:(199) - Clicking on :[[ChromeDriver: chrome on WINDOWS (86dc49c7fe0ee9938ac9cc40dc28e189)] -> xpath: //div[@aria-label='MACU CUSTOM REPORTS'][text()='MACU CUSTOM REPORTS']]
[INFO ][04-Jan-2024 15:44:46 PM] Selenium_Wrapper.click:(199) - Clicking on :[[ChromeDriver: chrome on WINDOWS (86dc49c7fe0ee9938ac9cc40dc28e189)] -> xpath: //div[@aria-label='SoftClouds'][text()='SoftClouds']]
[INFO ][04-Jan-2024 15:44:52 PM] Selenium_Wrapper.click:(199) - Clicking on :[[ChromeDriver: chrome on WINDOWS (86dc49c7fe0ee9938ac9cc40dc28e189)] -> xpath: //div[@aria-label='OKCS'][text()='OKCS'][contains(@id,'ExplorerFolderLabelAnalyticsFolder103223')]]
[ERROR][04-Jan-2024 15:45:03 PM] Selenium_Wrapper.highlightWebElement:(417) - org.openqa.selenium.NoSuchElementException: no such element: Unable to locate element: {"method":"xpath","selector":"//span[contains(@title,'Full Name')]"}
  (Session info: chrome=120.0.6099.199)
For documentation on this error, please visit: https://www.seleniumhq.org/exceptions/no_such_element.html
Build info: version: '3.141.59', revision: 'e82be7d358', time: '2018-11-14T08:17:03'
System info: host: 'CAF-QA-SWAMYK', ip: '172.26.9.192', os.name: 'Windows 10', os.arch: 'amd64', os.version: '10.0', java.version: '17.0.5'
Driver info: org.openqa.selenium.chrome.ChromeDriver
Capabilities {acceptInsecureCerts: false, browserName: chrome, browserVersion: 120.0.6099.199, chrome: {chromedriverVersion: 119.0.6045.105 (38c72552c5e..., userDataDir: C:\Users\swamyk\AppData\Loc...}, fedcm:accounts: true, goog:chromeOptions: {debuggerAddress: localhost:50307}, javascriptEnabled: true, networkConnectionEnabled: false, pageLoadStrategy: normal, platform: WINDOWS, platformName: WINDOWS, proxy: Proxy(), setWindowRect: true, strictFileInteractability: false, timeouts: {implicit: 0, pageLoad: 300000, script: 30000}, unhandledPromptBehavior: dismiss and notify, webauthn:extension:credBlob: true, webauthn:extension:largeBlob: true, webauthn:extension:minPinLength: true, webauthn:extension:prf: true, webauthn:virtualAuthenticators: true}
Session ID: 86dc49c7fe0ee9938ac9cc40dc28e189
*** Element info: {Using=xpath, value=//span[contains(@title,'Full Name')]}
[ERROR][04-Jan-2024 15:45:13 PM] ActionsDashboardReport.testVisitorActionsDashboard:(135) - Select Actions Report in BUI Test is un-successfull
