[INFO ][07-May-2024 15:41:37 PM] Selenium_Wrapper.openBrowser:(54) - Opening chrome browser.
[INFO ][07-May-2024 15:41:48 PM] Selenium_Wrapper.enterURL:(88) - Entering url :https://macu1--tst1.custhelp.com/app/home
[INFO ][07-May-2024 15:41:52 PM] Selenium_Wrapper.enterText:(317) - Entering Text :swamyk in WebElement :[[ChromeDriver: chrome on WINDOWS (75e2f8fa3e9807923b3c0c80676a8340)] -> id: rn_LoginForm_2_Username]
[INFO ][07-May-2024 15:41:54 PM] Selenium_Wrapper.enterText:(317) - Entering Text :Soft@123 in WebElement :[[ChromeDriver: chrome on WINDOWS (75e2f8fa3e9807923b3c0c80676a8340)] -> id: rn_LoginForm_2_Password]
[INFO ][07-May-2024 15:41:58 PM] Selenium_Wrapper.click:(205) - Clicking on :[[ChromeDriver: chrome on WINDOWS (75e2f8fa3e9807923b3c0c80676a8340)] -> id: rn_LoginForm_2_Submit]
[INFO ][07-May-2024 15:42:06 PM] Selenium_Wrapper.click:(205) - Clicking on :[[ChromeDriver: chrome on WINDOWS (75e2f8fa3e9807923b3c0c80676a8340)] -> xpath: //input[@type='search']]
[INFO ][07-May-2024 15:42:07 PM] Selenium_Wrapper.enterText:(317) - Entering Text :Business Use Auto Loan in WebElement :[[ChromeDriver: chrome on WINDOWS (75e2f8fa3e9807923b3c0c80676a8340)] -> xpath: //input[@type='search']]
[INFO ][07-May-2024 15:42:18 PM] Selenium_Wrapper.click:(205) - Clicking on :[[ChromeDriver: chrome on WINDOWS (75e2f8fa3e9807923b3c0c80676a8340)] -> xpath: //ul[@aria-label='Suggested Search']//li[normalize-space()='Business Use Auto Loan']]
[INFO ][07-May-2024 15:42:23 PM] Selenium_Wrapper.click:(205) - Clicking on :[[ChromeDriver: chrome on WINDOWS (75e2f8fa3e9807923b3c0c80676a8340)] -> xpath: //div[@class='rn_SearchResultContent']//a[text()='Business Use Auto Loan']]
[INFO ][07-May-2024 15:42:41 PM] Selenium_Wrapper.click:(205) - Clicking on :[[ChromeDriver: chrome on WINDOWS (75e2f8fa3e9807923b3c0c80676a8340)] -> id: relatedPages_headingOne]
[INFO ][07-May-2024 15:42:45 PM] Selenium_Wrapper.click:(205) - Clicking on :[[ChromeDriver: chrome on WINDOWS (75e2f8fa3e9807923b3c0c80676a8340)] -> id: relatedPages_headingOne]
[INFO ][07-May-2024 15:42:52 PM] Selenium_Wrapper.click:(205) - Clicking on :[[ChromeDriver: chrome on WINDOWS (75e2f8fa3e9807923b3c0c80676a8340)] -> id: rn_SearchHome_17_SearchInput]
[INFO ][07-May-2024 15:42:53 PM] Selenium_Wrapper.enterText:(317) - Entering Text :Business Use Auto Loan in WebElement :[[ChromeDriver: chrome on WINDOWS (75e2f8fa3e9807923b3c0c80676a8340)] -> id: rn_SearchHome_17_SearchInput]
[INFO ][07-May-2024 15:43:03 PM] Selenium_Wrapper.click:(205) - Clicking on :[[ChromeDriver: chrome on WINDOWS (75e2f8fa3e9807923b3c0c80676a8340)] -> xpath: //ul[@aria-label='Suggested Search']//li[@class='rn_SuggestionItem'][normalize-space()='Business Use Auto Loan']]
[INFO ][07-May-2024 15:43:08 PM] Selenium_Wrapper.click:(205) - Clicking on :[[ChromeDriver: chrome on WINDOWS (75e2f8fa3e9807923b3c0c80676a8340)] -> xpath: //div[@class='rn_SearchResultContent']//a[text()='Business Use Auto Loan']]
[INFO ][07-May-2024 15:43:22 PM] Selenium_Wrapper.click:(205) - Clicking on :[[ChromeDriver: chrome on WINDOWS (75e2f8fa3e9807923b3c0c80676a8340)] -> xpath: //button[@class='rn_RecommendContentButton p-0']]
[INFO ][07-May-2024 15:43:23 PM] Selenium_Wrapper.enterText:(317) - Entering Text :Test Improve, comments, updates in WebElement :[[ChromeDriver: chrome on WINDOWS (75e2f8fa3e9807923b3c0c80676a8340)] -> id: rn_RequestUpdate_25_Description]
[INFO ][07-May-2024 15:43:25 PM] Selenium_Wrapper.click:(205) - Clicking on :[[ChromeDriver: chrome on WINDOWS (75e2f8fa3e9807923b3c0c80676a8340)] -> xpath: //button[text()='Submit']]
[INFO ][07-May-2024 15:43:35 PM] Selenium_Wrapper.click:(205) - Clicking on :[[ChromeDriver: chrome on WINDOWS (75e2f8fa3e9807923b3c0c80676a8340)] -> xpath: //div[@id='rnDialog2']//button[@type='button']]
[INFO ][07-May-2024 15:43:43 PM] Selenium_Wrapper.click:(205) - Clicking on :[[ChromeDriver: chrome on WINDOWS (75e2f8fa3e9807923b3c0c80676a8340)] -> class name: knowledge]
[INFO ][07-May-2024 15:43:47 PM] Selenium_Wrapper.click:(205) - Clicking on :[[ChromeDriver: chrome on WINDOWS (75e2f8fa3e9807923b3c0c80676a8340)] -> xpath: //div[@class='dropdown']]
[INFO ][07-May-2024 15:43:52 PM] Selenium_Wrapper.click:(205) - Clicking on :[[ChromeDriver: chrome on WINDOWS (75e2f8fa3e9807923b3c0c80676a8340)] -> xpath: //a[text()='My Feedback']]
[INFO ][07-May-2024 15:43:53 PM] Selenium_Wrapper.enterText:(317) - Entering Text :Business Use Auto Loan in WebElement :[[ChromeDriver: chrome on WINDOWS (75e2f8fa3e9807923b3c0c80676a8340)] -> xpath: //input[@placeholder='Search Your Feedback Report']]
[INFO ][07-May-2024 15:44:04 PM] Selenium_Wrapper.click:(205) - Clicking on :[[ChromeDriver: chrome on WINDOWS (75e2f8fa3e9807923b3c0c80676a8340)] -> xpath: //div[@class='rn_SearchInput1 mt-3']//span[@class='btn-srch-icon']//i[@class='fa fa-search']]
[INFO ][07-May-2024 15:44:28 PM] Selenium_Wrapper.click:(205) - Clicking on :[[ChromeDriver: chrome on WINDOWS (75e2f8fa3e9807923b3c0c80676a8340)] -> xpath: //tr[@class='yui3-datatable-even']//td[@headers='Grid_6_c1']/a]
[INFO ][07-May-2024 15:44:57 PM] Selenium_Wrapper.click:(205) - Clicking on :[[ChromeDriver: chrome on WINDOWS (75e2f8fa3e9807923b3c0c80676a8340)] -> class name: knowledge]
[INFO ][07-May-2024 15:45:00 PM] Selenium_Wrapper.closeCurrentBrowser:(657) - Closing the current Browser
