[INFO ][26-Oct-2021 15:50:27 pm] Selenium_Wrapper.openBrowser:(48) - Opening chrome browser.
[INFO ][26-Oct-2021 15:50:34 pm] Selenium_Wrapper.enterURL:(82) - Entering url :https://macu1--tst.custhelp.com/app/home
[INFO ][26-Oct-2021 15:50:38 pm] Selenium_Wrapper.enterText:(311) - Entering Text :pramodk in WebElement :[[ChromeDriver: chrome on WINDOWS (e43c9c1492225973d39b8ff7fef13e7e)] -> id: rn_LoginForm_2_Username]
[INFO ][26-Oct-2021 15:50:40 pm] Selenium_Wrapper.enterText:(311) - Entering Text :Soft@123 in WebElement :[[ChromeDriver: chrome on WINDOWS (e43c9c1492225973d39b8ff7fef13e7e)] -> id: rn_LoginForm_2_Password]
[INFO ][26-Oct-2021 15:50:43 pm] Selenium_Wrapper.click:(199) - Clicking on :[[ChromeDriver: chrome on WINDOWS (e43c9c1492225973d39b8ff7fef13e7e)] -> id: rn_LoginForm_2_Submit]
[INFO ][26-Oct-2021 15:50:51 pm] Selenium_Wrapper.click:(199) - Clicking on :[[ChromeDriver: chrome on WINDOWS (e43c9c1492225973d39b8ff7fef13e7e)] -> xpath: //input[@type='search']]
[INFO ][26-Oct-2021 15:50:52 pm] Selenium_Wrapper.enterText:(311) - Entering Text :Flexible Work in WebElement :[[ChromeDriver: chrome on WINDOWS (e43c9c1492225973d39b8ff7fef13e7e)] -> xpath: //input[@type='search']]
[INFO ][26-Oct-2021 15:51:00 pm] Selenium_Wrapper.click:(199) - Clicking on :[[ChromeDriver: chrome on WINDOWS (e43c9c1492225973d39b8ff7fef13e7e)] -> xpath: //ul[@aria-label='Suggested Search']//li[normalize-space()='Flexible Work']]
[INFO ][26-Oct-2021 15:51:03 pm] Selenium_Wrapper.click:(199) - Clicking on :[[ChromeDriver: chrome on WINDOWS (e43c9c1492225973d39b8ff7fef13e7e)] -> xpath: //div[@class='rn_SearchResultContent']//a[text()='Flexible Work']]
[INFO ][26-Oct-2021 15:51:19 pm] Selenium_Wrapper.click:(199) - Clicking on :[[ChromeDriver: chrome on WINDOWS (e43c9c1492225973d39b8ff7fef13e7e)] -> xpath: //div[@class='rn_SchemaAttributeValue']//a[text()='Travel Pay']]
[INFO ][26-Oct-2021 15:51:45 pm] Selenium_Wrapper.click:(199) - Clicking on :[[ChromeDriver: chrome on WINDOWS (e43c9c1492225973d39b8ff7fef13e7e)] -> id: relatedPages_headingOne]
[INFO ][26-Oct-2021 15:51:47 pm] Selenium_Wrapper.click:(199) - Clicking on :[[ChromeDriver: chrome on WINDOWS (e43c9c1492225973d39b8ff7fef13e7e)] -> id: relatedPages_headingOne]
[INFO ][26-Oct-2021 15:51:52 pm] Selenium_Wrapper.click:(199) - Clicking on :[[ChromeDriver: chrome on WINDOWS (e43c9c1492225973d39b8ff7fef13e7e)] -> id: rn_SearchHome_18_SearchInput]
[INFO ][26-Oct-2021 15:51:53 pm] Selenium_Wrapper.enterText:(311) - Entering Text :Flexible Work in WebElement :[[ChromeDriver: chrome on WINDOWS (e43c9c1492225973d39b8ff7fef13e7e)] -> id: rn_SearchHome_18_SearchInput]
[INFO ][26-Oct-2021 15:52:01 pm] Selenium_Wrapper.click:(199) - Clicking on :[[ChromeDriver: chrome on WINDOWS (e43c9c1492225973d39b8ff7fef13e7e)] -> xpath: //ul[@aria-label='Suggested Search']//li[@class='rn_SuggestionItem'][normalize-space()='Flexible Work']]
[INFO ][26-Oct-2021 15:52:05 pm] Selenium_Wrapper.click:(199) - Clicking on :[[ChromeDriver: chrome on WINDOWS (e43c9c1492225973d39b8ff7fef13e7e)] -> xpath: //div[@class='rn_SearchResultContent']//a[text()='Flexible Work']]
[INFO ][26-Oct-2021 15:52:17 pm] Selenium_Wrapper.click:(199) - Clicking on :[[ChromeDriver: chrome on WINDOWS (e43c9c1492225973d39b8ff7fef13e7e)] -> xpath: //button[@class='rn_RecommendContentButton p-0']]
[INFO ][26-Oct-2021 15:52:18 pm] Selenium_Wrapper.click:(199) - Clicking on :[[ChromeDriver: chrome on WINDOWS (e43c9c1492225973d39b8ff7fef13e7e)] -> id: rn_RequestUpdate_25_Description]
[INFO ][26-Oct-2021 15:52:19 pm] Selenium_Wrapper.enterText:(311) - Entering Text :Test Feedback given2 in WebElement :[[ChromeDriver: chrome on WINDOWS (e43c9c1492225973d39b8ff7fef13e7e)] -> id: rn_RequestUpdate_25_Description]
[INFO ][26-Oct-2021 15:52:20 pm] Selenium_Wrapper.click:(199) - Clicking on :[[ChromeDriver: chrome on WINDOWS (e43c9c1492225973d39b8ff7fef13e7e)] -> xpath: //button[text()='Submit']]
[INFO ][26-Oct-2021 15:52:27 pm] Selenium_Wrapper.click:(199) - Clicking on :[[ChromeDriver: chrome on WINDOWS (e43c9c1492225973d39b8ff7fef13e7e)] -> xpath: //div[@id='rnDialog2']//button[@type='button']]
[INFO ][26-Oct-2021 15:52:32 pm] Selenium_Wrapper.click:(199) - Clicking on :[[ChromeDriver: chrome on WINDOWS (e43c9c1492225973d39b8ff7fef13e7e)] -> class name: knowledge]
[INFO ][26-Oct-2021 15:52:35 pm] Selenium_Wrapper.click:(199) - Clicking on :[[ChromeDriver: chrome on WINDOWS (e43c9c1492225973d39b8ff7fef13e7e)] -> class name: dropdown]
