[INFO ][09-Aug-2024 16:01:27 PM] Selenium_Wrapper.openBrowser:(54) - Opening chrome browser.
[INFO ][09-Aug-2024 16:01:35 PM] Selenium_Wrapper.enterURL:(88) - Entering url :https://macu1--tst1.custhelp.com/app/home
[INFO ][09-Aug-2024 16:01:39 PM] Selenium_Wrapper.enterText:(317) - Entering Text :swamyk in WebElement :[[ChromeDriver: chrome on WINDOWS (db46d8634d8ec1eb5ac42ab9cf5560e5)] -> id: rn_LoginForm_2_Username]
[INFO ][09-Aug-2024 16:01:40 PM] Selenium_Wrapper.enterText:(317) - Entering Text :Soft@123 in WebElement :[[ChromeDriver: chrome on WINDOWS (db46d8634d8ec1eb5ac42ab9cf5560e5)] -> id: rn_LoginForm_2_Password]
[INFO ][09-Aug-2024 16:01:45 PM] Selenium_Wrapper.click:(205) - Clicking on :[[ChromeDriver: chrome on WINDOWS (db46d8634d8ec1eb5ac42ab9cf5560e5)] -> id: rn_LoginForm_2_Submit]
[INFO ][09-Aug-2024 16:02:01 PM] Selenium_Wrapper.click:(205) - Clicking on :[[ChromeDriver: chrome on WINDOWS (db46d8634d8ec1eb5ac42ab9cf5560e5)] -> xpath: //a[text()='browse all PAGES']]
[INFO ][09-Aug-2024 16:02:26 PM] Selenium_Wrapper.click:(205) - Clicking on :[[ChromeDriver: chrome on WINDOWS (db46d8634d8ec1eb5ac42ab9cf5560e5)] -> xpath: //a[text()='Business Accounts']]
[INFO ][09-Aug-2024 16:02:40 PM] Selenium_Wrapper.click:(205) - Clicking on :[[ChromeDriver: chrome on WINDOWS (db46d8634d8ec1eb5ac42ab9cf5560e5)] -> xpath: //a[text()='Employee Experience']]
[INFO ][09-Aug-2024 16:02:58 PM] Selenium_Wrapper.click:(205) - Clicking on :[[ChromeDriver: chrome on WINDOWS (db46d8634d8ec1eb5ac42ab9cf5560e5)] -> xpath: //a[text()='Personal Accounts']]
[INFO ][09-Aug-2024 16:03:12 PM] Selenium_Wrapper.click:(205) - Clicking on :[[ChromeDriver: chrome on WINDOWS (db46d8634d8ec1eb5ac42ab9cf5560e5)] -> xpath: //a[text()='Services']]
[DEBUG][09-Aug-2024 16:05:23 PM] Selenium_Wrapper.click:(216) - Handled ElementClickInterceptedException and Clicked on :[[ChromeDriver: chrome on WINDOWS (db46d8634d8ec1eb5ac42ab9cf5560e5)] -> xpath: //a[text()='Technology']]
[INFO ][09-Aug-2024 16:05:46 PM] Selenium_Wrapper.click:(205) - Clicking on :[[ChromeDriver: chrome on WINDOWS (db46d8634d8ec1eb5ac42ab9cf5560e5)] -> xpath: //a[text()='VIEW A-Z INDEX']]
[INFO ][09-Aug-2024 16:06:08 PM] Selenium_Wrapper.click:(205) - Clicking on :[[ChromeDriver: chrome on WINDOWS (db46d8634d8ec1eb5ac42ab9cf5560e5)] -> xpath: //div[@id='rn_A_ZIndex_2']//ul[@class='indexing_list']//li//a[text()='D']]
[INFO ][09-Aug-2024 16:06:22 PM] Selenium_Wrapper.click:(205) - Clicking on :[[ChromeDriver: chrome on WINDOWS (db46d8634d8ec1eb5ac42ab9cf5560e5)] -> xpath: //div[@id='rn_A_ZIndex_2']//ul[@class='indexing_list']//li//a[text()='J']]
[INFO ][09-Aug-2024 16:06:36 PM] Selenium_Wrapper.click:(205) - Clicking on :[[ChromeDriver: chrome on WINDOWS (db46d8634d8ec1eb5ac42ab9cf5560e5)] -> xpath: //div[@id='rn_A_ZIndex_2']//ul[@class='indexing_list']//li//a[text()='P']]
[INFO ][09-Aug-2024 16:06:50 PM] Selenium_Wrapper.click:(205) - Clicking on :[[ChromeDriver: chrome on WINDOWS (db46d8634d8ec1eb5ac42ab9cf5560e5)] -> xpath: //div[@id='rn_A_ZIndex_2']//ul[@class='indexing_list']//li//a[text()='V']]
[INFO ][09-Aug-2024 16:07:04 PM] Selenium_Wrapper.click:(205) - Clicking on :[[ChromeDriver: chrome on WINDOWS (db46d8634d8ec1eb5ac42ab9cf5560e5)] -> xpath: //div[@id='rn_A_ZIndex_2']//ul[@class='indexing_list']//li//a[text()='0-9']]
[INFO ][09-Aug-2024 16:07:26 PM] Selenium_Wrapper.click:(205) - Clicking on :[[ChromeDriver: chrome on WINDOWS (db46d8634d8ec1eb5ac42ab9cf5560e5)] -> xpath: (//div[@class='rn_A_ZIndex']//div[@class='index-content']//a)[1]]
[INFO ][09-Aug-2024 16:07:51 PM] Selenium_Wrapper.enterText:(317) - Entering Text :100% First Time Home Buyer Loan in WebElement :[[ChromeDriver: chrome on WINDOWS (db46d8634d8ec1eb5ac42ab9cf5560e5)] -> xpath: //input[@type='search']]
[INFO ][09-Aug-2024 16:08:33 PM] Selenium_Wrapper.click:(205) - Clicking on :[[ChromeDriver: chrome on WINDOWS (db46d8634d8ec1eb5ac42ab9cf5560e5)] -> xpath: //div[@id='rn_PageTitle']//a[text()='BROWSE ALL PAGES']]
[INFO ][09-Aug-2024 16:08:41 PM] Selenium_Wrapper.closeCurrentBrowser:(657) - Closing the current Browser
