[INFO ][03-Apr-2024 16:07:47 PM] Selenium_Wrapper.openBrowser:(54) - Opening chrome browser.
[INFO ][03-Apr-2024 16:07:53 PM] Selenium_Wrapper.enterURL:(88) - Entering url :https://macu1--tst1.custhelp.com/app/home
[INFO ][03-Apr-2024 16:07:57 PM] Selenium_Wrapper.enterText:(317) - Entering Text :swamyk in WebElement :[[ChromeDriver: chrome on WINDOWS (8936795a1adee255dde6373ebac8699b)] -> id: rn_LoginForm_2_Username]
[INFO ][03-Apr-2024 16:07:58 PM] Selenium_Wrapper.enterText:(317) - Entering Text :Soft@123 in WebElement :[[ChromeDriver: chrome on WINDOWS (8936795a1adee255dde6373ebac8699b)] -> id: rn_LoginForm_2_Password]
[INFO ][03-Apr-2024 16:08:03 PM] Selenium_Wrapper.click:(205) - Clicking on :[[ChromeDriver: chrome on WINDOWS (8936795a1adee255dde6373ebac8699b)] -> id: rn_LoginForm_2_Submit]
[INFO ][03-Apr-2024 16:08:09 PM] Selenium_Wrapper.click:(205) - Clicking on :[[ChromeDriver: chrome on WINDOWS (8936795a1adee255dde6373ebac8699b)] -> xpath: //input[@type='search']]
[INFO ][03-Apr-2024 16:08:11 PM] Selenium_Wrapper.enterText:(317) - Entering Text :Business Auto Loan - ALPS 1.0 in WebElement :[[ChromeDriver: chrome on WINDOWS (8936795a1adee255dde6373ebac8699b)] -> xpath: //input[@type='search']]
[ERROR][03-Apr-2024 16:08:22 PM] Selenium_Wrapper.highlightWebElement:(423) - org.openqa.selenium.NoSuchElementException: no such element: Unable to locate element: {"method":"xpath","selector":"(//ul[text()='Suggested Search']//li//li)[1]"}
  (Session info: chrome=123.0.6312.86)
For documentation on this error, please visit: https://www.seleniumhq.org/exceptions/no_such_element.html
Build info: version: '3.141.59', revision: 'e82be7d358', time: '2018-11-14T08:17:03'
System info: host: 'SC-CAF-IN-CND84', ip: '172.26.8.170', os.name: 'Windows 10', os.arch: 'amd64', os.version: '10.0', java.version: '21.0.2'
Driver info: org.openqa.selenium.chrome.ChromeDriver
Capabilities {acceptInsecureCerts: false, browserName: chrome, browserVersion: 123.0.6312.86, chrome: {chromedriverVersion: 123.0.6312.58 (6b4b19e9dfbb..., userDataDir: C:\Users\SWAMYK~1\AppData\L...}, fedcm:accounts: true, goog:chromeOptions: {debuggerAddress: localhost:53231}, javascriptEnabled: true, networkConnectionEnabled: false, pageLoadStrategy: normal, platform: WINDOWS, platformName: WINDOWS, proxy: Proxy(), setWindowRect: true, strictFileInteractability: false, timeouts: {implicit: 0, pageLoad: 300000, script: 30000}, unhandledPromptBehavior: dismiss and notify, webauthn:extension:credBlob: true, webauthn:extension:largeBlob: true, webauthn:extension:minPinLength: true, webauthn:extension:prf: true, webauthn:virtualAuthenticators: true}
Session ID: 8936795a1adee255dde6373ebac8699b
*** Element info: {Using=xpath, value=(//ul[text()='Suggested Search']//li//li)[1]}
[ERROR][03-Apr-2024 16:08:24 PM] ArticlePage.testSearchPage:(37) - Search and Select Article Test case is un-successfull
[ERROR][03-Apr-2024 16:08:31 PM] ArticlePage.testBookmarkArticle:(94) - Bookmark Article Test case is un-successfull
[ERROR][03-Apr-2024 16:08:39 PM] ArticlePage.testShareEmail:(133) - Share Email Test case is un-successfull
[INFO ][03-Apr-2024 16:08:47 PM] Selenium_Wrapper.click:(205) - Clicking on :[[ChromeDriver: chrome on WINDOWS (8936795a1adee255dde6373ebac8699b)] -> xpath: //input[@type='search']]
[INFO ][03-Apr-2024 16:08:48 PM] Selenium_Wrapper.enterText:(317) - Entering Text :Business Auto Loan - ALPS 1.0 in WebElement :[[ChromeDriver: chrome on WINDOWS (8936795a1adee255dde6373ebac8699b)] -> xpath: //input[@type='search']]
[INFO ][03-Apr-2024 16:09:04 PM] Selenium_Wrapper.click:(205) - Clicking on :[[ChromeDriver: chrome on WINDOWS (8936795a1adee255dde6373ebac8699b)] -> xpath: (//ul[text()='Suggested Search']//li//li)[1]]
[INFO ][03-Apr-2024 16:09:10 PM] Selenium_Wrapper.click:(205) - Clicking on :[[ChromeDriver: chrome on WINDOWS (8936795a1adee255dde6373ebac8699b)] -> xpath: //div[@class='rn_SearchResultContent']//tbody//tr//div//span[@class='rn_Element1']//a]
