[INFO ][03-Sep-2022 16:03:57 PM] Selenium_Wrapper.openBrowser:(48) - Opening chrome browser.
[INFO ][03-Sep-2022 16:04:02 PM] Selenium_Wrapper.enterURL:(82) - Entering url :https://macu1--upgrade.custhelp.com/
[INFO ][03-Sep-2022 16:04:06 PM] Selenium_Wrapper.enterText:(311) - Entering Text :pramodk in WebElement :[[ChromeDriver: chrome on WINDOWS (1ba45dc6d94aa33c073d226eb2c4f325)] -> id: rn_LoginForm_2_Username]
[INFO ][03-Sep-2022 16:04:07 PM] Selenium_Wrapper.enterText:(311) - Entering Text :Soft@123 in WebElement :[[ChromeDriver: chrome on WINDOWS (1ba45dc6d94aa33c073d226eb2c4f325)] -> id: rn_LoginForm_2_Password]
[INFO ][03-Sep-2022 16:04:14 PM] Selenium_Wrapper.click:(199) - Clicking on :[[ChromeDriver: chrome on WINDOWS (1ba45dc6d94aa33c073d226eb2c4f325)] -> id: rn_LoginForm_2_Submit]
[INFO ][03-Sep-2022 16:04:28 PM] Selenium_Wrapper.click:(199) - Clicking on :[[ChromeDriver: chrome on WINDOWS (1ba45dc6d94aa33c073d226eb2c4f325)] -> xpath: //input[@type='search']]
[INFO ][03-Sep-2022 16:04:30 PM] Selenium_Wrapper.enterText:(311) - Entering Text :Auto Loan in WebElement :[[ChromeDriver: chrome on WINDOWS (1ba45dc6d94aa33c073d226eb2c4f325)] -> xpath: //input[@type='search']]
[INFO ][03-Sep-2022 16:04:44 PM] Selenium_Wrapper.click:(199) - Clicking on :[[ChromeDriver: chrome on WINDOWS (1ba45dc6d94aa33c073d226eb2c4f325)] -> xpath: //ul[@aria-label='Suggested Search']//li[normalize-space()= 'Auto Loan' ]]
[INFO ][03-Sep-2022 16:04:51 PM] Selenium_Wrapper.click:(199) - Clicking on :[[ChromeDriver: chrome on WINDOWS (1ba45dc6d94aa33c073d226eb2c4f325)] -> xpath: //div[@class='rn_SearchResultContent']//a[text()='Auto Loan']]
[INFO ][03-Sep-2022 16:05:07 PM] Selenium_Wrapper.click:(199) - Clicking on :[[ChromeDriver: chrome on WINDOWS (1ba45dc6d94aa33c073d226eb2c4f325)] -> xpath: //div[@class='main_image_div']//div[@class='thumbs_up_down'][2]]
[INFO ][03-Sep-2022 16:05:19 PM] Selenium_Wrapper.click:(199) - Clicking on :[[ChromeDriver: chrome on WINDOWS (1ba45dc6d94aa33c073d226eb2c4f325)] -> id: rn_AnswerRating_3_22_FeedbackMessage]
[INFO ][03-Sep-2022 16:05:20 PM] Selenium_Wrapper.enterText:(311) - Entering Text :Flexible Work - ThumbDown Comments in WebElement :[[ChromeDriver: chrome on WINDOWS (1ba45dc6d94aa33c073d226eb2c4f325)] -> id: rn_AnswerRating_3_22_FeedbackMessage]
[INFO ][03-Sep-2022 16:05:26 PM] Selenium_Wrapper.click:(199) - Clicking on :[[ChromeDriver: chrome on WINDOWS (1ba45dc6d94aa33c073d226eb2c4f325)] -> xpath: //button[text()='SUBMIT']]
[INFO ][03-Sep-2022 16:05:31 PM] Selenium_Wrapper.click:(199) - Clicking on :[[ChromeDriver: chrome on WINDOWS (1ba45dc6d94aa33c073d226eb2c4f325)] -> xpath: //button[@class='yui3-button yui3-button-close']]
[INFO ][03-Sep-2022 16:05:38 PM] Selenium_Wrapper.click:(199) - Clicking on :[[ChromeDriver: chrome on WINDOWS (1ba45dc6d94aa33c073d226eb2c4f325)] -> xpath: //div[@class='dropdown']]
[INFO ][03-Sep-2022 16:05:48 PM] Selenium_Wrapper.click:(199) - Clicking on :[[ChromeDriver: chrome on WINDOWS (1ba45dc6d94aa33c073d226eb2c4f325)] -> xpath: //a[text()='My Feedback']]
[INFO ][03-Sep-2022 16:06:14 PM] Selenium_Wrapper.click:(199) - Clicking on :[[ChromeDriver: chrome on WINDOWS (1ba45dc6d94aa33c073d226eb2c4f325)] -> xpath: ((//table//tbody)[2]//a)[1]]
[INFO ][03-Sep-2022 16:06:50 PM] Selenium_Wrapper.click:(199) - Clicking on :[[ChromeDriver: chrome on WINDOWS (1ba45dc6d94aa33c073d226eb2c4f325)] -> class name: knowledge]
[INFO ][03-Sep-2022 16:06:52 PM] Selenium_Wrapper.closeCurrentBrowser:(651) - Closing the current Browser
[INFO ][03-Sep-2022 16:06:54 PM] Selenium_Wrapper.openBrowser:(48) - Opening chrome browser.
[INFO ][03-Sep-2022 16:07:02 PM] Selenium_Wrapper.enterURL:(82) - Entering url :https://macu1--upgrade.custhelp.com/AgentWeb/
[INFO ][03-Sep-2022 16:07:07 PM] Selenium_Wrapper.enterText:(311) - Entering Text :RNT_pramod in WebElement :[[ChromeDriver: chrome on WINDOWS (32b6f0bc3e06477e155afc5888baf71c)] -> id: username]
[INFO ][03-Sep-2022 16:07:08 PM] Selenium_Wrapper.enterText:(311) - Entering Text :Welcome123 in WebElement :[[ChromeDriver: chrome on WINDOWS (32b6f0bc3e06477e155afc5888baf71c)] -> id: password]
[INFO ][03-Sep-2022 16:07:21 PM] Selenium_Wrapper.click:(199) - Clicking on :[[ChromeDriver: chrome on WINDOWS (32b6f0bc3e06477e155afc5888baf71c)] -> id: loginbutton]
[INFO ][03-Sep-2022 16:07:41 PM] Selenium_Wrapper.click:(199) - Clicking on :[[ChromeDriver: chrome on WINDOWS (32b6f0bc3e06477e155afc5888baf71c)] -> id: navigationSetBtn]
[INFO ][03-Sep-2022 16:07:49 PM] Selenium_Wrapper.click:(199) - Clicking on :[[ChromeDriver: chrome on WINDOWS (32b6f0bc3e06477e155afc5888baf71c)] -> xpath: (//div[text()='Analytics']//a)]
[INFO ][03-Sep-2022 16:07:54 PM] Selenium_Wrapper.click:(199) - Clicking on :[[ChromeDriver: chrome on WINDOWS (32b6f0bc3e06477e155afc5888baf71c)] -> xpath: //span[text()='Reports Explorer']]
[INFO ][03-Sep-2022 16:07:59 PM] Selenium_Wrapper.click:(199) - Clicking on :[[ChromeDriver: chrome on WINDOWS (32b6f0bc3e06477e155afc5888baf71c)] -> xpath: //div[text()='Public Reports']]
[INFO ][03-Sep-2022 16:08:05 PM] Selenium_Wrapper.click:(199) - Clicking on :[[ChromeDriver: chrome on WINDOWS (32b6f0bc3e06477e155afc5888baf71c)] -> xpath: //div[text()='MACU CUSTOM REPORTS']]
[INFO ][03-Sep-2022 16:08:10 PM] Selenium_Wrapper.click:(199) - Clicking on :[[ChromeDriver: chrome on WINDOWS (32b6f0bc3e06477e155afc5888baf71c)] -> xpath: //div[text()='SoftClouds']]
[INFO ][03-Sep-2022 16:08:15 PM] Selenium_Wrapper.click:(199) - Clicking on :[[ChromeDriver: chrome on WINDOWS (32b6f0bc3e06477e155afc5888baf71c)] -> xpath: //div[text()='OKCS']]
[INFO ][03-Sep-2022 16:08:38 PM] Selenium_Wrapper.click:(199) - Clicking on :[[ChromeDriver: chrome on WINDOWS (32b6f0bc3e06477e155afc5888baf71c)] -> xpath: //span[text()='Messages']]
[INFO ][03-Sep-2022 16:08:43 PM] Selenium_Wrapper.click:(199) - Clicking on :[[ChromeDriver: chrome on WINDOWS (32b6f0bc3e06477e155afc5888baf71c)] -> xpath: //div[contains(@class,'cke_wysiwyg_div')]]
[INFO ][03-Sep-2022 16:08:46 PM] Selenium_Wrapper.enterText:(311) - Entering Text :It is working as per Expected in WebElement :[[ChromeDriver: chrome on WINDOWS (32b6f0bc3e06477e155afc5888baf71c)] -> xpath: //div[contains(@class,'cke_wysiwyg_div')]]
[INFO ][03-Sep-2022 16:08:52 PM] Selenium_Wrapper.click:(199) - Clicking on :[[ChromeDriver: chrome on WINDOWS (32b6f0bc3e06477e155afc5888baf71c)] -> xpath: //div[@class='ws-toolbar-button-image bui-icon save-icon fa-lg']]
[INFO ][03-Sep-2022 16:09:02 PM] Selenium_Wrapper.click:(199) - Clicking on :[[ChromeDriver: chrome on WINDOWS (32b6f0bc3e06477e155afc5888baf71c)] -> xpath: //span[text()='Summary']]
[INFO ][03-Sep-2022 16:09:12 PM] Selenium_Wrapper.click:(199) - Clicking on :[[ChromeDriver: chrome on WINDOWS (32b6f0bc3e06477e155afc5888baf71c)] -> xpath: ((//div[text()='Status'])[2]/following::*)[1]]
[INFO ][03-Sep-2022 16:09:20 PM] Selenium_Wrapper.click:(199) - Clicking on :[[ChromeDriver: chrome on WINDOWS (32b6f0bc3e06477e155afc5888baf71c)] -> xpath: (//div[@title='Solved'])[1]]
[INFO ][03-Sep-2022 16:09:27 PM] Selenium_Wrapper.click:(199) - Clicking on :[[ChromeDriver: chrome on WINDOWS (32b6f0bc3e06477e155afc5888baf71c)] -> xpath: //div[@class='ws-toolbar-button-image bui-icon save-icon fa-lg']]
[INFO ][03-Sep-2022 16:09:34 PM] Selenium_Wrapper.click:(199) - Clicking on :[[ChromeDriver: chrome on WINDOWS (32b6f0bc3e06477e155afc5888baf71c)] -> xpath: (//a[@class='closeButton'])[3]]
[INFO ][03-Sep-2022 16:09:42 PM] Selenium_Wrapper.click:(199) - Clicking on :[[ChromeDriver: chrome on WINDOWS (32b6f0bc3e06477e155afc5888baf71c)] -> xpath: //div[@class='ws-toolbar-button-image bui-icon fa-filter']]
[INFO ][03-Sep-2022 16:09:49 PM] Selenium_Wrapper.click:(199) - Clicking on :[[ChromeDriver: chrome on WINDOWS (32b6f0bc3e06477e155afc5888baf71c)] -> xpath: (//div[text()='Status']/following::*)[1]]
[INFO ][03-Sep-2022 16:09:56 PM] Selenium_Wrapper.click:(199) - Clicking on :[[ChromeDriver: chrome on WINDOWS (32b6f0bc3e06477e155afc5888baf71c)] -> xpath: (//div[@title='Solved'])[1]]
[INFO ][03-Sep-2022 16:10:04 PM] Selenium_Wrapper.click:(199) - Clicking on :[[ChromeDriver: chrome on WINDOWS (32b6f0bc3e06477e155afc5888baf71c)] -> xpath: (//span[text()='Search'])[3]]
[INFO ][03-Sep-2022 16:10:19 PM] Selenium_Wrapper.click:(199) - Clicking on :[[ChromeDriver: chrome on WINDOWS (32b6f0bc3e06477e155afc5888baf71c)] -> xpath: (//div[@class='primary-tab-header']//ul//li)[2]//span//a//i]
[ERROR][03-Sep-2022 16:10:24 PM] AnswerVotingFeedbackReport.testSelectingandGivingAnswerstoReportFlow:(237) - Selecting and Giving Asnwers to Report  un-successfull
