[INFO ][29-May-2023 16:13:41 PM] Selenium_Wrapper.openBrowser:(48) - Opening chrome browser.
[INFO ][29-May-2023 16:13:45 PM] Selenium_Wrapper.enterURL:(82) - Entering url :https://macu1--tst1.custhelp.com/AgentWeb/
[INFO ][29-May-2023 16:13:49 PM] Selenium_Wrapper.enterText:(311) - Entering Text :automation_testing in WebElement :[[ChromeDriver: chrome on WINDOWS (835242bea39590def8d00f6cec00afb3)] -> id: username]
[INFO ][29-May-2023 16:13:50 PM] Selenium_Wrapper.enterText:(311) - Entering Text :Welcome123 in WebElement :[[ChromeDriver: chrome on WINDOWS (835242bea39590def8d00f6cec00afb3)] -> id: password]
[INFO ][29-May-2023 16:14:25 PM] Selenium_Wrapper.click:(199) - Clicking on :[[ChromeDriver: chrome on WINDOWS (835242bea39590def8d00f6cec00afb3)] -> id: loginbutton]
[INFO ][29-May-2023 16:14:36 PM] Selenium_Wrapper.click:(199) - Clicking on :[[ChromeDriver: chrome on WINDOWS (835242bea39590def8d00f6cec00afb3)] -> id: navigationSetBtn]
[INFO ][29-May-2023 16:14:42 PM] Selenium_Wrapper.click:(199) - Clicking on :[[ChromeDriver: chrome on WINDOWS (835242bea39590def8d00f6cec00afb3)] -> xpath: (//div[text()='Configuration']//a)]
[INFO ][29-May-2023 16:14:47 PM] Selenium_Wrapper.click:(199) - Clicking on :[[ChromeDriver: chrome on WINDOWS (835242bea39590def8d00f6cec00afb3)] -> xpath: (//div[text()='Service']//a)]
[INFO ][29-May-2023 16:14:52 PM] Selenium_Wrapper.click:(199) - Clicking on :[[ChromeDriver: chrome on WINDOWS (835242bea39590def8d00f6cec00afb3)] -> xpath: (//div[text()='Knowledge Advanced']//a)]
[INFO ][29-May-2023 16:14:57 PM] Selenium_Wrapper.click:(199) - Clicking on :[[ChromeDriver: chrome on WINDOWS (835242bea39590def8d00f6cec00afb3)] -> xpath: //span[text()='Authoring']]
[INFO ][29-May-2023 16:15:12 PM] Selenium_Wrapper.click:(199) - Clicking on :[[ChromeDriver: chrome on WINDOWS (835242bea39590def8d00f6cec00afb3)] -> xpath: //div[@id='rntab']//ul//li[@testidentifier='MainNavBar_Content']//a]
[INFO ][29-May-2023 16:15:31 PM] Selenium_Wrapper.click:(199) - Clicking on :[[ChromeDriver: chrome on WINDOWS (835242bea39590def8d00f6cec00afb3)] -> xpath: //div[text()='Process']//following-sibling::a[@testidentifier='ContentNavBar_Add_Process']]
[INFO ][29-May-2023 16:15:34 PM] Selenium_Wrapper.enterText:(311) - Entering Text :TestingArticle in WebElement :[[ChromeDriver: chrome on WINDOWS (835242bea39590def8d00f6cec00afb3)] -> xpath: //input[@testidentifier='Content_ContentType_Add_SUMMARY']]
[INFO ][29-May-2023 16:15:37 PM] Selenium_Wrapper.enterText:(311) - Entering Text :Criticals in WebElement :[[ChromeDriver: chrome on WINDOWS (835242bea39590def8d00f6cec00afb3)] -> xpath: //input[@testidentifier='Content_ContentType_Add_KEYWORD']]
[INFO ][29-May-2023 16:15:44 PM] Selenium_Wrapper.click:(199) - Clicking on :[[ChromeDriver: chrome on WINDOWS (835242bea39590def8d00f6cec00afb3)] -> xpath: ((//span[@class='cke_bottom cke_reset_all'])[1]//preceding-sibling::*)[2]]
[INFO ][29-May-2023 16:15:52 PM] Selenium_Wrapper.enterText:(311) - Entering Text :contentinfo 'Reach out to your immediate supervisor with questions.' in WebElement :[[ChromeDriver: chrome on WINDOWS (835242bea39590def8d00f6cec00afb3)] -> xpath: //body[@class='cke_editable cke_editable_themed cke_contents_ltr cke_show_borders']]
[INFO ][29-May-2023 16:16:03 PM] Selenium_Wrapper.click:(199) - Clicking on :[[ChromeDriver: chrome on WINDOWS (835242bea39590def8d00f6cec00afb3)] -> xpath: ((//span[@class='cke_bottom cke_reset_all'])[2]//preceding-sibling::*)[2]]
[INFO ][29-May-2023 16:16:12 PM] Selenium_Wrapper.enterText:(311) - Entering Text :COVID-19 Update:  Find additional information on COVID-19 Branch & Service Center Operations\n * Vaccine\n * Similar to the flu shot, we encourage you to take a lunch hour or go after work if you choose to receive the vaccine.\n * You should be able to easily schedule a time to receive a vaccine. * Take PTO if an adverse reaction occurs. * Take PTO if an adverse reaction occurs * First URL of the pageArticle Link * Second URL of the page * Third URL of the page * The few documented cases of a stronger reaction indicate that the affects typically last one to two days. * Have an open conversation with your manager if other accommodations are necessary. * The cost of the vaccine is covered by insurance. * Mask Mandates * As the counties and health departments begin to relax their mask mandates, MACU will address this as follows: * The mask mandate requirement for team members will remain in place for the foreseeable future. * Mask guidance for members will follow State, County and Health department guidelines for those areas. * Personal Protection Equipment (PPE) * Order masks and other PArticle LinkPE by submitting a ServiceNow Facilities ticket. * Items available * Cotopaxi masks ($7 each) * Hand sanitizer * Gloves * Disposable masks * Sanitation wipes * Employee Resources * Mountain America is here for you! Check out these resources: * MACU Desktop Citrix ReceiverWorkspace Step-by-Step Surface Devices Step-by-Step * Microsoft Teams Step-by-Step * Multi-Factor Authentication (MFA) Step-by-Step * Remote Work Agreement * Setting up Your New Laptop * Surface Devices Step-by-Step in WebElement :[[ChromeDriver: chrome on WINDOWS (835242bea39590def8d00f6cec00afb3)] -> xpath: //body[@class='cke_editable cke_editable_themed cke_contents_ltr cke_show_borders']]
[INFO ][29-May-2023 16:16:21 PM] Selenium_Wrapper.click:(199) - Clicking on :[[ChromeDriver: chrome on WINDOWS (835242bea39590def8d00f6cec00afb3)] -> xpath: //span[text()='Jump To']]
[INFO ][29-May-2023 16:16:29 PM] Selenium_Wrapper.click:(199) - Clicking on :[[ChromeDriver: chrome on WINDOWS (835242bea39590def8d00f6cec00afb3)] -> xpath: (//a[@class='cke_button cke_button__image cke_button_off'])[3]]
[INFO ][29-May-2023 16:16:36 PM] Selenium_Wrapper.click:(199) - Clicking on :[[ChromeDriver: chrome on WINDOWS (835242bea39590def8d00f6cec00afb3)] -> xpath: (//span[text()='Browse Server'])[1]]
[INFO ][29-May-2023 16:16:57 PM] Selenium_Wrapper.click:(199) - Clicking on :[[ChromeDriver: chrome on WINDOWS (835242bea39590def8d00f6cec00afb3)] -> xpath: //a[text()='MACU_VIEW']]
[INFO ][29-May-2023 16:17:16 PM] Selenium_Wrapper.click:(199) - Clicking on :[[ChromeDriver: chrome on WINDOWS (835242bea39590def8d00f6cec00afb3)] -> xpath: //table//span[text()='OK']]
[INFO ][29-May-2023 16:17:31 PM] Selenium_Wrapper.click:(199) - Clicking on :[[ChromeDriver: chrome on WINDOWS (835242bea39590def8d00f6cec00afb3)] -> xpath: (//span[@class='cke_button_icon cke_button__addarticlelink_icon'])[4]]
[INFO ][29-May-2023 16:17:37 PM] Selenium_Wrapper.enterText:(311) - Entering Text :1000124 in WebElement :[[ChromeDriver: chrome on WINDOWS (835242bea39590def8d00f6cec00afb3)] -> xpath: (//div[text()='Article Link']//following::input)[3]]
[INFO ][29-May-2023 16:17:38 PM] Selenium_Wrapper.enterText:(311) - Entering Text :Article Link in WebElement :[[ChromeDriver: chrome on WINDOWS (835242bea39590def8d00f6cec00afb3)] -> xpath: (//div[text()='Article Link']//following::input)[5]]
[INFO ][29-May-2023 16:17:44 PM] Selenium_Wrapper.click:(199) - Clicking on :[[ChromeDriver: chrome on WINDOWS (835242bea39590def8d00f6cec00afb3)] -> xpath: (//div[@class='cke_dialog_body']//span[text()='OK'])[2]]
[INFO ][29-May-2023 16:17:51 PM] Selenium_Wrapper.click:(199) - Clicking on :[[ChromeDriver: chrome on WINDOWS (835242bea39590def8d00f6cec00afb3)] -> xpath: ((//span[@class='cke_bottom cke_reset_all'])[5]//preceding-sibling::*)[2]]
[INFO ][29-May-2023 16:17:57 PM] Selenium_Wrapper.enterText:(311) - Entering Text :BasicInfo - Remote Work * -Use the following resources when connecting to work applications remotely in WebElement :[[ChromeDriver: chrome on WINDOWS (835242bea39590def8d00f6cec00afb3)] -> xpath: //body[@class='cke_editable cke_editable_themed cke_contents_ltr cke_show_borders']]
[INFO ][29-May-2023 16:18:08 PM] Selenium_Wrapper.click:(199) - Clicking on :[[ChromeDriver: chrome on WINDOWS (835242bea39590def8d00f6cec00afb3)] -> xpath: ((//span[@class='cke_bottom cke_reset_all'])[6]//preceding-sibling::*)[2]]
[INFO ][29-May-2023 16:18:15 PM] Selenium_Wrapper.enterText:(311) - Entering Text :BasicContactInfo -Remote Work * -Use the following resources when connecting to work applications remotely * -Cisco Finesse Step-by-Step * -Cisco Jabber Step-by-Step * -Electronic Communication and Information Basic Info * -Extend Surface Device Battery Life Step-by-Step * -MACU Desktop Citrix ReceiverWorkspace Step-by-Step Surface Devices Step-by-Step * -Microsoft Teams Step-by-Step * -Multi-Factor Authentication (MFA) Step-by-Step * -Remote Work Agreement * -Setting up Your New Laptop * -Surface Devices Step-by-Step in WebElement :[[ChromeDriver: chrome on WINDOWS (835242bea39590def8d00f6cec00afb3)] -> xpath: //body[@class='cke_editable cke_editable_themed cke_contents_ltr cke_show_borders']]
[INFO ][29-May-2023 16:18:26 PM] Selenium_Wrapper.click:(199) - Clicking on :[[ChromeDriver: chrome on WINDOWS (835242bea39590def8d00f6cec00afb3)] -> xpath: ((//span[@class='cke_bottom cke_reset_all'])[7]//preceding-sibling::*)[2]]
[INFO ][29-May-2023 16:18:31 PM] Selenium_Wrapper.enterText:(311) - Entering Text :Steps- Employee Resources in WebElement :[[ChromeDriver: chrome on WINDOWS (835242bea39590def8d00f6cec00afb3)] -> xpath: //body[@class='cke_editable cke_editable_themed cke_contents_ltr cke_show_borders']]
[INFO ][29-May-2023 16:18:43 PM] Selenium_Wrapper.click:(199) - Clicking on :[[ChromeDriver: chrome on WINDOWS (835242bea39590def8d00f6cec00afb3)] -> xpath: ((//span[@class='cke_bottom cke_reset_all'])[8]//preceding-sibling::*)[2]]
[INFO ][29-May-2023 16:18:50 PM] Selenium_Wrapper.enterText:(311) - Entering Text :StepsContactInfo - Mountain America is here for you! Check out these resources: * Report COVID-19 in the Workplace * Contact Tracing for COVID-19 * COVID-19 Pay Options * Corporate FSR * Employee Assistance Program (EAP) * Employee Loans * Infectious Disease * MACU Facility Standards * Mountain America Center Meetings & Events * Medical Leave of Absence * Personal Time Off (PTO) * Tanner Meetings & Events * Thrive Clinic * The CareATC Patient Access Center is currently performing all appointment scheduling activities. Our clinics are not currently accepting walk-in or self-scheduled patients. To schedule an appointment, contact the clinic 800-993-8244. * Thrive Fitness Centers * Travel Pay *Traveling Branch Employees in WebElement :[[ChromeDriver: chrome on WINDOWS (835242bea39590def8d00f6cec00afb3)] -> xpath: //body[@class='cke_editable cke_editable_themed cke_contents_ltr cke_show_borders']]
[INFO ][29-May-2023 16:18:59 PM] Selenium_Wrapper.click:(199) - Clicking on :[[ChromeDriver: chrome on WINDOWS (835242bea39590def8d00f6cec00afb3)] -> xpath: ((//span[@class='cke_bottom cke_reset_all'])[9]//preceding-sibling::*)[2]]
[INFO ][29-May-2023 16:19:05 PM] Selenium_Wrapper.enterText:(311) - Entering Text :Forms_Resources - Mask Mandates in WebElement :[[ChromeDriver: chrome on WINDOWS (835242bea39590def8d00f6cec00afb3)] -> xpath: //body[@class='cke_editable cke_editable_themed cke_contents_ltr cke_show_borders']]
[INFO ][29-May-2023 16:19:14 PM] Selenium_Wrapper.click:(199) - Clicking on :[[ChromeDriver: chrome on WINDOWS (835242bea39590def8d00f6cec00afb3)] -> xpath: ((//span[@class='cke_bottom cke_reset_all'])[10]//preceding-sibling::*)[2]]
[INFO ][29-May-2023 16:19:22 PM] Selenium_Wrapper.enterText:(311) - Entering Text :Forms_Resources_Content- As the counties and health departments begin to relax their mask mandates, MACU will address this as follows: * The mask mandate requirement for team members will remain in place for the foreseeable future. * Mask guidance for members will follow State, County and Health department guidelines for those areas. in WebElement :[[ChromeDriver: chrome on WINDOWS (835242bea39590def8d00f6cec00afb3)] -> xpath: //body[@class='cke_editable cke_editable_themed cke_contents_ltr cke_show_borders']]
[INFO ][29-May-2023 16:19:31 PM] Selenium_Wrapper.click:(199) - Clicking on :[[ChromeDriver: chrome on WINDOWS (835242bea39590def8d00f6cec00afb3)] -> xpath: ((//span[@class='cke_bottom cke_reset_all'])[11]//preceding-sibling::*)[2]]
[INFO ][29-May-2023 16:19:37 PM] Selenium_Wrapper.enterText:(311) - Entering Text :SalesConnections-Sales Connections in WebElement :[[ChromeDriver: chrome on WINDOWS (835242bea39590def8d00f6cec00afb3)] -> xpath: //body[@class='cke_editable cke_editable_themed cke_contents_ltr cke_show_borders']]
[INFO ][29-May-2023 16:19:49 PM] Selenium_Wrapper.click:(199) - Clicking on :[[ChromeDriver: chrome on WINDOWS (835242bea39590def8d00f6cec00afb3)] -> xpath: //span[text()='Teams']//following::select//option[text()='Accounting & Finance']]
[INFO ][29-May-2023 16:19:54 PM] Selenium_Wrapper.click:(199) - Clicking on :[[ChromeDriver: chrome on WINDOWS (835242bea39590def8d00f6cec00afb3)] -> xpath: //span[text()='Compliance']//preceding-sibling::input]
[INFO ][29-May-2023 16:20:00 PM] Selenium_Wrapper.click:(199) - Clicking on :[[ChromeDriver: chrome on WINDOWS (835242bea39590def8d00f6cec00afb3)] -> xpath: //span[text()='No ']//preceding-sibling::input]
[INFO ][29-May-2023 16:20:05 PM] Selenium_Wrapper.click:(199) - Clicking on :[[ChromeDriver: chrome on WINDOWS (835242bea39590def8d00f6cec00afb3)] -> xpath: ((//span[@class='cke_bottom cke_reset_all'])[12]//preceding-sibling::*)[2]]
[INFO ][29-May-2023 16:20:11 PM] Selenium_Wrapper.enterText:(311) - Entering Text :SalesConnectionsContent- As the counties and health departments begin to relax their mask mandates, MACU will address this as follows: * The mask mandate requirement for team members will remain in place for the foreseeable future. * Mask guidance for members will follow State, County and Health department guidelines for those areas. in WebElement :[[ChromeDriver: chrome on WINDOWS (835242bea39590def8d00f6cec00afb3)] -> xpath: //body[@class='cke_editable cke_editable_themed cke_contents_ltr cke_show_borders']]
[INFO ][29-May-2023 16:20:20 PM] Selenium_Wrapper.click:(199) - Clicking on :[[ChromeDriver: chrome on WINDOWS (835242bea39590def8d00f6cec00afb3)] -> xpath: //span[text()='Major Change']//preceding-sibling::input]
[INFO ][29-May-2023 16:20:26 PM] Selenium_Wrapper.click:(199) - Clicking on :[[ChromeDriver: chrome on WINDOWS (835242bea39590def8d00f6cec00afb3)] -> xpath: //span[text()='Corporate/Branch/Service Center']//following::select//option[text()='Service Center']]
[INFO ][29-May-2023 16:20:31 PM] Selenium_Wrapper.click:(199) - Clicking on :[[ChromeDriver: chrome on WINDOWS (835242bea39590def8d00f6cec00afb3)] -> xpath: //span[text()='Department']//following::select//option[text()='0004 SEG Development Team']]
[INFO ][29-May-2023 16:20:36 PM] Selenium_Wrapper.click:(199) - Clicking on :[[ChromeDriver: chrome on WINDOWS (835242bea39590def8d00f6cec00afb3)] -> xpath: //span[text()='Manager Level']//following::select//option[text()='Assistant Manager']]
[INFO ][29-May-2023 16:20:41 PM] Selenium_Wrapper.click:(199) - Clicking on :[[ChromeDriver: chrome on WINDOWS (835242bea39590def8d00f6cec00afb3)] -> xpath: //span[contains(text(),'time with')]//following::select//option[contains(text(),'1 Month ')]]
[INFO ][29-May-2023 16:20:47 PM] Selenium_Wrapper.click:(199) - Clicking on :[[ChromeDriver: chrome on WINDOWS (835242bea39590def8d00f6cec00afb3)] -> xpath: //span[contains(text(),'Branch Name')]//following::select//option[contains(text(),'Albuquerque - Golf Course Road Branch')]]
[INFO ][29-May-2023 16:20:52 PM] Selenium_Wrapper.click:(199) - Clicking on :[[ChromeDriver: chrome on WINDOWS (835242bea39590def8d00f6cec00afb3)] -> xpath: //span[contains(text(),'Branch Area')]//following::select//option[contains(text(),'Teton')]]
[INFO ][29-May-2023 16:20:57 PM] Selenium_Wrapper.click:(199) - Clicking on :[[ChromeDriver: chrome on WINDOWS (835242bea39590def8d00f6cec00afb3)] -> xpath: (//span[contains(text(),'Primary Tag')]//following::select//option[contains(text(),'AAA')])[1]]
[INFO ][29-May-2023 16:21:02 PM] Selenium_Wrapper.click:(199) - Clicking on :[[ChromeDriver: chrome on WINDOWS (835242bea39590def8d00f6cec00afb3)] -> xpath: (//span[contains(text(),'Primary Tag')]//following::select//option[contains(text(),'AAA')])[4]]
[INFO ][29-May-2023 16:21:07 PM] Selenium_Wrapper.click:(199) - Clicking on :[[ChromeDriver: chrome on WINDOWS (835242bea39590def8d00f6cec00afb3)] -> xpath: (//span[contains(text(),'Primary Tag')]//following::select//option[contains(text(),'AAA')])[6]]
[INFO ][29-May-2023 16:21:13 PM] Selenium_Wrapper.click:(199) - Clicking on :[[ChromeDriver: chrome on WINDOWS (835242bea39590def8d00f6cec00afb3)] -> xpath: (//td[text()=' Repository View Selection ']//following::a)[1]]
[INFO ][29-May-2023 16:21:18 PM] Selenium_Wrapper.click:(199) - Clicking on :[[ChromeDriver: chrome on WINDOWS (835242bea39590def8d00f6cec00afb3)] -> xpath: (//td[text()=' Repository View Selection ']//following::input)[1]]
[INFO ][29-May-2023 16:21:25 PM] Selenium_Wrapper.click:(199) - Clicking on :[[ChromeDriver: chrome on WINDOWS (835242bea39590def8d00f6cec00afb3)] -> xpath: //div[@id='AVAIL']//tr//td//span[contains(text(),'AAA')]]
[INFO ][29-May-2023 16:21:36 PM] Selenium_Wrapper.click:(199) - Clicking on :[[ChromeDriver: chrome on WINDOWS (835242bea39590def8d00f6cec00afb3)] -> xpath: //div[@id='AVAIL']//tr//td//span[text()='Member Connect']]
[INFO ][29-May-2023 16:21:41 PM] Selenium_Wrapper.click:(199) - Clicking on :[[ChromeDriver: chrome on WINDOWS (835242bea39590def8d00f6cec00afb3)] -> xpath: //div[@id='AVAIL']//tr//td//span[text()='New Account Framework']]
[INFO ][29-May-2023 16:21:47 PM] Selenium_Wrapper.click:(199) - Clicking on :[[ChromeDriver: chrome on WINDOWS (835242bea39590def8d00f6cec00afb3)] -> xpath: //a[text()='Add']]
[INFO ][29-May-2023 16:21:53 PM] Selenium_Wrapper.click:(199) - Clicking on :[[ChromeDriver: chrome on WINDOWS (835242bea39590def8d00f6cec00afb3)] -> xpath: //select[@class='dropdown']]
[INFO ][29-May-2023 16:21:59 PM] Selenium_Wrapper.click:(199) - Clicking on :[[ChromeDriver: chrome on WINDOWS (835242bea39590def8d00f6cec00afb3)] -> xpath: //select[@class='dropdown']//option[text()='Search']]
[INFO ][29-May-2023 16:22:00 PM] Selenium_Wrapper.enterText:(311) - Entering Text :Business Accounts in WebElement :[[ChromeDriver: chrome on WINDOWS (835242bea39590def8d00f6cec00afb3)] -> xpath: //input[@value='Enter search string']]
[INFO ][29-May-2023 16:22:06 PM] Selenium_Wrapper.click:(199) - Clicking on :[[ChromeDriver: chrome on WINDOWS (835242bea39590def8d00f6cec00afb3)] -> xpath: //strong[text()='Business Accounts']]
[INFO ][29-May-2023 16:22:11 PM] Selenium_Wrapper.click:(199) - Clicking on :[[ChromeDriver: chrome on WINDOWS (835242bea39590def8d00f6cec00afb3)] -> xpath: //a[text()='Add']]
[INFO ][29-May-2023 16:22:17 PM] Selenium_Wrapper.click:(199) - Clicking on :[[ChromeDriver: chrome on WINDOWS (835242bea39590def8d00f6cec00afb3)] -> xpath: //span[text()='Asset Management']]
[INFO ][29-May-2023 16:22:23 PM] Selenium_Wrapper.click:(199) - Clicking on :[[ChromeDriver: chrome on WINDOWS (835242bea39590def8d00f6cec00afb3)] -> xpath: //a[text()='Add']]
[INFO ][29-May-2023 16:22:29 PM] Selenium_Wrapper.click:(199) - Clicking on :[[ChromeDriver: chrome on WINDOWS (835242bea39590def8d00f6cec00afb3)] -> xpath: //input[@name='notifySubscribers']]
[INFO ][29-May-2023 16:22:45 PM] Selenium_Wrapper.click:(199) - Clicking on :[[ChromeDriver: chrome on WINDOWS (835242bea39590def8d00f6cec00afb3)] -> xpath: //a[text()='Save Document']]
[INFO ][29-May-2023 16:23:13 PM] Selenium_Wrapper.click:(199) - Clicking on :[[ChromeDriver: chrome on WINDOWS (835242bea39590def8d00f6cec00afb3)] -> xpath: //a[text()='Approve']]
[INFO ][29-May-2023 16:23:26 PM] Selenium_Wrapper.click:(199) - Clicking on :[[ChromeDriver: chrome on WINDOWS (835242bea39590def8d00f6cec00afb3)] -> xpath: //a[text()='Approve']]
[INFO ][29-May-2023 16:23:40 PM] Selenium_Wrapper.click:(199) - Clicking on :[[ChromeDriver: chrome on WINDOWS (835242bea39590def8d00f6cec00afb3)] -> xpath: //a[text()='Approve']]
[ERROR][29-May-2023 16:23:45 PM] Selenium_Wrapper.highlightWebElement:(417) - org.openqa.selenium.NoSuchElementException: no such element: Unable to locate element: {"method":"xpath","selector":"//span[text()='Closed']"}
  (Session info: chrome=113.0.5672.127)
For documentation on this error, please visit: https://www.seleniumhq.org/exceptions/no_such_element.html
Build info: version: '3.141.59', revision: 'e82be7d358', time: '2018-11-14T08:17:03'
System info: host: 'QA-SWAMYK', ip: '192.168.0.6', os.name: 'Windows 10', os.arch: 'amd64', os.version: '10.0', java.version: '11.0.10'
Driver info: org.openqa.selenium.chrome.ChromeDriver
Capabilities {acceptInsecureCerts: false, browserName: chrome, browserVersion: 113.0.5672.127, chrome: {chromedriverVersion: 113.0.5672.63 (0e1a4471d5ae..., userDataDir: C:\Users\SWAMYK~1\AppData\L...}, goog:chromeOptions: {debuggerAddress: localhost:60624}, javascriptEnabled: true, networkConnectionEnabled: false, pageLoadStrategy: normal, platform: WINDOWS, platformName: WINDOWS, proxy: Proxy(), setWindowRect: true, strictFileInteractability: false, timeouts: {implicit: 0, pageLoad: 300000, script: 30000}, unhandledPromptBehavior: dismiss and notify, webauthn:extension:credBlob: true, webauthn:extension:largeBlob: true, webauthn:extension:minPinLength: true, webauthn:extension:prf: true, webauthn:virtualAuthenticators: true}
Session ID: 835242bea39590def8d00f6cec00afb3
*** Element info: {Using=xpath, value=//span[text()='Closed']}
[INFO ][29-May-2023 16:24:17 PM] Selenium_Wrapper.click:(199) - Clicking on :[[ChromeDriver: chrome on WINDOWS (835242bea39590def8d00f6cec00afb3)] -> xpath: (//a[text()='Done'])[1]]
[INFO ][29-May-2023 16:24:28 PM] Selenium_Wrapper.click:(199) - Clicking on :[[ChromeDriver: chrome on WINDOWS (835242bea39590def8d00f6cec00afb3)] -> xpath: //a[@class='closeButton']]
[INFO ][29-May-2023 16:24:41 PM] Selenium_Wrapper.click:(199) - Clicking on :[[ChromeDriver: chrome on WINDOWS (835242bea39590def8d00f6cec00afb3)] -> xpath: //body//oj-avatar[@initials='[[userMenuLabel]]']]
[INFO ][29-May-2023 16:24:53 PM] Selenium_Wrapper.click:(199) - Clicking on :[[ChromeDriver: chrome on WINDOWS (835242bea39590def8d00f6cec00afb3)] -> xpath: //a//span[text()='Sign Out']]
[INFO ][29-May-2023 16:24:58 PM] Selenium_Wrapper.closeCurrentBrowser:(651) - Closing the current Browser
[INFO ][29-May-2023 16:24:59 PM] Selenium_Wrapper.openBrowser:(48) - Opening chrome browser.
[INFO ][29-May-2023 16:25:08 PM] Selenium_Wrapper.enterURL:(82) - Entering url :https://macu1--tst1.custhelp.com/app/home
[INFO ][29-May-2023 16:25:12 PM] Selenium_Wrapper.enterText:(311) - Entering Text :swamyk in WebElement :[[ChromeDriver: chrome on WINDOWS (399048c50d714b0031e06e0f33a9c496)] -> id: rn_LoginForm_2_Username]
[INFO ][29-May-2023 16:25:13 PM] Selenium_Wrapper.enterText:(311) - Entering Text :Soft@123 in WebElement :[[ChromeDriver: chrome on WINDOWS (399048c50d714b0031e06e0f33a9c496)] -> id: rn_LoginForm_2_Password]
[INFO ][29-May-2023 16:25:20 PM] Selenium_Wrapper.click:(199) - Clicking on :[[ChromeDriver: chrome on WINDOWS (399048c50d714b0031e06e0f33a9c496)] -> id: rn_LoginForm_2_Submit]
[INFO ][29-May-2023 16:25:48 PM] Selenium_Wrapper.closeCurrentBrowser:(651) - Closing the current Browser
