[INFO ][09-Nov-2021 16:15:26 pm] Selenium_Wrapper.openBrowser:(48) - Opening chrome browser.
[INFO ][09-Nov-2021 16:15:34 pm] Selenium_Wrapper.enterURL:(82) - Entering url :https://macu1--tst.custhelp.com/app/home
[INFO ][09-Nov-2021 16:15:38 pm] Selenium_Wrapper.enterText:(311) - Entering Text :pramodk in WebElement :[[ChromeDriver: chrome on WINDOWS (2cc098b8025d4f0a357255b430ec77ea)] -> id: rn_LoginForm_2_Username]
[INFO ][09-Nov-2021 16:15:39 pm] Selenium_Wrapper.enterText:(311) - Entering Text :Soft@123 in WebElement :[[ChromeDriver: chrome on WINDOWS (2cc098b8025d4f0a357255b430ec77ea)] -> id: rn_LoginForm_2_Password]
[INFO ][09-Nov-2021 16:15:46 pm] Selenium_Wrapper.click:(199) - Clicking on :[[ChromeDriver: chrome on WINDOWS (2cc098b8025d4f0a357255b430ec77ea)] -> id: rn_LoginForm_2_Submit]
[INFO ][09-Nov-2021 16:16:18 pm] Selenium_Wrapper.click:(199) - Clicking on :[[ChromeDriver: chrome on WINDOWS (2cc098b8025d4f0a357255b430ec77ea)] -> xpath: //input[@type='search']]
[INFO ][09-Nov-2021 16:16:19 pm] Selenium_Wrapper.enterText:(311) - Entering Text :Flexible Work in WebElement :[[ChromeDriver: chrome on WINDOWS (2cc098b8025d4f0a357255b430ec77ea)] -> xpath: //input[@type='search']]
[INFO ][09-Nov-2021 16:16:34 pm] Selenium_Wrapper.click:(199) - Clicking on :[[ChromeDriver: chrome on WINDOWS (2cc098b8025d4f0a357255b430ec77ea)] -> xpath: //ul[@aria-label='Suggested Search']//li[normalize-space()= 'Flexible Work' ]]
[INFO ][09-Nov-2021 16:16:41 pm] Selenium_Wrapper.click:(199) - Clicking on :[[ChromeDriver: chrome on WINDOWS (2cc098b8025d4f0a357255b430ec77ea)] -> xpath: //div[@class='rn_SearchResultContent']//a[text()='Flexible Work']]
[INFO ][09-Nov-2021 16:16:57 pm] Selenium_Wrapper.click:(199) - Clicking on :[[ChromeDriver: chrome on WINDOWS (2cc098b8025d4f0a357255b430ec77ea)] -> xpath: //div[contains(@class,'EmailAnswerLink')][@id='rn_ShareArticle_10']//img[@class='share_icon_default']]
[INFO ][09-Nov-2021 16:17:02 pm] Selenium_Wrapper.click:(199) - Clicking on :[[ChromeDriver: chrome on WINDOWS (2cc098b8025d4f0a357255b430ec77ea)] -> xpath: //div[@id='rnDialog1']//input[@class='select2-search__field']]
[INFO ][09-Nov-2021 16:17:03 pm] Selenium_Wrapper.enterText:(311) - Entering Text :Aaron Brown in WebElement :[[ChromeDriver: chrome on WINDOWS (2cc098b8025d4f0a357255b430ec77ea)] -> xpath: //div[@id='rnDialog1']//input[@class='select2-search__field']]
[INFO ][09-Nov-2021 16:17:12 pm] Selenium_Wrapper.click:(199) - Clicking on :[[ChromeDriver: chrome on WINDOWS (2cc098b8025d4f0a357255b430ec77ea)] -> xpath: //ul[@class='select2-results__options']//li[text()='Aaron Brown']]
[INFO ][09-Nov-2021 16:17:17 pm] Selenium_Wrapper.click:(199) - Clicking on :[[ChromeDriver: chrome on WINDOWS (2cc098b8025d4f0a357255b430ec77ea)] -> xpath: //button[@class='yui3-button yui3-button-close']]
[INFO ][09-Nov-2021 16:17:23 pm] Selenium_Wrapper.click:(199) - Clicking on :[[ChromeDriver: chrome on WINDOWS (2cc098b8025d4f0a357255b430ec77ea)] -> class name: knowledge]
[INFO ][09-Nov-2021 16:17:30 pm] Selenium_Wrapper.click:(199) - Clicking on :[[ChromeDriver: chrome on WINDOWS (2cc098b8025d4f0a357255b430ec77ea)] -> xpath: //input[@type='search']]
[INFO ][09-Nov-2021 16:17:31 pm] Selenium_Wrapper.enterText:(311) - Entering Text :COVID-19 Critical Updates in WebElement :[[ChromeDriver: chrome on WINDOWS (2cc098b8025d4f0a357255b430ec77ea)] -> xpath: //input[@type='search']]
[INFO ][09-Nov-2021 16:17:45 pm] Selenium_Wrapper.click:(199) - Clicking on :[[ChromeDriver: chrome on WINDOWS (2cc098b8025d4f0a357255b430ec77ea)] -> xpath: //ul[@aria-label='Suggested Search']//li[normalize-space()='COVID-19 Critical Updates']]
[INFO ][09-Nov-2021 16:17:52 pm] Selenium_Wrapper.click:(199) - Clicking on :[[ChromeDriver: chrome on WINDOWS (2cc098b8025d4f0a357255b430ec77ea)] -> xpath: //div[@class='rn_SearchResultContent']//a[text()='COVID-19 Critical Updates']]
[ERROR][09-Nov-2021 16:18:06 pm] Selenium_Wrapper.highlightWebElement:(417) - org.openqa.selenium.NoSuchElementException: no such element: Unable to locate element: {"method":"xpath","selector":"//a[@class='add_bookmarkButton']//img[@class='bookmark_icon_blank']"}
  (Session info: chrome=95.0.4638.54)
For documentation on this error, please visit: https://www.seleniumhq.org/exceptions/no_such_element.html
Build info: version: '3.141.59', revision: 'e82be7d358', time: '2018-11-14T08:17:03'
System info: host: 'DESKTOP-N43657M', ip: '192.168.29.58', os.name: 'Windows 10', os.arch: 'amd64', os.version: '10.0', java.version: '16.0.1'
Driver info: org.openqa.selenium.chrome.ChromeDriver
Capabilities {acceptInsecureCerts: false, browserName: chrome, browserVersion: 95.0.4638.54, chrome: {chromedriverVersion: 95.0.4638.17 (a9d0719444d4b..., userDataDir: C:\Users\Pramod\AppData\Loc...}, goog:chromeOptions: {debuggerAddress: localhost:59817}, javascriptEnabled: true, networkConnectionEnabled: false, pageLoadStrategy: normal, platform: WINDOWS, platformName: WINDOWS, proxy: Proxy(), setWindowRect: true, strictFileInteractability: false, timeouts: {implicit: 0, pageLoad: 300000, script: 30000}, unhandledPromptBehavior: dismiss and notify, webauthn:extension:credBlob: true, webauthn:extension:largeBlob: true, webauthn:virtualAuthenticators: true}
Session ID: 2cc098b8025d4f0a357255b430ec77ea
*** Element info: {Using=xpath, value=//a[@class='add_bookmarkButton']//img[@class='bookmark_icon_blank']}
[INFO ][09-Nov-2021 16:18:54 pm] Selenium_Wrapper.click:(199) - Clicking on :[[ChromeDriver: chrome on WINDOWS (2cc098b8025d4f0a357255b430ec77ea)] -> xpath: //div[@class='quick-guide']//a[text()='Employee Resources']]
[INFO ][09-Nov-2021 16:19:05 pm] Selenium_Wrapper.click:(199) - Clicking on :[[ChromeDriver: chrome on WINDOWS (2cc098b8025d4f0a357255b430ec77ea)] -> xpath: //div[@class='quick-guide']//a[text()='Remote Work']]
[INFO ][09-Nov-2021 16:19:23 pm] Selenium_Wrapper.click:(199) - Clicking on :[[ChromeDriver: chrome on WINDOWS (2cc098b8025d4f0a357255b430ec77ea)] -> xpath: //button[@class='rn_RecommendContentButton p-0']]
[INFO ][09-Nov-2021 16:19:24 pm] Selenium_Wrapper.enterText:(311) - Entering Text :Test Improve, comments, updates in WebElement :[[ChromeDriver: chrome on WINDOWS (2cc098b8025d4f0a357255b430ec77ea)] -> id: rn_RequestUpdate_25_Description]
[INFO ][09-Nov-2021 16:19:30 pm] Selenium_Wrapper.click:(199) - Clicking on :[[ChromeDriver: chrome on WINDOWS (2cc098b8025d4f0a357255b430ec77ea)] -> xpath: //button[@class='yui3-button yui3-button-close']]
[INFO ][09-Nov-2021 16:19:41 pm] Selenium_Wrapper.click:(199) - Clicking on :[[ChromeDriver: chrome on WINDOWS (2cc098b8025d4f0a357255b430ec77ea)] -> id: relatedPages_headingOne]
[INFO ][09-Nov-2021 16:19:48 pm] Selenium_Wrapper.click:(199) - Clicking on :[[ChromeDriver: chrome on WINDOWS (2cc098b8025d4f0a357255b430ec77ea)] -> id: relatedPages_headingOne]
[INFO ][09-Nov-2021 16:19:54 pm] Selenium_Wrapper.enterText:(311) - Entering Text :Flexible Work in WebElement :[[ChromeDriver: chrome on WINDOWS (2cc098b8025d4f0a357255b430ec77ea)] -> id: rn_SearchHome_18_SearchInput]
[INFO ][09-Nov-2021 16:20:06 pm] Selenium_Wrapper.click:(199) - Clicking on :[[ChromeDriver: chrome on WINDOWS (2cc098b8025d4f0a357255b430ec77ea)] -> xpath: //ul[@aria-label='Suggested Search']//li[@class='rn_SuggestionItem'][normalize-space()='Flexible Work']]
[INFO ][09-Nov-2021 16:20:24 pm] Selenium_Wrapper.click:(199) - Clicking on :[[ChromeDriver: chrome on WINDOWS (2cc098b8025d4f0a357255b430ec77ea)] -> class name: knowledge]
[INFO ][09-Nov-2021 16:20:27 pm] Selenium_Wrapper.closeCurrentBrowser:(650) - Closing the current Browser
