[INFO ][03-Sep-2022 16:14:45 PM] Selenium_Wrapper.openBrowser:(48) - Opening chrome browser.
[INFO ][03-Sep-2022 16:14:52 PM] Selenium_Wrapper.enterURL:(82) - Entering url :https://macu1--upgrade.custhelp.com/
[INFO ][03-Sep-2022 16:14:56 PM] Selenium_Wrapper.enterText:(311) - Entering Text :pramodk in WebElement :[[ChromeDriver: chrome on WINDOWS (fbd8f7e9062d6dcce8b1385a8a41bb2a)] -> id: rn_LoginForm_2_Username]
[INFO ][03-Sep-2022 16:14:57 PM] Selenium_Wrapper.enterText:(311) - Entering Text :Soft@123 in WebElement :[[ChromeDriver: chrome on WINDOWS (fbd8f7e9062d6dcce8b1385a8a41bb2a)] -> id: rn_LoginForm_2_Password]
[INFO ][03-Sep-2022 16:15:04 PM] Selenium_Wrapper.click:(199) - Clicking on :[[ChromeDriver: chrome on WINDOWS (fbd8f7e9062d6dcce8b1385a8a41bb2a)] -> id: rn_LoginForm_2_Submit]
[INFO ][03-Sep-2022 16:15:18 PM] Selenium_Wrapper.click:(199) - Clicking on :[[ChromeDriver: chrome on WINDOWS (fbd8f7e9062d6dcce8b1385a8a41bb2a)] -> xpath: //input[@type='search']]
[INFO ][03-Sep-2022 16:15:19 PM] Selenium_Wrapper.enterText:(311) - Entering Text :Auto Loan in WebElement :[[ChromeDriver: chrome on WINDOWS (fbd8f7e9062d6dcce8b1385a8a41bb2a)] -> xpath: //input[@type='search']]
[INFO ][03-Sep-2022 16:15:35 PM] Selenium_Wrapper.click:(199) - Clicking on :[[ChromeDriver: chrome on WINDOWS (fbd8f7e9062d6dcce8b1385a8a41bb2a)] -> xpath: //ul[@aria-label='Suggested Search']//li[normalize-space()= 'Auto Loan' ]]
[INFO ][03-Sep-2022 16:15:43 PM] Selenium_Wrapper.click:(199) - Clicking on :[[ChromeDriver: chrome on WINDOWS (fbd8f7e9062d6dcce8b1385a8a41bb2a)] -> xpath: //div[@class='rn_SearchResultContent']//a[text()='Auto Loan']]
[INFO ][03-Sep-2022 16:15:59 PM] Selenium_Wrapper.click:(199) - Clicking on :[[ChromeDriver: chrome on WINDOWS (fbd8f7e9062d6dcce8b1385a8a41bb2a)] -> xpath: //div[@class='main_image_div']//div[@class='thumbs_up_down'][2]]
[INFO ][03-Sep-2022 16:16:10 PM] Selenium_Wrapper.click:(199) - Clicking on :[[ChromeDriver: chrome on WINDOWS (fbd8f7e9062d6dcce8b1385a8a41bb2a)] -> id: rn_AnswerRating_3_22_FeedbackMessage]
[INFO ][03-Sep-2022 16:16:11 PM] Selenium_Wrapper.enterText:(311) - Entering Text :Flexible Work - ThumbDown Comments in WebElement :[[ChromeDriver: chrome on WINDOWS (fbd8f7e9062d6dcce8b1385a8a41bb2a)] -> id: rn_AnswerRating_3_22_FeedbackMessage]
[INFO ][03-Sep-2022 16:16:17 PM] Selenium_Wrapper.click:(199) - Clicking on :[[ChromeDriver: chrome on WINDOWS (fbd8f7e9062d6dcce8b1385a8a41bb2a)] -> xpath: //button[text()='SUBMIT']]
[INFO ][03-Sep-2022 16:16:22 PM] Selenium_Wrapper.click:(199) - Clicking on :[[ChromeDriver: chrome on WINDOWS (fbd8f7e9062d6dcce8b1385a8a41bb2a)] -> xpath: //button[@class='yui3-button yui3-button-close']]
[INFO ][03-Sep-2022 16:16:29 PM] Selenium_Wrapper.click:(199) - Clicking on :[[ChromeDriver: chrome on WINDOWS (fbd8f7e9062d6dcce8b1385a8a41bb2a)] -> xpath: //div[@class='dropdown']]
[INFO ][03-Sep-2022 16:16:38 PM] Selenium_Wrapper.click:(199) - Clicking on :[[ChromeDriver: chrome on WINDOWS (fbd8f7e9062d6dcce8b1385a8a41bb2a)] -> xpath: //a[text()='My Feedback']]
[INFO ][03-Sep-2022 16:17:05 PM] Selenium_Wrapper.click:(199) - Clicking on :[[ChromeDriver: chrome on WINDOWS (fbd8f7e9062d6dcce8b1385a8a41bb2a)] -> xpath: ((//table//tbody)[2]//a)[1]]
[INFO ][03-Sep-2022 16:17:38 PM] Selenium_Wrapper.click:(199) - Clicking on :[[ChromeDriver: chrome on WINDOWS (fbd8f7e9062d6dcce8b1385a8a41bb2a)] -> class name: knowledge]
[INFO ][03-Sep-2022 16:17:40 PM] Selenium_Wrapper.closeCurrentBrowser:(651) - Closing the current Browser
[INFO ][03-Sep-2022 16:17:42 PM] Selenium_Wrapper.openBrowser:(48) - Opening chrome browser.
[INFO ][03-Sep-2022 16:17:52 PM] Selenium_Wrapper.enterURL:(82) - Entering url :https://macu1--upgrade.custhelp.com/AgentWeb/
[INFO ][03-Sep-2022 16:17:56 PM] Selenium_Wrapper.enterText:(311) - Entering Text :RNT_pramod in WebElement :[[ChromeDriver: chrome on WINDOWS (53eeb26dcca91eee6d4f118b0ba27a26)] -> id: username]
[INFO ][03-Sep-2022 16:17:57 PM] Selenium_Wrapper.enterText:(311) - Entering Text :Welcome123 in WebElement :[[ChromeDriver: chrome on WINDOWS (53eeb26dcca91eee6d4f118b0ba27a26)] -> id: password]
[INFO ][03-Sep-2022 16:18:24 PM] Selenium_Wrapper.click:(199) - Clicking on :[[ChromeDriver: chrome on WINDOWS (53eeb26dcca91eee6d4f118b0ba27a26)] -> id: loginbutton]
[INFO ][03-Sep-2022 16:18:44 PM] Selenium_Wrapper.click:(199) - Clicking on :[[ChromeDriver: chrome on WINDOWS (53eeb26dcca91eee6d4f118b0ba27a26)] -> id: navigationSetBtn]
[INFO ][03-Sep-2022 16:18:51 PM] Selenium_Wrapper.click:(199) - Clicking on :[[ChromeDriver: chrome on WINDOWS (53eeb26dcca91eee6d4f118b0ba27a26)] -> xpath: (//div[text()='Analytics']//a)]
[INFO ][03-Sep-2022 16:18:56 PM] Selenium_Wrapper.click:(199) - Clicking on :[[ChromeDriver: chrome on WINDOWS (53eeb26dcca91eee6d4f118b0ba27a26)] -> xpath: //span[text()='Reports Explorer']]
[INFO ][03-Sep-2022 16:19:02 PM] Selenium_Wrapper.click:(199) - Clicking on :[[ChromeDriver: chrome on WINDOWS (53eeb26dcca91eee6d4f118b0ba27a26)] -> xpath: //div[text()='Public Reports']]
[INFO ][03-Sep-2022 16:19:07 PM] Selenium_Wrapper.click:(199) - Clicking on :[[ChromeDriver: chrome on WINDOWS (53eeb26dcca91eee6d4f118b0ba27a26)] -> xpath: //div[text()='MACU CUSTOM REPORTS']]
[INFO ][03-Sep-2022 16:19:12 PM] Selenium_Wrapper.click:(199) - Clicking on :[[ChromeDriver: chrome on WINDOWS (53eeb26dcca91eee6d4f118b0ba27a26)] -> xpath: //div[text()='SoftClouds']]
[INFO ][03-Sep-2022 16:19:17 PM] Selenium_Wrapper.click:(199) - Clicking on :[[ChromeDriver: chrome on WINDOWS (53eeb26dcca91eee6d4f118b0ba27a26)] -> xpath: //div[text()='OKCS']]
[INFO ][03-Sep-2022 16:19:39 PM] Selenium_Wrapper.click:(199) - Clicking on :[[ChromeDriver: chrome on WINDOWS (53eeb26dcca91eee6d4f118b0ba27a26)] -> xpath: //span[text()='Messages']]
[INFO ][03-Sep-2022 16:19:44 PM] Selenium_Wrapper.click:(199) - Clicking on :[[ChromeDriver: chrome on WINDOWS (53eeb26dcca91eee6d4f118b0ba27a26)] -> xpath: //div[contains(@class,'cke_wysiwyg_div')]]
[INFO ][03-Sep-2022 16:19:48 PM] Selenium_Wrapper.enterText:(311) - Entering Text :It is working as per Expected in WebElement :[[ChromeDriver: chrome on WINDOWS (53eeb26dcca91eee6d4f118b0ba27a26)] -> xpath: //div[contains(@class,'cke_wysiwyg_div')]]
[INFO ][03-Sep-2022 16:19:53 PM] Selenium_Wrapper.click:(199) - Clicking on :[[ChromeDriver: chrome on WINDOWS (53eeb26dcca91eee6d4f118b0ba27a26)] -> xpath: //div[@class='ws-toolbar-button-image bui-icon save-icon fa-lg']]
[INFO ][03-Sep-2022 16:20:04 PM] Selenium_Wrapper.click:(199) - Clicking on :[[ChromeDriver: chrome on WINDOWS (53eeb26dcca91eee6d4f118b0ba27a26)] -> xpath: //span[text()='Summary']]
[INFO ][03-Sep-2022 16:20:14 PM] Selenium_Wrapper.click:(199) - Clicking on :[[ChromeDriver: chrome on WINDOWS (53eeb26dcca91eee6d4f118b0ba27a26)] -> xpath: ((//div[text()='Status'])[2]/following::*)[1]]
[INFO ][03-Sep-2022 16:20:21 PM] Selenium_Wrapper.click:(199) - Clicking on :[[ChromeDriver: chrome on WINDOWS (53eeb26dcca91eee6d4f118b0ba27a26)] -> xpath: (//div[@title='Solved'])[1]]
[INFO ][03-Sep-2022 16:20:28 PM] Selenium_Wrapper.click:(199) - Clicking on :[[ChromeDriver: chrome on WINDOWS (53eeb26dcca91eee6d4f118b0ba27a26)] -> xpath: //div[@class='ws-toolbar-button-image bui-icon save-icon fa-lg']]
[INFO ][03-Sep-2022 16:20:36 PM] Selenium_Wrapper.click:(199) - Clicking on :[[ChromeDriver: chrome on WINDOWS (53eeb26dcca91eee6d4f118b0ba27a26)] -> xpath: (//a[@class='closeButton'])[3]]
[INFO ][03-Sep-2022 16:20:43 PM] Selenium_Wrapper.click:(199) - Clicking on :[[ChromeDriver: chrome on WINDOWS (53eeb26dcca91eee6d4f118b0ba27a26)] -> xpath: //div[@class='ws-toolbar-button-image bui-icon fa-filter']]
[INFO ][03-Sep-2022 16:20:50 PM] Selenium_Wrapper.click:(199) - Clicking on :[[ChromeDriver: chrome on WINDOWS (53eeb26dcca91eee6d4f118b0ba27a26)] -> xpath: (//div[text()='Status']/following::*)[1]]
[INFO ][03-Sep-2022 16:20:57 PM] Selenium_Wrapper.click:(199) - Clicking on :[[ChromeDriver: chrome on WINDOWS (53eeb26dcca91eee6d4f118b0ba27a26)] -> xpath: (//div[@title='Solved'])[1]]
[INFO ][03-Sep-2022 16:21:05 PM] Selenium_Wrapper.click:(199) - Clicking on :[[ChromeDriver: chrome on WINDOWS (53eeb26dcca91eee6d4f118b0ba27a26)] -> xpath: (//span[text()='Search'])[3]]
[INFO ][03-Sep-2022 16:21:19 PM] Selenium_Wrapper.click:(199) - Clicking on :[[ChromeDriver: chrome on WINDOWS (53eeb26dcca91eee6d4f118b0ba27a26)] -> xpath: (//div[@class='primary-tab-header']//ul//li)[2]//span//a//i]
[INFO ][03-Sep-2022 16:21:26 PM] Selenium_Wrapper.click:(199) - Clicking on :[[ChromeDriver: chrome on WINDOWS (53eeb26dcca91eee6d4f118b0ba27a26)] -> xpath: (//div[@class='primary-tab-header']//ul//li)[1]//span//a//i]
[INFO ][03-Sep-2022 16:21:35 PM] Selenium_Wrapper.click:(199) - Clicking on :[[ChromeDriver: chrome on WINDOWS (53eeb26dcca91eee6d4f118b0ba27a26)] -> xpath: //body//oj-avatar[@initials='[[userMenuLabel]]']]
[INFO ][03-Sep-2022 16:21:42 PM] Selenium_Wrapper.click:(199) - Clicking on :[[ChromeDriver: chrome on WINDOWS (53eeb26dcca91eee6d4f118b0ba27a26)] -> xpath: //a//span[text()='Sign Out']]
[INFO ][03-Sep-2022 16:21:47 PM] Selenium_Wrapper.closeCurrentBrowser:(651) - Closing the current Browser
