[INFO ][02-Jul-2024 16:16:11 PM] Selenium_Wrapper.openBrowser:(54) - Opening chrome browser.
[INFO ][02-Jul-2024 16:16:18 PM] Selenium_Wrapper.enterURL:(88) - Entering url :https://macu1--tst1.custhelp.com/app/home
[INFO ][02-Jul-2024 16:16:22 PM] Selenium_Wrapper.enterText:(317) - Entering Text :swamyk in WebElement :[[ChromeDriver: chrome on WINDOWS (f20ab2b29aec3d5642ffae5d52670d5f)] -> id: rn_LoginForm_2_Username]
[INFO ][02-Jul-2024 16:16:23 PM] Selenium_Wrapper.enterText:(317) - Entering Text :Soft@123 in WebElement :[[ChromeDriver: chrome on WINDOWS (f20ab2b29aec3d5642ffae5d52670d5f)] -> id: rn_LoginForm_2_Password]
[INFO ][02-Jul-2024 16:16:27 PM] Selenium_Wrapper.click:(205) - Clicking on :[[ChromeDriver: chrome on WINDOWS (f20ab2b29aec3d5642ffae5d52670d5f)] -> id: rn_LoginForm_2_Submit]
[INFO ][02-Jul-2024 16:16:36 PM] Selenium_Wrapper.click:(205) - Clicking on :[[ChromeDriver: chrome on WINDOWS (f20ab2b29aec3d5642ffae5d52670d5f)] -> xpath: //input[@type='search']]
[INFO ][02-Jul-2024 16:16:37 PM] Selenium_Wrapper.enterText:(317) - Entering Text :Business Use Auto Loan in WebElement :[[ChromeDriver: chrome on WINDOWS (f20ab2b29aec3d5642ffae5d52670d5f)] -> xpath: //input[@type='search']]
[INFO ][02-Jul-2024 16:16:47 PM] Selenium_Wrapper.click:(205) - Clicking on :[[ChromeDriver: chrome on WINDOWS (f20ab2b29aec3d5642ffae5d52670d5f)] -> xpath: //ul[@aria-label='Suggested Search']//li[normalize-space()='Business Use Auto Loan']]
[INFO ][02-Jul-2024 16:16:51 PM] Selenium_Wrapper.click:(205) - Clicking on :[[ChromeDriver: chrome on WINDOWS (f20ab2b29aec3d5642ffae5d52670d5f)] -> xpath: //div[@class='rn_SearchResultContent']//a[text()='Business Use Auto Loan']]
[INFO ][02-Jul-2024 16:17:10 PM] Selenium_Wrapper.click:(205) - Clicking on :[[ChromeDriver: chrome on WINDOWS (f20ab2b29aec3d5642ffae5d52670d5f)] -> id: relatedPages_headingOne]
[INFO ][02-Jul-2024 16:17:13 PM] Selenium_Wrapper.click:(205) - Clicking on :[[ChromeDriver: chrome on WINDOWS (f20ab2b29aec3d5642ffae5d52670d5f)] -> id: relatedPages_headingOne]
[INFO ][02-Jul-2024 16:17:21 PM] Selenium_Wrapper.click:(205) - Clicking on :[[ChromeDriver: chrome on WINDOWS (f20ab2b29aec3d5642ffae5d52670d5f)] -> id: rn_SearchHome_17_SearchInput]
[INFO ][02-Jul-2024 16:17:22 PM] Selenium_Wrapper.enterText:(317) - Entering Text :Business Use Auto Loan in WebElement :[[ChromeDriver: chrome on WINDOWS (f20ab2b29aec3d5642ffae5d52670d5f)] -> id: rn_SearchHome_17_SearchInput]
[INFO ][02-Jul-2024 16:17:31 PM] Selenium_Wrapper.click:(205) - Clicking on :[[ChromeDriver: chrome on WINDOWS (f20ab2b29aec3d5642ffae5d52670d5f)] -> xpath: //ul[@aria-label='Suggested Search']//li[@class='rn_SuggestionItem'][normalize-space()='Business Use Auto Loan']]
[INFO ][02-Jul-2024 16:17:36 PM] Selenium_Wrapper.click:(205) - Clicking on :[[ChromeDriver: chrome on WINDOWS (f20ab2b29aec3d5642ffae5d52670d5f)] -> xpath: //div[@class='rn_SearchResultContent']//a[text()='Business Use Auto Loan']]
[INFO ][02-Jul-2024 16:17:48 PM] Selenium_Wrapper.click:(205) - Clicking on :[[ChromeDriver: chrome on WINDOWS (f20ab2b29aec3d5642ffae5d52670d5f)] -> xpath: //button[@class='rn_RecommendContentButton p-0']]
[INFO ][02-Jul-2024 16:17:49 PM] Selenium_Wrapper.enterText:(317) - Entering Text :Test Improve, comments, updates in WebElement :[[ChromeDriver: chrome on WINDOWS (f20ab2b29aec3d5642ffae5d52670d5f)] -> id: rn_RequestUpdate_25_Description]
[INFO ][02-Jul-2024 16:17:51 PM] Selenium_Wrapper.click:(205) - Clicking on :[[ChromeDriver: chrome on WINDOWS (f20ab2b29aec3d5642ffae5d52670d5f)] -> xpath: //button[text()='Submit']]
[INFO ][02-Jul-2024 16:18:01 PM] Selenium_Wrapper.click:(205) - Clicking on :[[ChromeDriver: chrome on WINDOWS (f20ab2b29aec3d5642ffae5d52670d5f)] -> xpath: //div[@id='rnDialog2']//button[@type='button']]
[INFO ][02-Jul-2024 16:18:10 PM] Selenium_Wrapper.click:(205) - Clicking on :[[ChromeDriver: chrome on WINDOWS (f20ab2b29aec3d5642ffae5d52670d5f)] -> class name: knowledge]
[INFO ][02-Jul-2024 16:18:14 PM] Selenium_Wrapper.click:(205) - Clicking on :[[ChromeDriver: chrome on WINDOWS (f20ab2b29aec3d5642ffae5d52670d5f)] -> xpath: //div[@class='dropdown']]
[INFO ][02-Jul-2024 16:18:20 PM] Selenium_Wrapper.click:(205) - Clicking on :[[ChromeDriver: chrome on WINDOWS (f20ab2b29aec3d5642ffae5d52670d5f)] -> xpath: //a[text()='My Feedback']]
[INFO ][02-Jul-2024 16:18:21 PM] Selenium_Wrapper.enterText:(317) - Entering Text :Business Use Auto Loan in WebElement :[[ChromeDriver: chrome on WINDOWS (f20ab2b29aec3d5642ffae5d52670d5f)] -> xpath: //input[@placeholder='Search Your Feedback Report']]
[INFO ][02-Jul-2024 16:18:32 PM] Selenium_Wrapper.click:(205) - Clicking on :[[ChromeDriver: chrome on WINDOWS (f20ab2b29aec3d5642ffae5d52670d5f)] -> xpath: //div[@class='rn_SearchInput1 mt-3']//span[@class='btn-srch-icon']//i[@class='fa fa-search']]
[INFO ][02-Jul-2024 16:18:58 PM] Selenium_Wrapper.click:(205) - Clicking on :[[ChromeDriver: chrome on WINDOWS (f20ab2b29aec3d5642ffae5d52670d5f)] -> xpath: //tr[@class='yui3-datatable-even']//td[@headers='Grid_6_c1']/a]
[INFO ][02-Jul-2024 16:19:29 PM] Selenium_Wrapper.click:(205) - Clicking on :[[ChromeDriver: chrome on WINDOWS (f20ab2b29aec3d5642ffae5d52670d5f)] -> class name: knowledge]
[INFO ][02-Jul-2024 16:19:33 PM] Selenium_Wrapper.closeCurrentBrowser:(657) - Closing the current Browser
