[INFO ][03-Apr-2024 16:11:13 PM] Selenium_Wrapper.openBrowser:(54) - Opening chrome browser.
[INFO ][03-Apr-2024 16:11:19 PM] Selenium_Wrapper.enterURL:(88) - Entering url :https://macu1--tst1.custhelp.com/app/home
[INFO ][03-Apr-2024 16:11:23 PM] Selenium_Wrapper.enterText:(317) - Entering Text :swamyk in WebElement :[[ChromeDriver: chrome on WINDOWS (56b6a9c020f3927837973aaf29de912a)] -> id: rn_LoginForm_2_Username]
[INFO ][03-Apr-2024 16:11:25 PM] Selenium_Wrapper.enterText:(317) - Entering Text :Soft@123 in WebElement :[[ChromeDriver: chrome on WINDOWS (56b6a9c020f3927837973aaf29de912a)] -> id: rn_LoginForm_2_Password]
[INFO ][03-Apr-2024 16:11:29 PM] Selenium_Wrapper.click:(205) - Clicking on :[[ChromeDriver: chrome on WINDOWS (56b6a9c020f3927837973aaf29de912a)] -> id: rn_LoginForm_2_Submit]
[INFO ][03-Apr-2024 16:11:36 PM] Selenium_Wrapper.click:(205) - Clicking on :[[ChromeDriver: chrome on WINDOWS (56b6a9c020f3927837973aaf29de912a)] -> xpath: //input[@type='search']]
[INFO ][03-Apr-2024 16:11:38 PM] Selenium_Wrapper.enterText:(317) - Entering Text :Business Use Auto Loan in WebElement :[[ChromeDriver: chrome on WINDOWS (56b6a9c020f3927837973aaf29de912a)] -> xpath: //input[@type='search']]
[INFO ][03-Apr-2024 16:11:55 PM] Selenium_Wrapper.click:(205) - Clicking on :[[ChromeDriver: chrome on WINDOWS (56b6a9c020f3927837973aaf29de912a)] -> xpath: (//ul[text()='Suggested Search']//li//li)[1]]
[INFO ][03-Apr-2024 16:11:59 PM] Selenium_Wrapper.click:(205) - Clicking on :[[ChromeDriver: chrome on WINDOWS (56b6a9c020f3927837973aaf29de912a)] -> xpath: //div[@class='rn_SearchResultContent']//tbody//tr//div//span[@class='rn_Element1']//a]
[INFO ][03-Apr-2024 16:12:22 PM] Selenium_Wrapper.click:(205) - Clicking on :[[ChromeDriver: chrome on WINDOWS (56b6a9c020f3927837973aaf29de912a)] -> xpath: //a[@class='add_bookmarkButton']//img[@class='bookmark_icon_blank']]
[INFO ][03-Apr-2024 16:12:26 PM] Selenium_Wrapper.click:(205) - Clicking on :[[ChromeDriver: chrome on WINDOWS (56b6a9c020f3927837973aaf29de912a)] -> xpath: //div[@class='dropdown']]
[INFO ][03-Apr-2024 16:12:32 PM] Selenium_Wrapper.click:(205) - Clicking on :[[ChromeDriver: chrome on WINDOWS (56b6a9c020f3927837973aaf29de912a)] -> xpath: //div[@class='data Custom-data']//a[text()='My Bookmarks']]
[INFO ][03-Apr-2024 16:12:51 PM] Selenium_Wrapper.click:(205) - Clicking on :[[ChromeDriver: chrome on WINDOWS (56b6a9c020f3927837973aaf29de912a)] -> xpath: //a[contains(text(),'Business Use Auto Loan')]//parent::div[@class='rn_Notification_Info']//following-sibling::div[@class='rn_Notification_Actions']//button[@class='rn_Notification_Delete']//img[@class='bookmark_del_ico']]
[INFO ][03-Apr-2024 16:13:05 PM] Selenium_Wrapper.click:(205) - Clicking on :[[ChromeDriver: chrome on WINDOWS (56b6a9c020f3927837973aaf29de912a)] -> class name: knowledge]
[INFO ][03-Apr-2024 16:13:09 PM] Selenium_Wrapper.click:(205) - Clicking on :[[ChromeDriver: chrome on WINDOWS (56b6a9c020f3927837973aaf29de912a)] -> xpath: //input[@type='search']]
[INFO ][03-Apr-2024 16:13:11 PM] Selenium_Wrapper.enterText:(317) - Entering Text :Business Use Auto Loan in WebElement :[[ChromeDriver: chrome on WINDOWS (56b6a9c020f3927837973aaf29de912a)] -> xpath: //input[@type='search']]
[INFO ][03-Apr-2024 16:13:16 PM] Selenium_Wrapper.click:(205) - Clicking on :[[ChromeDriver: chrome on WINDOWS (56b6a9c020f3927837973aaf29de912a)] -> xpath: (//ul[text()='Suggested Search']//li//li)[1]]
[INFO ][03-Apr-2024 16:13:20 PM] Selenium_Wrapper.click:(205) - Clicking on :[[ChromeDriver: chrome on WINDOWS (56b6a9c020f3927837973aaf29de912a)] -> xpath: //div[@class='rn_SearchResultContent']//tbody//tr//div//span[@class='rn_Element1']//a]
[INFO ][03-Apr-2024 16:13:28 PM] Selenium_Wrapper.click:(205) - Clicking on :[[ChromeDriver: chrome on WINDOWS (56b6a9c020f3927837973aaf29de912a)] -> xpath: //div[contains(@class,'EmailAnswerLink')]//img[@class='share_icon_default']]
[INFO ][03-Apr-2024 16:13:30 PM] Selenium_Wrapper.click:(205) - Clicking on :[[ChromeDriver: chrome on WINDOWS (56b6a9c020f3927837973aaf29de912a)] -> xpath: //div[@id='rnDialog1']//input[@class='select2-search__field']]
[INFO ][03-Apr-2024 16:13:32 PM] Selenium_Wrapper.enterText:(317) - Entering Text :Aaron Brown in WebElement :[[ChromeDriver: chrome on WINDOWS (56b6a9c020f3927837973aaf29de912a)] -> xpath: //div[@id='rnDialog1']//input[@class='select2-search__field']]
[INFO ][03-Apr-2024 16:13:37 PM] Selenium_Wrapper.click:(205) - Clicking on :[[ChromeDriver: chrome on WINDOWS (56b6a9c020f3927837973aaf29de912a)] -> xpath: //ul[@class='select2-results__options']//li[text()='Aaron Brown']]
[INFO ][03-Apr-2024 16:13:39 PM] Selenium_Wrapper.click:(205) - Clicking on :[[ChromeDriver: chrome on WINDOWS (56b6a9c020f3927837973aaf29de912a)] -> xpath: //button[@class='yui3-button yui3-button-close']]
[INFO ][03-Apr-2024 16:13:51 PM] Selenium_Wrapper.click:(205) - Clicking on :[[ChromeDriver: chrome on WINDOWS (56b6a9c020f3927837973aaf29de912a)] -> xpath: //div[@id='formsResources_panel']//div[@id='formsResources_headingOne']]
[INFO ][03-Apr-2024 16:14:01 PM] Selenium_Wrapper.clickUsingActions:(255) - Clicking on :[[ChromeDriver: chrome on WINDOWS (56b6a9c020f3927837973aaf29de912a)] -> xpath: (//ul[@class='formsResources']//ul//li/a)[2]]
[ERROR][03-Apr-2024 16:14:22 PM] ArticlePage.testShareEmail:(133) - Share Email Test case is un-successfull
[ERROR][03-Apr-2024 16:16:09 PM] Selenium_Wrapper.getWebElement:(130) - org.openqa.selenium.TimeoutException: Expected condition failed: waiting for visibility of [[ChromeDriver: chrome on WINDOWS (56b6a9c020f3927837973aaf29de912a)] -> xpath: //input[@type='search']] (tried for 100 second(s) with 500 milliseconds interval)
Build info: version: '3.141.59', revision: 'e82be7d358', time: '2018-11-14T08:17:03'
System info: host: 'SC-CAF-IN-CND84', ip: '172.26.8.170', os.name: 'Windows 10', os.arch: 'amd64', os.version: '10.0', java.version: '21.0.2'
Driver info: org.openqa.selenium.chrome.ChromeDriver
Capabilities {acceptInsecureCerts: false, browserName: chrome, browserVersion: 123.0.6312.86, chrome: {chromedriverVersion: 123.0.6312.58 (6b4b19e9dfbb..., userDataDir: C:\Users\SWAMYK~1\AppData\L...}, fedcm:accounts: true, goog:chromeOptions: {debuggerAddress: localhost:54571}, javascriptEnabled: true, networkConnectionEnabled: false, pageLoadStrategy: normal, platform: WINDOWS, platformName: WINDOWS, proxy: Proxy(), setWindowRect: true, strictFileInteractability: false, timeouts: {implicit: 0, pageLoad: 300000, script: 30000}, unhandledPromptBehavior: dismiss and notify, webauthn:extension:credBlob: true, webauthn:extension:largeBlob: true, webauthn:extension:minPinLength: true, webauthn:extension:prf: true, webauthn:virtualAuthenticators: true}
Session ID: 56b6a9c020f3927837973aaf29de912a
[ERROR][03-Apr-2024 16:16:09 PM] ArticlePage.testSearchArticle:(154) - Search Existing Article Test case is un-successfull
[INFO ][03-Apr-2024 16:17:01 PM] Selenium_Wrapper.click:(205) - Clicking on :[[ChromeDriver: chrome on WINDOWS (56b6a9c020f3927837973aaf29de912a)] -> xpath: //button[@class='rn_RecommendContentButton p-0']]
[INFO ][03-Apr-2024 16:17:02 PM] Selenium_Wrapper.enterText:(317) - Entering Text :Test Improve, comments, updates in WebElement :[[ChromeDriver: chrome on WINDOWS (56b6a9c020f3927837973aaf29de912a)] -> xpath: //div[@id='rnDialog1_c']//textarea[contains(@id,RequestUpdate)]]
[INFO ][03-Apr-2024 16:17:05 PM] Selenium_Wrapper.click:(205) - Clicking on :[[ChromeDriver: chrome on WINDOWS (56b6a9c020f3927837973aaf29de912a)] -> xpath: //button[@class='yui3-button yui3-button-close']]
[INFO ][03-Apr-2024 16:17:14 PM] Selenium_Wrapper.click:(205) - Clicking on :[[ChromeDriver: chrome on WINDOWS (56b6a9c020f3927837973aaf29de912a)] -> id: relatedPages_headingOne]
[INFO ][03-Apr-2024 16:17:17 PM] Selenium_Wrapper.click:(205) - Clicking on :[[ChromeDriver: chrome on WINDOWS (56b6a9c020f3927837973aaf29de912a)] -> id: relatedPages_headingOne]
[INFO ][03-Apr-2024 16:17:24 PM] Selenium_Wrapper.enterText:(317) - Entering Text :Business Use Auto Loan in WebElement :[[ChromeDriver: chrome on WINDOWS (56b6a9c020f3927837973aaf29de912a)] -> xpath: //div[contains(@class,'input-group')]//input[@type='search']]
[INFO ][03-Apr-2024 16:17:33 PM] Selenium_Wrapper.click:(205) - Clicking on :[[ChromeDriver: chrome on WINDOWS (56b6a9c020f3927837973aaf29de912a)] -> xpath: //ul[@aria-label='Suggested Search']//li[@class='rn_SuggestionItem'][normalize-space()='Business Use Auto Loan']]
[INFO ][03-Apr-2024 16:17:44 PM] Selenium_Wrapper.click:(205) - Clicking on :[[ChromeDriver: chrome on WINDOWS (56b6a9c020f3927837973aaf29de912a)] -> class name: knowledge]
[INFO ][03-Apr-2024 16:17:47 PM] Selenium_Wrapper.closeCurrentBrowser:(657) - Closing the current Browser
