[INFO ][07-May-2024 16:11:50 PM] Selenium_Wrapper.openBrowser:(54) - Opening chrome browser.
[INFO ][07-May-2024 16:11:57 PM] Selenium_Wrapper.enterURL:(88) - Entering url :https://macu1--tst1.custhelp.com/app/home
[INFO ][07-May-2024 16:12:01 PM] Selenium_Wrapper.enterText:(317) - Entering Text :swamyk in WebElement :[[ChromeDriver: chrome on WINDOWS (d0ed6195b56bae380cb2554b2b24b25c)] -> id: rn_LoginForm_2_Username]
[INFO ][07-May-2024 16:12:03 PM] Selenium_Wrapper.enterText:(317) - Entering Text :Soft@123 in WebElement :[[ChromeDriver: chrome on WINDOWS (d0ed6195b56bae380cb2554b2b24b25c)] -> id: rn_LoginForm_2_Password]
[INFO ][07-May-2024 16:12:07 PM] Selenium_Wrapper.click:(205) - Clicking on :[[ChromeDriver: chrome on WINDOWS (d0ed6195b56bae380cb2554b2b24b25c)] -> id: rn_LoginForm_2_Submit]
[INFO ][07-May-2024 16:12:20 PM] Selenium_Wrapper.click:(205) - Clicking on :[[ChromeDriver: chrome on WINDOWS (d0ed6195b56bae380cb2554b2b24b25c)] -> xpath: //input[@type='search']]
[INFO ][07-May-2024 16:12:21 PM] Selenium_Wrapper.enterText:(317) - Entering Text :Business Use Auto Loan in WebElement :[[ChromeDriver: chrome on WINDOWS (d0ed6195b56bae380cb2554b2b24b25c)] -> xpath: //input[@type='search']]
[INFO ][07-May-2024 16:12:32 PM] Selenium_Wrapper.click:(205) - Clicking on :[[ChromeDriver: chrome on WINDOWS (d0ed6195b56bae380cb2554b2b24b25c)] -> xpath: (//div[@class='yui3-aclist-content']//li//li)[1]]
[INFO ][07-May-2024 16:12:36 PM] Selenium_Wrapper.click:(205) - Clicking on :[[ChromeDriver: chrome on WINDOWS (d0ed6195b56bae380cb2554b2b24b25c)] -> xpath: (//div[@class='rn_SearchResultContent']//a)[1]]
[INFO ][07-May-2024 16:12:48 PM] Selenium_Wrapper.click:(205) - Clicking on :[[ChromeDriver: chrome on WINDOWS (d0ed6195b56bae380cb2554b2b24b25c)] -> class name: knowledge]
[INFO ][07-May-2024 16:12:59 PM] Selenium_Wrapper.click:(205) - Clicking on :[[ChromeDriver: chrome on WINDOWS (d0ed6195b56bae380cb2554b2b24b25c)] -> xpath: //div[@class='dropdown']]
[INFO ][07-May-2024 16:13:07 PM] Selenium_Wrapper.click:(205) - Clicking on :[[ChromeDriver: chrome on WINDOWS (d0ed6195b56bae380cb2554b2b24b25c)] -> xpath: //a[text()='SEE MORE']]
[INFO ][07-May-2024 16:13:18 PM] Selenium_Wrapper.click:(205) - Clicking on :[[ChromeDriver: chrome on WINDOWS (d0ed6195b56bae380cb2554b2b24b25c)] -> class name: knowledge]
[INFO ][07-May-2024 16:13:23 PM] Selenium_Wrapper.click:(205) - Clicking on :[[ChromeDriver: chrome on WINDOWS (d0ed6195b56bae380cb2554b2b24b25c)] -> xpath: //div[@class='dropdown']]
[INFO ][07-May-2024 16:13:35 PM] Selenium_Wrapper.click:(205) - Clicking on :[[ChromeDriver: chrome on WINDOWS (d0ed6195b56bae380cb2554b2b24b25c)] -> xpath: //div[@class='dropdown-content']//a[normalize-space()='My Bookmarks']]
[INFO ][07-May-2024 16:13:48 PM] Selenium_Wrapper.click:(205) - Clicking on :[[ChromeDriver: chrome on WINDOWS (d0ed6195b56bae380cb2554b2b24b25c)] -> xpath: //select[@class='BookmarkFilter']]
[INFO ][07-May-2024 16:13:56 PM] Selenium_Wrapper.click:(205) - Clicking on :[[ChromeDriver: chrome on WINDOWS (d0ed6195b56bae380cb2554b2b24b25c)] -> xpath: //select[@class='BookmarkFilter']//option[text()='Alphabetical A-Z']]
[INFO ][07-May-2024 16:14:05 PM] Selenium_Wrapper.click:(205) - Clicking on :[[ChromeDriver: chrome on WINDOWS (d0ed6195b56bae380cb2554b2b24b25c)] -> class name: knowledge]
[INFO ][07-May-2024 16:14:09 PM] Selenium_Wrapper.click:(205) - Clicking on :[[ChromeDriver: chrome on WINDOWS (d0ed6195b56bae380cb2554b2b24b25c)] -> xpath: //div[@class='dropdown']]
[INFO ][07-May-2024 16:14:14 PM] Selenium_Wrapper.click:(205) - Clicking on :[[ChromeDriver: chrome on WINDOWS (d0ed6195b56bae380cb2554b2b24b25c)] -> xpath: //div[@class='dropdown-content']//a[normalize-space()='My Notifications']]
[INFO ][07-May-2024 16:14:19 PM] Selenium_Wrapper.click:(205) - Clicking on :[[ChromeDriver: chrome on WINDOWS (d0ed6195b56bae380cb2554b2b24b25c)] -> xpath: //a[text()='browse all PAGES']]
[INFO ][07-May-2024 16:14:35 PM] Selenium_Wrapper.click:(205) - Clicking on :[[ChromeDriver: chrome on WINDOWS (d0ed6195b56bae380cb2554b2b24b25c)] -> xpath: //a[text()='VIEW A-Z INDEX']]
[INFO ][07-May-2024 16:14:45 PM] Selenium_Wrapper.click:(205) - Clicking on :[[ChromeDriver: chrome on WINDOWS (d0ed6195b56bae380cb2554b2b24b25c)] -> class name: knowledge]
[INFO ][07-May-2024 16:14:49 PM] Selenium_Wrapper.closeCurrentBrowser:(657) - Closing the current Browser
