[INFO ][09-Nov-2021 16:20:58 pm] Selenium_Wrapper.openBrowser:(48) - Opening chrome browser.
[INFO ][09-Nov-2021 16:21:05 pm] Selenium_Wrapper.enterURL:(82) - Entering url :https://macu1--tst.custhelp.com/app/home
[INFO ][09-Nov-2021 16:21:10 pm] Selenium_Wrapper.enterText:(311) - Entering Text :pramodk in WebElement :[[ChromeDriver: chrome on WINDOWS (7a1ad0f39dee5886c81b4dc3a599b49e)] -> id: rn_LoginForm_2_Username]
[INFO ][09-Nov-2021 16:21:11 pm] Selenium_Wrapper.enterText:(311) - Entering Text :Soft@123 in WebElement :[[ChromeDriver: chrome on WINDOWS (7a1ad0f39dee5886c81b4dc3a599b49e)] -> id: rn_LoginForm_2_Password]
[INFO ][09-Nov-2021 16:21:18 pm] Selenium_Wrapper.click:(199) - Clicking on :[[ChromeDriver: chrome on WINDOWS (7a1ad0f39dee5886c81b4dc3a599b49e)] -> id: rn_LoginForm_2_Submit]
[INFO ][09-Nov-2021 16:22:17 pm] Selenium_Wrapper.click:(199) - Clicking on :[[ChromeDriver: chrome on WINDOWS (7a1ad0f39dee5886c81b4dc3a599b49e)] -> xpath: //a[text()='browse all PAGES']]
[INFO ][09-Nov-2021 16:22:28 pm] Selenium_Wrapper.click:(199) - Clicking on :[[ChromeDriver: chrome on WINDOWS (7a1ad0f39dee5886c81b4dc3a599b49e)] -> xpath: (//div[@id='category']//following-sibling::ul//a)[1]]
[INFO ][09-Nov-2021 16:22:49 pm] Selenium_Wrapper.click:(199) - Clicking on :[[ChromeDriver: chrome on WINDOWS (7a1ad0f39dee5886c81b4dc3a599b49e)] -> xpath: //a[text()='Business Accounts']]
[INFO ][09-Nov-2021 16:22:55 pm] Selenium_Wrapper.click:(199) - Clicking on :[[ChromeDriver: chrome on WINDOWS (7a1ad0f39dee5886c81b4dc3a599b49e)] -> xpath: (//div[@id='category']//following-sibling::ul//a)[1]]
[INFO ][09-Nov-2021 16:23:10 pm] Selenium_Wrapper.click:(199) - Clicking on :[[ChromeDriver: chrome on WINDOWS (7a1ad0f39dee5886c81b4dc3a599b49e)] -> xpath: //a[text()='Employee Experience']]
[INFO ][09-Nov-2021 16:23:16 pm] Selenium_Wrapper.click:(199) - Clicking on :[[ChromeDriver: chrome on WINDOWS (7a1ad0f39dee5886c81b4dc3a599b49e)] -> xpath: (//div[@id='category']//following-sibling::ul//a)[1]]
[INFO ][09-Nov-2021 16:23:32 pm] Selenium_Wrapper.click:(199) - Clicking on :[[ChromeDriver: chrome on WINDOWS (7a1ad0f39dee5886c81b4dc3a599b49e)] -> xpath: //a[text()='Personal Accounts']]
[INFO ][09-Nov-2021 16:23:37 pm] Selenium_Wrapper.click:(199) - Clicking on :[[ChromeDriver: chrome on WINDOWS (7a1ad0f39dee5886c81b4dc3a599b49e)] -> xpath: (//div[@id='category']//following-sibling::ul//a)[1]]
[INFO ][09-Nov-2021 16:23:53 pm] Selenium_Wrapper.click:(199) - Clicking on :[[ChromeDriver: chrome on WINDOWS (7a1ad0f39dee5886c81b4dc3a599b49e)] -> xpath: //a[text()='Services']]
[INFO ][09-Nov-2021 16:23:58 pm] Selenium_Wrapper.click:(199) - Clicking on :[[ChromeDriver: chrome on WINDOWS (7a1ad0f39dee5886c81b4dc3a599b49e)] -> xpath: (//div[@id='category']//following-sibling::ul//a)[1]]
[INFO ][09-Nov-2021 16:24:14 pm] Selenium_Wrapper.click:(199) - Clicking on :[[ChromeDriver: chrome on WINDOWS (7a1ad0f39dee5886c81b4dc3a599b49e)] -> xpath: //a[text()='Technology']]
[INFO ][09-Nov-2021 16:24:19 pm] Selenium_Wrapper.click:(199) - Clicking on :[[ChromeDriver: chrome on WINDOWS (7a1ad0f39dee5886c81b4dc3a599b49e)] -> xpath: (//div[@id='category']//following-sibling::ul//a)[1]]
[INFO ][09-Nov-2021 16:24:48 pm] Selenium_Wrapper.click:(199) - Clicking on :[[ChromeDriver: chrome on WINDOWS (7a1ad0f39dee5886c81b4dc3a599b49e)] -> xpath: //a[text()='VIEW A-Z INDEX']]
[INFO ][09-Nov-2021 16:25:09 pm] Selenium_Wrapper.click:(199) - Clicking on :[[ChromeDriver: chrome on WINDOWS (7a1ad0f39dee5886c81b4dc3a599b49e)] -> xpath: //div[@id='rn_A_ZIndex_2']//ul[@class='indexing_list']//li//a[text()='D']]
[INFO ][09-Nov-2021 16:25:23 pm] Selenium_Wrapper.click:(199) - Clicking on :[[ChromeDriver: chrome on WINDOWS (7a1ad0f39dee5886c81b4dc3a599b49e)] -> xpath: //div[@id='rn_A_ZIndex_2']//ul[@class='indexing_list']//li//a[text()='J']]
[INFO ][09-Nov-2021 16:25:36 pm] Selenium_Wrapper.click:(199) - Clicking on :[[ChromeDriver: chrome on WINDOWS (7a1ad0f39dee5886c81b4dc3a599b49e)] -> xpath: //div[@id='rn_A_ZIndex_2']//ul[@class='indexing_list']//li//a[text()='P']]
[INFO ][09-Nov-2021 16:25:49 pm] Selenium_Wrapper.click:(199) - Clicking on :[[ChromeDriver: chrome on WINDOWS (7a1ad0f39dee5886c81b4dc3a599b49e)] -> xpath: //div[@id='rn_A_ZIndex_2']//ul[@class='indexing_list']//li//a[text()='V']]
[INFO ][09-Nov-2021 16:26:02 pm] Selenium_Wrapper.click:(199) - Clicking on :[[ChromeDriver: chrome on WINDOWS (7a1ad0f39dee5886c81b4dc3a599b49e)] -> xpath: //div[@id='rn_A_ZIndex_2']//ul[@class='indexing_list']//li//a[text()='0-9']]
[INFO ][09-Nov-2021 16:26:26 pm] Selenium_Wrapper.click:(199) - Clicking on :[[ChromeDriver: chrome on WINDOWS (7a1ad0f39dee5886c81b4dc3a599b49e)] -> xpath: (//div[@class='rn_A_ZIndex']//div[@class='index-content']//a)[1]]
[INFO ][09-Nov-2021 16:26:51 pm] Selenium_Wrapper.enterText:(311) - Entering Text :100% First Time Home Buyer Loan in WebElement :[[ChromeDriver: chrome on WINDOWS (7a1ad0f39dee5886c81b4dc3a599b49e)] -> xpath: //input[@type='search']]
[INFO ][09-Nov-2021 16:27:39 pm] Selenium_Wrapper.click:(199) - Clicking on :[[ChromeDriver: chrome on WINDOWS (7a1ad0f39dee5886c81b4dc3a599b49e)] -> xpath: //div[@id='rn_PageTitle']//a[text()='BROWSE ALL PAGES']]
[INFO ][09-Nov-2021 16:27:56 pm] Selenium_Wrapper.click:(199) - Clicking on :[[ChromeDriver: chrome on WINDOWS (7a1ad0f39dee5886c81b4dc3a599b49e)] -> xpath: //a[text()='Knowledge Center']]
[INFO ][09-Nov-2021 16:28:00 pm] Selenium_Wrapper.closeCurrentBrowser:(650) - Closing the current Browser
