[INFO ][03-Sep-2022 16:25:15 PM] Selenium_Wrapper.openBrowser:(48) - Opening chrome browser.
[INFO ][03-Sep-2022 16:25:18 PM] Selenium_Wrapper.enterURL:(82) - Entering url :https://macu1--upgrade.custhelp.com/AgentWeb/
[INFO ][03-Sep-2022 16:25:22 PM] Selenium_Wrapper.enterText:(311) - Entering Text :RNT_pramod in WebElement :[[ChromeDriver: chrome on WINDOWS (35a38c3ad4c488609b60eb071e488236)] -> id: username]
[INFO ][03-Sep-2022 16:25:24 PM] Selenium_Wrapper.enterText:(311) - Entering Text :Welcome123 in WebElement :[[ChromeDriver: chrome on WINDOWS (35a38c3ad4c488609b60eb071e488236)] -> id: password]
[INFO ][03-Sep-2022 16:25:55 PM] Selenium_Wrapper.click:(199) - Clicking on :[[ChromeDriver: chrome on WINDOWS (35a38c3ad4c488609b60eb071e488236)] -> id: loginbutton]
[INFO ][03-Sep-2022 16:26:07 PM] Selenium_Wrapper.click:(199) - Clicking on :[[ChromeDriver: chrome on WINDOWS (35a38c3ad4c488609b60eb071e488236)] -> id: navigationSetBtn]
[INFO ][03-Sep-2022 16:26:14 PM] Selenium_Wrapper.click:(199) - Clicking on :[[ChromeDriver: chrome on WINDOWS (35a38c3ad4c488609b60eb071e488236)] -> xpath: //div[@automationid='Configuration']]
[INFO ][03-Sep-2022 16:26:20 PM] Selenium_Wrapper.click:(199) - Clicking on :[[ChromeDriver: chrome on WINDOWS (35a38c3ad4c488609b60eb071e488236)] -> xpath: //div[@automationid='Configuration_Service']]
[INFO ][03-Sep-2022 16:26:25 PM] Selenium_Wrapper.click:(199) - Clicking on :[[ChromeDriver: chrome on WINDOWS (35a38c3ad4c488609b60eb071e488236)] -> xpath: //div[@automationid='Configuration_Service_Knowledge Advanced']]
[INFO ][03-Sep-2022 16:26:30 PM] Selenium_Wrapper.click:(199) - Clicking on :[[ChromeDriver: chrome on WINDOWS (35a38c3ad4c488609b60eb071e488236)] -> xpath: //div[@automationid='Configuration_Service_Knowledge Advanced_Authoring']//span[text()='Authoring']]
[INFO ][03-Sep-2022 16:26:44 PM] Selenium_Wrapper.clickUsingActions:(249) - Clicking on :[[ChromeDriver: chrome on WINDOWS (35a38c3ad4c488609b60eb071e488236)] -> xpath: //div[@class='bodyDivRN']//li[@testidentifier='MainNavBar_Content']//a]
[INFO ][03-Sep-2022 16:27:03 PM] Selenium_Wrapper.click:(199) - Clicking on :[[ChromeDriver: chrome on WINDOWS (35a38c3ad4c488609b60eb071e488236)] -> xpath: //a[@testidentifier='ContentNavBar_Add_Technology'][normalize-space()='Add']]
[INFO ][03-Sep-2022 16:27:12 PM] Selenium_Wrapper.click:(199) - Clicking on :[[ChromeDriver: chrome on WINDOWS (35a38c3ad4c488609b60eb071e488236)] -> xpath: //input[@testidentifier='Content_ContentType_Add_SUMMARY']]
[INFO ][03-Sep-2022 16:27:13 PM] Selenium_Wrapper.enterText:(311) - Entering Text :Test Technology through Automation 3 in WebElement :[[ChromeDriver: chrome on WINDOWS (35a38c3ad4c488609b60eb071e488236)] -> xpath: //input[@testidentifier='Content_ContentType_Add_SUMMARY']]
[INFO ][03-Sep-2022 16:27:19 PM] Selenium_Wrapper.click:(199) - Clicking on :[[ChromeDriver: chrome on WINDOWS (35a38c3ad4c488609b60eb071e488236)] -> xpath: //input[@testidentifier='Content_ContentType_Add_KEYWORD']]
[INFO ][03-Sep-2022 16:27:20 PM] Selenium_Wrapper.enterText:(311) - Entering Text :Automation Technology Test 3 in WebElement :[[ChromeDriver: chrome on WINDOWS (35a38c3ad4c488609b60eb071e488236)] -> xpath: //input[@testidentifier='Content_ContentType_Add_KEYWORD']]
[INFO ][03-Sep-2022 16:27:30 PM] Selenium_Wrapper.click:(199) - Clicking on :[[ChromeDriver: chrome on WINDOWS (35a38c3ad4c488609b60eb071e488236)] -> xpath: (//span[text()='Source'])[6]]
[INFO ][03-Sep-2022 16:27:35 PM] Selenium_Wrapper.click:(199) - Clicking on :[[ChromeDriver: chrome on WINDOWS (35a38c3ad4c488609b60eb071e488236)] -> xpath: //textarea[contains(@title,'Rich Text Editor')]]
[INFO ][03-Sep-2022 16:27:43 PM] Selenium_Wrapper.openBrowser:(48) - Opening chrome browser.
[INFO ][03-Sep-2022 16:27:49 PM] Selenium_Wrapper.enterURL:(82) - Entering url :https://macu1--upgrade.custhelp.com/
[INFO ][03-Sep-2022 16:27:53 PM] Selenium_Wrapper.enterText:(311) - Entering Text :pramodk in WebElement :[[ChromeDriver: chrome on WINDOWS (a4ea9523e92c2ca05f65ae58b5083037)] -> id: rn_LoginForm_2_Username]
[INFO ][03-Sep-2022 16:27:54 PM] Selenium_Wrapper.enterText:(311) - Entering Text :Soft@123 in WebElement :[[ChromeDriver: chrome on WINDOWS (a4ea9523e92c2ca05f65ae58b5083037)] -> id: rn_LoginForm_2_Password]
[INFO ][03-Sep-2022 16:28:01 PM] Selenium_Wrapper.click:(199) - Clicking on :[[ChromeDriver: chrome on WINDOWS (a4ea9523e92c2ca05f65ae58b5083037)] -> id: rn_LoginForm_2_Submit]
[ERROR][03-Sep-2022 16:28:24 PM] Selenium_Wrapper.scrollToWebElement:(487) - org.openqa.selenium.NoSuchElementException: no such element: Unable to locate element: {"method":"xpath","selector":"//div[@class='rn_SchemaAttribute']"}
  (Session info: chrome=105.0.5195.102)
For documentation on this error, please visit: https://www.seleniumhq.org/exceptions/no_such_element.html
Build info: version: '3.141.59', revision: 'e82be7d358', time: '2018-11-14T08:17:03'
System info: host: 'QA-SWAMYK', ip: '192.168.0.4', os.name: 'Windows 10', os.arch: 'amd64', os.version: '10.0', java.version: '11.0.10'
Driver info: org.openqa.selenium.chrome.ChromeDriver
Capabilities {acceptInsecureCerts: false, browserName: chrome, browserVersion: 105.0.5195.102, chrome: {chromedriverVersion: 105.0.5195.52 (412c95e51883..., userDataDir: C:\Users\SWAMYK~1\AppData\L...}, goog:chromeOptions: {debuggerAddress: localhost:64029}, javascriptEnabled: true, networkConnectionEnabled: false, pageLoadStrategy: normal, platform: WINDOWS, platformName: WINDOWS, proxy: Proxy(), setWindowRect: true, strictFileInteractability: false, timeouts: {implicit: 0, pageLoad: 300000, script: 30000}, unhandledPromptBehavior: dismiss and notify, webauthn:extension:credBlob: true, webauthn:extension:largeBlob: true, webauthn:virtualAuthenticators: true}
Session ID: a4ea9523e92c2ca05f65ae58b5083037
*** Element info: {Using=xpath, value=//div[@class='rn_SchemaAttribute']}
[ERROR][03-Sep-2022 16:28:24 PM] CallOuts.testCPCallouts:(120) - Login/SignIn un-successfull
[INFO ][03-Sep-2022 16:28:27 PM] Selenium_Wrapper.closeCurrentBrowser:(651) - Closing the current Browser
