[INFO ][02-Jul-2024 16:20:17 PM] Selenium_Wrapper.openBrowser:(54) - Opening chrome browser.
[INFO ][02-Jul-2024 16:20:23 PM] Selenium_Wrapper.enterURL:(88) - Entering url :https://macu1--tst1.custhelp.com/app/home
[INFO ][02-Jul-2024 16:20:28 PM] Selenium_Wrapper.enterText:(317) - Entering Text :swamyk in WebElement :[[ChromeDriver: chrome on WINDOWS (c46a0b5d3912acbf7f8fcf0d7d37d598)] -> id: rn_LoginForm_2_Username]
[INFO ][02-Jul-2024 16:20:29 PM] Selenium_Wrapper.enterText:(317) - Entering Text :Soft@123 in WebElement :[[ChromeDriver: chrome on WINDOWS (c46a0b5d3912acbf7f8fcf0d7d37d598)] -> id: rn_LoginForm_2_Password]
[INFO ][02-Jul-2024 16:20:33 PM] Selenium_Wrapper.click:(205) - Clicking on :[[ChromeDriver: chrome on WINDOWS (c46a0b5d3912acbf7f8fcf0d7d37d598)] -> id: rn_LoginForm_2_Submit]
[INFO ][02-Jul-2024 16:20:46 PM] Selenium_Wrapper.click:(205) - Clicking on :[[ChromeDriver: chrome on WINDOWS (c46a0b5d3912acbf7f8fcf0d7d37d598)] -> xpath: //input[@type='search']]
[INFO ][02-Jul-2024 16:20:48 PM] Selenium_Wrapper.enterText:(317) - Entering Text :Business Use Auto Loan in WebElement :[[ChromeDriver: chrome on WINDOWS (c46a0b5d3912acbf7f8fcf0d7d37d598)] -> xpath: //input[@type='search']]
[INFO ][02-Jul-2024 16:20:59 PM] Selenium_Wrapper.click:(205) - Clicking on :[[ChromeDriver: chrome on WINDOWS (c46a0b5d3912acbf7f8fcf0d7d37d598)] -> xpath: (//div[@class='yui3-aclist-content']//li//li)[1]]
[INFO ][02-Jul-2024 16:21:03 PM] Selenium_Wrapper.click:(205) - Clicking on :[[ChromeDriver: chrome on WINDOWS (c46a0b5d3912acbf7f8fcf0d7d37d598)] -> xpath: (//div[@class='rn_SearchResultContent']//a)[1]]
[INFO ][02-Jul-2024 16:21:14 PM] Selenium_Wrapper.click:(205) - Clicking on :[[ChromeDriver: chrome on WINDOWS (c46a0b5d3912acbf7f8fcf0d7d37d598)] -> xpath: //a[@class='add_bookmarkButton']//img[@class='bookmark_icon_blank']]
[INFO ][02-Jul-2024 16:21:21 PM] Selenium_Wrapper.click:(205) - Clicking on :[[ChromeDriver: chrome on WINDOWS (c46a0b5d3912acbf7f8fcf0d7d37d598)] -> class name: knowledge]
[INFO ][02-Jul-2024 16:21:31 PM] Selenium_Wrapper.click:(205) - Clicking on :[[ChromeDriver: chrome on WINDOWS (c46a0b5d3912acbf7f8fcf0d7d37d598)] -> xpath: //div[@class='dropdown']]
[INFO ][02-Jul-2024 16:21:39 PM] Selenium_Wrapper.click:(205) - Clicking on :[[ChromeDriver: chrome on WINDOWS (c46a0b5d3912acbf7f8fcf0d7d37d598)] -> xpath: //a[text()='SEE MORE']]
[INFO ][02-Jul-2024 16:21:51 PM] Selenium_Wrapper.click:(205) - Clicking on :[[ChromeDriver: chrome on WINDOWS (c46a0b5d3912acbf7f8fcf0d7d37d598)] -> class name: knowledge]
[INFO ][02-Jul-2024 16:21:56 PM] Selenium_Wrapper.click:(205) - Clicking on :[[ChromeDriver: chrome on WINDOWS (c46a0b5d3912acbf7f8fcf0d7d37d598)] -> xpath: //div[@class='dropdown']]
[INFO ][02-Jul-2024 16:22:06 PM] Selenium_Wrapper.click:(205) - Clicking on :[[ChromeDriver: chrome on WINDOWS (c46a0b5d3912acbf7f8fcf0d7d37d598)] -> xpath: //div[@class='dropdown-content']//a[normalize-space()='My Bookmarks']]
[INFO ][02-Jul-2024 16:22:20 PM] Selenium_Wrapper.click:(205) - Clicking on :[[ChromeDriver: chrome on WINDOWS (c46a0b5d3912acbf7f8fcf0d7d37d598)] -> xpath: //select[@class='BookmarkFilter']]
[INFO ][02-Jul-2024 16:22:28 PM] Selenium_Wrapper.click:(205) - Clicking on :[[ChromeDriver: chrome on WINDOWS (c46a0b5d3912acbf7f8fcf0d7d37d598)] -> xpath: //select[@class='BookmarkFilter']//option[text()='Alphabetical A-Z']]
[INFO ][02-Jul-2024 16:22:39 PM] Selenium_Wrapper.click:(205) - Clicking on :[[ChromeDriver: chrome on WINDOWS (c46a0b5d3912acbf7f8fcf0d7d37d598)] -> class name: knowledge]
[INFO ][02-Jul-2024 16:22:43 PM] Selenium_Wrapper.click:(205) - Clicking on :[[ChromeDriver: chrome on WINDOWS (c46a0b5d3912acbf7f8fcf0d7d37d598)] -> xpath: //div[@class='dropdown']]
[INFO ][02-Jul-2024 16:22:48 PM] Selenium_Wrapper.click:(205) - Clicking on :[[ChromeDriver: chrome on WINDOWS (c46a0b5d3912acbf7f8fcf0d7d37d598)] -> xpath: //div[@class='dropdown-content']//a[normalize-space()='My Notifications']]
[INFO ][02-Jul-2024 16:22:53 PM] Selenium_Wrapper.click:(205) - Clicking on :[[ChromeDriver: chrome on WINDOWS (c46a0b5d3912acbf7f8fcf0d7d37d598)] -> xpath: //a[text()='browse all PAGES']]
[INFO ][02-Jul-2024 16:23:08 PM] Selenium_Wrapper.click:(205) - Clicking on :[[ChromeDriver: chrome on WINDOWS (c46a0b5d3912acbf7f8fcf0d7d37d598)] -> xpath: //a[text()='VIEW A-Z INDEX']]
[INFO ][02-Jul-2024 16:23:17 PM] Selenium_Wrapper.click:(205) - Clicking on :[[ChromeDriver: chrome on WINDOWS (c46a0b5d3912acbf7f8fcf0d7d37d598)] -> class name: knowledge]
[INFO ][02-Jul-2024 16:23:20 PM] Selenium_Wrapper.closeCurrentBrowser:(657) - Closing the current Browser
