[INFO ][02-Sep-2022 16:24:27 PM] Selenium_Wrapper.openBrowser:(48) - Opening chrome browser.
[INFO ][02-Sep-2022 16:24:34 PM] Selenium_Wrapper.enterURL:(82) - Entering url :https://macu1--upgrade.custhelp.com/
[INFO ][02-Sep-2022 16:24:38 PM] Selenium_Wrapper.enterText:(311) - Entering Text :pramodk in WebElement :[[ChromeDriver: chrome on WINDOWS (1de663349c07a3bb12c55c69c9ecdc4d)] -> id: rn_LoginForm_2_Username]
[INFO ][02-Sep-2022 16:24:39 PM] Selenium_Wrapper.enterText:(311) - Entering Text :Soft@123 in WebElement :[[ChromeDriver: chrome on WINDOWS (1de663349c07a3bb12c55c69c9ecdc4d)] -> id: rn_LoginForm_2_Password]
[INFO ][02-Sep-2022 16:24:46 PM] Selenium_Wrapper.click:(199) - Clicking on :[[ChromeDriver: chrome on WINDOWS (1de663349c07a3bb12c55c69c9ecdc4d)] -> id: rn_LoginForm_2_Submit]
[INFO ][02-Sep-2022 16:25:11 PM] Selenium_Wrapper.click:(199) - Clicking on :[[ChromeDriver: chrome on WINDOWS (1de663349c07a3bb12c55c69c9ecdc4d)] -> xpath: //a[text()='browse all PAGES']]
[INFO ][02-Sep-2022 16:25:23 PM] Selenium_Wrapper.click:(199) - Clicking on :[[ChromeDriver: chrome on WINDOWS (1de663349c07a3bb12c55c69c9ecdc4d)] -> xpath: (//div[@id='category']//following-sibling::ul//a)[1]]
[INFO ][02-Sep-2022 16:25:44 PM] Selenium_Wrapper.click:(199) - Clicking on :[[ChromeDriver: chrome on WINDOWS (1de663349c07a3bb12c55c69c9ecdc4d)] -> xpath: //a[text()='Business Accounts']]
[INFO ][02-Sep-2022 16:25:49 PM] Selenium_Wrapper.click:(199) - Clicking on :[[ChromeDriver: chrome on WINDOWS (1de663349c07a3bb12c55c69c9ecdc4d)] -> xpath: (//div[@id='category']//following-sibling::ul//a)[1]]
[INFO ][02-Sep-2022 16:26:05 PM] Selenium_Wrapper.click:(199) - Clicking on :[[ChromeDriver: chrome on WINDOWS (1de663349c07a3bb12c55c69c9ecdc4d)] -> xpath: //a[text()='Employee Experience']]
[INFO ][02-Sep-2022 16:26:15 PM] Selenium_Wrapper.click:(199) - Clicking on :[[ChromeDriver: chrome on WINDOWS (1de663349c07a3bb12c55c69c9ecdc4d)] -> xpath: (//div[@id='category']//following-sibling::ul//a)[1]]
[INFO ][02-Sep-2022 16:26:31 PM] Selenium_Wrapper.click:(199) - Clicking on :[[ChromeDriver: chrome on WINDOWS (1de663349c07a3bb12c55c69c9ecdc4d)] -> xpath: //a[text()='Personal Accounts']]
[INFO ][02-Sep-2022 16:26:36 PM] Selenium_Wrapper.click:(199) - Clicking on :[[ChromeDriver: chrome on WINDOWS (1de663349c07a3bb12c55c69c9ecdc4d)] -> xpath: (//div[@id='category']//following-sibling::ul//a)[1]]
[INFO ][02-Sep-2022 16:26:52 PM] Selenium_Wrapper.click:(199) - Clicking on :[[ChromeDriver: chrome on WINDOWS (1de663349c07a3bb12c55c69c9ecdc4d)] -> xpath: //a[text()='Services']]
[INFO ][02-Sep-2022 16:26:58 PM] Selenium_Wrapper.click:(199) - Clicking on :[[ChromeDriver: chrome on WINDOWS (1de663349c07a3bb12c55c69c9ecdc4d)] -> xpath: (//div[@id='category']//following-sibling::ul//a)[1]]
[INFO ][02-Sep-2022 16:27:14 PM] Selenium_Wrapper.click:(199) - Clicking on :[[ChromeDriver: chrome on WINDOWS (1de663349c07a3bb12c55c69c9ecdc4d)] -> xpath: //a[text()='Technology']]
[INFO ][02-Sep-2022 16:27:19 PM] Selenium_Wrapper.click:(199) - Clicking on :[[ChromeDriver: chrome on WINDOWS (1de663349c07a3bb12c55c69c9ecdc4d)] -> xpath: (//div[@id='category']//following-sibling::ul//a)[1]]
[INFO ][02-Sep-2022 16:27:45 PM] Selenium_Wrapper.click:(199) - Clicking on :[[ChromeDriver: chrome on WINDOWS (1de663349c07a3bb12c55c69c9ecdc4d)] -> xpath: //a[text()='VIEW A-Z INDEX']]
[INFO ][02-Sep-2022 16:28:06 PM] Selenium_Wrapper.click:(199) - Clicking on :[[ChromeDriver: chrome on WINDOWS (1de663349c07a3bb12c55c69c9ecdc4d)] -> xpath: //div[@id='rn_A_ZIndex_2']//ul[@class='indexing_list']//li//a[text()='D']]
[INFO ][02-Sep-2022 16:28:20 PM] Selenium_Wrapper.click:(199) - Clicking on :[[ChromeDriver: chrome on WINDOWS (1de663349c07a3bb12c55c69c9ecdc4d)] -> xpath: //div[@id='rn_A_ZIndex_2']//ul[@class='indexing_list']//li//a[text()='J']]
[INFO ][02-Sep-2022 16:28:34 PM] Selenium_Wrapper.click:(199) - Clicking on :[[ChromeDriver: chrome on WINDOWS (1de663349c07a3bb12c55c69c9ecdc4d)] -> xpath: //div[@id='rn_A_ZIndex_2']//ul[@class='indexing_list']//li//a[text()='P']]
[INFO ][02-Sep-2022 16:28:47 PM] Selenium_Wrapper.click:(199) - Clicking on :[[ChromeDriver: chrome on WINDOWS (1de663349c07a3bb12c55c69c9ecdc4d)] -> xpath: //div[@id='rn_A_ZIndex_2']//ul[@class='indexing_list']//li//a[text()='V']]
[INFO ][02-Sep-2022 16:29:00 PM] Selenium_Wrapper.click:(199) - Clicking on :[[ChromeDriver: chrome on WINDOWS (1de663349c07a3bb12c55c69c9ecdc4d)] -> xpath: //div[@id='rn_A_ZIndex_2']//ul[@class='indexing_list']//li//a[text()='0-9']]
[INFO ][02-Sep-2022 16:29:25 PM] Selenium_Wrapper.click:(199) - Clicking on :[[ChromeDriver: chrome on WINDOWS (1de663349c07a3bb12c55c69c9ecdc4d)] -> xpath: (//div[@class='rn_A_ZIndex']//div[@class='index-content']//a)[1]]
[INFO ][02-Sep-2022 16:29:50 PM] Selenium_Wrapper.enterText:(311) - Entering Text :100% First Time Home Buyer Loan in WebElement :[[ChromeDriver: chrome on WINDOWS (1de663349c07a3bb12c55c69c9ecdc4d)] -> xpath: //input[@type='search']]
[INFO ][02-Sep-2022 16:30:37 PM] Selenium_Wrapper.click:(199) - Clicking on :[[ChromeDriver: chrome on WINDOWS (1de663349c07a3bb12c55c69c9ecdc4d)] -> xpath: //div[@id='rn_PageTitle']//a[text()='BROWSE ALL PAGES']]
[INFO ][02-Sep-2022 16:30:57 PM] Selenium_Wrapper.click:(199) - Clicking on :[[ChromeDriver: chrome on WINDOWS (1de663349c07a3bb12c55c69c9ecdc4d)] -> xpath: //a[text()='Knowledge Center']]
[INFO ][02-Sep-2022 16:31:00 PM] Selenium_Wrapper.closeCurrentBrowser:(651) - Closing the current Browser
