[INFO ][02-Sep-2022 16:32:18 PM] Selenium_Wrapper.openBrowser:(48) - Opening chrome browser.
[INFO ][02-Sep-2022 16:32:23 PM] Selenium_Wrapper.enterURL:(82) - Entering url :https://macu1--upgrade.custhelp.com/
[INFO ][02-Sep-2022 16:32:27 PM] Selenium_Wrapper.enterText:(311) - Entering Text :pramodk in WebElement :[[ChromeDriver: chrome on WINDOWS (8b05c6d318778e52fe5dbe1ac7793ff4)] -> id: rn_LoginForm_2_Username]
[INFO ][02-Sep-2022 16:32:28 PM] Selenium_Wrapper.enterText:(311) - Entering Text :Soft@123 in WebElement :[[ChromeDriver: chrome on WINDOWS (8b05c6d318778e52fe5dbe1ac7793ff4)] -> id: rn_LoginForm_2_Password]
[INFO ][02-Sep-2022 16:32:35 PM] Selenium_Wrapper.click:(199) - Clicking on :[[ChromeDriver: chrome on WINDOWS (8b05c6d318778e52fe5dbe1ac7793ff4)] -> id: rn_LoginForm_2_Submit]
[INFO ][02-Sep-2022 16:32:52 PM] Selenium_Wrapper.click:(199) - Clicking on :[[ChromeDriver: chrome on WINDOWS (8b05c6d318778e52fe5dbe1ac7793ff4)] -> xpath: //input[@type='search']]
[INFO ][02-Sep-2022 16:32:53 PM] Selenium_Wrapper.enterText:(311) - Entering Text :Auto Loan in WebElement :[[ChromeDriver: chrome on WINDOWS (8b05c6d318778e52fe5dbe1ac7793ff4)] -> xpath: //input[@type='search']]
[INFO ][02-Sep-2022 16:33:08 PM] Selenium_Wrapper.click:(199) - Clicking on :[[ChromeDriver: chrome on WINDOWS (8b05c6d318778e52fe5dbe1ac7793ff4)] -> xpath: //ul[@aria-label='Suggested Search']//li[normalize-space()= 'Auto Loan' ]]
[INFO ][02-Sep-2022 16:33:15 PM] Selenium_Wrapper.click:(199) - Clicking on :[[ChromeDriver: chrome on WINDOWS (8b05c6d318778e52fe5dbe1ac7793ff4)] -> xpath: //div[@class='rn_SearchResultContent']//a[text()='Auto Loan']]
[INFO ][02-Sep-2022 16:33:29 PM] Selenium_Wrapper.click:(199) - Clicking on :[[ChromeDriver: chrome on WINDOWS (8b05c6d318778e52fe5dbe1ac7793ff4)] -> xpath: //a[contains(@class,'bookmarkedFilled')]//img[@class='bookmark_icon_red']]
[INFO ][02-Sep-2022 16:33:47 PM] Selenium_Wrapper.click:(199) - Clicking on :[[ChromeDriver: chrome on WINDOWS (8b05c6d318778e52fe5dbe1ac7793ff4)] -> xpath: //a[@class='add_bookmarkButton']//img[@class='bookmark_icon_blank']]
[INFO ][02-Sep-2022 16:33:54 PM] Selenium_Wrapper.click:(199) - Clicking on :[[ChromeDriver: chrome on WINDOWS (8b05c6d318778e52fe5dbe1ac7793ff4)] -> xpath: //div[@class='dropdown']]
[INFO ][02-Sep-2022 16:34:02 PM] Selenium_Wrapper.click:(199) - Clicking on :[[ChromeDriver: chrome on WINDOWS (8b05c6d318778e52fe5dbe1ac7793ff4)] -> xpath: //div[@class='data Custom-data']//a[text()='My Bookmarks']]
[INFO ][02-Sep-2022 16:34:24 PM] Selenium_Wrapper.click:(199) - Clicking on :[[ChromeDriver: chrome on WINDOWS (8b05c6d318778e52fe5dbe1ac7793ff4)] -> xpath: //a[contains(text(),'Auto Loan')]//parent::div[@class='rn_Notification_Info']//following-sibling::div[@class='rn_Notification_Actions']//button[@class='rn_Notification_Delete']//img[@class='bookmark_del_ico']]
[INFO ][02-Sep-2022 16:34:45 PM] Selenium_Wrapper.click:(199) - Clicking on :[[ChromeDriver: chrome on WINDOWS (8b05c6d318778e52fe5dbe1ac7793ff4)] -> class name: knowledge]
[INFO ][02-Sep-2022 16:34:52 PM] Selenium_Wrapper.click:(199) - Clicking on :[[ChromeDriver: chrome on WINDOWS (8b05c6d318778e52fe5dbe1ac7793ff4)] -> xpath: //input[@type='search']]
[INFO ][02-Sep-2022 16:34:53 PM] Selenium_Wrapper.enterText:(311) - Entering Text :Auto Loan in WebElement :[[ChromeDriver: chrome on WINDOWS (8b05c6d318778e52fe5dbe1ac7793ff4)] -> xpath: //input[@type='search']]
[INFO ][02-Sep-2022 16:35:02 PM] Selenium_Wrapper.click:(199) - Clicking on :[[ChromeDriver: chrome on WINDOWS (8b05c6d318778e52fe5dbe1ac7793ff4)] -> xpath: //ul[@aria-label='Suggested Search']//li[normalize-space()= 'Auto Loan' ]]
[INFO ][02-Sep-2022 16:35:09 PM] Selenium_Wrapper.click:(199) - Clicking on :[[ChromeDriver: chrome on WINDOWS (8b05c6d318778e52fe5dbe1ac7793ff4)] -> xpath: //div[@class='rn_SearchResultContent']//a[text()='Auto Loan']]
[INFO ][02-Sep-2022 16:35:19 PM] Selenium_Wrapper.click:(199) - Clicking on :[[ChromeDriver: chrome on WINDOWS (8b05c6d318778e52fe5dbe1ac7793ff4)] -> xpath: //div[contains(@class,'EmailAnswerLink')]//img[@class='share_icon_default']]
[INFO ][02-Sep-2022 16:35:24 PM] Selenium_Wrapper.click:(199) - Clicking on :[[ChromeDriver: chrome on WINDOWS (8b05c6d318778e52fe5dbe1ac7793ff4)] -> xpath: //div[@id='rnDialog1']//input[@class='select2-search__field']]
[INFO ][02-Sep-2022 16:35:25 PM] Selenium_Wrapper.enterText:(311) - Entering Text :Aaron Brown in WebElement :[[ChromeDriver: chrome on WINDOWS (8b05c6d318778e52fe5dbe1ac7793ff4)] -> xpath: //div[@id='rnDialog1']//input[@class='select2-search__field']]
[INFO ][02-Sep-2022 16:35:34 PM] Selenium_Wrapper.click:(199) - Clicking on :[[ChromeDriver: chrome on WINDOWS (8b05c6d318778e52fe5dbe1ac7793ff4)] -> xpath: //ul[@class='select2-results__options']//li[text()='Aaron Brown']]
[INFO ][02-Sep-2022 16:35:39 PM] Selenium_Wrapper.click:(199) - Clicking on :[[ChromeDriver: chrome on WINDOWS (8b05c6d318778e52fe5dbe1ac7793ff4)] -> xpath: //button[@class='yui3-button yui3-button-close']]
[INFO ][02-Sep-2022 16:35:54 PM] Selenium_Wrapper.click:(199) - Clicking on :[[ChromeDriver: chrome on WINDOWS (8b05c6d318778e52fe5dbe1ac7793ff4)] -> xpath: //div[@id='formsResources_panel']//div[@id='formsResources_headingOne']]
[INFO ][02-Sep-2022 16:36:03 PM] Selenium_Wrapper.clickUsingActions:(249) - Clicking on :[[ChromeDriver: chrome on WINDOWS (8b05c6d318778e52fe5dbe1ac7793ff4)] -> xpath: (//ul[@class='formsResources']//ul//li/a)[2]]
[INFO ][02-Sep-2022 16:36:29 PM] Selenium_Wrapper.click:(199) - Clicking on :[[ChromeDriver: chrome on WINDOWS (8b05c6d318778e52fe5dbe1ac7793ff4)] -> xpath: //li[@class='breadcrumb-item']//a]
[INFO ][02-Sep-2022 16:36:41 PM] Selenium_Wrapper.click:(199) - Clicking on :[[ChromeDriver: chrome on WINDOWS (8b05c6d318778e52fe5dbe1ac7793ff4)] -> class name: knowledge]
[INFO ][02-Sep-2022 16:36:51 PM] Selenium_Wrapper.click:(199) - Clicking on :[[ChromeDriver: chrome on WINDOWS (8b05c6d318778e52fe5dbe1ac7793ff4)] -> xpath: //input[@type='search']]
[INFO ][02-Sep-2022 16:36:53 PM] Selenium_Wrapper.enterText:(311) - Entering Text :COVID-19 Critical Updates in WebElement :[[ChromeDriver: chrome on WINDOWS (8b05c6d318778e52fe5dbe1ac7793ff4)] -> xpath: //input[@type='search']]
[INFO ][02-Sep-2022 16:37:06 PM] Selenium_Wrapper.click:(199) - Clicking on :[[ChromeDriver: chrome on WINDOWS (8b05c6d318778e52fe5dbe1ac7793ff4)] -> xpath: //ul[@aria-label='Suggested Search']//li[normalize-space()='COVID-19 Critical Updates']]
[INFO ][02-Sep-2022 16:37:13 PM] Selenium_Wrapper.click:(199) - Clicking on :[[ChromeDriver: chrome on WINDOWS (8b05c6d318778e52fe5dbe1ac7793ff4)] -> xpath: //div[@class='rn_SearchResultContent']//a[text()='COVID-19 Critical Updates']]
[INFO ][02-Sep-2022 16:38:12 PM] Selenium_Wrapper.click:(199) - Clicking on :[[ChromeDriver: chrome on WINDOWS (8b05c6d318778e52fe5dbe1ac7793ff4)] -> xpath: //button[@class='rn_RecommendContentButton p-0']]
[INFO ][02-Sep-2022 16:38:13 PM] Selenium_Wrapper.enterText:(311) - Entering Text :Test Improve, comments, updates in WebElement :[[ChromeDriver: chrome on WINDOWS (8b05c6d318778e52fe5dbe1ac7793ff4)] -> xpath: //div[@id='rnDialog1_c']//textarea[contains(@id,RequestUpdate)]]
[INFO ][02-Sep-2022 16:38:18 PM] Selenium_Wrapper.click:(199) - Clicking on :[[ChromeDriver: chrome on WINDOWS (8b05c6d318778e52fe5dbe1ac7793ff4)] -> xpath: //button[@class='yui3-button yui3-button-close']]
[INFO ][02-Sep-2022 16:38:30 PM] Selenium_Wrapper.click:(199) - Clicking on :[[ChromeDriver: chrome on WINDOWS (8b05c6d318778e52fe5dbe1ac7793ff4)] -> id: relatedPages_headingOne]
[INFO ][02-Sep-2022 16:38:36 PM] Selenium_Wrapper.click:(199) - Clicking on :[[ChromeDriver: chrome on WINDOWS (8b05c6d318778e52fe5dbe1ac7793ff4)] -> id: relatedPages_headingOne]
[INFO ][02-Sep-2022 16:38:43 PM] Selenium_Wrapper.enterText:(311) - Entering Text :Auto Loan in WebElement :[[ChromeDriver: chrome on WINDOWS (8b05c6d318778e52fe5dbe1ac7793ff4)] -> xpath: //div[contains(@class,'input-group')]//input[@type='search']]
[INFO ][02-Sep-2022 16:38:54 PM] Selenium_Wrapper.click:(199) - Clicking on :[[ChromeDriver: chrome on WINDOWS (8b05c6d318778e52fe5dbe1ac7793ff4)] -> xpath: //ul[@aria-label='Suggested Search']//li[@class='rn_SuggestionItem'][normalize-space()='Auto Loan']]
[INFO ][02-Sep-2022 16:39:14 PM] Selenium_Wrapper.click:(199) - Clicking on :[[ChromeDriver: chrome on WINDOWS (8b05c6d318778e52fe5dbe1ac7793ff4)] -> class name: knowledge]
[INFO ][02-Sep-2022 16:39:17 PM] Selenium_Wrapper.closeCurrentBrowser:(651) - Closing the current Browser
