[INFO ][05-Jan-2024 16:39:50 PM] Selenium_Wrapper.openBrowser:(48) - Opening chrome browser.
[INFO ][05-Jan-2024 16:39:56 PM] Selenium_Wrapper.enterURL:(82) - Entering url :https://macu1--tst1.custhelp.com/app/home
[INFO ][05-Jan-2024 16:40:01 PM] Selenium_Wrapper.enterText:(311) - Entering Text :swamyk in WebElement :[[ChromeDriver: chrome on WINDOWS (f0b688b42edb33a73eb018d033fdc9fe)] -> id: rn_LoginForm_2_Username]
[INFO ][05-Jan-2024 16:40:02 PM] Selenium_Wrapper.enterText:(311) - Entering Text :Soft@123 in WebElement :[[ChromeDriver: chrome on WINDOWS (f0b688b42edb33a73eb018d033fdc9fe)] -> id: rn_LoginForm_2_Password]
[INFO ][05-Jan-2024 16:40:09 PM] Selenium_Wrapper.click:(199) - Clicking on :[[ChromeDriver: chrome on WINDOWS (f0b688b42edb33a73eb018d033fdc9fe)] -> id: rn_LoginForm_2_Submit]
[INFO ][05-Jan-2024 16:40:19 PM] Selenium_Wrapper.click:(199) - Clicking on :[[ChromeDriver: chrome on WINDOWS (f0b688b42edb33a73eb018d033fdc9fe)] -> xpath: //input[@type='search']]
[INFO ][05-Jan-2024 16:40:20 PM] Selenium_Wrapper.enterText:(311) - Entering Text :Business Auto Loan - ALPS 1.0 in WebElement :[[ChromeDriver: chrome on WINDOWS (f0b688b42edb33a73eb018d033fdc9fe)] -> xpath: //input[@type='search']]
[INFO ][05-Jan-2024 16:40:36 PM] Selenium_Wrapper.click:(199) - Clicking on :[[ChromeDriver: chrome on WINDOWS (f0b688b42edb33a73eb018d033fdc9fe)] -> xpath: (//div[@class='yui3-aclist-content']//li//li)[1]]
[INFO ][05-Jan-2024 16:40:43 PM] Selenium_Wrapper.click:(199) - Clicking on :[[ChromeDriver: chrome on WINDOWS (f0b688b42edb33a73eb018d033fdc9fe)] -> xpath: (//div[@class='rn_SearchResultContent']//a)[1]]
[INFO ][05-Jan-2024 16:41:09 PM] Selenium_Wrapper.click:(199) - Clicking on :[[ChromeDriver: chrome on WINDOWS (f0b688b42edb33a73eb018d033fdc9fe)] -> xpath: //button[@class='rn_RecommendContentButton p-0']]
[INFO ][05-Jan-2024 16:41:10 PM] Selenium_Wrapper.enterText:(311) - Entering Text :Test Improve, comments, updates in WebElement :[[ChromeDriver: chrome on WINDOWS (f0b688b42edb33a73eb018d033fdc9fe)] -> id: rn_RequestUpdate_25_Description]
[INFO ][05-Jan-2024 16:41:15 PM] Selenium_Wrapper.click:(199) - Clicking on :[[ChromeDriver: chrome on WINDOWS (f0b688b42edb33a73eb018d033fdc9fe)] -> xpath: //button[text()='Submit']]
[INFO ][05-Jan-2024 16:41:28 PM] Selenium_Wrapper.click:(199) - Clicking on :[[ChromeDriver: chrome on WINDOWS (f0b688b42edb33a73eb018d033fdc9fe)] -> xpath: //div[@id='rnDialog2']//button[@type='button']]
[INFO ][05-Jan-2024 16:41:41 PM] Selenium_Wrapper.click:(199) - Clicking on :[[ChromeDriver: chrome on WINDOWS (f0b688b42edb33a73eb018d033fdc9fe)] -> class name: knowledge]
[INFO ][05-Jan-2024 16:41:49 PM] Selenium_Wrapper.click:(199) - Clicking on :[[ChromeDriver: chrome on WINDOWS (f0b688b42edb33a73eb018d033fdc9fe)] -> xpath: //div[@class='dropdown']]
[INFO ][05-Jan-2024 16:41:57 PM] Selenium_Wrapper.click:(199) - Clicking on :[[ChromeDriver: chrome on WINDOWS (f0b688b42edb33a73eb018d033fdc9fe)] -> xpath: //a[text()='My Feedback']]
[INFO ][05-Jan-2024 16:41:59 PM] Selenium_Wrapper.enterText:(311) - Entering Text :Business Auto Loan in WebElement :[[ChromeDriver: chrome on WINDOWS (f0b688b42edb33a73eb018d033fdc9fe)] -> xpath: //input[@placeholder='Search Your Feedback Report']]
[INFO ][05-Jan-2024 16:42:13 PM] Selenium_Wrapper.click:(199) - Clicking on :[[ChromeDriver: chrome on WINDOWS (f0b688b42edb33a73eb018d033fdc9fe)] -> xpath: //div[@class='rn_SearchInput1 mt-3']//span[@class='btn-srch-icon']//i[@class='fa fa-search']]
[INFO ][05-Jan-2024 16:42:40 PM] Selenium_Wrapper.click:(199) - Clicking on :[[ChromeDriver: chrome on WINDOWS (f0b688b42edb33a73eb018d033fdc9fe)] -> xpath: (//tbody[@class='yui3-datatable-data']//a)[1]]
[INFO ][05-Jan-2024 16:43:14 PM] Selenium_Wrapper.click:(199) - Clicking on :[[ChromeDriver: chrome on WINDOWS (f0b688b42edb33a73eb018d033fdc9fe)] -> class name: knowledge]
[INFO ][05-Jan-2024 16:43:19 PM] Selenium_Wrapper.closeCurrentBrowser:(651) - Closing the current Browser
[INFO ][05-Jan-2024 16:43:20 PM] Selenium_Wrapper.openBrowser:(48) - Opening chrome browser.
[INFO ][05-Jan-2024 16:43:28 PM] Selenium_Wrapper.enterURL:(82) - Entering url :https://macu1--tst1.custhelp.com/AgentWeb/
[INFO ][05-Jan-2024 16:43:32 PM] Selenium_Wrapper.enterText:(311) - Entering Text :automation_testing in WebElement :[[ChromeDriver: chrome on WINDOWS (03012ff9f239659a5e18fce52249299e)] -> id: username]
[INFO ][05-Jan-2024 16:43:34 PM] Selenium_Wrapper.enterText:(311) - Entering Text :Welcome123 in WebElement :[[ChromeDriver: chrome on WINDOWS (03012ff9f239659a5e18fce52249299e)] -> id: password]
[INFO ][05-Jan-2024 16:43:48 PM] Selenium_Wrapper.click:(199) - Clicking on :[[ChromeDriver: chrome on WINDOWS (03012ff9f239659a5e18fce52249299e)] -> id: loginbutton]
[INFO ][05-Jan-2024 16:44:28 PM] Selenium_Wrapper.click:(199) - Clicking on :[[ChromeDriver: chrome on WINDOWS (03012ff9f239659a5e18fce52249299e)] -> id: navigationSetBtn]
[INFO ][05-Jan-2024 16:44:33 PM] Selenium_Wrapper.click:(199) - Clicking on :[[ChromeDriver: chrome on WINDOWS (03012ff9f239659a5e18fce52249299e)] -> xpath: (//div[text()='Analytics']//a)]
[INFO ][05-Jan-2024 16:44:38 PM] Selenium_Wrapper.click:(199) - Clicking on :[[ChromeDriver: chrome on WINDOWS (03012ff9f239659a5e18fce52249299e)] -> xpath: //span[text()='Reports Explorer']]
[ERROR][05-Jan-2024 16:44:43 PM] FeedbackAdmin.testNavigateToFeedBackAdminReportFlow:(134) - Navigate To Article un-successfull
[ERROR][05-Jan-2024 16:44:47 PM] Selenium_Wrapper.highlightWebElement:(417) - org.openqa.selenium.NoSuchElementException: no such element: Unable to locate element: {"method":"xpath","selector":"//div[@class='explorer-right-panel']//div[@class='explorer-data-grid']//span[text()='Feedback Admin Report']"}
  (Session info: chrome=120.0.6099.199)
For documentation on this error, please visit: https://www.seleniumhq.org/exceptions/no_such_element.html
Build info: version: '3.141.59', revision: 'e82be7d358', time: '2018-11-14T08:17:03'
System info: host: 'CAF-QA-SWAMYK', ip: '192.168.0.4', os.name: 'Windows 10', os.arch: 'amd64', os.version: '10.0', java.version: '17.0.5'
Driver info: org.openqa.selenium.chrome.ChromeDriver
Capabilities {acceptInsecureCerts: false, browserName: chrome, browserVersion: 120.0.6099.199, chrome: {chromedriverVersion: 119.0.6045.105 (38c72552c5e..., userDataDir: C:\Users\swamyk\AppData\Loc...}, fedcm:accounts: true, goog:chromeOptions: {debuggerAddress: localhost:65322}, javascriptEnabled: true, networkConnectionEnabled: false, pageLoadStrategy: normal, platform: WINDOWS, platformName: WINDOWS, proxy: Proxy(), setWindowRect: true, strictFileInteractability: false, timeouts: {implicit: 0, pageLoad: 300000, script: 30000}, unhandledPromptBehavior: dismiss and notify, webauthn:extension:credBlob: true, webauthn:extension:largeBlob: true, webauthn:extension:minPinLength: true, webauthn:extension:prf: true, webauthn:virtualAuthenticators: true}
Session ID: 03012ff9f239659a5e18fce52249299e
*** Element info: {Using=xpath, value=//div[@class='explorer-right-panel']//div[@class='explorer-data-grid']//span[text()='Feedback Admin Report']}
[ERROR][05-Jan-2024 16:44:47 PM] Selenium_Wrapper.doubleClick:(273) - org.openqa.selenium.NoSuchElementException: no such element: Unable to locate element: {"method":"xpath","selector":"//div[@class='explorer-right-panel']//div[@class='explorer-data-grid']//span[text()='Feedback Admin Report']"}
  (Session info: chrome=120.0.6099.199)
For documentation on this error, please visit: https://www.seleniumhq.org/exceptions/no_such_element.html
Build info: version: '3.141.59', revision: 'e82be7d358', time: '2018-11-14T08:17:03'
System info: host: 'CAF-QA-SWAMYK', ip: '192.168.0.4', os.name: 'Windows 10', os.arch: 'amd64', os.version: '10.0', java.version: '17.0.5'
Driver info: org.openqa.selenium.chrome.ChromeDriver
Capabilities {acceptInsecureCerts: false, browserName: chrome, browserVersion: 120.0.6099.199, chrome: {chromedriverVersion: 119.0.6045.105 (38c72552c5e..., userDataDir: C:\Users\swamyk\AppData\Loc...}, fedcm:accounts: true, goog:chromeOptions: {debuggerAddress: localhost:65322}, javascriptEnabled: true, networkConnectionEnabled: false, pageLoadStrategy: normal, platform: WINDOWS, platformName: WINDOWS, proxy: Proxy(), setWindowRect: true, strictFileInteractability: false, timeouts: {implicit: 0, pageLoad: 300000, script: 30000}, unhandledPromptBehavior: dismiss and notify, webauthn:extension:credBlob: true, webauthn:extension:largeBlob: true, webauthn:extension:minPinLength: true, webauthn:extension:prf: true, webauthn:virtualAuthenticators: true}
Session ID: 03012ff9f239659a5e18fce52249299e
*** Element info: {Using=xpath, value=//div[@class='explorer-right-panel']//div[@class='explorer-data-grid']//span[text()='Feedback Admin Report']}
[ERROR][05-Jan-2024 16:44:47 PM] FeedbackAdmin.testSelectingandGivingAsnwerstoReportFlow:(184) - Selecting and Giving Asnwers to Report- un-successfull
[INFO ][05-Jan-2024 16:45:02 PM] Selenium_Wrapper.click:(199) - Clicking on :[[ChromeDriver: chrome on WINDOWS (03012ff9f239659a5e18fce52249299e)] -> xpath: //body//oj-avatar[@initials='[[userMenuLabel]]']]
[INFO ][05-Jan-2024 16:45:09 PM] Selenium_Wrapper.click:(199) - Clicking on :[[ChromeDriver: chrome on WINDOWS (03012ff9f239659a5e18fce52249299e)] -> xpath: //a//span[text()='Sign Out']]
[INFO ][05-Jan-2024 16:45:21 PM] Selenium_Wrapper.click:(199) - Clicking on :[[ChromeDriver: chrome on WINDOWS (03012ff9f239659a5e18fce52249299e)] -> xpath: //a[text()='Click here']]
[INFO ][05-Jan-2024 16:45:24 PM] Selenium_Wrapper.closeCurrentBrowser:(651) - Closing the current Browser
