[INFO ][23-May-2023 16:46:11 PM] Selenium_Wrapper.openBrowser:(48) - Opening chrome browser.
[INFO ][23-May-2023 16:46:17 PM] Selenium_Wrapper.enterURL:(82) - Entering url :https://macu1--tst1.custhelp.com/app/home
[INFO ][23-May-2023 16:46:21 PM] Selenium_Wrapper.enterText:(311) - Entering Text :swamyk in WebElement :[[ChromeDriver: chrome on WINDOWS (400d944d79166647aef094a2a365f64d)] -> id: rn_LoginForm_2_Username]
[INFO ][23-May-2023 16:46:22 PM] Selenium_Wrapper.enterText:(311) - Entering Text :Soft@123 in WebElement :[[ChromeDriver: chrome on WINDOWS (400d944d79166647aef094a2a365f64d)] -> id: rn_LoginForm_2_Password]
[INFO ][23-May-2023 16:46:30 PM] Selenium_Wrapper.click:(199) - Clicking on :[[ChromeDriver: chrome on WINDOWS (400d944d79166647aef094a2a365f64d)] -> id: rn_LoginForm_2_Submit]
[INFO ][23-May-2023 16:46:39 PM] Selenium_Wrapper.click:(199) - Clicking on :[[ChromeDriver: chrome on WINDOWS (400d944d79166647aef094a2a365f64d)] -> xpath: //input[@type='search']]
[INFO ][23-May-2023 16:46:40 PM] Selenium_Wrapper.enterText:(311) - Entering Text :Business Auto Loan in WebElement :[[ChromeDriver: chrome on WINDOWS (400d944d79166647aef094a2a365f64d)] -> xpath: //input[@type='search']]
[INFO ][23-May-2023 16:46:55 PM] Selenium_Wrapper.click:(199) - Clicking on :[[ChromeDriver: chrome on WINDOWS (400d944d79166647aef094a2a365f64d)] -> xpath: (//div[@class='yui3-aclist-content']//li//li)[1]]
[INFO ][23-May-2023 16:47:03 PM] Selenium_Wrapper.click:(199) - Clicking on :[[ChromeDriver: chrome on WINDOWS (400d944d79166647aef094a2a365f64d)] -> xpath: (//div[@class='rn_SearchResultContent']//a)[1]]
[INFO ][23-May-2023 16:47:25 PM] Selenium_Wrapper.click:(199) - Clicking on :[[ChromeDriver: chrome on WINDOWS (400d944d79166647aef094a2a365f64d)] -> xpath: //div[@class='main_image_div']//div[@class='thumbs_up_down'][2]]
[INFO ][23-May-2023 16:47:36 PM] Selenium_Wrapper.click:(199) - Clicking on :[[ChromeDriver: chrome on WINDOWS (400d944d79166647aef094a2a365f64d)] -> xpath: //textarea[@class='rn_DocumentTextArea']]
[INFO ][23-May-2023 16:47:38 PM] Selenium_Wrapper.enterText:(311) - Entering Text :Flexible Work - ThumbDown Comments in WebElement :[[ChromeDriver: chrome on WINDOWS (400d944d79166647aef094a2a365f64d)] -> xpath: //textarea[@class='rn_DocumentTextArea']]
[INFO ][23-May-2023 16:47:43 PM] Selenium_Wrapper.click:(199) - Clicking on :[[ChromeDriver: chrome on WINDOWS (400d944d79166647aef094a2a365f64d)] -> xpath: //button[text()='SUBMIT']]
[INFO ][23-May-2023 16:47:49 PM] Selenium_Wrapper.click:(199) - Clicking on :[[ChromeDriver: chrome on WINDOWS (400d944d79166647aef094a2a365f64d)] -> xpath: //button[@class='yui3-button yui3-button-close']]
[INFO ][23-May-2023 16:47:56 PM] Selenium_Wrapper.click:(199) - Clicking on :[[ChromeDriver: chrome on WINDOWS (400d944d79166647aef094a2a365f64d)] -> xpath: //div[@class='dropdown']]
[INFO ][23-May-2023 16:48:06 PM] Selenium_Wrapper.click:(199) - Clicking on :[[ChromeDriver: chrome on WINDOWS (400d944d79166647aef094a2a365f64d)] -> xpath: //a[text()='My Feedback']]
[INFO ][23-May-2023 16:48:34 PM] Selenium_Wrapper.click:(199) - Clicking on :[[ChromeDriver: chrome on WINDOWS (400d944d79166647aef094a2a365f64d)] -> xpath: ((//table//tbody)[2]//a)[1]]
[INFO ][23-May-2023 16:49:08 PM] Selenium_Wrapper.click:(199) - Clicking on :[[ChromeDriver: chrome on WINDOWS (400d944d79166647aef094a2a365f64d)] -> class name: knowledge]
[INFO ][23-May-2023 16:49:11 PM] Selenium_Wrapper.closeCurrentBrowser:(651) - Closing the current Browser
[INFO ][23-May-2023 16:49:12 PM] Selenium_Wrapper.openBrowser:(48) - Opening chrome browser.
[INFO ][23-May-2023 16:49:21 PM] Selenium_Wrapper.enterURL:(82) - Entering url :https://macu1--tst1.custhelp.com/AgentWeb/
[INFO ][23-May-2023 16:49:25 PM] Selenium_Wrapper.enterText:(311) - Entering Text :automation_testing in WebElement :[[ChromeDriver: chrome on WINDOWS (c2a81be52b6881067471accf4dea8673)] -> id: username]
[INFO ][23-May-2023 16:49:26 PM] Selenium_Wrapper.enterText:(311) - Entering Text :Welcome123 in WebElement :[[ChromeDriver: chrome on WINDOWS (c2a81be52b6881067471accf4dea8673)] -> id: password]
[INFO ][23-May-2023 16:49:42 PM] Selenium_Wrapper.click:(199) - Clicking on :[[ChromeDriver: chrome on WINDOWS (c2a81be52b6881067471accf4dea8673)] -> id: loginbutton]
[ERROR][23-May-2023 16:50:02 PM] AnswerVotingFeedbackReport.testNavigateToAnwserVotingFeedBackReportlow:(118) - Navigate To Anwser Voting FeedBackReport testing un-successfull
[ERROR][23-May-2023 16:50:05 PM] Selenium_Wrapper.highlightWebElement:(417) - org.openqa.selenium.NoSuchElementException: no such element: Unable to locate element: {"method":"xpath","selector":"//div[@class='explorer-right-panel']//div[@class='explorer-data-grid']//span[text()='Feedback Admin Report']"}
  (Session info: chrome=113.0.5672.127)
For documentation on this error, please visit: https://www.seleniumhq.org/exceptions/no_such_element.html
Build info: version: '3.141.59', revision: 'e82be7d358', time: '2018-11-14T08:17:03'
System info: host: 'QA-SWAMYK', ip: '192.168.0.6', os.name: 'Windows 10', os.arch: 'amd64', os.version: '10.0', java.version: '11.0.10'
Driver info: org.openqa.selenium.chrome.ChromeDriver
Capabilities {acceptInsecureCerts: false, browserName: chrome, browserVersion: 113.0.5672.127, chrome: {chromedriverVersion: 113.0.5672.63 (0e1a4471d5ae..., userDataDir: C:\Users\SWAMYK~1\AppData\L...}, goog:chromeOptions: {debuggerAddress: localhost:54464}, javascriptEnabled: true, networkConnectionEnabled: false, pageLoadStrategy: normal, platform: WINDOWS, platformName: WINDOWS, proxy: Proxy(), setWindowRect: true, strictFileInteractability: false, timeouts: {implicit: 0, pageLoad: 300000, script: 30000}, unhandledPromptBehavior: dismiss and notify, webauthn:extension:credBlob: true, webauthn:extension:largeBlob: true, webauthn:extension:minPinLength: true, webauthn:extension:prf: true, webauthn:virtualAuthenticators: true}
Session ID: c2a81be52b6881067471accf4dea8673
*** Element info: {Using=xpath, value=//div[@class='explorer-right-panel']//div[@class='explorer-data-grid']//span[text()='Feedback Admin Report']}
[ERROR][23-May-2023 16:50:05 PM] Selenium_Wrapper.doubleClick:(273) - org.openqa.selenium.NoSuchElementException: no such element: Unable to locate element: {"method":"xpath","selector":"//div[@class='explorer-right-panel']//div[@class='explorer-data-grid']//span[text()='Feedback Admin Report']"}
  (Session info: chrome=113.0.5672.127)
For documentation on this error, please visit: https://www.seleniumhq.org/exceptions/no_such_element.html
Build info: version: '3.141.59', revision: 'e82be7d358', time: '2018-11-14T08:17:03'
System info: host: 'QA-SWAMYK', ip: '192.168.0.6', os.name: 'Windows 10', os.arch: 'amd64', os.version: '10.0', java.version: '11.0.10'
Driver info: org.openqa.selenium.chrome.ChromeDriver
Capabilities {acceptInsecureCerts: false, browserName: chrome, browserVersion: 113.0.5672.127, chrome: {chromedriverVersion: 113.0.5672.63 (0e1a4471d5ae..., userDataDir: C:\Users\SWAMYK~1\AppData\L...}, goog:chromeOptions: {debuggerAddress: localhost:54464}, javascriptEnabled: true, networkConnectionEnabled: false, pageLoadStrategy: normal, platform: WINDOWS, platformName: WINDOWS, proxy: Proxy(), setWindowRect: true, strictFileInteractability: false, timeouts: {implicit: 0, pageLoad: 300000, script: 30000}, unhandledPromptBehavior: dismiss and notify, webauthn:extension:credBlob: true, webauthn:extension:largeBlob: true, webauthn:extension:minPinLength: true, webauthn:extension:prf: true, webauthn:virtualAuthenticators: true}
Session ID: c2a81be52b6881067471accf4dea8673
*** Element info: {Using=xpath, value=//div[@class='explorer-right-panel']//div[@class='explorer-data-grid']//span[text()='Feedback Admin Report']}
[ERROR][23-May-2023 16:50:05 PM] AnswerVotingFeedbackReport.testSelectingandGivingAnswerstoReportFlow:(170) - Selecting and Giving Asnwers to Report  un-successfull
[INFO ][23-May-2023 16:50:14 PM] Selenium_Wrapper.click:(199) - Clicking on :[[ChromeDriver: chrome on WINDOWS (c2a81be52b6881067471accf4dea8673)] -> xpath: //body//oj-avatar[@initials='[[userMenuLabel]]']]
