[INFO ][03-Sep-2022 16:53:13 PM] Selenium_Wrapper.openBrowser:(48) - Opening chrome browser.
[INFO ][03-Sep-2022 16:53:16 PM] Selenium_Wrapper.enterURL:(82) - Entering url :https://macu1--upgrade.custhelp.com/AgentWeb/
[INFO ][03-Sep-2022 16:53:21 PM] Selenium_Wrapper.enterText:(311) - Entering Text :RNT_pramod in WebElement :[[ChromeDriver: chrome on WINDOWS (be2c71568f6b41e4577868493ed0871c)] -> id: username]
[INFO ][03-Sep-2022 16:53:22 PM] Selenium_Wrapper.enterText:(311) - Entering Text :Welcome123 in WebElement :[[ChromeDriver: chrome on WINDOWS (be2c71568f6b41e4577868493ed0871c)] -> id: password]
[INFO ][03-Sep-2022 16:53:56 PM] Selenium_Wrapper.click:(199) - Clicking on :[[ChromeDriver: chrome on WINDOWS (be2c71568f6b41e4577868493ed0871c)] -> id: loginbutton]
[INFO ][03-Sep-2022 16:54:09 PM] Selenium_Wrapper.click:(199) - Clicking on :[[ChromeDriver: chrome on WINDOWS (be2c71568f6b41e4577868493ed0871c)] -> id: navigationSetBtn]
[INFO ][03-Sep-2022 16:54:16 PM] Selenium_Wrapper.click:(199) - Clicking on :[[ChromeDriver: chrome on WINDOWS (be2c71568f6b41e4577868493ed0871c)] -> xpath: //div[@automationid='Configuration']]
[INFO ][03-Sep-2022 16:54:22 PM] Selenium_Wrapper.click:(199) - Clicking on :[[ChromeDriver: chrome on WINDOWS (be2c71568f6b41e4577868493ed0871c)] -> xpath: //div[@automationid='Configuration_Service']]
[INFO ][03-Sep-2022 16:54:27 PM] Selenium_Wrapper.click:(199) - Clicking on :[[ChromeDriver: chrome on WINDOWS (be2c71568f6b41e4577868493ed0871c)] -> xpath: //div[@automationid='Configuration_Service_Knowledge Advanced']]
[INFO ][03-Sep-2022 16:54:32 PM] Selenium_Wrapper.click:(199) - Clicking on :[[ChromeDriver: chrome on WINDOWS (be2c71568f6b41e4577868493ed0871c)] -> xpath: //div[@automationid='Configuration_Service_Knowledge Advanced_Authoring']//span[text()='Authoring']]
[INFO ][03-Sep-2022 16:54:46 PM] Selenium_Wrapper.clickUsingActions:(249) - Clicking on :[[ChromeDriver: chrome on WINDOWS (be2c71568f6b41e4577868493ed0871c)] -> xpath: //div[@class='bodyDivRN']//li[@testidentifier='MainNavBar_Content']//a]
[INFO ][03-Sep-2022 16:55:06 PM] Selenium_Wrapper.click:(199) - Clicking on :[[ChromeDriver: chrome on WINDOWS (be2c71568f6b41e4577868493ed0871c)] -> xpath: //a[@testidentifier='ContentNavBar_Add_Technology'][normalize-space()='Add']]
[INFO ][03-Sep-2022 16:55:15 PM] Selenium_Wrapper.click:(199) - Clicking on :[[ChromeDriver: chrome on WINDOWS (be2c71568f6b41e4577868493ed0871c)] -> xpath: //input[@testidentifier='Content_ContentType_Add_SUMMARY']]
[INFO ][03-Sep-2022 16:55:16 PM] Selenium_Wrapper.enterText:(311) - Entering Text :Test Technology through Automation 3 in WebElement :[[ChromeDriver: chrome on WINDOWS (be2c71568f6b41e4577868493ed0871c)] -> xpath: //input[@testidentifier='Content_ContentType_Add_SUMMARY']]
[INFO ][03-Sep-2022 16:55:22 PM] Selenium_Wrapper.click:(199) - Clicking on :[[ChromeDriver: chrome on WINDOWS (be2c71568f6b41e4577868493ed0871c)] -> xpath: //input[@testidentifier='Content_ContentType_Add_KEYWORD']]
[INFO ][03-Sep-2022 16:55:23 PM] Selenium_Wrapper.enterText:(311) - Entering Text :Automation Technology Test 3 in WebElement :[[ChromeDriver: chrome on WINDOWS (be2c71568f6b41e4577868493ed0871c)] -> xpath: //input[@testidentifier='Content_ContentType_Add_KEYWORD']]
[INFO ][03-Sep-2022 16:55:33 PM] Selenium_Wrapper.click:(199) - Clicking on :[[ChromeDriver: chrome on WINDOWS (be2c71568f6b41e4577868493ed0871c)] -> xpath: (//span[text()='Source'])[5]]
[INFO ][03-Sep-2022 16:55:38 PM] Selenium_Wrapper.click:(199) - Clicking on :[[ChromeDriver: chrome on WINDOWS (be2c71568f6b41e4577868493ed0871c)] -> xpath: //textarea[contains(@title,'Rich Text Editor')]]
[INFO ][03-Sep-2022 16:55:46 PM] Selenium_Wrapper.openBrowser:(48) - Opening chrome browser.
[ERROR][03-Sep-2022 16:56:02 PM] MACU_Wrapper.signIntoCP:(23) - Error in the signin process
[ERROR][03-Sep-2022 16:56:17 PM] CallOuts.testCPCallouts:(125) - Login/SignIn un-successfull
[ERROR][03-Sep-2022 16:56:22 PM] CallOuts.testCloseCallOuts:(136) - Logout/SignOut un-successfull
