[INFO ][27-Jul-2023 16:52:44 pm] Selenium_Wrapper.openBrowser:(48) - Opening chrome browser.
[INFO ][27-Jul-2023 16:52:47 pm] Selenium_Wrapper.enterURL:(82) - Entering url :https://macu1--tst1.custhelp.com/AgentWeb/
[INFO ][27-Jul-2023 16:52:51 pm] Selenium_Wrapper.enterText:(311) - Entering Text :automation_testing in WebElement :[[ChromeDriver: chrome on WINDOWS (41a3f457f0554b4f31fa0ca2ad593e6d)] -> id: username]
[INFO ][27-Jul-2023 16:52:52 pm] Selenium_Wrapper.enterText:(311) - Entering Text :Welcome123 in WebElement :[[ChromeDriver: chrome on WINDOWS (41a3f457f0554b4f31fa0ca2ad593e6d)] -> id: password]
[INFO ][27-Jul-2023 16:53:17 pm] Selenium_Wrapper.click:(199) - Clicking on :[[ChromeDriver: chrome on WINDOWS (41a3f457f0554b4f31fa0ca2ad593e6d)] -> id: loginbutton]
[INFO ][27-Jul-2023 16:53:28 pm] Selenium_Wrapper.click:(199) - Clicking on :[[ChromeDriver: chrome on WINDOWS (41a3f457f0554b4f31fa0ca2ad593e6d)] -> id: navigationSetBtn]
[INFO ][27-Jul-2023 16:53:33 pm] Selenium_Wrapper.click:(199) - Clicking on :[[ChromeDriver: chrome on WINDOWS (41a3f457f0554b4f31fa0ca2ad593e6d)] -> xpath: (//div[text()='Configuration']//a)]
[INFO ][27-Jul-2023 16:53:38 pm] Selenium_Wrapper.click:(199) - Clicking on :[[ChromeDriver: chrome on WINDOWS (41a3f457f0554b4f31fa0ca2ad593e6d)] -> xpath: (//div[text()='Service']//a)]
[INFO ][27-Jul-2023 16:53:43 pm] Selenium_Wrapper.click:(199) - Clicking on :[[ChromeDriver: chrome on WINDOWS (41a3f457f0554b4f31fa0ca2ad593e6d)] -> xpath: (//div[text()='Knowledge Advanced']//a)]
[INFO ][27-Jul-2023 16:53:49 pm] Selenium_Wrapper.click:(199) - Clicking on :[[ChromeDriver: chrome on WINDOWS (41a3f457f0554b4f31fa0ca2ad593e6d)] -> xpath: //span[text()='Authoring']]
[INFO ][27-Jul-2023 16:54:03 pm] Selenium_Wrapper.click:(199) - Clicking on :[[ChromeDriver: chrome on WINDOWS (41a3f457f0554b4f31fa0ca2ad593e6d)] -> xpath: //div[@id='rntab']//ul//li[@testidentifier='MainNavBar_Content']//a]
[INFO ][27-Jul-2023 16:54:21 pm] Selenium_Wrapper.click:(199) - Clicking on :[[ChromeDriver: chrome on WINDOWS (41a3f457f0554b4f31fa0ca2ad593e6d)] -> xpath: //div[text()='Process']//following-sibling::a[@testidentifier='ContentNavBar_Add_Process']]
[INFO ][27-Jul-2023 16:54:25 pm] Selenium_Wrapper.enterText:(311) - Entering Text :TestingArticle in WebElement :[[ChromeDriver: chrome on WINDOWS (41a3f457f0554b4f31fa0ca2ad593e6d)] -> xpath: //input[@testidentifier='Content_ContentType_Add_SUMMARY']]
[INFO ][27-Jul-2023 16:54:28 pm] Selenium_Wrapper.enterText:(311) - Entering Text :Criticals in WebElement :[[ChromeDriver: chrome on WINDOWS (41a3f457f0554b4f31fa0ca2ad593e6d)] -> xpath: //input[@testidentifier='Content_ContentType_Add_KEYWORD']]
[INFO ][27-Jul-2023 16:54:35 pm] Selenium_Wrapper.click:(199) - Clicking on :[[ChromeDriver: chrome on WINDOWS (41a3f457f0554b4f31fa0ca2ad593e6d)] -> xpath: ((//span[@class='cke_bottom cke_reset_all'])[1]//preceding-sibling::*)[2]]
[INFO ][27-Jul-2023 16:54:42 pm] Selenium_Wrapper.enterText:(311) - Entering Text :contentinfo 'Reach out to your immediate supervisor with questions.' in WebElement :[[ChromeDriver: chrome on WINDOWS (41a3f457f0554b4f31fa0ca2ad593e6d)] -> xpath: //body[@class='cke_editable cke_editable_themed cke_contents_ltr cke_show_borders']]
[INFO ][27-Jul-2023 16:54:54 pm] Selenium_Wrapper.click:(199) - Clicking on :[[ChromeDriver: chrome on WINDOWS (41a3f457f0554b4f31fa0ca2ad593e6d)] -> xpath: ((//span[@class='cke_bottom cke_reset_all'])[2]//preceding-sibling::*)[2]]
[INFO ][27-Jul-2023 16:55:01 pm] Selenium_Wrapper.enterText:(311) - Entering Text :COVID-19 Update:  Find additional information on COVID-19 Branch & Service Center Operations\n * Vaccine\n * Similar to the flu shot, we encourage you to take a lunch hour or go after work if you choose to receive the vaccine.\n * You should be able to easily schedule a time to receive a vaccine. * Take PTO if an adverse reaction occurs. * Take PTO if an adverse reaction occurs * First URL of the pageArticle Link * Second URL of the page * Third URL of the page * The few documented cases of a stronger reaction indicate that the affects typically last one to two days. * Have an open conversation with your manager if other accommodations are necessary. * The cost of the vaccine is covered by insurance. * Mask Mandates * As the counties and health departments begin to relax their mask mandates, MACU will address this as follows: * The mask mandate requirement for team members will remain in place for the foreseeable future. * Mask guidance for members will follow State, County and Health department guidelines for those areas. * Personal Protection Equipment (PPE) * Order masks and other PArticle LinkPE by submitting a ServiceNow Facilities ticket. * Items available * Cotopaxi masks ($7 each) * Hand sanitizer * Gloves * Disposable masks * Sanitation wipes * Employee Resources * Mountain America is here for you! Check out these resources: * MACU Desktop Citrix ReceiverWorkspace Step-by-Step Surface Devices Step-by-Step * Microsoft Teams Step-by-Step * Multi-Factor Authentication (MFA) Step-by-Step * Remote Work Agreement * Setting up Your New Laptop * Surface Devices Step-by-Step in WebElement :[[ChromeDriver: chrome on WINDOWS (41a3f457f0554b4f31fa0ca2ad593e6d)] -> xpath: //body[@class='cke_editable cke_editable_themed cke_contents_ltr cke_show_borders']]
[INFO ][27-Jul-2023 16:55:10 pm] Selenium_Wrapper.click:(199) - Clicking on :[[ChromeDriver: chrome on WINDOWS (41a3f457f0554b4f31fa0ca2ad593e6d)] -> xpath: //span[text()='Jump To']]
[INFO ][27-Jul-2023 16:55:17 pm] Selenium_Wrapper.click:(199) - Clicking on :[[ChromeDriver: chrome on WINDOWS (41a3f457f0554b4f31fa0ca2ad593e6d)] -> xpath: (//a[@class='cke_button cke_button__image cke_button_off'])[3]]
[INFO ][27-Jul-2023 16:55:25 pm] Selenium_Wrapper.click:(199) - Clicking on :[[ChromeDriver: chrome on WINDOWS (41a3f457f0554b4f31fa0ca2ad593e6d)] -> xpath: (//span[text()='Browse Server'])[1]]
[INFO ][27-Jul-2023 16:55:45 pm] Selenium_Wrapper.click:(199) - Clicking on :[[ChromeDriver: chrome on WINDOWS (41a3f457f0554b4f31fa0ca2ad593e6d)] -> xpath: //a[text()='MACU_VIEW']]
[INFO ][27-Jul-2023 16:56:04 pm] Selenium_Wrapper.click:(199) - Clicking on :[[ChromeDriver: chrome on WINDOWS (41a3f457f0554b4f31fa0ca2ad593e6d)] -> xpath: //table//span[text()='OK']]
[INFO ][27-Jul-2023 16:56:19 pm] Selenium_Wrapper.click:(199) - Clicking on :[[ChromeDriver: chrome on WINDOWS (41a3f457f0554b4f31fa0ca2ad593e6d)] -> xpath: (//span[@class='cke_button_icon cke_button__addarticlelink_icon'])[4]]
[INFO ][27-Jul-2023 16:56:25 pm] Selenium_Wrapper.enterText:(311) - Entering Text :1000124 in WebElement :[[ChromeDriver: chrome on WINDOWS (41a3f457f0554b4f31fa0ca2ad593e6d)] -> xpath: (//div[text()='Article Link']//following::input)[3]]
[INFO ][27-Jul-2023 16:56:26 pm] Selenium_Wrapper.enterText:(311) - Entering Text :Article Link in WebElement :[[ChromeDriver: chrome on WINDOWS (41a3f457f0554b4f31fa0ca2ad593e6d)] -> xpath: (//div[text()='Article Link']//following::input)[5]]
[INFO ][27-Jul-2023 16:56:31 pm] Selenium_Wrapper.click:(199) - Clicking on :[[ChromeDriver: chrome on WINDOWS (41a3f457f0554b4f31fa0ca2ad593e6d)] -> xpath: (//div[@class='cke_dialog_body']//span[text()='OK'])[2]]
[INFO ][27-Jul-2023 16:56:39 pm] Selenium_Wrapper.click:(199) - Clicking on :[[ChromeDriver: chrome on WINDOWS (41a3f457f0554b4f31fa0ca2ad593e6d)] -> xpath: ((//span[@class='cke_bottom cke_reset_all'])[5]//preceding-sibling::*)[2]]
[INFO ][27-Jul-2023 16:56:44 pm] Selenium_Wrapper.enterText:(311) - Entering Text :BasicInfo - Remote Work * -Use the following resources when connecting to work applications remotely in WebElement :[[ChromeDriver: chrome on WINDOWS (41a3f457f0554b4f31fa0ca2ad593e6d)] -> xpath: //body[@class='cke_editable cke_editable_themed cke_contents_ltr cke_show_borders']]
[INFO ][27-Jul-2023 16:56:55 pm] Selenium_Wrapper.click:(199) - Clicking on :[[ChromeDriver: chrome on WINDOWS (41a3f457f0554b4f31fa0ca2ad593e6d)] -> xpath: ((//span[@class='cke_bottom cke_reset_all'])[6]//preceding-sibling::*)[2]]
[INFO ][27-Jul-2023 16:57:01 pm] Selenium_Wrapper.enterText:(311) - Entering Text :BasicContactInfo -Remote Work * -Use the following resources when connecting to work applications remotely * -Cisco Finesse Step-by-Step * -Cisco Jabber Step-by-Step * -Electronic Communication and Information Basic Info * -Extend Surface Device Battery Life Step-by-Step * -MACU Desktop Citrix ReceiverWorkspace Step-by-Step Surface Devices Step-by-Step * -Microsoft Teams Step-by-Step * -Multi-Factor Authentication (MFA) Step-by-Step * -Remote Work Agreement * -Setting up Your New Laptop * -Surface Devices Step-by-Step in WebElement :[[ChromeDriver: chrome on WINDOWS (41a3f457f0554b4f31fa0ca2ad593e6d)] -> xpath: //body[@class='cke_editable cke_editable_themed cke_contents_ltr cke_show_borders']]
[INFO ][27-Jul-2023 16:57:12 pm] Selenium_Wrapper.click:(199) - Clicking on :[[ChromeDriver: chrome on WINDOWS (41a3f457f0554b4f31fa0ca2ad593e6d)] -> xpath: ((//span[@class='cke_bottom cke_reset_all'])[7]//preceding-sibling::*)[2]]
[INFO ][27-Jul-2023 16:57:18 pm] Selenium_Wrapper.enterText:(311) - Entering Text :Steps- Employee Resources in WebElement :[[ChromeDriver: chrome on WINDOWS (41a3f457f0554b4f31fa0ca2ad593e6d)] -> xpath: //body[@class='cke_editable cke_editable_themed cke_contents_ltr cke_show_borders']]
[INFO ][27-Jul-2023 16:57:29 pm] Selenium_Wrapper.click:(199) - Clicking on :[[ChromeDriver: chrome on WINDOWS (41a3f457f0554b4f31fa0ca2ad593e6d)] -> xpath: ((//span[@class='cke_bottom cke_reset_all'])[8]//preceding-sibling::*)[2]]
[INFO ][27-Jul-2023 16:57:35 pm] Selenium_Wrapper.enterText:(311) - Entering Text :StepsContactInfo - Mountain America is here for you! Check out these resources: * Report COVID-19 in the Workplace * Contact Tracing for COVID-19 * COVID-19 Pay Options * Corporate FSR * Employee Assistance Program (EAP) * Employee Loans * Infectious Disease * MACU Facility Standards * Mountain America Center Meetings & Events * Medical Leave of Absence * Personal Time Off (PTO) * Tanner Meetings & Events * Thrive Clinic * The CareATC Patient Access Center is currently performing all appointment scheduling activities. Our clinics are not currently accepting walk-in or self-scheduled patients. To schedule an appointment, contact the clinic 800-993-8244. * Thrive Fitness Centers * Travel Pay *Traveling Branch Employees in WebElement :[[ChromeDriver: chrome on WINDOWS (41a3f457f0554b4f31fa0ca2ad593e6d)] -> xpath: //body[@class='cke_editable cke_editable_themed cke_contents_ltr cke_show_borders']]
[INFO ][27-Jul-2023 16:57:44 pm] Selenium_Wrapper.click:(199) - Clicking on :[[ChromeDriver: chrome on WINDOWS (41a3f457f0554b4f31fa0ca2ad593e6d)] -> xpath: ((//span[@class='cke_bottom cke_reset_all'])[9]//preceding-sibling::*)[2]]
[INFO ][27-Jul-2023 16:57:49 pm] Selenium_Wrapper.enterText:(311) - Entering Text :Forms_Resources - Mask Mandates in WebElement :[[ChromeDriver: chrome on WINDOWS (41a3f457f0554b4f31fa0ca2ad593e6d)] -> xpath: //body[@class='cke_editable cke_editable_themed cke_contents_ltr cke_show_borders']]
[INFO ][27-Jul-2023 16:57:59 pm] Selenium_Wrapper.click:(199) - Clicking on :[[ChromeDriver: chrome on WINDOWS (41a3f457f0554b4f31fa0ca2ad593e6d)] -> xpath: ((//span[@class='cke_bottom cke_reset_all'])[10]//preceding-sibling::*)[2]]
[INFO ][27-Jul-2023 16:58:06 pm] Selenium_Wrapper.enterText:(311) - Entering Text :Forms_Resources_Content- As the counties and health departments begin to relax their mask mandates, MACU will address this as follows: * The mask mandate requirement for team members will remain in place for the foreseeable future. * Mask guidance for members will follow State, County and Health department guidelines for those areas. in WebElement :[[ChromeDriver: chrome on WINDOWS (41a3f457f0554b4f31fa0ca2ad593e6d)] -> xpath: //body[@class='cke_editable cke_editable_themed cke_contents_ltr cke_show_borders']]
[INFO ][27-Jul-2023 16:58:16 pm] Selenium_Wrapper.click:(199) - Clicking on :[[ChromeDriver: chrome on WINDOWS (41a3f457f0554b4f31fa0ca2ad593e6d)] -> xpath: ((//span[@class='cke_bottom cke_reset_all'])[11]//preceding-sibling::*)[2]]
[INFO ][27-Jul-2023 16:58:21 pm] Selenium_Wrapper.enterText:(311) - Entering Text :SalesConnections-Sales Connections in WebElement :[[ChromeDriver: chrome on WINDOWS (41a3f457f0554b4f31fa0ca2ad593e6d)] -> xpath: //body[@class='cke_editable cke_editable_themed cke_contents_ltr cke_show_borders']]
[INFO ][27-Jul-2023 16:58:32 pm] Selenium_Wrapper.click:(199) - Clicking on :[[ChromeDriver: chrome on WINDOWS (41a3f457f0554b4f31fa0ca2ad593e6d)] -> xpath: //span[text()='Teams']//following::select//option[text()='Accounting & Finance']]
[INFO ][27-Jul-2023 16:58:37 pm] Selenium_Wrapper.click:(199) - Clicking on :[[ChromeDriver: chrome on WINDOWS (41a3f457f0554b4f31fa0ca2ad593e6d)] -> xpath: //span[text()='Compliance']//preceding-sibling::input]
[INFO ][27-Jul-2023 16:58:43 pm] Selenium_Wrapper.click:(199) - Clicking on :[[ChromeDriver: chrome on WINDOWS (41a3f457f0554b4f31fa0ca2ad593e6d)] -> xpath: //span[text()='No ']//preceding-sibling::input]
[INFO ][27-Jul-2023 16:58:48 pm] Selenium_Wrapper.click:(199) - Clicking on :[[ChromeDriver: chrome on WINDOWS (41a3f457f0554b4f31fa0ca2ad593e6d)] -> xpath: ((//span[@class='cke_bottom cke_reset_all'])[12]//preceding-sibling::*)[2]]
[INFO ][27-Jul-2023 16:58:53 pm] Selenium_Wrapper.enterText:(311) - Entering Text :SalesConnectionsContent- As the counties and health departments begin to relax their mask mandates, MACU will address this as follows: * The mask mandate requirement for team members will remain in place for the foreseeable future. * Mask guidance for members will follow State, County and Health department guidelines for those areas. in WebElement :[[ChromeDriver: chrome on WINDOWS (41a3f457f0554b4f31fa0ca2ad593e6d)] -> xpath: //body[@class='cke_editable cke_editable_themed cke_contents_ltr cke_show_borders']]
[INFO ][27-Jul-2023 16:59:03 pm] Selenium_Wrapper.click:(199) - Clicking on :[[ChromeDriver: chrome on WINDOWS (41a3f457f0554b4f31fa0ca2ad593e6d)] -> xpath: //span[text()='Major Change']//preceding-sibling::input]
[INFO ][27-Jul-2023 16:59:08 pm] Selenium_Wrapper.click:(199) - Clicking on :[[ChromeDriver: chrome on WINDOWS (41a3f457f0554b4f31fa0ca2ad593e6d)] -> xpath: //span[text()='Corporate/Branch/Service Center']//following::select//option[text()='Service Center']]
[INFO ][27-Jul-2023 16:59:13 pm] Selenium_Wrapper.click:(199) - Clicking on :[[ChromeDriver: chrome on WINDOWS (41a3f457f0554b4f31fa0ca2ad593e6d)] -> xpath: //span[text()='Department']//following::select//option[text()='0004 SEG Development Team']]
[INFO ][27-Jul-2023 16:59:18 pm] Selenium_Wrapper.click:(199) - Clicking on :[[ChromeDriver: chrome on WINDOWS (41a3f457f0554b4f31fa0ca2ad593e6d)] -> xpath: //span[text()='Manager Level']//following::select//option[text()='Assistant Manager']]
[INFO ][27-Jul-2023 16:59:23 pm] Selenium_Wrapper.click:(199) - Clicking on :[[ChromeDriver: chrome on WINDOWS (41a3f457f0554b4f31fa0ca2ad593e6d)] -> xpath: //span[contains(text(),'time with')]//following::select//option[contains(text(),'1 Month ')]]
[INFO ][27-Jul-2023 16:59:28 pm] Selenium_Wrapper.click:(199) - Clicking on :[[ChromeDriver: chrome on WINDOWS (41a3f457f0554b4f31fa0ca2ad593e6d)] -> xpath: //span[contains(text(),'Branch Name')]//following::select//option[contains(text(),'Albuquerque - Golf Course Road Branch')]]
[INFO ][27-Jul-2023 16:59:33 pm] Selenium_Wrapper.click:(199) - Clicking on :[[ChromeDriver: chrome on WINDOWS (41a3f457f0554b4f31fa0ca2ad593e6d)] -> xpath: //span[contains(text(),'Branch Area')]//following::select//option[contains(text(),'Teton')]]
[INFO ][27-Jul-2023 16:59:39 pm] Selenium_Wrapper.click:(199) - Clicking on :[[ChromeDriver: chrome on WINDOWS (41a3f457f0554b4f31fa0ca2ad593e6d)] -> xpath: (//span[contains(text(),'Primary Tag')]//following::select//option[contains(text(),'AAA')])[1]]
[INFO ][27-Jul-2023 16:59:44 pm] Selenium_Wrapper.click:(199) - Clicking on :[[ChromeDriver: chrome on WINDOWS (41a3f457f0554b4f31fa0ca2ad593e6d)] -> xpath: (//span[contains(text(),'Primary Tag')]//following::select//option[contains(text(),'AAA')])[4]]
[INFO ][27-Jul-2023 16:59:49 pm] Selenium_Wrapper.click:(199) - Clicking on :[[ChromeDriver: chrome on WINDOWS (41a3f457f0554b4f31fa0ca2ad593e6d)] -> xpath: (//span[contains(text(),'Primary Tag')]//following::select//option[contains(text(),'AAA')])[6]]
[ERROR][27-Jul-2023 16:59:54 pm] CreateNewArticleFlow.testCreateArticleFlow:(305) - Create Article  un-successfull
[ERROR][27-Jul-2023 17:00:00 pm] CreateNewArticleFlow.testPublishArticleFlow:(358) - Publish Article un-successfull
[INFO ][27-Jul-2023 17:00:01 pm] Selenium_Wrapper.openBrowser:(48) - Opening chrome browser.
[INFO ][27-Jul-2023 17:00:08 pm] Selenium_Wrapper.enterURL:(82) - Entering url :https://macu1--tst1.custhelp.com/app/home
[ERROR][27-Jul-2023 17:00:12 pm] MACU_Wrapper.signIntoCP:(23) - Error in the signin process
[ERROR][27-Jul-2023 17:00:18 pm] CreateNewArticleFlow.testSearchanArticle:(376) - Search an Article in CP is un-successfull
[ERROR][27-Jul-2023 17:00:21 pm] CreateNewArticleFlow.testCPClose:(387) - Logout/SignOut un-successfull
