[INFO ][03-Jul-2024 17:07:05 PM] Selenium_Wrapper.openBrowser:(54) - Opening chrome browser.
[INFO ][03-Jul-2024 17:07:13 PM] Selenium_Wrapper.enterURL:(88) - Entering url :https://macu1--tst1.custhelp.com/app/home
[INFO ][03-Jul-2024 17:07:17 PM] Selenium_Wrapper.enterText:(317) - Entering Text :swamyk in WebElement :[[ChromeDriver: chrome on WINDOWS (3aa07c8964b4d34b01b7d3510e7ebbdf)] -> id: rn_LoginForm_2_Username]
[INFO ][03-Jul-2024 17:07:18 PM] Selenium_Wrapper.enterText:(317) - Entering Text :Soft@123 in WebElement :[[ChromeDriver: chrome on WINDOWS (3aa07c8964b4d34b01b7d3510e7ebbdf)] -> id: rn_LoginForm_2_Password]
[INFO ][03-Jul-2024 17:07:23 PM] Selenium_Wrapper.click:(205) - Clicking on :[[ChromeDriver: chrome on WINDOWS (3aa07c8964b4d34b01b7d3510e7ebbdf)] -> id: rn_LoginForm_2_Submit]
[INFO ][03-Jul-2024 17:07:32 PM] Selenium_Wrapper.click:(205) - Clicking on :[[ChromeDriver: chrome on WINDOWS (3aa07c8964b4d34b01b7d3510e7ebbdf)] -> xpath: //input[@type='search']]
[INFO ][03-Jul-2024 17:07:34 PM] Selenium_Wrapper.enterText:(317) - Entering Text :Business Use Auto Loan in WebElement :[[ChromeDriver: chrome on WINDOWS (3aa07c8964b4d34b01b7d3510e7ebbdf)] -> xpath: //input[@type='search']]
[INFO ][03-Jul-2024 17:07:45 PM] Selenium_Wrapper.click:(205) - Clicking on :[[ChromeDriver: chrome on WINDOWS (3aa07c8964b4d34b01b7d3510e7ebbdf)] -> xpath: (//div[@class='yui3-aclist-content']//li//li)[1]]
[INFO ][03-Jul-2024 17:07:49 PM] Selenium_Wrapper.click:(205) - Clicking on :[[ChromeDriver: chrome on WINDOWS (3aa07c8964b4d34b01b7d3510e7ebbdf)] -> xpath: (//div[@class='rn_SearchResultContent']//a)[1]]
[INFO ][03-Jul-2024 17:07:58 PM] Selenium_Wrapper.click:(205) - Clicking on :[[ChromeDriver: chrome on WINDOWS (3aa07c8964b4d34b01b7d3510e7ebbdf)] -> xpath: //div[@class='main_image_div']//div[@class='thumbs_up_down'][2]]
[INFO ][03-Jul-2024 17:08:08 PM] Selenium_Wrapper.click:(205) - Clicking on :[[ChromeDriver: chrome on WINDOWS (3aa07c8964b4d34b01b7d3510e7ebbdf)] -> xpath: //textarea[@class='rn_DocumentTextArea']]
[INFO ][03-Jul-2024 17:08:11 PM] Selenium_Wrapper.enterText:(317) - Entering Text :Flexible Work - ThumbDown Comments in WebElement :[[ChromeDriver: chrome on WINDOWS (3aa07c8964b4d34b01b7d3510e7ebbdf)] -> xpath: //textarea[@class='rn_DocumentTextArea']]
[INFO ][03-Jul-2024 17:08:14 PM] Selenium_Wrapper.click:(205) - Clicking on :[[ChromeDriver: chrome on WINDOWS (3aa07c8964b4d34b01b7d3510e7ebbdf)] -> xpath: //div[@class='rn_DocumentCommentDiv']//button[@type='submit']]
[INFO ][03-Jul-2024 17:08:16 PM] Selenium_Wrapper.click:(205) - Clicking on :[[ChromeDriver: chrome on WINDOWS (3aa07c8964b4d34b01b7d3510e7ebbdf)] -> xpath: //button[@class='yui3-button yui3-button-close']]
[INFO ][03-Jul-2024 17:08:20 PM] Selenium_Wrapper.click:(205) - Clicking on :[[ChromeDriver: chrome on WINDOWS (3aa07c8964b4d34b01b7d3510e7ebbdf)] -> xpath: //div[@class='dropdown']]
[INFO ][03-Jul-2024 17:08:26 PM] Selenium_Wrapper.click:(205) - Clicking on :[[ChromeDriver: chrome on WINDOWS (3aa07c8964b4d34b01b7d3510e7ebbdf)] -> xpath: //a[text()='My Feedback']]
[INFO ][03-Jul-2024 17:08:49 PM] Selenium_Wrapper.click:(205) - Clicking on :[[ChromeDriver: chrome on WINDOWS (3aa07c8964b4d34b01b7d3510e7ebbdf)] -> xpath: ((//table//tbody)[2]//a)[1]]
[INFO ][03-Jul-2024 17:09:18 PM] Selenium_Wrapper.click:(205) - Clicking on :[[ChromeDriver: chrome on WINDOWS (3aa07c8964b4d34b01b7d3510e7ebbdf)] -> class name: knowledge]
[INFO ][03-Jul-2024 17:09:20 PM] Selenium_Wrapper.closeCurrentBrowser:(657) - Closing the current Browser
[INFO ][03-Jul-2024 17:09:21 PM] Selenium_Wrapper.openBrowser:(54) - Opening chrome browser.
[INFO ][03-Jul-2024 17:09:25 PM] Selenium_Wrapper.enterURL:(88) - Entering url :https://macu1--tst1.custhelp.com/AgentWeb/
[INFO ][03-Jul-2024 17:09:30 PM] Selenium_Wrapper.enterText:(317) - Entering Text :automation_testing in WebElement :[[ChromeDriver: chrome on WINDOWS (ee729e22137981407cb1ccde2cf81a98)] -> id: username]
[INFO ][03-Jul-2024 17:09:31 PM] Selenium_Wrapper.enterText:(317) - Entering Text :Welcome123 in WebElement :[[ChromeDriver: chrome on WINDOWS (ee729e22137981407cb1ccde2cf81a98)] -> id: password]
[INFO ][03-Jul-2024 17:11:09 PM] Selenium_Wrapper.click:(205) - Clicking on :[[ChromeDriver: chrome on WINDOWS (ee729e22137981407cb1ccde2cf81a98)] -> id: loginbutton]
[INFO ][03-Jul-2024 17:11:46 PM] Selenium_Wrapper.click:(205) - Clicking on :[[ChromeDriver: chrome on WINDOWS (ee729e22137981407cb1ccde2cf81a98)] -> xpath: //oj-button[@id='navigationSetBtn']]
[INFO ][03-Jul-2024 17:11:55 PM] Selenium_Wrapper.click:(205) - Clicking on :[[ChromeDriver: chrome on WINDOWS (ee729e22137981407cb1ccde2cf81a98)] -> xpath: //div[text()='Analytics']]
[INFO ][03-Jul-2024 17:12:03 PM] Selenium_Wrapper.click:(205) - Clicking on :[[ChromeDriver: chrome on WINDOWS (ee729e22137981407cb1ccde2cf81a98)] -> xpath: //span[text()='Reports Explorer']]
[INFO ][03-Jul-2024 17:12:11 PM] Selenium_Wrapper.click:(205) - Clicking on :[[ChromeDriver: chrome on WINDOWS (ee729e22137981407cb1ccde2cf81a98)] -> xpath: //div[text()='Public Reports']]
[INFO ][03-Jul-2024 17:12:20 PM] Selenium_Wrapper.click:(205) - Clicking on :[[ChromeDriver: chrome on WINDOWS (ee729e22137981407cb1ccde2cf81a98)] -> xpath: //div[text()='MACU CUSTOM REPORTS']]
[INFO ][03-Jul-2024 17:12:28 PM] Selenium_Wrapper.click:(205) - Clicking on :[[ChromeDriver: chrome on WINDOWS (ee729e22137981407cb1ccde2cf81a98)] -> xpath: //div[text()='SoftClouds']]
[INFO ][03-Jul-2024 17:12:36 PM] Selenium_Wrapper.click:(205) - Clicking on :[[ChromeDriver: chrome on WINDOWS (ee729e22137981407cb1ccde2cf81a98)] -> xpath: //div[text()='OKCS']]
[INFO ][03-Jul-2024 17:12:49 PM] Selenium_Wrapper.doubleClick:(286) - Double clicking on :[[ChromeDriver: chrome on WINDOWS (ee729e22137981407cb1ccde2cf81a98)] -> xpath: //div[@class='explorer-right-panel']//div[@class='explorer-data-grid']//span[text()='Feedback Admin Report']]
[INFO ][03-Jul-2024 17:13:02 PM] Selenium_Wrapper.click:(205) - Clicking on :[[ChromeDriver: chrome on WINDOWS (ee729e22137981407cb1ccde2cf81a98)] -> xpath: //div[@class='container wsx-flex']//div[@class='analyticsTopSection']//div[@class='select-box-root select-box-display-text-active']]
[INFO ][03-Jul-2024 17:13:05 PM] Selenium_Wrapper.click:(205) - Clicking on :[[ChromeDriver: chrome on WINDOWS (ee729e22137981407cb1ccde2cf81a98)] -> xpath: (//span[text()='Search'])[2]]
[INFO ][03-Jul-2024 17:13:14 PM] Selenium_Wrapper.doubleClick:(286) - Double clicking on :[[ChromeDriver: chrome on WINDOWS (ee729e22137981407cb1ccde2cf81a98)] -> xpath: //div[@class='container wsx-flex']//div[contains(@column-id,'2')][1]]
[INFO ][03-Jul-2024 17:13:28 PM] Selenium_Wrapper.click:(205) - Clicking on :[[ChromeDriver: chrome on WINDOWS (ee729e22137981407cb1ccde2cf81a98)] -> xpath: //span[text()='Messages']]
[INFO ][03-Jul-2024 17:13:40 PM] Selenium_Wrapper.click:(205) - Clicking on :[[ChromeDriver: chrome on WINDOWS (ee729e22137981407cb1ccde2cf81a98)] -> xpath: //a[@class='cke_notification_close']]
[INFO ][03-Jul-2024 17:13:42 PM] Selenium_Wrapper.click:(205) - Clicking on :[[ChromeDriver: chrome on WINDOWS (ee729e22137981407cb1ccde2cf81a98)] -> xpath: //div[contains(@class,'cke_wysiwyg_div ')]]
[INFO ][03-Jul-2024 17:13:46 PM] Selenium_Wrapper.enterText:(317) - Entering Text :It is working as per Expected in WebElement :[[ChromeDriver: chrome on WINDOWS (ee729e22137981407cb1ccde2cf81a98)] -> xpath: //div[contains(@class,'cke_wysiwyg_div ')]]
[INFO ][03-Jul-2024 17:13:52 PM] Selenium_Wrapper.click:(205) - Clicking on :[[ChromeDriver: chrome on WINDOWS (ee729e22137981407cb1ccde2cf81a98)] -> xpath: //div[@class='ws-toolbar-button-image bui-icon save-icon fa-lg']]
[INFO ][03-Jul-2024 17:13:57 PM] Selenium_Wrapper.click:(205) - Clicking on :[[ChromeDriver: chrome on WINDOWS (ee729e22137981407cb1ccde2cf81a98)] -> xpath: //span[text()='Summary']]
[INFO ][03-Jul-2024 17:14:04 PM] Selenium_Wrapper.clickUsingActions:(255) - Clicking on :[[ChromeDriver: chrome on WINDOWS (ee729e22137981407cb1ccde2cf81a98)] -> xpath: //div[contains(@id,'Incident_Status')][@class='display-text']]
[INFO ][03-Jul-2024 17:14:09 PM] Selenium_Wrapper.click:(205) - Clicking on :[[ChromeDriver: chrome on WINDOWS (ee729e22137981407cb1ccde2cf81a98)] -> xpath: (//div[@title='Solved'])[1]]
[INFO ][03-Jul-2024 17:14:13 PM] Selenium_Wrapper.click:(205) - Clicking on :[[ChromeDriver: chrome on WINDOWS (ee729e22137981407cb1ccde2cf81a98)] -> xpath: //div[@class='ws-toolbar-button-image bui-icon save-icon fa-lg']]
[INFO ][03-Jul-2024 17:14:19 PM] Selenium_Wrapper.click:(205) - Clicking on :[[ChromeDriver: chrome on WINDOWS (ee729e22137981407cb1ccde2cf81a98)] -> xpath: (//a[@class='closeButton'])[3]]
[INFO ][03-Jul-2024 17:14:24 PM] Selenium_Wrapper.click:(205) - Clicking on :[[ChromeDriver: chrome on WINDOWS (ee729e22137981407cb1ccde2cf81a98)] -> xpath: (//a[@class='closeButton'])[2]]
[INFO ][03-Jul-2024 17:14:28 PM] Selenium_Wrapper.click:(205) - Clicking on :[[ChromeDriver: chrome on WINDOWS (ee729e22137981407cb1ccde2cf81a98)] -> xpath: (//a[@class='closeButton'])[1]]
[INFO ][03-Jul-2024 17:14:35 PM] Selenium_Wrapper.click:(205) - Clicking on :[[ChromeDriver: chrome on WINDOWS (ee729e22137981407cb1ccde2cf81a98)] -> xpath: //body//oj-avatar[@initials='[[userMenuLabel]]']]
[INFO ][03-Jul-2024 17:14:40 PM] Selenium_Wrapper.click:(205) - Clicking on :[[ChromeDriver: chrome on WINDOWS (ee729e22137981407cb1ccde2cf81a98)] -> xpath: //a//span[text()='Sign Out']]
[INFO ][03-Jul-2024 17:14:45 PM] Selenium_Wrapper.closeCurrentBrowser:(657) - Closing the current Browser
