[INFO ][16-Nov-2021 17:11:25 pm] Selenium_Wrapper.openBrowser:(48) - Opening chrome browser.
[INFO ][16-Nov-2021 17:11:31 pm] Selenium_Wrapper.enterURL:(82) - Entering url :https://macu1--tst.custhelp.com/app/home
[INFO ][16-Nov-2021 17:11:35 pm] Selenium_Wrapper.enterText:(311) - Entering Text :pramodk in WebElement :[[ChromeDriver: chrome on WINDOWS (7768f5711a5505b0d01f51d5219cdef8)] -> id: rn_LoginForm_2_Username]
[INFO ][16-Nov-2021 17:11:36 pm] Selenium_Wrapper.enterText:(311) - Entering Text :Soft@123 in WebElement :[[ChromeDriver: chrome on WINDOWS (7768f5711a5505b0d01f51d5219cdef8)] -> id: rn_LoginForm_2_Password]
[INFO ][16-Nov-2021 17:11:43 pm] Selenium_Wrapper.click:(199) - Clicking on :[[ChromeDriver: chrome on WINDOWS (7768f5711a5505b0d01f51d5219cdef8)] -> id: rn_LoginForm_2_Submit]
[INFO ][16-Nov-2021 17:11:53 pm] Selenium_Wrapper.click:(199) - Clicking on :[[ChromeDriver: chrome on WINDOWS (7768f5711a5505b0d01f51d5219cdef8)] -> xpath: //input[@type='search']]
[INFO ][16-Nov-2021 17:11:54 pm] Selenium_Wrapper.enterText:(311) - Entering Text :Auto Loan in WebElement :[[ChromeDriver: chrome on WINDOWS (7768f5711a5505b0d01f51d5219cdef8)] -> xpath: //input[@type='search']]
[INFO ][16-Nov-2021 17:12:08 pm] Selenium_Wrapper.click:(199) - Clicking on :[[ChromeDriver: chrome on WINDOWS (7768f5711a5505b0d01f51d5219cdef8)] -> xpath: //ul[@aria-label='Suggested Search']//li[normalize-space()= 'Auto Loan' ]]
[INFO ][16-Nov-2021 17:12:15 pm] Selenium_Wrapper.click:(199) - Clicking on :[[ChromeDriver: chrome on WINDOWS (7768f5711a5505b0d01f51d5219cdef8)] -> xpath: //div[@class='rn_SearchResultContent']//a[text()='Auto Loan']]
[INFO ][16-Nov-2021 17:12:30 pm] Selenium_Wrapper.click:(199) - Clicking on :[[ChromeDriver: chrome on WINDOWS (7768f5711a5505b0d01f51d5219cdef8)] -> xpath: //div[contains(@class,'EmailAnswerLink')]//img[@class='share_icon_default']]
[INFO ][16-Nov-2021 17:12:35 pm] Selenium_Wrapper.click:(199) - Clicking on :[[ChromeDriver: chrome on WINDOWS (7768f5711a5505b0d01f51d5219cdef8)] -> xpath: //div[@id='rnDialog1']//input[@class='select2-search__field']]
[INFO ][16-Nov-2021 17:12:37 pm] Selenium_Wrapper.enterText:(311) - Entering Text :Aaron Brown in WebElement :[[ChromeDriver: chrome on WINDOWS (7768f5711a5505b0d01f51d5219cdef8)] -> xpath: //div[@id='rnDialog1']//input[@class='select2-search__field']]
[INFO ][16-Nov-2021 17:12:45 pm] Selenium_Wrapper.click:(199) - Clicking on :[[ChromeDriver: chrome on WINDOWS (7768f5711a5505b0d01f51d5219cdef8)] -> xpath: //ul[@class='select2-results__options']//li[text()='Aaron Brown']]
[INFO ][16-Nov-2021 17:12:50 pm] Selenium_Wrapper.click:(199) - Clicking on :[[ChromeDriver: chrome on WINDOWS (7768f5711a5505b0d01f51d5219cdef8)] -> xpath: //button[@class='yui3-button yui3-button-close']]
[INFO ][16-Nov-2021 17:13:03 pm] Selenium_Wrapper.click:(199) - Clicking on :[[ChromeDriver: chrome on WINDOWS (7768f5711a5505b0d01f51d5219cdef8)] -> xpath: //div[@id='formsResources_panel']//div[@id='formsResources_headingOne']]
[INFO ][16-Nov-2021 17:14:07 pm] Selenium_Wrapper.clickUsingActions:(249) - Clicking on :[[ChromeDriver: chrome on WINDOWS (7768f5711a5505b0d01f51d5219cdef8)] -> xpath: (//ul[@class='formsResources']//ul//li/a)[2]]
[INFO ][16-Nov-2021 17:14:16 pm] Selenium_Wrapper.clickUsingActions:(249) - Clicking on :[[ChromeDriver: chrome on WINDOWS (7768f5711a5505b0d01f51d5219cdef8)] -> xpath: (//ul[@class='formsResources']//ul//li/a)[2]]
[INFO ][16-Nov-2021 17:14:48 pm] Selenium_Wrapper.click:(199) - Clicking on :[[ChromeDriver: chrome on WINDOWS (7768f5711a5505b0d01f51d5219cdef8)] -> class name: knowledge]
[INFO ][16-Nov-2021 17:15:11 pm] Selenium_Wrapper.click:(199) - Clicking on :[[ChromeDriver: chrome on WINDOWS (7768f5711a5505b0d01f51d5219cdef8)] -> xpath: //input[@type='search']]
[INFO ][16-Nov-2021 17:15:13 pm] Selenium_Wrapper.enterText:(311) - Entering Text :COVID-19 Critical Updates in WebElement :[[ChromeDriver: chrome on WINDOWS (7768f5711a5505b0d01f51d5219cdef8)] -> xpath: //input[@type='search']]
