[INFO ][09-Nov-2021 17:14:05 pm] Selenium_Wrapper.openBrowser:(48) - Opening chrome browser.
[INFO ][09-Nov-2021 17:14:13 pm] Selenium_Wrapper.enterURL:(82) - Entering url :https://macu1--tst.custhelp.com/app/home
[INFO ][09-Nov-2021 17:14:17 pm] Selenium_Wrapper.enterText:(311) - Entering Text :pramodk in WebElement :[[ChromeDriver: chrome on WINDOWS (0318702d71c9ceec0e5bbc53c273a069)] -> id: rn_LoginForm_2_Username]
[INFO ][09-Nov-2021 17:14:18 pm] Selenium_Wrapper.enterText:(311) - Entering Text :Soft@123 in WebElement :[[ChromeDriver: chrome on WINDOWS (0318702d71c9ceec0e5bbc53c273a069)] -> id: rn_LoginForm_2_Password]
[INFO ][09-Nov-2021 17:14:26 pm] Selenium_Wrapper.click:(199) - Clicking on :[[ChromeDriver: chrome on WINDOWS (0318702d71c9ceec0e5bbc53c273a069)] -> id: rn_LoginForm_2_Submit]
[INFO ][09-Nov-2021 17:14:35 pm] Selenium_Wrapper.click:(199) - Clicking on :[[ChromeDriver: chrome on WINDOWS (0318702d71c9ceec0e5bbc53c273a069)] -> xpath: //div[@class='dropdown']]
[INFO ][09-Nov-2021 17:14:59 pm] Selenium_Wrapper.click:(199) - Clicking on :[[ChromeDriver: chrome on WINDOWS (0318702d71c9ceec0e5bbc53c273a069)] -> xpath: //div[@class='rn_HoverBookmark']//a[contains(text(),'COVID-19 Critical Updates')]]
[INFO ][09-Nov-2021 17:14:59 pm] QuickNavigation.testAssertBookmarkArticle:(45) - Assert Done
[INFO ][09-Nov-2021 17:15:08 pm] Selenium_Wrapper.click:(199) - Clicking on :[[ChromeDriver: chrome on WINDOWS (0318702d71c9ceec0e5bbc53c273a069)] -> class name: knowledge]
[INFO ][09-Nov-2021 17:15:16 pm] Selenium_Wrapper.click:(199) - Clicking on :[[ChromeDriver: chrome on WINDOWS (0318702d71c9ceec0e5bbc53c273a069)] -> xpath: //input[@type='search']]
[INFO ][09-Nov-2021 17:15:18 pm] Selenium_Wrapper.enterText:(311) - Entering Text :Flexible Work in WebElement :[[ChromeDriver: chrome on WINDOWS (0318702d71c9ceec0e5bbc53c273a069)] -> xpath: //input[@type='search']]
[INFO ][09-Nov-2021 17:15:32 pm] Selenium_Wrapper.click:(199) - Clicking on :[[ChromeDriver: chrome on WINDOWS (0318702d71c9ceec0e5bbc53c273a069)] -> xpath: //ul[@aria-label='Suggested Search']//li[normalize-space()='Flexible Work']]
[INFO ][09-Nov-2021 17:15:40 pm] Selenium_Wrapper.click:(199) - Clicking on :[[ChromeDriver: chrome on WINDOWS (0318702d71c9ceec0e5bbc53c273a069)] -> xpath: //div[@class='rn_SearchResultContent']//a[text()='Flexible Work']]
[INFO ][09-Nov-2021 17:15:53 pm] Selenium_Wrapper.click:(199) - Clicking on :[[ChromeDriver: chrome on WINDOWS (0318702d71c9ceec0e5bbc53c273a069)] -> class name: knowledge]
[INFO ][09-Nov-2021 17:16:07 pm] Selenium_Wrapper.click:(199) - Clicking on :[[ChromeDriver: chrome on WINDOWS (0318702d71c9ceec0e5bbc53c273a069)] -> xpath: //div[@class='dropdown']]
[INFO ][09-Nov-2021 17:16:21 pm] Selenium_Wrapper.click:(199) - Clicking on :[[ChromeDriver: chrome on WINDOWS (0318702d71c9ceec0e5bbc53c273a069)] -> xpath: //a[text()='SEE MORE']]
[INFO ][09-Nov-2021 17:16:33 pm] Selenium_Wrapper.click:(199) - Clicking on :[[ChromeDriver: chrome on WINDOWS (0318702d71c9ceec0e5bbc53c273a069)] -> class name: knowledge]
[INFO ][09-Nov-2021 17:16:41 pm] Selenium_Wrapper.click:(199) - Clicking on :[[ChromeDriver: chrome on WINDOWS (0318702d71c9ceec0e5bbc53c273a069)] -> xpath: //div[@class='dropdown']]
[INFO ][09-Nov-2021 17:16:57 pm] Selenium_Wrapper.click:(199) - Clicking on :[[ChromeDriver: chrome on WINDOWS (0318702d71c9ceec0e5bbc53c273a069)] -> xpath: //div[@class='dropdown-content']//a[normalize-space()='My Bookmarks']]
[INFO ][09-Nov-2021 17:17:13 pm] Selenium_Wrapper.click:(199) - Clicking on :[[ChromeDriver: chrome on WINDOWS (0318702d71c9ceec0e5bbc53c273a069)] -> xpath: //select[@class='BookmarkFilter']]
[INFO ][09-Nov-2021 17:17:24 pm] Selenium_Wrapper.click:(199) - Clicking on :[[ChromeDriver: chrome on WINDOWS (0318702d71c9ceec0e5bbc53c273a069)] -> xpath: //select[@class='BookmarkFilter']//option[text()='Alphabetical A-Z']]
[INFO ][09-Nov-2021 17:17:37 pm] Selenium_Wrapper.click:(199) - Clicking on :[[ChromeDriver: chrome on WINDOWS (0318702d71c9ceec0e5bbc53c273a069)] -> class name: knowledge]
[INFO ][09-Nov-2021 17:17:45 pm] Selenium_Wrapper.click:(199) - Clicking on :[[ChromeDriver: chrome on WINDOWS (0318702d71c9ceec0e5bbc53c273a069)] -> xpath: //div[@class='dropdown']]
[INFO ][09-Nov-2021 17:17:54 pm] Selenium_Wrapper.click:(199) - Clicking on :[[ChromeDriver: chrome on WINDOWS (0318702d71c9ceec0e5bbc53c273a069)] -> xpath: //div[@class='dropdown-content']//a[normalize-space()='My Notifications']]
[INFO ][09-Nov-2021 17:18:03 pm] Selenium_Wrapper.click:(199) - Clicking on :[[ChromeDriver: chrome on WINDOWS (0318702d71c9ceec0e5bbc53c273a069)] -> xpath: //a[text()='browse all PAGES']]
[INFO ][09-Nov-2021 17:18:20 pm] Selenium_Wrapper.click:(199) - Clicking on :[[ChromeDriver: chrome on WINDOWS (0318702d71c9ceec0e5bbc53c273a069)] -> xpath: //a[text()='VIEW A-Z INDEX']]
[INFO ][09-Nov-2021 17:18:29 pm] Selenium_Wrapper.click:(199) - Clicking on :[[ChromeDriver: chrome on WINDOWS (0318702d71c9ceec0e5bbc53c273a069)] -> class name: knowledge]
