[INFO ][07-Nov-2021 17:20:45 pm] Selenium_Wrapper.openBrowser:(48) - Opening chrome browser.
[INFO ][07-Nov-2021 17:20:49 pm] Selenium_Wrapper.enterURL:(82) - Entering url :https://macu1--tst.custhelp.com/AgentWeb/
[INFO ][07-Nov-2021 17:20:54 pm] Selenium_Wrapper.enterText:(311) - Entering Text :RNT_pramod in WebElement :[[ChromeDriver: chrome on WINDOWS (bd946de3d42a61e4791f52ff14bc8fa3)] -> id: username]
[INFO ][07-Nov-2021 17:20:55 pm] Selenium_Wrapper.enterText:(311) - Entering Text :Welcome123 in WebElement :[[ChromeDriver: chrome on WINDOWS (bd946de3d42a61e4791f52ff14bc8fa3)] -> id: password]
[INFO ][07-Nov-2021 17:21:24 pm] Selenium_Wrapper.click:(199) - Clicking on :[[ChromeDriver: chrome on WINDOWS (bd946de3d42a61e4791f52ff14bc8fa3)] -> id: loginbutton]
[INFO ][07-Nov-2021 17:21:33 pm] Selenium_Wrapper.click:(199) - Clicking on :[[ChromeDriver: chrome on WINDOWS (bd946de3d42a61e4791f52ff14bc8fa3)] -> xpath: //div[@id='landingPanel-notifications']//button[@class='oj-button oj-button-half-chrome mobile-close-icon mobile-close-button closeFoldout']//label[text()='Close Action Center']]
[INFO ][07-Nov-2021 17:21:41 pm] Selenium_Wrapper.click:(199) - Clicking on :[[ChromeDriver: chrome on WINDOWS (bd946de3d42a61e4791f52ff14bc8fa3)] -> xpath: (//span[@class='oj-button-icon oj-start navigator-icon oj-button-icon oj-start'])[1]]
[INFO ][07-Nov-2021 17:21:46 pm] Selenium_Wrapper.click:(199) - Clicking on :[[ChromeDriver: chrome on WINDOWS (bd946de3d42a61e4791f52ff14bc8fa3)] -> xpath: (//div[text()='Analytics']//a)]
[INFO ][07-Nov-2021 17:21:51 pm] Selenium_Wrapper.click:(199) - Clicking on :[[ChromeDriver: chrome on WINDOWS (bd946de3d42a61e4791f52ff14bc8fa3)] -> xpath: //span[text()='Reports Explorer']]
[INFO ][07-Nov-2021 17:21:56 pm] Selenium_Wrapper.click:(199) - Clicking on :[[ChromeDriver: chrome on WINDOWS (bd946de3d42a61e4791f52ff14bc8fa3)] -> xpath: //div[text()='Public Reports']]
[INFO ][07-Nov-2021 17:22:02 pm] Selenium_Wrapper.click:(199) - Clicking on :[[ChromeDriver: chrome on WINDOWS (bd946de3d42a61e4791f52ff14bc8fa3)] -> xpath: //div[text()='MACU CUSTOM REPORTS']]
[INFO ][07-Nov-2021 17:22:07 pm] Selenium_Wrapper.click:(199) - Clicking on :[[ChromeDriver: chrome on WINDOWS (bd946de3d42a61e4791f52ff14bc8fa3)] -> xpath: //div[text()='SoftClouds']]
[INFO ][07-Nov-2021 17:22:13 pm] Selenium_Wrapper.click:(199) - Clicking on :[[ChromeDriver: chrome on WINDOWS (bd946de3d42a61e4791f52ff14bc8fa3)] -> xpath: //div[text()='OKCS']]
[INFO ][07-Nov-2021 17:22:29 pm] Selenium_Wrapper.click:(199) - Clicking on :[[ChromeDriver: chrome on WINDOWS (bd946de3d42a61e4791f52ff14bc8fa3)] -> xpath: (//span[text()='Search'])[3]]
[INFO ][07-Nov-2021 17:22:50 pm] Selenium_Wrapper.click:(199) - Clicking on :[[ChromeDriver: chrome on WINDOWS (bd946de3d42a61e4791f52ff14bc8fa3)] -> xpath: (//span[contains(@title,'Happy ')]//a)[1]]
[INFO ][07-Nov-2021 17:23:00 pm] Selenium_Wrapper.click:(199) - Clicking on :[[ChromeDriver: chrome on WINDOWS (bd946de3d42a61e4791f52ff14bc8fa3)] -> xpath: (//div[@class='breadcrumbContainer']//ul//li//a)[1]]
[INFO ][07-Nov-2021 17:23:10 pm] Selenium_Wrapper.click:(199) - Clicking on :[[ChromeDriver: chrome on WINDOWS (bd946de3d42a61e4791f52ff14bc8fa3)] -> xpath: (//div[@class='primary-tab-header']//ul//li)[2]//span//a//i]
[INFO ][07-Nov-2021 17:23:21 pm] Selenium_Wrapper.click:(199) - Clicking on :[[ChromeDriver: chrome on WINDOWS (bd946de3d42a61e4791f52ff14bc8fa3)] -> xpath: //body//span[@id='initialsText']]
[INFO ][07-Nov-2021 17:23:28 pm] Selenium_Wrapper.click:(199) - Clicking on :[[ChromeDriver: chrome on WINDOWS (bd946de3d42a61e4791f52ff14bc8fa3)] -> xpath: //a//span[text()='Sign Out']]
[INFO ][07-Nov-2021 17:23:41 pm] Selenium_Wrapper.click:(199) - Clicking on :[[ChromeDriver: chrome on WINDOWS (bd946de3d42a61e4791f52ff14bc8fa3)] -> xpath: //a[text()='Click here']]
[INFO ][07-Nov-2021 17:23:44 pm] Selenium_Wrapper.closeCurrentBrowser:(650) - Closing the current Browser
