[INFO ][05-Jan-2024 17:24:38 PM] Selenium_Wrapper.openBrowser:(48) - Opening chrome browser.
[INFO ][05-Jan-2024 17:24:45 PM] Selenium_Wrapper.enterURL:(82) - Entering url :https://macu1--tst1.custhelp.com/app/home
[INFO ][05-Jan-2024 17:24:49 PM] Selenium_Wrapper.enterText:(311) - Entering Text :swamyk in WebElement :[[ChromeDriver: chrome on WINDOWS (1be3e6d75a3191d0e94e4e2922c3e219)] -> id: rn_LoginForm_2_Username]
[INFO ][05-Jan-2024 17:24:50 PM] Selenium_Wrapper.enterText:(311) - Entering Text :Soft@123 in WebElement :[[ChromeDriver: chrome on WINDOWS (1be3e6d75a3191d0e94e4e2922c3e219)] -> id: rn_LoginForm_2_Password]
[INFO ][05-Jan-2024 17:24:58 PM] Selenium_Wrapper.click:(199) - Clicking on :[[ChromeDriver: chrome on WINDOWS (1be3e6d75a3191d0e94e4e2922c3e219)] -> id: rn_LoginForm_2_Submit]
[INFO ][05-Jan-2024 17:25:10 PM] Selenium_Wrapper.click:(199) - Clicking on :[[ChromeDriver: chrome on WINDOWS (1be3e6d75a3191d0e94e4e2922c3e219)] -> xpath: //input[@type='search']]
[INFO ][05-Jan-2024 17:25:12 PM] Selenium_Wrapper.enterText:(311) - Entering Text :Business Auto Loan - ALPS 1.0 in WebElement :[[ChromeDriver: chrome on WINDOWS (1be3e6d75a3191d0e94e4e2922c3e219)] -> xpath: //input[@type='search']]
[INFO ][05-Jan-2024 17:25:27 PM] Selenium_Wrapper.click:(199) - Clicking on :[[ChromeDriver: chrome on WINDOWS (1be3e6d75a3191d0e94e4e2922c3e219)] -> xpath: (//div[@class='yui3-aclist-content']//li//li)[1]]
[INFO ][05-Jan-2024 17:25:35 PM] Selenium_Wrapper.click:(199) - Clicking on :[[ChromeDriver: chrome on WINDOWS (1be3e6d75a3191d0e94e4e2922c3e219)] -> xpath: (//div[@class='rn_SearchResultContent']//a)[1]]
[INFO ][05-Jan-2024 17:25:58 PM] Selenium_Wrapper.click:(199) - Clicking on :[[ChromeDriver: chrome on WINDOWS (1be3e6d75a3191d0e94e4e2922c3e219)] -> xpath: //button[@class='rn_RecommendContentButton p-0']]
[INFO ][05-Jan-2024 17:25:59 PM] Selenium_Wrapper.enterText:(311) - Entering Text :Test Improve, comments, updates in WebElement :[[ChromeDriver: chrome on WINDOWS (1be3e6d75a3191d0e94e4e2922c3e219)] -> id: rn_RequestUpdate_25_Description]
[INFO ][05-Jan-2024 17:26:04 PM] Selenium_Wrapper.click:(199) - Clicking on :[[ChromeDriver: chrome on WINDOWS (1be3e6d75a3191d0e94e4e2922c3e219)] -> xpath: //button[text()='Submit']]
[INFO ][05-Jan-2024 17:26:17 PM] Selenium_Wrapper.click:(199) - Clicking on :[[ChromeDriver: chrome on WINDOWS (1be3e6d75a3191d0e94e4e2922c3e219)] -> xpath: //div[@id='rnDialog2']//button[@type='button']]
[INFO ][05-Jan-2024 17:26:36 PM] Selenium_Wrapper.click:(199) - Clicking on :[[ChromeDriver: chrome on WINDOWS (1be3e6d75a3191d0e94e4e2922c3e219)] -> class name: knowledge]
[INFO ][05-Jan-2024 17:26:43 PM] Selenium_Wrapper.click:(199) - Clicking on :[[ChromeDriver: chrome on WINDOWS (1be3e6d75a3191d0e94e4e2922c3e219)] -> xpath: //div[@class='dropdown']]
[INFO ][05-Jan-2024 17:26:52 PM] Selenium_Wrapper.click:(199) - Clicking on :[[ChromeDriver: chrome on WINDOWS (1be3e6d75a3191d0e94e4e2922c3e219)] -> xpath: //a[text()='My Feedback']]
[INFO ][05-Jan-2024 17:26:53 PM] Selenium_Wrapper.enterText:(311) - Entering Text :Business Auto Loan in WebElement :[[ChromeDriver: chrome on WINDOWS (1be3e6d75a3191d0e94e4e2922c3e219)] -> xpath: //input[@placeholder='Search Your Feedback Report']]
[INFO ][05-Jan-2024 17:27:07 PM] Selenium_Wrapper.click:(199) - Clicking on :[[ChromeDriver: chrome on WINDOWS (1be3e6d75a3191d0e94e4e2922c3e219)] -> xpath: //div[@class='rn_SearchInput1 mt-3']//span[@class='btn-srch-icon']//i[@class='fa fa-search']]
[INFO ][05-Jan-2024 17:27:33 PM] Selenium_Wrapper.click:(199) - Clicking on :[[ChromeDriver: chrome on WINDOWS (1be3e6d75a3191d0e94e4e2922c3e219)] -> xpath: (//tbody[@class='yui3-datatable-data']//a)[1]]
[INFO ][05-Jan-2024 17:28:11 PM] Selenium_Wrapper.click:(199) - Clicking on :[[ChromeDriver: chrome on WINDOWS (1be3e6d75a3191d0e94e4e2922c3e219)] -> class name: knowledge]
[INFO ][05-Jan-2024 17:28:16 PM] Selenium_Wrapper.closeCurrentBrowser:(651) - Closing the current Browser
[INFO ][05-Jan-2024 17:28:17 PM] Selenium_Wrapper.openBrowser:(48) - Opening chrome browser.
[INFO ][05-Jan-2024 17:28:25 PM] Selenium_Wrapper.enterURL:(82) - Entering url :https://macu1--tst1.custhelp.com/AgentWeb/
[INFO ][05-Jan-2024 17:28:29 PM] Selenium_Wrapper.enterText:(311) - Entering Text :automation_testing in WebElement :[[ChromeDriver: chrome on WINDOWS (71e83977cac5795d4678969c9c0245c4)] -> id: username]
[INFO ][05-Jan-2024 17:28:30 PM] Selenium_Wrapper.enterText:(311) - Entering Text :Welcome123 in WebElement :[[ChromeDriver: chrome on WINDOWS (71e83977cac5795d4678969c9c0245c4)] -> id: password]
[INFO ][05-Jan-2024 17:29:00 PM] Selenium_Wrapper.click:(199) - Clicking on :[[ChromeDriver: chrome on WINDOWS (71e83977cac5795d4678969c9c0245c4)] -> id: loginbutton]
[INFO ][05-Jan-2024 17:29:40 PM] Selenium_Wrapper.click:(199) - Clicking on :[[ChromeDriver: chrome on WINDOWS (71e83977cac5795d4678969c9c0245c4)] -> id: navigationSetBtn]
[INFO ][05-Jan-2024 17:29:45 PM] Selenium_Wrapper.click:(199) - Clicking on :[[ChromeDriver: chrome on WINDOWS (71e83977cac5795d4678969c9c0245c4)] -> xpath: (//div[text()='Analytics']//a)]
[INFO ][05-Jan-2024 17:29:50 PM] Selenium_Wrapper.click:(199) - Clicking on :[[ChromeDriver: chrome on WINDOWS (71e83977cac5795d4678969c9c0245c4)] -> xpath: //span[text()='Reports Explorer']]
[INFO ][05-Jan-2024 17:29:56 PM] Selenium_Wrapper.click:(199) - Clicking on :[[ChromeDriver: chrome on WINDOWS (71e83977cac5795d4678969c9c0245c4)] -> xpath: //div[text()='Public Reports']]
[INFO ][05-Jan-2024 17:30:01 PM] Selenium_Wrapper.click:(199) - Clicking on :[[ChromeDriver: chrome on WINDOWS (71e83977cac5795d4678969c9c0245c4)] -> xpath: //div[text()='MACU CUSTOM REPORTS']]
[INFO ][05-Jan-2024 17:30:06 PM] Selenium_Wrapper.click:(199) - Clicking on :[[ChromeDriver: chrome on WINDOWS (71e83977cac5795d4678969c9c0245c4)] -> xpath: //div[text()='SoftClouds']]
[INFO ][05-Jan-2024 17:30:11 PM] Selenium_Wrapper.click:(199) - Clicking on :[[ChromeDriver: chrome on WINDOWS (71e83977cac5795d4678969c9c0245c4)] -> xpath: //div[text()='OKCS']]
[INFO ][05-Jan-2024 17:30:23 PM] Selenium_Wrapper.doubleClick:(280) - Double clicking on :[[ChromeDriver: chrome on WINDOWS (71e83977cac5795d4678969c9c0245c4)] -> xpath: //div[@class='explorer-right-panel']//div[@class='explorer-data-grid']//span[text()='Feedback Admin Report']]
[INFO ][05-Jan-2024 17:30:39 PM] Selenium_Wrapper.click:(199) - Clicking on :[[ChromeDriver: chrome on WINDOWS (71e83977cac5795d4678969c9c0245c4)] -> xpath: //div[@class='container wsx-flex']//div[@class='analyticsTopSection']//div[@class='select-box-root select-box-display-text-active']]
[INFO ][05-Jan-2024 17:30:45 PM] Selenium_Wrapper.click:(199) - Clicking on :[[ChromeDriver: chrome on WINDOWS (71e83977cac5795d4678969c9c0245c4)] -> xpath: (//span[text()='Search'])[2]]
[INFO ][05-Jan-2024 17:30:53 PM] Selenium_Wrapper.doubleClick:(280) - Double clicking on :[[ChromeDriver: chrome on WINDOWS (71e83977cac5795d4678969c9c0245c4)] -> xpath: //div[@class='container wsx-flex']//div[contains(@column-id,'2')][1]]
[INFO ][05-Jan-2024 17:31:07 PM] Selenium_Wrapper.click:(199) - Clicking on :[[ChromeDriver: chrome on WINDOWS (71e83977cac5795d4678969c9c0245c4)] -> xpath: //span[text()='Messages']]
[INFO ][05-Jan-2024 17:31:12 PM] Selenium_Wrapper.click:(199) - Clicking on :[[ChromeDriver: chrome on WINDOWS (71e83977cac5795d4678969c9c0245c4)] -> xpath: //div[contains(@class,'cke_wysiwyg_div ')]]
[INFO ][05-Jan-2024 17:31:14 PM] Selenium_Wrapper.enterText:(311) - Entering Text :It is working as per Expected in WebElement :[[ChromeDriver: chrome on WINDOWS (71e83977cac5795d4678969c9c0245c4)] -> xpath: //div[contains(@class,'cke_wysiwyg_div ')]]
[INFO ][05-Jan-2024 17:31:19 PM] Selenium_Wrapper.click:(199) - Clicking on :[[ChromeDriver: chrome on WINDOWS (71e83977cac5795d4678969c9c0245c4)] -> xpath: //div[@class='ws-toolbar-button-image bui-icon save-icon fa-lg']]
[INFO ][05-Jan-2024 17:31:24 PM] Selenium_Wrapper.click:(199) - Clicking on :[[ChromeDriver: chrome on WINDOWS (71e83977cac5795d4678969c9c0245c4)] -> xpath: //span[text()='Summary']]
[INFO ][05-Jan-2024 17:31:31 PM] Selenium_Wrapper.clickUsingActions:(249) - Clicking on :[[ChromeDriver: chrome on WINDOWS (71e83977cac5795d4678969c9c0245c4)] -> xpath: //div[contains(@id,'Incident_Status')][@class='display-text']]
[INFO ][05-Jan-2024 17:31:38 PM] Selenium_Wrapper.click:(199) - Clicking on :[[ChromeDriver: chrome on WINDOWS (71e83977cac5795d4678969c9c0245c4)] -> xpath: (//div[@title='Solved'])[1]]
[INFO ][05-Jan-2024 17:31:45 PM] Selenium_Wrapper.click:(199) - Clicking on :[[ChromeDriver: chrome on WINDOWS (71e83977cac5795d4678969c9c0245c4)] -> xpath: //div[@class='ws-toolbar-button-image bui-icon save-icon fa-lg']]
[INFO ][05-Jan-2024 17:31:55 PM] Selenium_Wrapper.click:(199) - Clicking on :[[ChromeDriver: chrome on WINDOWS (71e83977cac5795d4678969c9c0245c4)] -> xpath: (//a[@class='closeButton'])[3]]
[INFO ][05-Jan-2024 17:32:02 PM] Selenium_Wrapper.click:(199) - Clicking on :[[ChromeDriver: chrome on WINDOWS (71e83977cac5795d4678969c9c0245c4)] -> xpath: (//a[@class='closeButton'])[2]]
[INFO ][05-Jan-2024 17:32:09 PM] Selenium_Wrapper.click:(199) - Clicking on :[[ChromeDriver: chrome on WINDOWS (71e83977cac5795d4678969c9c0245c4)] -> xpath: (//a[@class='closeButton'])[1]]
[INFO ][05-Jan-2024 17:32:24 PM] Selenium_Wrapper.click:(199) - Clicking on :[[ChromeDriver: chrome on WINDOWS (71e83977cac5795d4678969c9c0245c4)] -> xpath: //body//oj-avatar[@initials='[[userMenuLabel]]']]
[INFO ][05-Jan-2024 17:32:31 PM] Selenium_Wrapper.click:(199) - Clicking on :[[ChromeDriver: chrome on WINDOWS (71e83977cac5795d4678969c9c0245c4)] -> xpath: //a//span[text()='Sign Out']]
[INFO ][05-Jan-2024 17:32:43 PM] Selenium_Wrapper.click:(199) - Clicking on :[[ChromeDriver: chrome on WINDOWS (71e83977cac5795d4678969c9c0245c4)] -> xpath: //a[text()='Click here']]
[INFO ][05-Jan-2024 17:32:46 PM] Selenium_Wrapper.closeCurrentBrowser:(651) - Closing the current Browser
