[INFO ][17-Nov-2021 17:39:41 pm] Selenium_Wrapper.openBrowser:(48) - Opening chrome browser.
[INFO ][17-Nov-2021 17:39:47 pm] Selenium_Wrapper.enterURL:(82) - Entering url :https://macu1--tst.custhelp.com/app/home
[INFO ][17-Nov-2021 17:39:51 pm] Selenium_Wrapper.enterText:(311) - Entering Text :pramodk in WebElement :[[ChromeDriver: chrome on WINDOWS (38c9aac743927cf5ec0b5837c60c6c51)] -> id: rn_LoginForm_2_Username]
[INFO ][17-Nov-2021 17:39:52 pm] Selenium_Wrapper.enterText:(311) - Entering Text :Soft@123 in WebElement :[[ChromeDriver: chrome on WINDOWS (38c9aac743927cf5ec0b5837c60c6c51)] -> id: rn_LoginForm_2_Password]
[INFO ][17-Nov-2021 17:40:00 pm] Selenium_Wrapper.click:(199) - Clicking on :[[ChromeDriver: chrome on WINDOWS (38c9aac743927cf5ec0b5837c60c6c51)] -> id: rn_LoginForm_2_Submit]
[INFO ][17-Nov-2021 17:40:09 pm] Selenium_Wrapper.click:(199) - Clicking on :[[ChromeDriver: chrome on WINDOWS (38c9aac743927cf5ec0b5837c60c6c51)] -> xpath: //input[@type='search']]
[INFO ][17-Nov-2021 17:40:10 pm] Selenium_Wrapper.enterText:(311) - Entering Text :Auto Loan in WebElement :[[ChromeDriver: chrome on WINDOWS (38c9aac743927cf5ec0b5837c60c6c51)] -> xpath: //input[@type='search']]
[INFO ][17-Nov-2021 17:40:25 pm] Selenium_Wrapper.click:(199) - Clicking on :[[ChromeDriver: chrome on WINDOWS (38c9aac743927cf5ec0b5837c60c6c51)] -> xpath: //ul[@aria-label='Suggested Search']//li[normalize-space()= 'Auto Loan' ]]
[INFO ][17-Nov-2021 17:40:33 pm] Selenium_Wrapper.click:(199) - Clicking on :[[ChromeDriver: chrome on WINDOWS (38c9aac743927cf5ec0b5837c60c6c51)] -> xpath: //div[@class='rn_SearchResultContent']//a[text()='Auto Loan']]
[INFO ][17-Nov-2021 17:40:47 pm] Selenium_Wrapper.click:(199) - Clicking on :[[ChromeDriver: chrome on WINDOWS (38c9aac743927cf5ec0b5837c60c6c51)] -> xpath: //a[@class='add_bookmarkButton bookmarkedFilled']//img[@class='bookmark_icon_red']]
[INFO ][17-Nov-2021 17:40:55 pm] Selenium_Wrapper.click:(199) - Clicking on :[[ChromeDriver: chrome on WINDOWS (38c9aac743927cf5ec0b5837c60c6c51)] -> xpath: //div[@class='dropdown']]
[INFO ][17-Nov-2021 17:41:05 pm] Selenium_Wrapper.click:(199) - Clicking on :[[ChromeDriver: chrome on WINDOWS (38c9aac743927cf5ec0b5837c60c6c51)] -> xpath: //a[text()='My Bookmarks']]
[ERROR][17-Nov-2021 17:41:10 pm] Selenium_Wrapper.highlightWebElement:(417) - org.openqa.selenium.NoSuchElementException: no such element: Unable to locate element: {"method":"xpath","selector":"//div[@class='rn_Notification']//a[contains(text(),'Auto Loan')]"}
  (Session info: chrome=95.0.4638.69)
For documentation on this error, please visit: https://www.seleniumhq.org/exceptions/no_such_element.html
Build info: version: '3.141.59', revision: 'e82be7d358', time: '2018-11-14T08:17:03'
System info: host: 'DESKTOP-N43657M', ip: '192.168.29.58', os.name: 'Windows 10', os.arch: 'amd64', os.version: '10.0', java.version: '16.0.1'
Driver info: org.openqa.selenium.chrome.ChromeDriver
Capabilities {acceptInsecureCerts: false, browserName: chrome, browserVersion: 95.0.4638.69, chrome: {chromedriverVersion: 95.0.4638.17 (a9d0719444d4b..., userDataDir: C:\Users\Pramod\AppData\Loc...}, goog:chromeOptions: {debuggerAddress: localhost:54902}, javascriptEnabled: true, networkConnectionEnabled: false, pageLoadStrategy: normal, platform: WINDOWS, platformName: WINDOWS, proxy: Proxy(), setWindowRect: true, strictFileInteractability: false, timeouts: {implicit: 0, pageLoad: 300000, script: 30000}, unhandledPromptBehavior: dismiss and notify, webauthn:extension:credBlob: true, webauthn:extension:largeBlob: true, webauthn:virtualAuthenticators: true}
Session ID: 38c9aac743927cf5ec0b5837c60c6c51
*** Element info: {Using=xpath, value=//div[@class='rn_Notification']//a[contains(text(),'Auto Loan')]}
[ERROR][17-Nov-2021 17:41:13 pm] Selenium_Wrapper.highlightWebElement:(417) - org.openqa.selenium.NoSuchElementException: no such element: Unable to locate element: {"method":"xpath","selector":"//a[text()='Auto Loan']//parent::div[@class='rn_Notification_Info']//following-sibling::div[@class='rn_Notification_Actions']//button[@class='rn_Notification_Delete']//img[@class='bookmark_del_ico_red']"}
  (Session info: chrome=95.0.4638.69)
For documentation on this error, please visit: https://www.seleniumhq.org/exceptions/no_such_element.html
Build info: version: '3.141.59', revision: 'e82be7d358', time: '2018-11-14T08:17:03'
System info: host: 'DESKTOP-N43657M', ip: '192.168.29.58', os.name: 'Windows 10', os.arch: 'amd64', os.version: '10.0', java.version: '16.0.1'
Driver info: org.openqa.selenium.chrome.ChromeDriver
Capabilities {acceptInsecureCerts: false, browserName: chrome, browserVersion: 95.0.4638.69, chrome: {chromedriverVersion: 95.0.4638.17 (a9d0719444d4b..., userDataDir: C:\Users\Pramod\AppData\Loc...}, goog:chromeOptions: {debuggerAddress: localhost:54902}, javascriptEnabled: true, networkConnectionEnabled: false, pageLoadStrategy: normal, platform: WINDOWS, platformName: WINDOWS, proxy: Proxy(), setWindowRect: true, strictFileInteractability: false, timeouts: {implicit: 0, pageLoad: 300000, script: 30000}, unhandledPromptBehavior: dismiss and notify, webauthn:extension:credBlob: true, webauthn:extension:largeBlob: true, webauthn:virtualAuthenticators: true}
Session ID: 38c9aac743927cf5ec0b5837c60c6c51
*** Element info: {Using=xpath, value=//a[text()='Auto Loan']//parent::div[@class='rn_Notification_Info']//following-sibling::div[@class='rn_Notification_Actions']//button[@class='rn_Notification_Delete']//img[@class='bookmark_del_ico_red']}
[ERROR][17-Nov-2021 17:41:18 pm] ArticlePage.testBookmarkArticle:(89) - Bookmark Article Test case is un-successfull
[ERROR][17-Nov-2021 17:41:26 pm] ArticlePage.testShareEmail:(125) - Share Email Test case is un-successfull
[INFO ][17-Nov-2021 17:41:33 pm] Selenium_Wrapper.click:(199) - Clicking on :[[ChromeDriver: chrome on WINDOWS (38c9aac743927cf5ec0b5837c60c6c51)] -> xpath: //input[@type='search']]
[INFO ][17-Nov-2021 17:41:34 pm] Selenium_Wrapper.enterText:(311) - Entering Text :COVID-19 Critical Updates in WebElement :[[ChromeDriver: chrome on WINDOWS (38c9aac743927cf5ec0b5837c60c6c51)] -> xpath: //input[@type='search']]
