[INFO ][05-Nov-2021 17:53:17 pm] Selenium_Wrapper.openBrowser:(48) - Opening chrome browser.
[INFO ][05-Nov-2021 17:53:25 pm] Selenium_Wrapper.enterURL:(82) - Entering url :https://macu1--tst.custhelp.com/app/home
[INFO ][05-Nov-2021 17:53:30 pm] Selenium_Wrapper.enterText:(311) - Entering Text :pramodk in WebElement :[[ChromeDriver: chrome on WINDOWS (b0587e6066d9109f0984d765f2ddc21f)] -> id: rn_LoginForm_2_Username]
[INFO ][05-Nov-2021 17:53:31 pm] Selenium_Wrapper.enterText:(311) - Entering Text :Soft@123 in WebElement :[[ChromeDriver: chrome on WINDOWS (b0587e6066d9109f0984d765f2ddc21f)] -> id: rn_LoginForm_2_Password]
[INFO ][05-Nov-2021 17:53:34 pm] Selenium_Wrapper.click:(199) - Clicking on :[[ChromeDriver: chrome on WINDOWS (b0587e6066d9109f0984d765f2ddc21f)] -> id: rn_LoginForm_2_Submit]
[INFO ][05-Nov-2021 17:53:52 pm] Selenium_Wrapper.click:(199) - Clicking on :[[ChromeDriver: chrome on WINDOWS (b0587e6066d9109f0984d765f2ddc21f)] -> xpath: //a[text()='browse all PAGES']]
[INFO ][05-Nov-2021 17:54:01 pm] Selenium_Wrapper.click:(199) - Clicking on :[[ChromeDriver: chrome on WINDOWS (b0587e6066d9109f0984d765f2ddc21f)] -> xpath: (//div[@id='category']//following-sibling::ul//a)[1]]
[INFO ][05-Nov-2021 17:54:07 pm] Selenium_Wrapper.click:(199) - Clicking on :[[ChromeDriver: chrome on WINDOWS (b0587e6066d9109f0984d765f2ddc21f)] -> xpath: (//div[@id='category']//following-sibling::ul//a)[2]]
[INFO ][05-Nov-2021 17:54:12 pm] Selenium_Wrapper.click:(199) - Clicking on :[[ChromeDriver: chrome on WINDOWS (b0587e6066d9109f0984d765f2ddc21f)] -> xpath: (//div[@id='category']//following-sibling::ul//a)[3]]
[INFO ][05-Nov-2021 17:54:27 pm] Selenium_Wrapper.click:(199) - Clicking on :[[ChromeDriver: chrome on WINDOWS (b0587e6066d9109f0984d765f2ddc21f)] -> xpath: //a[text()='Business Accounts']]
[ERROR][05-Nov-2021 17:54:32 pm] BrowseAllPages.testFilterByProductAndFilterByCategory:(219) - Filter By Product And Filter By Category testing Test is un-successfull
[INFO ][05-Nov-2021 17:54:47 pm] Selenium_Wrapper.click:(199) - Clicking on :[[ChromeDriver: chrome on WINDOWS (b0587e6066d9109f0984d765f2ddc21f)] -> xpath: //a[text()='VIEW A-Z INDEX']]
[INFO ][05-Nov-2021 17:55:07 pm] Selenium_Wrapper.click:(199) - Clicking on :[[ChromeDriver: chrome on WINDOWS (b0587e6066d9109f0984d765f2ddc21f)] -> xpath: //div[@id='rn_A_ZIndex_2']//ul[@class='indexing_list']//li//a[text()='D']]
[INFO ][05-Nov-2021 17:55:18 pm] Selenium_Wrapper.click:(199) - Clicking on :[[ChromeDriver: chrome on WINDOWS (b0587e6066d9109f0984d765f2ddc21f)] -> xpath: //div[@id='rn_A_ZIndex_2']//ul[@class='indexing_list']//li//a[text()='J']]
[INFO ][05-Nov-2021 17:55:29 pm] Selenium_Wrapper.click:(199) - Clicking on :[[ChromeDriver: chrome on WINDOWS (b0587e6066d9109f0984d765f2ddc21f)] -> xpath: //div[@id='rn_A_ZIndex_2']//ul[@class='indexing_list']//li//a[text()='P']]
[INFO ][05-Nov-2021 17:55:41 pm] Selenium_Wrapper.click:(199) - Clicking on :[[ChromeDriver: chrome on WINDOWS (b0587e6066d9109f0984d765f2ddc21f)] -> xpath: //div[@id='rn_A_ZIndex_2']//ul[@class='indexing_list']//li//a[text()='V']]
[INFO ][05-Nov-2021 17:55:52 pm] Selenium_Wrapper.click:(199) - Clicking on :[[ChromeDriver: chrome on WINDOWS (b0587e6066d9109f0984d765f2ddc21f)] -> xpath: //div[@id='rn_A_ZIndex_2']//ul[@class='indexing_list']//li//a[text()='0-9']]
[INFO ][05-Nov-2021 17:56:09 pm] Selenium_Wrapper.click:(199) - Clicking on :[[ChromeDriver: chrome on WINDOWS (b0587e6066d9109f0984d765f2ddc21f)] -> xpath: (//div[@class='rn_A_ZIndex']//div[@class='index-content']//a)[1]]
[INFO ][05-Nov-2021 17:56:32 pm] Selenium_Wrapper.enterText:(311) - Entering Text :100% First Time Home Buyer Loan in WebElement :[[ChromeDriver: chrome on WINDOWS (b0587e6066d9109f0984d765f2ddc21f)] -> xpath: //input[@type='search']]
[INFO ][05-Nov-2021 17:57:11 pm] Selenium_Wrapper.click:(199) - Clicking on :[[ChromeDriver: chrome on WINDOWS (b0587e6066d9109f0984d765f2ddc21f)] -> xpath: //div[@id='rn_PageTitle']//a[text()='BROWSE ALL PAGES']]
[INFO ][05-Nov-2021 17:57:24 pm] Selenium_Wrapper.click:(199) - Clicking on :[[ChromeDriver: chrome on WINDOWS (b0587e6066d9109f0984d765f2ddc21f)] -> xpath: //a[text()='Knowledge Center']]
[INFO ][05-Nov-2021 17:57:27 pm] Selenium_Wrapper.closeCurrentBrowser:(650) - Closing the current Browser
