[INFO ][05-Nov-2021 18:03:57 pm] Selenium_Wrapper.openBrowser:(48) - Opening chrome browser.
[INFO ][05-Nov-2021 18:04:04 pm] Selenium_Wrapper.enterURL:(82) - Entering url :https://macu1--tst.custhelp.com/app/home
[INFO ][05-Nov-2021 18:04:08 pm] Selenium_Wrapper.enterText:(311) - Entering Text :pramodk in WebElement :[[ChromeDriver: chrome on WINDOWS (e5b4f3270d970f9e25790596de8c0c3a)] -> id: rn_LoginForm_2_Username]
[INFO ][05-Nov-2021 18:04:10 pm] Selenium_Wrapper.enterText:(311) - Entering Text :Soft@123 in WebElement :[[ChromeDriver: chrome on WINDOWS (e5b4f3270d970f9e25790596de8c0c3a)] -> id: rn_LoginForm_2_Password]
[INFO ][05-Nov-2021 18:04:13 pm] Selenium_Wrapper.click:(199) - Clicking on :[[ChromeDriver: chrome on WINDOWS (e5b4f3270d970f9e25790596de8c0c3a)] -> id: rn_LoginForm_2_Submit]
[INFO ][05-Nov-2021 18:04:31 pm] Selenium_Wrapper.click:(199) - Clicking on :[[ChromeDriver: chrome on WINDOWS (e5b4f3270d970f9e25790596de8c0c3a)] -> xpath: //a[text()='browse all PAGES']]
[INFO ][05-Nov-2021 18:04:40 pm] Selenium_Wrapper.click:(199) - Clicking on :[[ChromeDriver: chrome on WINDOWS (e5b4f3270d970f9e25790596de8c0c3a)] -> xpath: (//div[@id='category']//following-sibling::ul//a)[1]]
[INFO ][05-Nov-2021 18:04:55 pm] Selenium_Wrapper.click:(199) - Clicking on :[[ChromeDriver: chrome on WINDOWS (e5b4f3270d970f9e25790596de8c0c3a)] -> xpath: //a[text()='Business Accounts']]
[INFO ][05-Nov-2021 18:05:00 pm] Selenium_Wrapper.click:(199) - Clicking on :[[ChromeDriver: chrome on WINDOWS (e5b4f3270d970f9e25790596de8c0c3a)] -> xpath: (//div[@id='category']//following-sibling::ul//a)[1]]
[INFO ][05-Nov-2021 18:05:10 pm] Selenium_Wrapper.click:(199) - Clicking on :[[ChromeDriver: chrome on WINDOWS (e5b4f3270d970f9e25790596de8c0c3a)] -> xpath: //a[text()='Employee Experience']]
[INFO ][05-Nov-2021 18:05:15 pm] Selenium_Wrapper.click:(199) - Clicking on :[[ChromeDriver: chrome on WINDOWS (e5b4f3270d970f9e25790596de8c0c3a)] -> xpath: (//div[@id='category']//following-sibling::ul//a)[1]]
[INFO ][05-Nov-2021 18:05:25 pm] Selenium_Wrapper.click:(199) - Clicking on :[[ChromeDriver: chrome on WINDOWS (e5b4f3270d970f9e25790596de8c0c3a)] -> xpath: //a[text()='Personal Accounts']]
[INFO ][05-Nov-2021 18:05:30 pm] Selenium_Wrapper.click:(199) - Clicking on :[[ChromeDriver: chrome on WINDOWS (e5b4f3270d970f9e25790596de8c0c3a)] -> xpath: (//div[@id='category']//following-sibling::ul//a)[1]]
[INFO ][05-Nov-2021 18:05:40 pm] Selenium_Wrapper.click:(199) - Clicking on :[[ChromeDriver: chrome on WINDOWS (e5b4f3270d970f9e25790596de8c0c3a)] -> xpath: //a[text()='Services']]
[INFO ][05-Nov-2021 18:05:45 pm] Selenium_Wrapper.click:(199) - Clicking on :[[ChromeDriver: chrome on WINDOWS (e5b4f3270d970f9e25790596de8c0c3a)] -> xpath: (//div[@id='category']//following-sibling::ul//a)[1]]
[INFO ][05-Nov-2021 18:05:55 pm] Selenium_Wrapper.click:(199) - Clicking on :[[ChromeDriver: chrome on WINDOWS (e5b4f3270d970f9e25790596de8c0c3a)] -> xpath: //a[text()='Technology']]
[INFO ][05-Nov-2021 18:06:00 pm] Selenium_Wrapper.click:(199) - Clicking on :[[ChromeDriver: chrome on WINDOWS (e5b4f3270d970f9e25790596de8c0c3a)] -> xpath: (//div[@id='category']//following-sibling::ul//a)[1]]
[INFO ][05-Nov-2021 18:06:20 pm] Selenium_Wrapper.click:(199) - Clicking on :[[ChromeDriver: chrome on WINDOWS (e5b4f3270d970f9e25790596de8c0c3a)] -> xpath: //a[text()='VIEW A-Z INDEX']]
[INFO ][05-Nov-2021 18:06:39 pm] Selenium_Wrapper.click:(199) - Clicking on :[[ChromeDriver: chrome on WINDOWS (e5b4f3270d970f9e25790596de8c0c3a)] -> xpath: //div[@id='rn_A_ZIndex_2']//ul[@class='indexing_list']//li//a[text()='D']]
[INFO ][05-Nov-2021 18:06:51 pm] Selenium_Wrapper.click:(199) - Clicking on :[[ChromeDriver: chrome on WINDOWS (e5b4f3270d970f9e25790596de8c0c3a)] -> xpath: //div[@id='rn_A_ZIndex_2']//ul[@class='indexing_list']//li//a[text()='J']]
[INFO ][05-Nov-2021 18:07:02 pm] Selenium_Wrapper.click:(199) - Clicking on :[[ChromeDriver: chrome on WINDOWS (e5b4f3270d970f9e25790596de8c0c3a)] -> xpath: //div[@id='rn_A_ZIndex_2']//ul[@class='indexing_list']//li//a[text()='P']]
[INFO ][05-Nov-2021 18:07:14 pm] Selenium_Wrapper.click:(199) - Clicking on :[[ChromeDriver: chrome on WINDOWS (e5b4f3270d970f9e25790596de8c0c3a)] -> xpath: //div[@id='rn_A_ZIndex_2']//ul[@class='indexing_list']//li//a[text()='V']]
[INFO ][05-Nov-2021 18:07:25 pm] Selenium_Wrapper.click:(199) - Clicking on :[[ChromeDriver: chrome on WINDOWS (e5b4f3270d970f9e25790596de8c0c3a)] -> xpath: //div[@id='rn_A_ZIndex_2']//ul[@class='indexing_list']//li//a[text()='0-9']]
[INFO ][05-Nov-2021 18:07:42 pm] Selenium_Wrapper.click:(199) - Clicking on :[[ChromeDriver: chrome on WINDOWS (e5b4f3270d970f9e25790596de8c0c3a)] -> xpath: (//div[@class='rn_A_ZIndex']//div[@class='index-content']//a)[1]]
[INFO ][05-Nov-2021 18:08:05 pm] Selenium_Wrapper.enterText:(311) - Entering Text :100% First Time Home Buyer Loan in WebElement :[[ChromeDriver: chrome on WINDOWS (e5b4f3270d970f9e25790596de8c0c3a)] -> xpath: //input[@type='search']]
[INFO ][05-Nov-2021 18:08:45 pm] Selenium_Wrapper.click:(199) - Clicking on :[[ChromeDriver: chrome on WINDOWS (e5b4f3270d970f9e25790596de8c0c3a)] -> xpath: //div[@id='rn_PageTitle']//a[text()='BROWSE ALL PAGES']]
[INFO ][05-Nov-2021 18:08:56 pm] Selenium_Wrapper.click:(199) - Clicking on :[[ChromeDriver: chrome on WINDOWS (e5b4f3270d970f9e25790596de8c0c3a)] -> xpath: //a[text()='Knowledge Center']]
[INFO ][05-Nov-2021 18:09:00 pm] Selenium_Wrapper.closeCurrentBrowser:(650) - Closing the current Browser
