[INFO ][05-Nov-2021 18:00:30 pm] Selenium_Wrapper.openBrowser:(48) - Opening chrome browser.
[INFO ][05-Nov-2021 18:00:37 pm] Selenium_Wrapper.enterURL:(82) - Entering url :https://macu1--tst.custhelp.com/app/home
[INFO ][05-Nov-2021 18:00:41 pm] Selenium_Wrapper.enterText:(311) - Entering Text :pramodk in WebElement :[[ChromeDriver: chrome on WINDOWS (00f7d7e6f81a9eb838107304d2000c5e)] -> id: rn_LoginForm_2_Username]
[INFO ][05-Nov-2021 18:00:42 pm] Selenium_Wrapper.enterText:(311) - Entering Text :Soft@123 in WebElement :[[ChromeDriver: chrome on WINDOWS (00f7d7e6f81a9eb838107304d2000c5e)] -> id: rn_LoginForm_2_Password]
[INFO ][05-Nov-2021 18:00:45 pm] Selenium_Wrapper.click:(199) - Clicking on :[[ChromeDriver: chrome on WINDOWS (00f7d7e6f81a9eb838107304d2000c5e)] -> id: rn_LoginForm_2_Submit]
[INFO ][05-Nov-2021 18:01:03 pm] Selenium_Wrapper.click:(199) - Clicking on :[[ChromeDriver: chrome on WINDOWS (00f7d7e6f81a9eb838107304d2000c5e)] -> xpath: //a[text()='browse all PAGES']]
[INFO ][05-Nov-2021 18:01:12 pm] Selenium_Wrapper.click:(199) - Clicking on :[[ChromeDriver: chrome on WINDOWS (00f7d7e6f81a9eb838107304d2000c5e)] -> xpath: (//div[@id='category']//following-sibling::ul//a)[1]]
[INFO ][05-Nov-2021 18:01:27 pm] Selenium_Wrapper.click:(199) - Clicking on :[[ChromeDriver: chrome on WINDOWS (00f7d7e6f81a9eb838107304d2000c5e)] -> xpath: //a[text()='Business Accounts']]
[INFO ][05-Nov-2021 18:01:32 pm] Selenium_Wrapper.click:(199) - Clicking on :[[ChromeDriver: chrome on WINDOWS (00f7d7e6f81a9eb838107304d2000c5e)] -> xpath: (//div[@id='category']//following-sibling::ul//a)[1]]
[INFO ][05-Nov-2021 18:01:42 pm] Selenium_Wrapper.click:(199) - Clicking on :[[ChromeDriver: chrome on WINDOWS (00f7d7e6f81a9eb838107304d2000c5e)] -> xpath: //a[text()='Employee Experience']]
[INFO ][05-Nov-2021 18:01:47 pm] Selenium_Wrapper.click:(199) - Clicking on :[[ChromeDriver: chrome on WINDOWS (00f7d7e6f81a9eb838107304d2000c5e)] -> xpath: (//div[@id='category']//following-sibling::ul//a)[1]]
[INFO ][05-Nov-2021 18:01:52 pm] Selenium_Wrapper.click:(199) - Clicking on :[[ChromeDriver: chrome on WINDOWS (00f7d7e6f81a9eb838107304d2000c5e)] -> xpath: (//div[@id='category']//following-sibling::ul//a)[2]]
[INFO ][05-Nov-2021 18:01:58 pm] Selenium_Wrapper.click:(199) - Clicking on :[[ChromeDriver: chrome on WINDOWS (00f7d7e6f81a9eb838107304d2000c5e)] -> xpath: (//div[@id='category']//following-sibling::ul//a)[3]]
[INFO ][05-Nov-2021 18:02:08 pm] Selenium_Wrapper.click:(199) - Clicking on :[[ChromeDriver: chrome on WINDOWS (00f7d7e6f81a9eb838107304d2000c5e)] -> xpath: //a[text()='Personal Accounts']]
[INFO ][05-Nov-2021 18:02:13 pm] Selenium_Wrapper.click:(199) - Clicking on :[[ChromeDriver: chrome on WINDOWS (00f7d7e6f81a9eb838107304d2000c5e)] -> xpath: (//div[@id='category']//following-sibling::ul//a)[1]]
[INFO ][05-Nov-2021 18:02:18 pm] Selenium_Wrapper.click:(199) - Clicking on :[[ChromeDriver: chrome on WINDOWS (00f7d7e6f81a9eb838107304d2000c5e)] -> xpath: (//div[@id='category']//following-sibling::ul//a)[2]]
[INFO ][05-Nov-2021 18:02:23 pm] Selenium_Wrapper.click:(199) - Clicking on :[[ChromeDriver: chrome on WINDOWS (00f7d7e6f81a9eb838107304d2000c5e)] -> xpath: (//div[@id='category']//following-sibling::ul//a)[3]]
[INFO ][05-Nov-2021 18:02:33 pm] Selenium_Wrapper.click:(199) - Clicking on :[[ChromeDriver: chrome on WINDOWS (00f7d7e6f81a9eb838107304d2000c5e)] -> xpath: //a[text()='Services']]
[INFO ][05-Nov-2021 18:02:38 pm] Selenium_Wrapper.click:(199) - Clicking on :[[ChromeDriver: chrome on WINDOWS (00f7d7e6f81a9eb838107304d2000c5e)] -> xpath: (//div[@id='category']//following-sibling::ul//a)[1]]
[INFO ][05-Nov-2021 18:02:43 pm] Selenium_Wrapper.click:(199) - Clicking on :[[ChromeDriver: chrome on WINDOWS (00f7d7e6f81a9eb838107304d2000c5e)] -> xpath: (//div[@id='category']//following-sibling::ul//a)[2]]
[INFO ][05-Nov-2021 18:02:48 pm] Selenium_Wrapper.click:(199) - Clicking on :[[ChromeDriver: chrome on WINDOWS (00f7d7e6f81a9eb838107304d2000c5e)] -> xpath: (//div[@id='category']//following-sibling::ul//a)[3]]
[INFO ][05-Nov-2021 18:02:58 pm] Selenium_Wrapper.click:(199) - Clicking on :[[ChromeDriver: chrome on WINDOWS (00f7d7e6f81a9eb838107304d2000c5e)] -> xpath: //a[text()='Technology']]
[INFO ][05-Nov-2021 18:03:03 pm] Selenium_Wrapper.click:(199) - Clicking on :[[ChromeDriver: chrome on WINDOWS (00f7d7e6f81a9eb838107304d2000c5e)] -> xpath: (//div[@id='category']//following-sibling::ul//a)[1]]
[INFO ][05-Nov-2021 18:03:09 pm] Selenium_Wrapper.click:(199) - Clicking on :[[ChromeDriver: chrome on WINDOWS (00f7d7e6f81a9eb838107304d2000c5e)] -> xpath: (//div[@id='category']//following-sibling::ul//a)[2]]
[INFO ][05-Nov-2021 18:03:14 pm] Selenium_Wrapper.click:(199) - Clicking on :[[ChromeDriver: chrome on WINDOWS (00f7d7e6f81a9eb838107304d2000c5e)] -> xpath: (//div[@id='category']//following-sibling::ul//a)[3]]
[INFO ][05-Nov-2021 18:03:35 pm] Selenium_Wrapper.click:(199) - Clicking on :[[ChromeDriver: chrome on WINDOWS (00f7d7e6f81a9eb838107304d2000c5e)] -> xpath: //a[text()='VIEW A-Z INDEX']]
