[INFO ][09-Aug-2023 18:12:16 pm] Selenium_Wrapper.openBrowser:(48) - Opening chrome browser.
[INFO ][09-Aug-2023 18:12:19 pm] Selenium_Wrapper.enterURL:(82) - Entering url :https://macu1--tst1.custhelp.com/AgentWeb/
[INFO ][09-Aug-2023 18:12:24 pm] Selenium_Wrapper.enterText:(311) - Entering Text :automation_testing in WebElement :[[ChromeDriver: chrome on WINDOWS (8cb2858f46c2bd31d6519fb664185880)] -> id: username]
[INFO ][09-Aug-2023 18:12:25 pm] Selenium_Wrapper.enterText:(311) - Entering Text :Welcome123 in WebElement :[[ChromeDriver: chrome on WINDOWS (8cb2858f46c2bd31d6519fb664185880)] -> id: password]
[INFO ][09-Aug-2023 18:12:53 pm] Selenium_Wrapper.click:(199) - Clicking on :[[ChromeDriver: chrome on WINDOWS (8cb2858f46c2bd31d6519fb664185880)] -> id: loginbutton]
[INFO ][09-Aug-2023 18:13:05 pm] Selenium_Wrapper.click:(199) - Clicking on :[[ChromeDriver: chrome on WINDOWS (8cb2858f46c2bd31d6519fb664185880)] -> id: navigationSetBtn]
[INFO ][09-Aug-2023 18:13:10 pm] Selenium_Wrapper.click:(199) - Clicking on :[[ChromeDriver: chrome on WINDOWS (8cb2858f46c2bd31d6519fb664185880)] -> xpath: //div[@automationid='Analytics']]
[INFO ][09-Aug-2023 18:13:23 pm] Selenium_Wrapper.click:(199) - Clicking on :[[ChromeDriver: chrome on WINDOWS (8cb2858f46c2bd31d6519fb664185880)] -> xpath: //div[@automationid='Analytics_Reports Explorer']//span[text()='Reports Explorer']]
[INFO ][09-Aug-2023 18:13:38 pm] Selenium_Wrapper.click:(199) - Clicking on :[[ChromeDriver: chrome on WINDOWS (8cb2858f46c2bd31d6519fb664185880)] -> xpath: //div[@aria-label='Public Reports'][text()='Public Reports']]
[INFO ][09-Aug-2023 18:13:43 pm] Selenium_Wrapper.click:(199) - Clicking on :[[ChromeDriver: chrome on WINDOWS (8cb2858f46c2bd31d6519fb664185880)] -> xpath: //div[@aria-label='MACU CUSTOM REPORTS'][text()='MACU CUSTOM REPORTS']]
[INFO ][09-Aug-2023 18:13:48 pm] Selenium_Wrapper.click:(199) - Clicking on :[[ChromeDriver: chrome on WINDOWS (8cb2858f46c2bd31d6519fb664185880)] -> xpath: //div[@aria-label='SoftClouds'][text()='SoftClouds']]
[INFO ][09-Aug-2023 18:13:53 pm] Selenium_Wrapper.click:(199) - Clicking on :[[ChromeDriver: chrome on WINDOWS (8cb2858f46c2bd31d6519fb664185880)] -> xpath: //div[@aria-label='OKCS'][text()='OKCS'][contains(@id,'ExplorerFolderLabelAnalyticsFolder103223')]]
[ERROR][09-Aug-2023 18:14:05 pm] Selenium_Wrapper.highlightWebElement:(417) - org.openqa.selenium.NoSuchElementException: no such element: Unable to locate element: {"method":"xpath","selector":"//span[contains(@title,'Full Name')]"}
  (Session info: chrome=115.0.5790.171)
For documentation on this error, please visit: https://www.seleniumhq.org/exceptions/no_such_element.html
Build info: version: '3.141.59', revision: 'e82be7d358', time: '2018-11-14T08:17:03'
System info: host: 'CAF-QA-SWAMYK', ip: '192.168.0.6', os.name: 'Windows 10', os.arch: 'amd64', os.version: '10.0', java.version: '17.0.5'
Driver info: org.openqa.selenium.chrome.ChromeDriver
Capabilities {acceptInsecureCerts: false, browserName: chrome, browserVersion: 115.0.5790.171, chrome: {chromedriverVersion: 114.0.5735.90 (386bc09e8f4f..., userDataDir: C:\Users\swamyk\AppData\Loc...}, goog:chromeOptions: {debuggerAddress: localhost:51039}, javascriptEnabled: true, networkConnectionEnabled: false, pageLoadStrategy: normal, platform: WINDOWS, platformName: WINDOWS, proxy: Proxy(), setWindowRect: true, strictFileInteractability: false, timeouts: {implicit: 0, pageLoad: 300000, script: 30000}, unhandledPromptBehavior: dismiss and notify, webauthn:extension:credBlob: true, webauthn:extension:largeBlob: true, webauthn:extension:minPinLength: true, webauthn:extension:prf: true, webauthn:virtualAuthenticators: true}
Session ID: 8cb2858f46c2bd31d6519fb664185880
*** Element info: {Using=xpath, value=//span[contains(@title,'Full Name')]}
[INFO ][09-Aug-2023 18:14:15 pm] Selenium_Wrapper.click:(199) - Clicking on :[[ChromeDriver: chrome on WINDOWS (8cb2858f46c2bd31d6519fb664185880)] -> xpath: (//div[@class='primary-tab-header']//ul//li)[2]//span//a//i]
[INFO ][09-Aug-2023 18:14:26 pm] Selenium_Wrapper.click:(199) - Clicking on :[[ChromeDriver: chrome on WINDOWS (8cb2858f46c2bd31d6519fb664185880)] -> xpath: //a[@class='closeButton']]
[INFO ][09-Aug-2023 18:14:34 pm] Selenium_Wrapper.click:(199) - Clicking on :[[ChromeDriver: chrome on WINDOWS (8cb2858f46c2bd31d6519fb664185880)] -> xpath: //body//oj-avatar[@initials='[[userMenuLabel]]']]
[INFO ][09-Aug-2023 18:14:44 pm] Selenium_Wrapper.click:(199) - Clicking on :[[ChromeDriver: chrome on WINDOWS (8cb2858f46c2bd31d6519fb664185880)] -> xpath: //a//span[text()='Sign Out']]
