[INFO ][17-Nov-2021 18:30:19 pm] Selenium_Wrapper.openBrowser:(48) - Opening chrome browser.
[INFO ][17-Nov-2021 18:30:25 pm] Selenium_Wrapper.enterURL:(82) - Entering url :https://macu1--tst.custhelp.com/app/home
[INFO ][17-Nov-2021 18:30:29 pm] Selenium_Wrapper.enterText:(311) - Entering Text :pramodk in WebElement :[[ChromeDriver: chrome on WINDOWS (8d00381ad4fecb0a437074a43fcb0c97)] -> id: rn_LoginForm_2_Username]
[INFO ][17-Nov-2021 18:30:30 pm] Selenium_Wrapper.enterText:(311) - Entering Text :Soft@123 in WebElement :[[ChromeDriver: chrome on WINDOWS (8d00381ad4fecb0a437074a43fcb0c97)] -> id: rn_LoginForm_2_Password]
[INFO ][17-Nov-2021 18:30:37 pm] Selenium_Wrapper.click:(199) - Clicking on :[[ChromeDriver: chrome on WINDOWS (8d00381ad4fecb0a437074a43fcb0c97)] -> id: rn_LoginForm_2_Submit]
[INFO ][17-Nov-2021 18:30:48 pm] Selenium_Wrapper.click:(199) - Clicking on :[[ChromeDriver: chrome on WINDOWS (8d00381ad4fecb0a437074a43fcb0c97)] -> xpath: //input[@type='search']]
[INFO ][17-Nov-2021 18:30:49 pm] Selenium_Wrapper.enterText:(311) - Entering Text :Auto Loan in WebElement :[[ChromeDriver: chrome on WINDOWS (8d00381ad4fecb0a437074a43fcb0c97)] -> xpath: //input[@type='search']]
[INFO ][17-Nov-2021 18:31:03 pm] Selenium_Wrapper.click:(199) - Clicking on :[[ChromeDriver: chrome on WINDOWS (8d00381ad4fecb0a437074a43fcb0c97)] -> xpath: //ul[@aria-label='Suggested Search']//li[normalize-space()= 'Auto Loan' ]]
[INFO ][17-Nov-2021 18:31:10 pm] Selenium_Wrapper.click:(199) - Clicking on :[[ChromeDriver: chrome on WINDOWS (8d00381ad4fecb0a437074a43fcb0c97)] -> xpath: //div[@class='rn_SearchResultContent']//a[text()='Auto Loan']]
[ERROR][17-Nov-2021 18:31:20 pm] ArticlePage.testBookmarkArticle:(90) - Bookmark Article Test case is un-successfull
[INFO ][17-Nov-2021 18:31:28 pm] Selenium_Wrapper.click:(199) - Clicking on :[[ChromeDriver: chrome on WINDOWS (8d00381ad4fecb0a437074a43fcb0c97)] -> xpath: //div[contains(@class,'EmailAnswerLink')]//img[@class='share_icon_default']]
[INFO ][17-Nov-2021 18:31:34 pm] Selenium_Wrapper.click:(199) - Clicking on :[[ChromeDriver: chrome on WINDOWS (8d00381ad4fecb0a437074a43fcb0c97)] -> xpath: //div[@id='rnDialog1']//input[@class='select2-search__field']]
[INFO ][17-Nov-2021 18:31:35 pm] Selenium_Wrapper.enterText:(311) - Entering Text :Aaron Brown in WebElement :[[ChromeDriver: chrome on WINDOWS (8d00381ad4fecb0a437074a43fcb0c97)] -> xpath: //div[@id='rnDialog1']//input[@class='select2-search__field']]
[INFO ][17-Nov-2021 18:31:43 pm] Selenium_Wrapper.click:(199) - Clicking on :[[ChromeDriver: chrome on WINDOWS (8d00381ad4fecb0a437074a43fcb0c97)] -> xpath: //ul[@class='select2-results__options']//li[text()='Aaron Brown']]
[INFO ][17-Nov-2021 18:31:48 pm] Selenium_Wrapper.click:(199) - Clicking on :[[ChromeDriver: chrome on WINDOWS (8d00381ad4fecb0a437074a43fcb0c97)] -> xpath: //button[@class='yui3-button yui3-button-close']]
[INFO ][17-Nov-2021 18:32:01 pm] Selenium_Wrapper.click:(199) - Clicking on :[[ChromeDriver: chrome on WINDOWS (8d00381ad4fecb0a437074a43fcb0c97)] -> xpath: //div[@id='formsResources_panel']//div[@id='formsResources_headingOne']]
[INFO ][17-Nov-2021 18:32:10 pm] Selenium_Wrapper.clickUsingActions:(249) - Clicking on :[[ChromeDriver: chrome on WINDOWS (8d00381ad4fecb0a437074a43fcb0c97)] -> xpath: (//ul[@class='formsResources']//ul//li/a)[2]]
[INFO ][17-Nov-2021 18:32:10 pm] Selenium_Wrapper.clickUsingActions:(249) - Clicking on :[[ChromeDriver: chrome on WINDOWS (8d00381ad4fecb0a437074a43fcb0c97)] -> xpath: (//ul[@class='formsResources']//ul//li/a)[2]]
[INFO ][17-Nov-2021 18:32:33 pm] Selenium_Wrapper.click:(199) - Clicking on :[[ChromeDriver: chrome on WINDOWS (8d00381ad4fecb0a437074a43fcb0c97)] -> xpath: //li[@class='breadcrumb-item']//a]
[INFO ][17-Nov-2021 18:32:42 pm] Selenium_Wrapper.click:(199) - Clicking on :[[ChromeDriver: chrome on WINDOWS (8d00381ad4fecb0a437074a43fcb0c97)] -> class name: knowledge]
[INFO ][17-Nov-2021 18:32:49 pm] Selenium_Wrapper.click:(199) - Clicking on :[[ChromeDriver: chrome on WINDOWS (8d00381ad4fecb0a437074a43fcb0c97)] -> xpath: //input[@type='search']]
[INFO ][17-Nov-2021 18:32:51 pm] Selenium_Wrapper.enterText:(311) - Entering Text :COVID-19 Critical Updates in WebElement :[[ChromeDriver: chrome on WINDOWS (8d00381ad4fecb0a437074a43fcb0c97)] -> xpath: //input[@type='search']]
[INFO ][17-Nov-2021 18:33:05 pm] Selenium_Wrapper.click:(199) - Clicking on :[[ChromeDriver: chrome on WINDOWS (8d00381ad4fecb0a437074a43fcb0c97)] -> xpath: //ul[@aria-label='Suggested Search']//li[normalize-space()='COVID-19 Critical Updates']]
[INFO ][17-Nov-2021 18:33:12 pm] Selenium_Wrapper.click:(199) - Clicking on :[[ChromeDriver: chrome on WINDOWS (8d00381ad4fecb0a437074a43fcb0c97)] -> xpath: //div[@class='rn_SearchResultContent']//a[text()='COVID-19 Critical Updates']]
[ERROR][17-Nov-2021 18:33:25 pm] Selenium_Wrapper.highlightWebElement:(417) - org.openqa.selenium.NoSuchElementException: no such element: Unable to locate element: {"method":"xpath","selector":"//a[@class='add_bookmarkButton']//img[@class='bookmark_icon_blank']"}
  (Session info: chrome=95.0.4638.69)
For documentation on this error, please visit: https://www.seleniumhq.org/exceptions/no_such_element.html
Build info: version: '3.141.59', revision: 'e82be7d358', time: '2018-11-14T08:17:03'
System info: host: 'DESKTOP-N43657M', ip: '192.168.29.58', os.name: 'Windows 10', os.arch: 'amd64', os.version: '10.0', java.version: '16.0.1'
Driver info: org.openqa.selenium.chrome.ChromeDriver
Capabilities {acceptInsecureCerts: false, browserName: chrome, browserVersion: 95.0.4638.69, chrome: {chromedriverVersion: 95.0.4638.17 (a9d0719444d4b..., userDataDir: C:\Users\Pramod\AppData\Loc...}, goog:chromeOptions: {debuggerAddress: localhost:56963}, javascriptEnabled: true, networkConnectionEnabled: false, pageLoadStrategy: normal, platform: WINDOWS, platformName: WINDOWS, proxy: Proxy(), setWindowRect: true, strictFileInteractability: false, timeouts: {implicit: 0, pageLoad: 300000, script: 30000}, unhandledPromptBehavior: dismiss and notify, webauthn:extension:credBlob: true, webauthn:extension:largeBlob: true, webauthn:virtualAuthenticators: true}
Session ID: 8d00381ad4fecb0a437074a43fcb0c97
*** Element info: {Using=xpath, value=//a[@class='add_bookmarkButton']//img[@class='bookmark_icon_blank']}
[INFO ][17-Nov-2021 18:34:13 pm] Selenium_Wrapper.click:(199) - Clicking on :[[ChromeDriver: chrome on WINDOWS (8d00381ad4fecb0a437074a43fcb0c97)] -> xpath: //div[@class='quick-guide']//a[text()='Employee Resources']]
[INFO ][17-Nov-2021 18:34:23 pm] Selenium_Wrapper.click:(199) - Clicking on :[[ChromeDriver: chrome on WINDOWS (8d00381ad4fecb0a437074a43fcb0c97)] -> xpath: //div[@class='quick-guide']//a[text()='Remote Work']]
[INFO ][17-Nov-2021 18:34:42 pm] Selenium_Wrapper.click:(199) - Clicking on :[[ChromeDriver: chrome on WINDOWS (8d00381ad4fecb0a437074a43fcb0c97)] -> xpath: //button[@class='rn_RecommendContentButton p-0']]
[INFO ][17-Nov-2021 18:34:43 pm] Selenium_Wrapper.enterText:(311) - Entering Text :Test Improve, comments, updates in WebElement :[[ChromeDriver: chrome on WINDOWS (8d00381ad4fecb0a437074a43fcb0c97)] -> id: rn_RequestUpdate_25_Description]
[INFO ][17-Nov-2021 18:34:49 pm] Selenium_Wrapper.click:(199) - Clicking on :[[ChromeDriver: chrome on WINDOWS (8d00381ad4fecb0a437074a43fcb0c97)] -> xpath: //button[@class='yui3-button yui3-button-close']]
[INFO ][17-Nov-2021 18:35:00 pm] Selenium_Wrapper.click:(199) - Clicking on :[[ChromeDriver: chrome on WINDOWS (8d00381ad4fecb0a437074a43fcb0c97)] -> id: relatedPages_headingOne]
[INFO ][17-Nov-2021 18:35:07 pm] Selenium_Wrapper.click:(199) - Clicking on :[[ChromeDriver: chrome on WINDOWS (8d00381ad4fecb0a437074a43fcb0c97)] -> id: relatedPages_headingOne]
[INFO ][17-Nov-2021 18:35:14 pm] Selenium_Wrapper.enterText:(311) - Entering Text :Auto Loan in WebElement :[[ChromeDriver: chrome on WINDOWS (8d00381ad4fecb0a437074a43fcb0c97)] -> id: rn_SearchHome_18_SearchInput]
[INFO ][17-Nov-2021 18:35:28 pm] Selenium_Wrapper.click:(199) - Clicking on :[[ChromeDriver: chrome on WINDOWS (8d00381ad4fecb0a437074a43fcb0c97)] -> xpath: //ul[@aria-label='Suggested Search']//li[@class='rn_SuggestionItem'][normalize-space()='Auto Loan']]
[INFO ][17-Nov-2021 18:35:44 pm] Selenium_Wrapper.click:(199) - Clicking on :[[ChromeDriver: chrome on WINDOWS (8d00381ad4fecb0a437074a43fcb0c97)] -> class name: knowledge]
