[INFO ][07-Nov-2021 18:44:49 pm] Selenium_Wrapper.openBrowser:(48) - Opening chrome browser.
[INFO ][07-Nov-2021 18:44:54 pm] Selenium_Wrapper.enterURL:(82) - Entering url :https://macu1--tst.custhelp.com/AgentWeb/
[INFO ][07-Nov-2021 18:44:58 pm] Selenium_Wrapper.enterText:(311) - Entering Text :RNT_pramod in WebElement :[[ChromeDriver: chrome on WINDOWS (25c2c40e2b62640213bfa58d79e3fc66)] -> id: username]
[INFO ][07-Nov-2021 18:44:59 pm] Selenium_Wrapper.enterText:(311) - Entering Text :Welcome123 in WebElement :[[ChromeDriver: chrome on WINDOWS (25c2c40e2b62640213bfa58d79e3fc66)] -> id: password]
[INFO ][07-Nov-2021 18:45:29 pm] Selenium_Wrapper.click:(199) - Clicking on :[[ChromeDriver: chrome on WINDOWS (25c2c40e2b62640213bfa58d79e3fc66)] -> id: loginbutton]
[INFO ][07-Nov-2021 18:45:39 pm] Selenium_Wrapper.click:(199) - Clicking on :[[ChromeDriver: chrome on WINDOWS (25c2c40e2b62640213bfa58d79e3fc66)] -> xpath: //div[@id='landingPanel-notifications']//button[@class='oj-button oj-button-half-chrome mobile-close-icon mobile-close-button closeFoldout']//label[text()='Close Action Center']]
[INFO ][07-Nov-2021 18:45:47 pm] Selenium_Wrapper.click:(199) - Clicking on :[[ChromeDriver: chrome on WINDOWS (25c2c40e2b62640213bfa58d79e3fc66)] -> xpath: (//span[@class='oj-button-icon oj-start navigator-icon oj-button-icon oj-start'])[1]]
[INFO ][07-Nov-2021 18:45:52 pm] Selenium_Wrapper.click:(199) - Clicking on :[[ChromeDriver: chrome on WINDOWS (25c2c40e2b62640213bfa58d79e3fc66)] -> xpath: (//div[text()='Analytics']//a)]
[INFO ][07-Nov-2021 18:45:57 pm] Selenium_Wrapper.click:(199) - Clicking on :[[ChromeDriver: chrome on WINDOWS (25c2c40e2b62640213bfa58d79e3fc66)] -> xpath: //span[text()='Reports Explorer']]
[INFO ][07-Nov-2021 18:46:02 pm] Selenium_Wrapper.click:(199) - Clicking on :[[ChromeDriver: chrome on WINDOWS (25c2c40e2b62640213bfa58d79e3fc66)] -> xpath: //div[text()='Public Reports']]
[INFO ][07-Nov-2021 18:46:08 pm] Selenium_Wrapper.click:(199) - Clicking on :[[ChromeDriver: chrome on WINDOWS (25c2c40e2b62640213bfa58d79e3fc66)] -> xpath: //div[text()='MACU CUSTOM REPORTS']]
[INFO ][07-Nov-2021 18:46:13 pm] Selenium_Wrapper.click:(199) - Clicking on :[[ChromeDriver: chrome on WINDOWS (25c2c40e2b62640213bfa58d79e3fc66)] -> xpath: //div[text()='SoftClouds']]
[INFO ][07-Nov-2021 18:46:18 pm] Selenium_Wrapper.click:(199) - Clicking on :[[ChromeDriver: chrome on WINDOWS (25c2c40e2b62640213bfa58d79e3fc66)] -> xpath: //div[text()='OKCS']]
[INFO ][07-Nov-2021 18:46:35 pm] Selenium_Wrapper.click:(199) - Clicking on :[[ChromeDriver: chrome on WINDOWS (25c2c40e2b62640213bfa58d79e3fc66)] -> xpath: (//span[text()='Search'])[3]]
[INFO ][07-Nov-2021 18:46:41 pm] Selenium_Wrapper.click:(199) - Clicking on :[[ChromeDriver: chrome on WINDOWS (25c2c40e2b62640213bfa58d79e3fc66)] -> xpath: (//span[contains(@title,'Thumbsup Count')]//a)[3]]
[INFO ][07-Nov-2021 18:46:51 pm] Selenium_Wrapper.click:(199) - Clicking on :[[ChromeDriver: chrome on WINDOWS (25c2c40e2b62640213bfa58d79e3fc66)] -> xpath: (//div[@class='breadcrumbContainer']//ul//li//a)[1]]
[INFO ][07-Nov-2021 18:47:01 pm] Selenium_Wrapper.click:(199) - Clicking on :[[ChromeDriver: chrome on WINDOWS (25c2c40e2b62640213bfa58d79e3fc66)] -> xpath: (//div[@class='primary-tab-header']//ul//li)[2]//span//a//i]
[INFO ][07-Nov-2021 18:47:12 pm] Selenium_Wrapper.click:(199) - Clicking on :[[ChromeDriver: chrome on WINDOWS (25c2c40e2b62640213bfa58d79e3fc66)] -> xpath: //body//span[@id='initialsText']]
[INFO ][07-Nov-2021 18:47:19 pm] Selenium_Wrapper.click:(199) - Clicking on :[[ChromeDriver: chrome on WINDOWS (25c2c40e2b62640213bfa58d79e3fc66)] -> xpath: //a//span[text()='Sign Out']]
[INFO ][07-Nov-2021 18:47:31 pm] Selenium_Wrapper.click:(199) - Clicking on :[[ChromeDriver: chrome on WINDOWS (25c2c40e2b62640213bfa58d79e3fc66)] -> xpath: //a[text()='Click here']]
[INFO ][07-Nov-2021 18:47:34 pm] Selenium_Wrapper.closeCurrentBrowser:(650) - Closing the current Browser
