[INFO ][09-Aug-2023 18:56:36 pm] Selenium_Wrapper.openBrowser:(48) - Opening chrome browser.
[INFO ][09-Aug-2023 18:56:42 pm] Selenium_Wrapper.enterURL:(82) - Entering url :https://macu1--tst1.custhelp.com/app/home
[INFO ][09-Aug-2023 18:56:47 pm] Selenium_Wrapper.enterText:(311) - Entering Text :swamyk in WebElement :[[ChromeDriver: chrome on WINDOWS (cdf97933850dfb3f4f0bfd49de7530f6)] -> id: rn_LoginForm_2_Username]
[INFO ][09-Aug-2023 18:56:48 pm] Selenium_Wrapper.enterText:(311) - Entering Text :Soft@123 in WebElement :[[ChromeDriver: chrome on WINDOWS (cdf97933850dfb3f4f0bfd49de7530f6)] -> id: rn_LoginForm_2_Password]
[INFO ][09-Aug-2023 18:56:55 pm] Selenium_Wrapper.click:(199) - Clicking on :[[ChromeDriver: chrome on WINDOWS (cdf97933850dfb3f4f0bfd49de7530f6)] -> id: rn_LoginForm_2_Submit]
[INFO ][09-Aug-2023 18:57:18 pm] Selenium_Wrapper.click:(199) - Clicking on :[[ChromeDriver: chrome on WINDOWS (cdf97933850dfb3f4f0bfd49de7530f6)] -> xpath: //p[@class='search_text']//a[text()='browse all PAGES']]
[INFO ][09-Aug-2023 18:57:35 pm] Selenium_Wrapper.click:(199) - Clicking on :[[ChromeDriver: chrome on WINDOWS (cdf97933850dfb3f4f0bfd49de7530f6)] -> xpath: //a[text()='Knowledge Center']]
[ERROR][09-Aug-2023 18:58:22 pm] Selenium_Wrapper.highlightWebElement:(417) - org.openqa.selenium.NoSuchElementException: no such element: Unable to locate element: {"method":"xpath","selector":"//h2[normalize-space()='TRENDING FOR']"}
  (Session info: chrome=115.0.5790.171)
For documentation on this error, please visit: https://www.seleniumhq.org/exceptions/no_such_element.html
Build info: version: '3.141.59', revision: 'e82be7d358', time: '2018-11-14T08:17:03'
System info: host: 'CAF-QA-SWAMYK', ip: '192.168.0.6', os.name: 'Windows 10', os.arch: 'amd64', os.version: '10.0', java.version: '17.0.5'
Driver info: org.openqa.selenium.chrome.ChromeDriver
Capabilities {acceptInsecureCerts: false, browserName: chrome, browserVersion: 115.0.5790.171, chrome: {chromedriverVersion: 114.0.5735.90 (386bc09e8f4f..., userDataDir: C:\Users\swamyk\AppData\Loc...}, goog:chromeOptions: {debuggerAddress: localhost:56855}, javascriptEnabled: true, networkConnectionEnabled: false, pageLoadStrategy: normal, platform: WINDOWS, platformName: WINDOWS, proxy: Proxy(), setWindowRect: true, strictFileInteractability: false, timeouts: {implicit: 0, pageLoad: 300000, script: 30000}, unhandledPromptBehavior: dismiss and notify, webauthn:extension:credBlob: true, webauthn:extension:largeBlob: true, webauthn:extension:minPinLength: true, webauthn:extension:prf: true, webauthn:virtualAuthenticators: true}
Session ID: cdf97933850dfb3f4f0bfd49de7530f6
*** Element info: {Using=xpath, value=//h2[normalize-space()='TRENDING FOR']}
[INFO ][09-Aug-2023 18:58:33 pm] Selenium_Wrapper.click:(199) - Clicking on :[[ChromeDriver: chrome on WINDOWS (cdf97933850dfb3f4f0bfd49de7530f6)] -> xpath: //div[@id='rn_RequestUpdate_9_RecommendContent']//button]
[INFO ][09-Aug-2023 18:58:34 pm] Selenium_Wrapper.enterText:(311) - Entering Text :Test Improve, comments, updates in WebElement :[[ChromeDriver: chrome on WINDOWS (cdf97933850dfb3f4f0bfd49de7530f6)] -> xpath: //textarea[@id='rn_RequestUpdate_9_Description']]
[INFO ][09-Aug-2023 18:58:39 pm] Selenium_Wrapper.click:(199) - Clicking on :[[ChromeDriver: chrome on WINDOWS (cdf97933850dfb3f4f0bfd49de7530f6)] -> xpath: //span[@class='yui3-widget-buttons']//button[@class='yui3-button yui3-button-close']]
[INFO ][09-Aug-2023 18:59:00 pm] Selenium_Wrapper.click:(199) - Clicking on :[[ChromeDriver: chrome on WINDOWS (cdf97933850dfb3f4f0bfd49de7530f6)] -> xpath: //h2[@class='footer_heading']/a[text()='Browse all pages']]
[INFO ][09-Aug-2023 18:59:18 pm] Selenium_Wrapper.click:(199) - Clicking on :[[ChromeDriver: chrome on WINDOWS (cdf97933850dfb3f4f0bfd49de7530f6)] -> xpath: //a[text()='Knowledge Center']]
[INFO ][09-Aug-2023 18:59:38 pm] Selenium_Wrapper.click:(199) - Clicking on :[[ChromeDriver: chrome on WINDOWS (cdf97933850dfb3f4f0bfd49de7530f6)] -> xpath: //p[@class='search_text text-left ml-0']/a[text()='GO TO A-Z INDEX']]
[INFO ][09-Aug-2023 19:00:04 pm] Selenium_Wrapper.click:(199) - Clicking on :[[ChromeDriver: chrome on WINDOWS (cdf97933850dfb3f4f0bfd49de7530f6)] -> xpath: //div[@id='rn_A_ZIndex_2']//ul[@class='indexing_list']//a[text()='K']]
[INFO ][09-Aug-2023 19:00:17 pm] Selenium_Wrapper.click:(199) - Clicking on :[[ChromeDriver: chrome on WINDOWS (cdf97933850dfb3f4f0bfd49de7530f6)] -> xpath: //div[@id='rn_A_ZIndex_2']//ul[@class='indexing_list']//a[text()='P']]
[INFO ][09-Aug-2023 19:00:32 pm] Selenium_Wrapper.click:(199) - Clicking on :[[ChromeDriver: chrome on WINDOWS (cdf97933850dfb3f4f0bfd49de7530f6)] -> xpath: //a[text()='Knowledge Center']]
