[INFO ][07-Nov-2021 18:55:15 pm] Selenium_Wrapper.openBrowser:(48) - Opening chrome browser.
[INFO ][07-Nov-2021 18:55:24 pm] Selenium_Wrapper.enterURL:(82) - Entering url :https://macu1--tst.custhelp.com/app/home
[INFO ][07-Nov-2021 18:55:28 pm] Selenium_Wrapper.enterText:(311) - Entering Text :pramodk in WebElement :[[ChromeDriver: chrome on WINDOWS (3667f7bf57bbd0e21db19e5d6df34e56)] -> id: rn_LoginForm_2_Username]
[INFO ][07-Nov-2021 18:55:29 pm] Selenium_Wrapper.enterText:(311) - Entering Text :Soft@123 in WebElement :[[ChromeDriver: chrome on WINDOWS (3667f7bf57bbd0e21db19e5d6df34e56)] -> id: rn_LoginForm_2_Password]
[INFO ][07-Nov-2021 18:55:36 pm] Selenium_Wrapper.click:(199) - Clicking on :[[ChromeDriver: chrome on WINDOWS (3667f7bf57bbd0e21db19e5d6df34e56)] -> id: rn_LoginForm_2_Submit]
[INFO ][07-Nov-2021 18:55:45 pm] Selenium_Wrapper.click:(199) - Clicking on :[[ChromeDriver: chrome on WINDOWS (3667f7bf57bbd0e21db19e5d6df34e56)] -> xpath: //input[@type='search']]
[INFO ][07-Nov-2021 18:55:46 pm] Selenium_Wrapper.enterText:(311) - Entering Text :Flexible Work in WebElement :[[ChromeDriver: chrome on WINDOWS (3667f7bf57bbd0e21db19e5d6df34e56)] -> xpath: //input[@type='search']]
[INFO ][07-Nov-2021 18:55:59 pm] Selenium_Wrapper.click:(199) - Clicking on :[[ChromeDriver: chrome on WINDOWS (3667f7bf57bbd0e21db19e5d6df34e56)] -> xpath: //ul[@aria-label='Suggested Search']//li[normalize-space()='Flexible Work']]
[INFO ][07-Nov-2021 18:56:06 pm] Selenium_Wrapper.click:(199) - Clicking on :[[ChromeDriver: chrome on WINDOWS (3667f7bf57bbd0e21db19e5d6df34e56)] -> xpath: //div[@class='rn_SearchResultContent']//a[text()='Flexible Work']]
[INFO ][07-Nov-2021 18:56:23 pm] Selenium_Wrapper.click:(199) - Clicking on :[[ChromeDriver: chrome on WINDOWS (3667f7bf57bbd0e21db19e5d6df34e56)] -> xpath: //div[@class='main_image_div']//div[@class='thumbs_up_down'][2]]
[INFO ][07-Nov-2021 18:56:34 pm] Selenium_Wrapper.click:(199) - Clicking on :[[ChromeDriver: chrome on WINDOWS (3667f7bf57bbd0e21db19e5d6df34e56)] -> id: rn_AnswerRating_3_22_FeedbackMessage]
[INFO ][07-Nov-2021 18:56:35 pm] Selenium_Wrapper.enterText:(311) - Entering Text :Flexible Work - ThumbDown Comments in WebElement :[[ChromeDriver: chrome on WINDOWS (3667f7bf57bbd0e21db19e5d6df34e56)] -> id: rn_AnswerRating_3_22_FeedbackMessage]
[INFO ][07-Nov-2021 18:56:40 pm] Selenium_Wrapper.click:(199) - Clicking on :[[ChromeDriver: chrome on WINDOWS (3667f7bf57bbd0e21db19e5d6df34e56)] -> xpath: //button[text()='SUBMIT']]
[INFO ][07-Nov-2021 18:56:46 pm] Selenium_Wrapper.click:(199) - Clicking on :[[ChromeDriver: chrome on WINDOWS (3667f7bf57bbd0e21db19e5d6df34e56)] -> xpath: //button[@class='yui3-button yui3-button-close']]
[INFO ][07-Nov-2021 18:56:56 pm] Selenium_Wrapper.click:(199) - Clicking on :[[ChromeDriver: chrome on WINDOWS (3667f7bf57bbd0e21db19e5d6df34e56)] -> xpath: //div[@class='dropdown']]
[INFO ][07-Nov-2021 18:57:06 pm] Selenium_Wrapper.click:(199) - Clicking on :[[ChromeDriver: chrome on WINDOWS (3667f7bf57bbd0e21db19e5d6df34e56)] -> xpath: //a[text()='My Feedback']]
[INFO ][07-Nov-2021 18:57:29 pm] Selenium_Wrapper.click:(199) - Clicking on :[[ChromeDriver: chrome on WINDOWS (3667f7bf57bbd0e21db19e5d6df34e56)] -> xpath: ((//table//tbody)[2]//a)[1]]
[INFO ][07-Nov-2021 18:57:51 pm] Selenium_Wrapper.click:(199) - Clicking on :[[ChromeDriver: chrome on WINDOWS (3667f7bf57bbd0e21db19e5d6df34e56)] -> class name: knowledge]
[INFO ][07-Nov-2021 18:57:52 pm] Selenium_Wrapper.openBrowser:(48) - Opening chrome browser.
[INFO ][07-Nov-2021 18:57:56 pm] Selenium_Wrapper.enterURL:(82) - Entering url :https://macu1--tst.custhelp.com/AgentWeb/
[INFO ][07-Nov-2021 18:58:01 pm] Selenium_Wrapper.enterText:(311) - Entering Text :RNT_pramod in WebElement :[[ChromeDriver: chrome on WINDOWS (6042ac9c03f032171428d3369fd600e6)] -> id: username]
[INFO ][07-Nov-2021 18:58:02 pm] Selenium_Wrapper.enterText:(311) - Entering Text :Welcome123 in WebElement :[[ChromeDriver: chrome on WINDOWS (6042ac9c03f032171428d3369fd600e6)] -> id: password]
[INFO ][07-Nov-2021 18:58:31 pm] Selenium_Wrapper.click:(199) - Clicking on :[[ChromeDriver: chrome on WINDOWS (6042ac9c03f032171428d3369fd600e6)] -> id: loginbutton]
[INFO ][07-Nov-2021 18:58:41 pm] Selenium_Wrapper.click:(199) - Clicking on :[[ChromeDriver: chrome on WINDOWS (6042ac9c03f032171428d3369fd600e6)] -> xpath: //div[@id='landingPanel-notifications']//button[@class='oj-button oj-button-half-chrome mobile-close-icon mobile-close-button closeFoldout']//label[text()='Close Action Center']]
[INFO ][07-Nov-2021 18:58:48 pm] Selenium_Wrapper.click:(199) - Clicking on :[[ChromeDriver: chrome on WINDOWS (6042ac9c03f032171428d3369fd600e6)] -> xpath: (//span[@class='oj-button-icon oj-start navigator-icon oj-button-icon oj-start'])[1]]
[INFO ][07-Nov-2021 18:58:53 pm] Selenium_Wrapper.click:(199) - Clicking on :[[ChromeDriver: chrome on WINDOWS (6042ac9c03f032171428d3369fd600e6)] -> xpath: (//div[text()='Analytics']//a)]
[INFO ][07-Nov-2021 18:58:59 pm] Selenium_Wrapper.click:(199) - Clicking on :[[ChromeDriver: chrome on WINDOWS (6042ac9c03f032171428d3369fd600e6)] -> xpath: //span[text()='Reports Explorer']]
[INFO ][07-Nov-2021 18:59:04 pm] Selenium_Wrapper.click:(199) - Clicking on :[[ChromeDriver: chrome on WINDOWS (6042ac9c03f032171428d3369fd600e6)] -> xpath: //div[text()='Public Reports']]
[INFO ][07-Nov-2021 18:59:09 pm] Selenium_Wrapper.click:(199) - Clicking on :[[ChromeDriver: chrome on WINDOWS (6042ac9c03f032171428d3369fd600e6)] -> xpath: //div[text()='MACU CUSTOM REPORTS']]
[INFO ][07-Nov-2021 18:59:15 pm] Selenium_Wrapper.click:(199) - Clicking on :[[ChromeDriver: chrome on WINDOWS (6042ac9c03f032171428d3369fd600e6)] -> xpath: //div[text()='SoftClouds']]
[INFO ][07-Nov-2021 18:59:20 pm] Selenium_Wrapper.click:(199) - Clicking on :[[ChromeDriver: chrome on WINDOWS (6042ac9c03f032171428d3369fd600e6)] -> xpath: //div[text()='OKCS']]
[INFO ][07-Nov-2021 18:59:44 pm] Selenium_Wrapper.click:(199) - Clicking on :[[ChromeDriver: chrome on WINDOWS (6042ac9c03f032171428d3369fd600e6)] -> xpath: //div[contains(@class,'cke_wysiwyg_div')]]
[INFO ][07-Nov-2021 18:59:51 pm] Selenium_Wrapper.enterText:(311) - Entering Text :It is working as per Expected in WebElement :[[ChromeDriver: chrome on WINDOWS (6042ac9c03f032171428d3369fd600e6)] -> xpath: //div[contains(@class,'cke_wysiwyg_div')]]
[INFO ][07-Nov-2021 18:59:56 pm] Selenium_Wrapper.click:(199) - Clicking on :[[ChromeDriver: chrome on WINDOWS (6042ac9c03f032171428d3369fd600e6)] -> xpath: //button[@title='Send an incident response and save the incident']]
[INFO ][07-Nov-2021 19:00:06 pm] Selenium_Wrapper.click:(199) - Clicking on :[[ChromeDriver: chrome on WINDOWS (6042ac9c03f032171428d3369fd600e6)] -> xpath: //button[@data-commandtype='SaveAndSendAndClose']]
[INFO ][07-Nov-2021 19:00:16 pm] Selenium_Wrapper.click:(199) - Clicking on :[[ChromeDriver: chrome on WINDOWS (6042ac9c03f032171428d3369fd600e6)] -> xpath: //span[text()='Yes']]
[INFO ][07-Nov-2021 19:00:27 pm] Selenium_Wrapper.click:(199) - Clicking on :[[ChromeDriver: chrome on WINDOWS (6042ac9c03f032171428d3369fd600e6)] -> xpath: //div[contains(@class,'refresh-icon')]]
[INFO ][07-Nov-2021 19:00:39 pm] Selenium_Wrapper.click:(199) - Clicking on :[[ChromeDriver: chrome on WINDOWS (6042ac9c03f032171428d3369fd600e6)] -> xpath: (//div[@class='primary-tab-header']//ul//li)[2]//span//a//i]
[INFO ][07-Nov-2021 19:00:49 pm] Selenium_Wrapper.click:(199) - Clicking on :[[ChromeDriver: chrome on WINDOWS (6042ac9c03f032171428d3369fd600e6)] -> xpath: //body//span[@id='initialsText']]
[INFO ][07-Nov-2021 19:01:00 pm] Selenium_Wrapper.click:(199) - Clicking on :[[ChromeDriver: chrome on WINDOWS (6042ac9c03f032171428d3369fd600e6)] -> xpath: //a//span[text()='Sign Out']]
[INFO ][07-Nov-2021 19:01:12 pm] Selenium_Wrapper.click:(199) - Clicking on :[[ChromeDriver: chrome on WINDOWS (6042ac9c03f032171428d3369fd600e6)] -> xpath: //a[text()='Click here']]
[INFO ][07-Nov-2021 19:01:15 pm] Selenium_Wrapper.closeCurrentBrowser:(650) - Closing the current Browser
[ERROR][07-Nov-2021 19:01:18 pm] ThumbsDownFeedBack.testCPSignout:(115) - Logout/SignOut un-successfull
