[INFO ][09-Aug-2023 19:01:48 pm] Selenium_Wrapper.openBrowser:(48) - Opening chrome browser.
[INFO ][09-Aug-2023 19:01:54 pm] Selenium_Wrapper.enterURL:(82) - Entering url :https://macu1--tst1.custhelp.com/app/home
[INFO ][09-Aug-2023 19:01:59 pm] Selenium_Wrapper.enterText:(311) - Entering Text :swamyk in WebElement :[[ChromeDriver: chrome on WINDOWS (9ac8794fc25fe8a62ca02f50162e7286)] -> id: rn_LoginForm_2_Username]
[INFO ][09-Aug-2023 19:02:00 pm] Selenium_Wrapper.enterText:(311) - Entering Text :Soft@123 in WebElement :[[ChromeDriver: chrome on WINDOWS (9ac8794fc25fe8a62ca02f50162e7286)] -> id: rn_LoginForm_2_Password]
[INFO ][09-Aug-2023 19:02:07 pm] Selenium_Wrapper.click:(199) - Clicking on :[[ChromeDriver: chrome on WINDOWS (9ac8794fc25fe8a62ca02f50162e7286)] -> id: rn_LoginForm_2_Submit]
[INFO ][09-Aug-2023 19:02:18 pm] Selenium_Wrapper.click:(199) - Clicking on :[[ChromeDriver: chrome on WINDOWS (9ac8794fc25fe8a62ca02f50162e7286)] -> xpath: //div[@class='dropdown']]
[INFO ][09-Aug-2023 19:02:43 pm] Selenium_Wrapper.click:(199) - Clicking on :[[ChromeDriver: chrome on WINDOWS (9ac8794fc25fe8a62ca02f50162e7286)] -> xpath: //a[text()='My Activity']]
[INFO ][09-Aug-2023 19:02:50 pm] Selenium_Wrapper.click:(199) - Clicking on :[[ChromeDriver: chrome on WINDOWS (9ac8794fc25fe8a62ca02f50162e7286)] -> xpath: //input[@type='search']]
[INFO ][09-Aug-2023 19:02:52 pm] Selenium_Wrapper.enterText:(311) - Entering Text :Business Auto Loan - ALPS 1.0 in WebElement :[[ChromeDriver: chrome on WINDOWS (9ac8794fc25fe8a62ca02f50162e7286)] -> xpath: //input[@type='search']]
[INFO ][09-Aug-2023 19:03:07 pm] Selenium_Wrapper.click:(199) - Clicking on :[[ChromeDriver: chrome on WINDOWS (9ac8794fc25fe8a62ca02f50162e7286)] -> xpath: //ul[@aria-label='Suggested Search']/li[normalize-space()='Business Auto Loan - ALPS 1.0']]
[INFO ][09-Aug-2023 19:03:20 pm] Selenium_Wrapper.click:(199) - Clicking on :[[ChromeDriver: chrome on WINDOWS (9ac8794fc25fe8a62ca02f50162e7286)] -> class name: knowledge]
[INFO ][09-Aug-2023 19:03:27 pm] Selenium_Wrapper.click:(199) - Clicking on :[[ChromeDriver: chrome on WINDOWS (9ac8794fc25fe8a62ca02f50162e7286)] -> xpath: //div[@class='dropdown']]
[INFO ][09-Aug-2023 19:03:36 pm] Selenium_Wrapper.click:(199) - Clicking on :[[ChromeDriver: chrome on WINDOWS (9ac8794fc25fe8a62ca02f50162e7286)] -> xpath: //a[text()='My Activity']]
[INFO ][09-Aug-2023 19:03:47 pm] Selenium_Wrapper.click:(199) - Clicking on :[[ChromeDriver: chrome on WINDOWS (9ac8794fc25fe8a62ca02f50162e7286)] -> xpath: //a[text()='browse all PAGES']]
[INFO ][09-Aug-2023 19:04:14 pm] Selenium_Wrapper.click:(199) - Clicking on :[[ChromeDriver: chrome on WINDOWS (9ac8794fc25fe8a62ca02f50162e7286)] -> xpath: //button[@class='rn_RecommendContentButton p-0']]
[INFO ][09-Aug-2023 19:04:15 pm] Selenium_Wrapper.enterText:(311) - Entering Text :Test Improve, comments, updates in WebElement :[[ChromeDriver: chrome on WINDOWS (9ac8794fc25fe8a62ca02f50162e7286)] -> id: rn_RequestUpdate_9_Description]
[INFO ][09-Aug-2023 19:04:20 pm] Selenium_Wrapper.click:(199) - Clicking on :[[ChromeDriver: chrome on WINDOWS (9ac8794fc25fe8a62ca02f50162e7286)] -> xpath: //button[text()='Submit']]
[INFO ][09-Aug-2023 19:04:25 pm] Selenium_Wrapper.click:(199) - Clicking on :[[ChromeDriver: chrome on WINDOWS (9ac8794fc25fe8a62ca02f50162e7286)] -> xpath: //div[@id='rnDialog2']//button[@type='button']]
[INFO ][09-Aug-2023 19:04:38 pm] Selenium_Wrapper.click:(199) - Clicking on :[[ChromeDriver: chrome on WINDOWS (9ac8794fc25fe8a62ca02f50162e7286)] -> class name: knowledge]
[INFO ][09-Aug-2023 19:04:41 pm] Selenium_Wrapper.closeCurrentBrowser:(651) - Closing the current Browser
