[INFO ][24-Feb-2023 19:08:50 PM] Selenium_Wrapper.openBrowser:(48) - Opening chrome browser.
[INFO ][24-Feb-2023 19:08:53 PM] Selenium_Wrapper.enterURL:(82) - Entering url :https://macu1--upgrade.custhelp.com/
[INFO ][24-Feb-2023 19:08:58 PM] Selenium_Wrapper.enterText:(311) - Entering Text :automation_testing in WebElement :[[ChromeDriver: chrome on WINDOWS (806f6617c87a008c8706c0dd2390eac9)] -> id: rn_LoginForm_2_Username]
[INFO ][24-Feb-2023 19:08:59 PM] Selenium_Wrapper.enterText:(311) - Entering Text :Soft@123 in WebElement :[[ChromeDriver: chrome on WINDOWS (806f6617c87a008c8706c0dd2390eac9)] -> id: rn_LoginForm_2_Password]
[INFO ][24-Feb-2023 19:09:06 PM] Selenium_Wrapper.click:(199) - Clicking on :[[ChromeDriver: chrome on WINDOWS (806f6617c87a008c8706c0dd2390eac9)] -> id: rn_LoginForm_2_Submit]
[INFO ][24-Feb-2023 19:09:16 PM] Selenium_Wrapper.click:(199) - Clicking on :[[ChromeDriver: chrome on WINDOWS (806f6617c87a008c8706c0dd2390eac9)] -> xpath: //input[@type='search']]
[INFO ][24-Feb-2023 19:09:17 PM] Selenium_Wrapper.enterText:(311) - Entering Text :Business Auto Loan in WebElement :[[ChromeDriver: chrome on WINDOWS (806f6617c87a008c8706c0dd2390eac9)] -> xpath: //input[@type='search']]
[INFO ][24-Feb-2023 19:09:31 PM] Selenium_Wrapper.click:(199) - Clicking on :[[ChromeDriver: chrome on WINDOWS (806f6617c87a008c8706c0dd2390eac9)] -> xpath: //ul[@aria-label='Suggested Search']//li[normalize-space()= 'Business Auto Loan' ]]
[INFO ][24-Feb-2023 19:09:38 PM] Selenium_Wrapper.click:(199) - Clicking on :[[ChromeDriver: chrome on WINDOWS (806f6617c87a008c8706c0dd2390eac9)] -> xpath: //div[@class='rn_SearchResultContent']//a[text()='Business Auto Loan']]
[INFO ][24-Feb-2023 19:10:05 PM] Selenium_Wrapper.click:(199) - Clicking on :[[ChromeDriver: chrome on WINDOWS (806f6617c87a008c8706c0dd2390eac9)] -> xpath: //a[@class='add_bookmarkButton']//img[@class='bookmark_icon_blank']]
[INFO ][24-Feb-2023 19:10:12 PM] Selenium_Wrapper.click:(199) - Clicking on :[[ChromeDriver: chrome on WINDOWS (806f6617c87a008c8706c0dd2390eac9)] -> xpath: //div[@class='dropdown']]
[INFO ][24-Feb-2023 19:10:21 PM] Selenium_Wrapper.click:(199) - Clicking on :[[ChromeDriver: chrome on WINDOWS (806f6617c87a008c8706c0dd2390eac9)] -> xpath: //div[@class='data Custom-data']//a[text()='My Bookmarks']]
[INFO ][24-Feb-2023 19:10:42 PM] Selenium_Wrapper.click:(199) - Clicking on :[[ChromeDriver: chrome on WINDOWS (806f6617c87a008c8706c0dd2390eac9)] -> xpath: //a[contains(text(),'Business Auto Loan')]//parent::div[@class='rn_Notification_Info']//following-sibling::div[@class='rn_Notification_Actions']//button[@class='rn_Notification_Delete']//img[@class='bookmark_del_ico']]
[INFO ][24-Feb-2023 19:11:03 PM] Selenium_Wrapper.click:(199) - Clicking on :[[ChromeDriver: chrome on WINDOWS (806f6617c87a008c8706c0dd2390eac9)] -> class name: knowledge]
[INFO ][24-Feb-2023 19:11:11 PM] Selenium_Wrapper.click:(199) - Clicking on :[[ChromeDriver: chrome on WINDOWS (806f6617c87a008c8706c0dd2390eac9)] -> xpath: //input[@type='search']]
[INFO ][24-Feb-2023 19:11:12 PM] Selenium_Wrapper.enterText:(311) - Entering Text :Business Auto Loan in WebElement :[[ChromeDriver: chrome on WINDOWS (806f6617c87a008c8706c0dd2390eac9)] -> xpath: //input[@type='search']]
[INFO ][24-Feb-2023 19:11:20 PM] Selenium_Wrapper.click:(199) - Clicking on :[[ChromeDriver: chrome on WINDOWS (806f6617c87a008c8706c0dd2390eac9)] -> xpath: //ul[@aria-label='Suggested Search']//li[normalize-space()= 'Business Auto Loan' ]]
[INFO ][24-Feb-2023 19:11:27 PM] Selenium_Wrapper.click:(199) - Clicking on :[[ChromeDriver: chrome on WINDOWS (806f6617c87a008c8706c0dd2390eac9)] -> xpath: //div[@class='rn_SearchResultContent']//a[text()='Business Auto Loan']]
[INFO ][24-Feb-2023 19:11:37 PM] Selenium_Wrapper.click:(199) - Clicking on :[[ChromeDriver: chrome on WINDOWS (806f6617c87a008c8706c0dd2390eac9)] -> xpath: //div[contains(@class,'EmailAnswerLink')]//img[@class='share_icon_default']]
[INFO ][24-Feb-2023 19:11:42 PM] Selenium_Wrapper.click:(199) - Clicking on :[[ChromeDriver: chrome on WINDOWS (806f6617c87a008c8706c0dd2390eac9)] -> xpath: //div[@id='rnDialog1']//input[@class='select2-search__field']]
[INFO ][24-Feb-2023 19:11:44 PM] Selenium_Wrapper.enterText:(311) - Entering Text :Aaron Brown in WebElement :[[ChromeDriver: chrome on WINDOWS (806f6617c87a008c8706c0dd2390eac9)] -> xpath: //div[@id='rnDialog1']//input[@class='select2-search__field']]
[INFO ][24-Feb-2023 19:11:52 PM] Selenium_Wrapper.click:(199) - Clicking on :[[ChromeDriver: chrome on WINDOWS (806f6617c87a008c8706c0dd2390eac9)] -> xpath: //ul[@class='select2-results__options']//li[text()='Aaron Brown']]
[INFO ][24-Feb-2023 19:11:57 PM] Selenium_Wrapper.click:(199) - Clicking on :[[ChromeDriver: chrome on WINDOWS (806f6617c87a008c8706c0dd2390eac9)] -> xpath: //button[@class='yui3-button yui3-button-close']]
[INFO ][24-Feb-2023 19:12:12 PM] Selenium_Wrapper.click:(199) - Clicking on :[[ChromeDriver: chrome on WINDOWS (806f6617c87a008c8706c0dd2390eac9)] -> xpath: //div[@id='formsResources_panel']//div[@id='formsResources_headingOne']]
[INFO ][24-Feb-2023 19:12:27 PM] Selenium_Wrapper.clickUsingActions:(249) - Clicking on :[[ChromeDriver: chrome on WINDOWS (806f6617c87a008c8706c0dd2390eac9)] -> xpath: (//ul[@class='formsResources']//ul//li/a)[2]]
[INFO ][24-Feb-2023 19:12:49 PM] Selenium_Wrapper.click:(199) - Clicking on :[[ChromeDriver: chrome on WINDOWS (806f6617c87a008c8706c0dd2390eac9)] -> class name: knowledge]
[INFO ][24-Feb-2023 19:13:00 PM] Selenium_Wrapper.click:(199) - Clicking on :[[ChromeDriver: chrome on WINDOWS (806f6617c87a008c8706c0dd2390eac9)] -> xpath: //input[@type='search']]
[INFO ][24-Feb-2023 19:13:01 PM] Selenium_Wrapper.enterText:(311) - Entering Text :COVID-19 Critical Updates in WebElement :[[ChromeDriver: chrome on WINDOWS (806f6617c87a008c8706c0dd2390eac9)] -> xpath: //input[@type='search']]
[INFO ][24-Feb-2023 19:13:15 PM] Selenium_Wrapper.click:(199) - Clicking on :[[ChromeDriver: chrome on WINDOWS (806f6617c87a008c8706c0dd2390eac9)] -> xpath: //ul[@aria-label='Suggested Search']//li[normalize-space()='COVID-19 Critical Updates']]
[INFO ][24-Feb-2023 19:13:22 PM] Selenium_Wrapper.click:(199) - Clicking on :[[ChromeDriver: chrome on WINDOWS (806f6617c87a008c8706c0dd2390eac9)] -> xpath: //div[@class='rn_SearchResultContent']//a[text()='COVID-19 Critical Updates']]
[INFO ][24-Feb-2023 19:14:20 PM] Selenium_Wrapper.click:(199) - Clicking on :[[ChromeDriver: chrome on WINDOWS (806f6617c87a008c8706c0dd2390eac9)] -> xpath: //button[@class='rn_RecommendContentButton p-0']]
[INFO ][24-Feb-2023 19:14:21 PM] Selenium_Wrapper.enterText:(311) - Entering Text :Test Improve, comments, updates in WebElement :[[ChromeDriver: chrome on WINDOWS (806f6617c87a008c8706c0dd2390eac9)] -> xpath: //div[@id='rnDialog1_c']//textarea[contains(@id,RequestUpdate)]]
[INFO ][24-Feb-2023 19:14:26 PM] Selenium_Wrapper.click:(199) - Clicking on :[[ChromeDriver: chrome on WINDOWS (806f6617c87a008c8706c0dd2390eac9)] -> xpath: //button[@class='yui3-button yui3-button-close']]
[INFO ][24-Feb-2023 19:14:38 PM] Selenium_Wrapper.click:(199) - Clicking on :[[ChromeDriver: chrome on WINDOWS (806f6617c87a008c8706c0dd2390eac9)] -> id: relatedPages_headingOne]
[INFO ][24-Feb-2023 19:14:44 PM] Selenium_Wrapper.click:(199) - Clicking on :[[ChromeDriver: chrome on WINDOWS (806f6617c87a008c8706c0dd2390eac9)] -> id: relatedPages_headingOne]
[INFO ][24-Feb-2023 19:14:51 PM] Selenium_Wrapper.enterText:(311) - Entering Text :Business Auto Loan in WebElement :[[ChromeDriver: chrome on WINDOWS (806f6617c87a008c8706c0dd2390eac9)] -> xpath: //div[contains(@class,'input-group')]//input[@type='search']]
[INFO ][24-Feb-2023 19:15:02 PM] Selenium_Wrapper.click:(199) - Clicking on :[[ChromeDriver: chrome on WINDOWS (806f6617c87a008c8706c0dd2390eac9)] -> xpath: //ul[@aria-label='Suggested Search']//li[@class='rn_SuggestionItem'][normalize-space()='Business Auto Loan']]
[INFO ][24-Feb-2023 19:15:18 PM] Selenium_Wrapper.click:(199) - Clicking on :[[ChromeDriver: chrome on WINDOWS (806f6617c87a008c8706c0dd2390eac9)] -> class name: knowledge]
[INFO ][24-Feb-2023 19:15:22 PM] Selenium_Wrapper.closeCurrentBrowser:(651) - Closing the current Browser
