[INFO ][03-Aug-2023 19:18:21 pm] Selenium_Wrapper.openBrowser:(48) - Opening chrome browser.
[INFO ][03-Aug-2023 19:18:25 pm] Selenium_Wrapper.enterURL:(82) - Entering url :https://macu1--tst1.custhelp.com/app/home
[INFO ][03-Aug-2023 19:18:30 pm] Selenium_Wrapper.enterText:(311) - Entering Text :swamyk in WebElement :[[ChromeDriver: chrome on WINDOWS (272f08cad520618df9380aab9af2e3e1)] -> id: rn_LoginForm_2_Username]
[INFO ][03-Aug-2023 19:18:31 pm] Selenium_Wrapper.enterText:(311) - Entering Text :Soft@123 in WebElement :[[ChromeDriver: chrome on WINDOWS (272f08cad520618df9380aab9af2e3e1)] -> id: rn_LoginForm_2_Password]
[INFO ][03-Aug-2023 19:18:38 pm] Selenium_Wrapper.click:(199) - Clicking on :[[ChromeDriver: chrome on WINDOWS (272f08cad520618df9380aab9af2e3e1)] -> id: rn_LoginForm_2_Submit]
[INFO ][03-Aug-2023 19:18:47 pm] Selenium_Wrapper.click:(199) - Clicking on :[[ChromeDriver: chrome on WINDOWS (272f08cad520618df9380aab9af2e3e1)] -> xpath: //input[@type='search']]
[INFO ][03-Aug-2023 19:18:48 pm] Selenium_Wrapper.enterText:(311) - Entering Text :Business Auto Loan in WebElement :[[ChromeDriver: chrome on WINDOWS (272f08cad520618df9380aab9af2e3e1)] -> xpath: //input[@type='search']]
[INFO ][03-Aug-2023 19:18:59 pm] Selenium_Wrapper.click:(199) - Clicking on :[[ChromeDriver: chrome on WINDOWS (272f08cad520618df9380aab9af2e3e1)] -> xpath: //i[@class='fas fa-search search_icon']]
[INFO ][03-Aug-2023 19:19:06 pm] Selenium_Wrapper.click:(199) - Clicking on :[[ChromeDriver: chrome on WINDOWS (272f08cad520618df9380aab9af2e3e1)] -> xpath: //div[@class='rn_SearchResultContent']//tbody//tr//div//span[@class='rn_Element1']//a]
[ERROR][03-Aug-2023 19:19:13 pm] ArticlePage.testBookmarkArticle:(94) - Bookmark Article Test case is un-successfull
[INFO ][03-Aug-2023 19:19:22 pm] Selenium_Wrapper.click:(199) - Clicking on :[[ChromeDriver: chrome on WINDOWS (272f08cad520618df9380aab9af2e3e1)] -> xpath: //div[contains(@class,'EmailAnswerLink')]//img[@class='share_icon_default']]
[INFO ][03-Aug-2023 19:19:27 pm] Selenium_Wrapper.click:(199) - Clicking on :[[ChromeDriver: chrome on WINDOWS (272f08cad520618df9380aab9af2e3e1)] -> xpath: //div[@id='rnDialog1']//input[@class='select2-search__field']]
[INFO ][03-Aug-2023 19:19:28 pm] Selenium_Wrapper.enterText:(311) - Entering Text :Aaron Brown in WebElement :[[ChromeDriver: chrome on WINDOWS (272f08cad520618df9380aab9af2e3e1)] -> xpath: //div[@id='rnDialog1']//input[@class='select2-search__field']]
[INFO ][03-Aug-2023 19:19:36 pm] Selenium_Wrapper.click:(199) - Clicking on :[[ChromeDriver: chrome on WINDOWS (272f08cad520618df9380aab9af2e3e1)] -> xpath: //ul[@class='select2-results__options']//li[text()='Aaron Brown']]
[INFO ][03-Aug-2023 19:19:41 pm] Selenium_Wrapper.click:(199) - Clicking on :[[ChromeDriver: chrome on WINDOWS (272f08cad520618df9380aab9af2e3e1)] -> xpath: //button[@class='yui3-button yui3-button-close']]
[INFO ][03-Aug-2023 19:19:56 pm] Selenium_Wrapper.click:(199) - Clicking on :[[ChromeDriver: chrome on WINDOWS (272f08cad520618df9380aab9af2e3e1)] -> xpath: //div[@id='formsResources_panel']//div[@id='formsResources_headingOne']]
[INFO ][03-Aug-2023 19:20:05 pm] Selenium_Wrapper.clickUsingActions:(249) - Clicking on :[[ChromeDriver: chrome on WINDOWS (272f08cad520618df9380aab9af2e3e1)] -> xpath: (//ul[@class='formsResources']//ul//li/a)[2]]
[INFO ][03-Aug-2023 19:20:38 pm] Selenium_Wrapper.click:(199) - Clicking on :[[ChromeDriver: chrome on WINDOWS (272f08cad520618df9380aab9af2e3e1)] -> xpath: //li[@class='breadcrumb-item']//a]
[INFO ][03-Aug-2023 19:20:50 pm] Selenium_Wrapper.click:(199) - Clicking on :[[ChromeDriver: chrome on WINDOWS (272f08cad520618df9380aab9af2e3e1)] -> class name: knowledge]
[INFO ][03-Aug-2023 19:21:00 pm] Selenium_Wrapper.click:(199) - Clicking on :[[ChromeDriver: chrome on WINDOWS (272f08cad520618df9380aab9af2e3e1)] -> xpath: //input[@type='search']]
[INFO ][03-Aug-2023 19:21:02 pm] Selenium_Wrapper.enterText:(311) - Entering Text :COVID-19 Critical Updates in WebElement :[[ChromeDriver: chrome on WINDOWS (272f08cad520618df9380aab9af2e3e1)] -> xpath: //input[@type='search']]
[INFO ][03-Aug-2023 19:21:16 pm] Selenium_Wrapper.click:(199) - Clicking on :[[ChromeDriver: chrome on WINDOWS (272f08cad520618df9380aab9af2e3e1)] -> xpath: //ul[@aria-label='Suggested Search']//li[normalize-space()='COVID-19 Critical Updates']]
[INFO ][03-Aug-2023 19:21:23 pm] Selenium_Wrapper.click:(199) - Clicking on :[[ChromeDriver: chrome on WINDOWS (272f08cad520618df9380aab9af2e3e1)] -> xpath: //div[@class='rn_SearchResultContent']//a[text()='COVID-19 Critical Updates']]
[INFO ][03-Aug-2023 19:22:24 pm] Selenium_Wrapper.click:(199) - Clicking on :[[ChromeDriver: chrome on WINDOWS (272f08cad520618df9380aab9af2e3e1)] -> xpath: //button[@class='rn_RecommendContentButton p-0']]
[INFO ][03-Aug-2023 19:22:25 pm] Selenium_Wrapper.enterText:(311) - Entering Text :Test Improve, comments, updates in WebElement :[[ChromeDriver: chrome on WINDOWS (272f08cad520618df9380aab9af2e3e1)] -> xpath: //div[@id='rnDialog1_c']//textarea[contains(@id,RequestUpdate)]]
[INFO ][03-Aug-2023 19:22:31 pm] Selenium_Wrapper.click:(199) - Clicking on :[[ChromeDriver: chrome on WINDOWS (272f08cad520618df9380aab9af2e3e1)] -> xpath: //button[@class='yui3-button yui3-button-close']]
[INFO ][03-Aug-2023 19:22:42 pm] Selenium_Wrapper.click:(199) - Clicking on :[[ChromeDriver: chrome on WINDOWS (272f08cad520618df9380aab9af2e3e1)] -> id: relatedPages_headingOne]
[INFO ][03-Aug-2023 19:22:49 pm] Selenium_Wrapper.click:(199) - Clicking on :[[ChromeDriver: chrome on WINDOWS (272f08cad520618df9380aab9af2e3e1)] -> id: relatedPages_headingOne]
[INFO ][03-Aug-2023 19:22:55 pm] Selenium_Wrapper.enterText:(311) - Entering Text :Business Auto Loan in WebElement :[[ChromeDriver: chrome on WINDOWS (272f08cad520618df9380aab9af2e3e1)] -> xpath: //div[contains(@class,'input-group')]//input[@type='search']]
[ERROR][03-Aug-2023 19:23:03 pm] ArticlePage.testRequests:(200) - testRequests Test case is un-successfull
[INFO ][03-Aug-2023 19:23:07 pm] Selenium_Wrapper.closeCurrentBrowser:(651) - Closing the current Browser
