[INFO ][03-Aug-2023 19:11:43 pm] Selenium_Wrapper.openBrowser:(48) - Opening chrome browser.
[INFO ][03-Aug-2023 19:11:48 pm] Selenium_Wrapper.enterURL:(82) - Entering url :https://macu1--tst1.custhelp.com/app/home
[INFO ][03-Aug-2023 19:11:52 pm] Selenium_Wrapper.enterText:(311) - Entering Text :swamyk in WebElement :[[ChromeDriver: chrome on WINDOWS (13bf5986a54cf62a26bec239f03ae319)] -> id: rn_LoginForm_2_Username]
[INFO ][03-Aug-2023 19:11:53 pm] Selenium_Wrapper.enterText:(311) - Entering Text :Soft@123 in WebElement :[[ChromeDriver: chrome on WINDOWS (13bf5986a54cf62a26bec239f03ae319)] -> id: rn_LoginForm_2_Password]
[INFO ][03-Aug-2023 19:12:00 pm] Selenium_Wrapper.click:(199) - Clicking on :[[ChromeDriver: chrome on WINDOWS (13bf5986a54cf62a26bec239f03ae319)] -> id: rn_LoginForm_2_Submit]
[INFO ][03-Aug-2023 19:12:10 pm] Selenium_Wrapper.click:(199) - Clicking on :[[ChromeDriver: chrome on WINDOWS (13bf5986a54cf62a26bec239f03ae319)] -> xpath: //input[@type='search']]
[INFO ][03-Aug-2023 19:12:11 pm] Selenium_Wrapper.enterText:(311) - Entering Text :Business Auto Loan in WebElement :[[ChromeDriver: chrome on WINDOWS (13bf5986a54cf62a26bec239f03ae319)] -> xpath: //input[@type='search']]
[INFO ][03-Aug-2023 19:12:22 pm] Selenium_Wrapper.click:(199) - Clicking on :[[ChromeDriver: chrome on WINDOWS (13bf5986a54cf62a26bec239f03ae319)] -> xpath: //i[@class='fas fa-search search_icon']]
[INFO ][03-Aug-2023 19:12:29 pm] Selenium_Wrapper.click:(199) - Clicking on :[[ChromeDriver: chrome on WINDOWS (13bf5986a54cf62a26bec239f03ae319)] -> xpath: //div[@class='rn_SearchResultContent']//tbody//tr//div//span[@class='rn_Element1']//a]
[ERROR][03-Aug-2023 19:12:42 pm] ArticlePage.testBookmarkArticle:(94) - Bookmark Article Test case is un-successfull
[INFO ][03-Aug-2023 19:12:50 pm] Selenium_Wrapper.click:(199) - Clicking on :[[ChromeDriver: chrome on WINDOWS (13bf5986a54cf62a26bec239f03ae319)] -> xpath: //div[contains(@class,'EmailAnswerLink')]//img[@class='share_icon_default']]
[INFO ][03-Aug-2023 19:12:55 pm] Selenium_Wrapper.click:(199) - Clicking on :[[ChromeDriver: chrome on WINDOWS (13bf5986a54cf62a26bec239f03ae319)] -> xpath: //div[@id='rnDialog1']//input[@class='select2-search__field']]
[INFO ][03-Aug-2023 19:12:56 pm] Selenium_Wrapper.enterText:(311) - Entering Text :Aaron Brown in WebElement :[[ChromeDriver: chrome on WINDOWS (13bf5986a54cf62a26bec239f03ae319)] -> xpath: //div[@id='rnDialog1']//input[@class='select2-search__field']]
[INFO ][03-Aug-2023 19:13:04 pm] Selenium_Wrapper.click:(199) - Clicking on :[[ChromeDriver: chrome on WINDOWS (13bf5986a54cf62a26bec239f03ae319)] -> xpath: //ul[@class='select2-results__options']//li[text()='Aaron Brown']]
[INFO ][03-Aug-2023 19:13:09 pm] Selenium_Wrapper.click:(199) - Clicking on :[[ChromeDriver: chrome on WINDOWS (13bf5986a54cf62a26bec239f03ae319)] -> xpath: //button[@class='yui3-button yui3-button-close']]
[INFO ][03-Aug-2023 19:13:24 pm] Selenium_Wrapper.click:(199) - Clicking on :[[ChromeDriver: chrome on WINDOWS (13bf5986a54cf62a26bec239f03ae319)] -> xpath: //div[@id='formsResources_panel']//div[@id='formsResources_headingOne']]
[INFO ][03-Aug-2023 19:13:33 pm] Selenium_Wrapper.clickUsingActions:(249) - Clicking on :[[ChromeDriver: chrome on WINDOWS (13bf5986a54cf62a26bec239f03ae319)] -> xpath: (//ul[@class='formsResources']//ul//li/a)[2]]
[INFO ][03-Aug-2023 19:14:07 pm] Selenium_Wrapper.click:(199) - Clicking on :[[ChromeDriver: chrome on WINDOWS (13bf5986a54cf62a26bec239f03ae319)] -> xpath: //li[@class='breadcrumb-item']//a]
[INFO ][03-Aug-2023 19:14:19 pm] Selenium_Wrapper.click:(199) - Clicking on :[[ChromeDriver: chrome on WINDOWS (13bf5986a54cf62a26bec239f03ae319)] -> class name: knowledge]
[INFO ][03-Aug-2023 19:14:30 pm] Selenium_Wrapper.click:(199) - Clicking on :[[ChromeDriver: chrome on WINDOWS (13bf5986a54cf62a26bec239f03ae319)] -> xpath: //input[@type='search']]
[INFO ][03-Aug-2023 19:14:31 pm] Selenium_Wrapper.enterText:(311) - Entering Text :COVID-19 Critical Updates in WebElement :[[ChromeDriver: chrome on WINDOWS (13bf5986a54cf62a26bec239f03ae319)] -> xpath: //input[@type='search']]
[INFO ][03-Aug-2023 19:14:45 pm] Selenium_Wrapper.click:(199) - Clicking on :[[ChromeDriver: chrome on WINDOWS (13bf5986a54cf62a26bec239f03ae319)] -> xpath: //ul[@aria-label='Suggested Search']//li[normalize-space()='COVID-19 Critical Updates']]
[INFO ][03-Aug-2023 19:14:52 pm] Selenium_Wrapper.click:(199) - Clicking on :[[ChromeDriver: chrome on WINDOWS (13bf5986a54cf62a26bec239f03ae319)] -> xpath: //div[@class='rn_SearchResultContent']//a[text()='COVID-19 Critical Updates']]
[INFO ][03-Aug-2023 19:15:55 pm] Selenium_Wrapper.click:(199) - Clicking on :[[ChromeDriver: chrome on WINDOWS (13bf5986a54cf62a26bec239f03ae319)] -> xpath: //button[@class='rn_RecommendContentButton p-0']]
[INFO ][03-Aug-2023 19:15:56 pm] Selenium_Wrapper.enterText:(311) - Entering Text :Test Improve, comments, updates in WebElement :[[ChromeDriver: chrome on WINDOWS (13bf5986a54cf62a26bec239f03ae319)] -> xpath: //div[@id='rnDialog1_c']//textarea[contains(@id,RequestUpdate)]]
[INFO ][03-Aug-2023 19:16:02 pm] Selenium_Wrapper.click:(199) - Clicking on :[[ChromeDriver: chrome on WINDOWS (13bf5986a54cf62a26bec239f03ae319)] -> xpath: //button[@class='yui3-button yui3-button-close']]
[INFO ][03-Aug-2023 19:16:13 pm] Selenium_Wrapper.click:(199) - Clicking on :[[ChromeDriver: chrome on WINDOWS (13bf5986a54cf62a26bec239f03ae319)] -> id: relatedPages_headingOne]
[INFO ][03-Aug-2023 19:16:20 pm] Selenium_Wrapper.click:(199) - Clicking on :[[ChromeDriver: chrome on WINDOWS (13bf5986a54cf62a26bec239f03ae319)] -> id: relatedPages_headingOne]
[INFO ][03-Aug-2023 19:16:26 pm] Selenium_Wrapper.enterText:(311) - Entering Text :Business Auto Loan in WebElement :[[ChromeDriver: chrome on WINDOWS (13bf5986a54cf62a26bec239f03ae319)] -> xpath: //div[contains(@class,'input-group')]//input[@type='search']]
[ERROR][03-Aug-2023 19:16:34 pm] ArticlePage.testRequests:(200) - testRequests Test case is un-successfull
