[INFO ][24-Feb-2023 07:27:18 AM] Selenium_Wrapper.openBrowser:(48) - Opening chrome browser.
[INFO ][24-Feb-2023 07:27:22 AM] Selenium_Wrapper.enterURL:(82) - Entering url :https://macu1--upgrade.custhelp.com/AgentWeb/
[INFO ][24-Feb-2023 07:27:26 AM] Selenium_Wrapper.enterText:(311) - Entering Text :automation_testing in WebElement :[[ChromeDriver: chrome on WINDOWS (f93dfe615493558c6c553f66d10aca2a)] -> id: username]
[INFO ][24-Feb-2023 07:27:27 AM] Selenium_Wrapper.enterText:(311) - Entering Text :Welcome123 in WebElement :[[ChromeDriver: chrome on WINDOWS (f93dfe615493558c6c553f66d10aca2a)] -> id: password]
[INFO ][24-Feb-2023 07:27:53 AM] Selenium_Wrapper.click:(199) - Clicking on :[[ChromeDriver: chrome on WINDOWS (f93dfe615493558c6c553f66d10aca2a)] -> id: loginbutton]
[INFO ][24-Feb-2023 07:28:04 AM] Selenium_Wrapper.click:(199) - Clicking on :[[ChromeDriver: chrome on WINDOWS (f93dfe615493558c6c553f66d10aca2a)] -> id: navigationSetBtn]
[INFO ][24-Feb-2023 07:28:09 AM] Selenium_Wrapper.click:(199) - Clicking on :[[ChromeDriver: chrome on WINDOWS (f93dfe615493558c6c553f66d10aca2a)] -> xpath: (//div[text()='Configuration']//a)]
[INFO ][24-Feb-2023 07:28:14 AM] Selenium_Wrapper.click:(199) - Clicking on :[[ChromeDriver: chrome on WINDOWS (f93dfe615493558c6c553f66d10aca2a)] -> xpath: (//div[text()='Service']//a)]
[INFO ][24-Feb-2023 07:28:19 AM] Selenium_Wrapper.click:(199) - Clicking on :[[ChromeDriver: chrome on WINDOWS (f93dfe615493558c6c553f66d10aca2a)] -> xpath: (//div[text()='Knowledge Advanced']//a)]
[INFO ][24-Feb-2023 07:28:25 AM] Selenium_Wrapper.click:(199) - Clicking on :[[ChromeDriver: chrome on WINDOWS (f93dfe615493558c6c553f66d10aca2a)] -> xpath: //span[text()='Authoring']]
[INFO ][24-Feb-2023 07:28:39 AM] Selenium_Wrapper.click:(199) - Clicking on :[[ChromeDriver: chrome on WINDOWS (f93dfe615493558c6c553f66d10aca2a)] -> xpath: //div[@id='rntab']//ul//li[@testidentifier='MainNavBar_Content']//a]
[INFO ][24-Feb-2023 07:28:52 AM] Selenium_Wrapper.click:(199) - Clicking on :[[ChromeDriver: chrome on WINDOWS (f93dfe615493558c6c553f66d10aca2a)] -> xpath: //div[text()='Process']//following-sibling::a[@testidentifier='ContentNavBar_Add_Process']]
[INFO ][24-Feb-2023 07:28:55 AM] Selenium_Wrapper.enterText:(311) - Entering Text :TestingArticle in WebElement :[[ChromeDriver: chrome on WINDOWS (f93dfe615493558c6c553f66d10aca2a)] -> xpath: //input[@testidentifier='Content_ContentType_Add_SUMMARY']]
[INFO ][24-Feb-2023 07:28:59 AM] Selenium_Wrapper.enterText:(311) - Entering Text :Criticals in WebElement :[[ChromeDriver: chrome on WINDOWS (f93dfe615493558c6c553f66d10aca2a)] -> xpath: //input[@testidentifier='Content_ContentType_Add_KEYWORD']]
[INFO ][24-Feb-2023 07:29:06 AM] Selenium_Wrapper.click:(199) - Clicking on :[[ChromeDriver: chrome on WINDOWS (f93dfe615493558c6c553f66d10aca2a)] -> xpath: ((//span[@class='cke_bottom cke_reset_all'])[1]//preceding-sibling::*)[2]]
[INFO ][24-Feb-2023 07:29:13 AM] Selenium_Wrapper.enterText:(311) - Entering Text :contentinfo 'Reach out to your immediate supervisor with questions.' in WebElement :[[ChromeDriver: chrome on WINDOWS (f93dfe615493558c6c553f66d10aca2a)] -> xpath: //body[@class='cke_editable cke_editable_themed cke_contents_ltr cke_show_borders']]
[INFO ][24-Feb-2023 07:29:25 AM] Selenium_Wrapper.click:(199) - Clicking on :[[ChromeDriver: chrome on WINDOWS (f93dfe615493558c6c553f66d10aca2a)] -> xpath: ((//span[@class='cke_bottom cke_reset_all'])[2]//preceding-sibling::*)[2]]
[INFO ][24-Feb-2023 07:29:32 AM] Selenium_Wrapper.enterText:(311) - Entering Text :COVID-19 Update:  Find additional information on COVID-19 Branch & Service Center Operations\n * Vaccine\n * Similar to the flu shot, we encourage you to take a lunch hour or go after work if you choose to receive the vaccine.\n * You should be able to easily schedule a time to receive a vaccine. * Take PTO if an adverse reaction occurs. * Take PTO if an adverse reaction occurs * First URL of the pageArticle Link * Second URL of the page * Third URL of the page * The few documented cases of a stronger reaction indicate that the affects typically last one to two days. * Have an open conversation with your manager if other accommodations are necessary. * The cost of the vaccine is covered by insurance. * Mask Mandates * As the counties and health departments begin to relax their mask mandates, MACU will address this as follows: * The mask mandate requirement for team members will remain in place for the foreseeable future. * Mask guidance for members will follow State, County and Health department guidelines for those areas. * Personal Protection Equipment (PPE) * Order masks and other PArticle LinkPE by submitting a ServiceNow Facilities ticket. * Items available * Cotopaxi masks ($7 each) * Hand sanitizer * Gloves * Disposable masks * Sanitation wipes * Employee Resources * Mountain America is here for you! Check out these resources: * MACU Desktop Citrix ReceiverWorkspace Step-by-Step Surface Devices Step-by-Step * Microsoft Teams Step-by-Step * Multi-Factor Authentication (MFA) Step-by-Step * Remote Work Agreement * Setting up Your New Laptop * Surface Devices Step-by-Step in WebElement :[[ChromeDriver: chrome on WINDOWS (f93dfe615493558c6c553f66d10aca2a)] -> xpath: //body[@class='cke_editable cke_editable_themed cke_contents_ltr cke_show_borders']]
[INFO ][24-Feb-2023 07:29:41 AM] Selenium_Wrapper.click:(199) - Clicking on :[[ChromeDriver: chrome on WINDOWS (f93dfe615493558c6c553f66d10aca2a)] -> xpath: //span[text()='Jump To']]
[INFO ][24-Feb-2023 07:29:48 AM] Selenium_Wrapper.click:(199) - Clicking on :[[ChromeDriver: chrome on WINDOWS (f93dfe615493558c6c553f66d10aca2a)] -> xpath: (//a[@class='cke_button cke_button__image cke_button_off'])[3]]
[INFO ][24-Feb-2023 07:29:55 AM] Selenium_Wrapper.click:(199) - Clicking on :[[ChromeDriver: chrome on WINDOWS (f93dfe615493558c6c553f66d10aca2a)] -> xpath: (//span[text()='Browse Server'])[1]]
[INFO ][24-Feb-2023 07:30:16 AM] Selenium_Wrapper.click:(199) - Clicking on :[[ChromeDriver: chrome on WINDOWS (f93dfe615493558c6c553f66d10aca2a)] -> xpath: //a[text()='MACU_VIEW']]
[INFO ][24-Feb-2023 07:30:35 AM] Selenium_Wrapper.click:(199) - Clicking on :[[ChromeDriver: chrome on WINDOWS (f93dfe615493558c6c553f66d10aca2a)] -> xpath: //table//span[text()='OK']]
[INFO ][24-Feb-2023 07:30:49 AM] Selenium_Wrapper.click:(199) - Clicking on :[[ChromeDriver: chrome on WINDOWS (f93dfe615493558c6c553f66d10aca2a)] -> xpath: (//span[@class='cke_button_icon cke_button__addarticlelink_icon'])[4]]
[INFO ][24-Feb-2023 07:30:56 AM] Selenium_Wrapper.enterText:(311) - Entering Text :1000124 in WebElement :[[ChromeDriver: chrome on WINDOWS (f93dfe615493558c6c553f66d10aca2a)] -> xpath: (//div[text()='Article Link']//following::input)[3]]
[INFO ][24-Feb-2023 07:30:57 AM] Selenium_Wrapper.enterText:(311) - Entering Text :Article Link in WebElement :[[ChromeDriver: chrome on WINDOWS (f93dfe615493558c6c553f66d10aca2a)] -> xpath: (//div[text()='Article Link']//following::input)[5]]
[INFO ][24-Feb-2023 07:31:02 AM] Selenium_Wrapper.click:(199) - Clicking on :[[ChromeDriver: chrome on WINDOWS (f93dfe615493558c6c553f66d10aca2a)] -> xpath: (//div[@class='cke_dialog_body']//span[text()='OK'])[2]]
[INFO ][24-Feb-2023 07:31:09 AM] Selenium_Wrapper.click:(199) - Clicking on :[[ChromeDriver: chrome on WINDOWS (f93dfe615493558c6c553f66d10aca2a)] -> xpath: ((//span[@class='cke_bottom cke_reset_all'])[5]//preceding-sibling::*)[2]]
[INFO ][24-Feb-2023 07:31:15 AM] Selenium_Wrapper.enterText:(311) - Entering Text :BasicInfo - Remote Work * -Use the following resources when connecting to work applications remotely in WebElement :[[ChromeDriver: chrome on WINDOWS (f93dfe615493558c6c553f66d10aca2a)] -> xpath: //body[@class='cke_editable cke_editable_themed cke_contents_ltr cke_show_borders']]
[INFO ][24-Feb-2023 07:31:26 AM] Selenium_Wrapper.click:(199) - Clicking on :[[ChromeDriver: chrome on WINDOWS (f93dfe615493558c6c553f66d10aca2a)] -> xpath: ((//span[@class='cke_bottom cke_reset_all'])[6]//preceding-sibling::*)[2]]
[INFO ][24-Feb-2023 07:31:32 AM] Selenium_Wrapper.enterText:(311) - Entering Text :BasicContactInfo -Remote Work * -Use the following resources when connecting to work applications remotely * -Cisco Finesse Step-by-Step * -Cisco Jabber Step-by-Step * -Electronic Communication and Information Basic Info * -Extend Surface Device Battery Life Step-by-Step * -MACU Desktop Citrix ReceiverWorkspace Step-by-Step Surface Devices Step-by-Step * -Microsoft Teams Step-by-Step * -Multi-Factor Authentication (MFA) Step-by-Step * -Remote Work Agreement * -Setting up Your New Laptop * -Surface Devices Step-by-Step in WebElement :[[ChromeDriver: chrome on WINDOWS (f93dfe615493558c6c553f66d10aca2a)] -> xpath: //body[@class='cke_editable cke_editable_themed cke_contents_ltr cke_show_borders']]
[INFO ][24-Feb-2023 07:31:43 AM] Selenium_Wrapper.click:(199) - Clicking on :[[ChromeDriver: chrome on WINDOWS (f93dfe615493558c6c553f66d10aca2a)] -> xpath: ((//span[@class='cke_bottom cke_reset_all'])[7]//preceding-sibling::*)[2]]
[INFO ][24-Feb-2023 07:31:48 AM] Selenium_Wrapper.enterText:(311) - Entering Text :Steps- Employee Resources in WebElement :[[ChromeDriver: chrome on WINDOWS (f93dfe615493558c6c553f66d10aca2a)] -> xpath: //body[@class='cke_editable cke_editable_themed cke_contents_ltr cke_show_borders']]
[INFO ][24-Feb-2023 07:31:59 AM] Selenium_Wrapper.click:(199) - Clicking on :[[ChromeDriver: chrome on WINDOWS (f93dfe615493558c6c553f66d10aca2a)] -> xpath: ((//span[@class='cke_bottom cke_reset_all'])[8]//preceding-sibling::*)[2]]
[INFO ][24-Feb-2023 07:32:06 AM] Selenium_Wrapper.enterText:(311) - Entering Text :StepsContactInfo - Mountain America is here for you! Check out these resources: * Report COVID-19 in the Workplace * Contact Tracing for COVID-19 * COVID-19 Pay Options * Corporate FSR * Employee Assistance Program (EAP) * Employee Loans * Infectious Disease * MACU Facility Standards * Mountain America Center Meetings & Events * Medical Leave of Absence * Personal Time Off (PTO) * Tanner Meetings & Events * Thrive Clinic * The CareATC Patient Access Center is currently performing all appointment scheduling activities. Our clinics are not currently accepting walk-in or self-scheduled patients. To schedule an appointment, contact the clinic 800-993-8244. * Thrive Fitness Centers * Travel Pay *Traveling Branch Employees in WebElement :[[ChromeDriver: chrome on WINDOWS (f93dfe615493558c6c553f66d10aca2a)] -> xpath: //body[@class='cke_editable cke_editable_themed cke_contents_ltr cke_show_borders']]
[INFO ][24-Feb-2023 07:32:15 AM] Selenium_Wrapper.click:(199) - Clicking on :[[ChromeDriver: chrome on WINDOWS (f93dfe615493558c6c553f66d10aca2a)] -> xpath: ((//span[@class='cke_bottom cke_reset_all'])[9]//preceding-sibling::*)[2]]
[INFO ][24-Feb-2023 07:32:20 AM] Selenium_Wrapper.enterText:(311) - Entering Text :Forms_Resources - Mask Mandates in WebElement :[[ChromeDriver: chrome on WINDOWS (f93dfe615493558c6c553f66d10aca2a)] -> xpath: //body[@class='cke_editable cke_editable_themed cke_contents_ltr cke_show_borders']]
[INFO ][24-Feb-2023 07:32:29 AM] Selenium_Wrapper.click:(199) - Clicking on :[[ChromeDriver: chrome on WINDOWS (f93dfe615493558c6c553f66d10aca2a)] -> xpath: ((//span[@class='cke_bottom cke_reset_all'])[10]//preceding-sibling::*)[2]]
[INFO ][24-Feb-2023 07:32:37 AM] Selenium_Wrapper.enterText:(311) - Entering Text :Forms_Resources_Content- As the counties and health departments begin to relax their mask mandates, MACU will address this as follows: * The mask mandate requirement for team members will remain in place for the foreseeable future. * Mask guidance for members will follow State, County and Health department guidelines for those areas. in WebElement :[[ChromeDriver: chrome on WINDOWS (f93dfe615493558c6c553f66d10aca2a)] -> xpath: //body[@class='cke_editable cke_editable_themed cke_contents_ltr cke_show_borders']]
[INFO ][24-Feb-2023 07:32:46 AM] Selenium_Wrapper.click:(199) - Clicking on :[[ChromeDriver: chrome on WINDOWS (f93dfe615493558c6c553f66d10aca2a)] -> xpath: ((//span[@class='cke_bottom cke_reset_all'])[11]//preceding-sibling::*)[2]]
[INFO ][24-Feb-2023 07:32:51 AM] Selenium_Wrapper.enterText:(311) - Entering Text :SalesConnections-Sales Connections in WebElement :[[ChromeDriver: chrome on WINDOWS (f93dfe615493558c6c553f66d10aca2a)] -> xpath: //body[@class='cke_editable cke_editable_themed cke_contents_ltr cke_show_borders']]
[INFO ][24-Feb-2023 07:33:00 AM] Selenium_Wrapper.click:(199) - Clicking on :[[ChromeDriver: chrome on WINDOWS (f93dfe615493558c6c553f66d10aca2a)] -> xpath: ((//span[@class='cke_bottom cke_reset_all'])[12]//preceding-sibling::*)[2]]
[INFO ][24-Feb-2023 07:33:06 AM] Selenium_Wrapper.enterText:(311) - Entering Text :SalesConnectionsContent- As the counties and health departments begin to relax their mask mandates, MACU will address this as follows: * The mask mandate requirement for team members will remain in place for the foreseeable future. * Mask guidance for members will follow State, County and Health department guidelines for those areas. in WebElement :[[ChromeDriver: chrome on WINDOWS (f93dfe615493558c6c553f66d10aca2a)] -> xpath: //body[@class='cke_editable cke_editable_themed cke_contents_ltr cke_show_borders']]
[INFO ][24-Feb-2023 07:33:16 AM] Selenium_Wrapper.click:(199) - Clicking on :[[ChromeDriver: chrome on WINDOWS (f93dfe615493558c6c553f66d10aca2a)] -> xpath: ((//span[@class='cke_bottom cke_reset_all'])[13]//preceding-sibling::*)[2]]
[INFO ][24-Feb-2023 07:33:21 AM] Selenium_Wrapper.enterText:(311) - Entering Text :https://macu1--tst.custhelp.com/app/answers/macu_view/a_id/1000124 in WebElement :[[ChromeDriver: chrome on WINDOWS (f93dfe615493558c6c553f66d10aca2a)] -> xpath: //body[@class='cke_editable cke_editable_themed cke_contents_ltr cke_show_borders']]
[INFO ][24-Feb-2023 07:33:32 AM] Selenium_Wrapper.click:(199) - Clicking on :[[ChromeDriver: chrome on WINDOWS (f93dfe615493558c6c553f66d10aca2a)] -> xpath: //span[text()='Teams']//following::select//option[text()='Accounting & Finance']]
[INFO ][24-Feb-2023 07:33:37 AM] Selenium_Wrapper.click:(199) - Clicking on :[[ChromeDriver: chrome on WINDOWS (f93dfe615493558c6c553f66d10aca2a)] -> xpath: //span[text()='Compliance']//preceding-sibling::input]
[INFO ][24-Feb-2023 07:33:42 AM] Selenium_Wrapper.click:(199) - Clicking on :[[ChromeDriver: chrome on WINDOWS (f93dfe615493558c6c553f66d10aca2a)] -> xpath: //span[text()='No ']//preceding-sibling::input]
[INFO ][24-Feb-2023 07:33:48 AM] Selenium_Wrapper.click:(199) - Clicking on :[[ChromeDriver: chrome on WINDOWS (f93dfe615493558c6c553f66d10aca2a)] -> xpath: //span[text()='Major Change']//preceding-sibling::input]
[INFO ][24-Feb-2023 07:33:53 AM] Selenium_Wrapper.click:(199) - Clicking on :[[ChromeDriver: chrome on WINDOWS (f93dfe615493558c6c553f66d10aca2a)] -> xpath: //span[text()='Corporate/Branch/Service Center']//following::select//option[text()='Service Center']]
[INFO ][24-Feb-2023 07:33:58 AM] Selenium_Wrapper.click:(199) - Clicking on :[[ChromeDriver: chrome on WINDOWS (f93dfe615493558c6c553f66d10aca2a)] -> xpath: //span[text()='Department']//following::select//option[text()='0004 SEG Development Team']]
[INFO ][24-Feb-2023 07:34:03 AM] Selenium_Wrapper.click:(199) - Clicking on :[[ChromeDriver: chrome on WINDOWS (f93dfe615493558c6c553f66d10aca2a)] -> xpath: //span[text()='Manager Level']//following::select//option[text()='Assistant Manager']]
[INFO ][24-Feb-2023 07:34:08 AM] Selenium_Wrapper.click:(199) - Clicking on :[[ChromeDriver: chrome on WINDOWS (f93dfe615493558c6c553f66d10aca2a)] -> xpath: //span[contains(text(),'time with')]//following::select//option[contains(text(),'1 Month ')]]
[INFO ][24-Feb-2023 07:34:13 AM] Selenium_Wrapper.click:(199) - Clicking on :[[ChromeDriver: chrome on WINDOWS (f93dfe615493558c6c553f66d10aca2a)] -> xpath: //span[contains(text(),'Branch Name')]//following::select//option[contains(text(),'Albuquerque - Golf Course Road Branch')]]
[INFO ][24-Feb-2023 07:34:18 AM] Selenium_Wrapper.click:(199) - Clicking on :[[ChromeDriver: chrome on WINDOWS (f93dfe615493558c6c553f66d10aca2a)] -> xpath: //span[contains(text(),'Branch Area')]//following::select//option[contains(text(),'Teton')]]
[INFO ][24-Feb-2023 07:34:23 AM] Selenium_Wrapper.click:(199) - Clicking on :[[ChromeDriver: chrome on WINDOWS (f93dfe615493558c6c553f66d10aca2a)] -> xpath: (//span[contains(text(),'Primary Tag')]//following::select//option[contains(text(),'AAA')])[1]]
[INFO ][24-Feb-2023 07:34:28 AM] Selenium_Wrapper.click:(199) - Clicking on :[[ChromeDriver: chrome on WINDOWS (f93dfe615493558c6c553f66d10aca2a)] -> xpath: (//span[contains(text(),'Primary Tag')]//following::select//option[contains(text(),'AAA')])[4]]
[INFO ][24-Feb-2023 07:34:34 AM] Selenium_Wrapper.click:(199) - Clicking on :[[ChromeDriver: chrome on WINDOWS (f93dfe615493558c6c553f66d10aca2a)] -> xpath: (//span[contains(text(),'Primary Tag')]//following::select//option[contains(text(),'AAA')])[6]]
[INFO ][24-Feb-2023 07:34:39 AM] Selenium_Wrapper.click:(199) - Clicking on :[[ChromeDriver: chrome on WINDOWS (f93dfe615493558c6c553f66d10aca2a)] -> xpath: (//td[text()=' Repository View Selection ']//following::a)[1]]
[INFO ][24-Feb-2023 07:34:44 AM] Selenium_Wrapper.click:(199) - Clicking on :[[ChromeDriver: chrome on WINDOWS (f93dfe615493558c6c553f66d10aca2a)] -> xpath: (//td[text()=' Repository View Selection ']//following::input)[1]]
[INFO ][24-Feb-2023 07:34:50 AM] Selenium_Wrapper.click:(199) - Clicking on :[[ChromeDriver: chrome on WINDOWS (f93dfe615493558c6c553f66d10aca2a)] -> xpath: //div[@id='AVAIL']//tr//td//span[text()='AAA']]
[INFO ][24-Feb-2023 07:35:00 AM] Selenium_Wrapper.click:(199) - Clicking on :[[ChromeDriver: chrome on WINDOWS (f93dfe615493558c6c553f66d10aca2a)] -> xpath: //div[@id='AVAIL']//tr//td//span[text()='Member Connect']]
[INFO ][24-Feb-2023 07:35:05 AM] Selenium_Wrapper.click:(199) - Clicking on :[[ChromeDriver: chrome on WINDOWS (f93dfe615493558c6c553f66d10aca2a)] -> xpath: //div[@id='AVAIL']//tr//td//span[text()='New Account Framework']]
[INFO ][24-Feb-2023 07:35:11 AM] Selenium_Wrapper.click:(199) - Clicking on :[[ChromeDriver: chrome on WINDOWS (f93dfe615493558c6c553f66d10aca2a)] -> xpath: //a[text()='Add']]
[INFO ][24-Feb-2023 07:35:16 AM] Selenium_Wrapper.click:(199) - Clicking on :[[ChromeDriver: chrome on WINDOWS (f93dfe615493558c6c553f66d10aca2a)] -> xpath: //select[@class='dropdown']]
[INFO ][24-Feb-2023 07:35:22 AM] Selenium_Wrapper.click:(199) - Clicking on :[[ChromeDriver: chrome on WINDOWS (f93dfe615493558c6c553f66d10aca2a)] -> xpath: //select[@class='dropdown']//option[text()='Search']]
[INFO ][24-Feb-2023 07:35:23 AM] Selenium_Wrapper.enterText:(311) - Entering Text :Business Accounts in WebElement :[[ChromeDriver: chrome on WINDOWS (f93dfe615493558c6c553f66d10aca2a)] -> xpath: //input[@value='Enter search string']]
[INFO ][24-Feb-2023 07:35:28 AM] Selenium_Wrapper.click:(199) - Clicking on :[[ChromeDriver: chrome on WINDOWS (f93dfe615493558c6c553f66d10aca2a)] -> xpath: //strong[text()='Business Accounts']]
[INFO ][24-Feb-2023 07:35:34 AM] Selenium_Wrapper.click:(199) - Clicking on :[[ChromeDriver: chrome on WINDOWS (f93dfe615493558c6c553f66d10aca2a)] -> xpath: //a[text()='Add']]
[INFO ][24-Feb-2023 07:35:39 AM] Selenium_Wrapper.click:(199) - Clicking on :[[ChromeDriver: chrome on WINDOWS (f93dfe615493558c6c553f66d10aca2a)] -> xpath: //span[text()='Asset Management']]
[INFO ][24-Feb-2023 07:35:45 AM] Selenium_Wrapper.click:(199) - Clicking on :[[ChromeDriver: chrome on WINDOWS (f93dfe615493558c6c553f66d10aca2a)] -> xpath: //a[text()='Add']]
[INFO ][24-Feb-2023 07:35:50 AM] Selenium_Wrapper.click:(199) - Clicking on :[[ChromeDriver: chrome on WINDOWS (f93dfe615493558c6c553f66d10aca2a)] -> xpath: //input[@name='notifySubscribers']]
[INFO ][24-Feb-2023 07:35:59 AM] Selenium_Wrapper.click:(199) - Clicking on :[[ChromeDriver: chrome on WINDOWS (f93dfe615493558c6c553f66d10aca2a)] -> xpath: //a[text()='Save Document']]
[INFO ][24-Feb-2023 07:36:24 AM] Selenium_Wrapper.click:(199) - Clicking on :[[ChromeDriver: chrome on WINDOWS (f93dfe615493558c6c553f66d10aca2a)] -> xpath: //a[text()='Approve']]
[INFO ][24-Feb-2023 07:36:34 AM] Selenium_Wrapper.click:(199) - Clicking on :[[ChromeDriver: chrome on WINDOWS (f93dfe615493558c6c553f66d10aca2a)] -> xpath: //a[text()='Approve']]
[INFO ][24-Feb-2023 07:36:44 AM] Selenium_Wrapper.click:(199) - Clicking on :[[ChromeDriver: chrome on WINDOWS (f93dfe615493558c6c553f66d10aca2a)] -> xpath: //a[text()='Approve']]
[ERROR][24-Feb-2023 07:36:49 AM] Selenium_Wrapper.highlightWebElement:(417) - org.openqa.selenium.NoSuchElementException: no such element: Unable to locate element: {"method":"xpath","selector":"//span[text()='Closed']"}
  (Session info: chrome=110.0.5481.177)
For documentation on this error, please visit: https://www.seleniumhq.org/exceptions/no_such_element.html
Build info: version: '3.141.59', revision: 'e82be7d358', time: '2018-11-14T08:17:03'
System info: host: 'QA-SWAMYK', ip: '192.168.0.4', os.name: 'Windows 10', os.arch: 'amd64', os.version: '10.0', java.version: '11.0.10'
Driver info: org.openqa.selenium.chrome.ChromeDriver
Capabilities {acceptInsecureCerts: false, browserName: chrome, browserVersion: 110.0.5481.177, chrome: {chromedriverVersion: 110.0.5481.77 (65ed616c6e8e..., userDataDir: C:\Users\SWAMYK~1\AppData\L...}, goog:chromeOptions: {debuggerAddress: localhost:56806}, javascriptEnabled: true, networkConnectionEnabled: false, pageLoadStrategy: normal, platform: WINDOWS, platformName: WINDOWS, proxy: Proxy(), setWindowRect: true, strictFileInteractability: false, timeouts: {implicit: 0, pageLoad: 300000, script: 30000}, unhandledPromptBehavior: dismiss and notify, webauthn:extension:credBlob: true, webauthn:extension:largeBlob: true, webauthn:virtualAuthenticators: true}
Session ID: f93dfe615493558c6c553f66d10aca2a
*** Element info: {Using=xpath, value=//span[text()='Closed']}
[INFO ][24-Feb-2023 07:37:19 AM] Selenium_Wrapper.click:(199) - Clicking on :[[ChromeDriver: chrome on WINDOWS (f93dfe615493558c6c553f66d10aca2a)] -> xpath: (//a[text()='Done'])[1]]
[INFO ][24-Feb-2023 07:37:30 AM] Selenium_Wrapper.click:(199) - Clicking on :[[ChromeDriver: chrome on WINDOWS (f93dfe615493558c6c553f66d10aca2a)] -> xpath: //a[@class='closeButton']]
[INFO ][24-Feb-2023 07:37:43 AM] Selenium_Wrapper.click:(199) - Clicking on :[[ChromeDriver: chrome on WINDOWS (f93dfe615493558c6c553f66d10aca2a)] -> xpath: //body//oj-avatar[@initials='[[userMenuLabel]]']]
[INFO ][24-Feb-2023 07:37:50 AM] Selenium_Wrapper.click:(199) - Clicking on :[[ChromeDriver: chrome on WINDOWS (f93dfe615493558c6c553f66d10aca2a)] -> xpath: //a//span[text()='Sign Out']]
[INFO ][24-Feb-2023 07:37:55 AM] Selenium_Wrapper.closeCurrentBrowser:(651) - Closing the current Browser
[INFO ][24-Feb-2023 07:37:56 AM] Selenium_Wrapper.openBrowser:(48) - Opening chrome browser.
[INFO ][24-Feb-2023 07:37:58 AM] Selenium_Wrapper.enterURL:(82) - Entering url :https://macu1--upgrade.custhelp.com/
[ERROR][24-Feb-2023 07:38:02 AM] MACU_Wrapper.signIntoCP:(23) - Error in the signin process
[INFO ][24-Feb-2023 07:38:18 AM] Selenium_Wrapper.closeCurrentBrowser:(651) - Closing the current Browser
