[INFO ][05-Sep-2022 07:20:46 AM] Selenium_Wrapper.openBrowser:(48) - Opening chrome browser.
[INFO ][05-Sep-2022 07:20:50 AM] Selenium_Wrapper.enterURL:(82) - Entering url :https://macu1--upgrade.custhelp.com/AgentWeb/
[INFO ][05-Sep-2022 07:20:54 AM] Selenium_Wrapper.enterText:(311) - Entering Text :RNT_pramod in WebElement :[[ChromeDriver: chrome on WINDOWS (a16502546f5e809fa262c9faad3b4092)] -> id: username]
[INFO ][05-Sep-2022 07:20:55 AM] Selenium_Wrapper.enterText:(311) - Entering Text :Welcome123 in WebElement :[[ChromeDriver: chrome on WINDOWS (a16502546f5e809fa262c9faad3b4092)] -> id: password]
[INFO ][05-Sep-2022 07:21:31 AM] Selenium_Wrapper.click:(199) - Clicking on :[[ChromeDriver: chrome on WINDOWS (a16502546f5e809fa262c9faad3b4092)] -> id: loginbutton]
[INFO ][05-Sep-2022 07:21:42 AM] Selenium_Wrapper.click:(199) - Clicking on :[[ChromeDriver: chrome on WINDOWS (a16502546f5e809fa262c9faad3b4092)] -> id: navigationSetBtn]
[INFO ][05-Sep-2022 07:21:48 AM] Selenium_Wrapper.click:(199) - Clicking on :[[ChromeDriver: chrome on WINDOWS (a16502546f5e809fa262c9faad3b4092)] -> xpath: (//div[text()='Configuration']//a)]
[INFO ][05-Sep-2022 07:21:53 AM] Selenium_Wrapper.click:(199) - Clicking on :[[ChromeDriver: chrome on WINDOWS (a16502546f5e809fa262c9faad3b4092)] -> xpath: (//div[text()='Service']//a)]
[INFO ][05-Sep-2022 07:21:58 AM] Selenium_Wrapper.click:(199) - Clicking on :[[ChromeDriver: chrome on WINDOWS (a16502546f5e809fa262c9faad3b4092)] -> xpath: (//div[text()='Knowledge Advanced']//a)]
[INFO ][05-Sep-2022 07:22:04 AM] Selenium_Wrapper.click:(199) - Clicking on :[[ChromeDriver: chrome on WINDOWS (a16502546f5e809fa262c9faad3b4092)] -> xpath: //span[text()='Authoring']]
[INFO ][05-Sep-2022 07:22:19 AM] Selenium_Wrapper.click:(199) - Clicking on :[[ChromeDriver: chrome on WINDOWS (a16502546f5e809fa262c9faad3b4092)] -> xpath: //div[@id='rntab']//ul//li[@testidentifier='MainNavBar_Content']//a]
[INFO ][05-Sep-2022 07:22:34 AM] Selenium_Wrapper.click:(199) - Clicking on :[[ChromeDriver: chrome on WINDOWS (a16502546f5e809fa262c9faad3b4092)] -> xpath: //div[text()='Process']//following-sibling::a[@testidentifier='ContentNavBar_Add_Process']]
[INFO ][05-Sep-2022 07:22:37 AM] Selenium_Wrapper.enterText:(311) - Entering Text :TestingArticle in WebElement :[[ChromeDriver: chrome on WINDOWS (a16502546f5e809fa262c9faad3b4092)] -> xpath: //input[@testidentifier='Content_ContentType_Add_SUMMARY']]
[INFO ][05-Sep-2022 07:22:41 AM] Selenium_Wrapper.enterText:(311) - Entering Text :Criticals in WebElement :[[ChromeDriver: chrome on WINDOWS (a16502546f5e809fa262c9faad3b4092)] -> xpath: //input[@testidentifier='Content_ContentType_Add_KEYWORD']]
[INFO ][05-Sep-2022 07:22:48 AM] Selenium_Wrapper.click:(199) - Clicking on :[[ChromeDriver: chrome on WINDOWS (a16502546f5e809fa262c9faad3b4092)] -> xpath: ((//span[@class='cke_bottom cke_reset_all'])[1]//preceding-sibling::*)[2]]
[INFO ][05-Sep-2022 07:22:56 AM] Selenium_Wrapper.enterText:(311) - Entering Text :contentinfo 'Reach out to your immediate supervisor with questions.' in WebElement :[[ChromeDriver: chrome on WINDOWS (a16502546f5e809fa262c9faad3b4092)] -> xpath: //body[@class='cke_editable cke_editable_themed cke_contents_ltr cke_show_borders']]
[INFO ][05-Sep-2022 07:23:07 AM] Selenium_Wrapper.click:(199) - Clicking on :[[ChromeDriver: chrome on WINDOWS (a16502546f5e809fa262c9faad3b4092)] -> xpath: ((//span[@class='cke_bottom cke_reset_all'])[2]//preceding-sibling::*)[2]]
[INFO ][05-Sep-2022 07:23:15 AM] Selenium_Wrapper.enterText:(311) - Entering Text :COVID-19 Update:  Find additional information on COVID-19 Branch & Service Center Operations\n * Vaccine\n * Similar to the flu shot, we encourage you to take a lunch hour or go after work if you choose to receive the vaccine.\n * You should be able to easily schedule a time to receive a vaccine. * Take PTO if an adverse reaction occurs. * Take PTO if an adverse reaction occurs * First URL of the pageArticle Link * Second URL of the page * Third URL of the page * The few documented cases of a stronger reaction indicate that the affects typically last one to two days. * Have an open conversation with your manager if other accommodations are necessary. * The cost of the vaccine is covered by insurance. * Mask Mandates * As the counties and health departments begin to relax their mask mandates, MACU will address this as follows: * The mask mandate requirement for team members will remain in place for the foreseeable future. * Mask guidance for members will follow State, County and Health department guidelines for those areas. * Personal Protection Equipment (PPE) * Order masks and other PArticle LinkPE by submitting a ServiceNow Facilities ticket. * Items available * Cotopaxi masks ($7 each) * Hand sanitizer * Gloves * Disposable masks * Sanitation wipes * Employee Resources * Mountain America is here for you! Check out these resources: * MACU Desktop Citrix ReceiverWorkspace Step-by-Step Surface Devices Step-by-Step * Microsoft Teams Step-by-Step * Multi-Factor Authentication (MFA) Step-by-Step * Remote Work Agreement * Setting up Your New Laptop * Surface Devices Step-by-Step in WebElement :[[ChromeDriver: chrome on WINDOWS (a16502546f5e809fa262c9faad3b4092)] -> xpath: //body[@class='cke_editable cke_editable_themed cke_contents_ltr cke_show_borders']]
[INFO ][05-Sep-2022 07:23:24 AM] Selenium_Wrapper.click:(199) - Clicking on :[[ChromeDriver: chrome on WINDOWS (a16502546f5e809fa262c9faad3b4092)] -> xpath: //span[text()='Jump To']]
[INFO ][05-Sep-2022 07:23:32 AM] Selenium_Wrapper.click:(199) - Clicking on :[[ChromeDriver: chrome on WINDOWS (a16502546f5e809fa262c9faad3b4092)] -> xpath: (//a[@class='cke_button cke_button__image cke_button_off'])[3]]
[INFO ][05-Sep-2022 07:23:39 AM] Selenium_Wrapper.click:(199) - Clicking on :[[ChromeDriver: chrome on WINDOWS (a16502546f5e809fa262c9faad3b4092)] -> xpath: (//span[text()='Browse Server'])[1]]
[INFO ][05-Sep-2022 07:23:59 AM] Selenium_Wrapper.click:(199) - Clicking on :[[ChromeDriver: chrome on WINDOWS (a16502546f5e809fa262c9faad3b4092)] -> xpath: //a[text()='MACU_VIEW']]
[INFO ][05-Sep-2022 07:24:19 AM] Selenium_Wrapper.click:(199) - Clicking on :[[ChromeDriver: chrome on WINDOWS (a16502546f5e809fa262c9faad3b4092)] -> xpath: //table//span[text()='OK']]
[INFO ][05-Sep-2022 07:24:33 AM] Selenium_Wrapper.click:(199) - Clicking on :[[ChromeDriver: chrome on WINDOWS (a16502546f5e809fa262c9faad3b4092)] -> xpath: (//span[@class='cke_button_icon cke_button__addarticlelink_icon'])[4]]
[INFO ][05-Sep-2022 07:24:40 AM] Selenium_Wrapper.enterText:(311) - Entering Text :1000124 in WebElement :[[ChromeDriver: chrome on WINDOWS (a16502546f5e809fa262c9faad3b4092)] -> xpath: (//div[text()='Article Link']//following::input)[3]]
[INFO ][05-Sep-2022 07:24:41 AM] Selenium_Wrapper.enterText:(311) - Entering Text :Article Link in WebElement :[[ChromeDriver: chrome on WINDOWS (a16502546f5e809fa262c9faad3b4092)] -> xpath: (//div[text()='Article Link']//following::input)[5]]
[INFO ][05-Sep-2022 07:24:46 AM] Selenium_Wrapper.click:(199) - Clicking on :[[ChromeDriver: chrome on WINDOWS (a16502546f5e809fa262c9faad3b4092)] -> xpath: (//div[@class='cke_dialog_body']//span[text()='OK'])[2]]
[INFO ][05-Sep-2022 07:24:54 AM] Selenium_Wrapper.click:(199) - Clicking on :[[ChromeDriver: chrome on WINDOWS (a16502546f5e809fa262c9faad3b4092)] -> xpath: ((//span[@class='cke_bottom cke_reset_all'])[5]//preceding-sibling::*)[2]]
[INFO ][05-Sep-2022 07:24:59 AM] Selenium_Wrapper.enterText:(311) - Entering Text :BasicInfo - Remote Work * -Use the following resources when connecting to work applications remotely in WebElement :[[ChromeDriver: chrome on WINDOWS (a16502546f5e809fa262c9faad3b4092)] -> xpath: //body[@class='cke_editable cke_editable_themed cke_contents_ltr cke_show_borders']]
[INFO ][05-Sep-2022 07:25:10 AM] Selenium_Wrapper.click:(199) - Clicking on :[[ChromeDriver: chrome on WINDOWS (a16502546f5e809fa262c9faad3b4092)] -> xpath: ((//span[@class='cke_bottom cke_reset_all'])[6]//preceding-sibling::*)[2]]
[INFO ][05-Sep-2022 07:25:16 AM] Selenium_Wrapper.enterText:(311) - Entering Text :BasicContactInfo -Remote Work * -Use the following resources when connecting to work applications remotely * -Cisco Finesse Step-by-Step * -Cisco Jabber Step-by-Step * -Electronic Communication and Information Basic Info * -Extend Surface Device Battery Life Step-by-Step * -MACU Desktop Citrix ReceiverWorkspace Step-by-Step Surface Devices Step-by-Step * -Microsoft Teams Step-by-Step * -Multi-Factor Authentication (MFA) Step-by-Step * -Remote Work Agreement * -Setting up Your New Laptop * -Surface Devices Step-by-Step in WebElement :[[ChromeDriver: chrome on WINDOWS (a16502546f5e809fa262c9faad3b4092)] -> xpath: //body[@class='cke_editable cke_editable_themed cke_contents_ltr cke_show_borders']]
[INFO ][05-Sep-2022 07:25:28 AM] Selenium_Wrapper.click:(199) - Clicking on :[[ChromeDriver: chrome on WINDOWS (a16502546f5e809fa262c9faad3b4092)] -> xpath: ((//span[@class='cke_bottom cke_reset_all'])[7]//preceding-sibling::*)[2]]
[INFO ][05-Sep-2022 07:25:33 AM] Selenium_Wrapper.enterText:(311) - Entering Text :Steps- Employee Resources in WebElement :[[ChromeDriver: chrome on WINDOWS (a16502546f5e809fa262c9faad3b4092)] -> xpath: //body[@class='cke_editable cke_editable_themed cke_contents_ltr cke_show_borders']]
[INFO ][05-Sep-2022 07:25:44 AM] Selenium_Wrapper.click:(199) - Clicking on :[[ChromeDriver: chrome on WINDOWS (a16502546f5e809fa262c9faad3b4092)] -> xpath: ((//span[@class='cke_bottom cke_reset_all'])[8]//preceding-sibling::*)[2]]
[INFO ][05-Sep-2022 07:25:51 AM] Selenium_Wrapper.enterText:(311) - Entering Text :StepsContactInfo - Mountain America is here for you! Check out these resources: * Report COVID-19 in the Workplace * Contact Tracing for COVID-19 * COVID-19 Pay Options * Corporate FSR * Employee Assistance Program (EAP) * Employee Loans * Infectious Disease * MACU Facility Standards * Mountain America Center Meetings & Events * Medical Leave of Absence * Personal Time Off (PTO) * Tanner Meetings & Events * Thrive Clinic * The CareATC Patient Access Center is currently performing all appointment scheduling activities. Our clinics are not currently accepting walk-in or self-scheduled patients. To schedule an appointment, contact the clinic 800-993-8244. * Thrive Fitness Centers * Travel Pay *Traveling Branch Employees in WebElement :[[ChromeDriver: chrome on WINDOWS (a16502546f5e809fa262c9faad3b4092)] -> xpath: //body[@class='cke_editable cke_editable_themed cke_contents_ltr cke_show_borders']]
[INFO ][05-Sep-2022 07:26:00 AM] Selenium_Wrapper.click:(199) - Clicking on :[[ChromeDriver: chrome on WINDOWS (a16502546f5e809fa262c9faad3b4092)] -> xpath: ((//span[@class='cke_bottom cke_reset_all'])[9]//preceding-sibling::*)[2]]
[INFO ][05-Sep-2022 07:26:05 AM] Selenium_Wrapper.enterText:(311) - Entering Text :Forms_Resources - Mask Mandates in WebElement :[[ChromeDriver: chrome on WINDOWS (a16502546f5e809fa262c9faad3b4092)] -> xpath: //body[@class='cke_editable cke_editable_themed cke_contents_ltr cke_show_borders']]
[INFO ][05-Sep-2022 07:26:15 AM] Selenium_Wrapper.click:(199) - Clicking on :[[ChromeDriver: chrome on WINDOWS (a16502546f5e809fa262c9faad3b4092)] -> xpath: ((//span[@class='cke_bottom cke_reset_all'])[10]//preceding-sibling::*)[2]]
[INFO ][05-Sep-2022 07:26:22 AM] Selenium_Wrapper.enterText:(311) - Entering Text :Forms_Resources_Content- As the counties and health departments begin to relax their mask mandates, MACU will address this as follows: * The mask mandate requirement for team members will remain in place for the foreseeable future. * Mask guidance for members will follow State, County and Health department guidelines for those areas. in WebElement :[[ChromeDriver: chrome on WINDOWS (a16502546f5e809fa262c9faad3b4092)] -> xpath: //body[@class='cke_editable cke_editable_themed cke_contents_ltr cke_show_borders']]
[INFO ][05-Sep-2022 07:26:32 AM] Selenium_Wrapper.click:(199) - Clicking on :[[ChromeDriver: chrome on WINDOWS (a16502546f5e809fa262c9faad3b4092)] -> xpath: ((//span[@class='cke_bottom cke_reset_all'])[11]//preceding-sibling::*)[2]]
[INFO ][05-Sep-2022 07:26:37 AM] Selenium_Wrapper.enterText:(311) - Entering Text :SalesConnections-Sales Connections in WebElement :[[ChromeDriver: chrome on WINDOWS (a16502546f5e809fa262c9faad3b4092)] -> xpath: //body[@class='cke_editable cke_editable_themed cke_contents_ltr cke_show_borders']]
[INFO ][05-Sep-2022 07:26:46 AM] Selenium_Wrapper.click:(199) - Clicking on :[[ChromeDriver: chrome on WINDOWS (a16502546f5e809fa262c9faad3b4092)] -> xpath: ((//span[@class='cke_bottom cke_reset_all'])[12]//preceding-sibling::*)[2]]
[INFO ][05-Sep-2022 07:26:52 AM] Selenium_Wrapper.enterText:(311) - Entering Text :SalesConnectionsContent- As the counties and health departments begin to relax their mask mandates, MACU will address this as follows: * The mask mandate requirement for team members will remain in place for the foreseeable future. * Mask guidance for members will follow State, County and Health department guidelines for those areas. in WebElement :[[ChromeDriver: chrome on WINDOWS (a16502546f5e809fa262c9faad3b4092)] -> xpath: //body[@class='cke_editable cke_editable_themed cke_contents_ltr cke_show_borders']]
[INFO ][05-Sep-2022 07:27:01 AM] Selenium_Wrapper.click:(199) - Clicking on :[[ChromeDriver: chrome on WINDOWS (a16502546f5e809fa262c9faad3b4092)] -> xpath: ((//span[@class='cke_bottom cke_reset_all'])[13]//preceding-sibling::*)[2]]
[INFO ][05-Sep-2022 07:27:07 AM] Selenium_Wrapper.enterText:(311) - Entering Text :https://macu1--tst.custhelp.com/app/answers/macu_view/a_id/1000124 in WebElement :[[ChromeDriver: chrome on WINDOWS (a16502546f5e809fa262c9faad3b4092)] -> xpath: //body[@class='cke_editable cke_editable_themed cke_contents_ltr cke_show_borders']]
[INFO ][05-Sep-2022 07:27:18 AM] Selenium_Wrapper.click:(199) - Clicking on :[[ChromeDriver: chrome on WINDOWS (a16502546f5e809fa262c9faad3b4092)] -> xpath: //span[text()='Teams']//following::select//option[text()='Accounting & Finance']]
[INFO ][05-Sep-2022 07:27:23 AM] Selenium_Wrapper.click:(199) - Clicking on :[[ChromeDriver: chrome on WINDOWS (a16502546f5e809fa262c9faad3b4092)] -> xpath: //span[text()='Compliance']//preceding-sibling::input]
[INFO ][05-Sep-2022 07:27:28 AM] Selenium_Wrapper.click:(199) - Clicking on :[[ChromeDriver: chrome on WINDOWS (a16502546f5e809fa262c9faad3b4092)] -> xpath: //span[text()='No ']//preceding-sibling::input]
[INFO ][05-Sep-2022 07:27:34 AM] Selenium_Wrapper.click:(199) - Clicking on :[[ChromeDriver: chrome on WINDOWS (a16502546f5e809fa262c9faad3b4092)] -> xpath: //span[text()='Major Change']//preceding-sibling::input]
[INFO ][05-Sep-2022 07:27:39 AM] Selenium_Wrapper.click:(199) - Clicking on :[[ChromeDriver: chrome on WINDOWS (a16502546f5e809fa262c9faad3b4092)] -> xpath: //span[text()='Corporate/Branch/Service Center']//following::select//option[text()='Service Center']]
[INFO ][05-Sep-2022 07:27:44 AM] Selenium_Wrapper.click:(199) - Clicking on :[[ChromeDriver: chrome on WINDOWS (a16502546f5e809fa262c9faad3b4092)] -> xpath: //span[text()='Department']//following::select//option[text()='0004 SEG Development Team']]
[INFO ][05-Sep-2022 07:27:49 AM] Selenium_Wrapper.click:(199) - Clicking on :[[ChromeDriver: chrome on WINDOWS (a16502546f5e809fa262c9faad3b4092)] -> xpath: //span[text()='Manager Level']//following::select//option[text()='Assistant Manager']]
[INFO ][05-Sep-2022 07:27:54 AM] Selenium_Wrapper.click:(199) - Clicking on :[[ChromeDriver: chrome on WINDOWS (a16502546f5e809fa262c9faad3b4092)] -> xpath: //span[contains(text(),'time with')]//following::select//option[contains(text(),'1 Month ')]]
[INFO ][05-Sep-2022 07:28:00 AM] Selenium_Wrapper.click:(199) - Clicking on :[[ChromeDriver: chrome on WINDOWS (a16502546f5e809fa262c9faad3b4092)] -> xpath: //span[contains(text(),'Branch Name')]//following::select//option[contains(text(),'Albuquerque - Golf Course Road Branch')]]
[INFO ][05-Sep-2022 07:28:05 AM] Selenium_Wrapper.click:(199) - Clicking on :[[ChromeDriver: chrome on WINDOWS (a16502546f5e809fa262c9faad3b4092)] -> xpath: //span[contains(text(),'Branch Area')]//following::select//option[contains(text(),'Teton')]]
[INFO ][05-Sep-2022 07:28:10 AM] Selenium_Wrapper.click:(199) - Clicking on :[[ChromeDriver: chrome on WINDOWS (a16502546f5e809fa262c9faad3b4092)] -> xpath: (//span[contains(text(),'Primary Tag')]//following::select//option[contains(text(),'AAA')])[1]]
[INFO ][05-Sep-2022 07:28:15 AM] Selenium_Wrapper.click:(199) - Clicking on :[[ChromeDriver: chrome on WINDOWS (a16502546f5e809fa262c9faad3b4092)] -> xpath: (//span[contains(text(),'Primary Tag')]//following::select//option[contains(text(),'AAA')])[4]]
[INFO ][05-Sep-2022 07:28:20 AM] Selenium_Wrapper.click:(199) - Clicking on :[[ChromeDriver: chrome on WINDOWS (a16502546f5e809fa262c9faad3b4092)] -> xpath: (//span[contains(text(),'Primary Tag')]//following::select//option[contains(text(),'AAA')])[6]]
[INFO ][05-Sep-2022 07:28:26 AM] Selenium_Wrapper.click:(199) - Clicking on :[[ChromeDriver: chrome on WINDOWS (a16502546f5e809fa262c9faad3b4092)] -> xpath: (//td[text()=' Repository View Selection ']//following::a)[1]]
[INFO ][05-Sep-2022 07:28:31 AM] Selenium_Wrapper.click:(199) - Clicking on :[[ChromeDriver: chrome on WINDOWS (a16502546f5e809fa262c9faad3b4092)] -> xpath: (//td[text()=' Repository View Selection ']//following::input)[1]]
[INFO ][05-Sep-2022 07:28:38 AM] Selenium_Wrapper.click:(199) - Clicking on :[[ChromeDriver: chrome on WINDOWS (a16502546f5e809fa262c9faad3b4092)] -> xpath: //div[@id='AVAIL']//tr//td//span[text()='AAA']]
[ERROR][05-Sep-2022 07:28:43 AM] CreateNewArticleFlow.testCreateArticleFlow:(295) - Create Article  un-successfull
[ERROR][05-Sep-2022 07:28:49 AM] CreateNewArticleFlow.testPublishArticleFlow:(345) - Publish Article un-successfull
[INFO ][05-Sep-2022 07:28:50 AM] Selenium_Wrapper.openBrowser:(48) - Opening chrome browser.
[INFO ][05-Sep-2022 07:28:59 AM] Selenium_Wrapper.enterURL:(82) - Entering url :https://macu1--upgrade.custhelp.com/
[INFO ][05-Sep-2022 07:29:03 AM] Selenium_Wrapper.enterText:(311) - Entering Text :pramodk in WebElement :[[ChromeDriver: chrome on WINDOWS (d365cfe0d03232d0b4383a49f91bf62f)] -> id: rn_LoginForm_2_Username]
[INFO ][05-Sep-2022 07:29:04 AM] Selenium_Wrapper.enterText:(311) - Entering Text :Soft@123 in WebElement :[[ChromeDriver: chrome on WINDOWS (d365cfe0d03232d0b4383a49f91bf62f)] -> id: rn_LoginForm_2_Password]
[INFO ][05-Sep-2022 07:29:12 AM] Selenium_Wrapper.click:(199) - Clicking on :[[ChromeDriver: chrome on WINDOWS (d365cfe0d03232d0b4383a49f91bf62f)] -> id: rn_LoginForm_2_Submit]
[INFO ][05-Sep-2022 07:29:39 AM] Selenium_Wrapper.closeCurrentBrowser:(651) - Closing the current Browser
