[INFO ][04-Sep-2022 19:20:20 PM] Selenium_Wrapper.openBrowser:(48) - Opening chrome browser.
[INFO ][04-Sep-2022 19:20:26 PM] Selenium_Wrapper.enterURL:(82) - Entering url :https://macu1--upgrade.custhelp.com/
[INFO ][04-Sep-2022 19:20:30 PM] Selenium_Wrapper.enterText:(311) - Entering Text :pramodk in WebElement :[[ChromeDriver: chrome on WINDOWS (04c45a2eb29c347f3ef41b382f5cb3a7)] -> id: rn_LoginForm_2_Username]
[INFO ][04-Sep-2022 19:20:31 PM] Selenium_Wrapper.enterText:(311) - Entering Text :Soft@123 in WebElement :[[ChromeDriver: chrome on WINDOWS (04c45a2eb29c347f3ef41b382f5cb3a7)] -> id: rn_LoginForm_2_Password]
[INFO ][04-Sep-2022 19:20:38 PM] Selenium_Wrapper.click:(199) - Clicking on :[[ChromeDriver: chrome on WINDOWS (04c45a2eb29c347f3ef41b382f5cb3a7)] -> id: rn_LoginForm_2_Submit]
[INFO ][04-Sep-2022 19:20:51 PM] Selenium_Wrapper.click:(199) - Clicking on :[[ChromeDriver: chrome on WINDOWS (04c45a2eb29c347f3ef41b382f5cb3a7)] -> xpath: //input[@type='search']]
[INFO ][04-Sep-2022 19:20:53 PM] Selenium_Wrapper.enterText:(311) - Entering Text :Auto Loan in WebElement :[[ChromeDriver: chrome on WINDOWS (04c45a2eb29c347f3ef41b382f5cb3a7)] -> xpath: //input[@type='search']]
[INFO ][04-Sep-2022 19:21:10 PM] Selenium_Wrapper.click:(199) - Clicking on :[[ChromeDriver: chrome on WINDOWS (04c45a2eb29c347f3ef41b382f5cb3a7)] -> xpath: //ul[@aria-label='Suggested Search']//li[normalize-space()= 'Auto Loan' ]]
[INFO ][04-Sep-2022 19:21:17 PM] Selenium_Wrapper.click:(199) - Clicking on :[[ChromeDriver: chrome on WINDOWS (04c45a2eb29c347f3ef41b382f5cb3a7)] -> xpath: //div[@class='rn_SearchResultContent']//a[text()='Auto Loan']]
[INFO ][04-Sep-2022 19:21:38 PM] Selenium_Wrapper.click:(199) - Clicking on :[[ChromeDriver: chrome on WINDOWS (04c45a2eb29c347f3ef41b382f5cb3a7)] -> xpath: //button[@class='rn_RecommendContentButton p-0']]
[ERROR][04-Sep-2022 19:21:39 PM] FeedbackAdmin.testFeedbackPage:(79) - Request Updates, Comments, Thumbs Up & Down Test is un-successfull
[ERROR][04-Sep-2022 19:22:12 PM] FeedbackAdmin.testMyFeedbackStatus:(114) - My Feedback Article Status in CP Test is un-successfull
[INFO ][04-Sep-2022 19:22:13 PM] Selenium_Wrapper.openBrowser:(48) - Opening chrome browser.
[INFO ][04-Sep-2022 19:22:17 PM] Selenium_Wrapper.enterURL:(82) - Entering url :https://macu1--upgrade.custhelp.com/AgentWeb/
[INFO ][04-Sep-2022 19:22:21 PM] Selenium_Wrapper.enterText:(311) - Entering Text :RNT_pramod in WebElement :[[ChromeDriver: chrome on WINDOWS (51de115cd0b91ffb880c05762d5f0197)] -> id: username]
[INFO ][04-Sep-2022 19:22:22 PM] Selenium_Wrapper.enterText:(311) - Entering Text :Welcome123 in WebElement :[[ChromeDriver: chrome on WINDOWS (51de115cd0b91ffb880c05762d5f0197)] -> id: password]
[INFO ][04-Sep-2022 19:22:59 PM] Selenium_Wrapper.click:(199) - Clicking on :[[ChromeDriver: chrome on WINDOWS (51de115cd0b91ffb880c05762d5f0197)] -> id: loginbutton]
[INFO ][04-Sep-2022 19:23:17 PM] Selenium_Wrapper.click:(199) - Clicking on :[[ChromeDriver: chrome on WINDOWS (51de115cd0b91ffb880c05762d5f0197)] -> id: navigationSetBtn]
[INFO ][04-Sep-2022 19:23:22 PM] Selenium_Wrapper.click:(199) - Clicking on :[[ChromeDriver: chrome on WINDOWS (51de115cd0b91ffb880c05762d5f0197)] -> xpath: (//div[text()='Analytics']//a)]
[INFO ][04-Sep-2022 19:23:28 PM] Selenium_Wrapper.click:(199) - Clicking on :[[ChromeDriver: chrome on WINDOWS (51de115cd0b91ffb880c05762d5f0197)] -> xpath: //span[text()='Reports Explorer']]
[INFO ][04-Sep-2022 19:23:33 PM] Selenium_Wrapper.click:(199) - Clicking on :[[ChromeDriver: chrome on WINDOWS (51de115cd0b91ffb880c05762d5f0197)] -> xpath: //div[text()='Public Reports']]
[INFO ][04-Sep-2022 19:23:39 PM] Selenium_Wrapper.click:(199) - Clicking on :[[ChromeDriver: chrome on WINDOWS (51de115cd0b91ffb880c05762d5f0197)] -> xpath: //div[text()='MACU CUSTOM REPORTS']]
[INFO ][04-Sep-2022 19:23:44 PM] Selenium_Wrapper.click:(199) - Clicking on :[[ChromeDriver: chrome on WINDOWS (51de115cd0b91ffb880c05762d5f0197)] -> xpath: //div[text()='SoftClouds']]
[INFO ][04-Sep-2022 19:23:50 PM] Selenium_Wrapper.click:(199) - Clicking on :[[ChromeDriver: chrome on WINDOWS (51de115cd0b91ffb880c05762d5f0197)] -> xpath: //div[text()='OKCS']]
[INFO ][04-Sep-2022 19:24:06 PM] Selenium_Wrapper.click:(199) - Clicking on :[[ChromeDriver: chrome on WINDOWS (51de115cd0b91ffb880c05762d5f0197)] -> xpath: (//div[@class='select-box-arrow select-box-arrow-cursor'])[3]]
[INFO ][04-Sep-2022 19:24:12 PM] Selenium_Wrapper.click:(199) - Clicking on :[[ChromeDriver: chrome on WINDOWS (51de115cd0b91ffb880c05762d5f0197)] -> xpath: //div[@title='Unresolved']]
[INFO ][04-Sep-2022 19:24:20 PM] Selenium_Wrapper.click:(199) - Clicking on :[[ChromeDriver: chrome on WINDOWS (51de115cd0b91ffb880c05762d5f0197)] -> xpath: (//span[text()='Search'])[3]]
[ERROR][04-Sep-2022 19:24:25 PM] FeedbackAdmin.testSelectingandGivingAsnwerstoReportFlow:(229) - Selecting and Giving Asnwers to Report- un-successfull
[ERROR][04-Sep-2022 19:26:13 PM] Selenium_Wrapper.getWebElement:(124) - org.openqa.selenium.TimeoutException: Expected condition failed: waiting for visibility of [[ChromeDriver: chrome on WINDOWS (51de115cd0b91ffb880c05762d5f0197)] -> xpath: //body//span[@id='initialsText']] (tried for 100 second(s) with 500 milliseconds interval)
Build info: version: '3.141.59', revision: 'e82be7d358', time: '2018-11-14T08:17:03'
System info: host: 'QA-SWAMYK', ip: '192.168.0.4', os.name: 'Windows 10', os.arch: 'amd64', os.version: '10.0', java.version: '11.0.10'
Driver info: org.openqa.selenium.chrome.ChromeDriver
Capabilities {acceptInsecureCerts: false, browserName: chrome, browserVersion: 105.0.5195.102, chrome: {chromedriverVersion: 105.0.5195.52 (412c95e51883..., userDataDir: C:\Users\SWAMYK~1\AppData\L...}, goog:chromeOptions: {debuggerAddress: localhost:58126}, javascriptEnabled: true, networkConnectionEnabled: false, pageLoadStrategy: normal, platform: WINDOWS, platformName: WINDOWS, proxy: Proxy(), setWindowRect: true, strictFileInteractability: false, timeouts: {implicit: 0, pageLoad: 300000, script: 30000}, unhandledPromptBehavior: dismiss and notify, webauthn:extension:credBlob: true, webauthn:extension:largeBlob: true, webauthn:virtualAuthenticators: true}
Session ID: 51de115cd0b91ffb880c05762d5f0197
[ERROR][04-Sep-2022 19:26:13 PM] FeedbackAdmin.testSignout:(248) - Logout/SignOut un-successfull
