[INFO ][04-Oct-2023 19:46:15 pm] Selenium_Wrapper.openBrowser:(48) - Opening chrome browser.
[INFO ][04-Oct-2023 19:46:21 pm] Selenium_Wrapper.enterURL:(82) - Entering url :https://macu1--tst1.custhelp.com/app/home
[INFO ][04-Oct-2023 19:46:25 pm] Selenium_Wrapper.enterText:(311) - Entering Text :swamyk in WebElement :[[ChromeDriver: chrome on WINDOWS (09c64eb624f7979145247a56c7772887)] -> id: rn_LoginForm_2_Username]
[INFO ][04-Oct-2023 19:46:27 pm] Selenium_Wrapper.enterText:(311) - Entering Text :Soft@123 in WebElement :[[ChromeDriver: chrome on WINDOWS (09c64eb624f7979145247a56c7772887)] -> id: rn_LoginForm_2_Password]
[INFO ][04-Oct-2023 19:46:34 pm] Selenium_Wrapper.click:(199) - Clicking on :[[ChromeDriver: chrome on WINDOWS (09c64eb624f7979145247a56c7772887)] -> id: rn_LoginForm_2_Submit]
[INFO ][04-Oct-2023 19:46:42 pm] Selenium_Wrapper.click:(199) - Clicking on :[[ChromeDriver: chrome on WINDOWS (09c64eb624f7979145247a56c7772887)] -> xpath: //input[@type='search']]
[INFO ][04-Oct-2023 19:46:43 pm] Selenium_Wrapper.enterText:(311) - Entering Text :Business Auto Loan - ALPS 1.0 in WebElement :[[ChromeDriver: chrome on WINDOWS (09c64eb624f7979145247a56c7772887)] -> xpath: //input[@type='search']]
[INFO ][04-Oct-2023 19:46:58 pm] Selenium_Wrapper.click:(199) - Clicking on :[[ChromeDriver: chrome on WINDOWS (09c64eb624f7979145247a56c7772887)] -> xpath: (//div[@class='yui3-aclist-content']//li//li)[1]]
[INFO ][04-Oct-2023 19:47:06 pm] Selenium_Wrapper.click:(199) - Clicking on :[[ChromeDriver: chrome on WINDOWS (09c64eb624f7979145247a56c7772887)] -> xpath: (//div[@class='rn_SearchResultContent']//a)[1]]
[INFO ][04-Oct-2023 19:47:28 pm] Selenium_Wrapper.click:(199) - Clicking on :[[ChromeDriver: chrome on WINDOWS (09c64eb624f7979145247a56c7772887)] -> xpath: //div[@class='main_image_div']//div[@class='thumbs_up_down'][2]]
[INFO ][04-Oct-2023 19:47:39 pm] Selenium_Wrapper.click:(199) - Clicking on :[[ChromeDriver: chrome on WINDOWS (09c64eb624f7979145247a56c7772887)] -> xpath: //textarea[@class='rn_DocumentTextArea']]
[INFO ][04-Oct-2023 19:47:40 pm] Selenium_Wrapper.enterText:(311) - Entering Text :Flexible Work - ThumbDown Comments in WebElement :[[ChromeDriver: chrome on WINDOWS (09c64eb624f7979145247a56c7772887)] -> xpath: //textarea[@class='rn_DocumentTextArea']]
[INFO ][04-Oct-2023 19:47:45 pm] Selenium_Wrapper.click:(199) - Clicking on :[[ChromeDriver: chrome on WINDOWS (09c64eb624f7979145247a56c7772887)] -> xpath: //button[text()='SUBMIT']]
[INFO ][04-Oct-2023 19:47:50 pm] Selenium_Wrapper.click:(199) - Clicking on :[[ChromeDriver: chrome on WINDOWS (09c64eb624f7979145247a56c7772887)] -> xpath: //button[@class='yui3-button yui3-button-close']]
[INFO ][04-Oct-2023 19:47:57 pm] Selenium_Wrapper.click:(199) - Clicking on :[[ChromeDriver: chrome on WINDOWS (09c64eb624f7979145247a56c7772887)] -> xpath: //div[@class='dropdown']]
[INFO ][04-Oct-2023 19:48:07 pm] Selenium_Wrapper.click:(199) - Clicking on :[[ChromeDriver: chrome on WINDOWS (09c64eb624f7979145247a56c7772887)] -> xpath: //a[text()='My Feedback']]
[INFO ][04-Oct-2023 19:48:33 pm] Selenium_Wrapper.click:(199) - Clicking on :[[ChromeDriver: chrome on WINDOWS (09c64eb624f7979145247a56c7772887)] -> xpath: ((//table//tbody)[2]//a)[1]]
[INFO ][04-Oct-2023 19:49:05 pm] Selenium_Wrapper.click:(199) - Clicking on :[[ChromeDriver: chrome on WINDOWS (09c64eb624f7979145247a56c7772887)] -> class name: knowledge]
[INFO ][04-Oct-2023 19:49:07 pm] Selenium_Wrapper.closeCurrentBrowser:(651) - Closing the current Browser
[INFO ][04-Oct-2023 19:49:08 pm] Selenium_Wrapper.openBrowser:(48) - Opening chrome browser.
[INFO ][04-Oct-2023 19:49:16 pm] Selenium_Wrapper.enterURL:(82) - Entering url :https://macu1--tst1.custhelp.com/AgentWeb/
[INFO ][04-Oct-2023 19:49:20 pm] Selenium_Wrapper.enterText:(311) - Entering Text :automation_testing in WebElement :[[ChromeDriver: chrome on WINDOWS (4e2d1417ed765db7d9d8fa5b0b38cba8)] -> id: username]
[INFO ][04-Oct-2023 19:49:21 pm] Selenium_Wrapper.enterText:(311) - Entering Text :Welcome123 in WebElement :[[ChromeDriver: chrome on WINDOWS (4e2d1417ed765db7d9d8fa5b0b38cba8)] -> id: password]
[INFO ][04-Oct-2023 19:49:35 pm] Selenium_Wrapper.click:(199) - Clicking on :[[ChromeDriver: chrome on WINDOWS (4e2d1417ed765db7d9d8fa5b0b38cba8)] -> id: loginbutton]
[INFO ][04-Oct-2023 19:50:15 pm] Selenium_Wrapper.click:(199) - Clicking on :[[ChromeDriver: chrome on WINDOWS (4e2d1417ed765db7d9d8fa5b0b38cba8)] -> id: navigationSetBtn]
[INFO ][04-Oct-2023 19:50:22 pm] Selenium_Wrapper.click:(199) - Clicking on :[[ChromeDriver: chrome on WINDOWS (4e2d1417ed765db7d9d8fa5b0b38cba8)] -> xpath: (//div[text()='Analytics']//a)]
[INFO ][04-Oct-2023 19:50:27 pm] Selenium_Wrapper.click:(199) - Clicking on :[[ChromeDriver: chrome on WINDOWS (4e2d1417ed765db7d9d8fa5b0b38cba8)] -> xpath: //span[text()='Reports Explorer']]
[INFO ][04-Oct-2023 19:50:35 pm] Selenium_Wrapper.click:(199) - Clicking on :[[ChromeDriver: chrome on WINDOWS (4e2d1417ed765db7d9d8fa5b0b38cba8)] -> xpath: //div[text()='Public Reports']]
[INFO ][04-Oct-2023 19:50:40 pm] Selenium_Wrapper.click:(199) - Clicking on :[[ChromeDriver: chrome on WINDOWS (4e2d1417ed765db7d9d8fa5b0b38cba8)] -> xpath: //div[text()='MACU CUSTOM REPORTS']]
[INFO ][04-Oct-2023 19:50:45 pm] Selenium_Wrapper.click:(199) - Clicking on :[[ChromeDriver: chrome on WINDOWS (4e2d1417ed765db7d9d8fa5b0b38cba8)] -> xpath: //div[text()='SoftClouds']]
[INFO ][04-Oct-2023 19:50:50 pm] Selenium_Wrapper.click:(199) - Clicking on :[[ChromeDriver: chrome on WINDOWS (4e2d1417ed765db7d9d8fa5b0b38cba8)] -> xpath: //div[text()='OKCS']]
[INFO ][04-Oct-2023 19:50:56 pm] Selenium_Wrapper.click:(199) - Clicking on :[[ChromeDriver: chrome on WINDOWS (4e2d1417ed765db7d9d8fa5b0b38cba8)] -> xpath: //div[text()='Archived Reports']]
[INFO ][04-Oct-2023 19:51:08 pm] Selenium_Wrapper.doubleClick:(280) - Double clicking on :[[ChromeDriver: chrome on WINDOWS (4e2d1417ed765db7d9d8fa5b0b38cba8)] -> xpath: //div[@class='explorer-right-panel']//div[@class='explorer-data-grid']//span[text()='Feedback Admin Report (old)']]
[INFO ][04-Oct-2023 19:51:24 pm] Selenium_Wrapper.click:(199) - Clicking on :[[ChromeDriver: chrome on WINDOWS (4e2d1417ed765db7d9d8fa5b0b38cba8)] -> xpath: //div[@class='container wsx-flex']//div[@class='analyticsTopSection']//div[@class='select-box-root select-box-display-text-active']]
[INFO ][04-Oct-2023 19:51:29 pm] Selenium_Wrapper.click:(199) - Clicking on :[[ChromeDriver: chrome on WINDOWS (4e2d1417ed765db7d9d8fa5b0b38cba8)] -> xpath: (//span[text()='Search'])[2]]
[INFO ][04-Oct-2023 19:51:38 pm] Selenium_Wrapper.doubleClick:(280) - Double clicking on :[[ChromeDriver: chrome on WINDOWS (4e2d1417ed765db7d9d8fa5b0b38cba8)] -> xpath: //div[@class='container wsx-flex']//div[contains(@column-id,'2')][1]]
[INFO ][04-Oct-2023 19:51:52 pm] Selenium_Wrapper.click:(199) - Clicking on :[[ChromeDriver: chrome on WINDOWS (4e2d1417ed765db7d9d8fa5b0b38cba8)] -> xpath: //span[text()='Messages']]
[INFO ][04-Oct-2023 19:51:57 pm] Selenium_Wrapper.click:(199) - Clicking on :[[ChromeDriver: chrome on WINDOWS (4e2d1417ed765db7d9d8fa5b0b38cba8)] -> xpath: //div[contains(@class,'cke_wysiwyg_div ')]]
[INFO ][04-Oct-2023 19:51:58 pm] Selenium_Wrapper.enterText:(311) - Entering Text :It is working as per Expected in WebElement :[[ChromeDriver: chrome on WINDOWS (4e2d1417ed765db7d9d8fa5b0b38cba8)] -> xpath: //div[contains(@class,'cke_wysiwyg_div ')]]
[INFO ][04-Oct-2023 19:52:04 pm] Selenium_Wrapper.click:(199) - Clicking on :[[ChromeDriver: chrome on WINDOWS (4e2d1417ed765db7d9d8fa5b0b38cba8)] -> xpath: //div[@class='ws-toolbar-button-image bui-icon save-icon fa-lg']]
[INFO ][04-Oct-2023 19:52:09 pm] Selenium_Wrapper.click:(199) - Clicking on :[[ChromeDriver: chrome on WINDOWS (4e2d1417ed765db7d9d8fa5b0b38cba8)] -> xpath: //span[text()='Summary']]
[INFO ][04-Oct-2023 19:52:16 pm] Selenium_Wrapper.clickUsingActions:(249) - Clicking on :[[ChromeDriver: chrome on WINDOWS (4e2d1417ed765db7d9d8fa5b0b38cba8)] -> xpath: //div[contains(@id,'Incident_Status')][@class='display-text']]
[INFO ][04-Oct-2023 19:52:23 pm] Selenium_Wrapper.click:(199) - Clicking on :[[ChromeDriver: chrome on WINDOWS (4e2d1417ed765db7d9d8fa5b0b38cba8)] -> xpath: (//div[@title='Solved'])[1]]
[INFO ][04-Oct-2023 19:52:30 pm] Selenium_Wrapper.click:(199) - Clicking on :[[ChromeDriver: chrome on WINDOWS (4e2d1417ed765db7d9d8fa5b0b38cba8)] -> xpath: //div[@class='ws-toolbar-button-image bui-icon save-icon fa-lg']]
[INFO ][04-Oct-2023 19:52:39 pm] Selenium_Wrapper.click:(199) - Clicking on :[[ChromeDriver: chrome on WINDOWS (4e2d1417ed765db7d9d8fa5b0b38cba8)] -> xpath: (//a[@class='closeButton'])[3]]
[INFO ][04-Oct-2023 19:52:47 pm] Selenium_Wrapper.click:(199) - Clicking on :[[ChromeDriver: chrome on WINDOWS (4e2d1417ed765db7d9d8fa5b0b38cba8)] -> xpath: (//a[@class='closeButton'])[2]]
[INFO ][04-Oct-2023 19:52:54 pm] Selenium_Wrapper.click:(199) - Clicking on :[[ChromeDriver: chrome on WINDOWS (4e2d1417ed765db7d9d8fa5b0b38cba8)] -> xpath: (//a[@class='closeButton'])[1]]
[INFO ][04-Oct-2023 19:53:02 pm] Selenium_Wrapper.click:(199) - Clicking on :[[ChromeDriver: chrome on WINDOWS (4e2d1417ed765db7d9d8fa5b0b38cba8)] -> xpath: //body//oj-avatar[@initials='[[userMenuLabel]]']]
[INFO ][04-Oct-2023 19:53:09 pm] Selenium_Wrapper.click:(199) - Clicking on :[[ChromeDriver: chrome on WINDOWS (4e2d1417ed765db7d9d8fa5b0b38cba8)] -> xpath: //a//span[text()='Sign Out']]
[INFO ][04-Oct-2023 19:53:14 pm] Selenium_Wrapper.closeCurrentBrowser:(651) - Closing the current Browser
