[INFO ][03-Aug-2023 19:56:26 pm] Selenium_Wrapper.openBrowser:(48) - Opening chrome browser.
[INFO ][03-Aug-2023 19:56:31 pm] Selenium_Wrapper.enterURL:(82) - Entering url :https://macu1--tst1.custhelp.com/app/home
[INFO ][03-Aug-2023 19:56:35 pm] Selenium_Wrapper.enterText:(311) - Entering Text :swamyk in WebElement :[[ChromeDriver: chrome on WINDOWS (ccb28fb89513100845a9a7492964e87a)] -> id: rn_LoginForm_2_Username]
[INFO ][03-Aug-2023 19:56:36 pm] Selenium_Wrapper.enterText:(311) - Entering Text :Soft@123 in WebElement :[[ChromeDriver: chrome on WINDOWS (ccb28fb89513100845a9a7492964e87a)] -> id: rn_LoginForm_2_Password]
[INFO ][03-Aug-2023 19:56:43 pm] Selenium_Wrapper.click:(199) - Clicking on :[[ChromeDriver: chrome on WINDOWS (ccb28fb89513100845a9a7492964e87a)] -> id: rn_LoginForm_2_Submit]
[INFO ][03-Aug-2023 19:56:53 pm] Selenium_Wrapper.click:(199) - Clicking on :[[ChromeDriver: chrome on WINDOWS (ccb28fb89513100845a9a7492964e87a)] -> xpath: //input[@type='search']]
[INFO ][03-Aug-2023 19:56:54 pm] Selenium_Wrapper.enterText:(311) - Entering Text :Business Auto Loan in WebElement :[[ChromeDriver: chrome on WINDOWS (ccb28fb89513100845a9a7492964e87a)] -> xpath: //input[@type='search']]
[INFO ][03-Aug-2023 19:57:04 pm] Selenium_Wrapper.click:(199) - Clicking on :[[ChromeDriver: chrome on WINDOWS (ccb28fb89513100845a9a7492964e87a)] -> xpath: //i[@class='fas fa-search search_icon']]
[INFO ][03-Aug-2023 19:57:12 pm] Selenium_Wrapper.click:(199) - Clicking on :[[ChromeDriver: chrome on WINDOWS (ccb28fb89513100845a9a7492964e87a)] -> xpath: //div[@class='rn_SearchResultContent']//tbody//tr//div//span[@class='rn_Element1']//a]
[ERROR][03-Aug-2023 19:57:20 pm] ArticlePage.testBookmarkArticle:(94) - Bookmark Article Test case is un-successfull
[INFO ][03-Aug-2023 19:57:29 pm] Selenium_Wrapper.click:(199) - Clicking on :[[ChromeDriver: chrome on WINDOWS (ccb28fb89513100845a9a7492964e87a)] -> xpath: //div[contains(@class,'EmailAnswerLink')]//img[@class='share_icon_default']]
[INFO ][03-Aug-2023 19:57:34 pm] Selenium_Wrapper.click:(199) - Clicking on :[[ChromeDriver: chrome on WINDOWS (ccb28fb89513100845a9a7492964e87a)] -> xpath: //div[@id='rnDialog1']//input[@class='select2-search__field']]
[INFO ][03-Aug-2023 19:57:36 pm] Selenium_Wrapper.enterText:(311) - Entering Text :Aaron Brown in WebElement :[[ChromeDriver: chrome on WINDOWS (ccb28fb89513100845a9a7492964e87a)] -> xpath: //div[@id='rnDialog1']//input[@class='select2-search__field']]
[INFO ][03-Aug-2023 19:57:44 pm] Selenium_Wrapper.click:(199) - Clicking on :[[ChromeDriver: chrome on WINDOWS (ccb28fb89513100845a9a7492964e87a)] -> xpath: //ul[@class='select2-results__options']//li[text()='Aaron Brown']]
[INFO ][03-Aug-2023 19:57:49 pm] Selenium_Wrapper.click:(199) - Clicking on :[[ChromeDriver: chrome on WINDOWS (ccb28fb89513100845a9a7492964e87a)] -> xpath: //button[@class='yui3-button yui3-button-close']]
[INFO ][03-Aug-2023 19:58:04 pm] Selenium_Wrapper.click:(199) - Clicking on :[[ChromeDriver: chrome on WINDOWS (ccb28fb89513100845a9a7492964e87a)] -> xpath: //div[@id='formsResources_panel']//div[@id='formsResources_headingOne']]
[INFO ][03-Aug-2023 19:58:14 pm] Selenium_Wrapper.clickUsingActions:(249) - Clicking on :[[ChromeDriver: chrome on WINDOWS (ccb28fb89513100845a9a7492964e87a)] -> xpath: (//ul[@class='formsResources']//ul//li/a)[2]]
[INFO ][03-Aug-2023 19:58:46 pm] Selenium_Wrapper.click:(199) - Clicking on :[[ChromeDriver: chrome on WINDOWS (ccb28fb89513100845a9a7492964e87a)] -> xpath: //li[@class='breadcrumb-item']//a]
[INFO ][03-Aug-2023 19:58:59 pm] Selenium_Wrapper.click:(199) - Clicking on :[[ChromeDriver: chrome on WINDOWS (ccb28fb89513100845a9a7492964e87a)] -> class name: knowledge]
[INFO ][03-Aug-2023 19:59:10 pm] Selenium_Wrapper.click:(199) - Clicking on :[[ChromeDriver: chrome on WINDOWS (ccb28fb89513100845a9a7492964e87a)] -> xpath: //input[@type='search']]
[INFO ][03-Aug-2023 19:59:11 pm] Selenium_Wrapper.enterText:(311) - Entering Text :COVID-19 Critical Updates in WebElement :[[ChromeDriver: chrome on WINDOWS (ccb28fb89513100845a9a7492964e87a)] -> xpath: //input[@type='search']]
[INFO ][03-Aug-2023 19:59:25 pm] Selenium_Wrapper.click:(199) - Clicking on :[[ChromeDriver: chrome on WINDOWS (ccb28fb89513100845a9a7492964e87a)] -> xpath: //ul[@aria-label='Suggested Search']//li[normalize-space()='COVID-19 Critical Updates']]
[INFO ][03-Aug-2023 19:59:33 pm] Selenium_Wrapper.click:(199) - Clicking on :[[ChromeDriver: chrome on WINDOWS (ccb28fb89513100845a9a7492964e87a)] -> xpath: //div[@class='rn_SearchResultContent']//a[text()='COVID-19 Critical Updates']]
[INFO ][03-Aug-2023 20:00:37 pm] Selenium_Wrapper.click:(199) - Clicking on :[[ChromeDriver: chrome on WINDOWS (ccb28fb89513100845a9a7492964e87a)] -> xpath: //button[@class='rn_RecommendContentButton p-0']]
[INFO ][03-Aug-2023 20:00:38 pm] Selenium_Wrapper.enterText:(311) - Entering Text :Test Improve, comments, updates in WebElement :[[ChromeDriver: chrome on WINDOWS (ccb28fb89513100845a9a7492964e87a)] -> xpath: //div[@id='rnDialog1_c']//textarea[contains(@id,RequestUpdate)]]
[INFO ][03-Aug-2023 20:00:43 pm] Selenium_Wrapper.click:(199) - Clicking on :[[ChromeDriver: chrome on WINDOWS (ccb28fb89513100845a9a7492964e87a)] -> xpath: //button[@class='yui3-button yui3-button-close']]
[INFO ][03-Aug-2023 20:00:56 pm] Selenium_Wrapper.click:(199) - Clicking on :[[ChromeDriver: chrome on WINDOWS (ccb28fb89513100845a9a7492964e87a)] -> id: relatedPages_headingOne]
[INFO ][03-Aug-2023 20:01:02 pm] Selenium_Wrapper.click:(199) - Clicking on :[[ChromeDriver: chrome on WINDOWS (ccb28fb89513100845a9a7492964e87a)] -> id: relatedPages_headingOne]
[INFO ][03-Aug-2023 20:01:09 pm] Selenium_Wrapper.enterText:(311) - Entering Text :Business Auto Loan in WebElement :[[ChromeDriver: chrome on WINDOWS (ccb28fb89513100845a9a7492964e87a)] -> xpath: //div[contains(@class,'input-group')]//input[@type='search']]
[ERROR][03-Aug-2023 20:01:18 pm] ArticlePage.testRequests:(200) - testRequests Test case is un-successfull
[INFO ][03-Aug-2023 20:01:21 pm] Selenium_Wrapper.closeCurrentBrowser:(651) - Closing the current Browser
