[INFO ][03-Sep-2022 19:52:36 PM] Selenium_Wrapper.openBrowser:(48) - Opening chrome browser.
[INFO ][03-Sep-2022 19:52:40 PM] Selenium_Wrapper.enterURL:(82) - Entering url :https://macu1--upgrade.custhelp.com/AgentWeb/
[INFO ][03-Sep-2022 19:52:44 PM] Selenium_Wrapper.enterText:(311) - Entering Text :RNT_pramod in WebElement :[[ChromeDriver: chrome on WINDOWS (5b286502512f79749be0b6304ba6bff7)] -> id: username]
[INFO ][03-Sep-2022 19:52:45 PM] Selenium_Wrapper.enterText:(311) - Entering Text :Welcome123 in WebElement :[[ChromeDriver: chrome on WINDOWS (5b286502512f79749be0b6304ba6bff7)] -> id: password]
[INFO ][03-Sep-2022 19:53:21 PM] Selenium_Wrapper.click:(199) - Clicking on :[[ChromeDriver: chrome on WINDOWS (5b286502512f79749be0b6304ba6bff7)] -> id: loginbutton]
[INFO ][03-Sep-2022 19:53:36 PM] Selenium_Wrapper.click:(199) - Clicking on :[[ChromeDriver: chrome on WINDOWS (5b286502512f79749be0b6304ba6bff7)] -> id: navigationSetBtn]
[INFO ][03-Sep-2022 19:53:43 PM] Selenium_Wrapper.click:(199) - Clicking on :[[ChromeDriver: chrome on WINDOWS (5b286502512f79749be0b6304ba6bff7)] -> xpath: //div[@automationid='Configuration']]
[INFO ][03-Sep-2022 19:53:49 PM] Selenium_Wrapper.click:(199) - Clicking on :[[ChromeDriver: chrome on WINDOWS (5b286502512f79749be0b6304ba6bff7)] -> xpath: //div[@automationid='Configuration_Service']]
[INFO ][03-Sep-2022 19:53:54 PM] Selenium_Wrapper.click:(199) - Clicking on :[[ChromeDriver: chrome on WINDOWS (5b286502512f79749be0b6304ba6bff7)] -> xpath: //div[@automationid='Configuration_Service_Knowledge Advanced']]
[INFO ][03-Sep-2022 19:53:59 PM] Selenium_Wrapper.click:(199) - Clicking on :[[ChromeDriver: chrome on WINDOWS (5b286502512f79749be0b6304ba6bff7)] -> xpath: //div[@automationid='Configuration_Service_Knowledge Advanced_Authoring']//span[text()='Authoring']]
[INFO ][03-Sep-2022 19:54:13 PM] Selenium_Wrapper.clickUsingActions:(249) - Clicking on :[[ChromeDriver: chrome on WINDOWS (5b286502512f79749be0b6304ba6bff7)] -> xpath: //div[@class='bodyDivRN']//li[@testidentifier='MainNavBar_Content']//a]
[INFO ][03-Sep-2022 19:54:30 PM] Selenium_Wrapper.click:(199) - Clicking on :[[ChromeDriver: chrome on WINDOWS (5b286502512f79749be0b6304ba6bff7)] -> xpath: //a[@testidentifier='ContentNavBar_Add_Technology'][normalize-space()='Add']]
[INFO ][03-Sep-2022 19:54:39 PM] Selenium_Wrapper.click:(199) - Clicking on :[[ChromeDriver: chrome on WINDOWS (5b286502512f79749be0b6304ba6bff7)] -> xpath: //input[@testidentifier='Content_ContentType_Add_SUMMARY']]
[INFO ][03-Sep-2022 19:54:40 PM] Selenium_Wrapper.enterText:(311) - Entering Text :Test Technology through Automation 3 in WebElement :[[ChromeDriver: chrome on WINDOWS (5b286502512f79749be0b6304ba6bff7)] -> xpath: //input[@testidentifier='Content_ContentType_Add_SUMMARY']]
[INFO ][03-Sep-2022 19:54:46 PM] Selenium_Wrapper.click:(199) - Clicking on :[[ChromeDriver: chrome on WINDOWS (5b286502512f79749be0b6304ba6bff7)] -> xpath: //input[@testidentifier='Content_ContentType_Add_KEYWORD']]
[INFO ][03-Sep-2022 19:54:47 PM] Selenium_Wrapper.enterText:(311) - Entering Text :Automation Technology Test 3 in WebElement :[[ChromeDriver: chrome on WINDOWS (5b286502512f79749be0b6304ba6bff7)] -> xpath: //input[@testidentifier='Content_ContentType_Add_KEYWORD']]
[INFO ][03-Sep-2022 19:54:57 PM] Selenium_Wrapper.click:(199) - Clicking on :[[ChromeDriver: chrome on WINDOWS (5b286502512f79749be0b6304ba6bff7)] -> xpath: (//span[text()='Source'])[5]]
[INFO ][03-Sep-2022 19:55:02 PM] Selenium_Wrapper.click:(199) - Clicking on :[[ChromeDriver: chrome on WINDOWS (5b286502512f79749be0b6304ba6bff7)] -> xpath: //textarea[contains(@title,'Rich Text Editor')]]
[INFO ][03-Sep-2022 19:55:14 PM] Selenium_Wrapper.enterText:(311) - Entering Text :<h1>Basic Info</h1>
*<h2>Rescue Loan Qualification</h2>
*<p>For a loan to qualify as rescued you must be able to say YES to EACH of the requirements below:</p>
*<ol> *              <li>This is a new loan to MACU</li> *              <li>This loan is paying off an existing loan from another financial institution (personally&nbsp;held debt and collections are not eligible)</li> *              <li>I proactively rescued this loan</li> *              <li>I reviewed a Value Analyzer with the member and discussed how the new rescue loan meets their needs</li> *</ol> *<h2>Rescued Loan Incentive</h2>
*<ul> *              <li>MSRs and Service Center Agents will receive $10.00 plus&nbsp;$0.50 per $1,000 of rescued volume ($100 cap) for a rescue referral sent to a loan-trained employee (FSR, Outbound Agent, etc.)</li> *          <li>Loan-trained team members who originate and book a rescued loan will receive&nbsp;$2 per $1,000 of rescued volume&nbsp;($100 cap). *            <ul> *                        <li>When booked as a result of a referral, the incentive for the loan-trained individual changes to $1.50 per $1,000 of rescued volume.</li> *             </ul> *              </li> *</ul>
*<div class="panel panel-default panel_note"> *<div class="panel-heading"> *<h2 class="panel-title"> *<span class="rn_note"><strong>Note: </strong> Need to rename a multi-workspace channel on an Enterprise Grid org? Only the Owners or Admins of the workspace or org can do so.</span> *</h2> *</div> *</div>
*<div class="panel panel-default panel_tip"> *<div class="panel-heading"> *<h2 class="panel-title"> *<span class="rn_tip"><strong>Tip:</strong> Only the Owners or Admins of the org can edit this content.</span> *</h2> *</div> *</div>
*<div class="panel panel-default panel_updated"> *<div class="panel-heading"> *<h2 class="panel-title"> *<span class="rn_updated"><strong>COVID-19 Update: </strong> Qualifications to Open and Make Contributions</span> *</h2> *</div> *</div>
*<div class="panel panel-default panel_video"> *<div class="panel-heading"> *<h2 class="panel-title"> *<a class="collapsed" data-toggle="collapse" href="#panel_video_bodyone"> *<span class="rn_video">Video Title</span></a></h2> *</div> *<div aria-expanded="true" class="panel-collapse collapse " id="panel_video_bodyone" role="tabpanel">&nbsp; *<div class="col-sm-12"> *<iframe allowfullscreen="" frameborder="0" height="auto" scrolling="no" src="https://web.microsoftstream.com/embed/video/e865da0e-1116-4ada-b64e-230d0807e343?autoplay=false&amp;showinfo=true" style="border: currentColor; border-image: none;" width="100%"></iframe></div> *</div> *</div> in WebElement :[[ChromeDriver: chrome on WINDOWS (5b286502512f79749be0b6304ba6bff7)] -> xpath: //textarea[contains(@title,'Rich Text Editor')]]
[INFO ][03-Sep-2022 19:55:20 PM] Selenium_Wrapper.click:(199) - Clicking on :[[ChromeDriver: chrome on WINDOWS (5b286502512f79749be0b6304ba6bff7)] -> xpath: (//span[text()='Source'])[5]]
[INFO ][03-Sep-2022 19:55:27 PM] Selenium_Wrapper.click:(199) - Clicking on :[[ChromeDriver: chrome on WINDOWS (5b286502512f79749be0b6304ba6bff7)] -> xpath: //input[@type='checkbox'][@testidentifier='ContentAttributes_RepoViewSelection']]
[INFO ][03-Sep-2022 19:55:45 PM] Selenium_Wrapper.click:(199) - Clicking on :[[ChromeDriver: chrome on WINDOWS (5b286502512f79749be0b6304ba6bff7)] -> xpath: //a[text()='Save Document']]
[INFO ][03-Sep-2022 19:55:55 PM] Selenium_Wrapper.click:(199) - Clicking on :[[ChromeDriver: chrome on WINDOWS (5b286502512f79749be0b6304ba6bff7)] -> xpath: //a[text()='Approve']]
[INFO ][03-Sep-2022 19:56:06 PM] Selenium_Wrapper.click:(199) - Clicking on :[[ChromeDriver: chrome on WINDOWS (5b286502512f79749be0b6304ba6bff7)] -> xpath: //a[text()='Approve']]
[INFO ][03-Sep-2022 19:56:16 PM] Selenium_Wrapper.click:(199) - Clicking on :[[ChromeDriver: chrome on WINDOWS (5b286502512f79749be0b6304ba6bff7)] -> xpath: //a[text()='Approve']]
[INFO ][03-Sep-2022 19:56:24 PM] Selenium_Wrapper.openBrowser:(48) - Opening chrome browser.
[INFO ][03-Sep-2022 19:56:32 PM] Selenium_Wrapper.enterURL:(82) - Entering url :https://macu1--upgrade.custhelp.com/
[INFO ][03-Sep-2022 19:56:36 PM] Selenium_Wrapper.enterText:(311) - Entering Text :pramodk in WebElement :[[ChromeDriver: chrome on WINDOWS (56d3999978ee9d1d0d32dbb73cc256a9)] -> id: rn_LoginForm_2_Username]
[INFO ][03-Sep-2022 19:56:37 PM] Selenium_Wrapper.enterText:(311) - Entering Text :Soft@123 in WebElement :[[ChromeDriver: chrome on WINDOWS (56d3999978ee9d1d0d32dbb73cc256a9)] -> id: rn_LoginForm_2_Password]
[INFO ][03-Sep-2022 19:56:44 PM] Selenium_Wrapper.click:(199) - Clicking on :[[ChromeDriver: chrome on WINDOWS (56d3999978ee9d1d0d32dbb73cc256a9)] -> id: rn_LoginForm_2_Submit]
[ERROR][03-Sep-2022 19:57:07 PM] Selenium_Wrapper.scrollToWebElement:(487) - org.openqa.selenium.NoSuchElementException: no such element: Unable to locate element: {"method":"xpath","selector":"//div[@class='rn_SchemaAttribute']"}
  (Session info: chrome=105.0.5195.102)
For documentation on this error, please visit: https://www.seleniumhq.org/exceptions/no_such_element.html
Build info: version: '3.141.59', revision: 'e82be7d358', time: '2018-11-14T08:17:03'
System info: host: 'QA-SWAMYK', ip: '192.168.0.4', os.name: 'Windows 10', os.arch: 'amd64', os.version: '10.0', java.version: '11.0.10'
Driver info: org.openqa.selenium.chrome.ChromeDriver
Capabilities {acceptInsecureCerts: false, browserName: chrome, browserVersion: 105.0.5195.102, chrome: {chromedriverVersion: 105.0.5195.52 (412c95e51883..., userDataDir: C:\Users\SWAMYK~1\AppData\L...}, goog:chromeOptions: {debuggerAddress: localhost:49691}, javascriptEnabled: true, networkConnectionEnabled: false, pageLoadStrategy: normal, platform: WINDOWS, platformName: WINDOWS, proxy: Proxy(), setWindowRect: true, strictFileInteractability: false, timeouts: {implicit: 0, pageLoad: 300000, script: 30000}, unhandledPromptBehavior: dismiss and notify, webauthn:extension:credBlob: true, webauthn:extension:largeBlob: true, webauthn:virtualAuthenticators: true}
Session ID: 56d3999978ee9d1d0d32dbb73cc256a9
*** Element info: {Using=xpath, value=//div[@class='rn_SchemaAttribute']}
[ERROR][03-Sep-2022 19:57:07 PM] CallOuts.testCPCallouts:(127) - Login/SignIn un-successfull
[INFO ][03-Sep-2022 19:57:10 PM] Selenium_Wrapper.closeCurrentBrowser:(651) - Closing the current Browser
