[INFO ][04-Oct-2023 20:00:16 pm] Selenium_Wrapper.openBrowser:(48) - Opening chrome browser.
[INFO ][04-Oct-2023 20:00:21 pm] Selenium_Wrapper.enterURL:(82) - Entering url :https://macu1--tst1.custhelp.com/app/home
[INFO ][04-Oct-2023 20:00:26 pm] Selenium_Wrapper.enterText:(311) - Entering Text :swamyk in WebElement :[[ChromeDriver: chrome on WINDOWS (d089646b5cc5d880e149ea5da7b295da)] -> id: rn_LoginForm_2_Username]
[INFO ][04-Oct-2023 20:00:27 pm] Selenium_Wrapper.enterText:(311) - Entering Text :Soft@123 in WebElement :[[ChromeDriver: chrome on WINDOWS (d089646b5cc5d880e149ea5da7b295da)] -> id: rn_LoginForm_2_Password]
[INFO ][04-Oct-2023 20:00:34 pm] Selenium_Wrapper.click:(199) - Clicking on :[[ChromeDriver: chrome on WINDOWS (d089646b5cc5d880e149ea5da7b295da)] -> id: rn_LoginForm_2_Submit]
[INFO ][04-Oct-2023 20:00:45 pm] Selenium_Wrapper.click:(199) - Clicking on :[[ChromeDriver: chrome on WINDOWS (d089646b5cc5d880e149ea5da7b295da)] -> xpath: //input[@type='search']]
[INFO ][04-Oct-2023 20:00:46 pm] Selenium_Wrapper.enterText:(311) - Entering Text :Business Auto Loan - ALPS 1.0 in WebElement :[[ChromeDriver: chrome on WINDOWS (d089646b5cc5d880e149ea5da7b295da)] -> xpath: //input[@type='search']]
[INFO ][04-Oct-2023 20:01:03 pm] Selenium_Wrapper.click:(199) - Clicking on :[[ChromeDriver: chrome on WINDOWS (d089646b5cc5d880e149ea5da7b295da)] -> xpath: (//div[@class='yui3-aclist-content']//li//li)[1]]
[INFO ][04-Oct-2023 20:01:10 pm] Selenium_Wrapper.click:(199) - Clicking on :[[ChromeDriver: chrome on WINDOWS (d089646b5cc5d880e149ea5da7b295da)] -> xpath: (//div[@class='rn_SearchResultContent']//a)[1]]
[INFO ][04-Oct-2023 20:01:33 pm] Selenium_Wrapper.click:(199) - Clicking on :[[ChromeDriver: chrome on WINDOWS (d089646b5cc5d880e149ea5da7b295da)] -> xpath: //button[@class='rn_RecommendContentButton p-0']]
[INFO ][04-Oct-2023 20:01:34 pm] Selenium_Wrapper.enterText:(311) - Entering Text :Test Improve, comments, updates in WebElement :[[ChromeDriver: chrome on WINDOWS (d089646b5cc5d880e149ea5da7b295da)] -> id: rn_RequestUpdate_25_Description]
[INFO ][04-Oct-2023 20:01:40 pm] Selenium_Wrapper.click:(199) - Clicking on :[[ChromeDriver: chrome on WINDOWS (d089646b5cc5d880e149ea5da7b295da)] -> xpath: //button[text()='Submit']]
[INFO ][04-Oct-2023 20:01:53 pm] Selenium_Wrapper.click:(199) - Clicking on :[[ChromeDriver: chrome on WINDOWS (d089646b5cc5d880e149ea5da7b295da)] -> xpath: //div[@id='rnDialog2']//button[@type='button']]
[INFO ][04-Oct-2023 20:02:08 pm] Selenium_Wrapper.click:(199) - Clicking on :[[ChromeDriver: chrome on WINDOWS (d089646b5cc5d880e149ea5da7b295da)] -> class name: knowledge]
[INFO ][04-Oct-2023 20:02:15 pm] Selenium_Wrapper.click:(199) - Clicking on :[[ChromeDriver: chrome on WINDOWS (d089646b5cc5d880e149ea5da7b295da)] -> xpath: //div[@class='dropdown']]
[INFO ][04-Oct-2023 20:02:25 pm] Selenium_Wrapper.click:(199) - Clicking on :[[ChromeDriver: chrome on WINDOWS (d089646b5cc5d880e149ea5da7b295da)] -> xpath: //a[text()='My Feedback']]
[INFO ][04-Oct-2023 20:02:27 pm] Selenium_Wrapper.enterText:(311) - Entering Text :Business Auto Loan - ALPS 1.0 in WebElement :[[ChromeDriver: chrome on WINDOWS (d089646b5cc5d880e149ea5da7b295da)] -> xpath: //input[@placeholder='Search Your Feedback Report']]
[INFO ][04-Oct-2023 20:02:41 pm] Selenium_Wrapper.click:(199) - Clicking on :[[ChromeDriver: chrome on WINDOWS (d089646b5cc5d880e149ea5da7b295da)] -> xpath: //div[@class='rn_SearchInput1 mt-3']//span[@class='btn-srch-icon']//i[@class='fa fa-search']]
[ERROR][04-Oct-2023 20:02:49 pm] Selenium_Wrapper.highlightWebElement:(417) - org.openqa.selenium.NoSuchElementException: no such element: Unable to locate element: {"method":"xpath","selector":"(//tbody[@class='yui3-datatable-data']//a)[1]"}
  (Session info: chrome=117.0.5938.150)
For documentation on this error, please visit: https://www.seleniumhq.org/exceptions/no_such_element.html
Build info: version: '3.141.59', revision: 'e82be7d358', time: '2018-11-14T08:17:03'
System info: host: 'CAF-QA-SWAMYK', ip: '192.168.0.6', os.name: 'Windows 10', os.arch: 'amd64', os.version: '10.0', java.version: '17.0.5'
Driver info: org.openqa.selenium.chrome.ChromeDriver
Capabilities {acceptInsecureCerts: false, browserName: chrome, browserVersion: 117.0.5938.150, chrome: {chromedriverVersion: 117.0.5938.92 (67649b10b92b..., userDataDir: C:\Users\swamyk\AppData\Loc...}, fedcm:accounts: true, goog:chromeOptions: {debuggerAddress: localhost:52505}, javascriptEnabled: true, networkConnectionEnabled: false, pageLoadStrategy: normal, platform: WINDOWS, platformName: WINDOWS, proxy: Proxy(), setWindowRect: true, strictFileInteractability: false, timeouts: {implicit: 0, pageLoad: 300000, script: 30000}, unhandledPromptBehavior: dismiss and notify, webauthn:extension:credBlob: true, webauthn:extension:largeBlob: true, webauthn:extension:minPinLength: true, webauthn:extension:prf: true, webauthn:virtualAuthenticators: true}
Session ID: d089646b5cc5d880e149ea5da7b295da
*** Element info: {Using=xpath, value=(//tbody[@class='yui3-datatable-data']//a)[1]}
[ERROR][04-Oct-2023 20:02:52 pm] Selenium_Wrapper.highlightWebElement:(417) - org.openqa.selenium.NoSuchElementException: no such element: Unable to locate element: {"method":"xpath","selector":"//td[normalize-space()='UNRESOLVED']"}
  (Session info: chrome=117.0.5938.150)
For documentation on this error, please visit: https://www.seleniumhq.org/exceptions/no_such_element.html
Build info: version: '3.141.59', revision: 'e82be7d358', time: '2018-11-14T08:17:03'
System info: host: 'CAF-QA-SWAMYK', ip: '192.168.0.6', os.name: 'Windows 10', os.arch: 'amd64', os.version: '10.0', java.version: '17.0.5'
Driver info: org.openqa.selenium.chrome.ChromeDriver
Capabilities {acceptInsecureCerts: false, browserName: chrome, browserVersion: 117.0.5938.150, chrome: {chromedriverVersion: 117.0.5938.92 (67649b10b92b..., userDataDir: C:\Users\swamyk\AppData\Loc...}, fedcm:accounts: true, goog:chromeOptions: {debuggerAddress: localhost:52505}, javascriptEnabled: true, networkConnectionEnabled: false, pageLoadStrategy: normal, platform: WINDOWS, platformName: WINDOWS, proxy: Proxy(), setWindowRect: true, strictFileInteractability: false, timeouts: {implicit: 0, pageLoad: 300000, script: 30000}, unhandledPromptBehavior: dismiss and notify, webauthn:extension:credBlob: true, webauthn:extension:largeBlob: true, webauthn:extension:minPinLength: true, webauthn:extension:prf: true, webauthn:virtualAuthenticators: true}
Session ID: d089646b5cc5d880e149ea5da7b295da
*** Element info: {Using=xpath, value=//td[normalize-space()='UNRESOLVED']}
[ERROR][04-Oct-2023 20:02:57 pm] FeedbackAdmin.testMyFeedbackStatus:(110) - My Feedback Article Status in CP Test is un-successfull
[INFO ][04-Oct-2023 20:02:58 pm] Selenium_Wrapper.openBrowser:(48) - Opening chrome browser.
[INFO ][04-Oct-2023 20:03:07 pm] Selenium_Wrapper.enterURL:(82) - Entering url :https://macu1--tst1.custhelp.com/AgentWeb/
[INFO ][04-Oct-2023 20:03:11 pm] Selenium_Wrapper.enterText:(311) - Entering Text :automation_testing in WebElement :[[ChromeDriver: chrome on WINDOWS (8312af0d03e24efee6b4bbd8d9c11579)] -> id: username]
[INFO ][04-Oct-2023 20:03:12 pm] Selenium_Wrapper.enterText:(311) - Entering Text :Welcome123 in WebElement :[[ChromeDriver: chrome on WINDOWS (8312af0d03e24efee6b4bbd8d9c11579)] -> id: password]
[INFO ][04-Oct-2023 20:03:43 pm] Selenium_Wrapper.click:(199) - Clicking on :[[ChromeDriver: chrome on WINDOWS (8312af0d03e24efee6b4bbd8d9c11579)] -> id: loginbutton]
[INFO ][04-Oct-2023 20:04:04 pm] Selenium_Wrapper.click:(199) - Clicking on :[[ChromeDriver: chrome on WINDOWS (8312af0d03e24efee6b4bbd8d9c11579)] -> id: navigationSetBtn]
[INFO ][04-Oct-2023 20:04:09 pm] Selenium_Wrapper.click:(199) - Clicking on :[[ChromeDriver: chrome on WINDOWS (8312af0d03e24efee6b4bbd8d9c11579)] -> xpath: (//div[text()='Analytics']//a)]
[INFO ][04-Oct-2023 20:04:14 pm] Selenium_Wrapper.click:(199) - Clicking on :[[ChromeDriver: chrome on WINDOWS (8312af0d03e24efee6b4bbd8d9c11579)] -> xpath: //span[text()='Reports Explorer']]
[INFO ][04-Oct-2023 20:04:20 pm] Selenium_Wrapper.click:(199) - Clicking on :[[ChromeDriver: chrome on WINDOWS (8312af0d03e24efee6b4bbd8d9c11579)] -> xpath: //div[text()='Public Reports']]
[INFO ][04-Oct-2023 20:04:25 pm] Selenium_Wrapper.click:(199) - Clicking on :[[ChromeDriver: chrome on WINDOWS (8312af0d03e24efee6b4bbd8d9c11579)] -> xpath: //div[text()='MACU CUSTOM REPORTS']]
[INFO ][04-Oct-2023 20:04:30 pm] Selenium_Wrapper.click:(199) - Clicking on :[[ChromeDriver: chrome on WINDOWS (8312af0d03e24efee6b4bbd8d9c11579)] -> xpath: //div[text()='SoftClouds']]
[INFO ][04-Oct-2023 20:04:36 pm] Selenium_Wrapper.click:(199) - Clicking on :[[ChromeDriver: chrome on WINDOWS (8312af0d03e24efee6b4bbd8d9c11579)] -> xpath: //div[text()='OKCS']]
[INFO ][04-Oct-2023 20:04:48 pm] Selenium_Wrapper.doubleClick:(280) - Double clicking on :[[ChromeDriver: chrome on WINDOWS (8312af0d03e24efee6b4bbd8d9c11579)] -> xpath: //div[@class='explorer-right-panel']//div[@class='explorer-data-grid']//span[text()='Feedback Admin Report']]
[INFO ][04-Oct-2023 20:05:04 pm] Selenium_Wrapper.click:(199) - Clicking on :[[ChromeDriver: chrome on WINDOWS (8312af0d03e24efee6b4bbd8d9c11579)] -> xpath: //div[@class='container wsx-flex']//div[@class='analyticsTopSection']//div[@class='select-box-root select-box-display-text-active']]
[INFO ][04-Oct-2023 20:05:10 pm] Selenium_Wrapper.click:(199) - Clicking on :[[ChromeDriver: chrome on WINDOWS (8312af0d03e24efee6b4bbd8d9c11579)] -> xpath: (//span[text()='Search'])[2]]
[INFO ][04-Oct-2023 20:05:19 pm] Selenium_Wrapper.doubleClick:(280) - Double clicking on :[[ChromeDriver: chrome on WINDOWS (8312af0d03e24efee6b4bbd8d9c11579)] -> xpath: //div[@class='container wsx-flex']//div[contains(@column-id,'2')][1]]
[INFO ][04-Oct-2023 20:05:33 pm] Selenium_Wrapper.click:(199) - Clicking on :[[ChromeDriver: chrome on WINDOWS (8312af0d03e24efee6b4bbd8d9c11579)] -> xpath: //span[text()='Messages']]
[INFO ][04-Oct-2023 20:05:38 pm] Selenium_Wrapper.click:(199) - Clicking on :[[ChromeDriver: chrome on WINDOWS (8312af0d03e24efee6b4bbd8d9c11579)] -> xpath: //div[contains(@class,'cke_wysiwyg_div ')]]
[INFO ][04-Oct-2023 20:05:40 pm] Selenium_Wrapper.enterText:(311) - Entering Text :It is working as per Expected in WebElement :[[ChromeDriver: chrome on WINDOWS (8312af0d03e24efee6b4bbd8d9c11579)] -> xpath: //div[contains(@class,'cke_wysiwyg_div ')]]
[INFO ][04-Oct-2023 20:05:45 pm] Selenium_Wrapper.click:(199) - Clicking on :[[ChromeDriver: chrome on WINDOWS (8312af0d03e24efee6b4bbd8d9c11579)] -> xpath: //div[@class='ws-toolbar-button-image bui-icon save-icon fa-lg']]
[INFO ][04-Oct-2023 20:05:50 pm] Selenium_Wrapper.click:(199) - Clicking on :[[ChromeDriver: chrome on WINDOWS (8312af0d03e24efee6b4bbd8d9c11579)] -> xpath: //span[text()='Summary']]
[INFO ][04-Oct-2023 20:05:58 pm] Selenium_Wrapper.clickUsingActions:(249) - Clicking on :[[ChromeDriver: chrome on WINDOWS (8312af0d03e24efee6b4bbd8d9c11579)] -> xpath: //div[contains(@id,'Incident_Status')][@class='display-text']]
[INFO ][04-Oct-2023 20:06:05 pm] Selenium_Wrapper.click:(199) - Clicking on :[[ChromeDriver: chrome on WINDOWS (8312af0d03e24efee6b4bbd8d9c11579)] -> xpath: (//div[@title='Solved'])[1]]
[INFO ][04-Oct-2023 20:06:12 pm] Selenium_Wrapper.click:(199) - Clicking on :[[ChromeDriver: chrome on WINDOWS (8312af0d03e24efee6b4bbd8d9c11579)] -> xpath: //div[@class='ws-toolbar-button-image bui-icon save-icon fa-lg']]
[INFO ][04-Oct-2023 20:06:21 pm] Selenium_Wrapper.click:(199) - Clicking on :[[ChromeDriver: chrome on WINDOWS (8312af0d03e24efee6b4bbd8d9c11579)] -> xpath: (//a[@class='closeButton'])[3]]
[INFO ][04-Oct-2023 20:06:29 pm] Selenium_Wrapper.click:(199) - Clicking on :[[ChromeDriver: chrome on WINDOWS (8312af0d03e24efee6b4bbd8d9c11579)] -> xpath: (//a[@class='closeButton'])[2]]
[INFO ][04-Oct-2023 20:06:36 pm] Selenium_Wrapper.click:(199) - Clicking on :[[ChromeDriver: chrome on WINDOWS (8312af0d03e24efee6b4bbd8d9c11579)] -> xpath: (//a[@class='closeButton'])[1]]
[INFO ][04-Oct-2023 20:06:51 pm] Selenium_Wrapper.click:(199) - Clicking on :[[ChromeDriver: chrome on WINDOWS (8312af0d03e24efee6b4bbd8d9c11579)] -> xpath: //body//oj-avatar[@initials='[[userMenuLabel]]']]
[INFO ][04-Oct-2023 20:06:58 pm] Selenium_Wrapper.click:(199) - Clicking on :[[ChromeDriver: chrome on WINDOWS (8312af0d03e24efee6b4bbd8d9c11579)] -> xpath: //a//span[text()='Sign Out']]
[INFO ][04-Oct-2023 20:07:11 pm] Selenium_Wrapper.click:(199) - Clicking on :[[ChromeDriver: chrome on WINDOWS (8312af0d03e24efee6b4bbd8d9c11579)] -> xpath: //a[text()='Click here']]
[INFO ][04-Oct-2023 20:07:14 pm] Selenium_Wrapper.closeCurrentBrowser:(651) - Closing the current Browser
