[INFO ][03-Sep-2022 20:09:53 PM] Selenium_Wrapper.openBrowser:(48) - Opening chrome browser.
[INFO ][03-Sep-2022 20:09:56 PM] Selenium_Wrapper.enterURL:(82) - Entering url :https://macu1--upgrade.custhelp.com/AgentWeb/
[INFO ][03-Sep-2022 20:10:01 PM] Selenium_Wrapper.enterText:(311) - Entering Text :RNT_pramod in WebElement :[[ChromeDriver: chrome on WINDOWS (7bd0057b1927addb1191eeb172f2f97a)] -> id: username]
[INFO ][03-Sep-2022 20:10:02 PM] Selenium_Wrapper.enterText:(311) - Entering Text :Welcome123 in WebElement :[[ChromeDriver: chrome on WINDOWS (7bd0057b1927addb1191eeb172f2f97a)] -> id: password]
[INFO ][03-Sep-2022 20:10:28 PM] Selenium_Wrapper.click:(199) - Clicking on :[[ChromeDriver: chrome on WINDOWS (7bd0057b1927addb1191eeb172f2f97a)] -> id: loginbutton]
[INFO ][03-Sep-2022 20:10:43 PM] Selenium_Wrapper.click:(199) - Clicking on :[[ChromeDriver: chrome on WINDOWS (7bd0057b1927addb1191eeb172f2f97a)] -> id: navigationSetBtn]
[INFO ][03-Sep-2022 20:10:50 PM] Selenium_Wrapper.click:(199) - Clicking on :[[ChromeDriver: chrome on WINDOWS (7bd0057b1927addb1191eeb172f2f97a)] -> xpath: //div[@automationid='Configuration']]
[INFO ][03-Sep-2022 20:10:56 PM] Selenium_Wrapper.click:(199) - Clicking on :[[ChromeDriver: chrome on WINDOWS (7bd0057b1927addb1191eeb172f2f97a)] -> xpath: //div[@automationid='Configuration_Service']]
[INFO ][03-Sep-2022 20:11:01 PM] Selenium_Wrapper.click:(199) - Clicking on :[[ChromeDriver: chrome on WINDOWS (7bd0057b1927addb1191eeb172f2f97a)] -> xpath: //div[@automationid='Configuration_Service_Knowledge Advanced']]
[INFO ][03-Sep-2022 20:11:07 PM] Selenium_Wrapper.click:(199) - Clicking on :[[ChromeDriver: chrome on WINDOWS (7bd0057b1927addb1191eeb172f2f97a)] -> xpath: //div[@automationid='Configuration_Service_Knowledge Advanced_Authoring']//span[text()='Authoring']]
[INFO ][03-Sep-2022 20:11:20 PM] Selenium_Wrapper.clickUsingActions:(249) - Clicking on :[[ChromeDriver: chrome on WINDOWS (7bd0057b1927addb1191eeb172f2f97a)] -> xpath: //div[@class='bodyDivRN']//li[@testidentifier='MainNavBar_Content']//a]
[INFO ][03-Sep-2022 20:11:40 PM] Selenium_Wrapper.click:(199) - Clicking on :[[ChromeDriver: chrome on WINDOWS (7bd0057b1927addb1191eeb172f2f97a)] -> xpath: //a[@testidentifier='ContentNavBar_Add_Technology'][normalize-space()='Add']]
[INFO ][03-Sep-2022 20:11:48 PM] Selenium_Wrapper.click:(199) - Clicking on :[[ChromeDriver: chrome on WINDOWS (7bd0057b1927addb1191eeb172f2f97a)] -> xpath: //input[@testidentifier='Content_ContentType_Add_SUMMARY']]
[INFO ][03-Sep-2022 20:11:50 PM] Selenium_Wrapper.enterText:(311) - Entering Text :Test Technology through Automation 10 in WebElement :[[ChromeDriver: chrome on WINDOWS (7bd0057b1927addb1191eeb172f2f97a)] -> xpath: //input[@testidentifier='Content_ContentType_Add_SUMMARY']]
[INFO ][03-Sep-2022 20:11:55 PM] Selenium_Wrapper.click:(199) - Clicking on :[[ChromeDriver: chrome on WINDOWS (7bd0057b1927addb1191eeb172f2f97a)] -> xpath: //input[@testidentifier='Content_ContentType_Add_KEYWORD']]
[INFO ][03-Sep-2022 20:11:56 PM] Selenium_Wrapper.enterText:(311) - Entering Text :Automation Technology Test 3 in WebElement :[[ChromeDriver: chrome on WINDOWS (7bd0057b1927addb1191eeb172f2f97a)] -> xpath: //input[@testidentifier='Content_ContentType_Add_KEYWORD']]
[INFO ][03-Sep-2022 20:12:06 PM] Selenium_Wrapper.click:(199) - Clicking on :[[ChromeDriver: chrome on WINDOWS (7bd0057b1927addb1191eeb172f2f97a)] -> xpath: (//span[text()='Source'])[5]]
[INFO ][03-Sep-2022 20:12:11 PM] Selenium_Wrapper.click:(199) - Clicking on :[[ChromeDriver: chrome on WINDOWS (7bd0057b1927addb1191eeb172f2f97a)] -> xpath: //textarea[contains(@title,'Rich Text Editor')]]
[INFO ][03-Sep-2022 20:12:20 PM] Selenium_Wrapper.enterText:(311) - Entering Text :<h1>Basic Info</h1>
*<h2>Rescue Loan Qualification</h2>
*<p>For a loan to qualify as rescued you must be able to say YES to EACH of the requirements below:</p>
*<ol> *              <li>This is a new loan to MACU</li> *              <li>This loan is paying off an existing loan from another financial institution (personally&nbsp;held debt and collections are not eligible)</li> *              <li>I proactively rescued this loan</li> *              <li>I reviewed a Value Analyzer with the member and discussed how the new rescue loan meets their needs</li> *</ol> *<h2>Rescued Loan Incentive</h2>
*<ul> *              <li>MSRs and Service Center Agents will receive $10.00 plus&nbsp;$0.50 per $1,000 of rescued volume ($100 cap) for a rescue referral sent to a loan-trained employee (FSR, Outbound Agent, etc.)</li> *          <li>Loan-trained team members who originate and book a rescued loan will receive&nbsp;$2 per $1,000 of rescued volume&nbsp;($100 cap). *            <ul> *                        <li>When booked as a result of a referral, the incentive for the loan-trained individual changes to $1.50 per $1,000 of rescued volume.</li> *             </ul> *              </li> *</ul>
*<div class="panel panel-default panel_note"> *<div class="panel-heading"> *<h2 class="panel-title"> *<span class="rn_note"><strong>Note: </strong> Need to rename a multi-workspace channel on an Enterprise Grid org? Only the Owners or Admins of the workspace or org can do so.</span> *</h2> *</div> *</div>
*<div class="panel panel-default panel_tip"> *<div class="panel-heading"> *<h2 class="panel-title"> *<span class="rn_tip"><strong>Tip:</strong> Only the Owners or Admins of the org can edit this content.</span> *</h2> *</div> *</div>
*<div class="panel panel-default panel_updated"> *<div class="panel-heading"> *<h2 class="panel-title"> *<span class="rn_updated"><strong>COVID-19 Update: </strong> Qualifications to Open and Make Contributions</span> *</h2> *</div> *</div>
*<div class="panel panel-default panel_video"> *<div class="panel-heading"> *<h2 class="panel-title"> *<a class="collapsed" data-toggle="collapse" href="#panel_video_bodyone"> *<span class="rn_video">Video Title</span></a></h2> *</div> *<div aria-expanded="true" class="panel-collapse collapse " id="panel_video_bodyone" role="tabpanel">&nbsp; *<div class="col-sm-12"> *<iframe allowfullscreen="" frameborder="0" height="auto" scrolling="no" src="https://web.microsoftstream.com/embed/video/e865da0e-1116-4ada-b64e-230d0807e343?autoplay=false&amp;showinfo=true" style="border: currentColor; border-image: none;" width="100%"></iframe></div> *</div> *</div> in WebElement :[[ChromeDriver: chrome on WINDOWS (7bd0057b1927addb1191eeb172f2f97a)] -> xpath: //textarea[contains(@title,'Rich Text Editor')]]
[INFO ][03-Sep-2022 20:12:25 PM] Selenium_Wrapper.click:(199) - Clicking on :[[ChromeDriver: chrome on WINDOWS (7bd0057b1927addb1191eeb172f2f97a)] -> xpath: (//span[text()='Source'])[5]]
[INFO ][03-Sep-2022 20:12:32 PM] Selenium_Wrapper.click:(199) - Clicking on :[[ChromeDriver: chrome on WINDOWS (7bd0057b1927addb1191eeb172f2f97a)] -> xpath: //input[@type='checkbox'][@testidentifier='ContentAttributes_RepoViewSelection']]
[INFO ][03-Sep-2022 20:12:50 PM] Selenium_Wrapper.click:(199) - Clicking on :[[ChromeDriver: chrome on WINDOWS (7bd0057b1927addb1191eeb172f2f97a)] -> xpath: //a[text()='Save Document']]
[INFO ][03-Sep-2022 20:13:01 PM] Selenium_Wrapper.click:(199) - Clicking on :[[ChromeDriver: chrome on WINDOWS (7bd0057b1927addb1191eeb172f2f97a)] -> xpath: //a[text()='Approve']]
[INFO ][03-Sep-2022 20:13:11 PM] Selenium_Wrapper.click:(199) - Clicking on :[[ChromeDriver: chrome on WINDOWS (7bd0057b1927addb1191eeb172f2f97a)] -> xpath: //a[text()='Approve']]
[INFO ][03-Sep-2022 20:13:22 PM] Selenium_Wrapper.click:(199) - Clicking on :[[ChromeDriver: chrome on WINDOWS (7bd0057b1927addb1191eeb172f2f97a)] -> xpath: //a[text()='Approve']]
[INFO ][03-Sep-2022 20:13:29 PM] Selenium_Wrapper.openBrowser:(48) - Opening chrome browser.
[INFO ][03-Sep-2022 20:13:36 PM] Selenium_Wrapper.enterURL:(82) - Entering url :https://macu1--upgrade.custhelp.com/
[INFO ][03-Sep-2022 20:13:40 PM] Selenium_Wrapper.enterText:(311) - Entering Text :pramodk in WebElement :[[ChromeDriver: chrome on WINDOWS (fb46f6c01e0b69ce653f8e6cf1087fe9)] -> id: rn_LoginForm_2_Username]
[INFO ][03-Sep-2022 20:13:42 PM] Selenium_Wrapper.enterText:(311) - Entering Text :Soft@123 in WebElement :[[ChromeDriver: chrome on WINDOWS (fb46f6c01e0b69ce653f8e6cf1087fe9)] -> id: rn_LoginForm_2_Password]
[INFO ][03-Sep-2022 20:13:49 PM] Selenium_Wrapper.click:(199) - Clicking on :[[ChromeDriver: chrome on WINDOWS (fb46f6c01e0b69ce653f8e6cf1087fe9)] -> id: rn_LoginForm_2_Submit]
[INFO ][03-Sep-2022 20:14:38 PM] Selenium_Wrapper.closeCurrentBrowser:(651) - Closing the current Browser
