[INFO ][17-Nov-2021 20:07:58 pm] Selenium_Wrapper.openBrowser:(48) - Opening chrome browser.
[INFO ][17-Nov-2021 20:08:06 pm] Selenium_Wrapper.enterURL:(82) - Entering url :https://macu1--tst.custhelp.com/app/home
[INFO ][17-Nov-2021 20:08:10 pm] Selenium_Wrapper.enterText:(311) - Entering Text :pramodk in WebElement :[[ChromeDriver: chrome on WINDOWS (623dc0658178f5ec7d00c4cf49576f1f)] -> id: rn_LoginForm_2_Username]
[INFO ][17-Nov-2021 20:08:11 pm] Selenium_Wrapper.enterText:(311) - Entering Text :Soft@123 in WebElement :[[ChromeDriver: chrome on WINDOWS (623dc0658178f5ec7d00c4cf49576f1f)] -> id: rn_LoginForm_2_Password]
[INFO ][17-Nov-2021 20:08:18 pm] Selenium_Wrapper.click:(199) - Clicking on :[[ChromeDriver: chrome on WINDOWS (623dc0658178f5ec7d00c4cf49576f1f)] -> id: rn_LoginForm_2_Submit]
[INFO ][17-Nov-2021 20:08:28 pm] Selenium_Wrapper.click:(199) - Clicking on :[[ChromeDriver: chrome on WINDOWS (623dc0658178f5ec7d00c4cf49576f1f)] -> xpath: //input[@type='search']]
[INFO ][17-Nov-2021 20:08:29 pm] Selenium_Wrapper.enterText:(311) - Entering Text :Auto Loan in WebElement :[[ChromeDriver: chrome on WINDOWS (623dc0658178f5ec7d00c4cf49576f1f)] -> xpath: //input[@type='search']]
[INFO ][17-Nov-2021 20:08:43 pm] Selenium_Wrapper.click:(199) - Clicking on :[[ChromeDriver: chrome on WINDOWS (623dc0658178f5ec7d00c4cf49576f1f)] -> xpath: //ul[@aria-label='Suggested Search']//li[normalize-space()= 'Auto Loan' ]]
[INFO ][17-Nov-2021 20:08:50 pm] Selenium_Wrapper.click:(199) - Clicking on :[[ChromeDriver: chrome on WINDOWS (623dc0658178f5ec7d00c4cf49576f1f)] -> xpath: //div[@class='rn_SearchResultContent']//a[text()='Auto Loan']]
[INFO ][17-Nov-2021 20:09:07 pm] Selenium_Wrapper.click:(199) - Clicking on :[[ChromeDriver: chrome on WINDOWS (623dc0658178f5ec7d00c4cf49576f1f)] -> xpath: //a[contains(@class,'bookmarkedFilled')]//img[@class='bookmark_icon_red']]
[INFO ][17-Nov-2021 20:09:25 pm] Selenium_Wrapper.click:(199) - Clicking on :[[ChromeDriver: chrome on WINDOWS (623dc0658178f5ec7d00c4cf49576f1f)] -> xpath: //a[@class='add_bookmarkButton']//img[@class='bookmark_icon_blank']]
[INFO ][17-Nov-2021 20:09:32 pm] Selenium_Wrapper.click:(199) - Clicking on :[[ChromeDriver: chrome on WINDOWS (623dc0658178f5ec7d00c4cf49576f1f)] -> xpath: //div[@class='dropdown']]
[INFO ][17-Nov-2021 20:09:41 pm] Selenium_Wrapper.click:(199) - Clicking on :[[ChromeDriver: chrome on WINDOWS (623dc0658178f5ec7d00c4cf49576f1f)] -> xpath: //div[@class='data Custom-data']//a[text()='My Bookmarks']]
[INFO ][17-Nov-2021 20:10:29 pm] Selenium_Wrapper.click:(199) - Clicking on :[[ChromeDriver: chrome on WINDOWS (623dc0658178f5ec7d00c4cf49576f1f)] -> xpath: //a[contains(text(),'Auto Loan')]//parent::div[@class='rn_Notification_Info']//following-sibling::div[@class='rn_Notification_Actions']//button[@class='rn_Notification_Delete']//img[@class='bookmark_del_ico']]
[INFO ][17-Nov-2021 20:11:28 pm] Selenium_Wrapper.click:(199) - Clicking on :[[ChromeDriver: chrome on WINDOWS (623dc0658178f5ec7d00c4cf49576f1f)] -> class name: knowledge]
[INFO ][17-Nov-2021 20:11:38 pm] Selenium_Wrapper.click:(199) - Clicking on :[[ChromeDriver: chrome on WINDOWS (623dc0658178f5ec7d00c4cf49576f1f)] -> xpath: //input[@type='search']]
[INFO ][17-Nov-2021 20:11:41 pm] Selenium_Wrapper.enterText:(311) - Entering Text :Auto Loan in WebElement :[[ChromeDriver: chrome on WINDOWS (623dc0658178f5ec7d00c4cf49576f1f)] -> xpath: //input[@type='search']]
[INFO ][17-Nov-2021 20:11:52 pm] Selenium_Wrapper.click:(199) - Clicking on :[[ChromeDriver: chrome on WINDOWS (623dc0658178f5ec7d00c4cf49576f1f)] -> xpath: //ul[@aria-label='Suggested Search']//li[normalize-space()= 'Auto Loan' ]]
[INFO ][17-Nov-2021 20:12:02 pm] Selenium_Wrapper.click:(199) - Clicking on :[[ChromeDriver: chrome on WINDOWS (623dc0658178f5ec7d00c4cf49576f1f)] -> xpath: //div[@class='rn_SearchResultContent']//a[text()='Auto Loan']]
[INFO ][17-Nov-2021 20:12:17 pm] Selenium_Wrapper.click:(199) - Clicking on :[[ChromeDriver: chrome on WINDOWS (623dc0658178f5ec7d00c4cf49576f1f)] -> xpath: //a[@class='add_bookmarkButton']//img[@class='bookmark_icon_blank']]
[INFO ][17-Nov-2021 20:12:25 pm] Selenium_Wrapper.click:(199) - Clicking on :[[ChromeDriver: chrome on WINDOWS (623dc0658178f5ec7d00c4cf49576f1f)] -> xpath: //div[contains(@class,'EmailAnswerLink')]//img[@class='share_icon_default']]
[INFO ][17-Nov-2021 20:12:30 pm] Selenium_Wrapper.click:(199) - Clicking on :[[ChromeDriver: chrome on WINDOWS (623dc0658178f5ec7d00c4cf49576f1f)] -> xpath: //div[@id='rnDialog1']//input[@class='select2-search__field']]
[INFO ][17-Nov-2021 20:12:32 pm] Selenium_Wrapper.enterText:(311) - Entering Text :Aaron Brown in WebElement :[[ChromeDriver: chrome on WINDOWS (623dc0658178f5ec7d00c4cf49576f1f)] -> xpath: //div[@id='rnDialog1']//input[@class='select2-search__field']]
[INFO ][17-Nov-2021 20:12:40 pm] Selenium_Wrapper.click:(199) - Clicking on :[[ChromeDriver: chrome on WINDOWS (623dc0658178f5ec7d00c4cf49576f1f)] -> xpath: //ul[@class='select2-results__options']//li[text()='Aaron Brown']]
[INFO ][17-Nov-2021 20:12:45 pm] Selenium_Wrapper.click:(199) - Clicking on :[[ChromeDriver: chrome on WINDOWS (623dc0658178f5ec7d00c4cf49576f1f)] -> xpath: //button[@class='yui3-button yui3-button-close']]
[INFO ][17-Nov-2021 20:12:58 pm] Selenium_Wrapper.click:(199) - Clicking on :[[ChromeDriver: chrome on WINDOWS (623dc0658178f5ec7d00c4cf49576f1f)] -> xpath: //div[@id='formsResources_panel']//div[@id='formsResources_headingOne']]
[INFO ][17-Nov-2021 20:13:07 pm] Selenium_Wrapper.clickUsingActions:(249) - Clicking on :[[ChromeDriver: chrome on WINDOWS (623dc0658178f5ec7d00c4cf49576f1f)] -> xpath: (//ul[@class='formsResources']//ul//li/a)[2]]
[INFO ][17-Nov-2021 20:13:07 pm] Selenium_Wrapper.clickUsingActions:(249) - Clicking on :[[ChromeDriver: chrome on WINDOWS (623dc0658178f5ec7d00c4cf49576f1f)] -> xpath: (//ul[@class='formsResources']//ul//li/a)[2]]
[INFO ][17-Nov-2021 20:13:30 pm] Selenium_Wrapper.click:(199) - Clicking on :[[ChromeDriver: chrome on WINDOWS (623dc0658178f5ec7d00c4cf49576f1f)] -> xpath: //li[@class='breadcrumb-item']//a]
[INFO ][17-Nov-2021 20:13:40 pm] Selenium_Wrapper.click:(199) - Clicking on :[[ChromeDriver: chrome on WINDOWS (623dc0658178f5ec7d00c4cf49576f1f)] -> class name: knowledge]
[INFO ][17-Nov-2021 20:13:47 pm] Selenium_Wrapper.click:(199) - Clicking on :[[ChromeDriver: chrome on WINDOWS (623dc0658178f5ec7d00c4cf49576f1f)] -> xpath: //input[@type='search']]
[INFO ][17-Nov-2021 20:13:48 pm] Selenium_Wrapper.enterText:(311) - Entering Text :COVID-19 Critical Updates in WebElement :[[ChromeDriver: chrome on WINDOWS (623dc0658178f5ec7d00c4cf49576f1f)] -> xpath: //input[@type='search']]
[INFO ][17-Nov-2021 20:14:03 pm] Selenium_Wrapper.click:(199) - Clicking on :[[ChromeDriver: chrome on WINDOWS (623dc0658178f5ec7d00c4cf49576f1f)] -> xpath: //ul[@aria-label='Suggested Search']//li[normalize-space()='COVID-19 Critical Updates']]
[INFO ][17-Nov-2021 20:14:10 pm] Selenium_Wrapper.click:(199) - Clicking on :[[ChromeDriver: chrome on WINDOWS (623dc0658178f5ec7d00c4cf49576f1f)] -> xpath: //div[@class='rn_SearchResultContent']//a[text()='COVID-19 Critical Updates']]
[ERROR][17-Nov-2021 20:14:24 pm] Selenium_Wrapper.highlightWebElement:(417) - org.openqa.selenium.NoSuchElementException: no such element: Unable to locate element: {"method":"xpath","selector":"//a[@class='add_bookmarkButton']//img[@class='bookmark_icon_blank']"}
  (Session info: chrome=95.0.4638.69)
For documentation on this error, please visit: https://www.seleniumhq.org/exceptions/no_such_element.html
Build info: version: '3.141.59', revision: 'e82be7d358', time: '2018-11-14T08:17:03'
System info: host: 'DESKTOP-N43657M', ip: '192.168.29.58', os.name: 'Windows 10', os.arch: 'amd64', os.version: '10.0', java.version: '16.0.1'
Driver info: org.openqa.selenium.chrome.ChromeDriver
Capabilities {acceptInsecureCerts: false, browserName: chrome, browserVersion: 95.0.4638.69, chrome: {chromedriverVersion: 95.0.4638.17 (a9d0719444d4b..., userDataDir: C:\Users\Pramod\AppData\Loc...}, goog:chromeOptions: {debuggerAddress: localhost:61149}, javascriptEnabled: true, networkConnectionEnabled: false, pageLoadStrategy: normal, platform: WINDOWS, platformName: WINDOWS, proxy: Proxy(), setWindowRect: true, strictFileInteractability: false, timeouts: {implicit: 0, pageLoad: 300000, script: 30000}, unhandledPromptBehavior: dismiss and notify, webauthn:extension:credBlob: true, webauthn:extension:largeBlob: true, webauthn:virtualAuthenticators: true}
Session ID: 623dc0658178f5ec7d00c4cf49576f1f
*** Element info: {Using=xpath, value=//a[@class='add_bookmarkButton']//img[@class='bookmark_icon_blank']}
[INFO ][17-Nov-2021 20:15:12 pm] Selenium_Wrapper.click:(199) - Clicking on :[[ChromeDriver: chrome on WINDOWS (623dc0658178f5ec7d00c4cf49576f1f)] -> xpath: //div[@class='quick-guide']//a[text()='Employee Resources']]
[INFO ][17-Nov-2021 20:15:23 pm] Selenium_Wrapper.click:(199) - Clicking on :[[ChromeDriver: chrome on WINDOWS (623dc0658178f5ec7d00c4cf49576f1f)] -> xpath: //div[@class='quick-guide']//a[text()='Remote Work']]
[INFO ][17-Nov-2021 20:15:41 pm] Selenium_Wrapper.click:(199) - Clicking on :[[ChromeDriver: chrome on WINDOWS (623dc0658178f5ec7d00c4cf49576f1f)] -> xpath: //button[@class='rn_RecommendContentButton p-0']]
[INFO ][17-Nov-2021 20:15:43 pm] Selenium_Wrapper.enterText:(311) - Entering Text :Test Improve, comments, updates in WebElement :[[ChromeDriver: chrome on WINDOWS (623dc0658178f5ec7d00c4cf49576f1f)] -> id: rn_RequestUpdate_25_Description]
[INFO ][17-Nov-2021 20:15:48 pm] Selenium_Wrapper.click:(199) - Clicking on :[[ChromeDriver: chrome on WINDOWS (623dc0658178f5ec7d00c4cf49576f1f)] -> xpath: //button[@class='yui3-button yui3-button-close']]
[INFO ][17-Nov-2021 20:16:00 pm] Selenium_Wrapper.click:(199) - Clicking on :[[ChromeDriver: chrome on WINDOWS (623dc0658178f5ec7d00c4cf49576f1f)] -> id: relatedPages_headingOne]
[INFO ][17-Nov-2021 20:16:07 pm] Selenium_Wrapper.click:(199) - Clicking on :[[ChromeDriver: chrome on WINDOWS (623dc0658178f5ec7d00c4cf49576f1f)] -> id: relatedPages_headingOne]
[INFO ][17-Nov-2021 20:16:14 pm] Selenium_Wrapper.enterText:(311) - Entering Text :Auto Loan in WebElement :[[ChromeDriver: chrome on WINDOWS (623dc0658178f5ec7d00c4cf49576f1f)] -> id: rn_SearchHome_18_SearchInput]
[INFO ][17-Nov-2021 20:16:25 pm] Selenium_Wrapper.click:(199) - Clicking on :[[ChromeDriver: chrome on WINDOWS (623dc0658178f5ec7d00c4cf49576f1f)] -> xpath: //ul[@aria-label='Suggested Search']//li[@class='rn_SuggestionItem'][normalize-space()='Auto Loan']]
[INFO ][17-Nov-2021 20:16:40 pm] Selenium_Wrapper.click:(199) - Clicking on :[[ChromeDriver: chrome on WINDOWS (623dc0658178f5ec7d00c4cf49576f1f)] -> class name: knowledge]
