[INFO ][05-Sep-2022 08:17:51 AM] Selenium_Wrapper.openBrowser:(48) - Opening chrome browser.
[INFO ][05-Sep-2022 08:17:55 AM] Selenium_Wrapper.enterURL:(82) - Entering url :https://macu1--upgrade.custhelp.com/AgentWeb/
[INFO ][05-Sep-2022 08:17:59 AM] Selenium_Wrapper.enterText:(311) - Entering Text :RNT_pramod in WebElement :[[ChromeDriver: chrome on WINDOWS (a708e7cc811c341c271d2d451599fedf)] -> id: username]
[INFO ][05-Sep-2022 08:18:00 AM] Selenium_Wrapper.enterText:(311) - Entering Text :Welcome123 in WebElement :[[ChromeDriver: chrome on WINDOWS (a708e7cc811c341c271d2d451599fedf)] -> id: password]
[INFO ][05-Sep-2022 08:18:36 AM] Selenium_Wrapper.click:(199) - Clicking on :[[ChromeDriver: chrome on WINDOWS (a708e7cc811c341c271d2d451599fedf)] -> id: loginbutton]
[INFO ][05-Sep-2022 08:18:47 AM] Selenium_Wrapper.click:(199) - Clicking on :[[ChromeDriver: chrome on WINDOWS (a708e7cc811c341c271d2d451599fedf)] -> id: navigationSetBtn]
[INFO ][05-Sep-2022 08:18:53 AM] Selenium_Wrapper.click:(199) - Clicking on :[[ChromeDriver: chrome on WINDOWS (a708e7cc811c341c271d2d451599fedf)] -> xpath: (//div[text()='Configuration']//a)]
[INFO ][05-Sep-2022 08:18:58 AM] Selenium_Wrapper.click:(199) - Clicking on :[[ChromeDriver: chrome on WINDOWS (a708e7cc811c341c271d2d451599fedf)] -> xpath: (//div[text()='Service']//a)]
[INFO ][05-Sep-2022 08:19:03 AM] Selenium_Wrapper.click:(199) - Clicking on :[[ChromeDriver: chrome on WINDOWS (a708e7cc811c341c271d2d451599fedf)] -> xpath: (//div[text()='Knowledge Advanced']//a)]
[INFO ][05-Sep-2022 08:19:09 AM] Selenium_Wrapper.click:(199) - Clicking on :[[ChromeDriver: chrome on WINDOWS (a708e7cc811c341c271d2d451599fedf)] -> xpath: //span[text()='Authoring']]
[INFO ][05-Sep-2022 08:19:25 AM] Selenium_Wrapper.click:(199) - Clicking on :[[ChromeDriver: chrome on WINDOWS (a708e7cc811c341c271d2d451599fedf)] -> xpath: //div[@id='rntab']//ul//li[@testidentifier='MainNavBar_Content']//a]
[INFO ][05-Sep-2022 08:19:42 AM] Selenium_Wrapper.click:(199) - Clicking on :[[ChromeDriver: chrome on WINDOWS (a708e7cc811c341c271d2d451599fedf)] -> xpath: //div[text()='Process']//following-sibling::a[@testidentifier='ContentNavBar_Add_Process']]
[INFO ][05-Sep-2022 08:19:45 AM] Selenium_Wrapper.enterText:(311) - Entering Text :TestingArticle in WebElement :[[ChromeDriver: chrome on WINDOWS (a708e7cc811c341c271d2d451599fedf)] -> xpath: //input[@testidentifier='Content_ContentType_Add_SUMMARY']]
[INFO ][05-Sep-2022 08:19:49 AM] Selenium_Wrapper.enterText:(311) - Entering Text :Criticals in WebElement :[[ChromeDriver: chrome on WINDOWS (a708e7cc811c341c271d2d451599fedf)] -> xpath: //input[@testidentifier='Content_ContentType_Add_KEYWORD']]
[INFO ][05-Sep-2022 08:19:57 AM] Selenium_Wrapper.click:(199) - Clicking on :[[ChromeDriver: chrome on WINDOWS (a708e7cc811c341c271d2d451599fedf)] -> xpath: ((//span[@class='cke_bottom cke_reset_all'])[1]//preceding-sibling::*)[2]]
[INFO ][05-Sep-2022 08:20:04 AM] Selenium_Wrapper.enterText:(311) - Entering Text :contentinfo 'Reach out to your immediate supervisor with questions.' in WebElement :[[ChromeDriver: chrome on WINDOWS (a708e7cc811c341c271d2d451599fedf)] -> xpath: //body[@class='cke_editable cke_editable_themed cke_contents_ltr cke_show_borders']]
[INFO ][05-Sep-2022 08:20:16 AM] Selenium_Wrapper.click:(199) - Clicking on :[[ChromeDriver: chrome on WINDOWS (a708e7cc811c341c271d2d451599fedf)] -> xpath: ((//span[@class='cke_bottom cke_reset_all'])[2]//preceding-sibling::*)[2]]
[INFO ][05-Sep-2022 08:20:25 AM] Selenium_Wrapper.enterText:(311) - Entering Text :COVID-19 Update:  Find additional information on COVID-19 Branch & Service Center Operations\n * Vaccine\n * Similar to the flu shot, we encourage you to take a lunch hour or go after work if you choose to receive the vaccine.\n * You should be able to easily schedule a time to receive a vaccine. * Take PTO if an adverse reaction occurs. * Take PTO if an adverse reaction occurs * First URL of the pageArticle Link * Second URL of the page * Third URL of the page * The few documented cases of a stronger reaction indicate that the affects typically last one to two days. * Have an open conversation with your manager if other accommodations are necessary. * The cost of the vaccine is covered by insurance. * Mask Mandates * As the counties and health departments begin to relax their mask mandates, MACU will address this as follows: * The mask mandate requirement for team members will remain in place for the foreseeable future. * Mask guidance for members will follow State, County and Health department guidelines for those areas. * Personal Protection Equipment (PPE) * Order masks and other PArticle LinkPE by submitting a ServiceNow Facilities ticket. * Items available * Cotopaxi masks ($7 each) * Hand sanitizer * Gloves * Disposable masks * Sanitation wipes * Employee Resources * Mountain America is here for you! Check out these resources: * MACU Desktop Citrix ReceiverWorkspace Step-by-Step Surface Devices Step-by-Step * Microsoft Teams Step-by-Step * Multi-Factor Authentication (MFA) Step-by-Step * Remote Work Agreement * Setting up Your New Laptop * Surface Devices Step-by-Step in WebElement :[[ChromeDriver: chrome on WINDOWS (a708e7cc811c341c271d2d451599fedf)] -> xpath: //body[@class='cke_editable cke_editable_themed cke_contents_ltr cke_show_borders']]
[INFO ][05-Sep-2022 08:20:35 AM] Selenium_Wrapper.click:(199) - Clicking on :[[ChromeDriver: chrome on WINDOWS (a708e7cc811c341c271d2d451599fedf)] -> xpath: //span[text()='Jump To']]
[INFO ][05-Sep-2022 08:20:42 AM] Selenium_Wrapper.click:(199) - Clicking on :[[ChromeDriver: chrome on WINDOWS (a708e7cc811c341c271d2d451599fedf)] -> xpath: (//a[@class='cke_button cke_button__image cke_button_off'])[3]]
[INFO ][05-Sep-2022 08:20:50 AM] Selenium_Wrapper.click:(199) - Clicking on :[[ChromeDriver: chrome on WINDOWS (a708e7cc811c341c271d2d451599fedf)] -> xpath: (//span[text()='Browse Server'])[1]]
[INFO ][05-Sep-2022 08:21:10 AM] Selenium_Wrapper.click:(199) - Clicking on :[[ChromeDriver: chrome on WINDOWS (a708e7cc811c341c271d2d451599fedf)] -> xpath: //a[text()='MACU_VIEW']]
[INFO ][05-Sep-2022 08:21:30 AM] Selenium_Wrapper.click:(199) - Clicking on :[[ChromeDriver: chrome on WINDOWS (a708e7cc811c341c271d2d451599fedf)] -> xpath: //table//span[text()='OK']]
[INFO ][05-Sep-2022 08:21:45 AM] Selenium_Wrapper.click:(199) - Clicking on :[[ChromeDriver: chrome on WINDOWS (a708e7cc811c341c271d2d451599fedf)] -> xpath: (//span[@class='cke_button_icon cke_button__addarticlelink_icon'])[4]]
[INFO ][05-Sep-2022 08:21:51 AM] Selenium_Wrapper.enterText:(311) - Entering Text :1000124 in WebElement :[[ChromeDriver: chrome on WINDOWS (a708e7cc811c341c271d2d451599fedf)] -> xpath: (//div[text()='Article Link']//following::input)[3]]
[INFO ][05-Sep-2022 08:21:53 AM] Selenium_Wrapper.enterText:(311) - Entering Text :Article Link in WebElement :[[ChromeDriver: chrome on WINDOWS (a708e7cc811c341c271d2d451599fedf)] -> xpath: (//div[text()='Article Link']//following::input)[5]]
[INFO ][05-Sep-2022 08:21:58 AM] Selenium_Wrapper.click:(199) - Clicking on :[[ChromeDriver: chrome on WINDOWS (a708e7cc811c341c271d2d451599fedf)] -> xpath: (//div[@class='cke_dialog_body']//span[text()='OK'])[2]]
[INFO ][05-Sep-2022 08:22:06 AM] Selenium_Wrapper.click:(199) - Clicking on :[[ChromeDriver: chrome on WINDOWS (a708e7cc811c341c271d2d451599fedf)] -> xpath: ((//span[@class='cke_bottom cke_reset_all'])[5]//preceding-sibling::*)[2]]
[INFO ][05-Sep-2022 08:22:11 AM] Selenium_Wrapper.enterText:(311) - Entering Text :BasicInfo - Remote Work * -Use the following resources when connecting to work applications remotely in WebElement :[[ChromeDriver: chrome on WINDOWS (a708e7cc811c341c271d2d451599fedf)] -> xpath: //body[@class='cke_editable cke_editable_themed cke_contents_ltr cke_show_borders']]
[INFO ][05-Sep-2022 08:22:23 AM] Selenium_Wrapper.click:(199) - Clicking on :[[ChromeDriver: chrome on WINDOWS (a708e7cc811c341c271d2d451599fedf)] -> xpath: ((//span[@class='cke_bottom cke_reset_all'])[6]//preceding-sibling::*)[2]]
[INFO ][05-Sep-2022 08:22:29 AM] Selenium_Wrapper.enterText:(311) - Entering Text :BasicContactInfo -Remote Work * -Use the following resources when connecting to work applications remotely * -Cisco Finesse Step-by-Step * -Cisco Jabber Step-by-Step * -Electronic Communication and Information Basic Info * -Extend Surface Device Battery Life Step-by-Step * -MACU Desktop Citrix ReceiverWorkspace Step-by-Step Surface Devices Step-by-Step * -Microsoft Teams Step-by-Step * -Multi-Factor Authentication (MFA) Step-by-Step * -Remote Work Agreement * -Setting up Your New Laptop * -Surface Devices Step-by-Step in WebElement :[[ChromeDriver: chrome on WINDOWS (a708e7cc811c341c271d2d451599fedf)] -> xpath: //body[@class='cke_editable cke_editable_themed cke_contents_ltr cke_show_borders']]
[INFO ][05-Sep-2022 08:22:41 AM] Selenium_Wrapper.click:(199) - Clicking on :[[ChromeDriver: chrome on WINDOWS (a708e7cc811c341c271d2d451599fedf)] -> xpath: ((//span[@class='cke_bottom cke_reset_all'])[7]//preceding-sibling::*)[2]]
[INFO ][05-Sep-2022 08:22:46 AM] Selenium_Wrapper.enterText:(311) - Entering Text :Steps- Employee Resources in WebElement :[[ChromeDriver: chrome on WINDOWS (a708e7cc811c341c271d2d451599fedf)] -> xpath: //body[@class='cke_editable cke_editable_themed cke_contents_ltr cke_show_borders']]
[INFO ][05-Sep-2022 08:22:58 AM] Selenium_Wrapper.click:(199) - Clicking on :[[ChromeDriver: chrome on WINDOWS (a708e7cc811c341c271d2d451599fedf)] -> xpath: ((//span[@class='cke_bottom cke_reset_all'])[8]//preceding-sibling::*)[2]]
[INFO ][05-Sep-2022 08:23:04 AM] Selenium_Wrapper.enterText:(311) - Entering Text :StepsContactInfo - Mountain America is here for you! Check out these resources: * Report COVID-19 in the Workplace * Contact Tracing for COVID-19 * COVID-19 Pay Options * Corporate FSR * Employee Assistance Program (EAP) * Employee Loans * Infectious Disease * MACU Facility Standards * Mountain America Center Meetings & Events * Medical Leave of Absence * Personal Time Off (PTO) * Tanner Meetings & Events * Thrive Clinic * The CareATC Patient Access Center is currently performing all appointment scheduling activities. Our clinics are not currently accepting walk-in or self-scheduled patients. To schedule an appointment, contact the clinic 800-993-8244. * Thrive Fitness Centers * Travel Pay *Traveling Branch Employees in WebElement :[[ChromeDriver: chrome on WINDOWS (a708e7cc811c341c271d2d451599fedf)] -> xpath: //body[@class='cke_editable cke_editable_themed cke_contents_ltr cke_show_borders']]
[INFO ][05-Sep-2022 08:23:14 AM] Selenium_Wrapper.click:(199) - Clicking on :[[ChromeDriver: chrome on WINDOWS (a708e7cc811c341c271d2d451599fedf)] -> xpath: ((//span[@class='cke_bottom cke_reset_all'])[9]//preceding-sibling::*)[2]]
[INFO ][05-Sep-2022 08:23:20 AM] Selenium_Wrapper.enterText:(311) - Entering Text :Forms_Resources - Mask Mandates in WebElement :[[ChromeDriver: chrome on WINDOWS (a708e7cc811c341c271d2d451599fedf)] -> xpath: //body[@class='cke_editable cke_editable_themed cke_contents_ltr cke_show_borders']]
[INFO ][05-Sep-2022 08:23:29 AM] Selenium_Wrapper.click:(199) - Clicking on :[[ChromeDriver: chrome on WINDOWS (a708e7cc811c341c271d2d451599fedf)] -> xpath: ((//span[@class='cke_bottom cke_reset_all'])[10]//preceding-sibling::*)[2]]
[INFO ][05-Sep-2022 08:23:37 AM] Selenium_Wrapper.enterText:(311) - Entering Text :Forms_Resources_Content- As the counties and health departments begin to relax their mask mandates, MACU will address this as follows: * The mask mandate requirement for team members will remain in place for the foreseeable future. * Mask guidance for members will follow State, County and Health department guidelines for those areas. in WebElement :[[ChromeDriver: chrome on WINDOWS (a708e7cc811c341c271d2d451599fedf)] -> xpath: //body[@class='cke_editable cke_editable_themed cke_contents_ltr cke_show_borders']]
[INFO ][05-Sep-2022 08:23:47 AM] Selenium_Wrapper.click:(199) - Clicking on :[[ChromeDriver: chrome on WINDOWS (a708e7cc811c341c271d2d451599fedf)] -> xpath: ((//span[@class='cke_bottom cke_reset_all'])[11]//preceding-sibling::*)[2]]
[INFO ][05-Sep-2022 08:23:52 AM] Selenium_Wrapper.enterText:(311) - Entering Text :SalesConnections-Sales Connections in WebElement :[[ChromeDriver: chrome on WINDOWS (a708e7cc811c341c271d2d451599fedf)] -> xpath: //body[@class='cke_editable cke_editable_themed cke_contents_ltr cke_show_borders']]
[INFO ][05-Sep-2022 08:24:02 AM] Selenium_Wrapper.click:(199) - Clicking on :[[ChromeDriver: chrome on WINDOWS (a708e7cc811c341c271d2d451599fedf)] -> xpath: ((//span[@class='cke_bottom cke_reset_all'])[12]//preceding-sibling::*)[2]]
[INFO ][05-Sep-2022 08:24:07 AM] Selenium_Wrapper.enterText:(311) - Entering Text :SalesConnectionsContent- As the counties and health departments begin to relax their mask mandates, MACU will address this as follows: * The mask mandate requirement for team members will remain in place for the foreseeable future. * Mask guidance for members will follow State, County and Health department guidelines for those areas. in WebElement :[[ChromeDriver: chrome on WINDOWS (a708e7cc811c341c271d2d451599fedf)] -> xpath: //body[@class='cke_editable cke_editable_themed cke_contents_ltr cke_show_borders']]
[INFO ][05-Sep-2022 08:24:17 AM] Selenium_Wrapper.click:(199) - Clicking on :[[ChromeDriver: chrome on WINDOWS (a708e7cc811c341c271d2d451599fedf)] -> xpath: ((//span[@class='cke_bottom cke_reset_all'])[13]//preceding-sibling::*)[2]]
[INFO ][05-Sep-2022 08:24:22 AM] Selenium_Wrapper.enterText:(311) - Entering Text :https://macu1--tst.custhelp.com/app/answers/macu_view/a_id/1000124 in WebElement :[[ChromeDriver: chrome on WINDOWS (a708e7cc811c341c271d2d451599fedf)] -> xpath: //body[@class='cke_editable cke_editable_themed cke_contents_ltr cke_show_borders']]
[INFO ][05-Sep-2022 08:24:33 AM] Selenium_Wrapper.click:(199) - Clicking on :[[ChromeDriver: chrome on WINDOWS (a708e7cc811c341c271d2d451599fedf)] -> xpath: //span[text()='Teams']//following::select//option[text()='Accounting & Finance']]
[INFO ][05-Sep-2022 08:24:39 AM] Selenium_Wrapper.click:(199) - Clicking on :[[ChromeDriver: chrome on WINDOWS (a708e7cc811c341c271d2d451599fedf)] -> xpath: //span[text()='Compliance']//preceding-sibling::input]
[INFO ][05-Sep-2022 08:24:44 AM] Selenium_Wrapper.click:(199) - Clicking on :[[ChromeDriver: chrome on WINDOWS (a708e7cc811c341c271d2d451599fedf)] -> xpath: //span[text()='No ']//preceding-sibling::input]
[INFO ][05-Sep-2022 08:24:49 AM] Selenium_Wrapper.click:(199) - Clicking on :[[ChromeDriver: chrome on WINDOWS (a708e7cc811c341c271d2d451599fedf)] -> xpath: //span[text()='Major Change']//preceding-sibling::input]
[INFO ][05-Sep-2022 08:24:54 AM] Selenium_Wrapper.click:(199) - Clicking on :[[ChromeDriver: chrome on WINDOWS (a708e7cc811c341c271d2d451599fedf)] -> xpath: //span[text()='Corporate/Branch/Service Center']//following::select//option[text()='Service Center']]
[INFO ][05-Sep-2022 08:25:00 AM] Selenium_Wrapper.click:(199) - Clicking on :[[ChromeDriver: chrome on WINDOWS (a708e7cc811c341c271d2d451599fedf)] -> xpath: //span[text()='Department']//following::select//option[text()='0004 SEG Development Team']]
[INFO ][05-Sep-2022 08:25:05 AM] Selenium_Wrapper.click:(199) - Clicking on :[[ChromeDriver: chrome on WINDOWS (a708e7cc811c341c271d2d451599fedf)] -> xpath: //span[text()='Manager Level']//following::select//option[text()='Assistant Manager']]
[INFO ][05-Sep-2022 08:25:10 AM] Selenium_Wrapper.click:(199) - Clicking on :[[ChromeDriver: chrome on WINDOWS (a708e7cc811c341c271d2d451599fedf)] -> xpath: //span[contains(text(),'time with')]//following::select//option[contains(text(),'1 Month ')]]
[INFO ][05-Sep-2022 08:25:15 AM] Selenium_Wrapper.click:(199) - Clicking on :[[ChromeDriver: chrome on WINDOWS (a708e7cc811c341c271d2d451599fedf)] -> xpath: //span[contains(text(),'Branch Name')]//following::select//option[contains(text(),'Albuquerque - Golf Course Road Branch')]]
[INFO ][05-Sep-2022 08:25:20 AM] Selenium_Wrapper.click:(199) - Clicking on :[[ChromeDriver: chrome on WINDOWS (a708e7cc811c341c271d2d451599fedf)] -> xpath: //span[contains(text(),'Branch Area')]//following::select//option[contains(text(),'Teton')]]
[INFO ][05-Sep-2022 08:25:25 AM] Selenium_Wrapper.click:(199) - Clicking on :[[ChromeDriver: chrome on WINDOWS (a708e7cc811c341c271d2d451599fedf)] -> xpath: (//span[contains(text(),'Primary Tag')]//following::select//option[contains(text(),'AAA')])[1]]
[INFO ][05-Sep-2022 08:25:30 AM] Selenium_Wrapper.click:(199) - Clicking on :[[ChromeDriver: chrome on WINDOWS (a708e7cc811c341c271d2d451599fedf)] -> xpath: (//span[contains(text(),'Primary Tag')]//following::select//option[contains(text(),'AAA')])[4]]
[INFO ][05-Sep-2022 08:25:36 AM] Selenium_Wrapper.click:(199) - Clicking on :[[ChromeDriver: chrome on WINDOWS (a708e7cc811c341c271d2d451599fedf)] -> xpath: (//span[contains(text(),'Primary Tag')]//following::select//option[contains(text(),'AAA')])[6]]
[INFO ][05-Sep-2022 08:25:41 AM] Selenium_Wrapper.click:(199) - Clicking on :[[ChromeDriver: chrome on WINDOWS (a708e7cc811c341c271d2d451599fedf)] -> xpath: (//td[text()=' Repository View Selection ']//following::a)[1]]
[INFO ][05-Sep-2022 08:25:46 AM] Selenium_Wrapper.click:(199) - Clicking on :[[ChromeDriver: chrome on WINDOWS (a708e7cc811c341c271d2d451599fedf)] -> xpath: (//td[text()=' Repository View Selection ']//following::input)[1]]
[INFO ][05-Sep-2022 08:25:52 AM] Selenium_Wrapper.click:(199) - Clicking on :[[ChromeDriver: chrome on WINDOWS (a708e7cc811c341c271d2d451599fedf)] -> xpath: //div[@id='AVAIL']//tr//td//span[text()='AAA']]
[INFO ][05-Sep-2022 08:26:03 AM] Selenium_Wrapper.click:(199) - Clicking on :[[ChromeDriver: chrome on WINDOWS (a708e7cc811c341c271d2d451599fedf)] -> xpath: //div[@id='AVAIL']//tr//td//span[text()='Member Connect']]
[INFO ][05-Sep-2022 08:26:08 AM] Selenium_Wrapper.click:(199) - Clicking on :[[ChromeDriver: chrome on WINDOWS (a708e7cc811c341c271d2d451599fedf)] -> xpath: //div[@id='AVAIL']//tr//td//span[text()='New Account Framework']]
[INFO ][05-Sep-2022 08:26:13 AM] Selenium_Wrapper.click:(199) - Clicking on :[[ChromeDriver: chrome on WINDOWS (a708e7cc811c341c271d2d451599fedf)] -> xpath: //a[text()='Add']]
[INFO ][05-Sep-2022 08:26:19 AM] Selenium_Wrapper.click:(199) - Clicking on :[[ChromeDriver: chrome on WINDOWS (a708e7cc811c341c271d2d451599fedf)] -> xpath: //select[@class='dropdown']]
[INFO ][05-Sep-2022 08:26:25 AM] Selenium_Wrapper.click:(199) - Clicking on :[[ChromeDriver: chrome on WINDOWS (a708e7cc811c341c271d2d451599fedf)] -> xpath: //select[@class='dropdown']//option[text()='Search']]
[INFO ][05-Sep-2022 08:26:26 AM] Selenium_Wrapper.enterText:(311) - Entering Text :Business Accounts in WebElement :[[ChromeDriver: chrome on WINDOWS (a708e7cc811c341c271d2d451599fedf)] -> xpath: //input[@value='Enter search string']]
[INFO ][05-Sep-2022 08:26:32 AM] Selenium_Wrapper.click:(199) - Clicking on :[[ChromeDriver: chrome on WINDOWS (a708e7cc811c341c271d2d451599fedf)] -> xpath: //strong[text()='Business Accounts']]
[INFO ][05-Sep-2022 08:26:37 AM] Selenium_Wrapper.click:(199) - Clicking on :[[ChromeDriver: chrome on WINDOWS (a708e7cc811c341c271d2d451599fedf)] -> xpath: //a[text()='Add']]
[INFO ][05-Sep-2022 08:26:43 AM] Selenium_Wrapper.click:(199) - Clicking on :[[ChromeDriver: chrome on WINDOWS (a708e7cc811c341c271d2d451599fedf)] -> xpath: //span[text()='Asset Management']]
[INFO ][05-Sep-2022 08:26:48 AM] Selenium_Wrapper.click:(199) - Clicking on :[[ChromeDriver: chrome on WINDOWS (a708e7cc811c341c271d2d451599fedf)] -> xpath: //a[text()='Add']]
[INFO ][05-Sep-2022 08:26:54 AM] Selenium_Wrapper.click:(199) - Clicking on :[[ChromeDriver: chrome on WINDOWS (a708e7cc811c341c271d2d451599fedf)] -> xpath: //input[@name='notifySubscribers']]
[INFO ][05-Sep-2022 08:27:05 AM] Selenium_Wrapper.click:(199) - Clicking on :[[ChromeDriver: chrome on WINDOWS (a708e7cc811c341c271d2d451599fedf)] -> xpath: //a[text()='Save Document']]
[INFO ][05-Sep-2022 08:27:33 AM] Selenium_Wrapper.click:(199) - Clicking on :[[ChromeDriver: chrome on WINDOWS (a708e7cc811c341c271d2d451599fedf)] -> xpath: //a[text()='Approve']]
[INFO ][05-Sep-2022 08:27:43 AM] Selenium_Wrapper.click:(199) - Clicking on :[[ChromeDriver: chrome on WINDOWS (a708e7cc811c341c271d2d451599fedf)] -> xpath: //a[text()='Approve']]
[INFO ][05-Sep-2022 08:27:54 AM] Selenium_Wrapper.click:(199) - Clicking on :[[ChromeDriver: chrome on WINDOWS (a708e7cc811c341c271d2d451599fedf)] -> xpath: //a[text()='Approve']]
[ERROR][05-Sep-2022 08:27:59 AM] Selenium_Wrapper.highlightWebElement:(417) - org.openqa.selenium.NoSuchElementException: no such element: Unable to locate element: {"method":"xpath","selector":"//span[text()='Closed']"}
  (Session info: chrome=105.0.5195.102)
For documentation on this error, please visit: https://www.seleniumhq.org/exceptions/no_such_element.html
Build info: version: '3.141.59', revision: 'e82be7d358', time: '2018-11-14T08:17:03'
System info: host: 'QA-SWAMYK', ip: '192.168.0.4', os.name: 'Windows 10', os.arch: 'amd64', os.version: '10.0', java.version: '11.0.10'
Driver info: org.openqa.selenium.chrome.ChromeDriver
Capabilities {acceptInsecureCerts: false, browserName: chrome, browserVersion: 105.0.5195.102, chrome: {chromedriverVersion: 105.0.5195.52 (412c95e51883..., userDataDir: C:\Users\SWAMYK~1\AppData\L...}, goog:chromeOptions: {debuggerAddress: localhost:62866}, javascriptEnabled: true, networkConnectionEnabled: false, pageLoadStrategy: normal, platform: WINDOWS, platformName: WINDOWS, proxy: Proxy(), setWindowRect: true, strictFileInteractability: false, timeouts: {implicit: 0, pageLoad: 300000, script: 30000}, unhandledPromptBehavior: dismiss and notify, webauthn:extension:credBlob: true, webauthn:extension:largeBlob: true, webauthn:virtualAuthenticators: true}
Session ID: a708e7cc811c341c271d2d451599fedf
*** Element info: {Using=xpath, value=//span[text()='Closed']}
[INFO ][05-Sep-2022 08:28:31 AM] Selenium_Wrapper.click:(199) - Clicking on :[[ChromeDriver: chrome on WINDOWS (a708e7cc811c341c271d2d451599fedf)] -> xpath: (//a[text()='Done'])[1]]
[INFO ][05-Sep-2022 08:28:41 AM] Selenium_Wrapper.click:(199) - Clicking on :[[ChromeDriver: chrome on WINDOWS (a708e7cc811c341c271d2d451599fedf)] -> xpath: //a[@class='closeButton']]
[INFO ][05-Sep-2022 08:28:54 AM] Selenium_Wrapper.click:(199) - Clicking on :[[ChromeDriver: chrome on WINDOWS (a708e7cc811c341c271d2d451599fedf)] -> xpath: //body//oj-avatar[@initials='[[userMenuLabel]]']]
[INFO ][05-Sep-2022 08:29:01 AM] Selenium_Wrapper.click:(199) - Clicking on :[[ChromeDriver: chrome on WINDOWS (a708e7cc811c341c271d2d451599fedf)] -> xpath: //a//span[text()='Sign Out']]
[INFO ][05-Sep-2022 08:29:07 AM] Selenium_Wrapper.closeCurrentBrowser:(651) - Closing the current Browser
[INFO ][05-Sep-2022 08:29:08 AM] Selenium_Wrapper.openBrowser:(48) - Opening chrome browser.
[INFO ][05-Sep-2022 08:29:16 AM] Selenium_Wrapper.enterURL:(82) - Entering url :https://macu1--upgrade.custhelp.com/
[INFO ][05-Sep-2022 08:29:21 AM] Selenium_Wrapper.enterText:(311) - Entering Text :pramodk in WebElement :[[ChromeDriver: chrome on WINDOWS (58439f736d3c1e71d198c108b5d4c175)] -> id: rn_LoginForm_2_Username]
[INFO ][05-Sep-2022 08:29:22 AM] Selenium_Wrapper.enterText:(311) - Entering Text :Soft@123 in WebElement :[[ChromeDriver: chrome on WINDOWS (58439f736d3c1e71d198c108b5d4c175)] -> id: rn_LoginForm_2_Password]
[INFO ][05-Sep-2022 08:29:29 AM] Selenium_Wrapper.click:(199) - Clicking on :[[ChromeDriver: chrome on WINDOWS (58439f736d3c1e71d198c108b5d4c175)] -> id: rn_LoginForm_2_Submit]
[INFO ][05-Sep-2022 08:29:57 AM] Selenium_Wrapper.closeCurrentBrowser:(651) - Closing the current Browser
