[INFO ][24-Feb-2023 20:16:10 PM] Selenium_Wrapper.openBrowser:(48) - Opening chrome browser.
[INFO ][24-Feb-2023 20:16:17 PM] Selenium_Wrapper.enterURL:(82) - Entering url :https://macu1--upgrade.custhelp.com/
[INFO ][24-Feb-2023 20:16:21 PM] Selenium_Wrapper.enterText:(311) - Entering Text :automation_testing in WebElement :[[ChromeDriver: chrome on WINDOWS (5314a128c1ec1c5527265bc129ae0603)] -> id: rn_LoginForm_2_Username]
[INFO ][24-Feb-2023 20:16:22 PM] Selenium_Wrapper.enterText:(311) - Entering Text :Soft@123 in WebElement :[[ChromeDriver: chrome on WINDOWS (5314a128c1ec1c5527265bc129ae0603)] -> id: rn_LoginForm_2_Password]
[INFO ][24-Feb-2023 20:16:30 PM] Selenium_Wrapper.click:(199) - Clicking on :[[ChromeDriver: chrome on WINDOWS (5314a128c1ec1c5527265bc129ae0603)] -> id: rn_LoginForm_2_Submit]
[INFO ][24-Feb-2023 20:16:41 PM] Selenium_Wrapper.click:(199) - Clicking on :[[ChromeDriver: chrome on WINDOWS (5314a128c1ec1c5527265bc129ae0603)] -> xpath: //input[@type='search']]
[INFO ][24-Feb-2023 20:16:42 PM] Selenium_Wrapper.enterText:(311) - Entering Text :Business Auto Loan in WebElement :[[ChromeDriver: chrome on WINDOWS (5314a128c1ec1c5527265bc129ae0603)] -> xpath: //input[@type='search']]
[INFO ][24-Feb-2023 20:16:57 PM] Selenium_Wrapper.click:(199) - Clicking on :[[ChromeDriver: chrome on WINDOWS (5314a128c1ec1c5527265bc129ae0603)] -> xpath: //ul[@aria-label='Suggested Search']//li[normalize-space()= 'Business Auto Loan' ]]
[INFO ][24-Feb-2023 20:17:04 PM] Selenium_Wrapper.click:(199) - Clicking on :[[ChromeDriver: chrome on WINDOWS (5314a128c1ec1c5527265bc129ae0603)] -> xpath: //div[@class='rn_SearchResultContent']//a[text()='Business Auto Loan']]
[INFO ][24-Feb-2023 20:17:21 PM] Selenium_Wrapper.click:(199) - Clicking on :[[ChromeDriver: chrome on WINDOWS (5314a128c1ec1c5527265bc129ae0603)] -> xpath: //div[@class='main_image_div']//div[@class='thumbs_up_down'][2]]
[INFO ][24-Feb-2023 20:17:32 PM] Selenium_Wrapper.click:(199) - Clicking on :[[ChromeDriver: chrome on WINDOWS (5314a128c1ec1c5527265bc129ae0603)] -> id: rn_AnswerRating_3_22_FeedbackMessage]
[INFO ][24-Feb-2023 20:17:34 PM] Selenium_Wrapper.enterText:(311) - Entering Text :Flexible Work - ThumbDown Comments in WebElement :[[ChromeDriver: chrome on WINDOWS (5314a128c1ec1c5527265bc129ae0603)] -> id: rn_AnswerRating_3_22_FeedbackMessage]
[INFO ][24-Feb-2023 20:17:39 PM] Selenium_Wrapper.click:(199) - Clicking on :[[ChromeDriver: chrome on WINDOWS (5314a128c1ec1c5527265bc129ae0603)] -> xpath: //button[text()='SUBMIT']]
[INFO ][24-Feb-2023 20:17:44 PM] Selenium_Wrapper.click:(199) - Clicking on :[[ChromeDriver: chrome on WINDOWS (5314a128c1ec1c5527265bc129ae0603)] -> xpath: //button[@class='yui3-button yui3-button-close']]
[INFO ][24-Feb-2023 20:17:51 PM] Selenium_Wrapper.click:(199) - Clicking on :[[ChromeDriver: chrome on WINDOWS (5314a128c1ec1c5527265bc129ae0603)] -> xpath: //div[@class='dropdown']]
[INFO ][24-Feb-2023 20:18:01 PM] Selenium_Wrapper.click:(199) - Clicking on :[[ChromeDriver: chrome on WINDOWS (5314a128c1ec1c5527265bc129ae0603)] -> xpath: //a[text()='My Feedback']]
[INFO ][24-Feb-2023 20:18:28 PM] Selenium_Wrapper.click:(199) - Clicking on :[[ChromeDriver: chrome on WINDOWS (5314a128c1ec1c5527265bc129ae0603)] -> xpath: ((//table//tbody)[2]//a)[1]]
[INFO ][24-Feb-2023 20:19:00 PM] Selenium_Wrapper.click:(199) - Clicking on :[[ChromeDriver: chrome on WINDOWS (5314a128c1ec1c5527265bc129ae0603)] -> class name: knowledge]
[INFO ][24-Feb-2023 20:19:02 PM] Selenium_Wrapper.closeCurrentBrowser:(651) - Closing the current Browser
[INFO ][24-Feb-2023 20:19:04 PM] Selenium_Wrapper.openBrowser:(48) - Opening chrome browser.
[INFO ][24-Feb-2023 20:19:12 PM] Selenium_Wrapper.enterURL:(82) - Entering url :https://macu1--upgrade.custhelp.com/AgentWeb/
[INFO ][24-Feb-2023 20:19:16 PM] Selenium_Wrapper.enterText:(311) - Entering Text :automation_testing in WebElement :[[ChromeDriver: chrome on WINDOWS (a11abf56cafdfe4c5cc9b465e42c8f23)] -> id: username]
[INFO ][24-Feb-2023 20:19:17 PM] Selenium_Wrapper.enterText:(311) - Entering Text :Welcome123 in WebElement :[[ChromeDriver: chrome on WINDOWS (a11abf56cafdfe4c5cc9b465e42c8f23)] -> id: password]
[INFO ][24-Feb-2023 20:19:48 PM] Selenium_Wrapper.click:(199) - Clicking on :[[ChromeDriver: chrome on WINDOWS (a11abf56cafdfe4c5cc9b465e42c8f23)] -> id: loginbutton]
[INFO ][24-Feb-2023 20:20:08 PM] Selenium_Wrapper.click:(199) - Clicking on :[[ChromeDriver: chrome on WINDOWS (a11abf56cafdfe4c5cc9b465e42c8f23)] -> id: navigationSetBtn]
[INFO ][24-Feb-2023 20:20:16 PM] Selenium_Wrapper.click:(199) - Clicking on :[[ChromeDriver: chrome on WINDOWS (a11abf56cafdfe4c5cc9b465e42c8f23)] -> xpath: (//div[text()='Analytics']//a)]
[INFO ][24-Feb-2023 20:20:21 PM] Selenium_Wrapper.click:(199) - Clicking on :[[ChromeDriver: chrome on WINDOWS (a11abf56cafdfe4c5cc9b465e42c8f23)] -> xpath: //span[text()='Reports Explorer']]
[INFO ][24-Feb-2023 20:20:27 PM] Selenium_Wrapper.click:(199) - Clicking on :[[ChromeDriver: chrome on WINDOWS (a11abf56cafdfe4c5cc9b465e42c8f23)] -> xpath: //div[text()='Public Reports']]
[INFO ][24-Feb-2023 20:20:32 PM] Selenium_Wrapper.click:(199) - Clicking on :[[ChromeDriver: chrome on WINDOWS (a11abf56cafdfe4c5cc9b465e42c8f23)] -> xpath: //div[text()='MACU CUSTOM REPORTS']]
[INFO ][24-Feb-2023 20:20:38 PM] Selenium_Wrapper.click:(199) - Clicking on :[[ChromeDriver: chrome on WINDOWS (a11abf56cafdfe4c5cc9b465e42c8f23)] -> xpath: //div[text()='SoftClouds']]
[INFO ][24-Feb-2023 20:20:43 PM] Selenium_Wrapper.click:(199) - Clicking on :[[ChromeDriver: chrome on WINDOWS (a11abf56cafdfe4c5cc9b465e42c8f23)] -> xpath: //div[text()='OKCS']]
[ERROR][24-Feb-2023 20:20:54 PM] AnswerVotingFeedbackReport.testSelectingandGivingAnswerstoReportFlow:(238) - Selecting and Giving Asnwers to Report  un-successfull
[INFO ][24-Feb-2023 20:21:03 PM] Selenium_Wrapper.click:(199) - Clicking on :[[ChromeDriver: chrome on WINDOWS (a11abf56cafdfe4c5cc9b465e42c8f23)] -> xpath: //body//oj-avatar[@initials='[[userMenuLabel]]']]
[ERROR][24-Feb-2023 20:22:50 PM] Selenium_Wrapper.getWebElement:(124) - org.openqa.selenium.TimeoutException: Expected condition failed: waiting for visibility of [[ChromeDriver: chrome on WINDOWS (a11abf56cafdfe4c5cc9b465e42c8f23)] -> xpath: //a//span[text()='Sign Out']] (tried for 100 second(s) with 500 milliseconds interval)
Build info: version: '3.141.59', revision: 'e82be7d358', time: '2018-11-14T08:17:03'
System info: host: 'QA-SWAMYK', ip: '192.168.0.3', os.name: 'Windows 10', os.arch: 'amd64', os.version: '10.0', java.version: '11.0.10'
Driver info: org.openqa.selenium.chrome.ChromeDriver
Capabilities {acceptInsecureCerts: false, browserName: chrome, browserVersion: 110.0.5481.177, chrome: {chromedriverVersion: 110.0.5481.77 (65ed616c6e8e..., userDataDir: C:\Users\SWAMYK~1\AppData\L...}, goog:chromeOptions: {debuggerAddress: localhost:56752}, javascriptEnabled: true, networkConnectionEnabled: false, pageLoadStrategy: normal, platform: WINDOWS, platformName: WINDOWS, proxy: Proxy(), setWindowRect: true, strictFileInteractability: false, timeouts: {implicit: 0, pageLoad: 300000, script: 30000}, unhandledPromptBehavior: dismiss and notify, webauthn:extension:credBlob: true, webauthn:extension:largeBlob: true, webauthn:virtualAuthenticators: true}
Session ID: a11abf56cafdfe4c5cc9b465e42c8f23
[ERROR][24-Feb-2023 20:22:50 PM] AnswerVotingFeedbackReport.testSignout:(253) - Logout/SignOut un-successfull
