[INFO ][03-Aug-2023 20:24:26 pm] Selenium_Wrapper.openBrowser:(48) - Opening chrome browser.
[INFO ][03-Aug-2023 20:24:33 pm] Selenium_Wrapper.enterURL:(82) - Entering url :https://macu1--tst1.custhelp.com/app/home
[INFO ][03-Aug-2023 20:24:37 pm] Selenium_Wrapper.enterText:(311) - Entering Text :swamyk in WebElement :[[ChromeDriver: chrome on WINDOWS (763f3dc354675f6bd281b28d04935980)] -> id: rn_LoginForm_2_Username]
[INFO ][03-Aug-2023 20:24:38 pm] Selenium_Wrapper.enterText:(311) - Entering Text :Soft@123 in WebElement :[[ChromeDriver: chrome on WINDOWS (763f3dc354675f6bd281b28d04935980)] -> id: rn_LoginForm_2_Password]
[INFO ][03-Aug-2023 20:24:46 pm] Selenium_Wrapper.click:(199) - Clicking on :[[ChromeDriver: chrome on WINDOWS (763f3dc354675f6bd281b28d04935980)] -> id: rn_LoginForm_2_Submit]
[INFO ][03-Aug-2023 20:24:56 pm] Selenium_Wrapper.click:(199) - Clicking on :[[ChromeDriver: chrome on WINDOWS (763f3dc354675f6bd281b28d04935980)] -> xpath: //input[@type='search']]
[INFO ][03-Aug-2023 20:24:58 pm] Selenium_Wrapper.enterText:(311) - Entering Text :Business Auto Loan - ALPS 1.0 in WebElement :[[ChromeDriver: chrome on WINDOWS (763f3dc354675f6bd281b28d04935980)] -> xpath: //input[@type='search']]
[INFO ][03-Aug-2023 20:25:18 pm] Selenium_Wrapper.click:(199) - Clicking on :[[ChromeDriver: chrome on WINDOWS (763f3dc354675f6bd281b28d04935980)] -> xpath: (//ul[text()='Suggested Search']//li//li)[1]]
[INFO ][03-Aug-2023 20:25:25 pm] Selenium_Wrapper.click:(199) - Clicking on :[[ChromeDriver: chrome on WINDOWS (763f3dc354675f6bd281b28d04935980)] -> xpath: //div[@class='rn_SearchResultContent']//tbody//tr//div//span[@class='rn_Element1']//a]
[INFO ][03-Aug-2023 20:25:52 pm] Selenium_Wrapper.click:(199) - Clicking on :[[ChromeDriver: chrome on WINDOWS (763f3dc354675f6bd281b28d04935980)] -> xpath: //a[@class='add_bookmarkButton']//img[@class='bookmark_icon_blank']]
[INFO ][03-Aug-2023 20:25:59 pm] Selenium_Wrapper.click:(199) - Clicking on :[[ChromeDriver: chrome on WINDOWS (763f3dc354675f6bd281b28d04935980)] -> xpath: //div[@class='dropdown']]
[INFO ][03-Aug-2023 20:26:10 pm] Selenium_Wrapper.click:(199) - Clicking on :[[ChromeDriver: chrome on WINDOWS (763f3dc354675f6bd281b28d04935980)] -> xpath: //div[@class='data Custom-data']//a[text()='My Bookmarks']]
[INFO ][03-Aug-2023 20:26:32 pm] Selenium_Wrapper.click:(199) - Clicking on :[[ChromeDriver: chrome on WINDOWS (763f3dc354675f6bd281b28d04935980)] -> xpath: //a[contains(text(),'Business Auto Loan - ALPS 1.0')]//parent::div[@class='rn_Notification_Info']//following-sibling::div[@class='rn_Notification_Actions']//button[@class='rn_Notification_Delete']//img[@class='bookmark_del_ico']]
[INFO ][03-Aug-2023 20:26:53 pm] Selenium_Wrapper.click:(199) - Clicking on :[[ChromeDriver: chrome on WINDOWS (763f3dc354675f6bd281b28d04935980)] -> class name: knowledge]
[INFO ][03-Aug-2023 20:27:00 pm] Selenium_Wrapper.click:(199) - Clicking on :[[ChromeDriver: chrome on WINDOWS (763f3dc354675f6bd281b28d04935980)] -> xpath: //input[@type='search']]
[INFO ][03-Aug-2023 20:27:02 pm] Selenium_Wrapper.enterText:(311) - Entering Text :Business Auto Loan - ALPS 1.0 in WebElement :[[ChromeDriver: chrome on WINDOWS (763f3dc354675f6bd281b28d04935980)] -> xpath: //input[@type='search']]
[INFO ][03-Aug-2023 20:27:10 pm] Selenium_Wrapper.click:(199) - Clicking on :[[ChromeDriver: chrome on WINDOWS (763f3dc354675f6bd281b28d04935980)] -> xpath: (//ul[text()='Suggested Search']//li//li)[1]]
[INFO ][03-Aug-2023 20:27:18 pm] Selenium_Wrapper.click:(199) - Clicking on :[[ChromeDriver: chrome on WINDOWS (763f3dc354675f6bd281b28d04935980)] -> xpath: //div[@class='rn_SearchResultContent']//tbody//tr//div//span[@class='rn_Element1']//a]
[INFO ][03-Aug-2023 20:27:28 pm] Selenium_Wrapper.click:(199) - Clicking on :[[ChromeDriver: chrome on WINDOWS (763f3dc354675f6bd281b28d04935980)] -> xpath: //div[contains(@class,'EmailAnswerLink')]//img[@class='share_icon_default']]
[INFO ][03-Aug-2023 20:27:33 pm] Selenium_Wrapper.click:(199) - Clicking on :[[ChromeDriver: chrome on WINDOWS (763f3dc354675f6bd281b28d04935980)] -> xpath: //div[@id='rnDialog1']//input[@class='select2-search__field']]
[INFO ][03-Aug-2023 20:27:35 pm] Selenium_Wrapper.enterText:(311) - Entering Text :Aaron Brown in WebElement :[[ChromeDriver: chrome on WINDOWS (763f3dc354675f6bd281b28d04935980)] -> xpath: //div[@id='rnDialog1']//input[@class='select2-search__field']]
[INFO ][03-Aug-2023 20:27:43 pm] Selenium_Wrapper.click:(199) - Clicking on :[[ChromeDriver: chrome on WINDOWS (763f3dc354675f6bd281b28d04935980)] -> xpath: //ul[@class='select2-results__options']//li[text()='Aaron Brown']]
[INFO ][03-Aug-2023 20:27:48 pm] Selenium_Wrapper.click:(199) - Clicking on :[[ChromeDriver: chrome on WINDOWS (763f3dc354675f6bd281b28d04935980)] -> xpath: //button[@class='yui3-button yui3-button-close']]
[INFO ][03-Aug-2023 20:28:03 pm] Selenium_Wrapper.click:(199) - Clicking on :[[ChromeDriver: chrome on WINDOWS (763f3dc354675f6bd281b28d04935980)] -> xpath: //div[@id='formsResources_panel']//div[@id='formsResources_headingOne']]
[INFO ][03-Aug-2023 20:28:13 pm] Selenium_Wrapper.clickUsingActions:(249) - Clicking on :[[ChromeDriver: chrome on WINDOWS (763f3dc354675f6bd281b28d04935980)] -> xpath: (//ul[@class='formsResources']//ul//li/a)[2]]
[INFO ][03-Aug-2023 20:28:45 pm] Selenium_Wrapper.click:(199) - Clicking on :[[ChromeDriver: chrome on WINDOWS (763f3dc354675f6bd281b28d04935980)] -> xpath: //li[@class='breadcrumb-item']//a]
[INFO ][03-Aug-2023 20:28:58 pm] Selenium_Wrapper.click:(199) - Clicking on :[[ChromeDriver: chrome on WINDOWS (763f3dc354675f6bd281b28d04935980)] -> class name: knowledge]
[INFO ][03-Aug-2023 20:29:08 pm] Selenium_Wrapper.click:(199) - Clicking on :[[ChromeDriver: chrome on WINDOWS (763f3dc354675f6bd281b28d04935980)] -> xpath: //input[@type='search']]
[INFO ][03-Aug-2023 20:29:10 pm] Selenium_Wrapper.enterText:(311) - Entering Text :Business Auto Loan - ALPS 1.0 in WebElement :[[ChromeDriver: chrome on WINDOWS (763f3dc354675f6bd281b28d04935980)] -> xpath: //input[@type='search']]
[INFO ][03-Aug-2023 20:29:29 pm] Selenium_Wrapper.click:(199) - Clicking on :[[ChromeDriver: chrome on WINDOWS (763f3dc354675f6bd281b28d04935980)] -> xpath: (//ul[text()='Suggested Search']//li//li)[1]]
[INFO ][03-Aug-2023 20:29:38 pm] Selenium_Wrapper.click:(199) - Clicking on :[[ChromeDriver: chrome on WINDOWS (763f3dc354675f6bd281b28d04935980)] -> xpath: //div[@class='rn_SearchResultContent']//tbody//tr//div//span[@class='rn_Element1']//a]
[INFO ][03-Aug-2023 20:30:39 pm] Selenium_Wrapper.click:(199) - Clicking on :[[ChromeDriver: chrome on WINDOWS (763f3dc354675f6bd281b28d04935980)] -> xpath: //button[@class='rn_RecommendContentButton p-0']]
[INFO ][03-Aug-2023 20:30:40 pm] Selenium_Wrapper.enterText:(311) - Entering Text :Test Improve, comments, updates in WebElement :[[ChromeDriver: chrome on WINDOWS (763f3dc354675f6bd281b28d04935980)] -> xpath: //div[@id='rnDialog1_c']//textarea[contains(@id,RequestUpdate)]]
[INFO ][03-Aug-2023 20:30:46 pm] Selenium_Wrapper.click:(199) - Clicking on :[[ChromeDriver: chrome on WINDOWS (763f3dc354675f6bd281b28d04935980)] -> xpath: //button[@class='yui3-button yui3-button-close']]
[INFO ][03-Aug-2023 20:30:58 pm] Selenium_Wrapper.click:(199) - Clicking on :[[ChromeDriver: chrome on WINDOWS (763f3dc354675f6bd281b28d04935980)] -> id: relatedPages_headingOne]
[INFO ][03-Aug-2023 20:31:04 pm] Selenium_Wrapper.click:(199) - Clicking on :[[ChromeDriver: chrome on WINDOWS (763f3dc354675f6bd281b28d04935980)] -> id: relatedPages_headingOne]
[INFO ][03-Aug-2023 20:31:11 pm] Selenium_Wrapper.enterText:(311) - Entering Text :Business Auto Loan - ALPS 1.0 in WebElement :[[ChromeDriver: chrome on WINDOWS (763f3dc354675f6bd281b28d04935980)] -> xpath: //div[contains(@class,'input-group')]//input[@type='search']]
[INFO ][03-Aug-2023 20:31:24 pm] Selenium_Wrapper.click:(199) - Clicking on :[[ChromeDriver: chrome on WINDOWS (763f3dc354675f6bd281b28d04935980)] -> xpath: //ul[@aria-label='Suggested Search']//li[@class='rn_SuggestionItem'][normalize-space()='Business Auto Loan - ALPS 1.0']]
[INFO ][03-Aug-2023 20:31:42 pm] Selenium_Wrapper.click:(199) - Clicking on :[[ChromeDriver: chrome on WINDOWS (763f3dc354675f6bd281b28d04935980)] -> class name: knowledge]
