[INFO ][04-Oct-2023 20:21:41 pm] Selenium_Wrapper.openBrowser:(48) - Opening chrome browser.
[INFO ][04-Oct-2023 20:21:50 pm] Selenium_Wrapper.enterURL:(82) - Entering url :https://macu1--tst1.custhelp.com/app/home
[INFO ][04-Oct-2023 20:21:54 pm] Selenium_Wrapper.enterText:(311) - Entering Text :swamyk in WebElement :[[ChromeDriver: chrome on WINDOWS (181a00a87a61bb82cff5f03b38afa4f1)] -> id: rn_LoginForm_2_Username]
[INFO ][04-Oct-2023 20:21:56 pm] Selenium_Wrapper.enterText:(311) - Entering Text :Soft@123 in WebElement :[[ChromeDriver: chrome on WINDOWS (181a00a87a61bb82cff5f03b38afa4f1)] -> id: rn_LoginForm_2_Password]
[INFO ][04-Oct-2023 20:22:03 pm] Selenium_Wrapper.click:(199) - Clicking on :[[ChromeDriver: chrome on WINDOWS (181a00a87a61bb82cff5f03b38afa4f1)] -> id: rn_LoginForm_2_Submit]
[INFO ][04-Oct-2023 20:22:14 pm] Selenium_Wrapper.click:(199) - Clicking on :[[ChromeDriver: chrome on WINDOWS (181a00a87a61bb82cff5f03b38afa4f1)] -> xpath: //input[@type='search']]
[INFO ][04-Oct-2023 20:22:15 pm] Selenium_Wrapper.enterText:(311) - Entering Text :Business Auto Loan - ALPS 1.0 in WebElement :[[ChromeDriver: chrome on WINDOWS (181a00a87a61bb82cff5f03b38afa4f1)] -> xpath: //input[@type='search']]
[INFO ][04-Oct-2023 20:22:30 pm] Selenium_Wrapper.click:(199) - Clicking on :[[ChromeDriver: chrome on WINDOWS (181a00a87a61bb82cff5f03b38afa4f1)] -> xpath: (//div[@class='yui3-aclist-content']//li//li)[1]]
[INFO ][04-Oct-2023 20:22:37 pm] Selenium_Wrapper.click:(199) - Clicking on :[[ChromeDriver: chrome on WINDOWS (181a00a87a61bb82cff5f03b38afa4f1)] -> xpath: (//div[@class='rn_SearchResultContent']//a)[1]]
[INFO ][04-Oct-2023 20:22:46 pm] Selenium_Wrapper.click:(199) - Clicking on :[[ChromeDriver: chrome on WINDOWS (181a00a87a61bb82cff5f03b38afa4f1)] -> xpath: //div[@class='main_image_div']//div[@class='thumbs_up_down'][1]]
[INFO ][04-Oct-2023 20:22:54 pm] Selenium_Wrapper.click:(199) - Clicking on :[[ChromeDriver: chrome on WINDOWS (181a00a87a61bb82cff5f03b38afa4f1)] -> xpath: //div[@class='main_image_div']//div[@class='thumbs_up_down'][2]]
[INFO ][04-Oct-2023 20:23:05 pm] Selenium_Wrapper.click:(199) - Clicking on :[[ChromeDriver: chrome on WINDOWS (181a00a87a61bb82cff5f03b38afa4f1)] -> xpath: //button[@class='rn_RecommendContentButton p-0']]
[INFO ][04-Oct-2023 20:23:06 pm] Selenium_Wrapper.enterText:(311) - Entering Text :Flexible Work - ThumbDown Comments in WebElement :[[ChromeDriver: chrome on WINDOWS (181a00a87a61bb82cff5f03b38afa4f1)] -> id: rn_RequestUpdate_25_Description]
[INFO ][04-Oct-2023 20:23:12 pm] Selenium_Wrapper.click:(199) - Clicking on :[[ChromeDriver: chrome on WINDOWS (181a00a87a61bb82cff5f03b38afa4f1)] -> xpath: //button[text()='Submit']]
[INFO ][04-Oct-2023 20:23:17 pm] Selenium_Wrapper.click:(199) - Clicking on :[[ChromeDriver: chrome on WINDOWS (181a00a87a61bb82cff5f03b38afa4f1)] -> xpath: (//button[@class='yui3-button yui3-button-close'])[2]]
[INFO ][04-Oct-2023 20:23:24 pm] Selenium_Wrapper.click:(199) - Clicking on :[[ChromeDriver: chrome on WINDOWS (181a00a87a61bb82cff5f03b38afa4f1)] -> xpath: //div[@class='dropdown']]
[INFO ][04-Oct-2023 20:23:34 pm] Selenium_Wrapper.click:(199) - Clicking on :[[ChromeDriver: chrome on WINDOWS (181a00a87a61bb82cff5f03b38afa4f1)] -> xpath: //a[text()='My Feedback']]
[INFO ][04-Oct-2023 20:24:02 pm] Selenium_Wrapper.click:(199) - Clicking on :[[ChromeDriver: chrome on WINDOWS (181a00a87a61bb82cff5f03b38afa4f1)] -> xpath: ((//table//tbody)[2]//a)[1]]
[INFO ][04-Oct-2023 20:24:35 pm] Selenium_Wrapper.click:(199) - Clicking on :[[ChromeDriver: chrome on WINDOWS (181a00a87a61bb82cff5f03b38afa4f1)] -> class name: knowledge]
[INFO ][04-Oct-2023 20:24:37 pm] Selenium_Wrapper.closeCurrentBrowser:(651) - Closing the current Browser
[INFO ][04-Oct-2023 20:24:38 pm] Selenium_Wrapper.openBrowser:(48) - Opening chrome browser.
[INFO ][04-Oct-2023 20:24:42 pm] Selenium_Wrapper.enterURL:(82) - Entering url :https://macu1--tst1.custhelp.com/AgentWeb/
[INFO ][04-Oct-2023 20:24:46 pm] Selenium_Wrapper.enterText:(311) - Entering Text :automation_testing in WebElement :[[ChromeDriver: chrome on WINDOWS (5cf721d4aad0a9897e037e33905f5b14)] -> id: username]
[INFO ][04-Oct-2023 20:24:48 pm] Selenium_Wrapper.enterText:(311) - Entering Text :Welcome123 in WebElement :[[ChromeDriver: chrome on WINDOWS (5cf721d4aad0a9897e037e33905f5b14)] -> id: password]
[INFO ][04-Oct-2023 20:25:25 pm] Selenium_Wrapper.click:(199) - Clicking on :[[ChromeDriver: chrome on WINDOWS (5cf721d4aad0a9897e037e33905f5b14)] -> id: loginbutton]
[INFO ][04-Oct-2023 20:25:56 pm] Selenium_Wrapper.click:(199) - Clicking on :[[ChromeDriver: chrome on WINDOWS (5cf721d4aad0a9897e037e33905f5b14)] -> xpath: //oj-button[@id='navigationSetBtn']]
[INFO ][04-Oct-2023 20:26:01 pm] Selenium_Wrapper.click:(199) - Clicking on :[[ChromeDriver: chrome on WINDOWS (5cf721d4aad0a9897e037e33905f5b14)] -> xpath: (//div[text()='Analytics']//a)]
[INFO ][04-Oct-2023 20:26:06 pm] Selenium_Wrapper.click:(199) - Clicking on :[[ChromeDriver: chrome on WINDOWS (5cf721d4aad0a9897e037e33905f5b14)] -> xpath: //span[text()='Reports Explorer']]
[INFO ][04-Oct-2023 20:26:12 pm] Selenium_Wrapper.click:(199) - Clicking on :[[ChromeDriver: chrome on WINDOWS (5cf721d4aad0a9897e037e33905f5b14)] -> xpath: //div[text()='Public Reports']]
[INFO ][04-Oct-2023 20:26:18 pm] Selenium_Wrapper.click:(199) - Clicking on :[[ChromeDriver: chrome on WINDOWS (5cf721d4aad0a9897e037e33905f5b14)] -> xpath: //div[text()='MACU CUSTOM REPORTS']]
[INFO ][04-Oct-2023 20:26:23 pm] Selenium_Wrapper.click:(199) - Clicking on :[[ChromeDriver: chrome on WINDOWS (5cf721d4aad0a9897e037e33905f5b14)] -> xpath: //div[text()='SoftClouds']]
[INFO ][04-Oct-2023 20:26:28 pm] Selenium_Wrapper.click:(199) - Clicking on :[[ChromeDriver: chrome on WINDOWS (5cf721d4aad0a9897e037e33905f5b14)] -> xpath: //div[text()='OKCS']]
[INFO ][04-Oct-2023 20:26:41 pm] Selenium_Wrapper.doubleClick:(280) - Double clicking on :[[ChromeDriver: chrome on WINDOWS (5cf721d4aad0a9897e037e33905f5b14)] -> xpath: //div[@class='explorer-right-panel']//div[@class='explorer-data-grid']//span[text()='Feedback Admin Report']]
[INFO ][04-Oct-2023 20:26:57 pm] Selenium_Wrapper.click:(199) - Clicking on :[[ChromeDriver: chrome on WINDOWS (5cf721d4aad0a9897e037e33905f5b14)] -> xpath: //div[@class='container wsx-flex']//div[@class='analyticsTopSection']//div[@class='select-box-root select-box-display-text-active']]
[INFO ][04-Oct-2023 20:27:03 pm] Selenium_Wrapper.click:(199) - Clicking on :[[ChromeDriver: chrome on WINDOWS (5cf721d4aad0a9897e037e33905f5b14)] -> xpath: (//span[text()='Search'])[2]]
[INFO ][04-Oct-2023 20:27:12 pm] Selenium_Wrapper.doubleClick:(280) - Double clicking on :[[ChromeDriver: chrome on WINDOWS (5cf721d4aad0a9897e037e33905f5b14)] -> xpath: //div[@class='container wsx-flex']//div[contains(@column-id,'2')][1]]
[INFO ][04-Oct-2023 20:27:27 pm] Selenium_Wrapper.click:(199) - Clicking on :[[ChromeDriver: chrome on WINDOWS (5cf721d4aad0a9897e037e33905f5b14)] -> xpath: //span[text()='Messages']]
[INFO ][04-Oct-2023 20:27:32 pm] Selenium_Wrapper.click:(199) - Clicking on :[[ChromeDriver: chrome on WINDOWS (5cf721d4aad0a9897e037e33905f5b14)] -> xpath: //div[contains(@class,'cke_wysiwyg_div ')]]
[INFO ][04-Oct-2023 20:27:34 pm] Selenium_Wrapper.enterText:(311) - Entering Text :It is working as per Expected in WebElement :[[ChromeDriver: chrome on WINDOWS (5cf721d4aad0a9897e037e33905f5b14)] -> xpath: //div[contains(@class,'cke_wysiwyg_div ')]]
[INFO ][04-Oct-2023 20:27:39 pm] Selenium_Wrapper.click:(199) - Clicking on :[[ChromeDriver: chrome on WINDOWS (5cf721d4aad0a9897e037e33905f5b14)] -> xpath: //div[@class='ws-toolbar-button-image bui-icon save-icon fa-lg']]
[INFO ][04-Oct-2023 20:27:44 pm] Selenium_Wrapper.click:(199) - Clicking on :[[ChromeDriver: chrome on WINDOWS (5cf721d4aad0a9897e037e33905f5b14)] -> xpath: //span[text()='Summary']]
[INFO ][04-Oct-2023 20:27:52 pm] Selenium_Wrapper.clickUsingActions:(249) - Clicking on :[[ChromeDriver: chrome on WINDOWS (5cf721d4aad0a9897e037e33905f5b14)] -> xpath: //div[contains(@id,'Incident_Status')][@class='display-text']]
[INFO ][04-Oct-2023 20:27:59 pm] Selenium_Wrapper.click:(199) - Clicking on :[[ChromeDriver: chrome on WINDOWS (5cf721d4aad0a9897e037e33905f5b14)] -> xpath: (//div[@title='Solved'])[1]]
[INFO ][04-Oct-2023 20:28:06 pm] Selenium_Wrapper.click:(199) - Clicking on :[[ChromeDriver: chrome on WINDOWS (5cf721d4aad0a9897e037e33905f5b14)] -> xpath: //div[@class='ws-toolbar-button-image bui-icon save-icon fa-lg']]
[INFO ][04-Oct-2023 20:28:16 pm] Selenium_Wrapper.click:(199) - Clicking on :[[ChromeDriver: chrome on WINDOWS (5cf721d4aad0a9897e037e33905f5b14)] -> xpath: (//a[@class='closeButton'])[3]]
[INFO ][04-Oct-2023 20:28:23 pm] Selenium_Wrapper.click:(199) - Clicking on :[[ChromeDriver: chrome on WINDOWS (5cf721d4aad0a9897e037e33905f5b14)] -> xpath: (//a[@class='closeButton'])[2]]
[INFO ][04-Oct-2023 20:28:30 pm] Selenium_Wrapper.click:(199) - Clicking on :[[ChromeDriver: chrome on WINDOWS (5cf721d4aad0a9897e037e33905f5b14)] -> xpath: (//a[@class='closeButton'])[1]]
[INFO ][04-Oct-2023 20:28:41 pm] Selenium_Wrapper.click:(199) - Clicking on :[[ChromeDriver: chrome on WINDOWS (5cf721d4aad0a9897e037e33905f5b14)] -> xpath: //body//oj-avatar[@initials='[[userMenuLabel]]']]
[INFO ][04-Oct-2023 20:28:48 pm] Selenium_Wrapper.click:(199) - Clicking on :[[ChromeDriver: chrome on WINDOWS (5cf721d4aad0a9897e037e33905f5b14)] -> xpath: //a//span[text()='Sign Out']]
[INFO ][04-Oct-2023 20:28:53 pm] Selenium_Wrapper.closeCurrentBrowser:(651) - Closing the current Browser
