[INFO ][04-Oct-2023 20:30:12 pm] Selenium_Wrapper.openBrowser:(48) - Opening chrome browser.
[INFO ][04-Oct-2023 20:30:15 pm] Selenium_Wrapper.enterURL:(82) - Entering url :https://macu1--tst1.custhelp.com/AgentWeb/
[INFO ][04-Oct-2023 20:30:20 pm] Selenium_Wrapper.enterText:(311) - Entering Text :automation_testing in WebElement :[[ChromeDriver: chrome on WINDOWS (ef6e1dc48de79d233b5e229b24ba39ff)] -> id: username]
[INFO ][04-Oct-2023 20:30:21 pm] Selenium_Wrapper.enterText:(311) - Entering Text :Welcome123 in WebElement :[[ChromeDriver: chrome on WINDOWS (ef6e1dc48de79d233b5e229b24ba39ff)] -> id: password]
[INFO ][04-Oct-2023 20:30:52 pm] Selenium_Wrapper.click:(199) - Clicking on :[[ChromeDriver: chrome on WINDOWS (ef6e1dc48de79d233b5e229b24ba39ff)] -> id: loginbutton]
[INFO ][04-Oct-2023 20:31:16 pm] Selenium_Wrapper.click:(199) - Clicking on :[[ChromeDriver: chrome on WINDOWS (ef6e1dc48de79d233b5e229b24ba39ff)] -> xpath: //oj-button[@id='navigationSetBtn']]
[INFO ][04-Oct-2023 20:31:25 pm] Selenium_Wrapper.click:(199) - Clicking on :[[ChromeDriver: chrome on WINDOWS (ef6e1dc48de79d233b5e229b24ba39ff)] -> xpath: (//div[text()='Analytics']//a)]
[INFO ][04-Oct-2023 20:31:31 pm] Selenium_Wrapper.click:(199) - Clicking on :[[ChromeDriver: chrome on WINDOWS (ef6e1dc48de79d233b5e229b24ba39ff)] -> xpath: //span[text()='Reports Explorer']]
[INFO ][04-Oct-2023 20:31:36 pm] Selenium_Wrapper.click:(199) - Clicking on :[[ChromeDriver: chrome on WINDOWS (ef6e1dc48de79d233b5e229b24ba39ff)] -> xpath: //div[text()='Public Reports']]
[INFO ][04-Oct-2023 20:31:42 pm] Selenium_Wrapper.click:(199) - Clicking on :[[ChromeDriver: chrome on WINDOWS (ef6e1dc48de79d233b5e229b24ba39ff)] -> xpath: //div[text()='MACU CUSTOM REPORTS']]
[INFO ][04-Oct-2023 20:31:47 pm] Selenium_Wrapper.click:(199) - Clicking on :[[ChromeDriver: chrome on WINDOWS (ef6e1dc48de79d233b5e229b24ba39ff)] -> xpath: //div[text()='SoftClouds']]
[INFO ][04-Oct-2023 20:31:53 pm] Selenium_Wrapper.click:(199) - Clicking on :[[ChromeDriver: chrome on WINDOWS (ef6e1dc48de79d233b5e229b24ba39ff)] -> xpath: //div[text()='OKCS']]
[INFO ][04-Oct-2023 20:32:01 pm] Selenium_Wrapper.doubleClick:(280) - Double clicking on :[[ChromeDriver: chrome on WINDOWS (ef6e1dc48de79d233b5e229b24ba39ff)] -> xpath: //div[@class='explorer-right-panel']//div[@class='explorer-data-grid']//span[text()='Feedback Admin Report']]
[INFO ][04-Oct-2023 20:32:18 pm] Selenium_Wrapper.click:(199) - Clicking on :[[ChromeDriver: chrome on WINDOWS (ef6e1dc48de79d233b5e229b24ba39ff)] -> xpath: //div[@class='container wsx-flex']//div[@class='analyticsTopSection']//div[@class='select-box-root select-box-display-text-active']]
[INFO ][04-Oct-2023 20:32:23 pm] Selenium_Wrapper.click:(199) - Clicking on :[[ChromeDriver: chrome on WINDOWS (ef6e1dc48de79d233b5e229b24ba39ff)] -> xpath: (//span[text()='Search'])[2]]
[INFO ][04-Oct-2023 20:32:33 pm] Selenium_Wrapper.doubleClick:(280) - Double clicking on :[[ChromeDriver: chrome on WINDOWS (ef6e1dc48de79d233b5e229b24ba39ff)] -> xpath: //div[@class='container wsx-flex']//div[contains(@column-id,'2')][1]]
[INFO ][04-Oct-2023 20:32:47 pm] Selenium_Wrapper.click:(199) - Clicking on :[[ChromeDriver: chrome on WINDOWS (ef6e1dc48de79d233b5e229b24ba39ff)] -> xpath: //span[text()='Messages']]
[INFO ][04-Oct-2023 20:32:53 pm] Selenium_Wrapper.click:(199) - Clicking on :[[ChromeDriver: chrome on WINDOWS (ef6e1dc48de79d233b5e229b24ba39ff)] -> xpath: //div[contains(@class,'cke_wysiwyg_div ')]]
[INFO ][04-Oct-2023 20:32:54 pm] Selenium_Wrapper.enterText:(311) - Entering Text :It is working as per Expected in WebElement :[[ChromeDriver: chrome on WINDOWS (ef6e1dc48de79d233b5e229b24ba39ff)] -> xpath: //div[contains(@class,'cke_wysiwyg_div ')]]
[INFO ][04-Oct-2023 20:33:00 pm] Selenium_Wrapper.click:(199) - Clicking on :[[ChromeDriver: chrome on WINDOWS (ef6e1dc48de79d233b5e229b24ba39ff)] -> xpath: //div[@class='ws-toolbar-button-image bui-icon save-icon fa-lg']]
[INFO ][04-Oct-2023 20:33:05 pm] Selenium_Wrapper.click:(199) - Clicking on :[[ChromeDriver: chrome on WINDOWS (ef6e1dc48de79d233b5e229b24ba39ff)] -> xpath: //span[text()='Summary']]
[INFO ][04-Oct-2023 20:33:12 pm] Selenium_Wrapper.clickUsingActions:(249) - Clicking on :[[ChromeDriver: chrome on WINDOWS (ef6e1dc48de79d233b5e229b24ba39ff)] -> xpath: //div[contains(@id,'Incident_Status')][@class='display-text']]
[INFO ][04-Oct-2023 20:33:20 pm] Selenium_Wrapper.click:(199) - Clicking on :[[ChromeDriver: chrome on WINDOWS (ef6e1dc48de79d233b5e229b24ba39ff)] -> xpath: (//div[@title='Solved'])[1]]
[INFO ][04-Oct-2023 20:33:27 pm] Selenium_Wrapper.click:(199) - Clicking on :[[ChromeDriver: chrome on WINDOWS (ef6e1dc48de79d233b5e229b24ba39ff)] -> xpath: //div[@class='ws-toolbar-button-image bui-icon save-icon fa-lg']]
[INFO ][04-Oct-2023 20:33:37 pm] Selenium_Wrapper.click:(199) - Clicking on :[[ChromeDriver: chrome on WINDOWS (ef6e1dc48de79d233b5e229b24ba39ff)] -> xpath: (//a[@class='closeButton'])[3]]
[INFO ][04-Oct-2023 20:33:44 pm] Selenium_Wrapper.click:(199) - Clicking on :[[ChromeDriver: chrome on WINDOWS (ef6e1dc48de79d233b5e229b24ba39ff)] -> xpath: (//a[@class='closeButton'])[2]]
[INFO ][04-Oct-2023 20:33:51 pm] Selenium_Wrapper.click:(199) - Clicking on :[[ChromeDriver: chrome on WINDOWS (ef6e1dc48de79d233b5e229b24ba39ff)] -> xpath: (//a[@class='closeButton'])[1]]
[INFO ][04-Oct-2023 20:34:00 pm] Selenium_Wrapper.click:(199) - Clicking on :[[ChromeDriver: chrome on WINDOWS (ef6e1dc48de79d233b5e229b24ba39ff)] -> xpath: //body//oj-avatar[@initials='[[userMenuLabel]]']]
[INFO ][04-Oct-2023 20:34:07 pm] Selenium_Wrapper.click:(199) - Clicking on :[[ChromeDriver: chrome on WINDOWS (ef6e1dc48de79d233b5e229b24ba39ff)] -> xpath: //a//span[text()='Sign Out']]
[INFO ][04-Oct-2023 20:34:12 pm] Selenium_Wrapper.closeCurrentBrowser:(651) - Closing the current Browser
