[INFO ][07-Nov-2021 20:47:02 pm] Selenium_Wrapper.openBrowser:(48) - Opening chrome browser.
[INFO ][07-Nov-2021 20:47:09 pm] Selenium_Wrapper.enterURL:(82) - Entering url :https://macu1--tst.custhelp.com/app/home
[INFO ][07-Nov-2021 20:47:13 pm] Selenium_Wrapper.enterText:(311) - Entering Text :pramodk in WebElement :[[ChromeDriver: chrome on WINDOWS (f56971bef783a8cdaa445e096480169a)] -> id: rn_LoginForm_2_Username]
[INFO ][07-Nov-2021 20:47:14 pm] Selenium_Wrapper.enterText:(311) - Entering Text :Soft@123 in WebElement :[[ChromeDriver: chrome on WINDOWS (f56971bef783a8cdaa445e096480169a)] -> id: rn_LoginForm_2_Password]
[INFO ][07-Nov-2021 20:47:21 pm] Selenium_Wrapper.click:(199) - Clicking on :[[ChromeDriver: chrome on WINDOWS (f56971bef783a8cdaa445e096480169a)] -> id: rn_LoginForm_2_Submit]
[INFO ][07-Nov-2021 20:47:30 pm] Selenium_Wrapper.click:(199) - Clicking on :[[ChromeDriver: chrome on WINDOWS (f56971bef783a8cdaa445e096480169a)] -> xpath: //input[@type='search']]
[INFO ][07-Nov-2021 20:47:31 pm] Selenium_Wrapper.enterText:(311) - Entering Text :Flexible Work in WebElement :[[ChromeDriver: chrome on WINDOWS (f56971bef783a8cdaa445e096480169a)] -> xpath: //input[@type='search']]
[INFO ][07-Nov-2021 20:47:44 pm] Selenium_Wrapper.click:(199) - Clicking on :[[ChromeDriver: chrome on WINDOWS (f56971bef783a8cdaa445e096480169a)] -> xpath: //ul[@aria-label='Suggested Search']//li[normalize-space()='Flexible Work']]
[INFO ][07-Nov-2021 20:47:51 pm] Selenium_Wrapper.click:(199) - Clicking on :[[ChromeDriver: chrome on WINDOWS (f56971bef783a8cdaa445e096480169a)] -> xpath: //div[@class='rn_SearchResultContent']//a[text()='Flexible Work']]
[INFO ][07-Nov-2021 20:48:07 pm] Selenium_Wrapper.click:(199) - Clicking on :[[ChromeDriver: chrome on WINDOWS (f56971bef783a8cdaa445e096480169a)] -> xpath: //div[@class='main_image_div']//div[@class='thumbs_up_down'][2]]
[INFO ][07-Nov-2021 20:48:18 pm] Selenium_Wrapper.click:(199) - Clicking on :[[ChromeDriver: chrome on WINDOWS (f56971bef783a8cdaa445e096480169a)] -> id: rn_AnswerRating_3_22_FeedbackMessage]
[INFO ][07-Nov-2021 20:48:19 pm] Selenium_Wrapper.enterText:(311) - Entering Text :Flexible Work - ThumbDown Comments in WebElement :[[ChromeDriver: chrome on WINDOWS (f56971bef783a8cdaa445e096480169a)] -> id: rn_AnswerRating_3_22_FeedbackMessage]
[INFO ][07-Nov-2021 20:48:24 pm] Selenium_Wrapper.click:(199) - Clicking on :[[ChromeDriver: chrome on WINDOWS (f56971bef783a8cdaa445e096480169a)] -> xpath: //button[text()='SUBMIT']]
[INFO ][07-Nov-2021 20:48:30 pm] Selenium_Wrapper.click:(199) - Clicking on :[[ChromeDriver: chrome on WINDOWS (f56971bef783a8cdaa445e096480169a)] -> xpath: //button[@class='yui3-button yui3-button-close']]
[INFO ][07-Nov-2021 20:48:40 pm] Selenium_Wrapper.click:(199) - Clicking on :[[ChromeDriver: chrome on WINDOWS (f56971bef783a8cdaa445e096480169a)] -> xpath: //div[@class='dropdown']]
[INFO ][07-Nov-2021 20:48:50 pm] Selenium_Wrapper.click:(199) - Clicking on :[[ChromeDriver: chrome on WINDOWS (f56971bef783a8cdaa445e096480169a)] -> xpath: //a[text()='My Feedback']]
[INFO ][07-Nov-2021 20:49:14 pm] Selenium_Wrapper.click:(199) - Clicking on :[[ChromeDriver: chrome on WINDOWS (f56971bef783a8cdaa445e096480169a)] -> xpath: ((//table//tbody)[2]//a)[1]]
[INFO ][07-Nov-2021 20:49:34 pm] Selenium_Wrapper.click:(199) - Clicking on :[[ChromeDriver: chrome on WINDOWS (f56971bef783a8cdaa445e096480169a)] -> class name: knowledge]
[INFO ][07-Nov-2021 20:49:39 pm] Selenium_Wrapper.openBrowser:(48) - Opening chrome browser.
[INFO ][07-Nov-2021 20:49:43 pm] Selenium_Wrapper.enterURL:(82) - Entering url :https://macu1--tst.custhelp.com/AgentWeb/
[INFO ][07-Nov-2021 20:49:47 pm] Selenium_Wrapper.enterText:(311) - Entering Text :RNT_pramod in WebElement :[[ChromeDriver: chrome on WINDOWS (3709f34a124a832c8057049fa8cc6df3)] -> id: username]
[INFO ][07-Nov-2021 20:49:48 pm] Selenium_Wrapper.enterText:(311) - Entering Text :Welcome123 in WebElement :[[ChromeDriver: chrome on WINDOWS (3709f34a124a832c8057049fa8cc6df3)] -> id: password]
[INFO ][07-Nov-2021 20:50:17 pm] Selenium_Wrapper.click:(199) - Clicking on :[[ChromeDriver: chrome on WINDOWS (3709f34a124a832c8057049fa8cc6df3)] -> id: loginbutton]
[INFO ][07-Nov-2021 20:50:27 pm] Selenium_Wrapper.click:(199) - Clicking on :[[ChromeDriver: chrome on WINDOWS (3709f34a124a832c8057049fa8cc6df3)] -> xpath: //div[@id='landingPanel-notifications']//button[@class='oj-button oj-button-half-chrome mobile-close-icon mobile-close-button closeFoldout']//label[text()='Close Action Center']]
[INFO ][07-Nov-2021 20:50:35 pm] Selenium_Wrapper.click:(199) - Clicking on :[[ChromeDriver: chrome on WINDOWS (3709f34a124a832c8057049fa8cc6df3)] -> xpath: (//span[@class='oj-button-icon oj-start navigator-icon oj-button-icon oj-start'])[1]]
[INFO ][07-Nov-2021 20:50:40 pm] Selenium_Wrapper.click:(199) - Clicking on :[[ChromeDriver: chrome on WINDOWS (3709f34a124a832c8057049fa8cc6df3)] -> xpath: (//div[text()='Analytics']//a)]
[INFO ][07-Nov-2021 20:50:45 pm] Selenium_Wrapper.click:(199) - Clicking on :[[ChromeDriver: chrome on WINDOWS (3709f34a124a832c8057049fa8cc6df3)] -> xpath: //span[text()='Reports Explorer']]
[INFO ][07-Nov-2021 20:50:50 pm] Selenium_Wrapper.click:(199) - Clicking on :[[ChromeDriver: chrome on WINDOWS (3709f34a124a832c8057049fa8cc6df3)] -> xpath: //div[text()='Public Reports']]
[INFO ][07-Nov-2021 20:50:56 pm] Selenium_Wrapper.click:(199) - Clicking on :[[ChromeDriver: chrome on WINDOWS (3709f34a124a832c8057049fa8cc6df3)] -> xpath: //div[text()='MACU CUSTOM REPORTS']]
[INFO ][07-Nov-2021 20:51:01 pm] Selenium_Wrapper.click:(199) - Clicking on :[[ChromeDriver: chrome on WINDOWS (3709f34a124a832c8057049fa8cc6df3)] -> xpath: //div[text()='SoftClouds']]
[INFO ][07-Nov-2021 20:51:06 pm] Selenium_Wrapper.click:(199) - Clicking on :[[ChromeDriver: chrome on WINDOWS (3709f34a124a832c8057049fa8cc6df3)] -> xpath: //div[text()='OKCS']]
[INFO ][07-Nov-2021 20:51:31 pm] Selenium_Wrapper.click:(199) - Clicking on :[[ChromeDriver: chrome on WINDOWS (3709f34a124a832c8057049fa8cc6df3)] -> xpath: //div[contains(@class,'cke_wysiwyg_div')]]
[INFO ][07-Nov-2021 20:51:37 pm] Selenium_Wrapper.enterText:(311) - Entering Text :It is working as per Expected in WebElement :[[ChromeDriver: chrome on WINDOWS (3709f34a124a832c8057049fa8cc6df3)] -> xpath: //div[contains(@class,'cke_wysiwyg_div')]]
[INFO ][07-Nov-2021 20:51:42 pm] Selenium_Wrapper.click:(199) - Clicking on :[[ChromeDriver: chrome on WINDOWS (3709f34a124a832c8057049fa8cc6df3)] -> xpath: //button[@title='Send an incident response and save the incident']]
[INFO ][07-Nov-2021 20:51:53 pm] Selenium_Wrapper.click:(199) - Clicking on :[[ChromeDriver: chrome on WINDOWS (3709f34a124a832c8057049fa8cc6df3)] -> xpath: //button[@data-commandtype='SaveAndSendAndClose']]
[INFO ][07-Nov-2021 20:52:03 pm] Selenium_Wrapper.click:(199) - Clicking on :[[ChromeDriver: chrome on WINDOWS (3709f34a124a832c8057049fa8cc6df3)] -> xpath: //span[text()='Yes']]
[INFO ][07-Nov-2021 20:52:13 pm] Selenium_Wrapper.click:(199) - Clicking on :[[ChromeDriver: chrome on WINDOWS (3709f34a124a832c8057049fa8cc6df3)] -> xpath: //div[contains(@class,'refresh-icon')]]
[INFO ][07-Nov-2021 20:52:26 pm] Selenium_Wrapper.click:(199) - Clicking on :[[ChromeDriver: chrome on WINDOWS (3709f34a124a832c8057049fa8cc6df3)] -> xpath: (//div[@class='primary-tab-header']//ul//li)[2]//span//a//i]
[INFO ][07-Nov-2021 20:52:36 pm] Selenium_Wrapper.click:(199) - Clicking on :[[ChromeDriver: chrome on WINDOWS (3709f34a124a832c8057049fa8cc6df3)] -> xpath: //body//span[@id='initialsText']]
[INFO ][07-Nov-2021 20:52:46 pm] Selenium_Wrapper.click:(199) - Clicking on :[[ChromeDriver: chrome on WINDOWS (3709f34a124a832c8057049fa8cc6df3)] -> xpath: //a//span[text()='Sign Out']]
[INFO ][07-Nov-2021 20:52:58 pm] Selenium_Wrapper.click:(199) - Clicking on :[[ChromeDriver: chrome on WINDOWS (3709f34a124a832c8057049fa8cc6df3)] -> xpath: //a[text()='Click here']]
[INFO ][07-Nov-2021 20:53:02 pm] Selenium_Wrapper.closeCurrentBrowser:(650) - Closing the current Browser
