[INFO ][04-Sep-2022 20:48:10 PM] Selenium_Wrapper.openBrowser:(48) - Opening chrome browser.
[INFO ][04-Sep-2022 20:48:15 PM] Selenium_Wrapper.enterURL:(82) - Entering url :https://macu1--upgrade.custhelp.com/
[INFO ][04-Sep-2022 20:48:19 PM] Selenium_Wrapper.enterText:(311) - Entering Text :pramodk in WebElement :[[ChromeDriver: chrome on WINDOWS (4e012264b134a0dd7ab618c5b303b761)] -> id: rn_LoginForm_2_Username]
[INFO ][04-Sep-2022 20:48:21 PM] Selenium_Wrapper.enterText:(311) - Entering Text :Soft@123 in WebElement :[[ChromeDriver: chrome on WINDOWS (4e012264b134a0dd7ab618c5b303b761)] -> id: rn_LoginForm_2_Password]
[INFO ][04-Sep-2022 20:48:28 PM] Selenium_Wrapper.click:(199) - Clicking on :[[ChromeDriver: chrome on WINDOWS (4e012264b134a0dd7ab618c5b303b761)] -> id: rn_LoginForm_2_Submit]
[INFO ][04-Sep-2022 20:48:40 PM] Selenium_Wrapper.click:(199) - Clicking on :[[ChromeDriver: chrome on WINDOWS (4e012264b134a0dd7ab618c5b303b761)] -> xpath: //input[@type='search']]
[INFO ][04-Sep-2022 20:48:41 PM] Selenium_Wrapper.enterText:(311) - Entering Text :Auto Loan in WebElement :[[ChromeDriver: chrome on WINDOWS (4e012264b134a0dd7ab618c5b303b761)] -> xpath: //input[@type='search']]
[INFO ][04-Sep-2022 20:48:57 PM] Selenium_Wrapper.click:(199) - Clicking on :[[ChromeDriver: chrome on WINDOWS (4e012264b134a0dd7ab618c5b303b761)] -> xpath: //ul[@aria-label='Suggested Search']//li[normalize-space()= 'Auto Loan' ]]
[INFO ][04-Sep-2022 20:49:04 PM] Selenium_Wrapper.click:(199) - Clicking on :[[ChromeDriver: chrome on WINDOWS (4e012264b134a0dd7ab618c5b303b761)] -> xpath: //div[@class='rn_SearchResultContent']//a[text()='Auto Loan']]
[INFO ][04-Sep-2022 20:49:27 PM] Selenium_Wrapper.click:(199) - Clicking on :[[ChromeDriver: chrome on WINDOWS (4e012264b134a0dd7ab618c5b303b761)] -> xpath: //button[@class='rn_RecommendContentButton p-0']]
[INFO ][04-Sep-2022 20:49:29 PM] Selenium_Wrapper.enterText:(311) - Entering Text :Test Improve, comments, updates in WebElement :[[ChromeDriver: chrome on WINDOWS (4e012264b134a0dd7ab618c5b303b761)] -> id: rn_RequestUpdate_26_Description]
[INFO ][04-Sep-2022 20:49:34 PM] Selenium_Wrapper.click:(199) - Clicking on :[[ChromeDriver: chrome on WINDOWS (4e012264b134a0dd7ab618c5b303b761)] -> xpath: //button[text()='Submit']]
[INFO ][04-Sep-2022 20:49:47 PM] Selenium_Wrapper.click:(199) - Clicking on :[[ChromeDriver: chrome on WINDOWS (4e012264b134a0dd7ab618c5b303b761)] -> xpath: //div[@id='rnDialog2']//button[@type='button']]
[INFO ][04-Sep-2022 20:50:04 PM] Selenium_Wrapper.click:(199) - Clicking on :[[ChromeDriver: chrome on WINDOWS (4e012264b134a0dd7ab618c5b303b761)] -> class name: knowledge]
[INFO ][04-Sep-2022 20:50:11 PM] Selenium_Wrapper.click:(199) - Clicking on :[[ChromeDriver: chrome on WINDOWS (4e012264b134a0dd7ab618c5b303b761)] -> xpath: //div[@class='dropdown']]
[INFO ][04-Sep-2022 20:50:20 PM] Selenium_Wrapper.click:(199) - Clicking on :[[ChromeDriver: chrome on WINDOWS (4e012264b134a0dd7ab618c5b303b761)] -> xpath: //a[text()='My Feedback']]
[INFO ][04-Sep-2022 20:50:21 PM] Selenium_Wrapper.enterText:(311) - Entering Text :Auto Loan in WebElement :[[ChromeDriver: chrome on WINDOWS (4e012264b134a0dd7ab618c5b303b761)] -> xpath: //input[@placeholder='Search Your Feedback Report']]
[INFO ][04-Sep-2022 20:50:35 PM] Selenium_Wrapper.click:(199) - Clicking on :[[ChromeDriver: chrome on WINDOWS (4e012264b134a0dd7ab618c5b303b761)] -> xpath: //div[@class='rn_SearchInput1 mt-3']//span[@class='btn-srch-icon']//i[@class='fa fa-search']]
[ERROR][04-Sep-2022 20:50:43 PM] Selenium_Wrapper.highlightWebElement:(417) - org.openqa.selenium.NoSuchElementException: no such element: Unable to locate element: {"method":"xpath","selector":"//tr[@data-yui3-record='model_11']//td[@headers='Grid_6_c1']/a"}
  (Session info: chrome=105.0.5195.102)
For documentation on this error, please visit: https://www.seleniumhq.org/exceptions/no_such_element.html
Build info: version: '3.141.59', revision: 'e82be7d358', time: '2018-11-14T08:17:03'
System info: host: 'QA-SWAMYK', ip: '192.168.0.4', os.name: 'Windows 10', os.arch: 'amd64', os.version: '10.0', java.version: '11.0.10'
Driver info: org.openqa.selenium.chrome.ChromeDriver
Capabilities {acceptInsecureCerts: false, browserName: chrome, browserVersion: 105.0.5195.102, chrome: {chromedriverVersion: 105.0.5195.52 (412c95e51883..., userDataDir: C:\Users\SWAMYK~1\AppData\L...}, goog:chromeOptions: {debuggerAddress: localhost:61120}, javascriptEnabled: true, networkConnectionEnabled: false, pageLoadStrategy: normal, platform: WINDOWS, platformName: WINDOWS, proxy: Proxy(), setWindowRect: true, strictFileInteractability: false, timeouts: {implicit: 0, pageLoad: 300000, script: 30000}, unhandledPromptBehavior: dismiss and notify, webauthn:extension:credBlob: true, webauthn:extension:largeBlob: true, webauthn:virtualAuthenticators: true}
Session ID: 4e012264b134a0dd7ab618c5b303b761
*** Element info: {Using=xpath, value=//tr[@data-yui3-record='model_11']//td[@headers='Grid_6_c1']/a}
[ERROR][04-Sep-2022 20:50:54 PM] FeedbackAdmin.testMyFeedbackStatus:(116) - My Feedback Article Status in CP Test is un-successfull
[INFO ][04-Sep-2022 20:50:55 PM] Selenium_Wrapper.openBrowser:(48) - Opening chrome browser.
[INFO ][04-Sep-2022 20:51:04 PM] Selenium_Wrapper.enterURL:(82) - Entering url :https://macu1--upgrade.custhelp.com/AgentWeb/
[INFO ][04-Sep-2022 20:51:09 PM] Selenium_Wrapper.enterText:(311) - Entering Text :RNT_pramod in WebElement :[[ChromeDriver: chrome on WINDOWS (35d7fb2126c846db32c7c10be8a6eb4e)] -> id: username]
[INFO ][04-Sep-2022 20:51:10 PM] Selenium_Wrapper.enterText:(311) - Entering Text :Welcome123 in WebElement :[[ChromeDriver: chrome on WINDOWS (35d7fb2126c846db32c7c10be8a6eb4e)] -> id: password]
[INFO ][04-Sep-2022 20:51:30 PM] Selenium_Wrapper.click:(199) - Clicking on :[[ChromeDriver: chrome on WINDOWS (35d7fb2126c846db32c7c10be8a6eb4e)] -> id: loginbutton]
[INFO ][04-Sep-2022 20:51:48 PM] Selenium_Wrapper.click:(199) - Clicking on :[[ChromeDriver: chrome on WINDOWS (35d7fb2126c846db32c7c10be8a6eb4e)] -> id: navigationSetBtn]
[INFO ][04-Sep-2022 20:51:53 PM] Selenium_Wrapper.click:(199) - Clicking on :[[ChromeDriver: chrome on WINDOWS (35d7fb2126c846db32c7c10be8a6eb4e)] -> xpath: (//div[text()='Analytics']//a)]
[INFO ][04-Sep-2022 20:51:58 PM] Selenium_Wrapper.click:(199) - Clicking on :[[ChromeDriver: chrome on WINDOWS (35d7fb2126c846db32c7c10be8a6eb4e)] -> xpath: //span[text()='Reports Explorer']]
[INFO ][04-Sep-2022 20:52:03 PM] Selenium_Wrapper.click:(199) - Clicking on :[[ChromeDriver: chrome on WINDOWS (35d7fb2126c846db32c7c10be8a6eb4e)] -> xpath: //div[text()='Public Reports']]
[INFO ][04-Sep-2022 20:52:09 PM] Selenium_Wrapper.click:(199) - Clicking on :[[ChromeDriver: chrome on WINDOWS (35d7fb2126c846db32c7c10be8a6eb4e)] -> xpath: //div[text()='MACU CUSTOM REPORTS']]
[INFO ][04-Sep-2022 20:52:14 PM] Selenium_Wrapper.click:(199) - Clicking on :[[ChromeDriver: chrome on WINDOWS (35d7fb2126c846db32c7c10be8a6eb4e)] -> xpath: //div[text()='SoftClouds']]
[INFO ][04-Sep-2022 20:52:19 PM] Selenium_Wrapper.click:(199) - Clicking on :[[ChromeDriver: chrome on WINDOWS (35d7fb2126c846db32c7c10be8a6eb4e)] -> xpath: //div[text()='OKCS']]
[INFO ][04-Sep-2022 20:52:35 PM] Selenium_Wrapper.click:(199) - Clicking on :[[ChromeDriver: chrome on WINDOWS (35d7fb2126c846db32c7c10be8a6eb4e)] -> xpath: (//div[@class='select-box-arrow select-box-arrow-cursor'])[3]]
[INFO ][04-Sep-2022 20:52:40 PM] Selenium_Wrapper.click:(199) - Clicking on :[[ChromeDriver: chrome on WINDOWS (35d7fb2126c846db32c7c10be8a6eb4e)] -> xpath: //div[@title='Unresolved']]
[INFO ][04-Sep-2022 20:52:49 PM] Selenium_Wrapper.click:(199) - Clicking on :[[ChromeDriver: chrome on WINDOWS (35d7fb2126c846db32c7c10be8a6eb4e)] -> xpath: (//span[text()='Search'])[3]]
[ERROR][04-Sep-2022 20:52:54 PM] FeedbackAdmin.testSelectingandGivingAsnwerstoReportFlow:(232) - Selecting and Giving Asnwers to Report- un-successfull
