[INFO ][04-Sep-2022 20:42:59 PM] Selenium_Wrapper.openBrowser:(48) - Opening chrome browser.
[INFO ][04-Sep-2022 20:43:05 PM] Selenium_Wrapper.enterURL:(82) - Entering url :https://macu1--upgrade.custhelp.com/
[INFO ][04-Sep-2022 20:43:10 PM] Selenium_Wrapper.enterText:(311) - Entering Text :pramodk in WebElement :[[ChromeDriver: chrome on WINDOWS (37ded440cdac8f2aadc816aa9f70bb1f)] -> id: rn_LoginForm_2_Username]
[INFO ][04-Sep-2022 20:43:11 PM] Selenium_Wrapper.enterText:(311) - Entering Text :Soft@123 in WebElement :[[ChromeDriver: chrome on WINDOWS (37ded440cdac8f2aadc816aa9f70bb1f)] -> id: rn_LoginForm_2_Password]
[INFO ][04-Sep-2022 20:43:18 PM] Selenium_Wrapper.click:(199) - Clicking on :[[ChromeDriver: chrome on WINDOWS (37ded440cdac8f2aadc816aa9f70bb1f)] -> id: rn_LoginForm_2_Submit]
[INFO ][04-Sep-2022 20:43:30 PM] Selenium_Wrapper.click:(199) - Clicking on :[[ChromeDriver: chrome on WINDOWS (37ded440cdac8f2aadc816aa9f70bb1f)] -> xpath: //input[@type='search']]
[INFO ][04-Sep-2022 20:43:31 PM] Selenium_Wrapper.enterText:(311) - Entering Text :Auto Loan in WebElement :[[ChromeDriver: chrome on WINDOWS (37ded440cdac8f2aadc816aa9f70bb1f)] -> xpath: //input[@type='search']]
[INFO ][04-Sep-2022 20:43:48 PM] Selenium_Wrapper.click:(199) - Clicking on :[[ChromeDriver: chrome on WINDOWS (37ded440cdac8f2aadc816aa9f70bb1f)] -> xpath: //ul[@aria-label='Suggested Search']//li[normalize-space()= 'Auto Loan' ]]
[INFO ][04-Sep-2022 20:43:55 PM] Selenium_Wrapper.click:(199) - Clicking on :[[ChromeDriver: chrome on WINDOWS (37ded440cdac8f2aadc816aa9f70bb1f)] -> xpath: //div[@class='rn_SearchResultContent']//a[text()='Auto Loan']]
[INFO ][04-Sep-2022 20:44:18 PM] Selenium_Wrapper.click:(199) - Clicking on :[[ChromeDriver: chrome on WINDOWS (37ded440cdac8f2aadc816aa9f70bb1f)] -> xpath: //button[@class='rn_RecommendContentButton p-0']]
[INFO ][04-Sep-2022 20:44:19 PM] Selenium_Wrapper.enterText:(311) - Entering Text :Test Improve, comments, updates in WebElement :[[ChromeDriver: chrome on WINDOWS (37ded440cdac8f2aadc816aa9f70bb1f)] -> id: rn_RequestUpdate_26_Description]
[INFO ][04-Sep-2022 20:44:24 PM] Selenium_Wrapper.click:(199) - Clicking on :[[ChromeDriver: chrome on WINDOWS (37ded440cdac8f2aadc816aa9f70bb1f)] -> xpath: //button[text()='Submit']]
[INFO ][04-Sep-2022 20:44:37 PM] Selenium_Wrapper.click:(199) - Clicking on :[[ChromeDriver: chrome on WINDOWS (37ded440cdac8f2aadc816aa9f70bb1f)] -> xpath: //div[@id='rnDialog2']//button[@type='button']]
[INFO ][04-Sep-2022 20:44:54 PM] Selenium_Wrapper.click:(199) - Clicking on :[[ChromeDriver: chrome on WINDOWS (37ded440cdac8f2aadc816aa9f70bb1f)] -> class name: knowledge]
[INFO ][04-Sep-2022 20:45:01 PM] Selenium_Wrapper.click:(199) - Clicking on :[[ChromeDriver: chrome on WINDOWS (37ded440cdac8f2aadc816aa9f70bb1f)] -> xpath: //div[@class='dropdown']]
[INFO ][04-Sep-2022 20:45:10 PM] Selenium_Wrapper.click:(199) - Clicking on :[[ChromeDriver: chrome on WINDOWS (37ded440cdac8f2aadc816aa9f70bb1f)] -> xpath: //a[text()='My Feedback']]
[INFO ][04-Sep-2022 20:45:11 PM] Selenium_Wrapper.enterText:(311) - Entering Text :Auto Loan in WebElement :[[ChromeDriver: chrome on WINDOWS (37ded440cdac8f2aadc816aa9f70bb1f)] -> xpath: //input[@placeholder='Search Your Feedback Report']]
[INFO ][04-Sep-2022 20:45:25 PM] Selenium_Wrapper.click:(199) - Clicking on :[[ChromeDriver: chrome on WINDOWS (37ded440cdac8f2aadc816aa9f70bb1f)] -> xpath: //div[@class='rn_SearchInput1 mt-3']//span[@class='btn-srch-icon']//i[@class='fa fa-search']]
[ERROR][04-Sep-2022 20:45:33 PM] Selenium_Wrapper.highlightWebElement:(417) - org.openqa.selenium.NoSuchElementException: no such element: Unable to locate element: {"method":"xpath","selector":"//tr[@data-yui3-record='model_11']//td[@headers='Grid_6_c1']/a"}
  (Session info: chrome=105.0.5195.102)
For documentation on this error, please visit: https://www.seleniumhq.org/exceptions/no_such_element.html
Build info: version: '3.141.59', revision: 'e82be7d358', time: '2018-11-14T08:17:03'
System info: host: 'QA-SWAMYK', ip: '192.168.0.4', os.name: 'Windows 10', os.arch: 'amd64', os.version: '10.0', java.version: '11.0.10'
Driver info: org.openqa.selenium.chrome.ChromeDriver
Capabilities {acceptInsecureCerts: false, browserName: chrome, browserVersion: 105.0.5195.102, chrome: {chromedriverVersion: 105.0.5195.52 (412c95e51883..., userDataDir: C:\Users\SWAMYK~1\AppData\L...}, goog:chromeOptions: {debuggerAddress: localhost:60947}, javascriptEnabled: true, networkConnectionEnabled: false, pageLoadStrategy: normal, platform: WINDOWS, platformName: WINDOWS, proxy: Proxy(), setWindowRect: true, strictFileInteractability: false, timeouts: {implicit: 0, pageLoad: 300000, script: 30000}, unhandledPromptBehavior: dismiss and notify, webauthn:extension:credBlob: true, webauthn:extension:largeBlob: true, webauthn:virtualAuthenticators: true}
Session ID: 37ded440cdac8f2aadc816aa9f70bb1f
*** Element info: {Using=xpath, value=//tr[@data-yui3-record='model_11']//td[@headers='Grid_6_c1']/a}
[ERROR][04-Sep-2022 20:45:37 PM] Selenium_Wrapper.highlightWebElement:(417) - org.openqa.selenium.NoSuchElementException: Cannot locate an element using xpath=//td[normalize-space()='UNRESOLVED']
For documentation on this error, please visit: https://www.seleniumhq.org/exceptions/no_such_element.html
Build info: version: '3.141.59', revision: 'e82be7d358', time: '2018-11-14T08:17:03'
System info: host: 'QA-SWAMYK', ip: '192.168.0.4', os.name: 'Windows 10', os.arch: 'amd64', os.version: '10.0', java.version: '11.0.10'
Driver info: driver.version: RemoteWebDriver
