[INFO ][04-Oct-2023 20:49:20 pm] Selenium_Wrapper.openBrowser:(48) - Opening chrome browser.
[INFO ][04-Oct-2023 20:49:26 pm] Selenium_Wrapper.enterURL:(82) - Entering url :https://macu1--tst1.custhelp.com/AgentWeb/
[INFO ][04-Oct-2023 20:49:30 pm] Selenium_Wrapper.enterText:(311) - Entering Text :automation_testing in WebElement :[[ChromeDriver: chrome on WINDOWS (2db28788ef6d1e4b6fc827ef56985c0c)] -> id: username]
[INFO ][04-Oct-2023 20:49:31 pm] Selenium_Wrapper.enterText:(311) - Entering Text :Welcome123 in WebElement :[[ChromeDriver: chrome on WINDOWS (2db28788ef6d1e4b6fc827ef56985c0c)] -> id: password]
[INFO ][04-Oct-2023 20:50:03 pm] Selenium_Wrapper.click:(199) - Clicking on :[[ChromeDriver: chrome on WINDOWS (2db28788ef6d1e4b6fc827ef56985c0c)] -> id: loginbutton]
[INFO ][04-Oct-2023 20:50:14 pm] Selenium_Wrapper.click:(199) - Clicking on :[[ChromeDriver: chrome on WINDOWS (2db28788ef6d1e4b6fc827ef56985c0c)] -> id: navigationSetBtn]
[INFO ][04-Oct-2023 20:50:22 pm] Selenium_Wrapper.click:(199) - Clicking on :[[ChromeDriver: chrome on WINDOWS (2db28788ef6d1e4b6fc827ef56985c0c)] -> xpath: (//div[text()='Configuration']//a)]
[INFO ][04-Oct-2023 20:50:28 pm] Selenium_Wrapper.click:(199) - Clicking on :[[ChromeDriver: chrome on WINDOWS (2db28788ef6d1e4b6fc827ef56985c0c)] -> xpath: (//div[text()='Service']//a)]
[INFO ][04-Oct-2023 20:50:33 pm] Selenium_Wrapper.click:(199) - Clicking on :[[ChromeDriver: chrome on WINDOWS (2db28788ef6d1e4b6fc827ef56985c0c)] -> xpath: (//div[text()='Knowledge Advanced']//a)]
[INFO ][04-Oct-2023 20:50:38 pm] Selenium_Wrapper.click:(199) - Clicking on :[[ChromeDriver: chrome on WINDOWS (2db28788ef6d1e4b6fc827ef56985c0c)] -> xpath: //span[text()='Authoring']]
[INFO ][04-Oct-2023 20:50:54 pm] Selenium_Wrapper.click:(199) - Clicking on :[[ChromeDriver: chrome on WINDOWS (2db28788ef6d1e4b6fc827ef56985c0c)] -> xpath: //div[@id='rntab']//ul//li[@testidentifier='MainNavBar_Content']//a]
[INFO ][04-Oct-2023 20:51:04 pm] Selenium_Wrapper.click:(199) - Clicking on :[[ChromeDriver: chrome on WINDOWS (2db28788ef6d1e4b6fc827ef56985c0c)] -> xpath: //div[text()='Process']//following-sibling::a[@testidentifier='ContentNavBar_List_Process']]
[INFO ][04-Oct-2023 20:51:12 pm] Selenium_Wrapper.click:(199) - Clicking on :[[ChromeDriver: chrome on WINDOWS (2db28788ef6d1e4b6fc827ef56985c0c)] -> xpath: //select[@testidentifier='ContentSearchResults_DocumentClassPulldown']]
[INFO ][04-Oct-2023 20:51:19 pm] Selenium_Wrapper.click:(199) - Clicking on :[[ChromeDriver: chrome on WINDOWS (2db28788ef6d1e4b6fc827ef56985c0c)] -> xpath: //select[@testidentifier='ContentSearchResults_DocumentClassPulldown']//option[text()='All Documents']]
[INFO ][04-Oct-2023 20:51:31 pm] Selenium_Wrapper.click:(199) - Clicking on :[[ChromeDriver: chrome on WINDOWS (2db28788ef6d1e4b6fc827ef56985c0c)] -> xpath: (//a[text()='TestingArticle'])[1]]
[INFO ][04-Oct-2023 20:51:57 pm] Selenium_Wrapper.click:(199) - Clicking on :[[ChromeDriver: chrome on WINDOWS (2db28788ef6d1e4b6fc827ef56985c0c)] -> xpath: //a[text()='Edit Document']]
[INFO ][04-Oct-2023 20:52:03 pm] Selenium_Wrapper.enterText:(311) - Entering Text :TestingArticle - Edited in WebElement :[[ChromeDriver: chrome on WINDOWS (2db28788ef6d1e4b6fc827ef56985c0c)] -> xpath: //input[@testidentifier='Content_ContentType_Add_SUMMARY']]
[INFO ][04-Oct-2023 20:52:09 pm] Selenium_Wrapper.enterText:(311) - Entering Text :Some Important Updates in WebElement :[[ChromeDriver: chrome on WINDOWS (2db28788ef6d1e4b6fc827ef56985c0c)] -> xpath: //textarea[@class='editfields']]
[INFO ][04-Oct-2023 20:52:26 pm] Selenium_Wrapper.click:(199) - Clicking on :[[ChromeDriver: chrome on WINDOWS (2db28788ef6d1e4b6fc827ef56985c0c)] -> xpath: //a[text()='Save and Continue Editing']]
[INFO ][04-Oct-2023 20:52:32 pm] Selenium_Wrapper.enterText:(311) - Entering Text :Criticals - Edited in WebElement :[[ChromeDriver: chrome on WINDOWS (2db28788ef6d1e4b6fc827ef56985c0c)] -> xpath: //input[@testidentifier='Content_ContentType_Add_KEYWORD']]
[INFO ][04-Oct-2023 20:52:38 pm] Selenium_Wrapper.enterText:(311) - Entering Text :Some Important Updates in WebElement :[[ChromeDriver: chrome on WINDOWS (2db28788ef6d1e4b6fc827ef56985c0c)] -> xpath: //textarea[@class='editfields']]
[INFO ][04-Oct-2023 20:52:46 pm] Selenium_Wrapper.click:(199) - Clicking on :[[ChromeDriver: chrome on WINDOWS (2db28788ef6d1e4b6fc827ef56985c0c)] -> xpath: //a[text()='Save Document']]
[INFO ][04-Oct-2023 20:53:00 pm] Selenium_Wrapper.click:(199) - Clicking on :[[ChromeDriver: chrome on WINDOWS (2db28788ef6d1e4b6fc827ef56985c0c)] -> xpath: //a[text()='Bypass Workflow/Publish']]
[INFO ][04-Oct-2023 20:53:13 pm] Selenium_Wrapper.click:(199) - Clicking on :[[ChromeDriver: chrome on WINDOWS (2db28788ef6d1e4b6fc827ef56985c0c)] -> xpath: (//a[text()='Done'])[1]]
[INFO ][04-Oct-2023 20:53:23 pm] Selenium_Wrapper.click:(199) - Clicking on :[[ChromeDriver: chrome on WINDOWS (2db28788ef6d1e4b6fc827ef56985c0c)] -> xpath: //a[@class='closeButton']]
[INFO ][04-Oct-2023 20:53:32 pm] Selenium_Wrapper.click:(199) - Clicking on :[[ChromeDriver: chrome on WINDOWS (2db28788ef6d1e4b6fc827ef56985c0c)] -> xpath: //body//oj-avatar[@initials='[[userMenuLabel]]']]
[INFO ][04-Oct-2023 20:53:39 pm] Selenium_Wrapper.click:(199) - Clicking on :[[ChromeDriver: chrome on WINDOWS (2db28788ef6d1e4b6fc827ef56985c0c)] -> xpath: //a//span[text()='Sign Out']]
[INFO ][04-Oct-2023 20:53:44 pm] Selenium_Wrapper.closeCurrentBrowser:(651) - Closing the current Browser
[INFO ][04-Oct-2023 20:53:45 pm] Selenium_Wrapper.openBrowser:(48) - Opening chrome browser.
[INFO ][04-Oct-2023 20:53:54 pm] Selenium_Wrapper.enterURL:(82) - Entering url :https://macu1--tst1.custhelp.com/app/home
[INFO ][04-Oct-2023 20:53:58 pm] Selenium_Wrapper.enterText:(311) - Entering Text :swamyk in WebElement :[[ChromeDriver: chrome on WINDOWS (780674b524c51744f86280b280cd4309)] -> id: rn_LoginForm_2_Username]
[INFO ][04-Oct-2023 20:53:59 pm] Selenium_Wrapper.enterText:(311) - Entering Text :Soft@123 in WebElement :[[ChromeDriver: chrome on WINDOWS (780674b524c51744f86280b280cd4309)] -> id: rn_LoginForm_2_Password]
[INFO ][04-Oct-2023 20:54:07 pm] Selenium_Wrapper.click:(199) - Clicking on :[[ChromeDriver: chrome on WINDOWS (780674b524c51744f86280b280cd4309)] -> id: rn_LoginForm_2_Submit]
[INFO ][04-Oct-2023 20:54:37 pm] Selenium_Wrapper.closeCurrentBrowser:(651) - Closing the current Browser
