[INFO ][25-Feb-2023 20:45:37 PM] Selenium_Wrapper.openBrowser:(48) - Opening chrome browser.
[INFO ][25-Feb-2023 20:45:42 PM] Selenium_Wrapper.enterURL:(82) - Entering url :https://macu1--upgrade.custhelp.com/
[INFO ][25-Feb-2023 20:45:47 PM] Selenium_Wrapper.enterText:(311) - Entering Text :automation_testing in WebElement :[[ChromeDriver: chrome on WINDOWS (958228085d33bc9f1f3f2b4b007c5ae9)] -> id: rn_LoginForm_2_Username]
[INFO ][25-Feb-2023 20:45:48 PM] Selenium_Wrapper.enterText:(311) - Entering Text :Soft@123 in WebElement :[[ChromeDriver: chrome on WINDOWS (958228085d33bc9f1f3f2b4b007c5ae9)] -> id: rn_LoginForm_2_Password]
[INFO ][25-Feb-2023 20:45:55 PM] Selenium_Wrapper.click:(199) - Clicking on :[[ChromeDriver: chrome on WINDOWS (958228085d33bc9f1f3f2b4b007c5ae9)] -> id: rn_LoginForm_2_Submit]
[INFO ][25-Feb-2023 20:46:04 PM] Selenium_Wrapper.click:(199) - Clicking on :[[ChromeDriver: chrome on WINDOWS (958228085d33bc9f1f3f2b4b007c5ae9)] -> xpath: //input[@type='search']]
[INFO ][25-Feb-2023 20:46:05 PM] Selenium_Wrapper.enterText:(311) - Entering Text :Business Auto Loan in WebElement :[[ChromeDriver: chrome on WINDOWS (958228085d33bc9f1f3f2b4b007c5ae9)] -> xpath: //input[@type='search']]
[INFO ][25-Feb-2023 20:46:21 PM] Selenium_Wrapper.click:(199) - Clicking on :[[ChromeDriver: chrome on WINDOWS (958228085d33bc9f1f3f2b4b007c5ae9)] -> xpath: //ul[@aria-label='Suggested Search']//li[normalize-space()= 'Business Auto Loan' ]]
[INFO ][25-Feb-2023 20:46:28 PM] Selenium_Wrapper.click:(199) - Clicking on :[[ChromeDriver: chrome on WINDOWS (958228085d33bc9f1f3f2b4b007c5ae9)] -> xpath: //div[@class='rn_SearchResultContent']//a[text()='Business Auto Loan']]
[INFO ][25-Feb-2023 20:46:46 PM] Selenium_Wrapper.click:(199) - Clicking on :[[ChromeDriver: chrome on WINDOWS (958228085d33bc9f1f3f2b4b007c5ae9)] -> xpath: //div[@class='main_image_div']//div[@class='thumbs_up_down'][2]]
[INFO ][25-Feb-2023 20:46:58 PM] Selenium_Wrapper.click:(199) - Clicking on :[[ChromeDriver: chrome on WINDOWS (958228085d33bc9f1f3f2b4b007c5ae9)] -> id: rn_AnswerRating_3_22_FeedbackMessage]
[INFO ][25-Feb-2023 20:46:59 PM] Selenium_Wrapper.enterText:(311) - Entering Text :Flexible Work - ThumbDown Comments in WebElement :[[ChromeDriver: chrome on WINDOWS (958228085d33bc9f1f3f2b4b007c5ae9)] -> id: rn_AnswerRating_3_22_FeedbackMessage]
[INFO ][25-Feb-2023 20:47:05 PM] Selenium_Wrapper.click:(199) - Clicking on :[[ChromeDriver: chrome on WINDOWS (958228085d33bc9f1f3f2b4b007c5ae9)] -> xpath: //button[text()='SUBMIT']]
[INFO ][25-Feb-2023 20:47:10 PM] Selenium_Wrapper.click:(199) - Clicking on :[[ChromeDriver: chrome on WINDOWS (958228085d33bc9f1f3f2b4b007c5ae9)] -> xpath: //button[@class='yui3-button yui3-button-close']]
[INFO ][25-Feb-2023 20:47:20 PM] Selenium_Wrapper.click:(199) - Clicking on :[[ChromeDriver: chrome on WINDOWS (958228085d33bc9f1f3f2b4b007c5ae9)] -> xpath: //div[@class='dropdown']]
[INFO ][25-Feb-2023 20:47:29 PM] Selenium_Wrapper.click:(199) - Clicking on :[[ChromeDriver: chrome on WINDOWS (958228085d33bc9f1f3f2b4b007c5ae9)] -> xpath: //a[text()='My Feedback']]
[INFO ][25-Feb-2023 20:47:56 PM] Selenium_Wrapper.click:(199) - Clicking on :[[ChromeDriver: chrome on WINDOWS (958228085d33bc9f1f3f2b4b007c5ae9)] -> xpath: ((//table//tbody)[2]//a)[1]]
[INFO ][25-Feb-2023 20:48:32 PM] Selenium_Wrapper.click:(199) - Clicking on :[[ChromeDriver: chrome on WINDOWS (958228085d33bc9f1f3f2b4b007c5ae9)] -> class name: knowledge]
[INFO ][25-Feb-2023 20:48:35 PM] Selenium_Wrapper.closeCurrentBrowser:(651) - Closing the current Browser
[INFO ][25-Feb-2023 20:48:36 PM] Selenium_Wrapper.openBrowser:(48) - Opening chrome browser.
[INFO ][25-Feb-2023 20:48:40 PM] Selenium_Wrapper.enterURL:(82) - Entering url :https://macu1--upgrade.custhelp.com/AgentWeb/
[INFO ][25-Feb-2023 20:48:44 PM] Selenium_Wrapper.enterText:(311) - Entering Text :automation_testing in WebElement :[[ChromeDriver: chrome on WINDOWS (e89f8a8b8a3476e26b49ab89e6fbd273)] -> id: username]
[INFO ][25-Feb-2023 20:48:45 PM] Selenium_Wrapper.enterText:(311) - Entering Text :Welcome123 in WebElement :[[ChromeDriver: chrome on WINDOWS (e89f8a8b8a3476e26b49ab89e6fbd273)] -> id: password]
[INFO ][25-Feb-2023 20:49:03 PM] Selenium_Wrapper.click:(199) - Clicking on :[[ChromeDriver: chrome on WINDOWS (e89f8a8b8a3476e26b49ab89e6fbd273)] -> id: loginbutton]
[INFO ][25-Feb-2023 20:49:33 PM] Selenium_Wrapper.click:(199) - Clicking on :[[ChromeDriver: chrome on WINDOWS (e89f8a8b8a3476e26b49ab89e6fbd273)] -> xpath: //oj-button[@id='navigationSetBtn']]
[INFO ][25-Feb-2023 20:49:38 PM] Selenium_Wrapper.click:(199) - Clicking on :[[ChromeDriver: chrome on WINDOWS (e89f8a8b8a3476e26b49ab89e6fbd273)] -> xpath: (//div[text()='Analytics']//a)]
[INFO ][25-Feb-2023 20:49:43 PM] Selenium_Wrapper.click:(199) - Clicking on :[[ChromeDriver: chrome on WINDOWS (e89f8a8b8a3476e26b49ab89e6fbd273)] -> xpath: //span[text()='Reports Explorer']]
[INFO ][25-Feb-2023 20:49:49 PM] Selenium_Wrapper.click:(199) - Clicking on :[[ChromeDriver: chrome on WINDOWS (e89f8a8b8a3476e26b49ab89e6fbd273)] -> xpath: //div[text()='Public Reports']]
[INFO ][25-Feb-2023 20:49:54 PM] Selenium_Wrapper.click:(199) - Clicking on :[[ChromeDriver: chrome on WINDOWS (e89f8a8b8a3476e26b49ab89e6fbd273)] -> xpath: //div[text()='MACU CUSTOM REPORTS']]
[INFO ][25-Feb-2023 20:49:59 PM] Selenium_Wrapper.click:(199) - Clicking on :[[ChromeDriver: chrome on WINDOWS (e89f8a8b8a3476e26b49ab89e6fbd273)] -> xpath: //div[text()='SoftClouds']]
[INFO ][25-Feb-2023 20:50:05 PM] Selenium_Wrapper.click:(199) - Clicking on :[[ChromeDriver: chrome on WINDOWS (e89f8a8b8a3476e26b49ab89e6fbd273)] -> xpath: //div[text()='OKCS']]
[INFO ][25-Feb-2023 20:50:17 PM] Selenium_Wrapper.doubleClick:(280) - Double clicking on :[[ChromeDriver: chrome on WINDOWS (e89f8a8b8a3476e26b49ab89e6fbd273)] -> xpath: //div[@class='explorer-right-panel']//div[@class='explorer-data-grid']//span[text()='Feedback Admin Report']]
[INFO ][25-Feb-2023 20:50:33 PM] Selenium_Wrapper.click:(199) - Clicking on :[[ChromeDriver: chrome on WINDOWS (e89f8a8b8a3476e26b49ab89e6fbd273)] -> xpath: //div[@class='container wsx-flex']//div[@class='analyticsTopSection']//div[@class='select-box-root select-box-display-text-active']]
[INFO ][25-Feb-2023 20:50:39 PM] Selenium_Wrapper.click:(199) - Clicking on :[[ChromeDriver: chrome on WINDOWS (e89f8a8b8a3476e26b49ab89e6fbd273)] -> xpath: //input[@aria-label='From']]
[INFO ][25-Feb-2023 20:50:39 PM] Selenium_Wrapper.clearTextBox:(295) - Cleared TextBox Field: [[ChromeDriver: chrome on WINDOWS (e89f8a8b8a3476e26b49ab89e6fbd273)] -> xpath: //input[@aria-label='From']]
[INFO ][25-Feb-2023 20:50:41 PM] Selenium_Wrapper.enterText:(311) - Entering Text :09/10/2021 in WebElement :[[ChromeDriver: chrome on WINDOWS (e89f8a8b8a3476e26b49ab89e6fbd273)] -> xpath: //input[@aria-label='From']]
[INFO ][25-Feb-2023 20:50:46 PM] Selenium_Wrapper.click:(199) - Clicking on :[[ChromeDriver: chrome on WINDOWS (e89f8a8b8a3476e26b49ab89e6fbd273)] -> xpath: //span[@id='_oj40|text']//span[text()='Search']]
[INFO ][25-Feb-2023 20:50:55 PM] Selenium_Wrapper.doubleClick:(280) - Double clicking on :[[ChromeDriver: chrome on WINDOWS (e89f8a8b8a3476e26b49ab89e6fbd273)] -> xpath: //div[@class='container wsx-flex']//div[contains(@column-id,'2')][1]]
[INFO ][25-Feb-2023 20:51:09 PM] Selenium_Wrapper.click:(199) - Clicking on :[[ChromeDriver: chrome on WINDOWS (e89f8a8b8a3476e26b49ab89e6fbd273)] -> xpath: //span[text()='Messages']]
[INFO ][25-Feb-2023 20:51:14 PM] Selenium_Wrapper.click:(199) - Clicking on :[[ChromeDriver: chrome on WINDOWS (e89f8a8b8a3476e26b49ab89e6fbd273)] -> xpath: //div[contains(@class,'cke_wysiwyg_div ')]]
[INFO ][25-Feb-2023 20:51:16 PM] Selenium_Wrapper.enterText:(311) - Entering Text :It is working as per Expected in WebElement :[[ChromeDriver: chrome on WINDOWS (e89f8a8b8a3476e26b49ab89e6fbd273)] -> xpath: //div[contains(@class,'cke_wysiwyg_div ')]]
[INFO ][25-Feb-2023 20:51:21 PM] Selenium_Wrapper.click:(199) - Clicking on :[[ChromeDriver: chrome on WINDOWS (e89f8a8b8a3476e26b49ab89e6fbd273)] -> xpath: //div[@class='ws-toolbar-button-image bui-icon save-icon fa-lg']]
[INFO ][25-Feb-2023 20:51:27 PM] Selenium_Wrapper.click:(199) - Clicking on :[[ChromeDriver: chrome on WINDOWS (e89f8a8b8a3476e26b49ab89e6fbd273)] -> xpath: //span[text()='Summary']]
[INFO ][25-Feb-2023 20:51:34 PM] Selenium_Wrapper.clickUsingActions:(249) - Clicking on :[[ChromeDriver: chrome on WINDOWS (e89f8a8b8a3476e26b49ab89e6fbd273)] -> xpath: //div[contains(@id,'Incident_Status')][@class='display-text']]
[INFO ][25-Feb-2023 20:51:41 PM] Selenium_Wrapper.click:(199) - Clicking on :[[ChromeDriver: chrome on WINDOWS (e89f8a8b8a3476e26b49ab89e6fbd273)] -> xpath: (//div[@title='Solved'])[1]]
[INFO ][25-Feb-2023 20:51:48 PM] Selenium_Wrapper.click:(199) - Clicking on :[[ChromeDriver: chrome on WINDOWS (e89f8a8b8a3476e26b49ab89e6fbd273)] -> xpath: //div[@class='ws-toolbar-button-image bui-icon save-icon fa-lg']]
[INFO ][25-Feb-2023 20:51:58 PM] Selenium_Wrapper.click:(199) - Clicking on :[[ChromeDriver: chrome on WINDOWS (e89f8a8b8a3476e26b49ab89e6fbd273)] -> xpath: (//a[@class='closeButton'])[3]]
[INFO ][25-Feb-2023 20:52:05 PM] Selenium_Wrapper.click:(199) - Clicking on :[[ChromeDriver: chrome on WINDOWS (e89f8a8b8a3476e26b49ab89e6fbd273)] -> xpath: (//a[@class='closeButton'])[2]]
[INFO ][25-Feb-2023 20:52:12 PM] Selenium_Wrapper.click:(199) - Clicking on :[[ChromeDriver: chrome on WINDOWS (e89f8a8b8a3476e26b49ab89e6fbd273)] -> xpath: (//a[@class='closeButton'])[1]]
[INFO ][25-Feb-2023 20:52:22 PM] Selenium_Wrapper.click:(199) - Clicking on :[[ChromeDriver: chrome on WINDOWS (e89f8a8b8a3476e26b49ab89e6fbd273)] -> xpath: //body//oj-avatar[@initials='[[userMenuLabel]]']]
[INFO ][25-Feb-2023 20:52:30 PM] Selenium_Wrapper.click:(199) - Clicking on :[[ChromeDriver: chrome on WINDOWS (e89f8a8b8a3476e26b49ab89e6fbd273)] -> xpath: //a//span[text()='Sign Out']]
[INFO ][25-Feb-2023 20:52:35 PM] Selenium_Wrapper.closeCurrentBrowser:(651) - Closing the current Browser
