[INFO ][24-Feb-2023 20:46:40 PM] Selenium_Wrapper.openBrowser:(48) - Opening chrome browser.
[INFO ][24-Feb-2023 20:46:47 PM] Selenium_Wrapper.enterURL:(82) - Entering url :https://macu1--upgrade.custhelp.com/
[INFO ][24-Feb-2023 20:46:52 PM] Selenium_Wrapper.enterText:(311) - Entering Text :automation_testing in WebElement :[[ChromeDriver: chrome on WINDOWS (74f419937f8aeed22ee16f4045bc22d8)] -> id: rn_LoginForm_2_Username]
[INFO ][24-Feb-2023 20:46:53 PM] Selenium_Wrapper.enterText:(311) - Entering Text :Soft@123 in WebElement :[[ChromeDriver: chrome on WINDOWS (74f419937f8aeed22ee16f4045bc22d8)] -> id: rn_LoginForm_2_Password]
[INFO ][24-Feb-2023 20:47:00 PM] Selenium_Wrapper.click:(199) - Clicking on :[[ChromeDriver: chrome on WINDOWS (74f419937f8aeed22ee16f4045bc22d8)] -> id: rn_LoginForm_2_Submit]
[INFO ][24-Feb-2023 20:47:11 PM] Selenium_Wrapper.click:(199) - Clicking on :[[ChromeDriver: chrome on WINDOWS (74f419937f8aeed22ee16f4045bc22d8)] -> xpath: //input[@type='search']]
[INFO ][24-Feb-2023 20:47:12 PM] Selenium_Wrapper.enterText:(311) - Entering Text :Business Auto Loan in WebElement :[[ChromeDriver: chrome on WINDOWS (74f419937f8aeed22ee16f4045bc22d8)] -> xpath: //input[@type='search']]
[INFO ][24-Feb-2023 20:47:27 PM] Selenium_Wrapper.click:(199) - Clicking on :[[ChromeDriver: chrome on WINDOWS (74f419937f8aeed22ee16f4045bc22d8)] -> xpath: //ul[@aria-label='Suggested Search']//li[normalize-space()= 'Business Auto Loan' ]]
[INFO ][24-Feb-2023 20:47:34 PM] Selenium_Wrapper.click:(199) - Clicking on :[[ChromeDriver: chrome on WINDOWS (74f419937f8aeed22ee16f4045bc22d8)] -> xpath: //div[@class='rn_SearchResultContent']//a[text()='Business Auto Loan']]
[INFO ][24-Feb-2023 20:47:53 PM] Selenium_Wrapper.click:(199) - Clicking on :[[ChromeDriver: chrome on WINDOWS (74f419937f8aeed22ee16f4045bc22d8)] -> xpath: //div[@class='main_image_div']//div[@class='thumbs_up_down'][2]]
[INFO ][24-Feb-2023 20:48:04 PM] Selenium_Wrapper.click:(199) - Clicking on :[[ChromeDriver: chrome on WINDOWS (74f419937f8aeed22ee16f4045bc22d8)] -> id: rn_AnswerRating_3_22_FeedbackMessage]
[INFO ][24-Feb-2023 20:48:05 PM] Selenium_Wrapper.enterText:(311) - Entering Text :Flexible Work - ThumbDown Comments in WebElement :[[ChromeDriver: chrome on WINDOWS (74f419937f8aeed22ee16f4045bc22d8)] -> id: rn_AnswerRating_3_22_FeedbackMessage]
[INFO ][24-Feb-2023 20:48:10 PM] Selenium_Wrapper.click:(199) - Clicking on :[[ChromeDriver: chrome on WINDOWS (74f419937f8aeed22ee16f4045bc22d8)] -> xpath: //button[text()='SUBMIT']]
[INFO ][24-Feb-2023 20:48:16 PM] Selenium_Wrapper.click:(199) - Clicking on :[[ChromeDriver: chrome on WINDOWS (74f419937f8aeed22ee16f4045bc22d8)] -> xpath: //button[@class='yui3-button yui3-button-close']]
[INFO ][24-Feb-2023 20:48:23 PM] Selenium_Wrapper.click:(199) - Clicking on :[[ChromeDriver: chrome on WINDOWS (74f419937f8aeed22ee16f4045bc22d8)] -> xpath: //div[@class='dropdown']]
[INFO ][24-Feb-2023 20:48:33 PM] Selenium_Wrapper.click:(199) - Clicking on :[[ChromeDriver: chrome on WINDOWS (74f419937f8aeed22ee16f4045bc22d8)] -> xpath: //a[text()='My Feedback']]
[INFO ][24-Feb-2023 20:49:00 PM] Selenium_Wrapper.click:(199) - Clicking on :[[ChromeDriver: chrome on WINDOWS (74f419937f8aeed22ee16f4045bc22d8)] -> xpath: ((//table//tbody)[2]//a)[1]]
[INFO ][24-Feb-2023 20:49:35 PM] Selenium_Wrapper.click:(199) - Clicking on :[[ChromeDriver: chrome on WINDOWS (74f419937f8aeed22ee16f4045bc22d8)] -> class name: knowledge]
[INFO ][24-Feb-2023 20:49:37 PM] Selenium_Wrapper.closeCurrentBrowser:(651) - Closing the current Browser
[INFO ][24-Feb-2023 20:49:39 PM] Selenium_Wrapper.openBrowser:(48) - Opening chrome browser.
[INFO ][24-Feb-2023 20:49:47 PM] Selenium_Wrapper.enterURL:(82) - Entering url :https://macu1--upgrade.custhelp.com/AgentWeb/
[INFO ][24-Feb-2023 20:49:52 PM] Selenium_Wrapper.enterText:(311) - Entering Text :automation_testing in WebElement :[[ChromeDriver: chrome on WINDOWS (fdae7bc6544d06ca0045fd82518dfc3f)] -> id: username]
[INFO ][24-Feb-2023 20:49:53 PM] Selenium_Wrapper.enterText:(311) - Entering Text :Welcome123 in WebElement :[[ChromeDriver: chrome on WINDOWS (fdae7bc6544d06ca0045fd82518dfc3f)] -> id: password]
[INFO ][24-Feb-2023 20:50:20 PM] Selenium_Wrapper.click:(199) - Clicking on :[[ChromeDriver: chrome on WINDOWS (fdae7bc6544d06ca0045fd82518dfc3f)] -> id: loginbutton]
[INFO ][24-Feb-2023 20:50:40 PM] Selenium_Wrapper.click:(199) - Clicking on :[[ChromeDriver: chrome on WINDOWS (fdae7bc6544d06ca0045fd82518dfc3f)] -> id: navigationSetBtn]
[INFO ][24-Feb-2023 20:50:47 PM] Selenium_Wrapper.click:(199) - Clicking on :[[ChromeDriver: chrome on WINDOWS (fdae7bc6544d06ca0045fd82518dfc3f)] -> xpath: (//div[text()='Analytics']//a)]
[INFO ][24-Feb-2023 20:50:52 PM] Selenium_Wrapper.click:(199) - Clicking on :[[ChromeDriver: chrome on WINDOWS (fdae7bc6544d06ca0045fd82518dfc3f)] -> xpath: //span[text()='Reports Explorer']]
[INFO ][24-Feb-2023 20:50:58 PM] Selenium_Wrapper.click:(199) - Clicking on :[[ChromeDriver: chrome on WINDOWS (fdae7bc6544d06ca0045fd82518dfc3f)] -> xpath: //div[text()='Public Reports']]
[INFO ][24-Feb-2023 20:51:03 PM] Selenium_Wrapper.click:(199) - Clicking on :[[ChromeDriver: chrome on WINDOWS (fdae7bc6544d06ca0045fd82518dfc3f)] -> xpath: //div[text()='MACU CUSTOM REPORTS']]
[INFO ][24-Feb-2023 20:51:09 PM] Selenium_Wrapper.click:(199) - Clicking on :[[ChromeDriver: chrome on WINDOWS (fdae7bc6544d06ca0045fd82518dfc3f)] -> xpath: //div[text()='SoftClouds']]
[INFO ][24-Feb-2023 20:51:14 PM] Selenium_Wrapper.click:(199) - Clicking on :[[ChromeDriver: chrome on WINDOWS (fdae7bc6544d06ca0045fd82518dfc3f)] -> xpath: //div[text()='OKCS']]
[ERROR][24-Feb-2023 20:51:25 PM] AnswerVotingFeedbackReport.testSelectingandGivingAnswerstoReportFlow:(238) - Selecting and Giving Asnwers to Report  un-successfull
[INFO ][24-Feb-2023 20:51:34 PM] Selenium_Wrapper.click:(199) - Clicking on :[[ChromeDriver: chrome on WINDOWS (fdae7bc6544d06ca0045fd82518dfc3f)] -> xpath: //body//oj-avatar[@initials='[[userMenuLabel]]']]
[ERROR][24-Feb-2023 20:53:21 PM] Selenium_Wrapper.getWebElement:(124) - org.openqa.selenium.TimeoutException: Expected condition failed: waiting for visibility of [[ChromeDriver: chrome on WINDOWS (fdae7bc6544d06ca0045fd82518dfc3f)] -> xpath: //a//span[text()='Sign Out']] (tried for 100 second(s) with 500 milliseconds interval)
Build info: version: '3.141.59', revision: 'e82be7d358', time: '2018-11-14T08:17:03'
System info: host: 'QA-SWAMYK', ip: '192.168.0.3', os.name: 'Windows 10', os.arch: 'amd64', os.version: '10.0', java.version: '11.0.10'
Driver info: org.openqa.selenium.chrome.ChromeDriver
Capabilities {acceptInsecureCerts: false, browserName: chrome, browserVersion: 110.0.5481.177, chrome: {chromedriverVersion: 110.0.5481.77 (65ed616c6e8e..., userDataDir: C:\Users\SWAMYK~1\AppData\L...}, goog:chromeOptions: {debuggerAddress: localhost:57956}, javascriptEnabled: true, networkConnectionEnabled: false, pageLoadStrategy: normal, platform: WINDOWS, platformName: WINDOWS, proxy: Proxy(), setWindowRect: true, strictFileInteractability: false, timeouts: {implicit: 0, pageLoad: 300000, script: 30000}, unhandledPromptBehavior: dismiss and notify, webauthn:extension:credBlob: true, webauthn:extension:largeBlob: true, webauthn:virtualAuthenticators: true}
Session ID: fdae7bc6544d06ca0045fd82518dfc3f
[ERROR][24-Feb-2023 20:53:21 PM] AnswerVotingFeedbackReport.testSignout:(253) - Logout/SignOut un-successfull
