[INFO ][04-Oct-2023 20:59:32 pm] Selenium_Wrapper.openBrowser:(48) - Opening chrome browser.
[INFO ][04-Oct-2023 20:59:40 pm] Selenium_Wrapper.enterURL:(82) - Entering url :https://macu1--tst1.custhelp.com/app/home
[INFO ][04-Oct-2023 20:59:45 pm] Selenium_Wrapper.enterText:(311) - Entering Text :swamyk in WebElement :[[ChromeDriver: chrome on WINDOWS (2f7a751f0166b413cd693d9a7c456f45)] -> id: rn_LoginForm_2_Username]
[INFO ][04-Oct-2023 20:59:46 pm] Selenium_Wrapper.enterText:(311) - Entering Text :Soft@123 in WebElement :[[ChromeDriver: chrome on WINDOWS (2f7a751f0166b413cd693d9a7c456f45)] -> id: rn_LoginForm_2_Password]
[INFO ][04-Oct-2023 20:59:53 pm] Selenium_Wrapper.click:(199) - Clicking on :[[ChromeDriver: chrome on WINDOWS (2f7a751f0166b413cd693d9a7c456f45)] -> id: rn_LoginForm_2_Submit]
[INFO ][04-Oct-2023 21:00:04 pm] Selenium_Wrapper.click:(199) - Clicking on :[[ChromeDriver: chrome on WINDOWS (2f7a751f0166b413cd693d9a7c456f45)] -> xpath: //div[@class='dropdown']]
[ERROR][04-Oct-2023 21:00:09 pm] Selenium_Wrapper.highlightWebElement:(417) - org.openqa.selenium.NoSuchElementException: no such element: Unable to locate element: {"method":"xpath","selector":"//label[text()='My Top Bookmarks']"}
  (Session info: chrome=117.0.5938.150)
For documentation on this error, please visit: https://www.seleniumhq.org/exceptions/no_such_element.html
Build info: version: '3.141.59', revision: 'e82be7d358', time: '2018-11-14T08:17:03'
System info: host: 'CAF-QA-SWAMYK', ip: '192.168.0.6', os.name: 'Windows 10', os.arch: 'amd64', os.version: '10.0', java.version: '17.0.5'
Driver info: org.openqa.selenium.chrome.ChromeDriver
Capabilities {acceptInsecureCerts: false, browserName: chrome, browserVersion: 117.0.5938.150, chrome: {chromedriverVersion: 117.0.5938.92 (67649b10b92b..., userDataDir: C:\Users\swamyk\AppData\Loc...}, fedcm:accounts: true, goog:chromeOptions: {debuggerAddress: localhost:55256}, javascriptEnabled: true, networkConnectionEnabled: false, pageLoadStrategy: normal, platform: WINDOWS, platformName: WINDOWS, proxy: Proxy(), setWindowRect: true, strictFileInteractability: false, timeouts: {implicit: 0, pageLoad: 300000, script: 30000}, unhandledPromptBehavior: dismiss and notify, webauthn:extension:credBlob: true, webauthn:extension:largeBlob: true, webauthn:extension:minPinLength: true, webauthn:extension:prf: true, webauthn:virtualAuthenticators: true}
Session ID: 2f7a751f0166b413cd693d9a7c456f45
*** Element info: {Using=xpath, value=//label[text()='My Top Bookmarks']}
[INFO ][04-Oct-2023 21:00:21 pm] Selenium_Wrapper.click:(199) - Clicking on :[[ChromeDriver: chrome on WINDOWS (2f7a751f0166b413cd693d9a7c456f45)] -> xpath: (//div[@class='dropdown-content']//a)[1]]
[INFO ][04-Oct-2023 21:00:49 pm] Selenium_Wrapper.click:(199) - Clicking on :[[ChromeDriver: chrome on WINDOWS (2f7a751f0166b413cd693d9a7c456f45)] -> xpath: //input[@type='search']]
[INFO ][04-Oct-2023 21:00:50 pm] Selenium_Wrapper.enterText:(311) - Entering Text :Business Auto Loan - ALPS 1.0 in WebElement :[[ChromeDriver: chrome on WINDOWS (2f7a751f0166b413cd693d9a7c456f45)] -> xpath: //input[@type='search']]
[INFO ][04-Oct-2023 21:01:08 pm] Selenium_Wrapper.click:(199) - Clicking on :[[ChromeDriver: chrome on WINDOWS (2f7a751f0166b413cd693d9a7c456f45)] -> xpath: (//div[@class='yui3-aclist-content']//li//li)[1]]
[INFO ][04-Oct-2023 21:01:15 pm] Selenium_Wrapper.click:(199) - Clicking on :[[ChromeDriver: chrome on WINDOWS (2f7a751f0166b413cd693d9a7c456f45)] -> xpath: (//div[@class='rn_SearchResultContent']//a)[1]]
[INFO ][04-Oct-2023 21:01:34 pm] Selenium_Wrapper.click:(199) - Clicking on :[[ChromeDriver: chrome on WINDOWS (2f7a751f0166b413cd693d9a7c456f45)] -> class name: knowledge]
[INFO ][04-Oct-2023 21:01:48 pm] Selenium_Wrapper.click:(199) - Clicking on :[[ChromeDriver: chrome on WINDOWS (2f7a751f0166b413cd693d9a7c456f45)] -> xpath: //div[@class='dropdown']]
[INFO ][04-Oct-2023 21:02:00 pm] Selenium_Wrapper.click:(199) - Clicking on :[[ChromeDriver: chrome on WINDOWS (2f7a751f0166b413cd693d9a7c456f45)] -> xpath: //a[text()='SEE MORE']]
[INFO ][04-Oct-2023 21:02:19 pm] Selenium_Wrapper.click:(199) - Clicking on :[[ChromeDriver: chrome on WINDOWS (2f7a751f0166b413cd693d9a7c456f45)] -> class name: knowledge]
[INFO ][04-Oct-2023 21:02:28 pm] Selenium_Wrapper.click:(199) - Clicking on :[[ChromeDriver: chrome on WINDOWS (2f7a751f0166b413cd693d9a7c456f45)] -> xpath: //div[@class='dropdown']]
[INFO ][04-Oct-2023 21:02:43 pm] Selenium_Wrapper.click:(199) - Clicking on :[[ChromeDriver: chrome on WINDOWS (2f7a751f0166b413cd693d9a7c456f45)] -> xpath: //div[@class='dropdown-content']//a[normalize-space()='My Bookmarks']]
[INFO ][04-Oct-2023 21:03:00 pm] Selenium_Wrapper.click:(199) - Clicking on :[[ChromeDriver: chrome on WINDOWS (2f7a751f0166b413cd693d9a7c456f45)] -> xpath: //select[@class='BookmarkFilter']]
[INFO ][04-Oct-2023 21:03:11 pm] Selenium_Wrapper.click:(199) - Clicking on :[[ChromeDriver: chrome on WINDOWS (2f7a751f0166b413cd693d9a7c456f45)] -> xpath: //select[@class='BookmarkFilter']//option[text()='Alphabetical A-Z']]
[INFO ][04-Oct-2023 21:03:29 pm] Selenium_Wrapper.click:(199) - Clicking on :[[ChromeDriver: chrome on WINDOWS (2f7a751f0166b413cd693d9a7c456f45)] -> class name: knowledge]
[INFO ][04-Oct-2023 21:03:36 pm] Selenium_Wrapper.click:(199) - Clicking on :[[ChromeDriver: chrome on WINDOWS (2f7a751f0166b413cd693d9a7c456f45)] -> xpath: //div[@class='dropdown']]
[INFO ][04-Oct-2023 21:03:46 pm] Selenium_Wrapper.click:(199) - Clicking on :[[ChromeDriver: chrome on WINDOWS (2f7a751f0166b413cd693d9a7c456f45)] -> xpath: //div[@class='dropdown-content']//a[normalize-space()='My Notifications']]
[INFO ][04-Oct-2023 21:03:55 pm] Selenium_Wrapper.click:(199) - Clicking on :[[ChromeDriver: chrome on WINDOWS (2f7a751f0166b413cd693d9a7c456f45)] -> xpath: //a[text()='browse all PAGES']]
[INFO ][04-Oct-2023 21:04:14 pm] Selenium_Wrapper.click:(199) - Clicking on :[[ChromeDriver: chrome on WINDOWS (2f7a751f0166b413cd693d9a7c456f45)] -> xpath: //a[text()='VIEW A-Z INDEX']]
[INFO ][04-Oct-2023 21:04:30 pm] Selenium_Wrapper.click:(199) - Clicking on :[[ChromeDriver: chrome on WINDOWS (2f7a751f0166b413cd693d9a7c456f45)] -> class name: knowledge]
[INFO ][04-Oct-2023 21:04:33 pm] Selenium_Wrapper.closeCurrentBrowser:(651) - Closing the current Browser
