[INFO ][05-Sep-2022 08:53:29 AM] Selenium_Wrapper.openBrowser:(48) - Opening chrome browser.
[INFO ][05-Sep-2022 08:53:34 AM] Selenium_Wrapper.enterURL:(82) - Entering url :https://macu1--upgrade.custhelp.com/AgentWeb/
[INFO ][05-Sep-2022 08:53:38 AM] Selenium_Wrapper.enterText:(311) - Entering Text :RNT_pramod in WebElement :[[ChromeDriver: chrome on WINDOWS (89136928a506eedf53f118f252827602)] -> id: username]
[INFO ][05-Sep-2022 08:53:39 AM] Selenium_Wrapper.enterText:(311) - Entering Text :Welcome123 in WebElement :[[ChromeDriver: chrome on WINDOWS (89136928a506eedf53f118f252827602)] -> id: password]
[INFO ][05-Sep-2022 08:54:16 AM] Selenium_Wrapper.click:(199) - Clicking on :[[ChromeDriver: chrome on WINDOWS (89136928a506eedf53f118f252827602)] -> id: loginbutton]
[INFO ][05-Sep-2022 08:54:27 AM] Selenium_Wrapper.click:(199) - Clicking on :[[ChromeDriver: chrome on WINDOWS (89136928a506eedf53f118f252827602)] -> id: navigationSetBtn]
[INFO ][05-Sep-2022 08:54:35 AM] Selenium_Wrapper.click:(199) - Clicking on :[[ChromeDriver: chrome on WINDOWS (89136928a506eedf53f118f252827602)] -> xpath: (//div[text()='Configuration']//a)]
[INFO ][05-Sep-2022 08:54:40 AM] Selenium_Wrapper.click:(199) - Clicking on :[[ChromeDriver: chrome on WINDOWS (89136928a506eedf53f118f252827602)] -> xpath: (//div[text()='Service']//a)]
[INFO ][05-Sep-2022 08:54:46 AM] Selenium_Wrapper.click:(199) - Clicking on :[[ChromeDriver: chrome on WINDOWS (89136928a506eedf53f118f252827602)] -> xpath: (//div[text()='Knowledge Advanced']//a)]
[INFO ][05-Sep-2022 08:54:51 AM] Selenium_Wrapper.click:(199) - Clicking on :[[ChromeDriver: chrome on WINDOWS (89136928a506eedf53f118f252827602)] -> xpath: //span[text()='Authoring']]
[INFO ][05-Sep-2022 08:55:07 AM] Selenium_Wrapper.click:(199) - Clicking on :[[ChromeDriver: chrome on WINDOWS (89136928a506eedf53f118f252827602)] -> xpath: //div[@id='rntab']//ul//li[@testidentifier='MainNavBar_Content']//a]
[INFO ][05-Sep-2022 08:55:15 AM] Selenium_Wrapper.click:(199) - Clicking on :[[ChromeDriver: chrome on WINDOWS (89136928a506eedf53f118f252827602)] -> xpath: //div[text()='Process']//following-sibling::a[@testidentifier='ContentNavBar_List_Process']]
[INFO ][05-Sep-2022 08:55:23 AM] Selenium_Wrapper.click:(199) - Clicking on :[[ChromeDriver: chrome on WINDOWS (89136928a506eedf53f118f252827602)] -> xpath: //select[@testidentifier='ContentSearchResults_DocumentClassPulldown']]
[INFO ][05-Sep-2022 08:55:29 AM] Selenium_Wrapper.click:(199) - Clicking on :[[ChromeDriver: chrome on WINDOWS (89136928a506eedf53f118f252827602)] -> xpath: //select[@testidentifier='ContentSearchResults_DocumentClassPulldown']//option[text()='All Documents']]
[INFO ][05-Sep-2022 08:55:39 AM] Selenium_Wrapper.click:(199) - Clicking on :[[ChromeDriver: chrome on WINDOWS (89136928a506eedf53f118f252827602)] -> xpath: (//a[text()='TestingArticle'])[1]]
[INFO ][05-Sep-2022 08:56:04 AM] Selenium_Wrapper.click:(199) - Clicking on :[[ChromeDriver: chrome on WINDOWS (89136928a506eedf53f118f252827602)] -> xpath: //a[text()='Edit Document']]
[INFO ][05-Sep-2022 08:56:10 AM] Selenium_Wrapper.enterText:(311) - Entering Text :TestingArticle - Edited in WebElement :[[ChromeDriver: chrome on WINDOWS (89136928a506eedf53f118f252827602)] -> xpath: //input[@testidentifier='Content_ContentType_Add_SUMMARY']]
[INFO ][05-Sep-2022 08:56:15 AM] Selenium_Wrapper.enterText:(311) - Entering Text :Some Important Updates in WebElement :[[ChromeDriver: chrome on WINDOWS (89136928a506eedf53f118f252827602)] -> xpath: //textarea[@class='editfields']]
[INFO ][05-Sep-2022 08:56:29 AM] Selenium_Wrapper.click:(199) - Clicking on :[[ChromeDriver: chrome on WINDOWS (89136928a506eedf53f118f252827602)] -> xpath: //a[text()='Save and Continue Editing']]
[INFO ][05-Sep-2022 08:56:35 AM] Selenium_Wrapper.enterText:(311) - Entering Text :Criticals - Edited in WebElement :[[ChromeDriver: chrome on WINDOWS (89136928a506eedf53f118f252827602)] -> xpath: //input[@testidentifier='Content_ContentType_Add_KEYWORD']]
[INFO ][05-Sep-2022 08:56:41 AM] Selenium_Wrapper.enterText:(311) - Entering Text :Some Important Updates in WebElement :[[ChromeDriver: chrome on WINDOWS (89136928a506eedf53f118f252827602)] -> xpath: //textarea[@class='editfields']]
[INFO ][05-Sep-2022 08:56:49 AM] Selenium_Wrapper.click:(199) - Clicking on :[[ChromeDriver: chrome on WINDOWS (89136928a506eedf53f118f252827602)] -> xpath: //a[text()='Save Document']]
[INFO ][05-Sep-2022 08:57:02 AM] Selenium_Wrapper.click:(199) - Clicking on :[[ChromeDriver: chrome on WINDOWS (89136928a506eedf53f118f252827602)] -> xpath: //a[text()='Bypass Workflow/Publish']]
[INFO ][05-Sep-2022 08:57:13 AM] Selenium_Wrapper.click:(199) - Clicking on :[[ChromeDriver: chrome on WINDOWS (89136928a506eedf53f118f252827602)] -> xpath: (//a[text()='Done'])[1]]
[INFO ][05-Sep-2022 08:57:23 AM] Selenium_Wrapper.click:(199) - Clicking on :[[ChromeDriver: chrome on WINDOWS (89136928a506eedf53f118f252827602)] -> xpath: //a[@class='closeButton']]
[INFO ][05-Sep-2022 08:57:31 AM] Selenium_Wrapper.click:(199) - Clicking on :[[ChromeDriver: chrome on WINDOWS (89136928a506eedf53f118f252827602)] -> xpath: //body//oj-avatar[@initials='[[userMenuLabel]]']]
[INFO ][05-Sep-2022 08:57:38 AM] Selenium_Wrapper.click:(199) - Clicking on :[[ChromeDriver: chrome on WINDOWS (89136928a506eedf53f118f252827602)] -> xpath: //a//span[text()='Sign Out']]
[INFO ][05-Sep-2022 08:57:44 AM] Selenium_Wrapper.closeCurrentBrowser:(651) - Closing the current Browser
[INFO ][05-Sep-2022 08:57:45 AM] Selenium_Wrapper.openBrowser:(48) - Opening chrome browser.
[INFO ][05-Sep-2022 08:57:54 AM] Selenium_Wrapper.enterURL:(82) - Entering url :https://macu1--upgrade.custhelp.com/
[INFO ][05-Sep-2022 08:57:58 AM] Selenium_Wrapper.enterText:(311) - Entering Text :pramodk in WebElement :[[ChromeDriver: chrome on WINDOWS (e040496934021051666ff0b8362dda81)] -> id: rn_LoginForm_2_Username]
[INFO ][05-Sep-2022 08:57:59 AM] Selenium_Wrapper.enterText:(311) - Entering Text :Soft@123 in WebElement :[[ChromeDriver: chrome on WINDOWS (e040496934021051666ff0b8362dda81)] -> id: rn_LoginForm_2_Password]
[INFO ][05-Sep-2022 08:58:07 AM] Selenium_Wrapper.click:(199) - Clicking on :[[ChromeDriver: chrome on WINDOWS (e040496934021051666ff0b8362dda81)] -> id: rn_LoginForm_2_Submit]
[INFO ][05-Sep-2022 08:58:39 AM] Selenium_Wrapper.closeCurrentBrowser:(651) - Closing the current Browser
