[INFO ][25-Feb-2023 21:00:26 PM] Selenium_Wrapper.openBrowser:(48) - Opening chrome browser.
[INFO ][25-Feb-2023 21:00:36 PM] Selenium_Wrapper.enterURL:(82) - Entering url :https://macu1--upgrade.custhelp.com/
[INFO ][25-Feb-2023 21:00:40 PM] Selenium_Wrapper.enterText:(311) - Entering Text :automation_testing in WebElement :[[ChromeDriver: chrome on WINDOWS (b77ce963c17936c6d22f5e86e4537ab7)] -> id: rn_LoginForm_2_Username]
[INFO ][25-Feb-2023 21:00:41 PM] Selenium_Wrapper.enterText:(311) - Entering Text :Soft@123 in WebElement :[[ChromeDriver: chrome on WINDOWS (b77ce963c17936c6d22f5e86e4537ab7)] -> id: rn_LoginForm_2_Password]
[INFO ][25-Feb-2023 21:00:49 PM] Selenium_Wrapper.click:(199) - Clicking on :[[ChromeDriver: chrome on WINDOWS (b77ce963c17936c6d22f5e86e4537ab7)] -> id: rn_LoginForm_2_Submit]
[INFO ][25-Feb-2023 21:00:58 PM] Selenium_Wrapper.click:(199) - Clicking on :[[ChromeDriver: chrome on WINDOWS (b77ce963c17936c6d22f5e86e4537ab7)] -> xpath: //input[@type='search']]
[INFO ][25-Feb-2023 21:00:59 PM] Selenium_Wrapper.enterText:(311) - Entering Text :Business Auto Loan in WebElement :[[ChromeDriver: chrome on WINDOWS (b77ce963c17936c6d22f5e86e4537ab7)] -> xpath: //input[@type='search']]
[INFO ][25-Feb-2023 21:01:14 PM] Selenium_Wrapper.click:(199) - Clicking on :[[ChromeDriver: chrome on WINDOWS (b77ce963c17936c6d22f5e86e4537ab7)] -> xpath: //ul[@aria-label='Suggested Search']//li[normalize-space()= 'Business Auto Loan' ]]
[INFO ][25-Feb-2023 21:01:22 PM] Selenium_Wrapper.click:(199) - Clicking on :[[ChromeDriver: chrome on WINDOWS (b77ce963c17936c6d22f5e86e4537ab7)] -> xpath: //div[@class='rn_SearchResultContent']//a[text()='Business Auto Loan']]
[INFO ][25-Feb-2023 21:01:51 PM] Selenium_Wrapper.click:(199) - Clicking on :[[ChromeDriver: chrome on WINDOWS (b77ce963c17936c6d22f5e86e4537ab7)] -> xpath: //a[@class='add_bookmarkButton']//img[@class='bookmark_icon_blank']]
[INFO ][25-Feb-2023 21:01:58 PM] Selenium_Wrapper.click:(199) - Clicking on :[[ChromeDriver: chrome on WINDOWS (b77ce963c17936c6d22f5e86e4537ab7)] -> xpath: //div[@class='dropdown']]
[INFO ][25-Feb-2023 21:02:09 PM] Selenium_Wrapper.click:(199) - Clicking on :[[ChromeDriver: chrome on WINDOWS (b77ce963c17936c6d22f5e86e4537ab7)] -> xpath: //div[@class='data Custom-data']//a[text()='My Bookmarks']]
[INFO ][25-Feb-2023 21:02:31 PM] Selenium_Wrapper.click:(199) - Clicking on :[[ChromeDriver: chrome on WINDOWS (b77ce963c17936c6d22f5e86e4537ab7)] -> xpath: //a[contains(text(),'Business Auto Loan')]//parent::div[@class='rn_Notification_Info']//following-sibling::div[@class='rn_Notification_Actions']//button[@class='rn_Notification_Delete']//img[@class='bookmark_del_ico']]
[INFO ][25-Feb-2023 21:02:54 PM] Selenium_Wrapper.click:(199) - Clicking on :[[ChromeDriver: chrome on WINDOWS (b77ce963c17936c6d22f5e86e4537ab7)] -> class name: knowledge]
[INFO ][25-Feb-2023 21:03:02 PM] Selenium_Wrapper.click:(199) - Clicking on :[[ChromeDriver: chrome on WINDOWS (b77ce963c17936c6d22f5e86e4537ab7)] -> xpath: //input[@type='search']]
[INFO ][25-Feb-2023 21:03:03 PM] Selenium_Wrapper.enterText:(311) - Entering Text :Business Auto Loan in WebElement :[[ChromeDriver: chrome on WINDOWS (b77ce963c17936c6d22f5e86e4537ab7)] -> xpath: //input[@type='search']]
[INFO ][25-Feb-2023 21:03:11 PM] Selenium_Wrapper.click:(199) - Clicking on :[[ChromeDriver: chrome on WINDOWS (b77ce963c17936c6d22f5e86e4537ab7)] -> xpath: //ul[@aria-label='Suggested Search']//li[normalize-space()= 'Business Auto Loan' ]]
[INFO ][25-Feb-2023 21:03:18 PM] Selenium_Wrapper.click:(199) - Clicking on :[[ChromeDriver: chrome on WINDOWS (b77ce963c17936c6d22f5e86e4537ab7)] -> xpath: //div[@class='rn_SearchResultContent']//a[text()='Business Auto Loan']]
[INFO ][25-Feb-2023 21:03:29 PM] Selenium_Wrapper.click:(199) - Clicking on :[[ChromeDriver: chrome on WINDOWS (b77ce963c17936c6d22f5e86e4537ab7)] -> xpath: //div[contains(@class,'EmailAnswerLink')]//img[@class='share_icon_default']]
[INFO ][25-Feb-2023 21:03:34 PM] Selenium_Wrapper.click:(199) - Clicking on :[[ChromeDriver: chrome on WINDOWS (b77ce963c17936c6d22f5e86e4537ab7)] -> xpath: //div[@id='rnDialog1']//input[@class='select2-search__field']]
[INFO ][25-Feb-2023 21:03:35 PM] Selenium_Wrapper.enterText:(311) - Entering Text :Aaron Brown in WebElement :[[ChromeDriver: chrome on WINDOWS (b77ce963c17936c6d22f5e86e4537ab7)] -> xpath: //div[@id='rnDialog1']//input[@class='select2-search__field']]
[INFO ][25-Feb-2023 21:03:44 PM] Selenium_Wrapper.click:(199) - Clicking on :[[ChromeDriver: chrome on WINDOWS (b77ce963c17936c6d22f5e86e4537ab7)] -> xpath: //ul[@class='select2-results__options']//li[text()='Aaron Brown']]
[INFO ][25-Feb-2023 21:03:49 PM] Selenium_Wrapper.click:(199) - Clicking on :[[ChromeDriver: chrome on WINDOWS (b77ce963c17936c6d22f5e86e4537ab7)] -> xpath: //button[@class='yui3-button yui3-button-close']]
[INFO ][25-Feb-2023 21:04:04 PM] Selenium_Wrapper.click:(199) - Clicking on :[[ChromeDriver: chrome on WINDOWS (b77ce963c17936c6d22f5e86e4537ab7)] -> xpath: //div[@id='formsResources_panel']//div[@id='formsResources_headingOne']]
[INFO ][25-Feb-2023 21:04:20 PM] Selenium_Wrapper.clickUsingActions:(249) - Clicking on :[[ChromeDriver: chrome on WINDOWS (b77ce963c17936c6d22f5e86e4537ab7)] -> xpath: (//ul[@class='formsResources']//ul//li/a)[2]]
[INFO ][25-Feb-2023 21:04:43 PM] Selenium_Wrapper.click:(199) - Clicking on :[[ChromeDriver: chrome on WINDOWS (b77ce963c17936c6d22f5e86e4537ab7)] -> class name: knowledge]
[INFO ][25-Feb-2023 21:04:53 PM] Selenium_Wrapper.click:(199) - Clicking on :[[ChromeDriver: chrome on WINDOWS (b77ce963c17936c6d22f5e86e4537ab7)] -> xpath: //input[@type='search']]
[INFO ][25-Feb-2023 21:04:55 PM] Selenium_Wrapper.enterText:(311) - Entering Text :COVID-19 Critical Updates in WebElement :[[ChromeDriver: chrome on WINDOWS (b77ce963c17936c6d22f5e86e4537ab7)] -> xpath: //input[@type='search']]
[INFO ][25-Feb-2023 21:05:09 PM] Selenium_Wrapper.click:(199) - Clicking on :[[ChromeDriver: chrome on WINDOWS (b77ce963c17936c6d22f5e86e4537ab7)] -> xpath: //ul[@aria-label='Suggested Search']//li[normalize-space()='COVID-19 Critical Updates']]
[INFO ][25-Feb-2023 21:05:16 PM] Selenium_Wrapper.click:(199) - Clicking on :[[ChromeDriver: chrome on WINDOWS (b77ce963c17936c6d22f5e86e4537ab7)] -> xpath: //div[@class='rn_SearchResultContent']//a[text()='COVID-19 Critical Updates']]
[INFO ][25-Feb-2023 21:06:21 PM] Selenium_Wrapper.click:(199) - Clicking on :[[ChromeDriver: chrome on WINDOWS (b77ce963c17936c6d22f5e86e4537ab7)] -> xpath: //button[@class='rn_RecommendContentButton p-0']]
[INFO ][25-Feb-2023 21:06:22 PM] Selenium_Wrapper.enterText:(311) - Entering Text :Test Improve, comments, updates in WebElement :[[ChromeDriver: chrome on WINDOWS (b77ce963c17936c6d22f5e86e4537ab7)] -> xpath: //div[@id='rnDialog1_c']//textarea[contains(@id,RequestUpdate)]]
[INFO ][25-Feb-2023 21:06:28 PM] Selenium_Wrapper.click:(199) - Clicking on :[[ChromeDriver: chrome on WINDOWS (b77ce963c17936c6d22f5e86e4537ab7)] -> xpath: //button[@class='yui3-button yui3-button-close']]
[INFO ][25-Feb-2023 21:06:40 PM] Selenium_Wrapper.click:(199) - Clicking on :[[ChromeDriver: chrome on WINDOWS (b77ce963c17936c6d22f5e86e4537ab7)] -> id: relatedPages_headingOne]
[INFO ][25-Feb-2023 21:06:46 PM] Selenium_Wrapper.click:(199) - Clicking on :[[ChromeDriver: chrome on WINDOWS (b77ce963c17936c6d22f5e86e4537ab7)] -> id: relatedPages_headingOne]
[INFO ][25-Feb-2023 21:06:53 PM] Selenium_Wrapper.enterText:(311) - Entering Text :Business Auto Loan in WebElement :[[ChromeDriver: chrome on WINDOWS (b77ce963c17936c6d22f5e86e4537ab7)] -> xpath: //div[contains(@class,'input-group')]//input[@type='search']]
[INFO ][25-Feb-2023 21:07:05 PM] Selenium_Wrapper.click:(199) - Clicking on :[[ChromeDriver: chrome on WINDOWS (b77ce963c17936c6d22f5e86e4537ab7)] -> xpath: //ul[@aria-label='Suggested Search']//li[@class='rn_SuggestionItem'][normalize-space()='Business Auto Loan']]
[INFO ][25-Feb-2023 21:07:24 PM] Selenium_Wrapper.click:(199) - Clicking on :[[ChromeDriver: chrome on WINDOWS (b77ce963c17936c6d22f5e86e4537ab7)] -> class name: knowledge]
[INFO ][25-Feb-2023 21:07:28 PM] Selenium_Wrapper.closeCurrentBrowser:(651) - Closing the current Browser
