[INFO ][25-Feb-2023 21:09:33 PM] Selenium_Wrapper.openBrowser:(48) - Opening chrome browser.
[INFO ][25-Feb-2023 21:09:41 PM] Selenium_Wrapper.enterURL:(82) - Entering url :https://macu1--upgrade.custhelp.com/
[INFO ][25-Feb-2023 21:09:46 PM] Selenium_Wrapper.enterText:(311) - Entering Text :automation_testing in WebElement :[[ChromeDriver: chrome on WINDOWS (9dc8f5c1f89a06a018ec148b9e6eb82d)] -> id: rn_LoginForm_2_Username]
[INFO ][25-Feb-2023 21:09:47 PM] Selenium_Wrapper.enterText:(311) - Entering Text :Soft@123 in WebElement :[[ChromeDriver: chrome on WINDOWS (9dc8f5c1f89a06a018ec148b9e6eb82d)] -> id: rn_LoginForm_2_Password]
[INFO ][25-Feb-2023 21:09:54 PM] Selenium_Wrapper.click:(199) - Clicking on :[[ChromeDriver: chrome on WINDOWS (9dc8f5c1f89a06a018ec148b9e6eb82d)] -> id: rn_LoginForm_2_Submit]
[INFO ][25-Feb-2023 21:10:17 PM] Selenium_Wrapper.click:(199) - Clicking on :[[ChromeDriver: chrome on WINDOWS (9dc8f5c1f89a06a018ec148b9e6eb82d)] -> xpath: //a[text()='browse all PAGES']]
[INFO ][25-Feb-2023 21:10:29 PM] Selenium_Wrapper.click:(199) - Clicking on :[[ChromeDriver: chrome on WINDOWS (9dc8f5c1f89a06a018ec148b9e6eb82d)] -> xpath: (//div[@id='category']//following-sibling::ul//a)[1]]
[INFO ][25-Feb-2023 21:10:50 PM] Selenium_Wrapper.click:(199) - Clicking on :[[ChromeDriver: chrome on WINDOWS (9dc8f5c1f89a06a018ec148b9e6eb82d)] -> xpath: //a[text()='Business Accounts']]
[INFO ][25-Feb-2023 21:10:55 PM] Selenium_Wrapper.click:(199) - Clicking on :[[ChromeDriver: chrome on WINDOWS (9dc8f5c1f89a06a018ec148b9e6eb82d)] -> xpath: (//div[@id='category']//following-sibling::ul//a)[1]]
[INFO ][25-Feb-2023 21:11:12 PM] Selenium_Wrapper.click:(199) - Clicking on :[[ChromeDriver: chrome on WINDOWS (9dc8f5c1f89a06a018ec148b9e6eb82d)] -> xpath: //a[text()='Employee Experience']]
[INFO ][25-Feb-2023 21:11:22 PM] Selenium_Wrapper.click:(199) - Clicking on :[[ChromeDriver: chrome on WINDOWS (9dc8f5c1f89a06a018ec148b9e6eb82d)] -> xpath: (//div[@id='category']//following-sibling::ul//a)[1]]
[INFO ][25-Feb-2023 21:11:38 PM] Selenium_Wrapper.click:(199) - Clicking on :[[ChromeDriver: chrome on WINDOWS (9dc8f5c1f89a06a018ec148b9e6eb82d)] -> xpath: //a[text()='Personal Accounts']]
[INFO ][25-Feb-2023 21:11:43 PM] Selenium_Wrapper.click:(199) - Clicking on :[[ChromeDriver: chrome on WINDOWS (9dc8f5c1f89a06a018ec148b9e6eb82d)] -> xpath: (//div[@id='category']//following-sibling::ul//a)[1]]
[INFO ][25-Feb-2023 21:11:59 PM] Selenium_Wrapper.click:(199) - Clicking on :[[ChromeDriver: chrome on WINDOWS (9dc8f5c1f89a06a018ec148b9e6eb82d)] -> xpath: //a[text()='Services']]
[INFO ][25-Feb-2023 21:12:04 PM] Selenium_Wrapper.click:(199) - Clicking on :[[ChromeDriver: chrome on WINDOWS (9dc8f5c1f89a06a018ec148b9e6eb82d)] -> xpath: (//div[@id='category']//following-sibling::ul//a)[1]]
[INFO ][25-Feb-2023 21:12:20 PM] Selenium_Wrapper.click:(199) - Clicking on :[[ChromeDriver: chrome on WINDOWS (9dc8f5c1f89a06a018ec148b9e6eb82d)] -> xpath: //a[text()='Technology']]
[INFO ][25-Feb-2023 21:12:26 PM] Selenium_Wrapper.click:(199) - Clicking on :[[ChromeDriver: chrome on WINDOWS (9dc8f5c1f89a06a018ec148b9e6eb82d)] -> xpath: (//div[@id='category']//following-sibling::ul//a)[1]]
[INFO ][25-Feb-2023 21:12:52 PM] Selenium_Wrapper.click:(199) - Clicking on :[[ChromeDriver: chrome on WINDOWS (9dc8f5c1f89a06a018ec148b9e6eb82d)] -> xpath: //a[text()='VIEW A-Z INDEX']]
[INFO ][25-Feb-2023 21:13:13 PM] Selenium_Wrapper.click:(199) - Clicking on :[[ChromeDriver: chrome on WINDOWS (9dc8f5c1f89a06a018ec148b9e6eb82d)] -> xpath: //div[@id='rn_A_ZIndex_2']//ul[@class='indexing_list']//li//a[text()='D']]
[INFO ][25-Feb-2023 21:13:27 PM] Selenium_Wrapper.click:(199) - Clicking on :[[ChromeDriver: chrome on WINDOWS (9dc8f5c1f89a06a018ec148b9e6eb82d)] -> xpath: //div[@id='rn_A_ZIndex_2']//ul[@class='indexing_list']//li//a[text()='J']]
[INFO ][25-Feb-2023 21:13:41 PM] Selenium_Wrapper.click:(199) - Clicking on :[[ChromeDriver: chrome on WINDOWS (9dc8f5c1f89a06a018ec148b9e6eb82d)] -> xpath: //div[@id='rn_A_ZIndex_2']//ul[@class='indexing_list']//li//a[text()='P']]
[INFO ][25-Feb-2023 21:13:54 PM] Selenium_Wrapper.click:(199) - Clicking on :[[ChromeDriver: chrome on WINDOWS (9dc8f5c1f89a06a018ec148b9e6eb82d)] -> xpath: //div[@id='rn_A_ZIndex_2']//ul[@class='indexing_list']//li//a[text()='V']]
[INFO ][25-Feb-2023 21:14:08 PM] Selenium_Wrapper.click:(199) - Clicking on :[[ChromeDriver: chrome on WINDOWS (9dc8f5c1f89a06a018ec148b9e6eb82d)] -> xpath: //div[@id='rn_A_ZIndex_2']//ul[@class='indexing_list']//li//a[text()='0-9']]
[INFO ][25-Feb-2023 21:14:32 PM] Selenium_Wrapper.click:(199) - Clicking on :[[ChromeDriver: chrome on WINDOWS (9dc8f5c1f89a06a018ec148b9e6eb82d)] -> xpath: (//div[@class='rn_A_ZIndex']//div[@class='index-content']//a)[1]]
[INFO ][25-Feb-2023 21:14:58 PM] Selenium_Wrapper.enterText:(311) - Entering Text :100% First Time Home Buyer Loan in WebElement :[[ChromeDriver: chrome on WINDOWS (9dc8f5c1f89a06a018ec148b9e6eb82d)] -> xpath: //input[@type='search']]
[INFO ][25-Feb-2023 21:15:44 PM] Selenium_Wrapper.click:(199) - Clicking on :[[ChromeDriver: chrome on WINDOWS (9dc8f5c1f89a06a018ec148b9e6eb82d)] -> xpath: //div[@id='rn_PageTitle']//a[text()='BROWSE ALL PAGES']]
[INFO ][25-Feb-2023 21:16:06 PM] Selenium_Wrapper.click:(199) - Clicking on :[[ChromeDriver: chrome on WINDOWS (9dc8f5c1f89a06a018ec148b9e6eb82d)] -> xpath: //a[text()='Knowledge Center']]
[INFO ][25-Feb-2023 21:16:09 PM] Selenium_Wrapper.closeCurrentBrowser:(651) - Closing the current Browser
