[INFO ][07-Nov-2021 21:09:59 pm] Selenium_Wrapper.openBrowser:(48) - Opening chrome browser.
[INFO ][07-Nov-2021 21:10:06 pm] Selenium_Wrapper.enterURL:(82) - Entering url :https://macu1--tst.custhelp.com/app/home
[INFO ][07-Nov-2021 21:10:10 pm] Selenium_Wrapper.enterText:(311) - Entering Text :pramodk in WebElement :[[ChromeDriver: chrome on WINDOWS (a54f58f217503a3d7c8f59bc6c027733)] -> id: rn_LoginForm_2_Username]
[INFO ][07-Nov-2021 21:10:12 pm] Selenium_Wrapper.enterText:(311) - Entering Text :Soft@123 in WebElement :[[ChromeDriver: chrome on WINDOWS (a54f58f217503a3d7c8f59bc6c027733)] -> id: rn_LoginForm_2_Password]
[INFO ][07-Nov-2021 21:10:19 pm] Selenium_Wrapper.click:(199) - Clicking on :[[ChromeDriver: chrome on WINDOWS (a54f58f217503a3d7c8f59bc6c027733)] -> id: rn_LoginForm_2_Submit]
[INFO ][07-Nov-2021 21:10:27 pm] Selenium_Wrapper.click:(199) - Clicking on :[[ChromeDriver: chrome on WINDOWS (a54f58f217503a3d7c8f59bc6c027733)] -> xpath: //input[@type='search']]
[INFO ][07-Nov-2021 21:10:28 pm] Selenium_Wrapper.enterText:(311) - Entering Text :Flexible Work in WebElement :[[ChromeDriver: chrome on WINDOWS (a54f58f217503a3d7c8f59bc6c027733)] -> xpath: //input[@type='search']]
[INFO ][07-Nov-2021 21:10:41 pm] Selenium_Wrapper.click:(199) - Clicking on :[[ChromeDriver: chrome on WINDOWS (a54f58f217503a3d7c8f59bc6c027733)] -> xpath: //ul[@aria-label='Suggested Search']//li[normalize-space()='Flexible Work']]
[INFO ][07-Nov-2021 21:10:49 pm] Selenium_Wrapper.click:(199) - Clicking on :[[ChromeDriver: chrome on WINDOWS (a54f58f217503a3d7c8f59bc6c027733)] -> xpath: //div[@class='rn_SearchResultContent']//a[text()='Flexible Work']]
[INFO ][07-Nov-2021 21:11:04 pm] Selenium_Wrapper.click:(199) - Clicking on :[[ChromeDriver: chrome on WINDOWS (a54f58f217503a3d7c8f59bc6c027733)] -> xpath: //div[@class='main_image_div']//div[@class='thumbs_up_down'][2]]
[INFO ][07-Nov-2021 21:11:16 pm] Selenium_Wrapper.click:(199) - Clicking on :[[ChromeDriver: chrome on WINDOWS (a54f58f217503a3d7c8f59bc6c027733)] -> id: rn_AnswerRating_3_22_FeedbackMessage]
[INFO ][07-Nov-2021 21:11:17 pm] Selenium_Wrapper.enterText:(311) - Entering Text :Flexible Work - ThumbDown Comments in WebElement :[[ChromeDriver: chrome on WINDOWS (a54f58f217503a3d7c8f59bc6c027733)] -> id: rn_AnswerRating_3_22_FeedbackMessage]
[INFO ][07-Nov-2021 21:11:22 pm] Selenium_Wrapper.click:(199) - Clicking on :[[ChromeDriver: chrome on WINDOWS (a54f58f217503a3d7c8f59bc6c027733)] -> xpath: //button[text()='SUBMIT']]
[INFO ][07-Nov-2021 21:11:27 pm] Selenium_Wrapper.click:(199) - Clicking on :[[ChromeDriver: chrome on WINDOWS (a54f58f217503a3d7c8f59bc6c027733)] -> xpath: //button[@class='yui3-button yui3-button-close']]
[INFO ][07-Nov-2021 21:11:38 pm] Selenium_Wrapper.click:(199) - Clicking on :[[ChromeDriver: chrome on WINDOWS (a54f58f217503a3d7c8f59bc6c027733)] -> xpath: //div[@class='dropdown']]
[INFO ][07-Nov-2021 21:11:52 pm] Selenium_Wrapper.click:(199) - Clicking on :[[ChromeDriver: chrome on WINDOWS (a54f58f217503a3d7c8f59bc6c027733)] -> xpath: //a[text()='My Feedback']]
[INFO ][07-Nov-2021 21:12:15 pm] Selenium_Wrapper.click:(199) - Clicking on :[[ChromeDriver: chrome on WINDOWS (a54f58f217503a3d7c8f59bc6c027733)] -> xpath: ((//table//tbody)[2]//a)[1]]
[INFO ][07-Nov-2021 21:12:36 pm] Selenium_Wrapper.click:(199) - Clicking on :[[ChromeDriver: chrome on WINDOWS (a54f58f217503a3d7c8f59bc6c027733)] -> class name: knowledge]
[INFO ][07-Nov-2021 21:12:40 pm] Selenium_Wrapper.openBrowser:(48) - Opening chrome browser.
[INFO ][07-Nov-2021 21:12:45 pm] Selenium_Wrapper.enterURL:(82) - Entering url :https://macu1--tst.custhelp.com/AgentWeb/
[INFO ][07-Nov-2021 21:12:49 pm] Selenium_Wrapper.enterText:(311) - Entering Text :RNT_pramod in WebElement :[[ChromeDriver: chrome on WINDOWS (37e108f36f9893e7c9d2cddf6121a8b9)] -> id: username]
[INFO ][07-Nov-2021 21:12:50 pm] Selenium_Wrapper.enterText:(311) - Entering Text :Welcome123 in WebElement :[[ChromeDriver: chrome on WINDOWS (37e108f36f9893e7c9d2cddf6121a8b9)] -> id: password]
[INFO ][07-Nov-2021 21:13:23 pm] Selenium_Wrapper.click:(199) - Clicking on :[[ChromeDriver: chrome on WINDOWS (37e108f36f9893e7c9d2cddf6121a8b9)] -> id: loginbutton]
[INFO ][07-Nov-2021 21:13:33 pm] Selenium_Wrapper.click:(199) - Clicking on :[[ChromeDriver: chrome on WINDOWS (37e108f36f9893e7c9d2cddf6121a8b9)] -> xpath: //div[@id='landingPanel-notifications']//button[@class='oj-button oj-button-half-chrome mobile-close-icon mobile-close-button closeFoldout']//label[text()='Close Action Center']]
[INFO ][07-Nov-2021 21:13:41 pm] Selenium_Wrapper.click:(199) - Clicking on :[[ChromeDriver: chrome on WINDOWS (37e108f36f9893e7c9d2cddf6121a8b9)] -> xpath: (//span[@class='oj-button-icon oj-start navigator-icon oj-button-icon oj-start'])[1]]
[INFO ][07-Nov-2021 21:13:46 pm] Selenium_Wrapper.click:(199) - Clicking on :[[ChromeDriver: chrome on WINDOWS (37e108f36f9893e7c9d2cddf6121a8b9)] -> xpath: (//div[text()='Analytics']//a)]
[INFO ][07-Nov-2021 21:13:51 pm] Selenium_Wrapper.click:(199) - Clicking on :[[ChromeDriver: chrome on WINDOWS (37e108f36f9893e7c9d2cddf6121a8b9)] -> xpath: //span[text()='Reports Explorer']]
[INFO ][07-Nov-2021 21:13:57 pm] Selenium_Wrapper.click:(199) - Clicking on :[[ChromeDriver: chrome on WINDOWS (37e108f36f9893e7c9d2cddf6121a8b9)] -> xpath: //div[text()='Public Reports']]
[INFO ][07-Nov-2021 21:14:02 pm] Selenium_Wrapper.click:(199) - Clicking on :[[ChromeDriver: chrome on WINDOWS (37e108f36f9893e7c9d2cddf6121a8b9)] -> xpath: //div[text()='MACU CUSTOM REPORTS']]
[INFO ][07-Nov-2021 21:14:08 pm] Selenium_Wrapper.click:(199) - Clicking on :[[ChromeDriver: chrome on WINDOWS (37e108f36f9893e7c9d2cddf6121a8b9)] -> xpath: //div[text()='SoftClouds']]
[INFO ][07-Nov-2021 21:14:13 pm] Selenium_Wrapper.click:(199) - Clicking on :[[ChromeDriver: chrome on WINDOWS (37e108f36f9893e7c9d2cddf6121a8b9)] -> xpath: //div[text()='OKCS']]
[INFO ][07-Nov-2021 21:14:37 pm] Selenium_Wrapper.click:(199) - Clicking on :[[ChromeDriver: chrome on WINDOWS (37e108f36f9893e7c9d2cddf6121a8b9)] -> xpath: //div[contains(@class,'cke_wysiwyg_div')]]
[INFO ][07-Nov-2021 21:14:43 pm] Selenium_Wrapper.enterText:(311) - Entering Text :It is working as per Expected in WebElement :[[ChromeDriver: chrome on WINDOWS (37e108f36f9893e7c9d2cddf6121a8b9)] -> xpath: //div[contains(@class,'cke_wysiwyg_div')]]
[INFO ][07-Nov-2021 21:14:49 pm] Selenium_Wrapper.click:(199) - Clicking on :[[ChromeDriver: chrome on WINDOWS (37e108f36f9893e7c9d2cddf6121a8b9)] -> xpath: //button[@title='Send an incident response and save the incident']]
[INFO ][07-Nov-2021 21:14:59 pm] Selenium_Wrapper.click:(199) - Clicking on :[[ChromeDriver: chrome on WINDOWS (37e108f36f9893e7c9d2cddf6121a8b9)] -> xpath: //button[@data-commandtype='SaveAndSendAndClose']]
[INFO ][07-Nov-2021 21:15:09 pm] Selenium_Wrapper.click:(199) - Clicking on :[[ChromeDriver: chrome on WINDOWS (37e108f36f9893e7c9d2cddf6121a8b9)] -> xpath: //span[text()='Yes']]
[INFO ][07-Nov-2021 21:15:20 pm] Selenium_Wrapper.click:(199) - Clicking on :[[ChromeDriver: chrome on WINDOWS (37e108f36f9893e7c9d2cddf6121a8b9)] -> xpath: //div[contains(@class,'refresh-icon')]]
