[INFO ][25-Feb-2023 21:17:58 PM] Selenium_Wrapper.openBrowser:(48) - Opening chrome browser.
[INFO ][25-Feb-2023 21:18:05 PM] Selenium_Wrapper.enterURL:(82) - Entering url :https://macu1--upgrade.custhelp.com/
[INFO ][25-Feb-2023 21:18:09 PM] Selenium_Wrapper.enterText:(311) - Entering Text :automation_testing in WebElement :[[ChromeDriver: chrome on WINDOWS (2215ef6227650ae25084451c9789c851)] -> id: rn_LoginForm_2_Username]
[INFO ][25-Feb-2023 21:18:10 PM] Selenium_Wrapper.enterText:(311) - Entering Text :Soft@123 in WebElement :[[ChromeDriver: chrome on WINDOWS (2215ef6227650ae25084451c9789c851)] -> id: rn_LoginForm_2_Password]
[INFO ][25-Feb-2023 21:18:17 PM] Selenium_Wrapper.click:(199) - Clicking on :[[ChromeDriver: chrome on WINDOWS (2215ef6227650ae25084451c9789c851)] -> id: rn_LoginForm_2_Submit]
[INFO ][25-Feb-2023 21:18:41 PM] Selenium_Wrapper.click:(199) - Clicking on :[[ChromeDriver: chrome on WINDOWS (2215ef6227650ae25084451c9789c851)] -> xpath: //p[@class='search_text']//a[text()='browse all PAGES']]
[INFO ][25-Feb-2023 21:18:54 PM] Selenium_Wrapper.click:(199) - Clicking on :[[ChromeDriver: chrome on WINDOWS (2215ef6227650ae25084451c9789c851)] -> class name: knowledge]
[ERROR][25-Feb-2023 21:19:37 PM] Selenium_Wrapper.highlightWebElement:(417) - org.openqa.selenium.NoSuchElementException: no such element: Unable to locate element: {"method":"xpath","selector":"//h2[normalize-space()='TRENDING FOR']"}
  (Session info: chrome=110.0.5481.177)
For documentation on this error, please visit: https://www.seleniumhq.org/exceptions/no_such_element.html
Build info: version: '3.141.59', revision: 'e82be7d358', time: '2018-11-14T08:17:03'
System info: host: 'QA-SWAMYK', ip: '192.168.0.4', os.name: 'Windows 10', os.arch: 'amd64', os.version: '10.0', java.version: '11.0.10'
Driver info: org.openqa.selenium.chrome.ChromeDriver
Capabilities {acceptInsecureCerts: false, browserName: chrome, browserVersion: 110.0.5481.177, chrome: {chromedriverVersion: 110.0.5481.77 (65ed616c6e8e..., userDataDir: C:\Users\SWAMYK~1\AppData\L...}, goog:chromeOptions: {debuggerAddress: localhost:61628}, javascriptEnabled: true, networkConnectionEnabled: false, pageLoadStrategy: normal, platform: WINDOWS, platformName: WINDOWS, proxy: Proxy(), setWindowRect: true, strictFileInteractability: false, timeouts: {implicit: 0, pageLoad: 300000, script: 30000}, unhandledPromptBehavior: dismiss and notify, webauthn:extension:credBlob: true, webauthn:extension:largeBlob: true, webauthn:virtualAuthenticators: true}
Session ID: 2215ef6227650ae25084451c9789c851
*** Element info: {Using=xpath, value=//h2[normalize-space()='TRENDING FOR']}
[INFO ][25-Feb-2023 21:19:48 PM] Selenium_Wrapper.click:(199) - Clicking on :[[ChromeDriver: chrome on WINDOWS (2215ef6227650ae25084451c9789c851)] -> xpath: //div[@id='rn_RequestUpdate_9_RecommendContent']//button]
[INFO ][25-Feb-2023 21:19:49 PM] Selenium_Wrapper.enterText:(311) - Entering Text :Test Improve, comments, updates in WebElement :[[ChromeDriver: chrome on WINDOWS (2215ef6227650ae25084451c9789c851)] -> xpath: //textarea[@id='rn_RequestUpdate_9_Description']]
[INFO ][25-Feb-2023 21:19:55 PM] Selenium_Wrapper.click:(199) - Clicking on :[[ChromeDriver: chrome on WINDOWS (2215ef6227650ae25084451c9789c851)] -> xpath: //span[@class='yui3-widget-buttons']//button[@class='yui3-button yui3-button-close']]
[ERROR][25-Feb-2023 21:19:58 PM] Selenium_Wrapper.highlightWebElement:(417) - org.openqa.selenium.NoSuchElementException: no such element: Unable to locate element: {"method":"css selector","selector":".emoji\ d\-flex"}
  (Session info: chrome=110.0.5481.177)
For documentation on this error, please visit: https://www.seleniumhq.org/exceptions/no_such_element.html
Build info: version: '3.141.59', revision: 'e82be7d358', time: '2018-11-14T08:17:03'
System info: host: 'QA-SWAMYK', ip: '192.168.0.4', os.name: 'Windows 10', os.arch: 'amd64', os.version: '10.0', java.version: '11.0.10'
Driver info: org.openqa.selenium.chrome.ChromeDriver
Capabilities {acceptInsecureCerts: false, browserName: chrome, browserVersion: 110.0.5481.177, chrome: {chromedriverVersion: 110.0.5481.77 (65ed616c6e8e..., userDataDir: C:\Users\SWAMYK~1\AppData\L...}, goog:chromeOptions: {debuggerAddress: localhost:61628}, javascriptEnabled: true, networkConnectionEnabled: false, pageLoadStrategy: normal, platform: WINDOWS, platformName: WINDOWS, proxy: Proxy(), setWindowRect: true, strictFileInteractability: false, timeouts: {implicit: 0, pageLoad: 300000, script: 30000}, unhandledPromptBehavior: dismiss and notify, webauthn:extension:credBlob: true, webauthn:extension:largeBlob: true, webauthn:virtualAuthenticators: true}
Session ID: 2215ef6227650ae25084451c9789c851
*** Element info: {Using=class name, value=emoji d-flex}
[INFO ][25-Feb-2023 21:20:03 PM] Selenium_Wrapper.click:(199) - Clicking on :[[ChromeDriver: chrome on WINDOWS (2215ef6227650ae25084451c9789c851)] -> xpath: //div[@class='emoji d-flex']//a[@class='smile']]
[INFO ][25-Feb-2023 21:20:26 PM] Selenium_Wrapper.click:(199) - Clicking on :[[ChromeDriver: chrome on WINDOWS (2215ef6227650ae25084451c9789c851)] -> xpath: //h2[@class='footer_heading']/a[text()='Browse all pages']]
[INFO ][25-Feb-2023 21:20:41 PM] Selenium_Wrapper.click:(199) - Clicking on :[[ChromeDriver: chrome on WINDOWS (2215ef6227650ae25084451c9789c851)] -> class name: knowledge]
[INFO ][25-Feb-2023 21:21:01 PM] Selenium_Wrapper.click:(199) - Clicking on :[[ChromeDriver: chrome on WINDOWS (2215ef6227650ae25084451c9789c851)] -> xpath: //p[@class='search_text text-left ml-0']/a[text()='GO TO A-Z INDEX']]
[INFO ][25-Feb-2023 21:21:26 PM] Selenium_Wrapper.click:(199) - Clicking on :[[ChromeDriver: chrome on WINDOWS (2215ef6227650ae25084451c9789c851)] -> xpath: //div[@id='rn_A_ZIndex_2']//ul[@class='indexing_list']//a[text()='K']]
[INFO ][25-Feb-2023 21:21:39 PM] Selenium_Wrapper.click:(199) - Clicking on :[[ChromeDriver: chrome on WINDOWS (2215ef6227650ae25084451c9789c851)] -> xpath: //div[@id='rn_A_ZIndex_2']//ul[@class='indexing_list']//a[text()='P']]
[INFO ][25-Feb-2023 21:21:50 PM] Selenium_Wrapper.click:(199) - Clicking on :[[ChromeDriver: chrome on WINDOWS (2215ef6227650ae25084451c9789c851)] -> class name: knowledge]
[INFO ][25-Feb-2023 21:21:53 PM] Selenium_Wrapper.closeCurrentBrowser:(651) - Closing the current Browser
