[INFO ][04-Sep-2022 09:13:58 AM] Selenium_Wrapper.openBrowser:(48) - Opening chrome browser.
[INFO ][04-Sep-2022 09:14:01 AM] Selenium_Wrapper.enterURL:(82) - Entering url :https://macu1--upgrade.custhelp.com/AgentWeb/
[INFO ][04-Sep-2022 09:14:05 AM] Selenium_Wrapper.enterText:(311) - Entering Text :RNT_pramod in WebElement :[[ChromeDriver: chrome on WINDOWS (f9685857f197424108c2026c3354bff5)] -> id: username]
[INFO ][04-Sep-2022 09:14:06 AM] Selenium_Wrapper.enterText:(311) - Entering Text :Welcome123 in WebElement :[[ChromeDriver: chrome on WINDOWS (f9685857f197424108c2026c3354bff5)] -> id: password]
[INFO ][04-Sep-2022 09:14:44 AM] Selenium_Wrapper.click:(199) - Clicking on :[[ChromeDriver: chrome on WINDOWS (f9685857f197424108c2026c3354bff5)] -> id: loginbutton]
[INFO ][04-Sep-2022 09:15:04 AM] Selenium_Wrapper.click:(199) - Clicking on :[[ChromeDriver: chrome on WINDOWS (f9685857f197424108c2026c3354bff5)] -> id: navigationSetBtn]
[INFO ][04-Sep-2022 09:15:10 AM] Selenium_Wrapper.click:(199) - Clicking on :[[ChromeDriver: chrome on WINDOWS (f9685857f197424108c2026c3354bff5)] -> xpath: (//div[text()='Analytics']//a)]
[INFO ][04-Sep-2022 09:15:15 AM] Selenium_Wrapper.click:(199) - Clicking on :[[ChromeDriver: chrome on WINDOWS (f9685857f197424108c2026c3354bff5)] -> xpath: //span[text()='Reports Explorer']]
[INFO ][04-Sep-2022 09:15:20 AM] Selenium_Wrapper.click:(199) - Clicking on :[[ChromeDriver: chrome on WINDOWS (f9685857f197424108c2026c3354bff5)] -> xpath: //div[text()='Public Reports']]
[INFO ][04-Sep-2022 09:15:26 AM] Selenium_Wrapper.click:(199) - Clicking on :[[ChromeDriver: chrome on WINDOWS (f9685857f197424108c2026c3354bff5)] -> xpath: //div[text()='MACU CUSTOM REPORTS']]
[INFO ][04-Sep-2022 09:15:31 AM] Selenium_Wrapper.click:(199) - Clicking on :[[ChromeDriver: chrome on WINDOWS (f9685857f197424108c2026c3354bff5)] -> xpath: //div[text()='SoftClouds']]
[INFO ][04-Sep-2022 09:15:36 AM] Selenium_Wrapper.click:(199) - Clicking on :[[ChromeDriver: chrome on WINDOWS (f9685857f197424108c2026c3354bff5)] -> xpath: //div[text()='OKCS']]
[INFO ][04-Sep-2022 09:15:50 AM] Selenium_Wrapper.click:(199) - Clicking on :[[ChromeDriver: chrome on WINDOWS (f9685857f197424108c2026c3354bff5)] -> xpath: (//span[text()='Search'])[3]]
[INFO ][04-Sep-2022 09:15:56 AM] Selenium_Wrapper.click:(199) - Clicking on :[[ChromeDriver: chrome on WINDOWS (f9685857f197424108c2026c3354bff5)] -> xpath: (//span[contains(@title,'Thumbsup Count')]//a)[2]]
[INFO ][04-Sep-2022 09:16:06 AM] Selenium_Wrapper.click:(199) - Clicking on :[[ChromeDriver: chrome on WINDOWS (f9685857f197424108c2026c3354bff5)] -> xpath: (//div[@class='breadcrumbContainer']//ul//li//a)[1]]
[INFO ][04-Sep-2022 09:16:17 AM] Selenium_Wrapper.click:(199) - Clicking on :[[ChromeDriver: chrome on WINDOWS (f9685857f197424108c2026c3354bff5)] -> xpath: (//div[@class='primary-tab-header']//ul//li)[2]//span//a//i]
[INFO ][04-Sep-2022 09:16:27 AM] Selenium_Wrapper.click:(199) - Clicking on :[[ChromeDriver: chrome on WINDOWS (f9685857f197424108c2026c3354bff5)] -> xpath: //a[@class='closeButton']]
[ERROR][04-Sep-2022 09:18:17 AM] Selenium_Wrapper.getWebElement:(124) - org.openqa.selenium.WebDriverException: chrome not reachable
  (Session info: chrome=105.0.5195.102)
Build info: version: '3.141.59', revision: 'e82be7d358', time: '2018-11-14T08:17:03'
System info: host: 'QA-SWAMYK', ip: '192.168.0.4', os.name: 'Windows 10', os.arch: 'amd64', os.version: '10.0', java.version: '11.0.10'
Driver info: org.openqa.selenium.chrome.ChromeDriver
Capabilities {acceptInsecureCerts: false, browserName: chrome, browserVersion: 105.0.5195.102, chrome: {chromedriverVersion: 105.0.5195.52 (412c95e51883..., userDataDir: C:\Users\SWAMYK~1\AppData\L...}, goog:chromeOptions: {debuggerAddress: localhost:50667}, javascriptEnabled: true, networkConnectionEnabled: false, pageLoadStrategy: normal, platform: WINDOWS, platformName: WINDOWS, proxy: Proxy(), setWindowRect: true, strictFileInteractability: false, timeouts: {implicit: 0, pageLoad: 300000, script: 30000}, unhandledPromptBehavior: dismiss and notify, webauthn:extension:credBlob: true, webauthn:extension:largeBlob: true, webauthn:virtualAuthenticators: true}
Session ID: f9685857f197424108c2026c3354bff5
[ERROR][04-Sep-2022 09:18:17 AM] ThumbsUpAndThumbsDownFeedback.testSignout:(160) - Logout/SignOut un-successfull
