[INFO ][24-Feb-2023 21:17:22 PM] Selenium_Wrapper.openBrowser:(48) - Opening chrome browser.
[INFO ][24-Feb-2023 21:17:26 PM] Selenium_Wrapper.enterURL:(82) - Entering url :https://macu1--upgrade.custhelp.com/AgentWeb/
[INFO ][24-Feb-2023 21:17:30 PM] Selenium_Wrapper.enterText:(311) - Entering Text :automation_testing in WebElement :[[ChromeDriver: chrome on WINDOWS (f382e7f4f9eae960cb6abe3b3a71f7a5)] -> id: username]
[INFO ][24-Feb-2023 21:17:31 PM] Selenium_Wrapper.enterText:(311) - Entering Text :Welcome123 in WebElement :[[ChromeDriver: chrome on WINDOWS (f382e7f4f9eae960cb6abe3b3a71f7a5)] -> id: password]
[INFO ][24-Feb-2023 21:17:56 PM] Selenium_Wrapper.click:(199) - Clicking on :[[ChromeDriver: chrome on WINDOWS (f382e7f4f9eae960cb6abe3b3a71f7a5)] -> id: loginbutton]
[INFO ][24-Feb-2023 21:18:21 PM] Selenium_Wrapper.click:(199) - Clicking on :[[ChromeDriver: chrome on WINDOWS (f382e7f4f9eae960cb6abe3b3a71f7a5)] -> xpath: //oj-button[@id='navigationSetBtn']]
[INFO ][24-Feb-2023 21:18:28 PM] Selenium_Wrapper.click:(199) - Clicking on :[[ChromeDriver: chrome on WINDOWS (f382e7f4f9eae960cb6abe3b3a71f7a5)] -> xpath: //div[@id='displayNavigationSet']//div[@automationid='Analytics']]
[INFO ][24-Feb-2023 21:18:39 PM] Selenium_Wrapper.click:(199) - Clicking on :[[ChromeDriver: chrome on WINDOWS (f382e7f4f9eae960cb6abe3b3a71f7a5)] -> xpath: //div[@automationid='Analytics_Reports Explorer']//span[text()='Reports Explorer']]
[INFO ][24-Feb-2023 21:18:54 PM] Selenium_Wrapper.click:(199) - Clicking on :[[ChromeDriver: chrome on WINDOWS (f382e7f4f9eae960cb6abe3b3a71f7a5)] -> xpath: //div[@aria-label='Public Reports'][text()='Public Reports']]
[INFO ][24-Feb-2023 21:18:59 PM] Selenium_Wrapper.click:(199) - Clicking on :[[ChromeDriver: chrome on WINDOWS (f382e7f4f9eae960cb6abe3b3a71f7a5)] -> xpath: //div[@aria-label='MACU CUSTOM REPORTS'][text()='MACU CUSTOM REPORTS']]
[INFO ][24-Feb-2023 21:19:04 PM] Selenium_Wrapper.click:(199) - Clicking on :[[ChromeDriver: chrome on WINDOWS (f382e7f4f9eae960cb6abe3b3a71f7a5)] -> xpath: //div[@aria-label='SoftClouds'][text()='SoftClouds']]
[INFO ][24-Feb-2023 21:19:18 PM] Selenium_Wrapper.click:(199) - Clicking on :[[ChromeDriver: chrome on WINDOWS (f382e7f4f9eae960cb6abe3b3a71f7a5)] -> xpath: //div[contains(@id,'ExplorerFolderAnalyticsFolder103223')]//div[@aria-label='OKCS'][text()='OKCS']]
[INFO ][24-Feb-2023 21:19:26 PM] Selenium_Wrapper.doubleClick:(280) - Double clicking on :[[ChromeDriver: chrome on WINDOWS (f382e7f4f9eae960cb6abe3b3a71f7a5)] -> xpath: //div[@class='explorer-right-panel']//div[@class='explorer-data-grid']//span[text()='Feedback Admin Report']]
[INFO ][24-Feb-2023 21:19:42 PM] Selenium_Wrapper.click:(199) - Clicking on :[[ChromeDriver: chrome on WINDOWS (f382e7f4f9eae960cb6abe3b3a71f7a5)] -> xpath: //div[@class='container wsx-flex']//div[@class='analyticsTopSection']//div[@class='select-box-root select-box-display-text-active']]
[INFO ][24-Feb-2023 21:19:48 PM] Selenium_Wrapper.click:(199) - Clicking on :[[ChromeDriver: chrome on WINDOWS (f382e7f4f9eae960cb6abe3b3a71f7a5)] -> xpath: //input[@aria-label='From']]
[INFO ][24-Feb-2023 21:19:49 PM] Selenium_Wrapper.clearTextBox:(295) - Cleared TextBox Field: [[ChromeDriver: chrome on WINDOWS (f382e7f4f9eae960cb6abe3b3a71f7a5)] -> xpath: //input[@aria-label='From']]
[INFO ][24-Feb-2023 21:19:50 PM] Selenium_Wrapper.enterText:(311) - Entering Text :09/10/2021 in WebElement :[[ChromeDriver: chrome on WINDOWS (f382e7f4f9eae960cb6abe3b3a71f7a5)] -> xpath: //input[@aria-label='From']]
[INFO ][24-Feb-2023 21:19:56 PM] Selenium_Wrapper.click:(199) - Clicking on :[[ChromeDriver: chrome on WINDOWS (f382e7f4f9eae960cb6abe3b3a71f7a5)] -> xpath: //span[@id='_oj40|text']//span[text()='Search']]
[INFO ][24-Feb-2023 21:20:05 PM] Selenium_Wrapper.doubleClick:(280) - Double clicking on :[[ChromeDriver: chrome on WINDOWS (f382e7f4f9eae960cb6abe3b3a71f7a5)] -> xpath: //div[@class='container wsx-flex']//div[contains(@column-id,'2')][1]]
[INFO ][24-Feb-2023 21:20:21 PM] Selenium_Wrapper.clickUsingActions:(249) - Clicking on :[[ChromeDriver: chrome on WINDOWS (f382e7f4f9eae960cb6abe3b3a71f7a5)] -> xpath: //div[contains(@id,'Incident_Status')][@class='display-text']]
[INFO ][24-Feb-2023 21:20:29 PM] Selenium_Wrapper.click:(199) - Clicking on :[[ChromeDriver: chrome on WINDOWS (f382e7f4f9eae960cb6abe3b3a71f7a5)] -> xpath: (//div[@title='Solved'])[1]]
