[INFO ][04-Sep-2022 21:14:14 PM] Selenium_Wrapper.openBrowser:(48) - Opening chrome browser.
[INFO ][04-Sep-2022 21:14:17 PM] Selenium_Wrapper.enterURL:(82) - Entering url :https://macu1--upgrade.custhelp.com/AgentWeb/
[INFO ][04-Sep-2022 21:14:21 PM] Selenium_Wrapper.enterText:(311) - Entering Text :RNT_pramod in WebElement :[[ChromeDriver: chrome on WINDOWS (1ee79117f4804b5eecd0df998d706aa4)] -> id: username]
[INFO ][04-Sep-2022 21:14:23 PM] Selenium_Wrapper.enterText:(311) - Entering Text :Welcome123 in WebElement :[[ChromeDriver: chrome on WINDOWS (1ee79117f4804b5eecd0df998d706aa4)] -> id: password]
[INFO ][04-Sep-2022 21:14:52 PM] Selenium_Wrapper.click:(199) - Clicking on :[[ChromeDriver: chrome on WINDOWS (1ee79117f4804b5eecd0df998d706aa4)] -> id: loginbutton]
[INFO ][04-Sep-2022 21:15:06 PM] Selenium_Wrapper.click:(199) - Clicking on :[[ChromeDriver: chrome on WINDOWS (1ee79117f4804b5eecd0df998d706aa4)] -> xpath: //oj-button[@id='navigationSetBtn']]
[INFO ][04-Sep-2022 21:15:14 PM] Selenium_Wrapper.click:(199) - Clicking on :[[ChromeDriver: chrome on WINDOWS (1ee79117f4804b5eecd0df998d706aa4)] -> xpath: //div[@id='displayNavigationSet']//div[@automationid='Analytics']]
[INFO ][04-Sep-2022 21:15:25 PM] Selenium_Wrapper.click:(199) - Clicking on :[[ChromeDriver: chrome on WINDOWS (1ee79117f4804b5eecd0df998d706aa4)] -> xpath: //div[@automationid='Analytics_Reports Explorer']//span[text()='Reports Explorer']]
[INFO ][04-Sep-2022 21:15:39 PM] Selenium_Wrapper.click:(199) - Clicking on :[[ChromeDriver: chrome on WINDOWS (1ee79117f4804b5eecd0df998d706aa4)] -> xpath: //div[@aria-label='Public Reports'][text()='Public Reports']]
[INFO ][04-Sep-2022 21:15:44 PM] Selenium_Wrapper.click:(199) - Clicking on :[[ChromeDriver: chrome on WINDOWS (1ee79117f4804b5eecd0df998d706aa4)] -> xpath: //div[@aria-label='MACU CUSTOM REPORTS'][text()='MACU CUSTOM REPORTS']]
[INFO ][04-Sep-2022 21:15:49 PM] Selenium_Wrapper.click:(199) - Clicking on :[[ChromeDriver: chrome on WINDOWS (1ee79117f4804b5eecd0df998d706aa4)] -> xpath: //div[@aria-label='SoftClouds'][text()='SoftClouds']]
[INFO ][04-Sep-2022 21:16:02 PM] Selenium_Wrapper.click:(199) - Clicking on :[[ChromeDriver: chrome on WINDOWS (1ee79117f4804b5eecd0df998d706aa4)] -> xpath: //div[contains(@id,'ExplorerFolderAnalyticsFolder103223')]//div[@aria-label='OKCS'][text()='OKCS']]
[INFO ][04-Sep-2022 21:16:10 PM] Selenium_Wrapper.doubleClick:(280) - Double clicking on :[[ChromeDriver: chrome on WINDOWS (1ee79117f4804b5eecd0df998d706aa4)] -> xpath: //div[@class='explorer-right-panel']//div[@class='explorer-data-grid']//span[text()='Feedback Admin Report']]
[INFO ][04-Sep-2022 21:16:27 PM] Selenium_Wrapper.click:(199) - Clicking on :[[ChromeDriver: chrome on WINDOWS (1ee79117f4804b5eecd0df998d706aa4)] -> xpath: //div[@class='container wsx-flex']//div[@class='analyticsTopSection']//div[@class='select-box-root select-box-display-text-active']]
[INFO ][04-Sep-2022 21:16:32 PM] Selenium_Wrapper.click:(199) - Clicking on :[[ChromeDriver: chrome on WINDOWS (1ee79117f4804b5eecd0df998d706aa4)] -> xpath: //input[@aria-label='From']]
[INFO ][04-Sep-2022 21:16:32 PM] Selenium_Wrapper.clearTextBox:(295) - Cleared TextBox Field: [[ChromeDriver: chrome on WINDOWS (1ee79117f4804b5eecd0df998d706aa4)] -> xpath: //input[@aria-label='From']]
[INFO ][04-Sep-2022 21:16:34 PM] Selenium_Wrapper.enterText:(311) - Entering Text :09/10/2021 in WebElement :[[ChromeDriver: chrome on WINDOWS (1ee79117f4804b5eecd0df998d706aa4)] -> xpath: //input[@aria-label='From']]
[INFO ][04-Sep-2022 21:16:39 PM] Selenium_Wrapper.click:(199) - Clicking on :[[ChromeDriver: chrome on WINDOWS (1ee79117f4804b5eecd0df998d706aa4)] -> xpath: //div[contains(@class,'filterRegionMargin')]//span[@class='oj-button-text'][text()='Search']]
[INFO ][04-Sep-2022 21:16:48 PM] Selenium_Wrapper.doubleClick:(280) - Double clicking on :[[ChromeDriver: chrome on WINDOWS (1ee79117f4804b5eecd0df998d706aa4)] -> xpath: //div[@class='container wsx-flex']//div[contains(@column-id,'2')][1]]
[INFO ][04-Sep-2022 21:17:04 PM] Selenium_Wrapper.clickUsingActions:(249) - Clicking on :[[ChromeDriver: chrome on WINDOWS (1ee79117f4804b5eecd0df998d706aa4)] -> xpath: //div[contains(@id,'Incident_Status')][@class='display-text']]
[INFO ][04-Sep-2022 21:17:11 PM] Selenium_Wrapper.click:(199) - Clicking on :[[ChromeDriver: chrome on WINDOWS (1ee79117f4804b5eecd0df998d706aa4)] -> xpath: (//div[@title='Solved'])[1]]
[INFO ][04-Sep-2022 21:17:18 PM] Selenium_Wrapper.click:(199) - Clicking on :[[ChromeDriver: chrome on WINDOWS (1ee79117f4804b5eecd0df998d706aa4)] -> xpath: //div[@class='ws-toolbar-button-image bui-icon save-icon fa-lg']]
[INFO ][04-Sep-2022 21:17:27 PM] Selenium_Wrapper.click:(199) - Clicking on :[[ChromeDriver: chrome on WINDOWS (1ee79117f4804b5eecd0df998d706aa4)] -> xpath: (//a[@class='closeButton'])[3]]
[INFO ][04-Sep-2022 21:17:34 PM] Selenium_Wrapper.click:(199) - Clicking on :[[ChromeDriver: chrome on WINDOWS (1ee79117f4804b5eecd0df998d706aa4)] -> xpath: (//a[@class='closeButton'])[2]]
[INFO ][04-Sep-2022 21:17:42 PM] Selenium_Wrapper.click:(199) - Clicking on :[[ChromeDriver: chrome on WINDOWS (1ee79117f4804b5eecd0df998d706aa4)] -> xpath: (//a[@class='closeButton'])[1]]
[INFO ][04-Sep-2022 21:17:50 PM] Selenium_Wrapper.click:(199) - Clicking on :[[ChromeDriver: chrome on WINDOWS (1ee79117f4804b5eecd0df998d706aa4)] -> xpath: //body//oj-avatar[@initials='[[userMenuLabel]]']]
[INFO ][04-Sep-2022 21:17:57 PM] Selenium_Wrapper.click:(199) - Clicking on :[[ChromeDriver: chrome on WINDOWS (1ee79117f4804b5eecd0df998d706aa4)] -> xpath: //a//span[text()='Sign Out']]
[INFO ][04-Sep-2022 21:18:02 PM] Selenium_Wrapper.closeCurrentBrowser:(651) - Closing the current Browser
