[INFO ][09-Nov-2021 21:21:57 pm] Selenium_Wrapper.openBrowser:(48) - Opening chrome browser.
[INFO ][09-Nov-2021 21:22:03 pm] Selenium_Wrapper.enterURL:(82) - Entering url :https://macu1--tst.custhelp.com/AgentWeb/
[INFO ][09-Nov-2021 21:22:07 pm] Selenium_Wrapper.enterText:(311) - Entering Text :RNT_pramod in WebElement :[[ChromeDriver: chrome on WINDOWS (1a1f0d99a61a62b9b52e899b298b5cf0)] -> id: username]
[INFO ][09-Nov-2021 21:22:08 pm] Selenium_Wrapper.enterText:(311) - Entering Text :Welcome123 in WebElement :[[ChromeDriver: chrome on WINDOWS (1a1f0d99a61a62b9b52e899b298b5cf0)] -> id: password]
[INFO ][09-Nov-2021 21:22:37 pm] Selenium_Wrapper.click:(199) - Clicking on :[[ChromeDriver: chrome on WINDOWS (1a1f0d99a61a62b9b52e899b298b5cf0)] -> id: loginbutton]
[INFO ][09-Nov-2021 21:22:50 pm] Selenium_Wrapper.click:(199) - Clicking on :[[ChromeDriver: chrome on WINDOWS (1a1f0d99a61a62b9b52e899b298b5cf0)] -> id: navigationSetBtn]
[INFO ][09-Nov-2021 21:22:57 pm] Selenium_Wrapper.click:(199) - Clicking on :[[ChromeDriver: chrome on WINDOWS (1a1f0d99a61a62b9b52e899b298b5cf0)] -> xpath: //div[@automationid='Configuration']]
[INFO ][09-Nov-2021 21:23:02 pm] Selenium_Wrapper.click:(199) - Clicking on :[[ChromeDriver: chrome on WINDOWS (1a1f0d99a61a62b9b52e899b298b5cf0)] -> xpath: //div[@automationid='Configuration_Service']]
[INFO ][09-Nov-2021 21:23:07 pm] Selenium_Wrapper.click:(199) - Clicking on :[[ChromeDriver: chrome on WINDOWS (1a1f0d99a61a62b9b52e899b298b5cf0)] -> xpath: //div[@automationid='Configuration_Service_Knowledge Advanced']]
[INFO ][09-Nov-2021 21:23:13 pm] Selenium_Wrapper.click:(199) - Clicking on :[[ChromeDriver: chrome on WINDOWS (1a1f0d99a61a62b9b52e899b298b5cf0)] -> xpath: //div[@automationid='Configuration_Service_Knowledge Advanced_Authoring']//span[text()='Authoring']]
[INFO ][09-Nov-2021 21:23:27 pm] Selenium_Wrapper.clickUsingActions:(249) - Clicking on :[[ChromeDriver: chrome on WINDOWS (1a1f0d99a61a62b9b52e899b298b5cf0)] -> xpath: //div[@class='bodyDivRN']//li[@testidentifier='MainNavBar_Content']//a]
[INFO ][09-Nov-2021 21:23:40 pm] Selenium_Wrapper.click:(199) - Clicking on :[[ChromeDriver: chrome on WINDOWS (1a1f0d99a61a62b9b52e899b298b5cf0)] -> xpath: //a[@testidentifier='ContentNavBar_Add_Technology'][normalize-space()='Add']]
[INFO ][09-Nov-2021 21:23:48 pm] Selenium_Wrapper.click:(199) - Clicking on :[[ChromeDriver: chrome on WINDOWS (1a1f0d99a61a62b9b52e899b298b5cf0)] -> xpath: //input[@testidentifier='Content_ContentType_Add_SUMMARY']]
[INFO ][09-Nov-2021 21:23:50 pm] Selenium_Wrapper.enterText:(311) - Entering Text :Test Technology through Automation 3 in WebElement :[[ChromeDriver: chrome on WINDOWS (1a1f0d99a61a62b9b52e899b298b5cf0)] -> xpath: //input[@testidentifier='Content_ContentType_Add_SUMMARY']]
[INFO ][09-Nov-2021 21:23:55 pm] Selenium_Wrapper.click:(199) - Clicking on :[[ChromeDriver: chrome on WINDOWS (1a1f0d99a61a62b9b52e899b298b5cf0)] -> xpath: //input[@testidentifier='Content_ContentType_Add_KEYWORD']]
[INFO ][09-Nov-2021 21:23:56 pm] Selenium_Wrapper.enterText:(311) - Entering Text :Automation Technology Test 3 in WebElement :[[ChromeDriver: chrome on WINDOWS (1a1f0d99a61a62b9b52e899b298b5cf0)] -> xpath: //input[@testidentifier='Content_ContentType_Add_KEYWORD']]
[INFO ][09-Nov-2021 21:24:06 pm] Selenium_Wrapper.click:(199) - Clicking on :[[ChromeDriver: chrome on WINDOWS (1a1f0d99a61a62b9b52e899b298b5cf0)] -> xpath: (//span[text()='Source'])[6]]
[INFO ][09-Nov-2021 21:24:11 pm] Selenium_Wrapper.click:(199) - Clicking on :[[ChromeDriver: chrome on WINDOWS (1a1f0d99a61a62b9b52e899b298b5cf0)] -> xpath: //textarea[contains(@title,'Rich Text Editor')]]
[INFO ][09-Nov-2021 21:24:24 pm] Selenium_Wrapper.enterText:(311) - Entering Text :<h1>Basic Info</h1>

<h2>Rescue Loan Qualification</h2>

<p>For a loan to qualify as rescued you must be able to say YES to EACH of the requirements below:</p>

<ol>
               <li>This is a new loan to MACU</li>
               <li>This loan is paying off an existing loan from another financial institution (personally&nbsp;held debt and collections are not eligible)</li> 
               <li>I proactively rescued this loan</li>
               <li>I reviewed a Value Analyzer with the member and discussed how the new rescue loan meets their needs</li>
</ol>
<h2>Rescued Loan Incentive</h2>

<ul>
               <li>MSRs and Service Center Agents will receive $10.00 plus&nbsp;$0.50 per $1,000 of rescued volume ($100 cap) for a rescue referral sent to a loan-trained employee (FSR, Outbound Agent, etc.)</li>
               <li>Loan-trained team members who originate and book a rescued loan will receive&nbsp;$2 per $1,000 of rescued volume&nbsp;($100 cap).
               <ul>
                            <li>When booked as a result of a referral, the incentive for the loan-trained individual changes to $1.50 per $1,000 of rescued volume.</li>
               </ul>
               </li>
</ul>

<div class="panel panel-default panel_note">
<div class="panel-heading">
<h2 class="panel-title"> 
<span class="rn_note"><strong>Note: </strong> Need to rename a multi-workspace channel on an Enterprise Grid org? Only the Owners or Admins of the workspace or org can do so.</span>
</h2>
</div>
</div>

<div class="panel panel-default panel_tip">
<div class="panel-heading">
<h2 class="panel-title"> 
<span class="rn_tip"><strong>Tip:</strong> Only the Owners or Admins of the org can edit this content.</span>
</h2>
</div>
</div>

<div class="panel panel-default panel_updated">
<div class="panel-heading">
<h2 class="panel-title"> 
<span class="rn_updated"><strong>COVID-19 Update: </strong> Qualifications to Open and Make Contributions</span>
</h2>
</div>
</div>

<div class="panel panel-default panel_video">
<div class="panel-heading">
<h2 class="panel-title">
<a class="collapsed" data-toggle="collapse" href="#panel_video_bodyone"> 
<span class="rn_video">Video Title</span></a></h2>
</div>
<div aria-expanded="true" class="panel-collapse collapse " id="panel_video_bodyone" role="tabpanel">&nbsp;
<div class="col-sm-12">
<iframe allowfullscreen="" frameborder="0" height="auto" scrolling="no" src="https://web.microsoftstream.com/embed/video/e865da0e-1116-4ada-b64e-230d0807e343?autoplay=false&amp;showinfo=true" style="border: currentColor; border-image: none;" width="100%"></iframe></div>
</div>
</div> in WebElement :[[ChromeDriver: chrome on WINDOWS (1a1f0d99a61a62b9b52e899b298b5cf0)] -> xpath: //textarea[contains(@title,'Rich Text Editor')]]
[INFO ][09-Nov-2021 21:24:29 pm] Selenium_Wrapper.click:(199) - Clicking on :[[ChromeDriver: chrome on WINDOWS (1a1f0d99a61a62b9b52e899b298b5cf0)] -> xpath: (//span[text()='Source'])[6]]
[INFO ][09-Nov-2021 21:24:37 pm] Selenium_Wrapper.click:(199) - Clicking on :[[ChromeDriver: chrome on WINDOWS (1a1f0d99a61a62b9b52e899b298b5cf0)] -> xpath: //input[@type='checkbox'][@testidentifier='ContentAttributes_RepoViewSelection']]
[INFO ][09-Nov-2021 21:24:54 pm] Selenium_Wrapper.click:(199) - Clicking on :[[ChromeDriver: chrome on WINDOWS (1a1f0d99a61a62b9b52e899b298b5cf0)] -> xpath: //a[text()='Save Document']]
[INFO ][09-Nov-2021 21:25:05 pm] Selenium_Wrapper.click:(199) - Clicking on :[[ChromeDriver: chrome on WINDOWS (1a1f0d99a61a62b9b52e899b298b5cf0)] -> xpath: //a[text()='Approve']]
[INFO ][09-Nov-2021 21:25:16 pm] Selenium_Wrapper.click:(199) - Clicking on :[[ChromeDriver: chrome on WINDOWS (1a1f0d99a61a62b9b52e899b298b5cf0)] -> xpath: //a[text()='Approve']]
[INFO ][09-Nov-2021 21:25:26 pm] Selenium_Wrapper.click:(199) - Clicking on :[[ChromeDriver: chrome on WINDOWS (1a1f0d99a61a62b9b52e899b298b5cf0)] -> xpath: //a[text()='Approve']]
[INFO ][09-Nov-2021 21:25:29 pm] Selenium_Wrapper.closeCurrentBrowser:(650) - Closing the current Browser
[INFO ][09-Nov-2021 21:25:34 pm] Selenium_Wrapper.openBrowser:(48) - Opening chrome browser.
[INFO ][09-Nov-2021 21:25:41 pm] Selenium_Wrapper.enterURL:(82) - Entering url :https://macu1--tst.custhelp.com/app/home
[INFO ][09-Nov-2021 21:25:46 pm] Selenium_Wrapper.enterText:(311) - Entering Text :pramodk in WebElement :[[ChromeDriver: chrome on WINDOWS (811b0052db3d857a4ffc24b32cf48e94)] -> id: rn_LoginForm_2_Username]
[INFO ][09-Nov-2021 21:25:47 pm] Selenium_Wrapper.enterText:(311) - Entering Text :Soft@123 in WebElement :[[ChromeDriver: chrome on WINDOWS (811b0052db3d857a4ffc24b32cf48e94)] -> id: rn_LoginForm_2_Password]
[INFO ][09-Nov-2021 21:25:54 pm] Selenium_Wrapper.click:(199) - Clicking on :[[ChromeDriver: chrome on WINDOWS (811b0052db3d857a4ffc24b32cf48e94)] -> id: rn_LoginForm_2_Submit]
[INFO ][09-Nov-2021 21:26:45 pm] Selenium_Wrapper.closeCurrentBrowser:(650) - Closing the current Browser
