[INFO ][04-Sep-2022 09:28:29 AM] Selenium_Wrapper.openBrowser:(48) - Opening chrome browser.
[INFO ][04-Sep-2022 09:28:32 AM] Selenium_Wrapper.enterURL:(82) - Entering url :https://macu1--upgrade.custhelp.com/AgentWeb/
[INFO ][04-Sep-2022 09:28:36 AM] Selenium_Wrapper.enterText:(311) - Entering Text :RNT_pramod in WebElement :[[ChromeDriver: chrome on WINDOWS (c9403b798a5ddc6124e298ad1862de2c)] -> id: username]
[INFO ][04-Sep-2022 09:28:37 AM] Selenium_Wrapper.enterText:(311) - Entering Text :Welcome123 in WebElement :[[ChromeDriver: chrome on WINDOWS (c9403b798a5ddc6124e298ad1862de2c)] -> id: password]
[INFO ][04-Sep-2022 09:29:12 AM] Selenium_Wrapper.click:(199) - Clicking on :[[ChromeDriver: chrome on WINDOWS (c9403b798a5ddc6124e298ad1862de2c)] -> id: loginbutton]
[INFO ][04-Sep-2022 09:29:24 AM] Selenium_Wrapper.click:(199) - Clicking on :[[ChromeDriver: chrome on WINDOWS (c9403b798a5ddc6124e298ad1862de2c)] -> id: navigationSetBtn]
[INFO ][04-Sep-2022 09:29:30 AM] Selenium_Wrapper.click:(199) - Clicking on :[[ChromeDriver: chrome on WINDOWS (c9403b798a5ddc6124e298ad1862de2c)] -> xpath: //div[@automationid='Analytics']]
[INFO ][04-Sep-2022 09:29:42 AM] Selenium_Wrapper.click:(199) - Clicking on :[[ChromeDriver: chrome on WINDOWS (c9403b798a5ddc6124e298ad1862de2c)] -> xpath: //div[@automationid='Analytics_Reports Explorer']//span[text()='Reports Explorer']]
[INFO ][04-Sep-2022 09:29:57 AM] Selenium_Wrapper.click:(199) - Clicking on :[[ChromeDriver: chrome on WINDOWS (c9403b798a5ddc6124e298ad1862de2c)] -> xpath: //div[@aria-label='Public Reports'][text()='Public Reports']]
[INFO ][04-Sep-2022 09:30:03 AM] Selenium_Wrapper.click:(199) - Clicking on :[[ChromeDriver: chrome on WINDOWS (c9403b798a5ddc6124e298ad1862de2c)] -> xpath: //div[@aria-label='MACU CUSTOM REPORTS'][text()='MACU CUSTOM REPORTS']]
[INFO ][04-Sep-2022 09:30:08 AM] Selenium_Wrapper.click:(199) - Clicking on :[[ChromeDriver: chrome on WINDOWS (c9403b798a5ddc6124e298ad1862de2c)] -> xpath: //div[@aria-label='SoftClouds'][text()='SoftClouds']]
[INFO ][04-Sep-2022 09:30:13 AM] Selenium_Wrapper.click:(199) - Clicking on :[[ChromeDriver: chrome on WINDOWS (c9403b798a5ddc6124e298ad1862de2c)] -> xpath: //div[@aria-label='OKCS'][text()='OKCS'][contains(@id,'ExplorerFolderLabelAnalyticsFolder103223')]]
[ERROR][04-Sep-2022 09:30:28 AM] ActionsDashboardReport.testVisitorActionsDashboard:(99) - Select Actions Report in BUI Test is un-successfull
[ERROR][04-Sep-2022 09:32:09 AM] Selenium_Wrapper.getWebElement:(124) - org.openqa.selenium.UnhandledAlertException: unexpected alert open: {Alert text : }
  (Session info: chrome=105.0.5195.102): {Alert text : 
Build info: version: '3.141.59', revision: 'e82be7d358', time: '2018-11-14T08:17:03'
System info: host: 'QA-SWAMYK', ip: '192.168.0.4', os.name: 'Windows 10', os.arch: 'amd64', os.version: '10.0', java.version: '11.0.10'
Driver info: org.openqa.selenium.chrome.ChromeDriver
Capabilities {acceptInsecureCerts: false, browserName: chrome, browserVersion: 105.0.5195.102, chrome: {chromedriverVersion: 105.0.5195.52 (412c95e51883..., userDataDir: C:\Users\SWAMYK~1\AppData\L...}, goog:chromeOptions: {debuggerAddress: localhost:50834}, javascriptEnabled: true, networkConnectionEnabled: false, pageLoadStrategy: normal, platform: WINDOWS, platformName: WINDOWS, proxy: Proxy(), setWindowRect: true, strictFileInteractability: false, timeouts: {implicit: 0, pageLoad: 300000, script: 30000}, unhandledPromptBehavior: dismiss and notify, webauthn:extension:credBlob: true, webauthn:extension:largeBlob: true, webauthn:virtualAuthenticators: true}
Session ID: c9403b798a5ddc6124e298ad1862de2c
[ERROR][04-Sep-2022 09:32:09 AM] ActionsDashboardReport.testSignout:(115) - Logout/SignOut un-successfull
