[INFO ][04-Sep-2022 09:36:09 AM] Selenium_Wrapper.openBrowser:(48) - Opening chrome browser.
[INFO ][04-Sep-2022 09:36:13 AM] Selenium_Wrapper.enterURL:(82) - Entering url :https://macu1--upgrade.custhelp.com/AgentWeb/
[INFO ][04-Sep-2022 09:36:17 AM] Selenium_Wrapper.enterText:(311) - Entering Text :RNT_pramod in WebElement :[[ChromeDriver: chrome on WINDOWS (e00c357c674f0f42bc7b5855eddd3808)] -> id: username]
[INFO ][04-Sep-2022 09:36:18 AM] Selenium_Wrapper.enterText:(311) - Entering Text :Welcome123 in WebElement :[[ChromeDriver: chrome on WINDOWS (e00c357c674f0f42bc7b5855eddd3808)] -> id: password]
[INFO ][04-Sep-2022 09:36:49 AM] Selenium_Wrapper.click:(199) - Clicking on :[[ChromeDriver: chrome on WINDOWS (e00c357c674f0f42bc7b5855eddd3808)] -> id: loginbutton]
[INFO ][04-Sep-2022 09:37:02 AM] Selenium_Wrapper.click:(199) - Clicking on :[[ChromeDriver: chrome on WINDOWS (e00c357c674f0f42bc7b5855eddd3808)] -> id: navigationSetBtn]
[INFO ][04-Sep-2022 09:37:07 AM] Selenium_Wrapper.click:(199) - Clicking on :[[ChromeDriver: chrome on WINDOWS (e00c357c674f0f42bc7b5855eddd3808)] -> xpath: //div[@automationid='Analytics']]
[INFO ][04-Sep-2022 09:37:20 AM] Selenium_Wrapper.click:(199) - Clicking on :[[ChromeDriver: chrome on WINDOWS (e00c357c674f0f42bc7b5855eddd3808)] -> xpath: //div[@automationid='Analytics_Reports Explorer']//span[text()='Reports Explorer']]
[INFO ][04-Sep-2022 09:37:36 AM] Selenium_Wrapper.click:(199) - Clicking on :[[ChromeDriver: chrome on WINDOWS (e00c357c674f0f42bc7b5855eddd3808)] -> xpath: //div[@aria-label='Public Reports'][text()='Public Reports']]
[INFO ][04-Sep-2022 09:37:41 AM] Selenium_Wrapper.click:(199) - Clicking on :[[ChromeDriver: chrome on WINDOWS (e00c357c674f0f42bc7b5855eddd3808)] -> xpath: //div[@aria-label='MACU CUSTOM REPORTS'][text()='MACU CUSTOM REPORTS']]
[INFO ][04-Sep-2022 09:37:46 AM] Selenium_Wrapper.click:(199) - Clicking on :[[ChromeDriver: chrome on WINDOWS (e00c357c674f0f42bc7b5855eddd3808)] -> xpath: //div[@aria-label='SoftClouds'][text()='SoftClouds']]
[INFO ][04-Sep-2022 09:37:52 AM] Selenium_Wrapper.click:(199) - Clicking on :[[ChromeDriver: chrome on WINDOWS (e00c357c674f0f42bc7b5855eddd3808)] -> xpath: //div[@aria-label='OKCS'][text()='OKCS'][contains(@id,'ExplorerFolderLabelAnalyticsFolder103223')]]
[INFO ][04-Sep-2022 09:38:15 AM] Selenium_Wrapper.click:(199) - Clicking on :[[ChromeDriver: chrome on WINDOWS (e00c357c674f0f42bc7b5855eddd3808)] -> xpath: //oj-input-text[@automationid='Email']//input]
[INFO ][04-Sep-2022 09:38:17 AM] Selenium_Wrapper.enterText:(311) - Entering Text :Pramodk@softclouds.com in WebElement :[[ChromeDriver: chrome on WINDOWS (e00c357c674f0f42bc7b5855eddd3808)] -> xpath: //oj-input-text[@automationid='Email']//input]
[INFO ][04-Sep-2022 09:38:22 AM] Selenium_Wrapper.click:(199) - Clicking on :[[ChromeDriver: chrome on WINDOWS (e00c357c674f0f42bc7b5855eddd3808)] -> xpath: //div[contains(@class,'filterRegionMargin')]//button[@title='Search']//span[text()='Search']]
[ERROR][04-Sep-2022 09:38:41 AM] Selenium_Wrapper.highlightWebElement:(417) - org.openqa.selenium.StaleElementReferenceException: stale element reference: element is not attached to the page document
  (Session info: chrome=105.0.5195.102)
For documentation on this error, please visit: https://www.seleniumhq.org/exceptions/stale_element_reference.html
Build info: version: '3.141.59', revision: 'e82be7d358', time: '2018-11-14T08:17:03'
System info: host: 'QA-SWAMYK', ip: '192.168.0.4', os.name: 'Windows 10', os.arch: 'amd64', os.version: '10.0', java.version: '11.0.10'
Driver info: org.openqa.selenium.chrome.ChromeDriver
Capabilities {acceptInsecureCerts: false, browserName: chrome, browserVersion: 105.0.5195.102, chrome: {chromedriverVersion: 105.0.5195.52 (412c95e51883..., userDataDir: C:\Users\SWAMYK~1\AppData\L...}, goog:chromeOptions: {debuggerAddress: localhost:50936}, javascriptEnabled: true, networkConnectionEnabled: false, pageLoadStrategy: normal, platform: WINDOWS, platformName: WINDOWS, proxy: Proxy(), setWindowRect: true, strictFileInteractability: false, timeouts: {implicit: 0, pageLoad: 300000, script: 30000}, unhandledPromptBehavior: dismiss and notify, webauthn:extension:credBlob: true, webauthn:extension:largeBlob: true, webauthn:virtualAuthenticators: true}
Session ID: e00c357c674f0f42bc7b5855eddd3808
[INFO ][04-Sep-2022 09:38:50 AM] Selenium_Wrapper.click:(199) - Clicking on :[[ChromeDriver: chrome on WINDOWS (e00c357c674f0f42bc7b5855eddd3808)] -> xpath: //body//oj-avatar[@initials='[[userMenuLabel]]']]
[INFO ][04-Sep-2022 09:38:57 AM] Selenium_Wrapper.click:(199) - Clicking on :[[ChromeDriver: chrome on WINDOWS (e00c357c674f0f42bc7b5855eddd3808)] -> xpath: //a//span[text()='Sign Out']]
