[INFO ][07-Nov-2021 21:39:19 pm] Selenium_Wrapper.openBrowser:(48) - Opening chrome browser.
[INFO ][07-Nov-2021 21:39:27 pm] Selenium_Wrapper.enterURL:(82) - Entering url :https://macu1--tst.custhelp.com/app/home
[INFO ][07-Nov-2021 21:39:32 pm] Selenium_Wrapper.enterText:(311) - Entering Text :pramodk in WebElement :[[ChromeDriver: chrome on WINDOWS (8ced76ea3a68f8a20ab2edf9133fed0e)] -> id: rn_LoginForm_2_Username]
[INFO ][07-Nov-2021 21:39:33 pm] Selenium_Wrapper.enterText:(311) - Entering Text :Soft@123 in WebElement :[[ChromeDriver: chrome on WINDOWS (8ced76ea3a68f8a20ab2edf9133fed0e)] -> id: rn_LoginForm_2_Password]
[INFO ][07-Nov-2021 21:39:40 pm] Selenium_Wrapper.click:(199) - Clicking on :[[ChromeDriver: chrome on WINDOWS (8ced76ea3a68f8a20ab2edf9133fed0e)] -> id: rn_LoginForm_2_Submit]
[INFO ][07-Nov-2021 21:39:48 pm] Selenium_Wrapper.click:(199) - Clicking on :[[ChromeDriver: chrome on WINDOWS (8ced76ea3a68f8a20ab2edf9133fed0e)] -> xpath: //input[@type='search']]
[INFO ][07-Nov-2021 21:39:49 pm] Selenium_Wrapper.enterText:(311) - Entering Text :Flexible Work in WebElement :[[ChromeDriver: chrome on WINDOWS (8ced76ea3a68f8a20ab2edf9133fed0e)] -> xpath: //input[@type='search']]
[INFO ][07-Nov-2021 21:40:02 pm] Selenium_Wrapper.click:(199) - Clicking on :[[ChromeDriver: chrome on WINDOWS (8ced76ea3a68f8a20ab2edf9133fed0e)] -> xpath: //ul[@aria-label='Suggested Search']//li[normalize-space()='Flexible Work']]
[INFO ][07-Nov-2021 21:40:09 pm] Selenium_Wrapper.click:(199) - Clicking on :[[ChromeDriver: chrome on WINDOWS (8ced76ea3a68f8a20ab2edf9133fed0e)] -> xpath: //div[@class='rn_SearchResultContent']//a[text()='Flexible Work']]
[INFO ][07-Nov-2021 21:40:26 pm] Selenium_Wrapper.click:(199) - Clicking on :[[ChromeDriver: chrome on WINDOWS (8ced76ea3a68f8a20ab2edf9133fed0e)] -> xpath: //div[@class='main_image_div']//div[@class='thumbs_up_down'][2]]
[INFO ][07-Nov-2021 21:40:38 pm] Selenium_Wrapper.click:(199) - Clicking on :[[ChromeDriver: chrome on WINDOWS (8ced76ea3a68f8a20ab2edf9133fed0e)] -> id: rn_AnswerRating_3_22_FeedbackMessage]
[INFO ][07-Nov-2021 21:40:39 pm] Selenium_Wrapper.enterText:(311) - Entering Text :Flexible Work - ThumbDown Comments in WebElement :[[ChromeDriver: chrome on WINDOWS (8ced76ea3a68f8a20ab2edf9133fed0e)] -> id: rn_AnswerRating_3_22_FeedbackMessage]
[INFO ][07-Nov-2021 21:40:44 pm] Selenium_Wrapper.click:(199) - Clicking on :[[ChromeDriver: chrome on WINDOWS (8ced76ea3a68f8a20ab2edf9133fed0e)] -> xpath: //button[text()='SUBMIT']]
[INFO ][07-Nov-2021 21:40:49 pm] Selenium_Wrapper.click:(199) - Clicking on :[[ChromeDriver: chrome on WINDOWS (8ced76ea3a68f8a20ab2edf9133fed0e)] -> xpath: //button[@class='yui3-button yui3-button-close']]
[INFO ][07-Nov-2021 21:41:00 pm] Selenium_Wrapper.click:(199) - Clicking on :[[ChromeDriver: chrome on WINDOWS (8ced76ea3a68f8a20ab2edf9133fed0e)] -> xpath: //div[@class='dropdown']]
[INFO ][07-Nov-2021 21:41:09 pm] Selenium_Wrapper.click:(199) - Clicking on :[[ChromeDriver: chrome on WINDOWS (8ced76ea3a68f8a20ab2edf9133fed0e)] -> xpath: //a[text()='My Feedback']]
[INFO ][07-Nov-2021 21:41:33 pm] Selenium_Wrapper.click:(199) - Clicking on :[[ChromeDriver: chrome on WINDOWS (8ced76ea3a68f8a20ab2edf9133fed0e)] -> xpath: ((//table//tbody)[2]//a)[1]]
[INFO ][07-Nov-2021 21:41:54 pm] Selenium_Wrapper.click:(199) - Clicking on :[[ChromeDriver: chrome on WINDOWS (8ced76ea3a68f8a20ab2edf9133fed0e)] -> class name: knowledge]
[INFO ][07-Nov-2021 21:41:59 pm] Selenium_Wrapper.openBrowser:(48) - Opening chrome browser.
[INFO ][07-Nov-2021 21:42:03 pm] Selenium_Wrapper.enterURL:(82) - Entering url :https://macu1--tst.custhelp.com/AgentWeb/
[INFO ][07-Nov-2021 21:42:07 pm] Selenium_Wrapper.enterText:(311) - Entering Text :RNT_pramod in WebElement :[[ChromeDriver: chrome on WINDOWS (ad037aafb87eb0453ee5a54b255eeefc)] -> id: username]
[INFO ][07-Nov-2021 21:42:08 pm] Selenium_Wrapper.enterText:(311) - Entering Text :Welcome123 in WebElement :[[ChromeDriver: chrome on WINDOWS (ad037aafb87eb0453ee5a54b255eeefc)] -> id: password]
[INFO ][07-Nov-2021 21:42:37 pm] Selenium_Wrapper.click:(199) - Clicking on :[[ChromeDriver: chrome on WINDOWS (ad037aafb87eb0453ee5a54b255eeefc)] -> id: loginbutton]
[INFO ][07-Nov-2021 21:42:47 pm] Selenium_Wrapper.click:(199) - Clicking on :[[ChromeDriver: chrome on WINDOWS (ad037aafb87eb0453ee5a54b255eeefc)] -> xpath: //div[@id='landingPanel-notifications']//button[@class='oj-button oj-button-half-chrome mobile-close-icon mobile-close-button closeFoldout']//label[text()='Close Action Center']]
[INFO ][07-Nov-2021 21:42:54 pm] Selenium_Wrapper.click:(199) - Clicking on :[[ChromeDriver: chrome on WINDOWS (ad037aafb87eb0453ee5a54b255eeefc)] -> xpath: (//span[@class='oj-button-icon oj-start navigator-icon oj-button-icon oj-start'])[1]]
[INFO ][07-Nov-2021 21:43:00 pm] Selenium_Wrapper.click:(199) - Clicking on :[[ChromeDriver: chrome on WINDOWS (ad037aafb87eb0453ee5a54b255eeefc)] -> xpath: (//div[text()='Analytics']//a)]
[INFO ][07-Nov-2021 21:43:05 pm] Selenium_Wrapper.click:(199) - Clicking on :[[ChromeDriver: chrome on WINDOWS (ad037aafb87eb0453ee5a54b255eeefc)] -> xpath: //span[text()='Reports Explorer']]
[INFO ][07-Nov-2021 21:43:10 pm] Selenium_Wrapper.click:(199) - Clicking on :[[ChromeDriver: chrome on WINDOWS (ad037aafb87eb0453ee5a54b255eeefc)] -> xpath: //div[text()='Public Reports']]
[INFO ][07-Nov-2021 21:43:16 pm] Selenium_Wrapper.click:(199) - Clicking on :[[ChromeDriver: chrome on WINDOWS (ad037aafb87eb0453ee5a54b255eeefc)] -> xpath: //div[text()='MACU CUSTOM REPORTS']]
[INFO ][07-Nov-2021 21:43:21 pm] Selenium_Wrapper.click:(199) - Clicking on :[[ChromeDriver: chrome on WINDOWS (ad037aafb87eb0453ee5a54b255eeefc)] -> xpath: //div[text()='SoftClouds']]
[INFO ][07-Nov-2021 21:43:26 pm] Selenium_Wrapper.click:(199) - Clicking on :[[ChromeDriver: chrome on WINDOWS (ad037aafb87eb0453ee5a54b255eeefc)] -> xpath: //div[text()='OKCS']]
[ERROR][07-Nov-2021 21:43:40 pm] ThumbsDownFeedBack.testSelectingandGivingAnswerstoReportFlow:(227) - Selecting and Giving Answers to Report Test  is  un-successfull
[INFO ][07-Nov-2021 21:43:50 pm] Selenium_Wrapper.click:(199) - Clicking on :[[ChromeDriver: chrome on WINDOWS (ad037aafb87eb0453ee5a54b255eeefc)] -> xpath: //body//span[@id='initialsText']]
[INFO ][07-Nov-2021 21:43:58 pm] Selenium_Wrapper.click:(199) - Clicking on :[[ChromeDriver: chrome on WINDOWS (ad037aafb87eb0453ee5a54b255eeefc)] -> xpath: //a//span[text()='Sign Out']]
[INFO ][07-Nov-2021 21:44:10 pm] Selenium_Wrapper.click:(199) - Clicking on :[[ChromeDriver: chrome on WINDOWS (ad037aafb87eb0453ee5a54b255eeefc)] -> xpath: //a[text()='Click here']]
[INFO ][07-Nov-2021 21:44:13 pm] Selenium_Wrapper.closeCurrentBrowser:(650) - Closing the current Browser
