[INFO ][07-Nov-2021 21:45:16 pm] Selenium_Wrapper.openBrowser:(48) - Opening chrome browser.
[INFO ][07-Nov-2021 21:45:25 pm] Selenium_Wrapper.enterURL:(82) - Entering url :https://macu1--tst.custhelp.com/app/home
[INFO ][07-Nov-2021 21:45:29 pm] Selenium_Wrapper.enterText:(311) - Entering Text :pramodk in WebElement :[[ChromeDriver: chrome on WINDOWS (05f6e1c9da8a927f8854310a36046687)] -> id: rn_LoginForm_2_Username]
[INFO ][07-Nov-2021 21:45:30 pm] Selenium_Wrapper.enterText:(311) - Entering Text :Soft@123 in WebElement :[[ChromeDriver: chrome on WINDOWS (05f6e1c9da8a927f8854310a36046687)] -> id: rn_LoginForm_2_Password]
[INFO ][07-Nov-2021 21:45:37 pm] Selenium_Wrapper.click:(199) - Clicking on :[[ChromeDriver: chrome on WINDOWS (05f6e1c9da8a927f8854310a36046687)] -> id: rn_LoginForm_2_Submit]
[INFO ][07-Nov-2021 21:45:46 pm] Selenium_Wrapper.click:(199) - Clicking on :[[ChromeDriver: chrome on WINDOWS (05f6e1c9da8a927f8854310a36046687)] -> xpath: //input[@type='search']]
[INFO ][07-Nov-2021 21:45:47 pm] Selenium_Wrapper.enterText:(311) - Entering Text :Flexible Work in WebElement :[[ChromeDriver: chrome on WINDOWS (05f6e1c9da8a927f8854310a36046687)] -> xpath: //input[@type='search']]
[INFO ][07-Nov-2021 21:45:59 pm] Selenium_Wrapper.click:(199) - Clicking on :[[ChromeDriver: chrome on WINDOWS (05f6e1c9da8a927f8854310a36046687)] -> xpath: //ul[@aria-label='Suggested Search']//li[normalize-space()='Flexible Work']]
[INFO ][07-Nov-2021 21:46:07 pm] Selenium_Wrapper.click:(199) - Clicking on :[[ChromeDriver: chrome on WINDOWS (05f6e1c9da8a927f8854310a36046687)] -> xpath: //div[@class='rn_SearchResultContent']//a[text()='Flexible Work']]
[INFO ][07-Nov-2021 21:46:24 pm] Selenium_Wrapper.click:(199) - Clicking on :[[ChromeDriver: chrome on WINDOWS (05f6e1c9da8a927f8854310a36046687)] -> xpath: //div[@class='main_image_div']//div[@class='thumbs_up_down'][2]]
[INFO ][07-Nov-2021 21:46:36 pm] Selenium_Wrapper.click:(199) - Clicking on :[[ChromeDriver: chrome on WINDOWS (05f6e1c9da8a927f8854310a36046687)] -> id: rn_AnswerRating_3_22_FeedbackMessage]
[INFO ][07-Nov-2021 21:46:37 pm] Selenium_Wrapper.enterText:(311) - Entering Text :Flexible Work - ThumbDown Comments in WebElement :[[ChromeDriver: chrome on WINDOWS (05f6e1c9da8a927f8854310a36046687)] -> id: rn_AnswerRating_3_22_FeedbackMessage]
[INFO ][07-Nov-2021 21:46:42 pm] Selenium_Wrapper.click:(199) - Clicking on :[[ChromeDriver: chrome on WINDOWS (05f6e1c9da8a927f8854310a36046687)] -> xpath: //button[text()='SUBMIT']]
[INFO ][07-Nov-2021 21:46:48 pm] Selenium_Wrapper.click:(199) - Clicking on :[[ChromeDriver: chrome on WINDOWS (05f6e1c9da8a927f8854310a36046687)] -> xpath: //button[@class='yui3-button yui3-button-close']]
[INFO ][07-Nov-2021 21:46:58 pm] Selenium_Wrapper.click:(199) - Clicking on :[[ChromeDriver: chrome on WINDOWS (05f6e1c9da8a927f8854310a36046687)] -> xpath: //div[@class='dropdown']]
[INFO ][07-Nov-2021 21:47:08 pm] Selenium_Wrapper.click:(199) - Clicking on :[[ChromeDriver: chrome on WINDOWS (05f6e1c9da8a927f8854310a36046687)] -> xpath: //a[text()='My Feedback']]
[INFO ][07-Nov-2021 21:47:31 pm] Selenium_Wrapper.click:(199) - Clicking on :[[ChromeDriver: chrome on WINDOWS (05f6e1c9da8a927f8854310a36046687)] -> xpath: ((//table//tbody)[2]//a)[1]]
[INFO ][07-Nov-2021 21:47:52 pm] Selenium_Wrapper.click:(199) - Clicking on :[[ChromeDriver: chrome on WINDOWS (05f6e1c9da8a927f8854310a36046687)] -> class name: knowledge]
[INFO ][07-Nov-2021 21:47:56 pm] Selenium_Wrapper.openBrowser:(48) - Opening chrome browser.
[INFO ][07-Nov-2021 21:48:01 pm] Selenium_Wrapper.enterURL:(82) - Entering url :https://macu1--tst.custhelp.com/AgentWeb/
[INFO ][07-Nov-2021 21:48:05 pm] Selenium_Wrapper.enterText:(311) - Entering Text :RNT_pramod in WebElement :[[ChromeDriver: chrome on WINDOWS (6e5b7ee1436d8b09f4fc3c668023438f)] -> id: username]
[INFO ][07-Nov-2021 21:48:06 pm] Selenium_Wrapper.enterText:(311) - Entering Text :Welcome123 in WebElement :[[ChromeDriver: chrome on WINDOWS (6e5b7ee1436d8b09f4fc3c668023438f)] -> id: password]
[INFO ][07-Nov-2021 21:48:38 pm] Selenium_Wrapper.click:(199) - Clicking on :[[ChromeDriver: chrome on WINDOWS (6e5b7ee1436d8b09f4fc3c668023438f)] -> id: loginbutton]
[INFO ][07-Nov-2021 21:48:48 pm] Selenium_Wrapper.click:(199) - Clicking on :[[ChromeDriver: chrome on WINDOWS (6e5b7ee1436d8b09f4fc3c668023438f)] -> xpath: //div[@id='landingPanel-notifications']//button[@class='oj-button oj-button-half-chrome mobile-close-icon mobile-close-button closeFoldout']//label[text()='Close Action Center']]
[INFO ][07-Nov-2021 21:48:56 pm] Selenium_Wrapper.click:(199) - Clicking on :[[ChromeDriver: chrome on WINDOWS (6e5b7ee1436d8b09f4fc3c668023438f)] -> xpath: (//span[@class='oj-button-icon oj-start navigator-icon oj-button-icon oj-start'])[1]]
[INFO ][07-Nov-2021 21:49:01 pm] Selenium_Wrapper.click:(199) - Clicking on :[[ChromeDriver: chrome on WINDOWS (6e5b7ee1436d8b09f4fc3c668023438f)] -> xpath: (//div[text()='Analytics']//a)]
[INFO ][07-Nov-2021 21:49:06 pm] Selenium_Wrapper.click:(199) - Clicking on :[[ChromeDriver: chrome on WINDOWS (6e5b7ee1436d8b09f4fc3c668023438f)] -> xpath: //span[text()='Reports Explorer']]
[INFO ][07-Nov-2021 21:49:12 pm] Selenium_Wrapper.click:(199) - Clicking on :[[ChromeDriver: chrome on WINDOWS (6e5b7ee1436d8b09f4fc3c668023438f)] -> xpath: //div[text()='Public Reports']]
[INFO ][07-Nov-2021 21:49:17 pm] Selenium_Wrapper.click:(199) - Clicking on :[[ChromeDriver: chrome on WINDOWS (6e5b7ee1436d8b09f4fc3c668023438f)] -> xpath: //div[text()='MACU CUSTOM REPORTS']]
[INFO ][07-Nov-2021 21:49:22 pm] Selenium_Wrapper.click:(199) - Clicking on :[[ChromeDriver: chrome on WINDOWS (6e5b7ee1436d8b09f4fc3c668023438f)] -> xpath: //div[text()='SoftClouds']]
[INFO ][07-Nov-2021 21:49:28 pm] Selenium_Wrapper.click:(199) - Clicking on :[[ChromeDriver: chrome on WINDOWS (6e5b7ee1436d8b09f4fc3c668023438f)] -> xpath: //div[text()='OKCS']]
[INFO ][07-Nov-2021 21:49:52 pm] Selenium_Wrapper.click:(199) - Clicking on :[[ChromeDriver: chrome on WINDOWS (6e5b7ee1436d8b09f4fc3c668023438f)] -> xpath: //div[contains(@class,'cke_wysiwyg_div')]]
[INFO ][07-Nov-2021 21:49:58 pm] Selenium_Wrapper.enterText:(311) - Entering Text :It is working as per Expected in WebElement :[[ChromeDriver: chrome on WINDOWS (6e5b7ee1436d8b09f4fc3c668023438f)] -> xpath: //div[contains(@class,'cke_wysiwyg_div')]]
[INFO ][07-Nov-2021 21:50:04 pm] Selenium_Wrapper.click:(199) - Clicking on :[[ChromeDriver: chrome on WINDOWS (6e5b7ee1436d8b09f4fc3c668023438f)] -> xpath: //button[@title='Send an incident response and save the incident']]
[INFO ][07-Nov-2021 21:50:14 pm] Selenium_Wrapper.click:(199) - Clicking on :[[ChromeDriver: chrome on WINDOWS (6e5b7ee1436d8b09f4fc3c668023438f)] -> xpath: //button[@data-commandtype='SaveAndSendAndClose']]
[INFO ][07-Nov-2021 21:50:24 pm] Selenium_Wrapper.click:(199) - Clicking on :[[ChromeDriver: chrome on WINDOWS (6e5b7ee1436d8b09f4fc3c668023438f)] -> xpath: //span[text()='Yes']]
[INFO ][07-Nov-2021 21:50:35 pm] Selenium_Wrapper.click:(199) - Clicking on :[[ChromeDriver: chrome on WINDOWS (6e5b7ee1436d8b09f4fc3c668023438f)] -> xpath: //div[contains(@class,'refresh-icon')]]
