[INFO ][11-Jun-2023 21:51:38 pm] Selenium_Wrapper.openBrowser:(48) - Opening chrome browser.
[INFO ][11-Jun-2023 21:51:44 pm] Selenium_Wrapper.enterURL:(82) - Entering url :https://macu1--tst1.custhelp.com/app/home
[INFO ][11-Jun-2023 21:51:48 pm] Selenium_Wrapper.enterText:(311) - Entering Text :swamyk in WebElement :[[ChromeDriver: chrome on WINDOWS (062ba8f81748ecb9c3ee51a2779b7f1e)] -> id: rn_LoginForm_2_Username]
[INFO ][11-Jun-2023 21:51:50 pm] Selenium_Wrapper.enterText:(311) - Entering Text :Soft@123 in WebElement :[[ChromeDriver: chrome on WINDOWS (062ba8f81748ecb9c3ee51a2779b7f1e)] -> id: rn_LoginForm_2_Password]
[INFO ][11-Jun-2023 21:51:57 pm] Selenium_Wrapper.click:(199) - Clicking on :[[ChromeDriver: chrome on WINDOWS (062ba8f81748ecb9c3ee51a2779b7f1e)] -> id: rn_LoginForm_2_Submit]
[INFO ][11-Jun-2023 21:52:08 pm] Selenium_Wrapper.click:(199) - Clicking on :[[ChromeDriver: chrome on WINDOWS (062ba8f81748ecb9c3ee51a2779b7f1e)] -> xpath: //div[@class='dropdown']]
[INFO ][11-Jun-2023 21:52:18 pm] Selenium_Wrapper.click:(199) - Clicking on :[[ChromeDriver: chrome on WINDOWS (062ba8f81748ecb9c3ee51a2779b7f1e)] -> xpath: //a[text()='My Feedback']]
[INFO ][11-Jun-2023 21:52:19 pm] Selenium_Wrapper.enterText:(311) - Entering Text :Business Auto Loan in WebElement :[[ChromeDriver: chrome on WINDOWS (062ba8f81748ecb9c3ee51a2779b7f1e)] -> xpath: //input[@placeholder='Search Your Feedback Report']]
[INFO ][11-Jun-2023 21:52:33 pm] Selenium_Wrapper.click:(199) - Clicking on :[[ChromeDriver: chrome on WINDOWS (062ba8f81748ecb9c3ee51a2779b7f1e)] -> xpath: //div[@class='rn_SearchInput1 mt-3']//span[@class='btn-srch-icon']//i[@class='fa fa-search']]
[INFO ][11-Jun-2023 21:53:00 pm] Selenium_Wrapper.click:(199) - Clicking on :[[ChromeDriver: chrome on WINDOWS (062ba8f81748ecb9c3ee51a2779b7f1e)] -> xpath: //tr[@data-yui3-record='model_11']//td[@headers='Grid_6_c1']/a]
[ERROR][11-Jun-2023 21:53:14 pm] Selenium_Wrapper.highlightWebElement:(417) - org.openqa.selenium.NoSuchElementException: no such element: Unable to locate element: {"method":"xpath","selector":"//li//div[normalize-space()='Unresolved']"}
  (Session info: chrome=114.0.5735.110)
For documentation on this error, please visit: https://www.seleniumhq.org/exceptions/no_such_element.html
Build info: version: '3.141.59', revision: 'e82be7d358', time: '2018-11-14T08:17:03'
System info: host: 'CAF-QA-SWAMYK', ip: '192.168.0.6', os.name: 'Windows 10', os.arch: 'amd64', os.version: '10.0', java.version: '17.0.5'
Driver info: org.openqa.selenium.chrome.ChromeDriver
Capabilities {acceptInsecureCerts: false, browserName: chrome, browserVersion: 114.0.5735.110, chrome: {chromedriverVersion: 113.0.5672.63 (0e1a4471d5ae..., userDataDir: C:\Users\swamyk\AppData\Loc...}, goog:chromeOptions: {debuggerAddress: localhost:50175}, javascriptEnabled: true, networkConnectionEnabled: false, pageLoadStrategy: normal, platform: WINDOWS, platformName: WINDOWS, proxy: Proxy(), setWindowRect: true, strictFileInteractability: false, timeouts: {implicit: 0, pageLoad: 300000, script: 30000}, unhandledPromptBehavior: dismiss and notify, webauthn:extension:credBlob: true, webauthn:extension:largeBlob: true, webauthn:extension:minPinLength: true, webauthn:extension:prf: true, webauthn:virtualAuthenticators: true}
Session ID: 062ba8f81748ecb9c3ee51a2779b7f1e
*** Element info: {Using=xpath, value=//li//div[normalize-space()='Unresolved']}
[INFO ][11-Jun-2023 21:53:34 pm] Selenium_Wrapper.click:(199) - Clicking on :[[ChromeDriver: chrome on WINDOWS (062ba8f81748ecb9c3ee51a2779b7f1e)] -> class name: knowledge]
[INFO ][11-Jun-2023 21:53:37 pm] Selenium_Wrapper.closeCurrentBrowser:(651) - Closing the current Browser
