[ERROR][04-Sep-2022 21:54:16 PM] Selenium_Wrapper.openBrowser:(73) - org.openqa.selenium.WebDriverException: unknown error: Chrome failed to start: exited normally.
  (chrome not reachable)
  (The process started from chrome location C:\Program Files (x86)\Google\Chrome\Application\chrome.exe is no longer running, so ChromeDriver is assuming that Chrome has crashed.)
Build info: version: '3.141.59', revision: 'e82be7d358', time: '2018-11-14T08:17:03'
System info: host: 'QA-SWAMYK', ip: '192.168.0.4', os.name: 'Windows 10', os.arch: 'amd64', os.version: '10.0', java.version: '11.0.10'
Driver info: driver.version: ChromeDriver
remote stacktrace: Backtrace:
	Ordinal0 [0x00B9DF13+2219795]
	Ordinal0 [0x00B32841+1779777]
	Ordinal0 [0x00A4423D+803389]
	Ordinal0 [0x00A6307F+929919]
	Ordinal0 [0x00A5F179+913785]
	Ordinal0 [0x00A936B9+1128121]
	Ordinal0 [0x00A9331A+1127194]
	Ordinal0 [0x00A8E616+1107478]
	Ordinal0 [0x00A67F89+950153]
	Ordinal0 [0x00A68F56+954198]
	GetHandleVerifier [0x00E92CB2+3040210]
	GetHandleVerifier [0x00E82BB4+2974420]
	GetHandleVerifier [0x00C36A0A+565546]
	GetHandleVerifier [0x00C35680+560544]
	Ordinal0 [0x00B39A5C+1808988]
	Ordinal0 [0x00B3E3A8+1827752]
	Ordinal0 [0x00B3E495+1827989]
	Ordinal0 [0x00B480A4+1867940]
	BaseThreadInitThunk [0x75BEFA29+25]
	RtlGetAppContainerNamedObjectPath [0x77717A9E+286]
	RtlGetAppContainerNamedObjectPath [0x77717A6E+238]

[ERROR][04-Sep-2022 21:54:16 PM] CreateNewArticleFlow.testSignIn:(20) - Login/SignIn un-successfull
[INFO ][04-Sep-2022 21:54:31 PM] Selenium_Wrapper.openBrowser:(48) - Opening chrome browser.
[INFO ][04-Sep-2022 21:54:35 PM] Selenium_Wrapper.enterURL:(82) - Entering url :https://macu1--upgrade.custhelp.com/AgentWeb/
[INFO ][04-Sep-2022 21:54:39 PM] Selenium_Wrapper.enterText:(311) - Entering Text :RNT_pramod in WebElement :[[ChromeDriver: chrome on WINDOWS (6fdbafe3438fb7fb707aac0d82b5d612)] -> id: username]
[INFO ][04-Sep-2022 21:54:40 PM] Selenium_Wrapper.enterText:(311) - Entering Text :Welcome123 in WebElement :[[ChromeDriver: chrome on WINDOWS (6fdbafe3438fb7fb707aac0d82b5d612)] -> id: password]
[INFO ][04-Sep-2022 21:55:06 PM] Selenium_Wrapper.click:(199) - Clicking on :[[ChromeDriver: chrome on WINDOWS (6fdbafe3438fb7fb707aac0d82b5d612)] -> id: loginbutton]
[INFO ][04-Sep-2022 21:55:17 PM] Selenium_Wrapper.click:(199) - Clicking on :[[ChromeDriver: chrome on WINDOWS (6fdbafe3438fb7fb707aac0d82b5d612)] -> id: navigationSetBtn]
[INFO ][04-Sep-2022 21:55:22 PM] Selenium_Wrapper.click:(199) - Clicking on :[[ChromeDriver: chrome on WINDOWS (6fdbafe3438fb7fb707aac0d82b5d612)] -> xpath: (//div[text()='Configuration']//a)]
[INFO ][04-Sep-2022 21:55:28 PM] Selenium_Wrapper.click:(199) - Clicking on :[[ChromeDriver: chrome on WINDOWS (6fdbafe3438fb7fb707aac0d82b5d612)] -> xpath: (//div[text()='Service']//a)]
[INFO ][04-Sep-2022 21:55:33 PM] Selenium_Wrapper.click:(199) - Clicking on :[[ChromeDriver: chrome on WINDOWS (6fdbafe3438fb7fb707aac0d82b5d612)] -> xpath: (//div[text()='Knowledge Advanced']//a)]
[INFO ][04-Sep-2022 21:55:38 PM] Selenium_Wrapper.click:(199) - Clicking on :[[ChromeDriver: chrome on WINDOWS (6fdbafe3438fb7fb707aac0d82b5d612)] -> xpath: //span[text()='Authoring']]
[INFO ][04-Sep-2022 21:55:52 PM] Selenium_Wrapper.click:(199) - Clicking on :[[ChromeDriver: chrome on WINDOWS (6fdbafe3438fb7fb707aac0d82b5d612)] -> xpath: //div[@id='rntab']//ul//li[@testidentifier='MainNavBar_Content']//a]
[INFO ][04-Sep-2022 21:56:08 PM] Selenium_Wrapper.click:(199) - Clicking on :[[ChromeDriver: chrome on WINDOWS (6fdbafe3438fb7fb707aac0d82b5d612)] -> xpath: //div[text()='Process']//following-sibling::a[@testidentifier='ContentNavBar_Add_Process']]
[INFO ][04-Sep-2022 21:56:11 PM] Selenium_Wrapper.enterText:(311) - Entering Text :TestingArticle in WebElement :[[ChromeDriver: chrome on WINDOWS (6fdbafe3438fb7fb707aac0d82b5d612)] -> xpath: //input[@testidentifier='Content_ContentType_Add_SUMMARY']]
[INFO ][04-Sep-2022 21:56:14 PM] Selenium_Wrapper.enterText:(311) - Entering Text :Criticals in WebElement :[[ChromeDriver: chrome on WINDOWS (6fdbafe3438fb7fb707aac0d82b5d612)] -> xpath: //input[@testidentifier='Content_ContentType_Add_KEYWORD']]
[INFO ][04-Sep-2022 21:56:21 PM] Selenium_Wrapper.click:(199) - Clicking on :[[ChromeDriver: chrome on WINDOWS (6fdbafe3438fb7fb707aac0d82b5d612)] -> xpath: ((//span[@class='cke_bottom cke_reset_all'])[1]//preceding-sibling::*)[2]]
[INFO ][04-Sep-2022 21:56:29 PM] Selenium_Wrapper.enterText:(311) - Entering Text :contentinfo 'Reach out to your immediate supervisor with questions.' in WebElement :[[ChromeDriver: chrome on WINDOWS (6fdbafe3438fb7fb707aac0d82b5d612)] -> xpath: //body[@class='cke_editable cke_editable_themed cke_contents_ltr cke_show_borders']]
[INFO ][04-Sep-2022 21:56:40 PM] Selenium_Wrapper.click:(199) - Clicking on :[[ChromeDriver: chrome on WINDOWS (6fdbafe3438fb7fb707aac0d82b5d612)] -> xpath: ((//span[@class='cke_bottom cke_reset_all'])[2]//preceding-sibling::*)[2]]
[INFO ][04-Sep-2022 21:56:47 PM] Selenium_Wrapper.enterText:(311) - Entering Text :COVID-19 Update:  Find additional information on COVID-19 Branch & Service Center Operations\n * Vaccine\n * Similar to the flu shot, we encourage you to take a lunch hour or go after work if you choose to receive the vaccine.\n * You should be able to easily schedule a time to receive a vaccine. * Take PTO if an adverse reaction occurs. * Take PTO if an adverse reaction occurs * First URL of the pageArticle Link * Second URL of the page * Third URL of the page * The few documented cases of a stronger reaction indicate that the affects typically last one to two days. * Have an open conversation with your manager if other accommodations are necessary. * The cost of the vaccine is covered by insurance. * Mask Mandates * As the counties and health departments begin to relax their mask mandates, MACU will address this as follows: * The mask mandate requirement for team members will remain in place for the foreseeable future. * Mask guidance for members will follow State, County and Health department guidelines for those areas. * Personal Protection Equipment (PPE) * Order masks and other PArticle LinkPE by submitting a ServiceNow Facilities ticket. * Items available * Cotopaxi masks ($7 each) * Hand sanitizer * Gloves * Disposable masks * Sanitation wipes * Employee Resources * Mountain America is here for you! Check out these resources: * MACU Desktop Citrix ReceiverWorkspace Step-by-Step Surface Devices Step-by-Step * Microsoft Teams Step-by-Step * Multi-Factor Authentication (MFA) Step-by-Step * Remote Work Agreement * Setting up Your New Laptop * Surface Devices Step-by-Step in WebElement :[[ChromeDriver: chrome on WINDOWS (6fdbafe3438fb7fb707aac0d82b5d612)] -> xpath: //body[@class='cke_editable cke_editable_themed cke_contents_ltr cke_show_borders']]
[INFO ][04-Sep-2022 21:56:56 PM] Selenium_Wrapper.click:(199) - Clicking on :[[ChromeDriver: chrome on WINDOWS (6fdbafe3438fb7fb707aac0d82b5d612)] -> xpath: //span[text()='Jump To']]
[INFO ][04-Sep-2022 21:57:04 PM] Selenium_Wrapper.click:(199) - Clicking on :[[ChromeDriver: chrome on WINDOWS (6fdbafe3438fb7fb707aac0d82b5d612)] -> xpath: (//a[@class='cke_button cke_button__image cke_button_off'])[3]]
[INFO ][04-Sep-2022 21:57:11 PM] Selenium_Wrapper.click:(199) - Clicking on :[[ChromeDriver: chrome on WINDOWS (6fdbafe3438fb7fb707aac0d82b5d612)] -> xpath: (//span[text()='Browse Server'])[1]]
[INFO ][04-Sep-2022 21:57:31 PM] Selenium_Wrapper.click:(199) - Clicking on :[[ChromeDriver: chrome on WINDOWS (6fdbafe3438fb7fb707aac0d82b5d612)] -> xpath: //a[text()='MACU_VIEW']]
[INFO ][04-Sep-2022 21:57:51 PM] Selenium_Wrapper.click:(199) - Clicking on :[[ChromeDriver: chrome on WINDOWS (6fdbafe3438fb7fb707aac0d82b5d612)] -> xpath: //table//span[text()='OK']]
[INFO ][04-Sep-2022 21:58:05 PM] Selenium_Wrapper.click:(199) - Clicking on :[[ChromeDriver: chrome on WINDOWS (6fdbafe3438fb7fb707aac0d82b5d612)] -> xpath: (//span[@class='cke_button_icon cke_button__addarticlelink_icon'])[4]]
[INFO ][04-Sep-2022 21:58:11 PM] Selenium_Wrapper.enterText:(311) - Entering Text :1000124 in WebElement :[[ChromeDriver: chrome on WINDOWS (6fdbafe3438fb7fb707aac0d82b5d612)] -> xpath: (//div[text()='Article Link']//following::input)[3]]
[INFO ][04-Sep-2022 21:58:13 PM] Selenium_Wrapper.enterText:(311) - Entering Text :Article Link in WebElement :[[ChromeDriver: chrome on WINDOWS (6fdbafe3438fb7fb707aac0d82b5d612)] -> xpath: (//div[text()='Article Link']//following::input)[5]]
[INFO ][04-Sep-2022 21:58:18 PM] Selenium_Wrapper.click:(199) - Clicking on :[[ChromeDriver: chrome on WINDOWS (6fdbafe3438fb7fb707aac0d82b5d612)] -> xpath: (//div[@class='cke_dialog_body']//span[text()='OK'])[2]]
[INFO ][04-Sep-2022 21:58:25 PM] Selenium_Wrapper.click:(199) - Clicking on :[[ChromeDriver: chrome on WINDOWS (6fdbafe3438fb7fb707aac0d82b5d612)] -> xpath: ((//span[@class='cke_bottom cke_reset_all'])[5]//preceding-sibling::*)[2]]
[INFO ][04-Sep-2022 21:58:31 PM] Selenium_Wrapper.enterText:(311) - Entering Text :BasicInfo - Remote Work * -Use the following resources when connecting to work applications remotely in WebElement :[[ChromeDriver: chrome on WINDOWS (6fdbafe3438fb7fb707aac0d82b5d612)] -> xpath: //body[@class='cke_editable cke_editable_themed cke_contents_ltr cke_show_borders']]
[INFO ][04-Sep-2022 21:58:42 PM] Selenium_Wrapper.click:(199) - Clicking on :[[ChromeDriver: chrome on WINDOWS (6fdbafe3438fb7fb707aac0d82b5d612)] -> xpath: ((//span[@class='cke_bottom cke_reset_all'])[6]//preceding-sibling::*)[2]]
[INFO ][04-Sep-2022 21:58:48 PM] Selenium_Wrapper.enterText:(311) - Entering Text :BasicContactInfo -Remote Work * -Use the following resources when connecting to work applications remotely * -Cisco Finesse Step-by-Step * -Cisco Jabber Step-by-Step * -Electronic Communication and Information Basic Info * -Extend Surface Device Battery Life Step-by-Step * -MACU Desktop Citrix ReceiverWorkspace Step-by-Step Surface Devices Step-by-Step * -Microsoft Teams Step-by-Step * -Multi-Factor Authentication (MFA) Step-by-Step * -Remote Work Agreement * -Setting up Your New Laptop * -Surface Devices Step-by-Step in WebElement :[[ChromeDriver: chrome on WINDOWS (6fdbafe3438fb7fb707aac0d82b5d612)] -> xpath: //body[@class='cke_editable cke_editable_themed cke_contents_ltr cke_show_borders']]
[INFO ][04-Sep-2022 21:58:59 PM] Selenium_Wrapper.click:(199) - Clicking on :[[ChromeDriver: chrome on WINDOWS (6fdbafe3438fb7fb707aac0d82b5d612)] -> xpath: ((//span[@class='cke_bottom cke_reset_all'])[7]//preceding-sibling::*)[2]]
[INFO ][04-Sep-2022 21:59:04 PM] Selenium_Wrapper.enterText:(311) - Entering Text :Steps- Employee Resources in WebElement :[[ChromeDriver: chrome on WINDOWS (6fdbafe3438fb7fb707aac0d82b5d612)] -> xpath: //body[@class='cke_editable cke_editable_themed cke_contents_ltr cke_show_borders']]
[INFO ][04-Sep-2022 21:59:16 PM] Selenium_Wrapper.click:(199) - Clicking on :[[ChromeDriver: chrome on WINDOWS (6fdbafe3438fb7fb707aac0d82b5d612)] -> xpath: ((//span[@class='cke_bottom cke_reset_all'])[8]//preceding-sibling::*)[2]]
[INFO ][04-Sep-2022 21:59:22 PM] Selenium_Wrapper.enterText:(311) - Entering Text :StepsContactInfo - Mountain America is here for you! Check out these resources: * Report COVID-19 in the Workplace * Contact Tracing for COVID-19 * COVID-19 Pay Options * Corporate FSR * Employee Assistance Program (EAP) * Employee Loans * Infectious Disease * MACU Facility Standards * Mountain America Center Meetings & Events * Medical Leave of Absence * Personal Time Off (PTO) * Tanner Meetings & Events * Thrive Clinic * The CareATC Patient Access Center is currently performing all appointment scheduling activities. Our clinics are not currently accepting walk-in or self-scheduled patients. To schedule an appointment, contact the clinic 800-993-8244. * Thrive Fitness Centers * Travel Pay *Traveling Branch Employees in WebElement :[[ChromeDriver: chrome on WINDOWS (6fdbafe3438fb7fb707aac0d82b5d612)] -> xpath: //body[@class='cke_editable cke_editable_themed cke_contents_ltr cke_show_borders']]
[INFO ][04-Sep-2022 21:59:31 PM] Selenium_Wrapper.click:(199) - Clicking on :[[ChromeDriver: chrome on WINDOWS (6fdbafe3438fb7fb707aac0d82b5d612)] -> xpath: ((//span[@class='cke_bottom cke_reset_all'])[9]//preceding-sibling::*)[2]]
[INFO ][04-Sep-2022 21:59:36 PM] Selenium_Wrapper.enterText:(311) - Entering Text :Forms_Resources - Mask Mandates in WebElement :[[ChromeDriver: chrome on WINDOWS (6fdbafe3438fb7fb707aac0d82b5d612)] -> xpath: //body[@class='cke_editable cke_editable_themed cke_contents_ltr cke_show_borders']]
[INFO ][04-Sep-2022 21:59:46 PM] Selenium_Wrapper.click:(199) - Clicking on :[[ChromeDriver: chrome on WINDOWS (6fdbafe3438fb7fb707aac0d82b5d612)] -> xpath: ((//span[@class='cke_bottom cke_reset_all'])[10]//preceding-sibling::*)[2]]
[INFO ][04-Sep-2022 21:59:53 PM] Selenium_Wrapper.enterText:(311) - Entering Text :Forms_Resources_Content- As the counties and health departments begin to relax their mask mandates, MACU will address this as follows: * The mask mandate requirement for team members will remain in place for the foreseeable future. * Mask guidance for members will follow State, County and Health department guidelines for those areas. in WebElement :[[ChromeDriver: chrome on WINDOWS (6fdbafe3438fb7fb707aac0d82b5d612)] -> xpath: //body[@class='cke_editable cke_editable_themed cke_contents_ltr cke_show_borders']]
[INFO ][04-Sep-2022 22:00:03 PM] Selenium_Wrapper.click:(199) - Clicking on :[[ChromeDriver: chrome on WINDOWS (6fdbafe3438fb7fb707aac0d82b5d612)] -> xpath: ((//span[@class='cke_bottom cke_reset_all'])[11]//preceding-sibling::*)[2]]
[INFO ][04-Sep-2022 22:00:08 PM] Selenium_Wrapper.enterText:(311) - Entering Text :SalesConnections-Sales Connections in WebElement :[[ChromeDriver: chrome on WINDOWS (6fdbafe3438fb7fb707aac0d82b5d612)] -> xpath: //body[@class='cke_editable cke_editable_themed cke_contents_ltr cke_show_borders']]
[INFO ][04-Sep-2022 22:00:17 PM] Selenium_Wrapper.click:(199) - Clicking on :[[ChromeDriver: chrome on WINDOWS (6fdbafe3438fb7fb707aac0d82b5d612)] -> xpath: ((//span[@class='cke_bottom cke_reset_all'])[12]//preceding-sibling::*)[2]]
[INFO ][04-Sep-2022 22:00:23 PM] Selenium_Wrapper.enterText:(311) - Entering Text :SalesConnectionsContent- As the counties and health departments begin to relax their mask mandates, MACU will address this as follows: * The mask mandate requirement for team members will remain in place for the foreseeable future. * Mask guidance for members will follow State, County and Health department guidelines for those areas. in WebElement :[[ChromeDriver: chrome on WINDOWS (6fdbafe3438fb7fb707aac0d82b5d612)] -> xpath: //body[@class='cke_editable cke_editable_themed cke_contents_ltr cke_show_borders']]
[INFO ][04-Sep-2022 22:00:32 PM] Selenium_Wrapper.click:(199) - Clicking on :[[ChromeDriver: chrome on WINDOWS (6fdbafe3438fb7fb707aac0d82b5d612)] -> xpath: ((//span[@class='cke_bottom cke_reset_all'])[13]//preceding-sibling::*)[2]]
[INFO ][04-Sep-2022 22:00:38 PM] Selenium_Wrapper.enterText:(311) - Entering Text :https://macu1--tst.custhelp.com/app/answers/macu_view/a_id/1000124 in WebElement :[[ChromeDriver: chrome on WINDOWS (6fdbafe3438fb7fb707aac0d82b5d612)] -> xpath: //body[@class='cke_editable cke_editable_themed cke_contents_ltr cke_show_borders']]
[INFO ][04-Sep-2022 22:00:49 PM] Selenium_Wrapper.click:(199) - Clicking on :[[ChromeDriver: chrome on WINDOWS (6fdbafe3438fb7fb707aac0d82b5d612)] -> xpath: //span[text()='Teams']//following::select//option[text()='Accounting & Finance']]
[INFO ][04-Sep-2022 22:00:54 PM] Selenium_Wrapper.click:(199) - Clicking on :[[ChromeDriver: chrome on WINDOWS (6fdbafe3438fb7fb707aac0d82b5d612)] -> xpath: //span[text()='Compliance']//preceding-sibling::input]
[INFO ][04-Sep-2022 22:00:59 PM] Selenium_Wrapper.click:(199) - Clicking on :[[ChromeDriver: chrome on WINDOWS (6fdbafe3438fb7fb707aac0d82b5d612)] -> xpath: //span[text()='No ']//preceding-sibling::input]
[INFO ][04-Sep-2022 22:01:05 PM] Selenium_Wrapper.click:(199) - Clicking on :[[ChromeDriver: chrome on WINDOWS (6fdbafe3438fb7fb707aac0d82b5d612)] -> xpath: //span[text()='Major Change']//preceding-sibling::input]
[INFO ][04-Sep-2022 22:01:10 PM] Selenium_Wrapper.click:(199) - Clicking on :[[ChromeDriver: chrome on WINDOWS (6fdbafe3438fb7fb707aac0d82b5d612)] -> xpath: //span[text()='Corporate/Branch/Service Center']//following::select//option[text()='Service Center']]
[INFO ][04-Sep-2022 22:01:15 PM] Selenium_Wrapper.click:(199) - Clicking on :[[ChromeDriver: chrome on WINDOWS (6fdbafe3438fb7fb707aac0d82b5d612)] -> xpath: //span[text()='Department']//following::select//option[text()='0004 SEG Development Team']]
[INFO ][04-Sep-2022 22:01:20 PM] Selenium_Wrapper.click:(199) - Clicking on :[[ChromeDriver: chrome on WINDOWS (6fdbafe3438fb7fb707aac0d82b5d612)] -> xpath: //span[text()='Manager Level']//following::select//option[text()='Assistant Manager']]
[INFO ][04-Sep-2022 22:01:25 PM] Selenium_Wrapper.click:(199) - Clicking on :[[ChromeDriver: chrome on WINDOWS (6fdbafe3438fb7fb707aac0d82b5d612)] -> xpath: //span[contains(text(),'time with')]//following::select//option[contains(text(),'1 Month ')]]
[INFO ][04-Sep-2022 22:01:31 PM] Selenium_Wrapper.click:(199) - Clicking on :[[ChromeDriver: chrome on WINDOWS (6fdbafe3438fb7fb707aac0d82b5d612)] -> xpath: //span[contains(text(),'Branch Name')]//following::select//option[contains(text(),'Albuquerque - Golf Course Road Branch')]]
[INFO ][04-Sep-2022 22:01:36 PM] Selenium_Wrapper.click:(199) - Clicking on :[[ChromeDriver: chrome on WINDOWS (6fdbafe3438fb7fb707aac0d82b5d612)] -> xpath: //span[contains(text(),'Branch Area')]//following::select//option[contains(text(),'Teton')]]
[INFO ][04-Sep-2022 22:01:41 PM] Selenium_Wrapper.click:(199) - Clicking on :[[ChromeDriver: chrome on WINDOWS (6fdbafe3438fb7fb707aac0d82b5d612)] -> xpath: (//span[contains(text(),'Primary Tag')]//following::select//option[contains(text(),'AAA')])[1]]
[INFO ][04-Sep-2022 22:01:46 PM] Selenium_Wrapper.click:(199) - Clicking on :[[ChromeDriver: chrome on WINDOWS (6fdbafe3438fb7fb707aac0d82b5d612)] -> xpath: (//span[contains(text(),'Primary Tag')]//following::select//option[contains(text(),'AAA')])[4]]
[INFO ][04-Sep-2022 22:01:51 PM] Selenium_Wrapper.click:(199) - Clicking on :[[ChromeDriver: chrome on WINDOWS (6fdbafe3438fb7fb707aac0d82b5d612)] -> xpath: (//span[contains(text(),'Primary Tag')]//following::select//option[contains(text(),'AAA')])[6]]
[INFO ][04-Sep-2022 22:01:56 PM] Selenium_Wrapper.click:(199) - Clicking on :[[ChromeDriver: chrome on WINDOWS (6fdbafe3438fb7fb707aac0d82b5d612)] -> xpath: (//td[text()=' Repository View Selection ']//following::a)[1]]
[INFO ][04-Sep-2022 22:02:01 PM] Selenium_Wrapper.click:(199) - Clicking on :[[ChromeDriver: chrome on WINDOWS (6fdbafe3438fb7fb707aac0d82b5d612)] -> xpath: (//td[text()=' Repository View Selection ']//following::input)[1]]
[INFO ][04-Sep-2022 22:02:08 PM] Selenium_Wrapper.click:(199) - Clicking on :[[ChromeDriver: chrome on WINDOWS (6fdbafe3438fb7fb707aac0d82b5d612)] -> xpath: //div[@id='AVAIL']//tr//td//span[text()='AAA']]
[INFO ][04-Sep-2022 22:02:13 PM] Selenium_Wrapper.click:(199) - Clicking on :[[ChromeDriver: chrome on WINDOWS (6fdbafe3438fb7fb707aac0d82b5d612)] -> xpath: //div[@id='AVAIL']//tr//td//span[text()='Member Connect']]
[INFO ][04-Sep-2022 22:02:18 PM] Selenium_Wrapper.click:(199) - Clicking on :[[ChromeDriver: chrome on WINDOWS (6fdbafe3438fb7fb707aac0d82b5d612)] -> xpath: //div[@id='AVAIL']//tr//td//span[text()='Member Connect']]
[ERROR][04-Sep-2022 22:02:43 PM] CreateNewArticleFlow.testCreateArticleFlow:(295) - Create Article  un-successfull
[ERROR][04-Sep-2022 22:02:49 PM] CreateNewArticleFlow.testPublishArticleFlow:(345) - Publish Article un-successfull
[INFO ][04-Sep-2022 22:02:50 PM] Selenium_Wrapper.openBrowser:(48) - Opening chrome browser.
[INFO ][04-Sep-2022 22:02:57 PM] Selenium_Wrapper.enterURL:(82) - Entering url :https://macu1--upgrade.custhelp.com/
[INFO ][04-Sep-2022 22:03:01 PM] Selenium_Wrapper.enterText:(311) - Entering Text :pramodk in WebElement :[[ChromeDriver: chrome on WINDOWS (f967326adee523e671ddbd27179860e3)] -> id: rn_LoginForm_2_Username]
[INFO ][04-Sep-2022 22:03:02 PM] Selenium_Wrapper.enterText:(311) - Entering Text :Soft@123 in WebElement :[[ChromeDriver: chrome on WINDOWS (f967326adee523e671ddbd27179860e3)] -> id: rn_LoginForm_2_Password]
[ERROR][04-Sep-2022 22:03:19 PM] MACU_Wrapper.signIntoCP:(23) - Error in the signin process
[ERROR][04-Sep-2022 22:03:35 PM] CreateNewArticleFlow.testSearchanArticle:(363) - Search an Article in CP is un-successfull
[ERROR][04-Sep-2022 22:03:41 PM] CreateNewArticleFlow.testCPClose:(374) - Logout/SignOut un-successfull
