[INFO ][03-Sep-2022 09:57:05 AM] Selenium_Wrapper.openBrowser:(48) - Opening chrome browser.
[INFO ][03-Sep-2022 09:57:08 AM] Selenium_Wrapper.enterURL:(82) - Entering url :https://macu1--upgrade.custhelp.com/AgentWeb/
[INFO ][03-Sep-2022 09:57:13 AM] Selenium_Wrapper.enterText:(311) - Entering Text :RNT_pramod in WebElement :[[ChromeDriver: chrome on WINDOWS (79291e9e8eaceb00991d157dc4e42d60)] -> id: username]
[INFO ][03-Sep-2022 09:57:14 AM] Selenium_Wrapper.enterText:(311) - Entering Text :Welcome123 in WebElement :[[ChromeDriver: chrome on WINDOWS (79291e9e8eaceb00991d157dc4e42d60)] -> id: password]
[INFO ][03-Sep-2022 09:57:39 AM] Selenium_Wrapper.click:(199) - Clicking on :[[ChromeDriver: chrome on WINDOWS (79291e9e8eaceb00991d157dc4e42d60)] -> id: loginbutton]
[INFO ][03-Sep-2022 09:57:52 AM] Selenium_Wrapper.click:(199) - Clicking on :[[ChromeDriver: chrome on WINDOWS (79291e9e8eaceb00991d157dc4e42d60)] -> id: navigationSetBtn]
[INFO ][03-Sep-2022 09:57:57 AM] Selenium_Wrapper.click:(199) - Clicking on :[[ChromeDriver: chrome on WINDOWS (79291e9e8eaceb00991d157dc4e42d60)] -> xpath: //div[@automationid='Analytics']]
[INFO ][03-Sep-2022 09:58:10 AM] Selenium_Wrapper.click:(199) - Clicking on :[[ChromeDriver: chrome on WINDOWS (79291e9e8eaceb00991d157dc4e42d60)] -> xpath: //div[@automationid='Analytics_Reports Explorer']//span[text()='Reports Explorer']]
[INFO ][03-Sep-2022 09:58:25 AM] Selenium_Wrapper.click:(199) - Clicking on :[[ChromeDriver: chrome on WINDOWS (79291e9e8eaceb00991d157dc4e42d60)] -> xpath: //div[@aria-label='Public Reports'][text()='Public Reports']]
[INFO ][03-Sep-2022 09:58:31 AM] Selenium_Wrapper.click:(199) - Clicking on :[[ChromeDriver: chrome on WINDOWS (79291e9e8eaceb00991d157dc4e42d60)] -> xpath: //div[@aria-label='MACU CUSTOM REPORTS'][text()='MACU CUSTOM REPORTS']]
[INFO ][03-Sep-2022 09:58:36 AM] Selenium_Wrapper.click:(199) - Clicking on :[[ChromeDriver: chrome on WINDOWS (79291e9e8eaceb00991d157dc4e42d60)] -> xpath: //div[@aria-label='SoftClouds'][text()='SoftClouds']]
[INFO ][03-Sep-2022 09:58:41 AM] Selenium_Wrapper.click:(199) - Clicking on :[[ChromeDriver: chrome on WINDOWS (79291e9e8eaceb00991d157dc4e42d60)] -> xpath: //div[@aria-label='OKCS'][text()='OKCS'][contains(@id,'ExplorerFolderLabelAnalyticsFolder103223')]]
[ERROR][03-Sep-2022 09:58:43 AM] ActionsDashboardReport.testVisitorActionsDashboard:(77) - Select Actions Report in BUI Test is un-successfull
[ERROR][03-Sep-2022 10:00:32 AM] Selenium_Wrapper.getWebElement:(124) - org.openqa.selenium.TimeoutException: Expected condition failed: waiting for visibility of [[ChromeDriver: chrome on WINDOWS (79291e9e8eaceb00991d157dc4e42d60)] -> xpath: //body//span[@id='initialsText']] (tried for 100 second(s) with 500 milliseconds interval)
Build info: version: '3.141.59', revision: 'e82be7d358', time: '2018-11-14T08:17:03'
System info: host: 'QA-SWAMYK', ip: '192.168.0.4', os.name: 'Windows 10', os.arch: 'amd64', os.version: '10.0', java.version: '11.0.10'
Driver info: org.openqa.selenium.chrome.ChromeDriver
Capabilities {acceptInsecureCerts: false, browserName: chrome, browserVersion: 105.0.5195.102, chrome: {chromedriverVersion: 105.0.5195.52 (412c95e51883..., userDataDir: C:\Users\SWAMYK~1\AppData\L...}, goog:chromeOptions: {debuggerAddress: localhost:59045}, javascriptEnabled: true, networkConnectionEnabled: false, pageLoadStrategy: normal, platform: WINDOWS, platformName: WINDOWS, proxy: Proxy(), setWindowRect: true, strictFileInteractability: false, timeouts: {implicit: 0, pageLoad: 300000, script: 30000}, unhandledPromptBehavior: dismiss and notify, webauthn:extension:credBlob: true, webauthn:extension:largeBlob: true, webauthn:virtualAuthenticators: true}
Session ID: 79291e9e8eaceb00991d157dc4e42d60
[ERROR][03-Sep-2022 10:00:32 AM] ActionsDashboardReport.testSignout:(93) - Logout/SignOut un-successfull
