[INFO ][07-Nov-2021 22:09:09 pm] Selenium_Wrapper.openBrowser:(48) - Opening chrome browser.
[INFO ][07-Nov-2021 22:09:16 pm] Selenium_Wrapper.enterURL:(82) - Entering url :https://macu1--tst.custhelp.com/app/home
[INFO ][07-Nov-2021 22:09:20 pm] Selenium_Wrapper.enterText:(311) - Entering Text :pramodk in WebElement :[[ChromeDriver: chrome on WINDOWS (0aa05e1432fd5fafd2fbb65687479f55)] -> id: rn_LoginForm_2_Username]
[INFO ][07-Nov-2021 22:09:22 pm] Selenium_Wrapper.enterText:(311) - Entering Text :Soft@123 in WebElement :[[ChromeDriver: chrome on WINDOWS (0aa05e1432fd5fafd2fbb65687479f55)] -> id: rn_LoginForm_2_Password]
[INFO ][07-Nov-2021 22:09:29 pm] Selenium_Wrapper.click:(199) - Clicking on :[[ChromeDriver: chrome on WINDOWS (0aa05e1432fd5fafd2fbb65687479f55)] -> id: rn_LoginForm_2_Submit]
[INFO ][07-Nov-2021 22:09:37 pm] Selenium_Wrapper.click:(199) - Clicking on :[[ChromeDriver: chrome on WINDOWS (0aa05e1432fd5fafd2fbb65687479f55)] -> xpath: //input[@type='search']]
[INFO ][07-Nov-2021 22:09:38 pm] Selenium_Wrapper.enterText:(311) - Entering Text :Flexible Work in WebElement :[[ChromeDriver: chrome on WINDOWS (0aa05e1432fd5fafd2fbb65687479f55)] -> xpath: //input[@type='search']]
[INFO ][07-Nov-2021 22:09:50 pm] Selenium_Wrapper.click:(199) - Clicking on :[[ChromeDriver: chrome on WINDOWS (0aa05e1432fd5fafd2fbb65687479f55)] -> xpath: //ul[@aria-label='Suggested Search']//li[normalize-space()='Flexible Work']]
[INFO ][07-Nov-2021 22:09:58 pm] Selenium_Wrapper.click:(199) - Clicking on :[[ChromeDriver: chrome on WINDOWS (0aa05e1432fd5fafd2fbb65687479f55)] -> xpath: //div[@class='rn_SearchResultContent']//a[text()='Flexible Work']]
[INFO ][07-Nov-2021 22:10:15 pm] Selenium_Wrapper.click:(199) - Clicking on :[[ChromeDriver: chrome on WINDOWS (0aa05e1432fd5fafd2fbb65687479f55)] -> xpath: //div[@class='main_image_div']//div[@class='thumbs_up_down'][2]]
[INFO ][07-Nov-2021 22:10:26 pm] Selenium_Wrapper.click:(199) - Clicking on :[[ChromeDriver: chrome on WINDOWS (0aa05e1432fd5fafd2fbb65687479f55)] -> id: rn_AnswerRating_3_22_FeedbackMessage]
[INFO ][07-Nov-2021 22:10:28 pm] Selenium_Wrapper.enterText:(311) - Entering Text :Flexible Work - ThumbDown Comments in WebElement :[[ChromeDriver: chrome on WINDOWS (0aa05e1432fd5fafd2fbb65687479f55)] -> id: rn_AnswerRating_3_22_FeedbackMessage]
[INFO ][07-Nov-2021 22:10:33 pm] Selenium_Wrapper.click:(199) - Clicking on :[[ChromeDriver: chrome on WINDOWS (0aa05e1432fd5fafd2fbb65687479f55)] -> xpath: //button[text()='SUBMIT']]
[INFO ][07-Nov-2021 22:10:38 pm] Selenium_Wrapper.click:(199) - Clicking on :[[ChromeDriver: chrome on WINDOWS (0aa05e1432fd5fafd2fbb65687479f55)] -> xpath: //button[@class='yui3-button yui3-button-close']]
[INFO ][07-Nov-2021 22:10:48 pm] Selenium_Wrapper.click:(199) - Clicking on :[[ChromeDriver: chrome on WINDOWS (0aa05e1432fd5fafd2fbb65687479f55)] -> xpath: //div[@class='dropdown']]
[INFO ][07-Nov-2021 22:10:59 pm] Selenium_Wrapper.click:(199) - Clicking on :[[ChromeDriver: chrome on WINDOWS (0aa05e1432fd5fafd2fbb65687479f55)] -> xpath: //a[text()='My Feedback']]
[INFO ][07-Nov-2021 22:11:23 pm] Selenium_Wrapper.click:(199) - Clicking on :[[ChromeDriver: chrome on WINDOWS (0aa05e1432fd5fafd2fbb65687479f55)] -> xpath: ((//table//tbody)[2]//a)[1]]
[INFO ][07-Nov-2021 22:11:44 pm] Selenium_Wrapper.click:(199) - Clicking on :[[ChromeDriver: chrome on WINDOWS (0aa05e1432fd5fafd2fbb65687479f55)] -> class name: knowledge]
[INFO ][07-Nov-2021 22:11:48 pm] Selenium_Wrapper.openBrowser:(48) - Opening chrome browser.
[INFO ][07-Nov-2021 22:11:53 pm] Selenium_Wrapper.enterURL:(82) - Entering url :https://macu1--tst.custhelp.com/AgentWeb/
[INFO ][07-Nov-2021 22:11:57 pm] Selenium_Wrapper.enterText:(311) - Entering Text :RNT_pramod in WebElement :[[ChromeDriver: chrome on WINDOWS (a08f3056f1426e4d6fc3b8a00de0f7d6)] -> id: username]
[INFO ][07-Nov-2021 22:11:58 pm] Selenium_Wrapper.enterText:(311) - Entering Text :Welcome123 in WebElement :[[ChromeDriver: chrome on WINDOWS (a08f3056f1426e4d6fc3b8a00de0f7d6)] -> id: password]
[INFO ][07-Nov-2021 22:12:30 pm] Selenium_Wrapper.click:(199) - Clicking on :[[ChromeDriver: chrome on WINDOWS (a08f3056f1426e4d6fc3b8a00de0f7d6)] -> id: loginbutton]
[INFO ][07-Nov-2021 22:12:40 pm] Selenium_Wrapper.click:(199) - Clicking on :[[ChromeDriver: chrome on WINDOWS (a08f3056f1426e4d6fc3b8a00de0f7d6)] -> xpath: //div[@id='landingPanel-notifications']//button[@class='oj-button oj-button-half-chrome mobile-close-icon mobile-close-button closeFoldout']//label[text()='Close Action Center']]
[INFO ][07-Nov-2021 22:12:48 pm] Selenium_Wrapper.click:(199) - Clicking on :[[ChromeDriver: chrome on WINDOWS (a08f3056f1426e4d6fc3b8a00de0f7d6)] -> xpath: (//span[@class='oj-button-icon oj-start navigator-icon oj-button-icon oj-start'])[1]]
[INFO ][07-Nov-2021 22:12:53 pm] Selenium_Wrapper.click:(199) - Clicking on :[[ChromeDriver: chrome on WINDOWS (a08f3056f1426e4d6fc3b8a00de0f7d6)] -> xpath: (//div[text()='Analytics']//a)]
[INFO ][07-Nov-2021 22:12:58 pm] Selenium_Wrapper.click:(199) - Clicking on :[[ChromeDriver: chrome on WINDOWS (a08f3056f1426e4d6fc3b8a00de0f7d6)] -> xpath: //span[text()='Reports Explorer']]
[INFO ][07-Nov-2021 22:13:04 pm] Selenium_Wrapper.click:(199) - Clicking on :[[ChromeDriver: chrome on WINDOWS (a08f3056f1426e4d6fc3b8a00de0f7d6)] -> xpath: //div[text()='Public Reports']]
[INFO ][07-Nov-2021 22:13:09 pm] Selenium_Wrapper.click:(199) - Clicking on :[[ChromeDriver: chrome on WINDOWS (a08f3056f1426e4d6fc3b8a00de0f7d6)] -> xpath: //div[text()='MACU CUSTOM REPORTS']]
[INFO ][07-Nov-2021 22:13:14 pm] Selenium_Wrapper.click:(199) - Clicking on :[[ChromeDriver: chrome on WINDOWS (a08f3056f1426e4d6fc3b8a00de0f7d6)] -> xpath: //div[text()='SoftClouds']]
[INFO ][07-Nov-2021 22:13:20 pm] Selenium_Wrapper.click:(199) - Clicking on :[[ChromeDriver: chrome on WINDOWS (a08f3056f1426e4d6fc3b8a00de0f7d6)] -> xpath: //div[text()='OKCS']]
[INFO ][07-Nov-2021 22:13:44 pm] Selenium_Wrapper.click:(199) - Clicking on :[[ChromeDriver: chrome on WINDOWS (a08f3056f1426e4d6fc3b8a00de0f7d6)] -> xpath: //div[contains(@class,'cke_wysiwyg_div')]]
[INFO ][07-Nov-2021 22:13:50 pm] Selenium_Wrapper.enterText:(311) - Entering Text :It is working as per Expected in WebElement :[[ChromeDriver: chrome on WINDOWS (a08f3056f1426e4d6fc3b8a00de0f7d6)] -> xpath: //div[contains(@class,'cke_wysiwyg_div')]]
[INFO ][07-Nov-2021 22:13:56 pm] Selenium_Wrapper.click:(199) - Clicking on :[[ChromeDriver: chrome on WINDOWS (a08f3056f1426e4d6fc3b8a00de0f7d6)] -> xpath: //button[@title='Send an incident response and save the incident']]
[INFO ][07-Nov-2021 22:14:06 pm] Selenium_Wrapper.click:(199) - Clicking on :[[ChromeDriver: chrome on WINDOWS (a08f3056f1426e4d6fc3b8a00de0f7d6)] -> xpath: //button[@data-commandtype='SaveAndSendAndClose']]
[INFO ][07-Nov-2021 22:14:16 pm] Selenium_Wrapper.click:(199) - Clicking on :[[ChromeDriver: chrome on WINDOWS (a08f3056f1426e4d6fc3b8a00de0f7d6)] -> xpath: //span[text()='Yes']]
[INFO ][07-Nov-2021 22:14:27 pm] Selenium_Wrapper.click:(199) - Clicking on :[[ChromeDriver: chrome on WINDOWS (a08f3056f1426e4d6fc3b8a00de0f7d6)] -> xpath: //div[contains(@class,'refresh-icon')]]
