[INFO ][03-Nov-2021 22:14:44 pm] Selenium_Wrapper.openBrowser:(48) - Opening chrome browser.
[INFO ][03-Nov-2021 22:14:55 pm] Selenium_Wrapper.enterURL:(82) - Entering url :https://macu1--tst.custhelp.com/app/home
[INFO ][03-Nov-2021 22:14:59 pm] Selenium_Wrapper.enterText:(311) - Entering Text :pramodk in WebElement :[[ChromeDriver: chrome on WINDOWS (6d104cf79df61ab34f93d56be6c9f1e0)] -> id: rn_LoginForm_2_Username]
[INFO ][03-Nov-2021 22:15:01 pm] Selenium_Wrapper.enterText:(311) - Entering Text :Soft@123 in WebElement :[[ChromeDriver: chrome on WINDOWS (6d104cf79df61ab34f93d56be6c9f1e0)] -> id: rn_LoginForm_2_Password]
[INFO ][03-Nov-2021 22:15:04 pm] Selenium_Wrapper.click:(199) - Clicking on :[[ChromeDriver: chrome on WINDOWS (6d104cf79df61ab34f93d56be6c9f1e0)] -> id: rn_LoginForm_2_Submit]
[INFO ][03-Nov-2021 22:15:14 pm] Selenium_Wrapper.click:(199) - Clicking on :[[ChromeDriver: chrome on WINDOWS (6d104cf79df61ab34f93d56be6c9f1e0)] -> xpath: //input[@type='search']]
[INFO ][03-Nov-2021 22:15:16 pm] Selenium_Wrapper.enterText:(311) - Entering Text :Flexible Work in WebElement :[[ChromeDriver: chrome on WINDOWS (6d104cf79df61ab34f93d56be6c9f1e0)] -> xpath: //input[@type='search']]
[INFO ][03-Nov-2021 22:15:25 pm] Selenium_Wrapper.click:(199) - Clicking on :[[ChromeDriver: chrome on WINDOWS (6d104cf79df61ab34f93d56be6c9f1e0)] -> xpath: //ul[@aria-label='Suggested Search']//li[normalize-space()= 'Flexible Work' ]]
[INFO ][03-Nov-2021 22:15:28 pm] Selenium_Wrapper.click:(199) - Clicking on :[[ChromeDriver: chrome on WINDOWS (6d104cf79df61ab34f93d56be6c9f1e0)] -> xpath: //div[@class='rn_SearchResultContent']//a[text()='Flexible Work']]
[INFO ][03-Nov-2021 22:15:42 pm] Selenium_Wrapper.click:(199) - Clicking on :[[ChromeDriver: chrome on WINDOWS (6d104cf79df61ab34f93d56be6c9f1e0)] -> xpath: //div[contains(@class,'EmailAnswerLink')][@id='rn_ShareArticle_10']//img[@class='share_icon_default']]
[INFO ][03-Nov-2021 22:15:44 pm] Selenium_Wrapper.click:(199) - Clicking on :[[ChromeDriver: chrome on WINDOWS (6d104cf79df61ab34f93d56be6c9f1e0)] -> xpath: //div[@id='rnDialog1']//input[@class='select2-search__field']]
[INFO ][03-Nov-2021 22:15:45 pm] Selenium_Wrapper.enterText:(311) - Entering Text :Aaron Brown in WebElement :[[ChromeDriver: chrome on WINDOWS (6d104cf79df61ab34f93d56be6c9f1e0)] -> xpath: //div[@id='rnDialog1']//input[@class='select2-search__field']]
[INFO ][03-Nov-2021 22:15:49 pm] Selenium_Wrapper.click:(199) - Clicking on :[[ChromeDriver: chrome on WINDOWS (6d104cf79df61ab34f93d56be6c9f1e0)] -> xpath: //ul[@class='select2-results__options']//li[text()='Aaron Brown']]
[INFO ][03-Nov-2021 22:15:50 pm] Selenium_Wrapper.click:(199) - Clicking on :[[ChromeDriver: chrome on WINDOWS (6d104cf79df61ab34f93d56be6c9f1e0)] -> xpath: //button[@class='yui3-button yui3-button-close']]
[INFO ][03-Nov-2021 22:15:52 pm] Selenium_Wrapper.click:(199) - Clicking on :[[ChromeDriver: chrome on WINDOWS (6d104cf79df61ab34f93d56be6c9f1e0)] -> class name: knowledge]
[INFO ][03-Nov-2021 22:15:55 pm] Selenium_Wrapper.click:(199) - Clicking on :[[ChromeDriver: chrome on WINDOWS (6d104cf79df61ab34f93d56be6c9f1e0)] -> xpath: //input[@type='search']]
[INFO ][03-Nov-2021 22:15:57 pm] Selenium_Wrapper.enterText:(311) - Entering Text :COVID-19 Critical Updates in WebElement :[[ChromeDriver: chrome on WINDOWS (6d104cf79df61ab34f93d56be6c9f1e0)] -> xpath: //input[@type='search']]
[INFO ][03-Nov-2021 22:16:05 pm] Selenium_Wrapper.click:(199) - Clicking on :[[ChromeDriver: chrome on WINDOWS (6d104cf79df61ab34f93d56be6c9f1e0)] -> xpath: //ul[@aria-label='Suggested Search']//li[normalize-space()='COVID-19 Critical Updates']]
[INFO ][03-Nov-2021 22:16:08 pm] Selenium_Wrapper.click:(199) - Clicking on :[[ChromeDriver: chrome on WINDOWS (6d104cf79df61ab34f93d56be6c9f1e0)] -> xpath: //div[@class='rn_SearchResultContent']//a[text()='COVID-19 Critical Updates']]
[ERROR][03-Nov-2021 22:16:20 pm] Selenium_Wrapper.highlightWebElement:(417) - org.openqa.selenium.NoSuchElementException: no such element: Unable to locate element: {"method":"xpath","selector":"//a[@class='add_bookmarkButton']//img[@class='bookmark_icon_blank']"}
  (Session info: chrome=95.0.4638.54)
For documentation on this error, please visit: https://www.seleniumhq.org/exceptions/no_such_element.html
Build info: version: '3.141.59', revision: 'e82be7d358', time: '2018-11-14T08:17:03'
System info: host: 'DESKTOP-N43657M', ip: '192.168.29.58', os.name: 'Windows 10', os.arch: 'amd64', os.version: '10.0', java.version: '16.0.1'
Driver info: org.openqa.selenium.chrome.ChromeDriver
Capabilities {acceptInsecureCerts: false, browserName: chrome, browserVersion: 95.0.4638.54, chrome: {chromedriverVersion: 95.0.4638.17 (a9d0719444d4b..., userDataDir: C:\Users\Pramod\AppData\Loc...}, goog:chromeOptions: {debuggerAddress: localhost:62832}, javascriptEnabled: true, networkConnectionEnabled: false, pageLoadStrategy: normal, platform: WINDOWS, platformName: WINDOWS, proxy: Proxy(), setWindowRect: true, strictFileInteractability: false, timeouts: {implicit: 0, pageLoad: 300000, script: 30000}, unhandledPromptBehavior: dismiss and notify, webauthn:extension:credBlob: true, webauthn:extension:largeBlob: true, webauthn:virtualAuthenticators: true}
Session ID: 6d104cf79df61ab34f93d56be6c9f1e0
*** Element info: {Using=xpath, value=//a[@class='add_bookmarkButton']//img[@class='bookmark_icon_blank']}
[INFO ][03-Nov-2021 22:17:03 pm] Selenium_Wrapper.click:(199) - Clicking on :[[ChromeDriver: chrome on WINDOWS (6d104cf79df61ab34f93d56be6c9f1e0)] -> xpath: //div[@class='quick-guide']//a[text()='Employee Resources']]
[INFO ][03-Nov-2021 22:17:08 pm] Selenium_Wrapper.click:(199) - Clicking on :[[ChromeDriver: chrome on WINDOWS (6d104cf79df61ab34f93d56be6c9f1e0)] -> xpath: //div[@class='quick-guide']//a[text()='Remote Work']]
[INFO ][03-Nov-2021 22:17:19 pm] Selenium_Wrapper.click:(199) - Clicking on :[[ChromeDriver: chrome on WINDOWS (6d104cf79df61ab34f93d56be6c9f1e0)] -> xpath: //button[@class='rn_RecommendContentButton p-0']]
[INFO ][03-Nov-2021 22:17:20 pm] Selenium_Wrapper.enterText:(311) - Entering Text :Test Improve, comments, updates in WebElement :[[ChromeDriver: chrome on WINDOWS (6d104cf79df61ab34f93d56be6c9f1e0)] -> id: rn_RequestUpdate_25_Description]
[INFO ][03-Nov-2021 22:17:21 pm] Selenium_Wrapper.click:(199) - Clicking on :[[ChromeDriver: chrome on WINDOWS (6d104cf79df61ab34f93d56be6c9f1e0)] -> xpath: //button[@class='yui3-button yui3-button-close']]
[INFO ][03-Nov-2021 22:17:27 pm] Selenium_Wrapper.click:(199) - Clicking on :[[ChromeDriver: chrome on WINDOWS (6d104cf79df61ab34f93d56be6c9f1e0)] -> id: relatedPages_headingOne]
[INFO ][03-Nov-2021 22:17:29 pm] Selenium_Wrapper.click:(199) - Clicking on :[[ChromeDriver: chrome on WINDOWS (6d104cf79df61ab34f93d56be6c9f1e0)] -> id: relatedPages_headingOne]
[INFO ][03-Nov-2021 22:17:34 pm] Selenium_Wrapper.enterText:(311) - Entering Text :Flexible Work in WebElement :[[ChromeDriver: chrome on WINDOWS (6d104cf79df61ab34f93d56be6c9f1e0)] -> id: rn_SearchHome_18_SearchInput]
[INFO ][03-Nov-2021 22:17:42 pm] Selenium_Wrapper.click:(199) - Clicking on :[[ChromeDriver: chrome on WINDOWS (6d104cf79df61ab34f93d56be6c9f1e0)] -> xpath: //ul[@aria-label='Suggested Search']//li[@class='rn_SuggestionItem'][normalize-space()='Flexible Work']]
[INFO ][03-Nov-2021 22:17:49 pm] Selenium_Wrapper.click:(199) - Clicking on :[[ChromeDriver: chrome on WINDOWS (6d104cf79df61ab34f93d56be6c9f1e0)] -> class name: knowledge]
[INFO ][03-Nov-2021 22:17:52 pm] Selenium_Wrapper.closeCurrentBrowser:(650) - Closing the current Browser
