[INFO ][24-Feb-2023 10:15:42 AM] Selenium_Wrapper.openBrowser:(48) - Opening chrome browser.
[INFO ][24-Feb-2023 10:15:49 AM] Selenium_Wrapper.enterURL:(82) - Entering url :https://macu1--upgrade.custhelp.com/
[INFO ][24-Feb-2023 10:15:53 AM] Selenium_Wrapper.enterText:(311) - Entering Text :automation_testing in WebElement :[[ChromeDriver: chrome on WINDOWS (8ec315288ce0a37c9730226095e9dd9f)] -> id: rn_LoginForm_2_Username]
[INFO ][24-Feb-2023 10:15:55 AM] Selenium_Wrapper.enterText:(311) - Entering Text :Soft@123 in WebElement :[[ChromeDriver: chrome on WINDOWS (8ec315288ce0a37c9730226095e9dd9f)] -> id: rn_LoginForm_2_Password]
[INFO ][24-Feb-2023 10:16:02 AM] Selenium_Wrapper.click:(199) - Clicking on :[[ChromeDriver: chrome on WINDOWS (8ec315288ce0a37c9730226095e9dd9f)] -> id: rn_LoginForm_2_Submit]
[INFO ][24-Feb-2023 10:16:14 AM] Selenium_Wrapper.click:(199) - Clicking on :[[ChromeDriver: chrome on WINDOWS (8ec315288ce0a37c9730226095e9dd9f)] -> xpath: //input[@type='search']]
[INFO ][24-Feb-2023 10:16:15 AM] Selenium_Wrapper.enterText:(311) - Entering Text :Flexible Work in WebElement :[[ChromeDriver: chrome on WINDOWS (8ec315288ce0a37c9730226095e9dd9f)] -> xpath: //input[@type='search']]
[INFO ][24-Feb-2023 10:16:30 AM] Selenium_Wrapper.click:(199) - Clicking on :[[ChromeDriver: chrome on WINDOWS (8ec315288ce0a37c9730226095e9dd9f)] -> xpath: //ul[@aria-label='Suggested Search']//li[normalize-space()= 'Flexible Work' ]]
[INFO ][24-Feb-2023 10:16:38 AM] Selenium_Wrapper.click:(199) - Clicking on :[[ChromeDriver: chrome on WINDOWS (8ec315288ce0a37c9730226095e9dd9f)] -> xpath: //div[@class='rn_SearchResultContent']//a[text()='Flexible Work']]
[INFO ][24-Feb-2023 10:16:54 AM] Selenium_Wrapper.click:(199) - Clicking on :[[ChromeDriver: chrome on WINDOWS (8ec315288ce0a37c9730226095e9dd9f)] -> xpath: //div[@class='main_image_div']//div[@class='thumbs_up_down'][2]]
[INFO ][24-Feb-2023 10:17:05 AM] Selenium_Wrapper.click:(199) - Clicking on :[[ChromeDriver: chrome on WINDOWS (8ec315288ce0a37c9730226095e9dd9f)] -> id: rn_AnswerRating_3_22_FeedbackMessage]
[INFO ][24-Feb-2023 10:17:07 AM] Selenium_Wrapper.enterText:(311) - Entering Text :Flexible Work - ThumbDown Comments in WebElement :[[ChromeDriver: chrome on WINDOWS (8ec315288ce0a37c9730226095e9dd9f)] -> id: rn_AnswerRating_3_22_FeedbackMessage]
[INFO ][24-Feb-2023 10:17:12 AM] Selenium_Wrapper.click:(199) - Clicking on :[[ChromeDriver: chrome on WINDOWS (8ec315288ce0a37c9730226095e9dd9f)] -> xpath: //button[text()='SUBMIT']]
[INFO ][24-Feb-2023 10:17:17 AM] Selenium_Wrapper.click:(199) - Clicking on :[[ChromeDriver: chrome on WINDOWS (8ec315288ce0a37c9730226095e9dd9f)] -> xpath: //button[@class='yui3-button yui3-button-close']]
[INFO ][24-Feb-2023 10:17:24 AM] Selenium_Wrapper.click:(199) - Clicking on :[[ChromeDriver: chrome on WINDOWS (8ec315288ce0a37c9730226095e9dd9f)] -> xpath: //div[@class='dropdown']]
[ERROR][24-Feb-2023 10:19:09 AM] Selenium_Wrapper.getWebElement:(124) - org.openqa.selenium.TimeoutException: Expected condition failed: waiting for visibility of [[ChromeDriver: chrome on WINDOWS (8ec315288ce0a37c9730226095e9dd9f)] -> xpath: //a[text()='My Feedback']] (tried for 100 second(s) with 500 milliseconds interval)
Build info: version: '3.141.59', revision: 'e82be7d358', time: '2018-11-14T08:17:03'
System info: host: 'QA-SWAMYK', ip: '192.168.0.4', os.name: 'Windows 10', os.arch: 'amd64', os.version: '10.0', java.version: '11.0.10'
Driver info: org.openqa.selenium.chrome.ChromeDriver
Capabilities {acceptInsecureCerts: false, browserName: chrome, browserVersion: 110.0.5481.177, chrome: {chromedriverVersion: 110.0.5481.77 (65ed616c6e8e..., userDataDir: C:\Users\SWAMYK~1\AppData\L...}, goog:chromeOptions: {debuggerAddress: localhost:50040}, javascriptEnabled: true, networkConnectionEnabled: false, pageLoadStrategy: normal, platform: WINDOWS, platformName: WINDOWS, proxy: Proxy(), setWindowRect: true, strictFileInteractability: false, timeouts: {implicit: 0, pageLoad: 300000, script: 30000}, unhandledPromptBehavior: dismiss and notify, webauthn:extension:credBlob: true, webauthn:extension:largeBlob: true, webauthn:virtualAuthenticators: true}
Session ID: 8ec315288ce0a37c9730226095e9dd9f
[ERROR][24-Feb-2023 10:19:09 AM] AnswerVotingFeedbackReport.testMyFeedbackStatus:(97) - My Feedback Article Status in CP Test is un-successfull
[INFO ][24-Feb-2023 10:19:11 AM] Selenium_Wrapper.openBrowser:(48) - Opening chrome browser.
[INFO ][24-Feb-2023 10:19:19 AM] Selenium_Wrapper.enterURL:(82) - Entering url :https://macu1--upgrade.custhelp.com/AgentWeb/
[INFO ][24-Feb-2023 10:19:23 AM] Selenium_Wrapper.enterText:(311) - Entering Text :automation_testing in WebElement :[[ChromeDriver: chrome on WINDOWS (88b9f610563185b404337d916ea251a8)] -> id: username]
[INFO ][24-Feb-2023 10:19:24 AM] Selenium_Wrapper.enterText:(311) - Entering Text :Welcome123 in WebElement :[[ChromeDriver: chrome on WINDOWS (88b9f610563185b404337d916ea251a8)] -> id: password]
[INFO ][24-Feb-2023 10:19:37 AM] Selenium_Wrapper.click:(199) - Clicking on :[[ChromeDriver: chrome on WINDOWS (88b9f610563185b404337d916ea251a8)] -> id: loginbutton]
[ERROR][24-Feb-2023 10:19:57 AM] AnswerVotingFeedbackReport.testNavigateToAnwserVotingFeedBackReportlow:(123) - Navigate To Anwser Voting FeedBackReport testing un-successfull
[ERROR][24-Feb-2023 10:19:57 AM] AnswerVotingFeedbackReport.testSelectingandGivingAnswerstoReportFlow:(238) - Selecting and Giving Asnwers to Report  un-successfull
[INFO ][24-Feb-2023 10:20:06 AM] Selenium_Wrapper.click:(199) - Clicking on :[[ChromeDriver: chrome on WINDOWS (88b9f610563185b404337d916ea251a8)] -> xpath: //body//oj-avatar[@initials='[[userMenuLabel]]']]
[INFO ][24-Feb-2023 10:20:44 AM] Selenium_Wrapper.click:(199) - Clicking on :[[ChromeDriver: chrome on WINDOWS (88b9f610563185b404337d916ea251a8)] -> xpath: //a//span[text()='Sign Out']]
[INFO ][24-Feb-2023 10:20:49 AM] Selenium_Wrapper.closeCurrentBrowser:(651) - Closing the current Browser
