[INFO ][04-Sep-2022 10:16:29 AM] Selenium_Wrapper.openBrowser:(48) - Opening chrome browser.
[INFO ][04-Sep-2022 10:16:34 AM] Selenium_Wrapper.enterURL:(82) - Entering url :https://macu1--upgrade.custhelp.com/
[INFO ][04-Sep-2022 10:16:38 AM] Selenium_Wrapper.enterText:(311) - Entering Text :pramodk in WebElement :[[ChromeDriver: chrome on WINDOWS (3b988e8a7c7020c8c440b4691c219128)] -> id: rn_LoginForm_2_Username]
[INFO ][04-Sep-2022 10:16:39 AM] Selenium_Wrapper.enterText:(311) - Entering Text :Soft@123 in WebElement :[[ChromeDriver: chrome on WINDOWS (3b988e8a7c7020c8c440b4691c219128)] -> id: rn_LoginForm_2_Password]
[INFO ][04-Sep-2022 10:16:46 AM] Selenium_Wrapper.click:(199) - Clicking on :[[ChromeDriver: chrome on WINDOWS (3b988e8a7c7020c8c440b4691c219128)] -> id: rn_LoginForm_2_Submit]
[INFO ][04-Sep-2022 10:16:58 AM] Selenium_Wrapper.click:(199) - Clicking on :[[ChromeDriver: chrome on WINDOWS (3b988e8a7c7020c8c440b4691c219128)] -> xpath: //input[@type='search']]
[INFO ][04-Sep-2022 10:16:59 AM] Selenium_Wrapper.enterText:(311) - Entering Text :Auto Loan in WebElement :[[ChromeDriver: chrome on WINDOWS (3b988e8a7c7020c8c440b4691c219128)] -> xpath: //input[@type='search']]
[INFO ][04-Sep-2022 10:17:14 AM] Selenium_Wrapper.click:(199) - Clicking on :[[ChromeDriver: chrome on WINDOWS (3b988e8a7c7020c8c440b4691c219128)] -> xpath: //ul[@aria-label='Suggested Search']//li[normalize-space()= 'Auto Loan' ]]
[INFO ][04-Sep-2022 10:17:21 AM] Selenium_Wrapper.click:(199) - Clicking on :[[ChromeDriver: chrome on WINDOWS (3b988e8a7c7020c8c440b4691c219128)] -> xpath: //div[@class='rn_SearchResultContent']//a[text()='Auto Loan']]
[INFO ][04-Sep-2022 10:17:39 AM] Selenium_Wrapper.click:(199) - Clicking on :[[ChromeDriver: chrome on WINDOWS (3b988e8a7c7020c8c440b4691c219128)] -> xpath: //div[@class='main_image_div']//div[@class='thumbs_up_down'][2]]
[INFO ][04-Sep-2022 10:17:51 AM] Selenium_Wrapper.click:(199) - Clicking on :[[ChromeDriver: chrome on WINDOWS (3b988e8a7c7020c8c440b4691c219128)] -> id: rn_AnswerRating_3_22_FeedbackMessage]
[INFO ][04-Sep-2022 10:17:52 AM] Selenium_Wrapper.enterText:(311) - Entering Text :Flexible Work - ThumbDown Comments in WebElement :[[ChromeDriver: chrome on WINDOWS (3b988e8a7c7020c8c440b4691c219128)] -> id: rn_AnswerRating_3_22_FeedbackMessage]
[INFO ][04-Sep-2022 10:17:57 AM] Selenium_Wrapper.click:(199) - Clicking on :[[ChromeDriver: chrome on WINDOWS (3b988e8a7c7020c8c440b4691c219128)] -> xpath: //button[text()='SUBMIT']]
[INFO ][04-Sep-2022 10:18:03 AM] Selenium_Wrapper.click:(199) - Clicking on :[[ChromeDriver: chrome on WINDOWS (3b988e8a7c7020c8c440b4691c219128)] -> xpath: //button[@class='yui3-button yui3-button-close']]
[INFO ][04-Sep-2022 10:18:13 AM] Selenium_Wrapper.click:(199) - Clicking on :[[ChromeDriver: chrome on WINDOWS (3b988e8a7c7020c8c440b4691c219128)] -> xpath: //div[@class='dropdown']]
[INFO ][04-Sep-2022 10:18:23 AM] Selenium_Wrapper.click:(199) - Clicking on :[[ChromeDriver: chrome on WINDOWS (3b988e8a7c7020c8c440b4691c219128)] -> xpath: //a[text()='My Feedback']]
[INFO ][04-Sep-2022 10:18:50 AM] Selenium_Wrapper.click:(199) - Clicking on :[[ChromeDriver: chrome on WINDOWS (3b988e8a7c7020c8c440b4691c219128)] -> xpath: ((//table//tbody)[2]//a)[1]]
[INFO ][04-Sep-2022 10:19:24 AM] Selenium_Wrapper.click:(199) - Clicking on :[[ChromeDriver: chrome on WINDOWS (3b988e8a7c7020c8c440b4691c219128)] -> class name: knowledge]
[INFO ][04-Sep-2022 10:19:29 AM] Selenium_Wrapper.closeCurrentBrowser:(651) - Closing the current Browser
[INFO ][04-Sep-2022 10:19:30 AM] Selenium_Wrapper.openBrowser:(48) - Opening chrome browser.
[INFO ][04-Sep-2022 10:19:34 AM] Selenium_Wrapper.enterURL:(82) - Entering url :https://macu1--upgrade.custhelp.com/AgentWeb/
[INFO ][04-Sep-2022 10:19:38 AM] Selenium_Wrapper.enterText:(311) - Entering Text :RNT_pramod in WebElement :[[ChromeDriver: chrome on WINDOWS (c2a77dcac922d76ca7fc98915dc9785d)] -> id: username]
[INFO ][04-Sep-2022 10:19:39 AM] Selenium_Wrapper.enterText:(311) - Entering Text :Welcome123 in WebElement :[[ChromeDriver: chrome on WINDOWS (c2a77dcac922d76ca7fc98915dc9785d)] -> id: password]
[INFO ][04-Sep-2022 10:20:12 AM] Selenium_Wrapper.click:(199) - Clicking on :[[ChromeDriver: chrome on WINDOWS (c2a77dcac922d76ca7fc98915dc9785d)] -> id: loginbutton]
[INFO ][04-Sep-2022 10:20:23 AM] Selenium_Wrapper.click:(199) - Clicking on :[[ChromeDriver: chrome on WINDOWS (c2a77dcac922d76ca7fc98915dc9785d)] -> id: navigationSetBtn]
[INFO ][04-Sep-2022 10:20:28 AM] Selenium_Wrapper.click:(199) - Clicking on :[[ChromeDriver: chrome on WINDOWS (c2a77dcac922d76ca7fc98915dc9785d)] -> xpath: (//div[text()='Analytics']//a)]
[INFO ][04-Sep-2022 10:20:33 AM] Selenium_Wrapper.click:(199) - Clicking on :[[ChromeDriver: chrome on WINDOWS (c2a77dcac922d76ca7fc98915dc9785d)] -> xpath: //span[text()='Reports Explorer']]
[INFO ][04-Sep-2022 10:20:39 AM] Selenium_Wrapper.click:(199) - Clicking on :[[ChromeDriver: chrome on WINDOWS (c2a77dcac922d76ca7fc98915dc9785d)] -> xpath: //div[text()='Public Reports']]
[INFO ][04-Sep-2022 10:20:44 AM] Selenium_Wrapper.click:(199) - Clicking on :[[ChromeDriver: chrome on WINDOWS (c2a77dcac922d76ca7fc98915dc9785d)] -> xpath: //div[text()='MACU CUSTOM REPORTS']]
[INFO ][04-Sep-2022 10:20:49 AM] Selenium_Wrapper.click:(199) - Clicking on :[[ChromeDriver: chrome on WINDOWS (c2a77dcac922d76ca7fc98915dc9785d)] -> xpath: //div[text()='SoftClouds']]
[INFO ][04-Sep-2022 10:20:55 AM] Selenium_Wrapper.click:(199) - Clicking on :[[ChromeDriver: chrome on WINDOWS (c2a77dcac922d76ca7fc98915dc9785d)] -> xpath: //div[text()='OKCS']]
[ERROR][04-Sep-2022 10:21:01 AM] Selenium_Wrapper.scrollToWebElement:(487) - org.openqa.selenium.NoSuchElementException: no such element: Unable to locate element: {"method":"xpath","selector":"//span[text()='User Specific Search']"}
  (Session info: chrome=105.0.5195.102)
For documentation on this error, please visit: https://www.seleniumhq.org/exceptions/no_such_element.html
Build info: version: '3.141.59', revision: 'e82be7d358', time: '2018-11-14T08:17:03'
System info: host: 'QA-SWAMYK', ip: '192.168.0.4', os.name: 'Windows 10', os.arch: 'amd64', os.version: '10.0', java.version: '11.0.10'
Driver info: org.openqa.selenium.chrome.ChromeDriver
Capabilities {acceptInsecureCerts: false, browserName: chrome, browserVersion: 105.0.5195.102, chrome: {chromedriverVersion: 105.0.5195.52 (412c95e51883..., userDataDir: C:\Users\SWAMYK~1\AppData\L...}, goog:chromeOptions: {debuggerAddress: localhost:52184}, javascriptEnabled: true, networkConnectionEnabled: false, pageLoadStrategy: normal, platform: WINDOWS, platformName: WINDOWS, proxy: Proxy(), setWindowRect: true, strictFileInteractability: false, timeouts: {implicit: 0, pageLoad: 300000, script: 30000}, unhandledPromptBehavior: dismiss and notify, webauthn:extension:credBlob: true, webauthn:extension:largeBlob: true, webauthn:virtualAuthenticators: true}
Session ID: c2a77dcac922d76ca7fc98915dc9785d
*** Element info: {Using=xpath, value=//span[text()='User Specific Search']}
[ERROR][04-Sep-2022 10:21:01 AM] ThumbsDownFeedBack.testSelectingandGivingAnswerstoReportFlow:(235) - Selecting and Giving Answers to Report Test  is  un-successfull
