[INFO ][09-Aug-2024 10:15:57 AM] Selenium_Wrapper.openBrowser:(54) - Opening chrome browser.
[INFO ][09-Aug-2024 10:16:09 AM] Selenium_Wrapper.enterURL:(88) - Entering url :https://macu1--tst1.custhelp.com/app/home
[INFO ][09-Aug-2024 10:16:13 AM] Selenium_Wrapper.enterText:(317) - Entering Text :swamyk in WebElement :[[ChromeDriver: chrome on WINDOWS (79f8b692fefffeb686f56c91645e51a6)] -> id: rn_LoginForm_2_Username]
[INFO ][09-Aug-2024 10:16:14 AM] Selenium_Wrapper.enterText:(317) - Entering Text :Soft@123 in WebElement :[[ChromeDriver: chrome on WINDOWS (79f8b692fefffeb686f56c91645e51a6)] -> id: rn_LoginForm_2_Password]
[INFO ][09-Aug-2024 10:16:18 AM] Selenium_Wrapper.click:(205) - Clicking on :[[ChromeDriver: chrome on WINDOWS (79f8b692fefffeb686f56c91645e51a6)] -> id: rn_LoginForm_2_Submit]
[INFO ][09-Aug-2024 10:16:36 AM] Selenium_Wrapper.click:(205) - Clicking on :[[ChromeDriver: chrome on WINDOWS (79f8b692fefffeb686f56c91645e51a6)] -> xpath: //a[text()='browse all PAGES']]
[INFO ][09-Aug-2024 10:16:48 AM] Selenium_Wrapper.click:(205) - Clicking on :[[ChromeDriver: chrome on WINDOWS (79f8b692fefffeb686f56c91645e51a6)] -> xpath: (//div[@id='category']//following-sibling::ul//a)[1]]
[INFO ][09-Aug-2024 10:17:06 AM] Selenium_Wrapper.click:(205) - Clicking on :[[ChromeDriver: chrome on WINDOWS (79f8b692fefffeb686f56c91645e51a6)] -> xpath: //a[text()='Business Accounts']]
[INFO ][09-Aug-2024 10:17:11 AM] Selenium_Wrapper.click:(205) - Clicking on :[[ChromeDriver: chrome on WINDOWS (79f8b692fefffeb686f56c91645e51a6)] -> xpath: (//div[@id='category']//following-sibling::ul//a)[1]]
[INFO ][09-Aug-2024 10:17:24 AM] Selenium_Wrapper.click:(205) - Clicking on :[[ChromeDriver: chrome on WINDOWS (79f8b692fefffeb686f56c91645e51a6)] -> xpath: //a[text()='Employee Experience']]
[INFO ][09-Aug-2024 10:17:37 AM] Selenium_Wrapper.click:(205) - Clicking on :[[ChromeDriver: chrome on WINDOWS (79f8b692fefffeb686f56c91645e51a6)] -> xpath: //a[text()='Personal Accounts']]
[INFO ][09-Aug-2024 10:17:42 AM] Selenium_Wrapper.click:(205) - Clicking on :[[ChromeDriver: chrome on WINDOWS (79f8b692fefffeb686f56c91645e51a6)] -> xpath: (//div[@id='category']//following-sibling::ul//a)[1]]
[INFO ][09-Aug-2024 10:17:55 AM] Selenium_Wrapper.click:(205) - Clicking on :[[ChromeDriver: chrome on WINDOWS (79f8b692fefffeb686f56c91645e51a6)] -> xpath: //a[text()='Services']]
[INFO ][09-Aug-2024 10:18:08 AM] Selenium_Wrapper.click:(205) - Clicking on :[[ChromeDriver: chrome on WINDOWS (79f8b692fefffeb686f56c91645e51a6)] -> xpath: //a[text()='Technology']]
[INFO ][09-Aug-2024 10:18:13 AM] Selenium_Wrapper.click:(205) - Clicking on :[[ChromeDriver: chrome on WINDOWS (79f8b692fefffeb686f56c91645e51a6)] -> xpath: (//div[@id='category']//following-sibling::ul//a)[1]]
[INFO ][09-Aug-2024 10:18:34 AM] Selenium_Wrapper.click:(205) - Clicking on :[[ChromeDriver: chrome on WINDOWS (79f8b692fefffeb686f56c91645e51a6)] -> xpath: //a[text()='VIEW A-Z INDEX']]
[INFO ][09-Aug-2024 10:18:56 AM] Selenium_Wrapper.click:(205) - Clicking on :[[ChromeDriver: chrome on WINDOWS (79f8b692fefffeb686f56c91645e51a6)] -> xpath: //div[@id='rn_A_ZIndex_2']//ul[@class='indexing_list']//li//a[text()='D']]
[INFO ][09-Aug-2024 10:19:09 AM] Selenium_Wrapper.click:(205) - Clicking on :[[ChromeDriver: chrome on WINDOWS (79f8b692fefffeb686f56c91645e51a6)] -> xpath: //div[@id='rn_A_ZIndex_2']//ul[@class='indexing_list']//li//a[text()='J']]
[INFO ][09-Aug-2024 10:19:23 AM] Selenium_Wrapper.click:(205) - Clicking on :[[ChromeDriver: chrome on WINDOWS (79f8b692fefffeb686f56c91645e51a6)] -> xpath: //div[@id='rn_A_ZIndex_2']//ul[@class='indexing_list']//li//a[text()='P']]
[INFO ][09-Aug-2024 10:19:36 AM] Selenium_Wrapper.click:(205) - Clicking on :[[ChromeDriver: chrome on WINDOWS (79f8b692fefffeb686f56c91645e51a6)] -> xpath: //div[@id='rn_A_ZIndex_2']//ul[@class='indexing_list']//li//a[text()='V']]
[INFO ][09-Aug-2024 10:19:50 AM] Selenium_Wrapper.click:(205) - Clicking on :[[ChromeDriver: chrome on WINDOWS (79f8b692fefffeb686f56c91645e51a6)] -> xpath: //div[@id='rn_A_ZIndex_2']//ul[@class='indexing_list']//li//a[text()='0-9']]
[INFO ][09-Aug-2024 10:20:11 AM] Selenium_Wrapper.click:(205) - Clicking on :[[ChromeDriver: chrome on WINDOWS (79f8b692fefffeb686f56c91645e51a6)] -> xpath: (//div[@class='rn_A_ZIndex']//div[@class='index-content']//a)[1]]
[INFO ][09-Aug-2024 10:20:36 AM] Selenium_Wrapper.enterText:(317) - Entering Text :100% First Time Home Buyer Loan in WebElement :[[ChromeDriver: chrome on WINDOWS (79f8b692fefffeb686f56c91645e51a6)] -> xpath: //input[@type='search']]
[INFO ][09-Aug-2024 10:21:17 AM] Selenium_Wrapper.click:(205) - Clicking on :[[ChromeDriver: chrome on WINDOWS (79f8b692fefffeb686f56c91645e51a6)] -> xpath: //div[@id='rn_PageTitle']//a[text()='BROWSE ALL PAGES']]
[INFO ][09-Aug-2024 10:21:25 AM] Selenium_Wrapper.closeCurrentBrowser:(657) - Closing the current Browser
