[INFO ][05-Jan-2024 10:29:49 AM] Selenium_Wrapper.openBrowser:(48) - Opening chrome browser.
[INFO ][05-Jan-2024 10:29:55 AM] Selenium_Wrapper.enterURL:(82) - Entering url :https://macu1--tst1.custhelp.com/app/home
[INFO ][05-Jan-2024 10:29:59 AM] Selenium_Wrapper.enterText:(311) - Entering Text :swamyk in WebElement :[[ChromeDriver: chrome on WINDOWS (85d18e8b4032491eb9c1a9913ced9828)] -> id: rn_LoginForm_2_Username]
[INFO ][05-Jan-2024 10:30:00 AM] Selenium_Wrapper.enterText:(311) - Entering Text :Soft@123 in WebElement :[[ChromeDriver: chrome on WINDOWS (85d18e8b4032491eb9c1a9913ced9828)] -> id: rn_LoginForm_2_Password]
[INFO ][05-Jan-2024 10:30:07 AM] Selenium_Wrapper.click:(199) - Clicking on :[[ChromeDriver: chrome on WINDOWS (85d18e8b4032491eb9c1a9913ced9828)] -> id: rn_LoginForm_2_Submit]
[INFO ][05-Jan-2024 10:30:17 AM] Selenium_Wrapper.click:(199) - Clicking on :[[ChromeDriver: chrome on WINDOWS (85d18e8b4032491eb9c1a9913ced9828)] -> xpath: //input[@type='search']]
[INFO ][05-Jan-2024 10:30:18 AM] Selenium_Wrapper.enterText:(311) - Entering Text :Business Auto Loan - ALPS 1.0 in WebElement :[[ChromeDriver: chrome on WINDOWS (85d18e8b4032491eb9c1a9913ced9828)] -> xpath: //input[@type='search']]
[INFO ][05-Jan-2024 10:30:32 AM] Selenium_Wrapper.click:(199) - Clicking on :[[ChromeDriver: chrome on WINDOWS (85d18e8b4032491eb9c1a9913ced9828)] -> xpath: (//div[@class='yui3-aclist-content']//li//li)[1]]
[INFO ][05-Jan-2024 10:30:39 AM] Selenium_Wrapper.click:(199) - Clicking on :[[ChromeDriver: chrome on WINDOWS (85d18e8b4032491eb9c1a9913ced9828)] -> xpath: (//div[@class='rn_SearchResultContent']//a)[1]]
[INFO ][05-Jan-2024 10:31:04 AM] Selenium_Wrapper.click:(199) - Clicking on :[[ChromeDriver: chrome on WINDOWS (85d18e8b4032491eb9c1a9913ced9828)] -> xpath: //div[@class='main_image_div']//div[@class='thumbs_up_down'][2]]
[INFO ][05-Jan-2024 10:31:15 AM] Selenium_Wrapper.click:(199) - Clicking on :[[ChromeDriver: chrome on WINDOWS (85d18e8b4032491eb9c1a9913ced9828)] -> xpath: //textarea[@class='rn_DocumentTextArea']]
[INFO ][05-Jan-2024 10:31:16 AM] Selenium_Wrapper.enterText:(311) - Entering Text :Flexible Work - ThumbDown Comments in WebElement :[[ChromeDriver: chrome on WINDOWS (85d18e8b4032491eb9c1a9913ced9828)] -> xpath: //textarea[@class='rn_DocumentTextArea']]
[INFO ][05-Jan-2024 10:31:21 AM] Selenium_Wrapper.click:(199) - Clicking on :[[ChromeDriver: chrome on WINDOWS (85d18e8b4032491eb9c1a9913ced9828)] -> xpath: //button[text()='SUBMIT']]
[INFO ][05-Jan-2024 10:31:26 AM] Selenium_Wrapper.click:(199) - Clicking on :[[ChromeDriver: chrome on WINDOWS (85d18e8b4032491eb9c1a9913ced9828)] -> xpath: //button[@class='yui3-button yui3-button-close']]
[INFO ][05-Jan-2024 10:31:33 AM] Selenium_Wrapper.click:(199) - Clicking on :[[ChromeDriver: chrome on WINDOWS (85d18e8b4032491eb9c1a9913ced9828)] -> xpath: //div[@class='dropdown']]
[INFO ][05-Jan-2024 10:31:42 AM] Selenium_Wrapper.click:(199) - Clicking on :[[ChromeDriver: chrome on WINDOWS (85d18e8b4032491eb9c1a9913ced9828)] -> xpath: //a[text()='My Feedback']]
[INFO ][05-Jan-2024 10:32:08 AM] Selenium_Wrapper.click:(199) - Clicking on :[[ChromeDriver: chrome on WINDOWS (85d18e8b4032491eb9c1a9913ced9828)] -> xpath: ((//table//tbody)[2]//a)[1]]
[INFO ][05-Jan-2024 10:32:43 AM] Selenium_Wrapper.click:(199) - Clicking on :[[ChromeDriver: chrome on WINDOWS (85d18e8b4032491eb9c1a9913ced9828)] -> class name: knowledge]
[INFO ][05-Jan-2024 10:32:45 AM] Selenium_Wrapper.closeCurrentBrowser:(651) - Closing the current Browser
[INFO ][05-Jan-2024 10:32:46 AM] Selenium_Wrapper.openBrowser:(48) - Opening chrome browser.
[INFO ][05-Jan-2024 10:32:54 AM] Selenium_Wrapper.enterURL:(82) - Entering url :https://macu1--tst1.custhelp.com/AgentWeb/
[INFO ][05-Jan-2024 10:32:58 AM] Selenium_Wrapper.enterText:(311) - Entering Text :automation_testing in WebElement :[[ChromeDriver: chrome on WINDOWS (695b26c605c52282aee1373ac2a09f49)] -> id: username]
[INFO ][05-Jan-2024 10:32:59 AM] Selenium_Wrapper.enterText:(311) - Entering Text :Welcome123 in WebElement :[[ChromeDriver: chrome on WINDOWS (695b26c605c52282aee1373ac2a09f49)] -> id: password]
[INFO ][05-Jan-2024 10:33:20 AM] Selenium_Wrapper.click:(199) - Clicking on :[[ChromeDriver: chrome on WINDOWS (695b26c605c52282aee1373ac2a09f49)] -> id: loginbutton]
[INFO ][05-Jan-2024 10:34:00 AM] Selenium_Wrapper.click:(199) - Clicking on :[[ChromeDriver: chrome on WINDOWS (695b26c605c52282aee1373ac2a09f49)] -> id: navigationSetBtn]
[INFO ][05-Jan-2024 10:34:07 AM] Selenium_Wrapper.click:(199) - Clicking on :[[ChromeDriver: chrome on WINDOWS (695b26c605c52282aee1373ac2a09f49)] -> xpath: (//div[text()='Analytics']//a)]
[INFO ][05-Jan-2024 10:34:12 AM] Selenium_Wrapper.click:(199) - Clicking on :[[ChromeDriver: chrome on WINDOWS (695b26c605c52282aee1373ac2a09f49)] -> xpath: //span[text()='Reports Explorer']]
[INFO ][05-Jan-2024 10:34:19 AM] Selenium_Wrapper.click:(199) - Clicking on :[[ChromeDriver: chrome on WINDOWS (695b26c605c52282aee1373ac2a09f49)] -> xpath: //div[text()='Public Reports']]
[INFO ][05-Jan-2024 10:34:25 AM] Selenium_Wrapper.click:(199) - Clicking on :[[ChromeDriver: chrome on WINDOWS (695b26c605c52282aee1373ac2a09f49)] -> xpath: //div[text()='MACU CUSTOM REPORTS']]
[INFO ][05-Jan-2024 10:34:30 AM] Selenium_Wrapper.click:(199) - Clicking on :[[ChromeDriver: chrome on WINDOWS (695b26c605c52282aee1373ac2a09f49)] -> xpath: //div[text()='SoftClouds']]
[INFO ][05-Jan-2024 10:34:35 AM] Selenium_Wrapper.click:(199) - Clicking on :[[ChromeDriver: chrome on WINDOWS (695b26c605c52282aee1373ac2a09f49)] -> xpath: //div[text()='OKCS']]
[INFO ][05-Jan-2024 10:34:40 AM] Selenium_Wrapper.click:(199) - Clicking on :[[ChromeDriver: chrome on WINDOWS (695b26c605c52282aee1373ac2a09f49)] -> xpath: //div[text()='Archived Reports']]
[INFO ][05-Jan-2024 10:34:52 AM] Selenium_Wrapper.doubleClick:(280) - Double clicking on :[[ChromeDriver: chrome on WINDOWS (695b26c605c52282aee1373ac2a09f49)] -> xpath: //div[@class='explorer-right-panel']//div[@class='explorer-data-grid']//span[text()='Feedback Admin Report (old)']]
[INFO ][05-Jan-2024 10:35:08 AM] Selenium_Wrapper.click:(199) - Clicking on :[[ChromeDriver: chrome on WINDOWS (695b26c605c52282aee1373ac2a09f49)] -> xpath: //div[@class='container wsx-flex']//div[@class='analyticsTopSection']//div[@class='select-box-root select-box-display-text-active']]
[INFO ][05-Jan-2024 10:35:13 AM] Selenium_Wrapper.click:(199) - Clicking on :[[ChromeDriver: chrome on WINDOWS (695b26c605c52282aee1373ac2a09f49)] -> xpath: (//span[text()='Search'])[2]]
[INFO ][05-Jan-2024 10:35:22 AM] Selenium_Wrapper.doubleClick:(280) - Double clicking on :[[ChromeDriver: chrome on WINDOWS (695b26c605c52282aee1373ac2a09f49)] -> xpath: //div[@class='container wsx-flex']//div[contains(@column-id,'2')][1]]
[INFO ][05-Jan-2024 10:35:36 AM] Selenium_Wrapper.click:(199) - Clicking on :[[ChromeDriver: chrome on WINDOWS (695b26c605c52282aee1373ac2a09f49)] -> xpath: //span[text()='Messages']]
[INFO ][05-Jan-2024 10:35:41 AM] Selenium_Wrapper.click:(199) - Clicking on :[[ChromeDriver: chrome on WINDOWS (695b26c605c52282aee1373ac2a09f49)] -> xpath: //div[contains(@class,'cke_wysiwyg_div ')]]
[INFO ][05-Jan-2024 10:35:42 AM] Selenium_Wrapper.enterText:(311) - Entering Text :It is working as per Expected in WebElement :[[ChromeDriver: chrome on WINDOWS (695b26c605c52282aee1373ac2a09f49)] -> xpath: //div[contains(@class,'cke_wysiwyg_div ')]]
[INFO ][05-Jan-2024 10:35:47 AM] Selenium_Wrapper.click:(199) - Clicking on :[[ChromeDriver: chrome on WINDOWS (695b26c605c52282aee1373ac2a09f49)] -> xpath: //div[@class='ws-toolbar-button-image bui-icon save-icon fa-lg']]
[INFO ][05-Jan-2024 10:35:52 AM] Selenium_Wrapper.click:(199) - Clicking on :[[ChromeDriver: chrome on WINDOWS (695b26c605c52282aee1373ac2a09f49)] -> xpath: //span[text()='Summary']]
[INFO ][05-Jan-2024 10:36:00 AM] Selenium_Wrapper.clickUsingActions:(249) - Clicking on :[[ChromeDriver: chrome on WINDOWS (695b26c605c52282aee1373ac2a09f49)] -> xpath: //div[contains(@id,'Incident_Status')][@class='display-text']]
[INFO ][05-Jan-2024 10:36:07 AM] Selenium_Wrapper.click:(199) - Clicking on :[[ChromeDriver: chrome on WINDOWS (695b26c605c52282aee1373ac2a09f49)] -> xpath: (//div[@title='Solved'])[1]]
[INFO ][05-Jan-2024 10:36:14 AM] Selenium_Wrapper.click:(199) - Clicking on :[[ChromeDriver: chrome on WINDOWS (695b26c605c52282aee1373ac2a09f49)] -> xpath: //div[@class='ws-toolbar-button-image bui-icon save-icon fa-lg']]
[INFO ][05-Jan-2024 10:36:23 AM] Selenium_Wrapper.click:(199) - Clicking on :[[ChromeDriver: chrome on WINDOWS (695b26c605c52282aee1373ac2a09f49)] -> xpath: (//a[@class='closeButton'])[3]]
[INFO ][05-Jan-2024 10:36:31 AM] Selenium_Wrapper.click:(199) - Clicking on :[[ChromeDriver: chrome on WINDOWS (695b26c605c52282aee1373ac2a09f49)] -> xpath: (//a[@class='closeButton'])[2]]
[INFO ][05-Jan-2024 10:36:38 AM] Selenium_Wrapper.click:(199) - Clicking on :[[ChromeDriver: chrome on WINDOWS (695b26c605c52282aee1373ac2a09f49)] -> xpath: (//a[@class='closeButton'])[1]]
[INFO ][05-Jan-2024 10:36:46 AM] Selenium_Wrapper.click:(199) - Clicking on :[[ChromeDriver: chrome on WINDOWS (695b26c605c52282aee1373ac2a09f49)] -> xpath: //body//oj-avatar[@initials='[[userMenuLabel]]']]
[INFO ][05-Jan-2024 10:36:53 AM] Selenium_Wrapper.click:(199) - Clicking on :[[ChromeDriver: chrome on WINDOWS (695b26c605c52282aee1373ac2a09f49)] -> xpath: //a//span[text()='Sign Out']]
[INFO ][05-Jan-2024 10:36:58 AM] Selenium_Wrapper.closeCurrentBrowser:(651) - Closing the current Browser
