[INFO ][04-Apr-2024 10:25:20 AM] Selenium_Wrapper.openBrowser:(54) - Opening chrome browser.
[INFO ][04-Apr-2024 10:25:28 AM] Selenium_Wrapper.enterURL:(88) - Entering url :https://macu1--tst1.custhelp.com/app/home
[INFO ][04-Apr-2024 10:25:32 AM] Selenium_Wrapper.enterText:(317) - Entering Text :swamyk in WebElement :[[ChromeDriver: chrome on WINDOWS (3fb8993d5ff09ecccd67dc81a174bd8c)] -> id: rn_LoginForm_2_Username]
[INFO ][04-Apr-2024 10:25:33 AM] Selenium_Wrapper.enterText:(317) - Entering Text :Soft@123 in WebElement :[[ChromeDriver: chrome on WINDOWS (3fb8993d5ff09ecccd67dc81a174bd8c)] -> id: rn_LoginForm_2_Password]
[INFO ][04-Apr-2024 10:25:38 AM] Selenium_Wrapper.click:(205) - Clicking on :[[ChromeDriver: chrome on WINDOWS (3fb8993d5ff09ecccd67dc81a174bd8c)] -> id: rn_LoginForm_2_Submit]
[INFO ][04-Apr-2024 10:25:44 AM] Selenium_Wrapper.click:(205) - Clicking on :[[ChromeDriver: chrome on WINDOWS (3fb8993d5ff09ecccd67dc81a174bd8c)] -> xpath: //input[@type='search']]
[INFO ][04-Apr-2024 10:25:46 AM] Selenium_Wrapper.enterText:(317) - Entering Text :Business Use Auto Loan in WebElement :[[ChromeDriver: chrome on WINDOWS (3fb8993d5ff09ecccd67dc81a174bd8c)] -> xpath: //input[@type='search']]
[INFO ][04-Apr-2024 10:26:02 AM] Selenium_Wrapper.click:(205) - Clicking on :[[ChromeDriver: chrome on WINDOWS (3fb8993d5ff09ecccd67dc81a174bd8c)] -> xpath: (//ul[text()='Suggested Search']//li//li)[1]]
[INFO ][04-Apr-2024 10:26:06 AM] Selenium_Wrapper.click:(205) - Clicking on :[[ChromeDriver: chrome on WINDOWS (3fb8993d5ff09ecccd67dc81a174bd8c)] -> xpath: //div[@class='rn_SearchResultContent']//tbody//tr//div//span[@class='rn_Element1']//a]
[INFO ][04-Apr-2024 10:26:28 AM] Selenium_Wrapper.click:(205) - Clicking on :[[ChromeDriver: chrome on WINDOWS (3fb8993d5ff09ecccd67dc81a174bd8c)] -> xpath: //a[@class='add_bookmarkButton']//img[@class='bookmark_icon_blank']]
[INFO ][04-Apr-2024 10:26:32 AM] Selenium_Wrapper.click:(205) - Clicking on :[[ChromeDriver: chrome on WINDOWS (3fb8993d5ff09ecccd67dc81a174bd8c)] -> xpath: //div[@class='dropdown']]
[INFO ][04-Apr-2024 10:26:37 AM] Selenium_Wrapper.click:(205) - Clicking on :[[ChromeDriver: chrome on WINDOWS (3fb8993d5ff09ecccd67dc81a174bd8c)] -> xpath: //div[@class='data Custom-data']//a[text()='My Bookmarks']]
[INFO ][04-Apr-2024 10:26:56 AM] Selenium_Wrapper.click:(205) - Clicking on :[[ChromeDriver: chrome on WINDOWS (3fb8993d5ff09ecccd67dc81a174bd8c)] -> xpath: //a[contains(text(),'Business Use Auto Loan')]//parent::div[@class='rn_Notification_Info']//following-sibling::div[@class='rn_Notification_Actions']//button[@class='rn_Notification_Delete']//img[@class='bookmark_del_ico']]
[INFO ][04-Apr-2024 10:27:08 AM] Selenium_Wrapper.click:(205) - Clicking on :[[ChromeDriver: chrome on WINDOWS (3fb8993d5ff09ecccd67dc81a174bd8c)] -> class name: knowledge]
[INFO ][04-Apr-2024 10:27:13 AM] Selenium_Wrapper.click:(205) - Clicking on :[[ChromeDriver: chrome on WINDOWS (3fb8993d5ff09ecccd67dc81a174bd8c)] -> xpath: //input[@type='search']]
[INFO ][04-Apr-2024 10:27:14 AM] Selenium_Wrapper.enterText:(317) - Entering Text :Business Use Auto Loan in WebElement :[[ChromeDriver: chrome on WINDOWS (3fb8993d5ff09ecccd67dc81a174bd8c)] -> xpath: //input[@type='search']]
[INFO ][04-Apr-2024 10:27:19 AM] Selenium_Wrapper.click:(205) - Clicking on :[[ChromeDriver: chrome on WINDOWS (3fb8993d5ff09ecccd67dc81a174bd8c)] -> xpath: (//ul[text()='Suggested Search']//li//li)[1]]
[INFO ][04-Apr-2024 10:27:23 AM] Selenium_Wrapper.click:(205) - Clicking on :[[ChromeDriver: chrome on WINDOWS (3fb8993d5ff09ecccd67dc81a174bd8c)] -> xpath: //div[@class='rn_SearchResultContent']//tbody//tr//div//span[@class='rn_Element1']//a]
[INFO ][04-Apr-2024 10:27:30 AM] Selenium_Wrapper.click:(205) - Clicking on :[[ChromeDriver: chrome on WINDOWS (3fb8993d5ff09ecccd67dc81a174bd8c)] -> xpath: //div[contains(@class,'EmailAnswerLink')]//img[@class='share_icon_default']]
[INFO ][04-Apr-2024 10:27:33 AM] Selenium_Wrapper.click:(205) - Clicking on :[[ChromeDriver: chrome on WINDOWS (3fb8993d5ff09ecccd67dc81a174bd8c)] -> xpath: //div[@id='rnDialog1']//input[@class='select2-search__field']]
[INFO ][04-Apr-2024 10:27:34 AM] Selenium_Wrapper.enterText:(317) - Entering Text :Aaron Brown in WebElement :[[ChromeDriver: chrome on WINDOWS (3fb8993d5ff09ecccd67dc81a174bd8c)] -> xpath: //div[@id='rnDialog1']//input[@class='select2-search__field']]
[INFO ][04-Apr-2024 10:27:39 AM] Selenium_Wrapper.click:(205) - Clicking on :[[ChromeDriver: chrome on WINDOWS (3fb8993d5ff09ecccd67dc81a174bd8c)] -> xpath: //ul[@class='select2-results__options']//li[text()='Aaron Brown']]
[INFO ][04-Apr-2024 10:27:42 AM] Selenium_Wrapper.click:(205) - Clicking on :[[ChromeDriver: chrome on WINDOWS (3fb8993d5ff09ecccd67dc81a174bd8c)] -> xpath: //button[@class='yui3-button yui3-button-close']]
[INFO ][04-Apr-2024 10:27:54 AM] Selenium_Wrapper.click:(205) - Clicking on :[[ChromeDriver: chrome on WINDOWS (3fb8993d5ff09ecccd67dc81a174bd8c)] -> xpath: //div[@id='formsResources_panel']//div[@id='formsResources_headingOne']]
[INFO ][04-Apr-2024 10:28:04 AM] Selenium_Wrapper.clickUsingActions:(255) - Clicking on :[[ChromeDriver: chrome on WINDOWS (3fb8993d5ff09ecccd67dc81a174bd8c)] -> xpath: (//ul[@class='formsResources']//ul//li/a)[2]]
[INFO ][04-Apr-2024 10:28:29 AM] Selenium_Wrapper.click:(205) - Clicking on :[[ChromeDriver: chrome on WINDOWS (3fb8993d5ff09ecccd67dc81a174bd8c)] -> class name: knowledge]
[INFO ][04-Apr-2024 10:28:36 AM] Selenium_Wrapper.click:(205) - Clicking on :[[ChromeDriver: chrome on WINDOWS (3fb8993d5ff09ecccd67dc81a174bd8c)] -> xpath: //input[@type='search']]
[INFO ][04-Apr-2024 10:28:37 AM] Selenium_Wrapper.enterText:(317) - Entering Text :Business Use Auto Loan in WebElement :[[ChromeDriver: chrome on WINDOWS (3fb8993d5ff09ecccd67dc81a174bd8c)] -> xpath: //input[@type='search']]
[INFO ][04-Apr-2024 10:28:53 AM] Selenium_Wrapper.click:(205) - Clicking on :[[ChromeDriver: chrome on WINDOWS (3fb8993d5ff09ecccd67dc81a174bd8c)] -> xpath: (//ul[text()='Suggested Search']//li//li)[1]]
[INFO ][04-Apr-2024 10:28:59 AM] Selenium_Wrapper.click:(205) - Clicking on :[[ChromeDriver: chrome on WINDOWS (3fb8993d5ff09ecccd67dc81a174bd8c)] -> xpath: //div[@class='rn_SearchResultContent']//tbody//tr//div//span[@class='rn_Element1']//a]
[INFO ][04-Apr-2024 10:29:56 AM] Selenium_Wrapper.click:(205) - Clicking on :[[ChromeDriver: chrome on WINDOWS (3fb8993d5ff09ecccd67dc81a174bd8c)] -> xpath: //button[@class='rn_RecommendContentButton p-0']]
[INFO ][04-Apr-2024 10:29:58 AM] Selenium_Wrapper.enterText:(317) - Entering Text :Test Improve, comments, updates in WebElement :[[ChromeDriver: chrome on WINDOWS (3fb8993d5ff09ecccd67dc81a174bd8c)] -> xpath: //div[@id='rnDialog1_c']//textarea[contains(@id,RequestUpdate)]]
[INFO ][04-Apr-2024 10:30:00 AM] Selenium_Wrapper.click:(205) - Clicking on :[[ChromeDriver: chrome on WINDOWS (3fb8993d5ff09ecccd67dc81a174bd8c)] -> xpath: //button[@class='yui3-button yui3-button-close']]
[INFO ][04-Apr-2024 10:30:09 AM] Selenium_Wrapper.click:(205) - Clicking on :[[ChromeDriver: chrome on WINDOWS (3fb8993d5ff09ecccd67dc81a174bd8c)] -> id: relatedPages_headingOne]
[INFO ][04-Apr-2024 10:30:12 AM] Selenium_Wrapper.click:(205) - Clicking on :[[ChromeDriver: chrome on WINDOWS (3fb8993d5ff09ecccd67dc81a174bd8c)] -> id: relatedPages_headingOne]
[INFO ][04-Apr-2024 10:30:20 AM] Selenium_Wrapper.enterText:(317) - Entering Text :Business Use Auto Loan in WebElement :[[ChromeDriver: chrome on WINDOWS (3fb8993d5ff09ecccd67dc81a174bd8c)] -> xpath: //div[contains(@class,'input-group')]//input[@type='search']]
[INFO ][04-Apr-2024 10:30:28 AM] Selenium_Wrapper.click:(205) - Clicking on :[[ChromeDriver: chrome on WINDOWS (3fb8993d5ff09ecccd67dc81a174bd8c)] -> xpath: //ul[@aria-label='Suggested Search']//li[@class='rn_SuggestionItem'][normalize-space()='Business Use Auto Loan']]
[INFO ][04-Apr-2024 10:30:39 AM] Selenium_Wrapper.click:(205) - Clicking on :[[ChromeDriver: chrome on WINDOWS (3fb8993d5ff09ecccd67dc81a174bd8c)] -> class name: knowledge]
[INFO ][04-Apr-2024 10:30:42 AM] Selenium_Wrapper.closeCurrentBrowser:(657) - Closing the current Browser
