[INFO ][04-Sep-2022 10:34:51 AM] Selenium_Wrapper.openBrowser:(48) - Opening chrome browser.
[INFO ][04-Sep-2022 10:35:00 AM] Selenium_Wrapper.enterURL:(82) - Entering url :https://macu1--upgrade.custhelp.com/
[INFO ][04-Sep-2022 10:35:04 AM] Selenium_Wrapper.enterText:(311) - Entering Text :pramodk in WebElement :[[ChromeDriver: chrome on WINDOWS (a58ed172d0119a5acc88d518e7d1aed3)] -> id: rn_LoginForm_2_Username]
[INFO ][04-Sep-2022 10:35:05 AM] Selenium_Wrapper.enterText:(311) - Entering Text :Soft@123 in WebElement :[[ChromeDriver: chrome on WINDOWS (a58ed172d0119a5acc88d518e7d1aed3)] -> id: rn_LoginForm_2_Password]
[INFO ][04-Sep-2022 10:35:12 AM] Selenium_Wrapper.click:(199) - Clicking on :[[ChromeDriver: chrome on WINDOWS (a58ed172d0119a5acc88d518e7d1aed3)] -> id: rn_LoginForm_2_Submit]
[INFO ][04-Sep-2022 10:35:25 AM] Selenium_Wrapper.click:(199) - Clicking on :[[ChromeDriver: chrome on WINDOWS (a58ed172d0119a5acc88d518e7d1aed3)] -> xpath: //input[@type='search']]
[INFO ][04-Sep-2022 10:35:27 AM] Selenium_Wrapper.enterText:(311) - Entering Text :Auto Loan in WebElement :[[ChromeDriver: chrome on WINDOWS (a58ed172d0119a5acc88d518e7d1aed3)] -> xpath: //input[@type='search']]
[INFO ][04-Sep-2022 10:35:42 AM] Selenium_Wrapper.click:(199) - Clicking on :[[ChromeDriver: chrome on WINDOWS (a58ed172d0119a5acc88d518e7d1aed3)] -> xpath: //ul[@aria-label='Suggested Search']//li[normalize-space()= 'Auto Loan' ]]
[INFO ][04-Sep-2022 10:35:49 AM] Selenium_Wrapper.click:(199) - Clicking on :[[ChromeDriver: chrome on WINDOWS (a58ed172d0119a5acc88d518e7d1aed3)] -> xpath: //div[@class='rn_SearchResultContent']//a[text()='Auto Loan']]
[INFO ][04-Sep-2022 10:36:08 AM] Selenium_Wrapper.click:(199) - Clicking on :[[ChromeDriver: chrome on WINDOWS (a58ed172d0119a5acc88d518e7d1aed3)] -> xpath: //div[@class='main_image_div']//div[@class='thumbs_up_down'][2]]
[INFO ][04-Sep-2022 10:36:19 AM] Selenium_Wrapper.click:(199) - Clicking on :[[ChromeDriver: chrome on WINDOWS (a58ed172d0119a5acc88d518e7d1aed3)] -> id: rn_AnswerRating_3_22_FeedbackMessage]
[INFO ][04-Sep-2022 10:36:21 AM] Selenium_Wrapper.enterText:(311) - Entering Text :Flexible Work - ThumbDown Comments in WebElement :[[ChromeDriver: chrome on WINDOWS (a58ed172d0119a5acc88d518e7d1aed3)] -> id: rn_AnswerRating_3_22_FeedbackMessage]
[INFO ][04-Sep-2022 10:36:26 AM] Selenium_Wrapper.click:(199) - Clicking on :[[ChromeDriver: chrome on WINDOWS (a58ed172d0119a5acc88d518e7d1aed3)] -> xpath: //button[text()='SUBMIT']]
[INFO ][04-Sep-2022 10:36:31 AM] Selenium_Wrapper.click:(199) - Clicking on :[[ChromeDriver: chrome on WINDOWS (a58ed172d0119a5acc88d518e7d1aed3)] -> xpath: //button[@class='yui3-button yui3-button-close']]
[INFO ][04-Sep-2022 10:36:41 AM] Selenium_Wrapper.click:(199) - Clicking on :[[ChromeDriver: chrome on WINDOWS (a58ed172d0119a5acc88d518e7d1aed3)] -> xpath: //div[@class='dropdown']]
[INFO ][04-Sep-2022 10:36:52 AM] Selenium_Wrapper.click:(199) - Clicking on :[[ChromeDriver: chrome on WINDOWS (a58ed172d0119a5acc88d518e7d1aed3)] -> xpath: //a[text()='My Feedback']]
[INFO ][04-Sep-2022 10:37:19 AM] Selenium_Wrapper.click:(199) - Clicking on :[[ChromeDriver: chrome on WINDOWS (a58ed172d0119a5acc88d518e7d1aed3)] -> xpath: ((//table//tbody)[2]//a)[1]]
[INFO ][04-Sep-2022 10:37:53 AM] Selenium_Wrapper.click:(199) - Clicking on :[[ChromeDriver: chrome on WINDOWS (a58ed172d0119a5acc88d518e7d1aed3)] -> class name: knowledge]
[INFO ][04-Sep-2022 10:37:57 AM] Selenium_Wrapper.closeCurrentBrowser:(651) - Closing the current Browser
[INFO ][04-Sep-2022 10:37:58 AM] Selenium_Wrapper.openBrowser:(48) - Opening chrome browser.
[INFO ][04-Sep-2022 10:38:02 AM] Selenium_Wrapper.enterURL:(82) - Entering url :https://macu1--upgrade.custhelp.com/AgentWeb/
[INFO ][04-Sep-2022 10:38:06 AM] Selenium_Wrapper.enterText:(311) - Entering Text :RNT_pramod in WebElement :[[ChromeDriver: chrome on WINDOWS (28f959a4d28ac6a8d94d8591ded51657)] -> id: username]
[INFO ][04-Sep-2022 10:38:07 AM] Selenium_Wrapper.enterText:(311) - Entering Text :Welcome123 in WebElement :[[ChromeDriver: chrome on WINDOWS (28f959a4d28ac6a8d94d8591ded51657)] -> id: password]
[INFO ][04-Sep-2022 10:38:40 AM] Selenium_Wrapper.click:(199) - Clicking on :[[ChromeDriver: chrome on WINDOWS (28f959a4d28ac6a8d94d8591ded51657)] -> id: loginbutton]
[INFO ][04-Sep-2022 10:38:51 AM] Selenium_Wrapper.click:(199) - Clicking on :[[ChromeDriver: chrome on WINDOWS (28f959a4d28ac6a8d94d8591ded51657)] -> id: navigationSetBtn]
[INFO ][04-Sep-2022 10:38:56 AM] Selenium_Wrapper.click:(199) - Clicking on :[[ChromeDriver: chrome on WINDOWS (28f959a4d28ac6a8d94d8591ded51657)] -> xpath: (//div[text()='Analytics']//a)]
[INFO ][04-Sep-2022 10:39:01 AM] Selenium_Wrapper.click:(199) - Clicking on :[[ChromeDriver: chrome on WINDOWS (28f959a4d28ac6a8d94d8591ded51657)] -> xpath: //span[text()='Reports Explorer']]
[INFO ][04-Sep-2022 10:39:07 AM] Selenium_Wrapper.click:(199) - Clicking on :[[ChromeDriver: chrome on WINDOWS (28f959a4d28ac6a8d94d8591ded51657)] -> xpath: //div[text()='Public Reports']]
[INFO ][04-Sep-2022 10:39:12 AM] Selenium_Wrapper.click:(199) - Clicking on :[[ChromeDriver: chrome on WINDOWS (28f959a4d28ac6a8d94d8591ded51657)] -> xpath: //div[text()='MACU CUSTOM REPORTS']]
[INFO ][04-Sep-2022 10:39:18 AM] Selenium_Wrapper.click:(199) - Clicking on :[[ChromeDriver: chrome on WINDOWS (28f959a4d28ac6a8d94d8591ded51657)] -> xpath: //div[text()='SoftClouds']]
[INFO ][04-Sep-2022 10:39:23 AM] Selenium_Wrapper.click:(199) - Clicking on :[[ChromeDriver: chrome on WINDOWS (28f959a4d28ac6a8d94d8591ded51657)] -> xpath: //div[text()='OKCS']]
[INFO ][04-Sep-2022 10:39:47 AM] Selenium_Wrapper.click:(199) - Clicking on :[[ChromeDriver: chrome on WINDOWS (28f959a4d28ac6a8d94d8591ded51657)] -> xpath: //span[text()='Messages']]
[INFO ][04-Sep-2022 10:39:52 AM] Selenium_Wrapper.click:(199) - Clicking on :[[ChromeDriver: chrome on WINDOWS (28f959a4d28ac6a8d94d8591ded51657)] -> xpath: //div[contains(@class,'cke_wysiwyg_div')]]
[INFO ][04-Sep-2022 10:39:55 AM] Selenium_Wrapper.enterText:(311) - Entering Text :It is working as per Expected in WebElement :[[ChromeDriver: chrome on WINDOWS (28f959a4d28ac6a8d94d8591ded51657)] -> xpath: //div[contains(@class,'cke_wysiwyg_div')]]
[INFO ][04-Sep-2022 10:40:00 AM] Selenium_Wrapper.click:(199) - Clicking on :[[ChromeDriver: chrome on WINDOWS (28f959a4d28ac6a8d94d8591ded51657)] -> xpath: //div[@class='ws-toolbar-button-image bui-icon save-icon fa-lg']]
[INFO ][04-Sep-2022 10:40:11 AM] Selenium_Wrapper.click:(199) - Clicking on :[[ChromeDriver: chrome on WINDOWS (28f959a4d28ac6a8d94d8591ded51657)] -> xpath: //span[text()='Summary']]
[ERROR][04-Sep-2022 10:40:21 AM] ThumbsDownFeedBack.testSelectingandGivingAnswerstoReportFlow:(264) - Selecting and Giving Answers to Report Test  is  un-successfull
[ERROR][04-Sep-2022 10:42:11 AM] Selenium_Wrapper.getWebElement:(124) - org.openqa.selenium.TimeoutException: Expected condition failed: waiting for visibility of [[ChromeDriver: chrome on WINDOWS (28f959a4d28ac6a8d94d8591ded51657)] -> xpath: //body//span[@id='initialsText']] (tried for 100 second(s) with 500 milliseconds interval)
Build info: version: '3.141.59', revision: 'e82be7d358', time: '2018-11-14T08:17:03'
System info: host: 'QA-SWAMYK', ip: '192.168.0.4', os.name: 'Windows 10', os.arch: 'amd64', os.version: '10.0', java.version: '11.0.10'
Driver info: org.openqa.selenium.chrome.ChromeDriver
Capabilities {acceptInsecureCerts: false, browserName: chrome, browserVersion: 105.0.5195.102, chrome: {chromedriverVersion: 105.0.5195.52 (412c95e51883..., userDataDir: C:\Users\SWAMYK~1\AppData\L...}, goog:chromeOptions: {debuggerAddress: localhost:52346}, javascriptEnabled: true, networkConnectionEnabled: false, pageLoadStrategy: normal, platform: WINDOWS, platformName: WINDOWS, proxy: Proxy(), setWindowRect: true, strictFileInteractability: false, timeouts: {implicit: 0, pageLoad: 300000, script: 30000}, unhandledPromptBehavior: dismiss and notify, webauthn:extension:credBlob: true, webauthn:extension:largeBlob: true, webauthn:virtualAuthenticators: true}
Session ID: 28f959a4d28ac6a8d94d8591ded51657
[ERROR][04-Sep-2022 10:42:11 AM] ThumbsDownFeedBack.testBUISignout:(280) - Logout/SignOut un-successfull
