[INFO ][03-Nov-2021 22:36:41 pm] Selenium_Wrapper.openBrowser:(48) - Opening chrome browser.
[INFO ][03-Nov-2021 22:36:49 pm] Selenium_Wrapper.enterURL:(82) - Entering url :https://macu1--tst.custhelp.com/app/home
[INFO ][03-Nov-2021 22:36:53 pm] Selenium_Wrapper.enterText:(311) - Entering Text :pramodk in WebElement :[[ChromeDriver: chrome on WINDOWS (d6fe33f9e78f5fe2b24dd4596b04a3aa)] -> id: rn_LoginForm_2_Username]
[INFO ][03-Nov-2021 22:36:55 pm] Selenium_Wrapper.enterText:(311) - Entering Text :Soft@123 in WebElement :[[ChromeDriver: chrome on WINDOWS (d6fe33f9e78f5fe2b24dd4596b04a3aa)] -> id: rn_LoginForm_2_Password]
[INFO ][03-Nov-2021 22:36:58 pm] Selenium_Wrapper.click:(199) - Clicking on :[[ChromeDriver: chrome on WINDOWS (d6fe33f9e78f5fe2b24dd4596b04a3aa)] -> id: rn_LoginForm_2_Submit]
[INFO ][03-Nov-2021 22:37:17 pm] Selenium_Wrapper.click:(199) - Clicking on :[[ChromeDriver: chrome on WINDOWS (d6fe33f9e78f5fe2b24dd4596b04a3aa)] -> xpath: //p[@class='search_text']//a[text()='browse all PAGES']]
[INFO ][03-Nov-2021 22:37:22 pm] Selenium_Wrapper.click:(199) - Clicking on :[[ChromeDriver: chrome on WINDOWS (d6fe33f9e78f5fe2b24dd4596b04a3aa)] -> class name: knowledge]
[INFO ][03-Nov-2021 22:37:58 pm] Selenium_Wrapper.click:(199) - Clicking on :[[ChromeDriver: chrome on WINDOWS (d6fe33f9e78f5fe2b24dd4596b04a3aa)] -> xpath: //div[@id='rn_RequestUpdate_9_RecommendContent']//button]
[INFO ][03-Nov-2021 22:37:59 pm] Selenium_Wrapper.enterText:(311) - Entering Text :Test Improve, comments, updates in WebElement :[[ChromeDriver: chrome on WINDOWS (d6fe33f9e78f5fe2b24dd4596b04a3aa)] -> xpath: //textarea[@id='rn_RequestUpdate_9_Description']]
[INFO ][03-Nov-2021 22:38:00 pm] Selenium_Wrapper.click:(199) - Clicking on :[[ChromeDriver: chrome on WINDOWS (d6fe33f9e78f5fe2b24dd4596b04a3aa)] -> xpath: //span[@class='yui3-widget-buttons']//button[@class='yui3-button yui3-button-close']]
[ERROR][03-Nov-2021 22:38:01 pm] Selenium_Wrapper.highlightWebElement:(417) - org.openqa.selenium.NoSuchElementException: no such element: Unable to locate element: {"method":"css selector","selector":".emoji\ d\-flex"}
  (Session info: chrome=95.0.4638.54)
For documentation on this error, please visit: https://www.seleniumhq.org/exceptions/no_such_element.html
Build info: version: '3.141.59', revision: 'e82be7d358', time: '2018-11-14T08:17:03'
System info: host: 'DESKTOP-N43657M', ip: '192.168.29.58', os.name: 'Windows 10', os.arch: 'amd64', os.version: '10.0', java.version: '16.0.1'
Driver info: org.openqa.selenium.chrome.ChromeDriver
Capabilities {acceptInsecureCerts: false, browserName: chrome, browserVersion: 95.0.4638.54, chrome: {chromedriverVersion: 95.0.4638.17 (a9d0719444d4b..., userDataDir: C:\Users\Pramod\AppData\Loc...}, goog:chromeOptions: {debuggerAddress: localhost:63111}, javascriptEnabled: true, networkConnectionEnabled: false, pageLoadStrategy: normal, platform: WINDOWS, platformName: WINDOWS, proxy: Proxy(), setWindowRect: true, strictFileInteractability: false, timeouts: {implicit: 0, pageLoad: 300000, script: 30000}, unhandledPromptBehavior: dismiss and notify, webauthn:extension:credBlob: true, webauthn:extension:largeBlob: true, webauthn:virtualAuthenticators: true}
Session ID: d6fe33f9e78f5fe2b24dd4596b04a3aa
*** Element info: {Using=class name, value=emoji d-flex}
[INFO ][03-Nov-2021 22:38:03 pm] Selenium_Wrapper.click:(199) - Clicking on :[[ChromeDriver: chrome on WINDOWS (d6fe33f9e78f5fe2b24dd4596b04a3aa)] -> xpath: //div[@class='emoji d-flex']//a[@class='smile']]
[INFO ][03-Nov-2021 22:38:14 pm] Selenium_Wrapper.click:(199) - Clicking on :[[ChromeDriver: chrome on WINDOWS (d6fe33f9e78f5fe2b24dd4596b04a3aa)] -> xpath: //h2[@class='footer_heading']/a[text()='Browse all pages']]
[INFO ][03-Nov-2021 22:38:18 pm] Selenium_Wrapper.click:(199) - Clicking on :[[ChromeDriver: chrome on WINDOWS (d6fe33f9e78f5fe2b24dd4596b04a3aa)] -> class name: knowledge]
[INFO ][03-Nov-2021 22:38:29 pm] Selenium_Wrapper.click:(199) - Clicking on :[[ChromeDriver: chrome on WINDOWS (d6fe33f9e78f5fe2b24dd4596b04a3aa)] -> xpath: //p[@class='search_text text-left ml-0']/a[text()='GO TO A-Z INDEX']]
[INFO ][03-Nov-2021 22:38:34 pm] Selenium_Wrapper.click:(199) - Clicking on :[[ChromeDriver: chrome on WINDOWS (d6fe33f9e78f5fe2b24dd4596b04a3aa)] -> class name: knowledge]
[INFO ][03-Nov-2021 22:38:37 pm] Selenium_Wrapper.closeCurrentBrowser:(650) - Closing the current Browser
