[INFO ][03-Jul-2024 10:35:27 AM] Selenium_Wrapper.openBrowser:(54) - Opening chrome browser.
[INFO ][03-Jul-2024 10:35:38 AM] Selenium_Wrapper.enterURL:(88) - Entering url :https://macu1--tst1.custhelp.com/app/home
[INFO ][03-Jul-2024 10:35:42 AM] Selenium_Wrapper.enterText:(317) - Entering Text :swamyk in WebElement :[[ChromeDriver: chrome on WINDOWS (d236920407a266e7086d00a8ffe0e5ab)] -> id: rn_LoginForm_2_Username]
[INFO ][03-Jul-2024 10:35:44 AM] Selenium_Wrapper.enterText:(317) - Entering Text :Soft@123 in WebElement :[[ChromeDriver: chrome on WINDOWS (d236920407a266e7086d00a8ffe0e5ab)] -> id: rn_LoginForm_2_Password]
[INFO ][03-Jul-2024 10:35:48 AM] Selenium_Wrapper.click:(205) - Clicking on :[[ChromeDriver: chrome on WINDOWS (d236920407a266e7086d00a8ffe0e5ab)] -> id: rn_LoginForm_2_Submit]
[INFO ][03-Jul-2024 10:36:01 AM] Selenium_Wrapper.click:(205) - Clicking on :[[ChromeDriver: chrome on WINDOWS (d236920407a266e7086d00a8ffe0e5ab)] -> xpath: //input[@type='search']]
[INFO ][03-Jul-2024 10:36:03 AM] Selenium_Wrapper.enterText:(317) - Entering Text :Business Use Auto Loan in WebElement :[[ChromeDriver: chrome on WINDOWS (d236920407a266e7086d00a8ffe0e5ab)] -> xpath: //input[@type='search']]
[INFO ][03-Jul-2024 10:36:14 AM] Selenium_Wrapper.click:(205) - Clicking on :[[ChromeDriver: chrome on WINDOWS (d236920407a266e7086d00a8ffe0e5ab)] -> xpath: (//div[@class='yui3-aclist-content']//li//li)[1]]
[INFO ][03-Jul-2024 10:36:18 AM] Selenium_Wrapper.click:(205) - Clicking on :[[ChromeDriver: chrome on WINDOWS (d236920407a266e7086d00a8ffe0e5ab)] -> xpath: (//div[@class='rn_SearchResultContent']//a)[1]]
[INFO ][03-Jul-2024 10:36:32 AM] Selenium_Wrapper.click:(205) - Clicking on :[[ChromeDriver: chrome on WINDOWS (d236920407a266e7086d00a8ffe0e5ab)] -> class name: knowledge]
[INFO ][03-Jul-2024 10:36:44 AM] Selenium_Wrapper.click:(205) - Clicking on :[[ChromeDriver: chrome on WINDOWS (d236920407a266e7086d00a8ffe0e5ab)] -> xpath: //div[@class='dropdown']]
[INFO ][03-Jul-2024 10:36:52 AM] Selenium_Wrapper.click:(205) - Clicking on :[[ChromeDriver: chrome on WINDOWS (d236920407a266e7086d00a8ffe0e5ab)] -> xpath: //a[text()='SEE MORE']]
[INFO ][03-Jul-2024 10:37:04 AM] Selenium_Wrapper.click:(205) - Clicking on :[[ChromeDriver: chrome on WINDOWS (d236920407a266e7086d00a8ffe0e5ab)] -> class name: knowledge]
[INFO ][03-Jul-2024 10:37:09 AM] Selenium_Wrapper.click:(205) - Clicking on :[[ChromeDriver: chrome on WINDOWS (d236920407a266e7086d00a8ffe0e5ab)] -> xpath: //div[@class='dropdown']]
[INFO ][03-Jul-2024 10:37:20 AM] Selenium_Wrapper.click:(205) - Clicking on :[[ChromeDriver: chrome on WINDOWS (d236920407a266e7086d00a8ffe0e5ab)] -> xpath: //div[@class='dropdown-content']//a[normalize-space()='My Bookmarks']]
[INFO ][03-Jul-2024 10:37:34 AM] Selenium_Wrapper.click:(205) - Clicking on :[[ChromeDriver: chrome on WINDOWS (d236920407a266e7086d00a8ffe0e5ab)] -> xpath: //select[@class='BookmarkFilter']]
[INFO ][03-Jul-2024 10:37:43 AM] Selenium_Wrapper.click:(205) - Clicking on :[[ChromeDriver: chrome on WINDOWS (d236920407a266e7086d00a8ffe0e5ab)] -> xpath: //select[@class='BookmarkFilter']//option[text()='Alphabetical A-Z']]
[INFO ][03-Jul-2024 10:37:54 AM] Selenium_Wrapper.click:(205) - Clicking on :[[ChromeDriver: chrome on WINDOWS (d236920407a266e7086d00a8ffe0e5ab)] -> class name: knowledge]
[INFO ][03-Jul-2024 10:37:59 AM] Selenium_Wrapper.click:(205) - Clicking on :[[ChromeDriver: chrome on WINDOWS (d236920407a266e7086d00a8ffe0e5ab)] -> xpath: //div[@class='dropdown']]
[INFO ][03-Jul-2024 10:38:04 AM] Selenium_Wrapper.click:(205) - Clicking on :[[ChromeDriver: chrome on WINDOWS (d236920407a266e7086d00a8ffe0e5ab)] -> xpath: //div[@class='dropdown-content']//a[normalize-space()='My Notifications']]
[INFO ][03-Jul-2024 10:38:08 AM] Selenium_Wrapper.click:(205) - Clicking on :[[ChromeDriver: chrome on WINDOWS (d236920407a266e7086d00a8ffe0e5ab)] -> xpath: //a[text()='browse all PAGES']]
[INFO ][03-Jul-2024 10:38:27 AM] Selenium_Wrapper.click:(205) - Clicking on :[[ChromeDriver: chrome on WINDOWS (d236920407a266e7086d00a8ffe0e5ab)] -> xpath: //a[text()='VIEW A-Z INDEX']]
[INFO ][03-Jul-2024 10:38:37 AM] Selenium_Wrapper.click:(205) - Clicking on :[[ChromeDriver: chrome on WINDOWS (d236920407a266e7086d00a8ffe0e5ab)] -> class name: knowledge]
[INFO ][03-Jul-2024 10:38:40 AM] Selenium_Wrapper.closeCurrentBrowser:(657) - Closing the current Browser
