[INFO ][28-Jul-2023 10:31:11 am] Selenium_Wrapper.openBrowser:(48) - Opening chrome browser.
[INFO ][28-Jul-2023 10:31:14 am] Selenium_Wrapper.enterURL:(82) - Entering url :https://macu1--tst1.custhelp.com/AgentWeb/
[INFO ][28-Jul-2023 10:31:18 am] Selenium_Wrapper.enterText:(311) - Entering Text :automation_testing in WebElement :[[ChromeDriver: chrome on WINDOWS (c5b411bcb842edc1fb297f456f4b9bc2)] -> id: username]
[INFO ][28-Jul-2023 10:31:20 am] Selenium_Wrapper.enterText:(311) - Entering Text :Welcome123 in WebElement :[[ChromeDriver: chrome on WINDOWS (c5b411bcb842edc1fb297f456f4b9bc2)] -> id: password]
[INFO ][28-Jul-2023 10:31:43 am] Selenium_Wrapper.click:(199) - Clicking on :[[ChromeDriver: chrome on WINDOWS (c5b411bcb842edc1fb297f456f4b9bc2)] -> id: loginbutton]
[INFO ][28-Jul-2023 10:31:54 am] Selenium_Wrapper.click:(199) - Clicking on :[[ChromeDriver: chrome on WINDOWS (c5b411bcb842edc1fb297f456f4b9bc2)] -> id: navigationSetBtn]
[INFO ][28-Jul-2023 10:31:59 am] Selenium_Wrapper.click:(199) - Clicking on :[[ChromeDriver: chrome on WINDOWS (c5b411bcb842edc1fb297f456f4b9bc2)] -> xpath: (//div[text()='Configuration']//a)]
[INFO ][28-Jul-2023 10:32:04 am] Selenium_Wrapper.click:(199) - Clicking on :[[ChromeDriver: chrome on WINDOWS (c5b411bcb842edc1fb297f456f4b9bc2)] -> xpath: (//div[text()='Service']//a)]
[INFO ][28-Jul-2023 10:32:09 am] Selenium_Wrapper.click:(199) - Clicking on :[[ChromeDriver: chrome on WINDOWS (c5b411bcb842edc1fb297f456f4b9bc2)] -> xpath: (//div[text()='Knowledge Advanced']//a)]
[INFO ][28-Jul-2023 10:32:14 am] Selenium_Wrapper.click:(199) - Clicking on :[[ChromeDriver: chrome on WINDOWS (c5b411bcb842edc1fb297f456f4b9bc2)] -> xpath: //span[text()='Authoring']]
[INFO ][28-Jul-2023 10:32:29 am] Selenium_Wrapper.click:(199) - Clicking on :[[ChromeDriver: chrome on WINDOWS (c5b411bcb842edc1fb297f456f4b9bc2)] -> xpath: //div[@id='rntab']//ul//li[@testidentifier='MainNavBar_Content']//a]
[INFO ][28-Jul-2023 10:32:43 am] Selenium_Wrapper.click:(199) - Clicking on :[[ChromeDriver: chrome on WINDOWS (c5b411bcb842edc1fb297f456f4b9bc2)] -> xpath: //div[text()='Process']//following-sibling::a[@testidentifier='ContentNavBar_Add_Process']]
[INFO ][28-Jul-2023 10:32:46 am] Selenium_Wrapper.enterText:(311) - Entering Text :TestingArticle in WebElement :[[ChromeDriver: chrome on WINDOWS (c5b411bcb842edc1fb297f456f4b9bc2)] -> xpath: //input[@testidentifier='Content_ContentType_Add_SUMMARY']]
[INFO ][28-Jul-2023 10:32:49 am] Selenium_Wrapper.enterText:(311) - Entering Text :Criticals in WebElement :[[ChromeDriver: chrome on WINDOWS (c5b411bcb842edc1fb297f456f4b9bc2)] -> xpath: //input[@testidentifier='Content_ContentType_Add_KEYWORD']]
[INFO ][28-Jul-2023 10:32:57 am] Selenium_Wrapper.click:(199) - Clicking on :[[ChromeDriver: chrome on WINDOWS (c5b411bcb842edc1fb297f456f4b9bc2)] -> xpath: ((//span[@class='cke_bottom cke_reset_all'])[1]//preceding-sibling::*)[2]]
[INFO ][28-Jul-2023 10:33:04 am] Selenium_Wrapper.enterText:(311) - Entering Text :contentinfo 'Reach out to your immediate supervisor with questions.' in WebElement :[[ChromeDriver: chrome on WINDOWS (c5b411bcb842edc1fb297f456f4b9bc2)] -> xpath: //body[@class='cke_editable cke_editable_themed cke_contents_ltr cke_show_borders']]
[INFO ][28-Jul-2023 10:33:15 am] Selenium_Wrapper.click:(199) - Clicking on :[[ChromeDriver: chrome on WINDOWS (c5b411bcb842edc1fb297f456f4b9bc2)] -> xpath: ((//span[@class='cke_bottom cke_reset_all'])[2]//preceding-sibling::*)[2]]
[INFO ][28-Jul-2023 10:33:22 am] Selenium_Wrapper.enterText:(311) - Entering Text :COVID-19 Update:  Find additional information on COVID-19 Branch & Service Center Operations\n * Vaccine\n * Similar to the flu shot, we encourage you to take a lunch hour or go after work if you choose to receive the vaccine.\n * You should be able to easily schedule a time to receive a vaccine. * Take PTO if an adverse reaction occurs. * Take PTO if an adverse reaction occurs * First URL of the pageArticle Link * Second URL of the page * Third URL of the page * The few documented cases of a stronger reaction indicate that the affects typically last one to two days. * Have an open conversation with your manager if other accommodations are necessary. * The cost of the vaccine is covered by insurance. * Mask Mandates * As the counties and health departments begin to relax their mask mandates, MACU will address this as follows: * The mask mandate requirement for team members will remain in place for the foreseeable future. * Mask guidance for members will follow State, County and Health department guidelines for those areas. * Personal Protection Equipment (PPE) * Order masks and other PArticle LinkPE by submitting a ServiceNow Facilities ticket. * Items available * Cotopaxi masks ($7 each) * Hand sanitizer * Gloves * Disposable masks * Sanitation wipes * Employee Resources * Mountain America is here for you! Check out these resources: * MACU Desktop Citrix ReceiverWorkspace Step-by-Step Surface Devices Step-by-Step * Microsoft Teams Step-by-Step * Multi-Factor Authentication (MFA) Step-by-Step * Remote Work Agreement * Setting up Your New Laptop * Surface Devices Step-by-Step in WebElement :[[ChromeDriver: chrome on WINDOWS (c5b411bcb842edc1fb297f456f4b9bc2)] -> xpath: //body[@class='cke_editable cke_editable_themed cke_contents_ltr cke_show_borders']]
[INFO ][28-Jul-2023 10:33:31 am] Selenium_Wrapper.click:(199) - Clicking on :[[ChromeDriver: chrome on WINDOWS (c5b411bcb842edc1fb297f456f4b9bc2)] -> xpath: //span[text()='Jump To']]
[INFO ][28-Jul-2023 10:33:38 am] Selenium_Wrapper.click:(199) - Clicking on :[[ChromeDriver: chrome on WINDOWS (c5b411bcb842edc1fb297f456f4b9bc2)] -> xpath: (//a[@class='cke_button cke_button__image cke_button_off'])[3]]
[INFO ][28-Jul-2023 10:33:46 am] Selenium_Wrapper.click:(199) - Clicking on :[[ChromeDriver: chrome on WINDOWS (c5b411bcb842edc1fb297f456f4b9bc2)] -> xpath: (//span[text()='Browse Server'])[1]]
[INFO ][28-Jul-2023 10:34:06 am] Selenium_Wrapper.click:(199) - Clicking on :[[ChromeDriver: chrome on WINDOWS (c5b411bcb842edc1fb297f456f4b9bc2)] -> xpath: //a[text()='MACU_VIEW']]
[INFO ][28-Jul-2023 10:34:26 am] Selenium_Wrapper.click:(199) - Clicking on :[[ChromeDriver: chrome on WINDOWS (c5b411bcb842edc1fb297f456f4b9bc2)] -> xpath: //table//span[text()='OK']]
[INFO ][28-Jul-2023 10:34:40 am] Selenium_Wrapper.click:(199) - Clicking on :[[ChromeDriver: chrome on WINDOWS (c5b411bcb842edc1fb297f456f4b9bc2)] -> xpath: (//span[@class='cke_button_icon cke_button__addarticlelink_icon'])[4]]
[INFO ][28-Jul-2023 10:34:46 am] Selenium_Wrapper.enterText:(311) - Entering Text :1000124 in WebElement :[[ChromeDriver: chrome on WINDOWS (c5b411bcb842edc1fb297f456f4b9bc2)] -> xpath: (//div[text()='Article Link']//following::input)[3]]
[INFO ][28-Jul-2023 10:34:47 am] Selenium_Wrapper.enterText:(311) - Entering Text :Article Link in WebElement :[[ChromeDriver: chrome on WINDOWS (c5b411bcb842edc1fb297f456f4b9bc2)] -> xpath: (//div[text()='Article Link']//following::input)[5]]
[INFO ][28-Jul-2023 10:34:52 am] Selenium_Wrapper.click:(199) - Clicking on :[[ChromeDriver: chrome on WINDOWS (c5b411bcb842edc1fb297f456f4b9bc2)] -> xpath: (//div[@class='cke_dialog_body']//span[text()='OK'])[2]]
[INFO ][28-Jul-2023 10:35:00 am] Selenium_Wrapper.click:(199) - Clicking on :[[ChromeDriver: chrome on WINDOWS (c5b411bcb842edc1fb297f456f4b9bc2)] -> xpath: ((//span[@class='cke_bottom cke_reset_all'])[5]//preceding-sibling::*)[2]]
[INFO ][28-Jul-2023 10:35:05 am] Selenium_Wrapper.enterText:(311) - Entering Text :BasicInfo - Remote Work * -Use the following resources when connecting to work applications remotely in WebElement :[[ChromeDriver: chrome on WINDOWS (c5b411bcb842edc1fb297f456f4b9bc2)] -> xpath: //body[@class='cke_editable cke_editable_themed cke_contents_ltr cke_show_borders']]
[INFO ][28-Jul-2023 10:35:16 am] Selenium_Wrapper.click:(199) - Clicking on :[[ChromeDriver: chrome on WINDOWS (c5b411bcb842edc1fb297f456f4b9bc2)] -> xpath: ((//span[@class='cke_bottom cke_reset_all'])[6]//preceding-sibling::*)[2]]
[INFO ][28-Jul-2023 10:35:22 am] Selenium_Wrapper.enterText:(311) - Entering Text :BasicContactInfo -Remote Work * -Use the following resources when connecting to work applications remotely * -Cisco Finesse Step-by-Step * -Cisco Jabber Step-by-Step * -Electronic Communication and Information Basic Info * -Extend Surface Device Battery Life Step-by-Step * -MACU Desktop Citrix ReceiverWorkspace Step-by-Step Surface Devices Step-by-Step * -Microsoft Teams Step-by-Step * -Multi-Factor Authentication (MFA) Step-by-Step * -Remote Work Agreement * -Setting up Your New Laptop * -Surface Devices Step-by-Step in WebElement :[[ChromeDriver: chrome on WINDOWS (c5b411bcb842edc1fb297f456f4b9bc2)] -> xpath: //body[@class='cke_editable cke_editable_themed cke_contents_ltr cke_show_borders']]
[INFO ][28-Jul-2023 10:35:33 am] Selenium_Wrapper.click:(199) - Clicking on :[[ChromeDriver: chrome on WINDOWS (c5b411bcb842edc1fb297f456f4b9bc2)] -> xpath: ((//span[@class='cke_bottom cke_reset_all'])[7]//preceding-sibling::*)[2]]
[INFO ][28-Jul-2023 10:35:39 am] Selenium_Wrapper.enterText:(311) - Entering Text :Steps- Employee Resources in WebElement :[[ChromeDriver: chrome on WINDOWS (c5b411bcb842edc1fb297f456f4b9bc2)] -> xpath: //body[@class='cke_editable cke_editable_themed cke_contents_ltr cke_show_borders']]
[INFO ][28-Jul-2023 10:35:50 am] Selenium_Wrapper.click:(199) - Clicking on :[[ChromeDriver: chrome on WINDOWS (c5b411bcb842edc1fb297f456f4b9bc2)] -> xpath: ((//span[@class='cke_bottom cke_reset_all'])[8]//preceding-sibling::*)[2]]
[INFO ][28-Jul-2023 10:35:56 am] Selenium_Wrapper.enterText:(311) - Entering Text :StepsContactInfo - Mountain America is here for you! Check out these resources: * Report COVID-19 in the Workplace * Contact Tracing for COVID-19 * COVID-19 Pay Options * Corporate FSR * Employee Assistance Program (EAP) * Employee Loans * Infectious Disease * MACU Facility Standards * Mountain America Center Meetings & Events * Medical Leave of Absence * Personal Time Off (PTO) * Tanner Meetings & Events * Thrive Clinic * The CareATC Patient Access Center is currently performing all appointment scheduling activities. Our clinics are not currently accepting walk-in or self-scheduled patients. To schedule an appointment, contact the clinic 800-993-8244. * Thrive Fitness Centers * Travel Pay *Traveling Branch Employees in WebElement :[[ChromeDriver: chrome on WINDOWS (c5b411bcb842edc1fb297f456f4b9bc2)] -> xpath: //body[@class='cke_editable cke_editable_themed cke_contents_ltr cke_show_borders']]
[INFO ][28-Jul-2023 10:36:05 am] Selenium_Wrapper.click:(199) - Clicking on :[[ChromeDriver: chrome on WINDOWS (c5b411bcb842edc1fb297f456f4b9bc2)] -> xpath: ((//span[@class='cke_bottom cke_reset_all'])[9]//preceding-sibling::*)[2]]
[INFO ][28-Jul-2023 10:36:10 am] Selenium_Wrapper.enterText:(311) - Entering Text :Forms_Resources - Mask Mandates in WebElement :[[ChromeDriver: chrome on WINDOWS (c5b411bcb842edc1fb297f456f4b9bc2)] -> xpath: //body[@class='cke_editable cke_editable_themed cke_contents_ltr cke_show_borders']]
[INFO ][28-Jul-2023 10:36:20 am] Selenium_Wrapper.click:(199) - Clicking on :[[ChromeDriver: chrome on WINDOWS (c5b411bcb842edc1fb297f456f4b9bc2)] -> xpath: ((//span[@class='cke_bottom cke_reset_all'])[10]//preceding-sibling::*)[2]]
[INFO ][28-Jul-2023 10:36:27 am] Selenium_Wrapper.enterText:(311) - Entering Text :Forms_Resources_Content- As the counties and health departments begin to relax their mask mandates, MACU will address this as follows: * The mask mandate requirement for team members will remain in place for the foreseeable future. * Mask guidance for members will follow State, County and Health department guidelines for those areas. in WebElement :[[ChromeDriver: chrome on WINDOWS (c5b411bcb842edc1fb297f456f4b9bc2)] -> xpath: //body[@class='cke_editable cke_editable_themed cke_contents_ltr cke_show_borders']]
[INFO ][28-Jul-2023 10:36:36 am] Selenium_Wrapper.click:(199) - Clicking on :[[ChromeDriver: chrome on WINDOWS (c5b411bcb842edc1fb297f456f4b9bc2)] -> xpath: ((//span[@class='cke_bottom cke_reset_all'])[11]//preceding-sibling::*)[2]]
[INFO ][28-Jul-2023 10:36:42 am] Selenium_Wrapper.enterText:(311) - Entering Text :SalesConnections-Sales Connections in WebElement :[[ChromeDriver: chrome on WINDOWS (c5b411bcb842edc1fb297f456f4b9bc2)] -> xpath: //body[@class='cke_editable cke_editable_themed cke_contents_ltr cke_show_borders']]
[INFO ][28-Jul-2023 10:36:53 am] Selenium_Wrapper.click:(199) - Clicking on :[[ChromeDriver: chrome on WINDOWS (c5b411bcb842edc1fb297f456f4b9bc2)] -> xpath: //span[text()='Teams']//following::select//option[text()='Accounting & Finance']]
[INFO ][28-Jul-2023 10:36:58 am] Selenium_Wrapper.click:(199) - Clicking on :[[ChromeDriver: chrome on WINDOWS (c5b411bcb842edc1fb297f456f4b9bc2)] -> xpath: //span[text()='Compliance']//preceding-sibling::input]
[INFO ][28-Jul-2023 10:37:03 am] Selenium_Wrapper.click:(199) - Clicking on :[[ChromeDriver: chrome on WINDOWS (c5b411bcb842edc1fb297f456f4b9bc2)] -> xpath: //span[text()='No ']//preceding-sibling::input]
[INFO ][28-Jul-2023 10:37:09 am] Selenium_Wrapper.click:(199) - Clicking on :[[ChromeDriver: chrome on WINDOWS (c5b411bcb842edc1fb297f456f4b9bc2)] -> xpath: ((//span[@class='cke_bottom cke_reset_all'])[12]//preceding-sibling::*)[2]]
[INFO ][28-Jul-2023 10:37:14 am] Selenium_Wrapper.enterText:(311) - Entering Text :SalesConnectionsContent- As the counties and health departments begin to relax their mask mandates, MACU will address this as follows: * The mask mandate requirement for team members will remain in place for the foreseeable future. * Mask guidance for members will follow State, County and Health department guidelines for those areas. in WebElement :[[ChromeDriver: chrome on WINDOWS (c5b411bcb842edc1fb297f456f4b9bc2)] -> xpath: //body[@class='cke_editable cke_editable_themed cke_contents_ltr cke_show_borders']]
[INFO ][28-Jul-2023 10:37:23 am] Selenium_Wrapper.click:(199) - Clicking on :[[ChromeDriver: chrome on WINDOWS (c5b411bcb842edc1fb297f456f4b9bc2)] -> xpath: //span[text()='Major Change']//preceding-sibling::input]
[INFO ][28-Jul-2023 10:37:28 am] Selenium_Wrapper.click:(199) - Clicking on :[[ChromeDriver: chrome on WINDOWS (c5b411bcb842edc1fb297f456f4b9bc2)] -> xpath: //span[text()='Corporate/Branch/Service Center']//following::select//option[text()='Service Center']]
[INFO ][28-Jul-2023 10:37:33 am] Selenium_Wrapper.click:(199) - Clicking on :[[ChromeDriver: chrome on WINDOWS (c5b411bcb842edc1fb297f456f4b9bc2)] -> xpath: //span[text()='Department']//following::select//option[text()='0004 SEG Development Team']]
[INFO ][28-Jul-2023 10:37:39 am] Selenium_Wrapper.click:(199) - Clicking on :[[ChromeDriver: chrome on WINDOWS (c5b411bcb842edc1fb297f456f4b9bc2)] -> xpath: //span[text()='Manager Level']//following::select//option[text()='Assistant Manager']]
[INFO ][28-Jul-2023 10:37:44 am] Selenium_Wrapper.click:(199) - Clicking on :[[ChromeDriver: chrome on WINDOWS (c5b411bcb842edc1fb297f456f4b9bc2)] -> xpath: //span[contains(text(),'time with')]//following::select//option[contains(text(),'1 Month ')]]
[INFO ][28-Jul-2023 10:37:49 am] Selenium_Wrapper.click:(199) - Clicking on :[[ChromeDriver: chrome on WINDOWS (c5b411bcb842edc1fb297f456f4b9bc2)] -> xpath: //span[contains(text(),'Branch Name')]//following::select//option[contains(text(),'Albuquerque - Golf Course Road Branch')]]
[INFO ][28-Jul-2023 10:37:54 am] Selenium_Wrapper.click:(199) - Clicking on :[[ChromeDriver: chrome on WINDOWS (c5b411bcb842edc1fb297f456f4b9bc2)] -> xpath: //span[contains(text(),'Branch Area')]//following::select//option[contains(text(),'Teton')]]
[INFO ][28-Jul-2023 10:37:59 am] Selenium_Wrapper.click:(199) - Clicking on :[[ChromeDriver: chrome on WINDOWS (c5b411bcb842edc1fb297f456f4b9bc2)] -> xpath: (//span[contains(text(),'Primary Tag')]//following::select//option[contains(text(),'AAA')])[1]]
[INFO ][28-Jul-2023 10:38:04 am] Selenium_Wrapper.click:(199) - Clicking on :[[ChromeDriver: chrome on WINDOWS (c5b411bcb842edc1fb297f456f4b9bc2)] -> xpath: (//span[contains(text(),'Primary Tag')]//following::select//option[contains(text(),'AAA')])[4]]
[INFO ][28-Jul-2023 10:38:09 am] Selenium_Wrapper.click:(199) - Clicking on :[[ChromeDriver: chrome on WINDOWS (c5b411bcb842edc1fb297f456f4b9bc2)] -> xpath: (//span[contains(text(),'Primary Tag')]//following::select//option[contains(text(),'AAA')])[6]]
[ERROR][28-Jul-2023 10:38:14 am] CreateNewArticleFlow.testCreateArticleFlow:(305) - Create Article  un-successfull
[ERROR][28-Jul-2023 10:38:21 am] CreateNewArticleFlow.testPublishArticleFlow:(358) - Publish Article un-successfull
[INFO ][28-Jul-2023 10:38:21 am] Selenium_Wrapper.openBrowser:(48) - Opening chrome browser.
[INFO ][28-Jul-2023 10:38:23 am] Selenium_Wrapper.enterURL:(82) - Entering url :https://macu1--tst1.custhelp.com/app/home
[ERROR][28-Jul-2023 10:38:27 am] MACU_Wrapper.signIntoCP:(23) - Error in the signin process
[ERROR][28-Jul-2023 10:38:43 am] CreateNewArticleFlow.testCPClose:(387) - Logout/SignOut un-successfull
