[INFO ][04-Oct-2023 10:30:34 am] Selenium_Wrapper.openBrowser:(48) - Opening chrome browser.
[INFO ][04-Oct-2023 10:30:37 am] Selenium_Wrapper.enterURL:(82) - Entering url :https://macu1--tst1.custhelp.com/AgentWeb/
[INFO ][04-Oct-2023 10:30:41 am] Selenium_Wrapper.enterText:(311) - Entering Text :automation_testing in WebElement :[[ChromeDriver: chrome on WINDOWS (23e20f7a31c04d089b74d68e00f0131b)] -> id: username]
[INFO ][04-Oct-2023 10:30:42 am] Selenium_Wrapper.enterText:(311) - Entering Text :Welcome123 in WebElement :[[ChromeDriver: chrome on WINDOWS (23e20f7a31c04d089b74d68e00f0131b)] -> id: password]
[INFO ][04-Oct-2023 10:31:07 am] Selenium_Wrapper.click:(199) - Clicking on :[[ChromeDriver: chrome on WINDOWS (23e20f7a31c04d089b74d68e00f0131b)] -> id: loginbutton]
[INFO ][04-Oct-2023 10:31:27 am] Selenium_Wrapper.click:(199) - Clicking on :[[ChromeDriver: chrome on WINDOWS (23e20f7a31c04d089b74d68e00f0131b)] -> id: navigationSetBtn]
[INFO ][04-Oct-2023 10:31:32 am] Selenium_Wrapper.click:(199) - Clicking on :[[ChromeDriver: chrome on WINDOWS (23e20f7a31c04d089b74d68e00f0131b)] -> xpath: //div[@automationid='Analytics']]
[INFO ][04-Oct-2023 10:31:45 am] Selenium_Wrapper.click:(199) - Clicking on :[[ChromeDriver: chrome on WINDOWS (23e20f7a31c04d089b74d68e00f0131b)] -> xpath: //div[@automationid='Analytics_Reports Explorer']//span[text()='Reports Explorer']]
[INFO ][04-Oct-2023 10:32:00 am] Selenium_Wrapper.click:(199) - Clicking on :[[ChromeDriver: chrome on WINDOWS (23e20f7a31c04d089b74d68e00f0131b)] -> xpath: //div[@aria-label='Public Reports'][text()='Public Reports']]
[INFO ][04-Oct-2023 10:32:05 am] Selenium_Wrapper.click:(199) - Clicking on :[[ChromeDriver: chrome on WINDOWS (23e20f7a31c04d089b74d68e00f0131b)] -> xpath: //div[@aria-label='MACU CUSTOM REPORTS'][text()='MACU CUSTOM REPORTS']]
[INFO ][04-Oct-2023 10:32:10 am] Selenium_Wrapper.click:(199) - Clicking on :[[ChromeDriver: chrome on WINDOWS (23e20f7a31c04d089b74d68e00f0131b)] -> xpath: //div[@aria-label='SoftClouds'][text()='SoftClouds']]
[INFO ][04-Oct-2023 10:32:15 am] Selenium_Wrapper.click:(199) - Clicking on :[[ChromeDriver: chrome on WINDOWS (23e20f7a31c04d089b74d68e00f0131b)] -> xpath: //div[@aria-label='OKCS'][text()='OKCS'][contains(@id,'ExplorerFolderLabelAnalyticsFolder103223')]]
[ERROR][04-Oct-2023 10:32:26 am] Selenium_Wrapper.highlightWebElement:(417) - org.openqa.selenium.NoSuchElementException: no such element: Unable to locate element: {"method":"xpath","selector":"//span[contains(@title,'Full Name')]"}
  (Session info: chrome=117.0.5938.150)
For documentation on this error, please visit: https://www.seleniumhq.org/exceptions/no_such_element.html
Build info: version: '3.141.59', revision: 'e82be7d358', time: '2018-11-14T08:17:03'
System info: host: 'CAF-QA-SWAMYK', ip: '192.168.0.6', os.name: 'Windows 10', os.arch: 'amd64', os.version: '10.0', java.version: '17.0.5'
Driver info: org.openqa.selenium.chrome.ChromeDriver
Capabilities {acceptInsecureCerts: false, browserName: chrome, browserVersion: 117.0.5938.150, chrome: {chromedriverVersion: 117.0.5938.92 (67649b10b92b..., userDataDir: C:\Users\swamyk\AppData\Loc...}, fedcm:accounts: true, goog:chromeOptions: {debuggerAddress: localhost:51942}, javascriptEnabled: true, networkConnectionEnabled: false, pageLoadStrategy: normal, platform: WINDOWS, platformName: WINDOWS, proxy: Proxy(), setWindowRect: true, strictFileInteractability: false, timeouts: {implicit: 0, pageLoad: 300000, script: 30000}, unhandledPromptBehavior: dismiss and notify, webauthn:extension:credBlob: true, webauthn:extension:largeBlob: true, webauthn:extension:minPinLength: true, webauthn:extension:prf: true, webauthn:virtualAuthenticators: true}
Session ID: 23e20f7a31c04d089b74d68e00f0131b
*** Element info: {Using=xpath, value=//span[contains(@title,'Full Name')]}
[ERROR][04-Oct-2023 10:32:36 am] ActionsDashboardReport.testVisitorActionsDashboard:(134) - Select Actions Report in BUI Test is un-successfull
[INFO ][04-Oct-2023 10:32:44 am] Selenium_Wrapper.click:(199) - Clicking on :[[ChromeDriver: chrome on WINDOWS (23e20f7a31c04d089b74d68e00f0131b)] -> xpath: //body//oj-avatar[@initials='[[userMenuLabel]]']]
[INFO ][04-Oct-2023 10:32:51 am] Selenium_Wrapper.click:(199) - Clicking on :[[ChromeDriver: chrome on WINDOWS (23e20f7a31c04d089b74d68e00f0131b)] -> xpath: //a//span[text()='Sign Out']]
