[INFO ][28-Feb-2023 10:32:30 AM] Selenium_Wrapper.openBrowser:(48) - Opening chrome browser.
[INFO ][28-Feb-2023 10:32:35 AM] Selenium_Wrapper.enterURL:(82) - Entering url :https://macu1--upgrade.custhelp.com/
[INFO ][28-Feb-2023 10:32:39 AM] Selenium_Wrapper.enterText:(311) - Entering Text :automation_testing in WebElement :[[ChromeDriver: chrome on WINDOWS (bd99fa2c6593c218dc8836e5ebeb2b0c)] -> id: rn_LoginForm_2_Username]
[INFO ][28-Feb-2023 10:32:40 AM] Selenium_Wrapper.enterText:(311) - Entering Text :Soft@123 in WebElement :[[ChromeDriver: chrome on WINDOWS (bd99fa2c6593c218dc8836e5ebeb2b0c)] -> id: rn_LoginForm_2_Password]
[INFO ][28-Feb-2023 10:32:48 AM] Selenium_Wrapper.click:(199) - Clicking on :[[ChromeDriver: chrome on WINDOWS (bd99fa2c6593c218dc8836e5ebeb2b0c)] -> id: rn_LoginForm_2_Submit]
[INFO ][28-Feb-2023 10:32:58 AM] Selenium_Wrapper.click:(199) - Clicking on :[[ChromeDriver: chrome on WINDOWS (bd99fa2c6593c218dc8836e5ebeb2b0c)] -> xpath: //div[@class='dropdown']]
[INFO ][28-Feb-2023 10:33:43 AM] Selenium_Wrapper.click:(199) - Clicking on :[[ChromeDriver: chrome on WINDOWS (bd99fa2c6593c218dc8836e5ebeb2b0c)] -> xpath: (//div[@class='dropdown-content']//a)[1]]
[INFO ][28-Feb-2023 10:34:15 AM] Selenium_Wrapper.click:(199) - Clicking on :[[ChromeDriver: chrome on WINDOWS (bd99fa2c6593c218dc8836e5ebeb2b0c)] -> class name: knowledge]
[INFO ][28-Feb-2023 10:34:24 AM] Selenium_Wrapper.click:(199) - Clicking on :[[ChromeDriver: chrome on WINDOWS (bd99fa2c6593c218dc8836e5ebeb2b0c)] -> xpath: //input[@type='search']]
[INFO ][28-Feb-2023 10:34:25 AM] Selenium_Wrapper.enterText:(311) - Entering Text :Business Auto Loan in WebElement :[[ChromeDriver: chrome on WINDOWS (bd99fa2c6593c218dc8836e5ebeb2b0c)] -> xpath: //input[@type='search']]
[ERROR][28-Feb-2023 10:36:15 AM] Selenium_Wrapper.getWebElement:(124) - org.openqa.selenium.TimeoutException: Expected condition failed: waiting for visibility of [[ChromeDriver: chrome on WINDOWS (bd99fa2c6593c218dc8836e5ebeb2b0c)] -> xpath: //ul[@aria-label='Suggested Search']//li[normalize-space()='Business Auto Loan']] (tried for 100 second(s) with 500 milliseconds interval)
Build info: version: '3.141.59', revision: 'e82be7d358', time: '2018-11-14T08:17:03'
System info: host: 'QA-SWAMYK', ip: '192.168.0.6', os.name: 'Windows 10', os.arch: 'amd64', os.version: '10.0', java.version: '11.0.10'
Driver info: org.openqa.selenium.chrome.ChromeDriver
Capabilities {acceptInsecureCerts: false, browserName: chrome, browserVersion: 110.0.5481.178, chrome: {chromedriverVersion: 110.0.5481.77 (65ed616c6e8e..., userDataDir: C:\Users\SWAMYK~1\AppData\L...}, goog:chromeOptions: {debuggerAddress: localhost:61890}, javascriptEnabled: true, networkConnectionEnabled: false, pageLoadStrategy: normal, platform: WINDOWS, platformName: WINDOWS, proxy: Proxy(), setWindowRect: true, strictFileInteractability: false, timeouts: {implicit: 0, pageLoad: 300000, script: 30000}, unhandledPromptBehavior: dismiss and notify, webauthn:extension:credBlob: true, webauthn:extension:largeBlob: true, webauthn:virtualAuthenticators: true}
Session ID: bd99fa2c6593c218dc8836e5ebeb2b0c
[ERROR][28-Feb-2023 10:36:15 AM] QuickNavigation.testBookmarkArticle:(83) - Bookmark Article Test is un-successfull
[ERROR][28-Feb-2023 10:36:15 AM] QuickNavigation.testVerifyBookmarkArticle:(150) - Verify Bookmark Article and Highlight in List Test is un-successfull
[INFO ][28-Feb-2023 10:36:26 AM] Selenium_Wrapper.click:(199) - Clicking on :[[ChromeDriver: chrome on WINDOWS (bd99fa2c6593c218dc8836e5ebeb2b0c)] -> class name: knowledge]
[INFO ][28-Feb-2023 10:36:34 AM] Selenium_Wrapper.click:(199) - Clicking on :[[ChromeDriver: chrome on WINDOWS (bd99fa2c6593c218dc8836e5ebeb2b0c)] -> xpath: //div[@class='dropdown']]
[INFO ][28-Feb-2023 10:36:49 AM] Selenium_Wrapper.click:(199) - Clicking on :[[ChromeDriver: chrome on WINDOWS (bd99fa2c6593c218dc8836e5ebeb2b0c)] -> xpath: //div[@class='dropdown-content']//a[normalize-space()='My Bookmarks']]
[INFO ][28-Feb-2023 10:37:05 AM] Selenium_Wrapper.click:(199) - Clicking on :[[ChromeDriver: chrome on WINDOWS (bd99fa2c6593c218dc8836e5ebeb2b0c)] -> xpath: //select[@class='BookmarkFilter']]
[INFO ][28-Feb-2023 10:37:16 AM] Selenium_Wrapper.click:(199) - Clicking on :[[ChromeDriver: chrome on WINDOWS (bd99fa2c6593c218dc8836e5ebeb2b0c)] -> xpath: //select[@class='BookmarkFilter']//option[text()='Alphabetical A-Z']]
[INFO ][28-Feb-2023 10:37:31 AM] Selenium_Wrapper.click:(199) - Clicking on :[[ChromeDriver: chrome on WINDOWS (bd99fa2c6593c218dc8836e5ebeb2b0c)] -> class name: knowledge]
[INFO ][28-Feb-2023 10:37:38 AM] Selenium_Wrapper.click:(199) - Clicking on :[[ChromeDriver: chrome on WINDOWS (bd99fa2c6593c218dc8836e5ebeb2b0c)] -> xpath: //div[@class='dropdown']]
[INFO ][28-Feb-2023 10:37:47 AM] Selenium_Wrapper.click:(199) - Clicking on :[[ChromeDriver: chrome on WINDOWS (bd99fa2c6593c218dc8836e5ebeb2b0c)] -> xpath: //div[@class='dropdown-content']//a[normalize-space()='My Notifications']]
[INFO ][28-Feb-2023 10:37:56 AM] Selenium_Wrapper.click:(199) - Clicking on :[[ChromeDriver: chrome on WINDOWS (bd99fa2c6593c218dc8836e5ebeb2b0c)] -> xpath: //a[text()='browse all PAGES']]
[INFO ][28-Feb-2023 10:38:14 AM] Selenium_Wrapper.click:(199) - Clicking on :[[ChromeDriver: chrome on WINDOWS (bd99fa2c6593c218dc8836e5ebeb2b0c)] -> xpath: //a[text()='VIEW A-Z INDEX']]
[INFO ][28-Feb-2023 10:38:24 AM] Selenium_Wrapper.click:(199) - Clicking on :[[ChromeDriver: chrome on WINDOWS (bd99fa2c6593c218dc8836e5ebeb2b0c)] -> class name: knowledge]
[INFO ][28-Feb-2023 10:38:27 AM] Selenium_Wrapper.closeCurrentBrowser:(651) - Closing the current Browser
