[INFO ][07-May-2024 10:30:12 AM] Selenium_Wrapper.openBrowser:(54) - Opening chrome browser.
[INFO ][07-May-2024 10:30:23 AM] Selenium_Wrapper.enterURL:(88) - Entering url :https://macu1--tst1.custhelp.com/app/home
[INFO ][07-May-2024 10:30:27 AM] Selenium_Wrapper.enterText:(317) - Entering Text :swamyk in WebElement :[[ChromeDriver: chrome on WINDOWS (9730816b6f1a1791ec0ecfbb0ef51868)] -> id: rn_LoginForm_2_Username]
[INFO ][07-May-2024 10:30:28 AM] Selenium_Wrapper.enterText:(317) - Entering Text :Soft@123 in WebElement :[[ChromeDriver: chrome on WINDOWS (9730816b6f1a1791ec0ecfbb0ef51868)] -> id: rn_LoginForm_2_Password]
[INFO ][07-May-2024 10:30:33 AM] Selenium_Wrapper.click:(205) - Clicking on :[[ChromeDriver: chrome on WINDOWS (9730816b6f1a1791ec0ecfbb0ef51868)] -> id: rn_LoginForm_2_Submit]
[INFO ][07-May-2024 10:30:42 AM] Selenium_Wrapper.click:(205) - Clicking on :[[ChromeDriver: chrome on WINDOWS (9730816b6f1a1791ec0ecfbb0ef51868)] -> xpath: //input[@type='search']]
[INFO ][07-May-2024 10:30:43 AM] Selenium_Wrapper.enterText:(317) - Entering Text :Business Use Auto Loan in WebElement :[[ChromeDriver: chrome on WINDOWS (9730816b6f1a1791ec0ecfbb0ef51868)] -> xpath: //input[@type='search']]
[INFO ][07-May-2024 10:30:55 AM] Selenium_Wrapper.click:(205) - Clicking on :[[ChromeDriver: chrome on WINDOWS (9730816b6f1a1791ec0ecfbb0ef51868)] -> xpath: (//div[@class='yui3-aclist-content']//li//li)[1]]
[INFO ][07-May-2024 10:30:59 AM] Selenium_Wrapper.click:(205) - Clicking on :[[ChromeDriver: chrome on WINDOWS (9730816b6f1a1791ec0ecfbb0ef51868)] -> xpath: (//div[@class='rn_SearchResultContent']//a)[1]]
[INFO ][07-May-2024 10:31:18 AM] Selenium_Wrapper.click:(205) - Clicking on :[[ChromeDriver: chrome on WINDOWS (9730816b6f1a1791ec0ecfbb0ef51868)] -> xpath: //div[@class='main_image_div']//div[@class='thumbs_up_down'][2]]
[INFO ][07-May-2024 10:31:26 AM] Selenium_Wrapper.click:(205) - Clicking on :[[ChromeDriver: chrome on WINDOWS (9730816b6f1a1791ec0ecfbb0ef51868)] -> xpath: //textarea[@class='rn_DocumentTextArea']]
[INFO ][07-May-2024 10:31:28 AM] Selenium_Wrapper.enterText:(317) - Entering Text :Flexible Work - ThumbDown Comments in WebElement :[[ChromeDriver: chrome on WINDOWS (9730816b6f1a1791ec0ecfbb0ef51868)] -> xpath: //textarea[@class='rn_DocumentTextArea']]
[INFO ][07-May-2024 10:31:30 AM] Selenium_Wrapper.click:(205) - Clicking on :[[ChromeDriver: chrome on WINDOWS (9730816b6f1a1791ec0ecfbb0ef51868)] -> xpath: //button[text()='SUBMIT']]
[INFO ][07-May-2024 10:31:32 AM] Selenium_Wrapper.click:(205) - Clicking on :[[ChromeDriver: chrome on WINDOWS (9730816b6f1a1791ec0ecfbb0ef51868)] -> xpath: //button[@class='yui3-button yui3-button-close']]
[INFO ][07-May-2024 10:31:36 AM] Selenium_Wrapper.click:(205) - Clicking on :[[ChromeDriver: chrome on WINDOWS (9730816b6f1a1791ec0ecfbb0ef51868)] -> xpath: //div[@class='dropdown']]
[INFO ][07-May-2024 10:31:43 AM] Selenium_Wrapper.click:(205) - Clicking on :[[ChromeDriver: chrome on WINDOWS (9730816b6f1a1791ec0ecfbb0ef51868)] -> xpath: //a[text()='My Feedback']]
[INFO ][07-May-2024 10:32:09 AM] Selenium_Wrapper.click:(205) - Clicking on :[[ChromeDriver: chrome on WINDOWS (9730816b6f1a1791ec0ecfbb0ef51868)] -> xpath: ((//table//tbody)[2]//a)[1]]
[INFO ][07-May-2024 10:32:41 AM] Selenium_Wrapper.click:(205) - Clicking on :[[ChromeDriver: chrome on WINDOWS (9730816b6f1a1791ec0ecfbb0ef51868)] -> class name: knowledge]
[INFO ][07-May-2024 10:32:43 AM] Selenium_Wrapper.closeCurrentBrowser:(657) - Closing the current Browser
[INFO ][07-May-2024 10:32:44 AM] Selenium_Wrapper.openBrowser:(54) - Opening chrome browser.
[INFO ][07-May-2024 10:32:55 AM] Selenium_Wrapper.enterURL:(88) - Entering url :https://macu1--tst1.custhelp.com/AgentWeb/
[INFO ][07-May-2024 10:32:59 AM] Selenium_Wrapper.enterText:(317) - Entering Text :automation_testing in WebElement :[[ChromeDriver: chrome on WINDOWS (5edeff7154d2aabfa36fa50bbcf0892f)] -> id: username]
[INFO ][07-May-2024 10:33:01 AM] Selenium_Wrapper.enterText:(317) - Entering Text :Welcome123 in WebElement :[[ChromeDriver: chrome on WINDOWS (5edeff7154d2aabfa36fa50bbcf0892f)] -> id: password]
[INFO ][07-May-2024 10:33:20 AM] Selenium_Wrapper.click:(205) - Clicking on :[[ChromeDriver: chrome on WINDOWS (5edeff7154d2aabfa36fa50bbcf0892f)] -> id: loginbutton]
[INFO ][07-May-2024 10:34:07 AM] Selenium_Wrapper.click:(205) - Clicking on :[[ChromeDriver: chrome on WINDOWS (5edeff7154d2aabfa36fa50bbcf0892f)] -> id: navigationSetBtn]
[INFO ][07-May-2024 10:34:11 AM] Selenium_Wrapper.click:(205) - Clicking on :[[ChromeDriver: chrome on WINDOWS (5edeff7154d2aabfa36fa50bbcf0892f)] -> xpath: //div[text()='Analytics']]
[INFO ][07-May-2024 10:34:14 AM] Selenium_Wrapper.click:(205) - Clicking on :[[ChromeDriver: chrome on WINDOWS (5edeff7154d2aabfa36fa50bbcf0892f)] -> xpath: //span[text()='Reports Explorer']]
[INFO ][07-May-2024 10:34:18 AM] Selenium_Wrapper.click:(205) - Clicking on :[[ChromeDriver: chrome on WINDOWS (5edeff7154d2aabfa36fa50bbcf0892f)] -> xpath: //div[text()='Public Reports']]
[INFO ][07-May-2024 10:34:20 AM] Selenium_Wrapper.click:(205) - Clicking on :[[ChromeDriver: chrome on WINDOWS (5edeff7154d2aabfa36fa50bbcf0892f)] -> xpath: //div[text()='MACU CUSTOM REPORTS']]
[INFO ][07-May-2024 10:34:23 AM] Selenium_Wrapper.click:(205) - Clicking on :[[ChromeDriver: chrome on WINDOWS (5edeff7154d2aabfa36fa50bbcf0892f)] -> xpath: //div[text()='SoftClouds']]
[INFO ][07-May-2024 10:34:25 AM] Selenium_Wrapper.click:(205) - Clicking on :[[ChromeDriver: chrome on WINDOWS (5edeff7154d2aabfa36fa50bbcf0892f)] -> xpath: //div[text()='OKCS']]
[INFO ][07-May-2024 10:34:27 AM] Selenium_Wrapper.click:(205) - Clicking on :[[ChromeDriver: chrome on WINDOWS (5edeff7154d2aabfa36fa50bbcf0892f)] -> xpath: //div[text()='Archived Reports']]
[INFO ][07-May-2024 10:34:40 AM] Selenium_Wrapper.doubleClick:(286) - Double clicking on :[[ChromeDriver: chrome on WINDOWS (5edeff7154d2aabfa36fa50bbcf0892f)] -> xpath: //div[@class='explorer-right-panel']//div[@class='explorer-data-grid']//span[text()='Feedback Admin Report (old)']]
[INFO ][07-May-2024 10:34:53 AM] Selenium_Wrapper.click:(205) - Clicking on :[[ChromeDriver: chrome on WINDOWS (5edeff7154d2aabfa36fa50bbcf0892f)] -> xpath: //div[@class='container wsx-flex']//div[@class='analyticsTopSection']//div[@class='select-box-root select-box-display-text-active']]
[INFO ][07-May-2024 10:34:56 AM] Selenium_Wrapper.click:(205) - Clicking on :[[ChromeDriver: chrome on WINDOWS (5edeff7154d2aabfa36fa50bbcf0892f)] -> xpath: (//span[text()='Search'])[2]]
[INFO ][07-May-2024 10:35:06 AM] Selenium_Wrapper.doubleClick:(286) - Double clicking on :[[ChromeDriver: chrome on WINDOWS (5edeff7154d2aabfa36fa50bbcf0892f)] -> xpath: //div[@class='container wsx-flex']//div[contains(@column-id,'2')][1]]
[INFO ][07-May-2024 10:35:25 AM] Selenium_Wrapper.click:(205) - Clicking on :[[ChromeDriver: chrome on WINDOWS (5edeff7154d2aabfa36fa50bbcf0892f)] -> xpath: //span[text()='Messages']]
[INFO ][07-May-2024 10:35:27 AM] Selenium_Wrapper.click:(205) - Clicking on :[[ChromeDriver: chrome on WINDOWS (5edeff7154d2aabfa36fa50bbcf0892f)] -> xpath: //div[contains(@class,'cke_wysiwyg_div ')]]
[INFO ][07-May-2024 10:35:29 AM] Selenium_Wrapper.enterText:(317) - Entering Text :It is working as per Expected in WebElement :[[ChromeDriver: chrome on WINDOWS (5edeff7154d2aabfa36fa50bbcf0892f)] -> xpath: //div[contains(@class,'cke_wysiwyg_div ')]]
[INFO ][07-May-2024 10:35:31 AM] Selenium_Wrapper.click:(205) - Clicking on :[[ChromeDriver: chrome on WINDOWS (5edeff7154d2aabfa36fa50bbcf0892f)] -> xpath: //div[@class='ws-toolbar-button-image bui-icon save-icon fa-lg']]
[INFO ][07-May-2024 10:35:34 AM] Selenium_Wrapper.click:(205) - Clicking on :[[ChromeDriver: chrome on WINDOWS (5edeff7154d2aabfa36fa50bbcf0892f)] -> xpath: //span[text()='Summary']]
[ERROR][07-May-2024 10:35:37 AM] Selenium_Wrapper.highlightWebElement:(423) - org.openqa.selenium.NoSuchElementException: no such element: Unable to locate element: {"method":"xpath","selector":"(//td[normalize-space()='UNRESOLVED'])[1]"}
  (Session info: chrome=124.0.6367.119)
For documentation on this error, please visit: https://www.seleniumhq.org/exceptions/no_such_element.html
Build info: version: '3.141.59', revision: 'e82be7d358', time: '2018-11-14T08:17:03'
System info: host: 'SC-CAF-CND84305', ip: '172.26.9.155', os.name: 'Windows 10', os.arch: 'amd64', os.version: '10.0', java.version: '21.0.2'
Driver info: org.openqa.selenium.chrome.ChromeDriver
Capabilities {acceptInsecureCerts: false, browserName: chrome, browserVersion: 124.0.6367.119, chrome: {chromedriverVersion: 123.0.6312.58 (6b4b19e9dfbb..., userDataDir: C:\Users\SWAMYK~1\AppData\L...}, fedcm:accounts: true, goog:chromeOptions: {debuggerAddress: localhost:54938}, javascriptEnabled: true, networkConnectionEnabled: false, pageLoadStrategy: normal, platform: WINDOWS, platformName: WINDOWS, proxy: Proxy(), setWindowRect: true, strictFileInteractability: false, timeouts: {implicit: 0, pageLoad: 300000, script: 30000}, unhandledPromptBehavior: dismiss and notify, webauthn:extension:credBlob: true, webauthn:extension:largeBlob: true, webauthn:extension:minPinLength: true, webauthn:extension:prf: true, webauthn:virtualAuthenticators: true}
Session ID: 5edeff7154d2aabfa36fa50bbcf0892f
*** Element info: {Using=xpath, value=(//td[normalize-space()='UNRESOLVED'])[1]}
[ERROR][07-May-2024 10:35:37 AM] AnswerVotingFeedbackReport.testSelectingandGivingAnswerstoReportFlow:(172) - Selecting and Giving Asnwers to Report  un-successfull
[INFO ][07-May-2024 10:35:42 AM] Selenium_Wrapper.click:(205) - Clicking on :[[ChromeDriver: chrome on WINDOWS (5edeff7154d2aabfa36fa50bbcf0892f)] -> xpath: //body//oj-avatar[@initials='[[userMenuLabel]]']]
[INFO ][07-May-2024 10:35:47 AM] Selenium_Wrapper.click:(205) - Clicking on :[[ChromeDriver: chrome on WINDOWS (5edeff7154d2aabfa36fa50bbcf0892f)] -> xpath: //a//span[text()='Sign Out']]
[INFO ][07-May-2024 10:35:52 AM] Selenium_Wrapper.closeCurrentBrowser:(657) - Closing the current Browser
