[INFO ][24-Feb-2023 22:47:59 PM] Selenium_Wrapper.openBrowser:(48) - Opening chrome browser.
[INFO ][24-Feb-2023 22:48:03 PM] Selenium_Wrapper.enterURL:(82) - Entering url :https://macu1--upgrade.custhelp.com/AgentWeb/
[INFO ][24-Feb-2023 22:48:07 PM] Selenium_Wrapper.enterText:(311) - Entering Text :automation_testing in WebElement :[[ChromeDriver: chrome on WINDOWS (29583718d91cf478f5712343483be492)] -> id: username]
[INFO ][24-Feb-2023 22:48:08 PM] Selenium_Wrapper.enterText:(311) - Entering Text :Welcome123 in WebElement :[[ChromeDriver: chrome on WINDOWS (29583718d91cf478f5712343483be492)] -> id: password]
[INFO ][24-Feb-2023 22:48:37 PM] Selenium_Wrapper.click:(199) - Clicking on :[[ChromeDriver: chrome on WINDOWS (29583718d91cf478f5712343483be492)] -> id: loginbutton]
[INFO ][24-Feb-2023 22:49:02 PM] Selenium_Wrapper.click:(199) - Clicking on :[[ChromeDriver: chrome on WINDOWS (29583718d91cf478f5712343483be492)] -> xpath: //oj-button[@id='navigationSetBtn']]
[INFO ][24-Feb-2023 22:49:09 PM] Selenium_Wrapper.click:(199) - Clicking on :[[ChromeDriver: chrome on WINDOWS (29583718d91cf478f5712343483be492)] -> xpath: //div[@id='displayNavigationSet']//div[@automationid='Analytics']]
[INFO ][24-Feb-2023 22:49:20 PM] Selenium_Wrapper.click:(199) - Clicking on :[[ChromeDriver: chrome on WINDOWS (29583718d91cf478f5712343483be492)] -> xpath: //div[@automationid='Analytics_Reports Explorer']//span[text()='Reports Explorer']]
[INFO ][24-Feb-2023 22:49:35 PM] Selenium_Wrapper.click:(199) - Clicking on :[[ChromeDriver: chrome on WINDOWS (29583718d91cf478f5712343483be492)] -> xpath: //div[@aria-label='Public Reports'][text()='Public Reports']]
[INFO ][24-Feb-2023 22:49:40 PM] Selenium_Wrapper.click:(199) - Clicking on :[[ChromeDriver: chrome on WINDOWS (29583718d91cf478f5712343483be492)] -> xpath: //div[@aria-label='MACU CUSTOM REPORTS'][text()='MACU CUSTOM REPORTS']]
[INFO ][24-Feb-2023 22:49:46 PM] Selenium_Wrapper.click:(199) - Clicking on :[[ChromeDriver: chrome on WINDOWS (29583718d91cf478f5712343483be492)] -> xpath: //div[@aria-label='SoftClouds'][text()='SoftClouds']]
[INFO ][24-Feb-2023 22:49:59 PM] Selenium_Wrapper.click:(199) - Clicking on :[[ChromeDriver: chrome on WINDOWS (29583718d91cf478f5712343483be492)] -> xpath: //div[contains(@id,'ExplorerFolderAnalyticsFolder103223')]//div[@aria-label='OKCS'][text()='OKCS']]
[INFO ][24-Feb-2023 22:50:07 PM] Selenium_Wrapper.doubleClick:(280) - Double clicking on :[[ChromeDriver: chrome on WINDOWS (29583718d91cf478f5712343483be492)] -> xpath: //div[@class='explorer-right-panel']//div[@class='explorer-data-grid']//span[text()='Feedback Admin Report']]
[INFO ][24-Feb-2023 22:50:24 PM] Selenium_Wrapper.click:(199) - Clicking on :[[ChromeDriver: chrome on WINDOWS (29583718d91cf478f5712343483be492)] -> xpath: //div[@class='container wsx-flex']//div[@class='analyticsTopSection']//div[@class='select-box-root select-box-display-text-active']]
[INFO ][24-Feb-2023 22:50:30 PM] Selenium_Wrapper.click:(199) - Clicking on :[[ChromeDriver: chrome on WINDOWS (29583718d91cf478f5712343483be492)] -> xpath: //input[@aria-label='From']]
[INFO ][24-Feb-2023 22:50:30 PM] Selenium_Wrapper.clearTextBox:(295) - Cleared TextBox Field: [[ChromeDriver: chrome on WINDOWS (29583718d91cf478f5712343483be492)] -> xpath: //input[@aria-label='From']]
[INFO ][24-Feb-2023 22:50:31 PM] Selenium_Wrapper.enterText:(311) - Entering Text :09/10/2021 in WebElement :[[ChromeDriver: chrome on WINDOWS (29583718d91cf478f5712343483be492)] -> xpath: //input[@aria-label='From']]
[INFO ][24-Feb-2023 22:50:37 PM] Selenium_Wrapper.click:(199) - Clicking on :[[ChromeDriver: chrome on WINDOWS (29583718d91cf478f5712343483be492)] -> xpath: //span[@id='_oj40|text']//span[text()='Search']]
[INFO ][24-Feb-2023 22:50:46 PM] Selenium_Wrapper.doubleClick:(280) - Double clicking on :[[ChromeDriver: chrome on WINDOWS (29583718d91cf478f5712343483be492)] -> xpath: //div[@class='container wsx-flex']//div[contains(@column-id,'2')][1]]
[INFO ][24-Feb-2023 22:51:00 PM] Selenium_Wrapper.click:(199) - Clicking on :[[ChromeDriver: chrome on WINDOWS (29583718d91cf478f5712343483be492)] -> xpath: //span[text()='Messages']]
[INFO ][24-Feb-2023 22:51:05 PM] Selenium_Wrapper.click:(199) - Clicking on :[[ChromeDriver: chrome on WINDOWS (29583718d91cf478f5712343483be492)] -> xpath: //div[contains(@class,'cke_wysiwyg_div ')]]
[INFO ][24-Feb-2023 22:51:07 PM] Selenium_Wrapper.enterText:(311) - Entering Text :It is working as per Expected in WebElement :[[ChromeDriver: chrome on WINDOWS (29583718d91cf478f5712343483be492)] -> xpath: //div[contains(@class,'cke_wysiwyg_div ')]]
[INFO ][24-Feb-2023 22:51:12 PM] Selenium_Wrapper.click:(199) - Clicking on :[[ChromeDriver: chrome on WINDOWS (29583718d91cf478f5712343483be492)] -> xpath: //div[@class='ws-toolbar-button-image bui-icon save-icon fa-lg']]
[INFO ][24-Feb-2023 22:51:17 PM] Selenium_Wrapper.click:(199) - Clicking on :[[ChromeDriver: chrome on WINDOWS (29583718d91cf478f5712343483be492)] -> xpath: //span[text()='Summary']]
[INFO ][24-Feb-2023 22:51:25 PM] Selenium_Wrapper.clickUsingActions:(249) - Clicking on :[[ChromeDriver: chrome on WINDOWS (29583718d91cf478f5712343483be492)] -> xpath: //div[contains(@id,'Incident_Status')][@class='display-text']]
[INFO ][24-Feb-2023 22:51:32 PM] Selenium_Wrapper.click:(199) - Clicking on :[[ChromeDriver: chrome on WINDOWS (29583718d91cf478f5712343483be492)] -> xpath: (//div[@title='Solved'])[1]]
[INFO ][24-Feb-2023 22:51:40 PM] Selenium_Wrapper.click:(199) - Clicking on :[[ChromeDriver: chrome on WINDOWS (29583718d91cf478f5712343483be492)] -> xpath: //div[@class='ws-toolbar-button-image bui-icon save-icon fa-lg']]
[INFO ][24-Feb-2023 22:51:49 PM] Selenium_Wrapper.click:(199) - Clicking on :[[ChromeDriver: chrome on WINDOWS (29583718d91cf478f5712343483be492)] -> xpath: (//a[@class='closeButton'])[3]]
[INFO ][24-Feb-2023 22:51:56 PM] Selenium_Wrapper.click:(199) - Clicking on :[[ChromeDriver: chrome on WINDOWS (29583718d91cf478f5712343483be492)] -> xpath: (//a[@class='closeButton'])[2]]
[INFO ][24-Feb-2023 22:52:04 PM] Selenium_Wrapper.click:(199) - Clicking on :[[ChromeDriver: chrome on WINDOWS (29583718d91cf478f5712343483be492)] -> xpath: (//a[@class='closeButton'])[1]]
[INFO ][24-Feb-2023 22:52:12 PM] Selenium_Wrapper.click:(199) - Clicking on :[[ChromeDriver: chrome on WINDOWS (29583718d91cf478f5712343483be492)] -> xpath: //body//oj-avatar[@initials='[[userMenuLabel]]']]
[INFO ][24-Feb-2023 22:52:19 PM] Selenium_Wrapper.click:(199) - Clicking on :[[ChromeDriver: chrome on WINDOWS (29583718d91cf478f5712343483be492)] -> xpath: //a//span[text()='Sign Out']]
[INFO ][24-Feb-2023 22:52:24 PM] Selenium_Wrapper.closeCurrentBrowser:(651) - Closing the current Browser
