[INFO ][05-Jan-2024 10:43:53 AM] Selenium_Wrapper.openBrowser:(48) - Opening chrome browser.
[INFO ][05-Jan-2024 10:43:56 AM] Selenium_Wrapper.enterURL:(82) - Entering url :https://macu1--tst1.custhelp.com/AgentWeb/
[INFO ][05-Jan-2024 10:44:00 AM] Selenium_Wrapper.enterText:(311) - Entering Text :automation_testing in WebElement :[[ChromeDriver: chrome on WINDOWS (43dc356859a83748794e13e0ac2b8b4c)] -> id: username]
[INFO ][05-Jan-2024 10:44:02 AM] Selenium_Wrapper.enterText:(311) - Entering Text :Welcome123 in WebElement :[[ChromeDriver: chrome on WINDOWS (43dc356859a83748794e13e0ac2b8b4c)] -> id: password]
[INFO ][05-Jan-2024 10:44:28 AM] Selenium_Wrapper.click:(199) - Clicking on :[[ChromeDriver: chrome on WINDOWS (43dc356859a83748794e13e0ac2b8b4c)] -> id: loginbutton]
[INFO ][05-Jan-2024 10:44:39 AM] Selenium_Wrapper.click:(199) - Clicking on :[[ChromeDriver: chrome on WINDOWS (43dc356859a83748794e13e0ac2b8b4c)] -> id: navigationSetBtn]
[INFO ][05-Jan-2024 10:44:44 AM] Selenium_Wrapper.click:(199) - Clicking on :[[ChromeDriver: chrome on WINDOWS (43dc356859a83748794e13e0ac2b8b4c)] -> xpath: (//div[text()='Configuration']//a)]
[INFO ][05-Jan-2024 10:44:49 AM] Selenium_Wrapper.click:(199) - Clicking on :[[ChromeDriver: chrome on WINDOWS (43dc356859a83748794e13e0ac2b8b4c)] -> xpath: (//div[text()='Service']//a)]
[INFO ][05-Jan-2024 10:44:54 AM] Selenium_Wrapper.click:(199) - Clicking on :[[ChromeDriver: chrome on WINDOWS (43dc356859a83748794e13e0ac2b8b4c)] -> xpath: (//div[text()='Knowledge Advanced']//a)]
[INFO ][05-Jan-2024 10:44:59 AM] Selenium_Wrapper.click:(199) - Clicking on :[[ChromeDriver: chrome on WINDOWS (43dc356859a83748794e13e0ac2b8b4c)] -> xpath: //span[text()='Authoring']]
[INFO ][05-Jan-2024 10:45:13 AM] Selenium_Wrapper.click:(199) - Clicking on :[[ChromeDriver: chrome on WINDOWS (43dc356859a83748794e13e0ac2b8b4c)] -> xpath: //div[@id='rntab']//ul//li[@testidentifier='MainNavBar_Content']//a]
[INFO ][05-Jan-2024 10:45:28 AM] Selenium_Wrapper.click:(199) - Clicking on :[[ChromeDriver: chrome on WINDOWS (43dc356859a83748794e13e0ac2b8b4c)] -> xpath: //div[text()='Process']//following-sibling::a[@testidentifier='ContentNavBar_Add_Process']]
[INFO ][05-Jan-2024 10:45:30 AM] Selenium_Wrapper.enterText:(311) - Entering Text :TestingArticle in WebElement :[[ChromeDriver: chrome on WINDOWS (43dc356859a83748794e13e0ac2b8b4c)] -> xpath: //input[@testidentifier='Content_ContentType_Add_SUMMARY']]
[INFO ][05-Jan-2024 10:45:33 AM] Selenium_Wrapper.enterText:(311) - Entering Text :Criticals in WebElement :[[ChromeDriver: chrome on WINDOWS (43dc356859a83748794e13e0ac2b8b4c)] -> xpath: //input[@testidentifier='Content_ContentType_Add_KEYWORD']]
[INFO ][05-Jan-2024 10:45:39 AM] Selenium_Wrapper.click:(199) - Clicking on :[[ChromeDriver: chrome on WINDOWS (43dc356859a83748794e13e0ac2b8b4c)] -> xpath: ((//span[@class='cke_bottom cke_reset_all'])[1]//preceding-sibling::*)[2]]
[INFO ][05-Jan-2024 10:45:44 AM] Selenium_Wrapper.enterText:(311) - Entering Text :contentinfo 'Reach out to your immediate supervisor with questions.' in WebElement :[[ChromeDriver: chrome on WINDOWS (43dc356859a83748794e13e0ac2b8b4c)] -> xpath: //body[@class='cke_editable cke_editable_themed cke_contents_ltr cke_show_borders']]
[INFO ][05-Jan-2024 10:45:55 AM] Selenium_Wrapper.click:(199) - Clicking on :[[ChromeDriver: chrome on WINDOWS (43dc356859a83748794e13e0ac2b8b4c)] -> xpath: ((//span[@class='cke_bottom cke_reset_all'])[2]//preceding-sibling::*)[2]]
[INFO ][05-Jan-2024 10:46:00 AM] Selenium_Wrapper.enterText:(311) - Entering Text :COVID-19 Update:  Find additional information on COVID-19 Branch & Service Center Operations\n * Vaccine\n * Similar to the flu shot, we encourage you to take a lunch hour or go after work if you choose to receive the vaccine.\n * You should be able to easily schedule a time to receive a vaccine. * Take PTO if an adverse reaction occurs. * Take PTO if an adverse reaction occurs * First URL of the pageArticle Link * Second URL of the page * Third URL of the page * The few documented cases of a stronger reaction indicate that the affects typically last one to two days. * Have an open conversation with your manager if other accommodations are necessary. * The cost of the vaccine is covered by insurance. * Mask Mandates * As the counties and health departments begin to relax their mask mandates, MACU will address this as follows: * The mask mandate requirement for team members will remain in place for the foreseeable future. * Mask guidance for members will follow State, County and Health department guidelines for those areas. * Personal Protection Equipment (PPE) * Order masks and other PArticle LinkPE by submitting a ServiceNow Facilities ticket. * Items available * Cotopaxi masks ($7 each) * Hand sanitizer * Gloves * Disposable masks * Sanitation wipes * Employee Resources * Mountain America is here for you! Check out these resources: * MACU Desktop Citrix ReceiverWorkspace Step-by-Step Surface Devices Step-by-Step * Microsoft Teams Step-by-Step * Multi-Factor Authentication (MFA) Step-by-Step * Remote Work Agreement * Setting up Your New Laptop * Surface Devices Step-by-Step in WebElement :[[ChromeDriver: chrome on WINDOWS (43dc356859a83748794e13e0ac2b8b4c)] -> xpath: //body[@class='cke_editable cke_editable_themed cke_contents_ltr cke_show_borders']]
[INFO ][05-Jan-2024 10:46:09 AM] Selenium_Wrapper.click:(199) - Clicking on :[[ChromeDriver: chrome on WINDOWS (43dc356859a83748794e13e0ac2b8b4c)] -> xpath: //span[text()='Jump To']]
[INFO ][05-Jan-2024 10:46:15 AM] Selenium_Wrapper.click:(199) - Clicking on :[[ChromeDriver: chrome on WINDOWS (43dc356859a83748794e13e0ac2b8b4c)] -> xpath: (//a[@class='cke_button cke_button__image cke_button_off'])[3]]
[INFO ][05-Jan-2024 10:46:21 AM] Selenium_Wrapper.click:(199) - Clicking on :[[ChromeDriver: chrome on WINDOWS (43dc356859a83748794e13e0ac2b8b4c)] -> xpath: (//span[text()='Browse Server'])[1]]
[INFO ][05-Jan-2024 10:46:41 AM] Selenium_Wrapper.click:(199) - Clicking on :[[ChromeDriver: chrome on WINDOWS (43dc356859a83748794e13e0ac2b8b4c)] -> xpath: //a[text()='MACU_VIEW']]
[INFO ][05-Jan-2024 10:47:01 AM] Selenium_Wrapper.click:(199) - Clicking on :[[ChromeDriver: chrome on WINDOWS (43dc356859a83748794e13e0ac2b8b4c)] -> xpath: //table//span[text()='OK']]
[INFO ][05-Jan-2024 10:47:15 AM] Selenium_Wrapper.click:(199) - Clicking on :[[ChromeDriver: chrome on WINDOWS (43dc356859a83748794e13e0ac2b8b4c)] -> xpath: (//span[@class='cke_button_icon cke_button__addarticlelink_icon'])[4]]
[INFO ][05-Jan-2024 10:47:21 AM] Selenium_Wrapper.enterText:(311) - Entering Text :1000124 in WebElement :[[ChromeDriver: chrome on WINDOWS (43dc356859a83748794e13e0ac2b8b4c)] -> xpath: (//div[text()='Article Link']//following::input)[3]]
[INFO ][05-Jan-2024 10:47:22 AM] Selenium_Wrapper.enterText:(311) - Entering Text :Article Link in WebElement :[[ChromeDriver: chrome on WINDOWS (43dc356859a83748794e13e0ac2b8b4c)] -> xpath: (//div[text()='Article Link']//following::input)[5]]
[INFO ][05-Jan-2024 10:47:28 AM] Selenium_Wrapper.click:(199) - Clicking on :[[ChromeDriver: chrome on WINDOWS (43dc356859a83748794e13e0ac2b8b4c)] -> xpath: (//div[@class='cke_dialog_body']//span[text()='OK'])[2]]
[INFO ][05-Jan-2024 10:47:34 AM] Selenium_Wrapper.click:(199) - Clicking on :[[ChromeDriver: chrome on WINDOWS (43dc356859a83748794e13e0ac2b8b4c)] -> xpath: ((//span[@class='cke_bottom cke_reset_all'])[5]//preceding-sibling::*)[2]]
[INFO ][05-Jan-2024 10:47:38 AM] Selenium_Wrapper.enterText:(311) - Entering Text :BasicInfo - Remote Work * -Use the following resources when connecting to work applications remotely in WebElement :[[ChromeDriver: chrome on WINDOWS (43dc356859a83748794e13e0ac2b8b4c)] -> xpath: //body[@class='cke_editable cke_editable_themed cke_contents_ltr cke_show_borders']]
[INFO ][05-Jan-2024 10:47:47 AM] Selenium_Wrapper.click:(199) - Clicking on :[[ChromeDriver: chrome on WINDOWS (43dc356859a83748794e13e0ac2b8b4c)] -> xpath: ((//span[@class='cke_bottom cke_reset_all'])[6]//preceding-sibling::*)[2]]
[INFO ][05-Jan-2024 10:47:51 AM] Selenium_Wrapper.enterText:(311) - Entering Text :BasicContactInfo -Remote Work * -Use the following resources when connecting to work applications remotely * -Cisco Finesse Step-by-Step * -Cisco Jabber Step-by-Step * -Electronic Communication and Information Basic Info * -Extend Surface Device Battery Life Step-by-Step * -MACU Desktop Citrix ReceiverWorkspace Step-by-Step Surface Devices Step-by-Step * -Microsoft Teams Step-by-Step * -Multi-Factor Authentication (MFA) Step-by-Step * -Remote Work Agreement * -Setting up Your New Laptop * -Surface Devices Step-by-Step in WebElement :[[ChromeDriver: chrome on WINDOWS (43dc356859a83748794e13e0ac2b8b4c)] -> xpath: //body[@class='cke_editable cke_editable_themed cke_contents_ltr cke_show_borders']]
[INFO ][05-Jan-2024 10:48:00 AM] Selenium_Wrapper.click:(199) - Clicking on :[[ChromeDriver: chrome on WINDOWS (43dc356859a83748794e13e0ac2b8b4c)] -> xpath: ((//span[@class='cke_bottom cke_reset_all'])[7]//preceding-sibling::*)[2]]
[INFO ][05-Jan-2024 10:48:04 AM] Selenium_Wrapper.enterText:(311) - Entering Text :Steps- Employee Resources in WebElement :[[ChromeDriver: chrome on WINDOWS (43dc356859a83748794e13e0ac2b8b4c)] -> xpath: //body[@class='cke_editable cke_editable_themed cke_contents_ltr cke_show_borders']]
[INFO ][05-Jan-2024 10:48:12 AM] Selenium_Wrapper.click:(199) - Clicking on :[[ChromeDriver: chrome on WINDOWS (43dc356859a83748794e13e0ac2b8b4c)] -> xpath: ((//span[@class='cke_bottom cke_reset_all'])[8]//preceding-sibling::*)[2]]
[INFO ][05-Jan-2024 10:48:16 AM] Selenium_Wrapper.enterText:(311) - Entering Text :StepsContactInfo - Mountain America is here for you! Check out these resources: * Report COVID-19 in the Workplace * Contact Tracing for COVID-19 * COVID-19 Pay Options * Corporate FSR * Employee Assistance Program (EAP) * Employee Loans * Infectious Disease * MACU Facility Standards * Mountain America Center Meetings & Events * Medical Leave of Absence * Personal Time Off (PTO) * Tanner Meetings & Events * Thrive Clinic * The CareATC Patient Access Center is currently performing all appointment scheduling activities. Our clinics are not currently accepting walk-in or self-scheduled patients. To schedule an appointment, contact the clinic 800-993-8244. * Thrive Fitness Centers * Travel Pay *Traveling Branch Employees in WebElement :[[ChromeDriver: chrome on WINDOWS (43dc356859a83748794e13e0ac2b8b4c)] -> xpath: //body[@class='cke_editable cke_editable_themed cke_contents_ltr cke_show_borders']]
[INFO ][05-Jan-2024 10:48:24 AM] Selenium_Wrapper.click:(199) - Clicking on :[[ChromeDriver: chrome on WINDOWS (43dc356859a83748794e13e0ac2b8b4c)] -> xpath: ((//span[@class='cke_bottom cke_reset_all'])[9]//preceding-sibling::*)[2]]
[INFO ][05-Jan-2024 10:48:29 AM] Selenium_Wrapper.enterText:(311) - Entering Text :Forms_Resources - Mask Mandates in WebElement :[[ChromeDriver: chrome on WINDOWS (43dc356859a83748794e13e0ac2b8b4c)] -> xpath: //body[@class='cke_editable cke_editable_themed cke_contents_ltr cke_show_borders']]
[INFO ][05-Jan-2024 10:48:37 AM] Selenium_Wrapper.click:(199) - Clicking on :[[ChromeDriver: chrome on WINDOWS (43dc356859a83748794e13e0ac2b8b4c)] -> xpath: ((//span[@class='cke_bottom cke_reset_all'])[10]//preceding-sibling::*)[2]]
[INFO ][05-Jan-2024 10:48:44 AM] Selenium_Wrapper.enterText:(311) - Entering Text :Forms_Resources_Content- As the counties and health departments begin to relax their mask mandates, MACU will address this as follows: * The mask mandate requirement for team members will remain in place for the foreseeable future. * Mask guidance for members will follow State, County and Health department guidelines for those areas. in WebElement :[[ChromeDriver: chrome on WINDOWS (43dc356859a83748794e13e0ac2b8b4c)] -> xpath: //body[@class='cke_editable cke_editable_themed cke_contents_ltr cke_show_borders']]
[INFO ][05-Jan-2024 10:48:54 AM] Selenium_Wrapper.click:(199) - Clicking on :[[ChromeDriver: chrome on WINDOWS (43dc356859a83748794e13e0ac2b8b4c)] -> xpath: ((//span[@class='cke_bottom cke_reset_all'])[11]//preceding-sibling::*)[2]]
[INFO ][05-Jan-2024 10:48:59 AM] Selenium_Wrapper.enterText:(311) - Entering Text :SalesConnections-Sales Connections in WebElement :[[ChromeDriver: chrome on WINDOWS (43dc356859a83748794e13e0ac2b8b4c)] -> xpath: //body[@class='cke_editable cke_editable_themed cke_contents_ltr cke_show_borders']]
[INFO ][05-Jan-2024 10:49:10 AM] Selenium_Wrapper.click:(199) - Clicking on :[[ChromeDriver: chrome on WINDOWS (43dc356859a83748794e13e0ac2b8b4c)] -> xpath: //span[text()='Teams']//following::select//option[text()='Accounting & Finance']]
[INFO ][05-Jan-2024 10:49:16 AM] Selenium_Wrapper.click:(199) - Clicking on :[[ChromeDriver: chrome on WINDOWS (43dc356859a83748794e13e0ac2b8b4c)] -> xpath: //span[text()='Compliance']//preceding-sibling::input]
[INFO ][05-Jan-2024 10:49:21 AM] Selenium_Wrapper.click:(199) - Clicking on :[[ChromeDriver: chrome on WINDOWS (43dc356859a83748794e13e0ac2b8b4c)] -> xpath: //span[text()='No ']//preceding-sibling::input]
[INFO ][05-Jan-2024 10:49:26 AM] Selenium_Wrapper.click:(199) - Clicking on :[[ChromeDriver: chrome on WINDOWS (43dc356859a83748794e13e0ac2b8b4c)] -> xpath: ((//span[@class='cke_bottom cke_reset_all'])[12]//preceding-sibling::*)[2]]
[INFO ][05-Jan-2024 10:49:32 AM] Selenium_Wrapper.enterText:(311) - Entering Text :SalesConnectionsContent- As the counties and health departments begin to relax their mask mandates, MACU will address this as follows: * The mask mandate requirement for team members will remain in place for the foreseeable future. * Mask guidance for members will follow State, County and Health department guidelines for those areas. in WebElement :[[ChromeDriver: chrome on WINDOWS (43dc356859a83748794e13e0ac2b8b4c)] -> xpath: //body[@class='cke_editable cke_editable_themed cke_contents_ltr cke_show_borders']]
[INFO ][05-Jan-2024 10:49:41 AM] Selenium_Wrapper.click:(199) - Clicking on :[[ChromeDriver: chrome on WINDOWS (43dc356859a83748794e13e0ac2b8b4c)] -> xpath: //span[text()='Major Change']//preceding-sibling::input]
[INFO ][05-Jan-2024 10:49:46 AM] Selenium_Wrapper.click:(199) - Clicking on :[[ChromeDriver: chrome on WINDOWS (43dc356859a83748794e13e0ac2b8b4c)] -> xpath: //span[text()='Corporate/Branch/Service Center']//following::select//option[text()='Service Center']]
[INFO ][05-Jan-2024 10:49:52 AM] Selenium_Wrapper.click:(199) - Clicking on :[[ChromeDriver: chrome on WINDOWS (43dc356859a83748794e13e0ac2b8b4c)] -> xpath: //span[text()='Department']//following::select//option[text()='0004 SEG Development Team']]
[INFO ][05-Jan-2024 10:49:57 AM] Selenium_Wrapper.click:(199) - Clicking on :[[ChromeDriver: chrome on WINDOWS (43dc356859a83748794e13e0ac2b8b4c)] -> xpath: //span[text()='Manager Level']//following::select//option[text()='Assistant Manager']]
[INFO ][05-Jan-2024 10:50:02 AM] Selenium_Wrapper.click:(199) - Clicking on :[[ChromeDriver: chrome on WINDOWS (43dc356859a83748794e13e0ac2b8b4c)] -> xpath: //span[contains(text(),'time with')]//following::select//option[contains(text(),'1 Month ')]]
[INFO ][05-Jan-2024 10:50:07 AM] Selenium_Wrapper.click:(199) - Clicking on :[[ChromeDriver: chrome on WINDOWS (43dc356859a83748794e13e0ac2b8b4c)] -> xpath: //span[contains(text(),'Branch Name')]//following::select//option[contains(text(),'Albuquerque - Golf Course Road Branch')]]
[INFO ][05-Jan-2024 10:50:12 AM] Selenium_Wrapper.click:(199) - Clicking on :[[ChromeDriver: chrome on WINDOWS (43dc356859a83748794e13e0ac2b8b4c)] -> xpath: //span[contains(text(),'Branch Area')]//following::select//option[contains(text(),'Teton')]]
[INFO ][05-Jan-2024 10:50:17 AM] Selenium_Wrapper.click:(199) - Clicking on :[[ChromeDriver: chrome on WINDOWS (43dc356859a83748794e13e0ac2b8b4c)] -> xpath: (//span[contains(text(),'Primary Tag')]//following::select//option[contains(text(),'AAA')])[1]]
[INFO ][05-Jan-2024 10:50:23 AM] Selenium_Wrapper.click:(199) - Clicking on :[[ChromeDriver: chrome on WINDOWS (43dc356859a83748794e13e0ac2b8b4c)] -> xpath: (//span[contains(text(),'Primary Tag')]//following::select//option[contains(text(),'AAA')])[4]]
[INFO ][05-Jan-2024 10:50:28 AM] Selenium_Wrapper.click:(199) - Clicking on :[[ChromeDriver: chrome on WINDOWS (43dc356859a83748794e13e0ac2b8b4c)] -> xpath: (//span[contains(text(),'Primary Tag')]//following::select//option[contains(text(),'AAA')])[6]]
[INFO ][05-Jan-2024 10:50:33 AM] Selenium_Wrapper.click:(199) - Clicking on :[[ChromeDriver: chrome on WINDOWS (43dc356859a83748794e13e0ac2b8b4c)] -> xpath: //input[@testidentifier='ContentAttributes_RepoViewSelection']]
[INFO ][05-Jan-2024 10:50:39 AM] Selenium_Wrapper.click:(199) - Clicking on :[[ChromeDriver: chrome on WINDOWS (43dc356859a83748794e13e0ac2b8b4c)] -> xpath: //div[@id='AVAIL']//tr//td//span[contains(text(),'AAA')]]
[INFO ][05-Jan-2024 10:50:51 AM] Selenium_Wrapper.click:(199) - Clicking on :[[ChromeDriver: chrome on WINDOWS (43dc356859a83748794e13e0ac2b8b4c)] -> xpath: //div[@id='AVAIL']//tr//td//span[text()='Member Connect']]
[INFO ][05-Jan-2024 10:50:56 AM] Selenium_Wrapper.click:(199) - Clicking on :[[ChromeDriver: chrome on WINDOWS (43dc356859a83748794e13e0ac2b8b4c)] -> xpath: //div[@id='AVAIL']//tr//td//span[text()='New Account Framework']]
[INFO ][05-Jan-2024 10:51:01 AM] Selenium_Wrapper.click:(199) - Clicking on :[[ChromeDriver: chrome on WINDOWS (43dc356859a83748794e13e0ac2b8b4c)] -> xpath: //a[text()='Add']]
[INFO ][05-Jan-2024 10:51:07 AM] Selenium_Wrapper.click:(199) - Clicking on :[[ChromeDriver: chrome on WINDOWS (43dc356859a83748794e13e0ac2b8b4c)] -> xpath: //select[@class='dropdown']]
[INFO ][05-Jan-2024 10:51:13 AM] Selenium_Wrapper.click:(199) - Clicking on :[[ChromeDriver: chrome on WINDOWS (43dc356859a83748794e13e0ac2b8b4c)] -> xpath: //select[@class='dropdown']//option[text()='Search']]
[INFO ][05-Jan-2024 10:51:14 AM] Selenium_Wrapper.enterText:(311) - Entering Text :Business Accounts in WebElement :[[ChromeDriver: chrome on WINDOWS (43dc356859a83748794e13e0ac2b8b4c)] -> xpath: //input[@value='Enter search string']]
[INFO ][05-Jan-2024 10:51:20 AM] Selenium_Wrapper.click:(199) - Clicking on :[[ChromeDriver: chrome on WINDOWS (43dc356859a83748794e13e0ac2b8b4c)] -> xpath: //strong[text()='Business Accounts']]
[INFO ][05-Jan-2024 10:51:25 AM] Selenium_Wrapper.click:(199) - Clicking on :[[ChromeDriver: chrome on WINDOWS (43dc356859a83748794e13e0ac2b8b4c)] -> xpath: //a[text()='Add']]
[INFO ][05-Jan-2024 10:51:31 AM] Selenium_Wrapper.click:(199) - Clicking on :[[ChromeDriver: chrome on WINDOWS (43dc356859a83748794e13e0ac2b8b4c)] -> xpath: //span[text()='Asset Management']]
[INFO ][05-Jan-2024 10:51:36 AM] Selenium_Wrapper.click:(199) - Clicking on :[[ChromeDriver: chrome on WINDOWS (43dc356859a83748794e13e0ac2b8b4c)] -> xpath: //a[text()='Add']]
[INFO ][05-Jan-2024 10:51:43 AM] Selenium_Wrapper.click:(199) - Clicking on :[[ChromeDriver: chrome on WINDOWS (43dc356859a83748794e13e0ac2b8b4c)] -> xpath: //input[@name='notifySubscribers']]
[INFO ][05-Jan-2024 10:51:48 AM] Selenium_Wrapper.click:(199) - Clicking on :[[ChromeDriver: chrome on WINDOWS (43dc356859a83748794e13e0ac2b8b4c)] -> xpath: //a[text()='Save Document']]
[INFO ][05-Jan-2024 10:52:12 AM] Selenium_Wrapper.click:(199) - Clicking on :[[ChromeDriver: chrome on WINDOWS (43dc356859a83748794e13e0ac2b8b4c)] -> xpath: //a[text()='Approve']]
[INFO ][05-Jan-2024 10:52:22 AM] Selenium_Wrapper.click:(199) - Clicking on :[[ChromeDriver: chrome on WINDOWS (43dc356859a83748794e13e0ac2b8b4c)] -> xpath: //a[text()='Approve']]
[INFO ][05-Jan-2024 10:52:32 AM] Selenium_Wrapper.click:(199) - Clicking on :[[ChromeDriver: chrome on WINDOWS (43dc356859a83748794e13e0ac2b8b4c)] -> xpath: //a[text()='Approve']]
[ERROR][05-Jan-2024 10:52:37 AM] Selenium_Wrapper.highlightWebElement:(417) - org.openqa.selenium.NoSuchElementException: no such element: Unable to locate element: {"method":"xpath","selector":"//span[text()='Closed']"}
  (Session info: chrome=120.0.6099.199)
For documentation on this error, please visit: https://www.seleniumhq.org/exceptions/no_such_element.html
Build info: version: '3.141.59', revision: 'e82be7d358', time: '2018-11-14T08:17:03'
System info: host: 'CAF-QA-SWAMYK', ip: '192.168.0.4', os.name: 'Windows 10', os.arch: 'amd64', os.version: '10.0', java.version: '17.0.5'
Driver info: org.openqa.selenium.chrome.ChromeDriver
Capabilities {acceptInsecureCerts: false, browserName: chrome, browserVersion: 120.0.6099.199, chrome: {chromedriverVersion: 119.0.6045.105 (38c72552c5e..., userDataDir: C:\Users\swamyk\AppData\Loc...}, fedcm:accounts: true, goog:chromeOptions: {debuggerAddress: localhost:51868}, javascriptEnabled: true, networkConnectionEnabled: false, pageLoadStrategy: normal, platform: WINDOWS, platformName: WINDOWS, proxy: Proxy(), setWindowRect: true, strictFileInteractability: false, timeouts: {implicit: 0, pageLoad: 300000, script: 30000}, unhandledPromptBehavior: dismiss and notify, webauthn:extension:credBlob: true, webauthn:extension:largeBlob: true, webauthn:extension:minPinLength: true, webauthn:extension:prf: true, webauthn:virtualAuthenticators: true}
Session ID: 43dc356859a83748794e13e0ac2b8b4c
*** Element info: {Using=xpath, value=//span[text()='Closed']}
[INFO ][05-Jan-2024 10:53:08 AM] Selenium_Wrapper.click:(199) - Clicking on :[[ChromeDriver: chrome on WINDOWS (43dc356859a83748794e13e0ac2b8b4c)] -> xpath: (//a[text()='Done'])[1]]
[INFO ][05-Jan-2024 10:53:18 AM] Selenium_Wrapper.click:(199) - Clicking on :[[ChromeDriver: chrome on WINDOWS (43dc356859a83748794e13e0ac2b8b4c)] -> xpath: //a[@class='closeButton']]
[INFO ][05-Jan-2024 10:53:31 AM] Selenium_Wrapper.click:(199) - Clicking on :[[ChromeDriver: chrome on WINDOWS (43dc356859a83748794e13e0ac2b8b4c)] -> xpath: //body//oj-avatar[@initials='[[userMenuLabel]]']]
[INFO ][05-Jan-2024 10:53:38 AM] Selenium_Wrapper.click:(199) - Clicking on :[[ChromeDriver: chrome on WINDOWS (43dc356859a83748794e13e0ac2b8b4c)] -> xpath: //a//span[text()='Sign Out']]
[INFO ][05-Jan-2024 10:53:43 AM] Selenium_Wrapper.closeCurrentBrowser:(651) - Closing the current Browser
[INFO ][05-Jan-2024 10:53:45 AM] Selenium_Wrapper.openBrowser:(48) - Opening chrome browser.
[INFO ][05-Jan-2024 10:53:51 AM] Selenium_Wrapper.enterURL:(82) - Entering url :https://macu1--tst1.custhelp.com/app/home
[INFO ][05-Jan-2024 10:53:55 AM] Selenium_Wrapper.enterText:(311) - Entering Text :swamyk in WebElement :[[ChromeDriver: chrome on WINDOWS (394bb8d32c67a7eb982669dd517c91e7)] -> id: rn_LoginForm_2_Username]
[INFO ][05-Jan-2024 10:53:56 AM] Selenium_Wrapper.enterText:(311) - Entering Text :Soft@123 in WebElement :[[ChromeDriver: chrome on WINDOWS (394bb8d32c67a7eb982669dd517c91e7)] -> id: rn_LoginForm_2_Password]
[INFO ][05-Jan-2024 10:54:04 AM] Selenium_Wrapper.click:(199) - Clicking on :[[ChromeDriver: chrome on WINDOWS (394bb8d32c67a7eb982669dd517c91e7)] -> id: rn_LoginForm_2_Submit]
[INFO ][05-Jan-2024 10:54:23 AM] Selenium_Wrapper.closeCurrentBrowser:(651) - Closing the current Browser
