[INFO ][04-Jan-2024 10:45:56 AM] Selenium_Wrapper.openBrowser:(48) - Opening chrome browser.
[INFO ][04-Jan-2024 10:46:04 AM] Selenium_Wrapper.enterURL:(82) - Entering url :https://macu1--tst1.custhelp.com/app/home
[INFO ][04-Jan-2024 10:46:08 AM] Selenium_Wrapper.enterText:(311) - Entering Text :swamyk in WebElement :[[ChromeDriver: chrome on WINDOWS (fd88fa62e3a467c5d2ba2c37f9a9cb23)] -> id: rn_LoginForm_2_Username]
[INFO ][04-Jan-2024 10:46:09 AM] Selenium_Wrapper.enterText:(311) - Entering Text :Soft@123 in WebElement :[[ChromeDriver: chrome on WINDOWS (fd88fa62e3a467c5d2ba2c37f9a9cb23)] -> id: rn_LoginForm_2_Password]
[INFO ][04-Jan-2024 10:46:17 AM] Selenium_Wrapper.click:(199) - Clicking on :[[ChromeDriver: chrome on WINDOWS (fd88fa62e3a467c5d2ba2c37f9a9cb23)] -> id: rn_LoginForm_2_Submit]
[INFO ][04-Jan-2024 10:46:26 AM] Selenium_Wrapper.click:(199) - Clicking on :[[ChromeDriver: chrome on WINDOWS (fd88fa62e3a467c5d2ba2c37f9a9cb23)] -> xpath: //input[@type='search']]
[INFO ][04-Jan-2024 10:46:27 AM] Selenium_Wrapper.enterText:(311) - Entering Text :Business Auto Loan - ALPS 1.0 in WebElement :[[ChromeDriver: chrome on WINDOWS (fd88fa62e3a467c5d2ba2c37f9a9cb23)] -> xpath: //input[@type='search']]
[INFO ][04-Jan-2024 10:46:47 AM] Selenium_Wrapper.click:(199) - Clicking on :[[ChromeDriver: chrome on WINDOWS (fd88fa62e3a467c5d2ba2c37f9a9cb23)] -> xpath: (//ul[text()='Suggested Search']//li//li)[1]]
[INFO ][04-Jan-2024 10:46:54 AM] Selenium_Wrapper.click:(199) - Clicking on :[[ChromeDriver: chrome on WINDOWS (fd88fa62e3a467c5d2ba2c37f9a9cb23)] -> xpath: //div[@class='rn_SearchResultContent']//tbody//tr//div//span[@class='rn_Element1']//a]
[INFO ][04-Jan-2024 10:47:12 AM] Selenium_Wrapper.click:(199) - Clicking on :[[ChromeDriver: chrome on WINDOWS (fd88fa62e3a467c5d2ba2c37f9a9cb23)] -> xpath: //a[contains(@class,'bookmarkedFilled')]//img[@class='bookmark_icon_red']]
[INFO ][04-Jan-2024 10:47:30 AM] Selenium_Wrapper.click:(199) - Clicking on :[[ChromeDriver: chrome on WINDOWS (fd88fa62e3a467c5d2ba2c37f9a9cb23)] -> xpath: //a[@class='add_bookmarkButton']//img[@class='bookmark_icon_blank']]
[INFO ][04-Jan-2024 10:47:38 AM] Selenium_Wrapper.click:(199) - Clicking on :[[ChromeDriver: chrome on WINDOWS (fd88fa62e3a467c5d2ba2c37f9a9cb23)] -> xpath: //div[@class='dropdown']]
[INFO ][04-Jan-2024 10:47:46 AM] Selenium_Wrapper.click:(199) - Clicking on :[[ChromeDriver: chrome on WINDOWS (fd88fa62e3a467c5d2ba2c37f9a9cb23)] -> xpath: //div[@class='data Custom-data']//a[text()='My Bookmarks']]
[INFO ][04-Jan-2024 10:48:07 AM] Selenium_Wrapper.click:(199) - Clicking on :[[ChromeDriver: chrome on WINDOWS (fd88fa62e3a467c5d2ba2c37f9a9cb23)] -> xpath: //a[contains(text(),'Business Auto Loan - ALPS 1.0')]//parent::div[@class='rn_Notification_Info']//following-sibling::div[@class='rn_Notification_Actions']//button[@class='rn_Notification_Delete']//img[@class='bookmark_del_ico']]
[INFO ][04-Jan-2024 10:48:30 AM] Selenium_Wrapper.click:(199) - Clicking on :[[ChromeDriver: chrome on WINDOWS (fd88fa62e3a467c5d2ba2c37f9a9cb23)] -> class name: knowledge]
[INFO ][04-Jan-2024 10:48:37 AM] Selenium_Wrapper.click:(199) - Clicking on :[[ChromeDriver: chrome on WINDOWS (fd88fa62e3a467c5d2ba2c37f9a9cb23)] -> xpath: //input[@type='search']]
[INFO ][04-Jan-2024 10:48:39 AM] Selenium_Wrapper.enterText:(311) - Entering Text :Business Auto Loan - ALPS 1.0 in WebElement :[[ChromeDriver: chrome on WINDOWS (fd88fa62e3a467c5d2ba2c37f9a9cb23)] -> xpath: //input[@type='search']]
[INFO ][04-Jan-2024 10:48:46 AM] Selenium_Wrapper.click:(199) - Clicking on :[[ChromeDriver: chrome on WINDOWS (fd88fa62e3a467c5d2ba2c37f9a9cb23)] -> xpath: (//ul[text()='Suggested Search']//li//li)[1]]
[INFO ][04-Jan-2024 10:48:54 AM] Selenium_Wrapper.click:(199) - Clicking on :[[ChromeDriver: chrome on WINDOWS (fd88fa62e3a467c5d2ba2c37f9a9cb23)] -> xpath: //div[@class='rn_SearchResultContent']//tbody//tr//div//span[@class='rn_Element1']//a]
[INFO ][04-Jan-2024 10:49:04 AM] Selenium_Wrapper.click:(199) - Clicking on :[[ChromeDriver: chrome on WINDOWS (fd88fa62e3a467c5d2ba2c37f9a9cb23)] -> xpath: //div[contains(@class,'EmailAnswerLink')]//img[@class='share_icon_default']]
[INFO ][04-Jan-2024 10:49:09 AM] Selenium_Wrapper.click:(199) - Clicking on :[[ChromeDriver: chrome on WINDOWS (fd88fa62e3a467c5d2ba2c37f9a9cb23)] -> xpath: //div[@id='rnDialog1']//input[@class='select2-search__field']]
[INFO ][04-Jan-2024 10:49:10 AM] Selenium_Wrapper.enterText:(311) - Entering Text :Aaron Brown in WebElement :[[ChromeDriver: chrome on WINDOWS (fd88fa62e3a467c5d2ba2c37f9a9cb23)] -> xpath: //div[@id='rnDialog1']//input[@class='select2-search__field']]
[INFO ][04-Jan-2024 10:49:19 AM] Selenium_Wrapper.click:(199) - Clicking on :[[ChromeDriver: chrome on WINDOWS (fd88fa62e3a467c5d2ba2c37f9a9cb23)] -> xpath: //ul[@class='select2-results__options']//li[text()='Aaron Brown']]
[INFO ][04-Jan-2024 10:49:24 AM] Selenium_Wrapper.click:(199) - Clicking on :[[ChromeDriver: chrome on WINDOWS (fd88fa62e3a467c5d2ba2c37f9a9cb23)] -> xpath: //button[@class='yui3-button yui3-button-close']]
[INFO ][04-Jan-2024 10:49:39 AM] Selenium_Wrapper.click:(199) - Clicking on :[[ChromeDriver: chrome on WINDOWS (fd88fa62e3a467c5d2ba2c37f9a9cb23)] -> xpath: //div[@id='formsResources_panel']//div[@id='formsResources_headingOne']]
[INFO ][04-Jan-2024 10:49:58 AM] Selenium_Wrapper.clickUsingActions:(249) - Clicking on :[[ChromeDriver: chrome on WINDOWS (fd88fa62e3a467c5d2ba2c37f9a9cb23)] -> xpath: (//ul[@class='formsResources']//ul//li/a)[2]]
[INFO ][04-Jan-2024 10:50:30 AM] Selenium_Wrapper.click:(199) - Clicking on :[[ChromeDriver: chrome on WINDOWS (fd88fa62e3a467c5d2ba2c37f9a9cb23)] -> xpath: //li[@class='breadcrumb-item']//a]
[INFO ][04-Jan-2024 10:50:42 AM] Selenium_Wrapper.click:(199) - Clicking on :[[ChromeDriver: chrome on WINDOWS (fd88fa62e3a467c5d2ba2c37f9a9cb23)] -> class name: knowledge]
[INFO ][04-Jan-2024 10:50:53 AM] Selenium_Wrapper.click:(199) - Clicking on :[[ChromeDriver: chrome on WINDOWS (fd88fa62e3a467c5d2ba2c37f9a9cb23)] -> xpath: //input[@type='search']]
[INFO ][04-Jan-2024 10:50:54 AM] Selenium_Wrapper.enterText:(311) - Entering Text :Business Auto Loan - ALPS 1.0 in WebElement :[[ChromeDriver: chrome on WINDOWS (fd88fa62e3a467c5d2ba2c37f9a9cb23)] -> xpath: //input[@type='search']]
[INFO ][04-Jan-2024 10:51:14 AM] Selenium_Wrapper.click:(199) - Clicking on :[[ChromeDriver: chrome on WINDOWS (fd88fa62e3a467c5d2ba2c37f9a9cb23)] -> xpath: (//ul[text()='Suggested Search']//li//li)[1]]
[INFO ][04-Jan-2024 10:51:23 AM] Selenium_Wrapper.click:(199) - Clicking on :[[ChromeDriver: chrome on WINDOWS (fd88fa62e3a467c5d2ba2c37f9a9cb23)] -> xpath: //div[@class='rn_SearchResultContent']//tbody//tr//div//span[@class='rn_Element1']//a]
[INFO ][04-Jan-2024 10:52:20 AM] Selenium_Wrapper.click:(199) - Clicking on :[[ChromeDriver: chrome on WINDOWS (fd88fa62e3a467c5d2ba2c37f9a9cb23)] -> xpath: //button[@class='rn_RecommendContentButton p-0']]
[INFO ][04-Jan-2024 10:52:21 AM] Selenium_Wrapper.enterText:(311) - Entering Text :Test Improve, comments, updates in WebElement :[[ChromeDriver: chrome on WINDOWS (fd88fa62e3a467c5d2ba2c37f9a9cb23)] -> xpath: //div[@id='rnDialog1_c']//textarea[contains(@id,RequestUpdate)]]
[INFO ][04-Jan-2024 10:52:26 AM] Selenium_Wrapper.click:(199) - Clicking on :[[ChromeDriver: chrome on WINDOWS (fd88fa62e3a467c5d2ba2c37f9a9cb23)] -> xpath: //button[@class='yui3-button yui3-button-close']]
[INFO ][04-Jan-2024 10:52:38 AM] Selenium_Wrapper.click:(199) - Clicking on :[[ChromeDriver: chrome on WINDOWS (fd88fa62e3a467c5d2ba2c37f9a9cb23)] -> id: relatedPages_headingOne]
[INFO ][04-Jan-2024 10:52:44 AM] Selenium_Wrapper.click:(199) - Clicking on :[[ChromeDriver: chrome on WINDOWS (fd88fa62e3a467c5d2ba2c37f9a9cb23)] -> id: relatedPages_headingOne]
[INFO ][04-Jan-2024 10:52:51 AM] Selenium_Wrapper.enterText:(311) - Entering Text :Business Auto Loan - ALPS 1.0 in WebElement :[[ChromeDriver: chrome on WINDOWS (fd88fa62e3a467c5d2ba2c37f9a9cb23)] -> xpath: //div[contains(@class,'input-group')]//input[@type='search']]
[INFO ][04-Jan-2024 10:53:02 AM] Selenium_Wrapper.click:(199) - Clicking on :[[ChromeDriver: chrome on WINDOWS (fd88fa62e3a467c5d2ba2c37f9a9cb23)] -> xpath: //ul[@aria-label='Suggested Search']//li[@class='rn_SuggestionItem'][normalize-space()='Business Auto Loan - ALPS 1.0']]
[INFO ][04-Jan-2024 10:53:21 AM] Selenium_Wrapper.click:(199) - Clicking on :[[ChromeDriver: chrome on WINDOWS (fd88fa62e3a467c5d2ba2c37f9a9cb23)] -> class name: knowledge]
