[INFO ][28-Feb-2023 10:40:58 AM] Selenium_Wrapper.openBrowser:(48) - Opening chrome browser.
[INFO ][28-Feb-2023 10:41:06 AM] Selenium_Wrapper.enterURL:(82) - Entering url :https://macu1--upgrade.custhelp.com/
[INFO ][28-Feb-2023 10:41:10 AM] Selenium_Wrapper.enterText:(311) - Entering Text :automation_testing in WebElement :[[ChromeDriver: chrome on WINDOWS (4c0efd1e9584a44dc8028507be84de19)] -> id: rn_LoginForm_2_Username]
[INFO ][28-Feb-2023 10:41:11 AM] Selenium_Wrapper.enterText:(311) - Entering Text :Soft@123 in WebElement :[[ChromeDriver: chrome on WINDOWS (4c0efd1e9584a44dc8028507be84de19)] -> id: rn_LoginForm_2_Password]
[INFO ][28-Feb-2023 10:41:18 AM] Selenium_Wrapper.click:(199) - Clicking on :[[ChromeDriver: chrome on WINDOWS (4c0efd1e9584a44dc8028507be84de19)] -> id: rn_LoginForm_2_Submit]
[INFO ][28-Feb-2023 10:41:29 AM] Selenium_Wrapper.click:(199) - Clicking on :[[ChromeDriver: chrome on WINDOWS (4c0efd1e9584a44dc8028507be84de19)] -> xpath: //div[@class='dropdown']]
[INFO ][28-Feb-2023 10:41:47 AM] Selenium_Wrapper.click:(199) - Clicking on :[[ChromeDriver: chrome on WINDOWS (4c0efd1e9584a44dc8028507be84de19)] -> xpath: (//div[@class='dropdown-content']//a)[1]]
[INFO ][28-Feb-2023 10:42:16 AM] Selenium_Wrapper.click:(199) - Clicking on :[[ChromeDriver: chrome on WINDOWS (4c0efd1e9584a44dc8028507be84de19)] -> class name: knowledge]
[INFO ][28-Feb-2023 10:42:24 AM] Selenium_Wrapper.click:(199) - Clicking on :[[ChromeDriver: chrome on WINDOWS (4c0efd1e9584a44dc8028507be84de19)] -> xpath: //input[@type='search']]
[INFO ][28-Feb-2023 10:42:25 AM] Selenium_Wrapper.enterText:(311) - Entering Text :Business Auto Loan in WebElement :[[ChromeDriver: chrome on WINDOWS (4c0efd1e9584a44dc8028507be84de19)] -> xpath: //input[@type='search']]
[INFO ][28-Feb-2023 10:42:39 AM] Selenium_Wrapper.click:(199) - Clicking on :[[ChromeDriver: chrome on WINDOWS (4c0efd1e9584a44dc8028507be84de19)] -> xpath: //ul[@aria-label='Suggested Search']//li[normalize-space()='Business Auto Loan']]
[INFO ][28-Feb-2023 10:42:46 AM] Selenium_Wrapper.click:(199) - Clicking on :[[ChromeDriver: chrome on WINDOWS (4c0efd1e9584a44dc8028507be84de19)] -> xpath: //div[@class='rn_SearchResultContent']//a[text()='Business Auto Loan']]
[INFO ][28-Feb-2023 10:43:01 AM] Selenium_Wrapper.click:(199) - Clicking on :[[ChromeDriver: chrome on WINDOWS (4c0efd1e9584a44dc8028507be84de19)] -> class name: knowledge]
[INFO ][28-Feb-2023 10:43:15 AM] Selenium_Wrapper.click:(199) - Clicking on :[[ChromeDriver: chrome on WINDOWS (4c0efd1e9584a44dc8028507be84de19)] -> xpath: //div[@class='dropdown']]
[INFO ][28-Feb-2023 10:43:26 AM] Selenium_Wrapper.click:(199) - Clicking on :[[ChromeDriver: chrome on WINDOWS (4c0efd1e9584a44dc8028507be84de19)] -> xpath: //a[text()='SEE MORE']]
[INFO ][28-Feb-2023 10:43:39 AM] Selenium_Wrapper.click:(199) - Clicking on :[[ChromeDriver: chrome on WINDOWS (4c0efd1e9584a44dc8028507be84de19)] -> class name: knowledge]
[INFO ][28-Feb-2023 10:43:47 AM] Selenium_Wrapper.click:(199) - Clicking on :[[ChromeDriver: chrome on WINDOWS (4c0efd1e9584a44dc8028507be84de19)] -> xpath: //div[@class='dropdown']]
[INFO ][28-Feb-2023 10:44:02 AM] Selenium_Wrapper.click:(199) - Clicking on :[[ChromeDriver: chrome on WINDOWS (4c0efd1e9584a44dc8028507be84de19)] -> xpath: //div[@class='dropdown-content']//a[normalize-space()='My Bookmarks']]
[INFO ][28-Feb-2023 10:44:18 AM] Selenium_Wrapper.click:(199) - Clicking on :[[ChromeDriver: chrome on WINDOWS (4c0efd1e9584a44dc8028507be84de19)] -> xpath: //select[@class='BookmarkFilter']]
[INFO ][28-Feb-2023 10:44:29 AM] Selenium_Wrapper.click:(199) - Clicking on :[[ChromeDriver: chrome on WINDOWS (4c0efd1e9584a44dc8028507be84de19)] -> xpath: //select[@class='BookmarkFilter']//option[text()='Alphabetical A-Z']]
[INFO ][28-Feb-2023 10:44:41 AM] Selenium_Wrapper.click:(199) - Clicking on :[[ChromeDriver: chrome on WINDOWS (4c0efd1e9584a44dc8028507be84de19)] -> class name: knowledge]
[INFO ][28-Feb-2023 10:44:48 AM] Selenium_Wrapper.click:(199) - Clicking on :[[ChromeDriver: chrome on WINDOWS (4c0efd1e9584a44dc8028507be84de19)] -> xpath: //div[@class='dropdown']]
[INFO ][28-Feb-2023 10:44:58 AM] Selenium_Wrapper.click:(199) - Clicking on :[[ChromeDriver: chrome on WINDOWS (4c0efd1e9584a44dc8028507be84de19)] -> xpath: //div[@class='dropdown-content']//a[normalize-space()='My Notifications']]
[INFO ][28-Feb-2023 10:45:07 AM] Selenium_Wrapper.click:(199) - Clicking on :[[ChromeDriver: chrome on WINDOWS (4c0efd1e9584a44dc8028507be84de19)] -> xpath: //a[text()='browse all PAGES']]
[INFO ][28-Feb-2023 10:45:25 AM] Selenium_Wrapper.click:(199) - Clicking on :[[ChromeDriver: chrome on WINDOWS (4c0efd1e9584a44dc8028507be84de19)] -> xpath: //a[text()='VIEW A-Z INDEX']]
[INFO ][28-Feb-2023 10:45:39 AM] Selenium_Wrapper.click:(199) - Clicking on :[[ChromeDriver: chrome on WINDOWS (4c0efd1e9584a44dc8028507be84de19)] -> class name: knowledge]
[INFO ][28-Feb-2023 10:45:42 AM] Selenium_Wrapper.closeCurrentBrowser:(651) - Closing the current Browser
