[INFO ][28-Jul-2023 10:47:36 am] Selenium_Wrapper.openBrowser:(48) - Opening chrome browser.
[INFO ][28-Jul-2023 10:47:39 am] Selenium_Wrapper.enterURL:(82) - Entering url :https://macu1--tst1.custhelp.com/AgentWeb/
[INFO ][28-Jul-2023 10:47:44 am] Selenium_Wrapper.enterText:(311) - Entering Text :automation_testing in WebElement :[[ChromeDriver: chrome on WINDOWS (8060eaa8b9b1431bca3d057a4467b9d8)] -> id: username]
[INFO ][28-Jul-2023 10:47:45 am] Selenium_Wrapper.enterText:(311) - Entering Text :Welcome123 in WebElement :[[ChromeDriver: chrome on WINDOWS (8060eaa8b9b1431bca3d057a4467b9d8)] -> id: password]
[INFO ][28-Jul-2023 10:48:08 am] Selenium_Wrapper.click:(199) - Clicking on :[[ChromeDriver: chrome on WINDOWS (8060eaa8b9b1431bca3d057a4467b9d8)] -> id: loginbutton]
[INFO ][28-Jul-2023 10:48:20 am] Selenium_Wrapper.click:(199) - Clicking on :[[ChromeDriver: chrome on WINDOWS (8060eaa8b9b1431bca3d057a4467b9d8)] -> id: navigationSetBtn]
[INFO ][28-Jul-2023 10:48:25 am] Selenium_Wrapper.click:(199) - Clicking on :[[ChromeDriver: chrome on WINDOWS (8060eaa8b9b1431bca3d057a4467b9d8)] -> xpath: (//div[text()='Configuration']//a)]
[INFO ][28-Jul-2023 10:48:30 am] Selenium_Wrapper.click:(199) - Clicking on :[[ChromeDriver: chrome on WINDOWS (8060eaa8b9b1431bca3d057a4467b9d8)] -> xpath: (//div[text()='Service']//a)]
[INFO ][28-Jul-2023 10:48:35 am] Selenium_Wrapper.click:(199) - Clicking on :[[ChromeDriver: chrome on WINDOWS (8060eaa8b9b1431bca3d057a4467b9d8)] -> xpath: (//div[text()='Knowledge Advanced']//a)]
[INFO ][28-Jul-2023 10:48:41 am] Selenium_Wrapper.click:(199) - Clicking on :[[ChromeDriver: chrome on WINDOWS (8060eaa8b9b1431bca3d057a4467b9d8)] -> xpath: //span[text()='Authoring']]
[INFO ][28-Jul-2023 10:49:00 am] Selenium_Wrapper.click:(199) - Clicking on :[[ChromeDriver: chrome on WINDOWS (8060eaa8b9b1431bca3d057a4467b9d8)] -> xpath: //div[@id='rntab']//ul//li[@testidentifier='MainNavBar_Content']//a]
[INFO ][28-Jul-2023 10:49:16 am] Selenium_Wrapper.click:(199) - Clicking on :[[ChromeDriver: chrome on WINDOWS (8060eaa8b9b1431bca3d057a4467b9d8)] -> xpath: //div[text()='Process']//following-sibling::a[@testidentifier='ContentNavBar_Add_Process']]
[INFO ][28-Jul-2023 10:49:18 am] Selenium_Wrapper.enterText:(311) - Entering Text :TestingArticle in WebElement :[[ChromeDriver: chrome on WINDOWS (8060eaa8b9b1431bca3d057a4467b9d8)] -> xpath: //input[@testidentifier='Content_ContentType_Add_SUMMARY']]
[INFO ][28-Jul-2023 10:49:20 am] Selenium_Wrapper.enterText:(311) - Entering Text :Criticals in WebElement :[[ChromeDriver: chrome on WINDOWS (8060eaa8b9b1431bca3d057a4467b9d8)] -> xpath: //input[@testidentifier='Content_ContentType_Add_KEYWORD']]
[INFO ][28-Jul-2023 10:49:27 am] Selenium_Wrapper.click:(199) - Clicking on :[[ChromeDriver: chrome on WINDOWS (8060eaa8b9b1431bca3d057a4467b9d8)] -> xpath: ((//span[@class='cke_bottom cke_reset_all'])[1]//preceding-sibling::*)[2]]
[INFO ][28-Jul-2023 10:49:32 am] Selenium_Wrapper.enterText:(311) - Entering Text :contentinfo 'Reach out to your immediate supervisor with questions.' in WebElement :[[ChromeDriver: chrome on WINDOWS (8060eaa8b9b1431bca3d057a4467b9d8)] -> xpath: //body[@class='cke_editable cke_editable_themed cke_contents_ltr cke_show_borders']]
[INFO ][28-Jul-2023 10:49:42 am] Selenium_Wrapper.click:(199) - Clicking on :[[ChromeDriver: chrome on WINDOWS (8060eaa8b9b1431bca3d057a4467b9d8)] -> xpath: ((//span[@class='cke_bottom cke_reset_all'])[2]//preceding-sibling::*)[2]]
[INFO ][28-Jul-2023 10:49:48 am] Selenium_Wrapper.enterText:(311) - Entering Text :COVID-19 Update:  Find additional information on COVID-19 Branch & Service Center Operations\n * Vaccine\n * Similar to the flu shot, we encourage you to take a lunch hour or go after work if you choose to receive the vaccine.\n * You should be able to easily schedule a time to receive a vaccine. * Take PTO if an adverse reaction occurs. * Take PTO if an adverse reaction occurs * First URL of the pageArticle Link * Second URL of the page * Third URL of the page * The few documented cases of a stronger reaction indicate that the affects typically last one to two days. * Have an open conversation with your manager if other accommodations are necessary. * The cost of the vaccine is covered by insurance. * Mask Mandates * As the counties and health departments begin to relax their mask mandates, MACU will address this as follows: * The mask mandate requirement for team members will remain in place for the foreseeable future. * Mask guidance for members will follow State, County and Health department guidelines for those areas. * Personal Protection Equipment (PPE) * Order masks and other PArticle LinkPE by submitting a ServiceNow Facilities ticket. * Items available * Cotopaxi masks ($7 each) * Hand sanitizer * Gloves * Disposable masks * Sanitation wipes * Employee Resources * Mountain America is here for you! Check out these resources: * MACU Desktop Citrix ReceiverWorkspace Step-by-Step Surface Devices Step-by-Step * Microsoft Teams Step-by-Step * Multi-Factor Authentication (MFA) Step-by-Step * Remote Work Agreement * Setting up Your New Laptop * Surface Devices Step-by-Step in WebElement :[[ChromeDriver: chrome on WINDOWS (8060eaa8b9b1431bca3d057a4467b9d8)] -> xpath: //body[@class='cke_editable cke_editable_themed cke_contents_ltr cke_show_borders']]
[INFO ][28-Jul-2023 10:49:56 am] Selenium_Wrapper.click:(199) - Clicking on :[[ChromeDriver: chrome on WINDOWS (8060eaa8b9b1431bca3d057a4467b9d8)] -> xpath: //span[text()='Jump To']]
[INFO ][28-Jul-2023 10:50:02 am] Selenium_Wrapper.click:(199) - Clicking on :[[ChromeDriver: chrome on WINDOWS (8060eaa8b9b1431bca3d057a4467b9d8)] -> xpath: (//a[@class='cke_button cke_button__image cke_button_off'])[3]]
[INFO ][28-Jul-2023 10:50:09 am] Selenium_Wrapper.click:(199) - Clicking on :[[ChromeDriver: chrome on WINDOWS (8060eaa8b9b1431bca3d057a4467b9d8)] -> xpath: (//span[text()='Browse Server'])[1]]
[INFO ][28-Jul-2023 10:50:29 am] Selenium_Wrapper.click:(199) - Clicking on :[[ChromeDriver: chrome on WINDOWS (8060eaa8b9b1431bca3d057a4467b9d8)] -> xpath: //a[text()='MACU_VIEW']]
[INFO ][28-Jul-2023 10:50:48 am] Selenium_Wrapper.click:(199) - Clicking on :[[ChromeDriver: chrome on WINDOWS (8060eaa8b9b1431bca3d057a4467b9d8)] -> xpath: //table//span[text()='OK']]
[INFO ][28-Jul-2023 10:51:02 am] Selenium_Wrapper.click:(199) - Clicking on :[[ChromeDriver: chrome on WINDOWS (8060eaa8b9b1431bca3d057a4467b9d8)] -> xpath: (//span[@class='cke_button_icon cke_button__addarticlelink_icon'])[4]]
[INFO ][28-Jul-2023 10:51:08 am] Selenium_Wrapper.enterText:(311) - Entering Text :1000124 in WebElement :[[ChromeDriver: chrome on WINDOWS (8060eaa8b9b1431bca3d057a4467b9d8)] -> xpath: (//div[text()='Article Link']//following::input)[3]]
[INFO ][28-Jul-2023 10:51:09 am] Selenium_Wrapper.enterText:(311) - Entering Text :Article Link in WebElement :[[ChromeDriver: chrome on WINDOWS (8060eaa8b9b1431bca3d057a4467b9d8)] -> xpath: (//div[text()='Article Link']//following::input)[5]]
[INFO ][28-Jul-2023 10:51:14 am] Selenium_Wrapper.click:(199) - Clicking on :[[ChromeDriver: chrome on WINDOWS (8060eaa8b9b1431bca3d057a4467b9d8)] -> xpath: (//div[@class='cke_dialog_body']//span[text()='OK'])[2]]
[INFO ][28-Jul-2023 10:51:21 am] Selenium_Wrapper.click:(199) - Clicking on :[[ChromeDriver: chrome on WINDOWS (8060eaa8b9b1431bca3d057a4467b9d8)] -> xpath: ((//span[@class='cke_bottom cke_reset_all'])[5]//preceding-sibling::*)[2]]
[INFO ][28-Jul-2023 10:51:24 am] Selenium_Wrapper.enterText:(311) - Entering Text :BasicInfo - Remote Work * -Use the following resources when connecting to work applications remotely in WebElement :[[ChromeDriver: chrome on WINDOWS (8060eaa8b9b1431bca3d057a4467b9d8)] -> xpath: //body[@class='cke_editable cke_editable_themed cke_contents_ltr cke_show_borders']]
[INFO ][28-Jul-2023 10:51:33 am] Selenium_Wrapper.click:(199) - Clicking on :[[ChromeDriver: chrome on WINDOWS (8060eaa8b9b1431bca3d057a4467b9d8)] -> xpath: ((//span[@class='cke_bottom cke_reset_all'])[6]//preceding-sibling::*)[2]]
[INFO ][28-Jul-2023 10:51:37 am] Selenium_Wrapper.enterText:(311) - Entering Text :BasicContactInfo -Remote Work * -Use the following resources when connecting to work applications remotely * -Cisco Finesse Step-by-Step * -Cisco Jabber Step-by-Step * -Electronic Communication and Information Basic Info * -Extend Surface Device Battery Life Step-by-Step * -MACU Desktop Citrix ReceiverWorkspace Step-by-Step Surface Devices Step-by-Step * -Microsoft Teams Step-by-Step * -Multi-Factor Authentication (MFA) Step-by-Step * -Remote Work Agreement * -Setting up Your New Laptop * -Surface Devices Step-by-Step in WebElement :[[ChromeDriver: chrome on WINDOWS (8060eaa8b9b1431bca3d057a4467b9d8)] -> xpath: //body[@class='cke_editable cke_editable_themed cke_contents_ltr cke_show_borders']]
[INFO ][28-Jul-2023 10:51:45 am] Selenium_Wrapper.click:(199) - Clicking on :[[ChromeDriver: chrome on WINDOWS (8060eaa8b9b1431bca3d057a4467b9d8)] -> xpath: ((//span[@class='cke_bottom cke_reset_all'])[7]//preceding-sibling::*)[2]]
[INFO ][28-Jul-2023 10:51:50 am] Selenium_Wrapper.enterText:(311) - Entering Text :Steps- Employee Resources in WebElement :[[ChromeDriver: chrome on WINDOWS (8060eaa8b9b1431bca3d057a4467b9d8)] -> xpath: //body[@class='cke_editable cke_editable_themed cke_contents_ltr cke_show_borders']]
[INFO ][28-Jul-2023 10:51:58 am] Selenium_Wrapper.click:(199) - Clicking on :[[ChromeDriver: chrome on WINDOWS (8060eaa8b9b1431bca3d057a4467b9d8)] -> xpath: ((//span[@class='cke_bottom cke_reset_all'])[8]//preceding-sibling::*)[2]]
[INFO ][28-Jul-2023 10:52:02 am] Selenium_Wrapper.enterText:(311) - Entering Text :StepsContactInfo - Mountain America is here for you! Check out these resources: * Report COVID-19 in the Workplace * Contact Tracing for COVID-19 * COVID-19 Pay Options * Corporate FSR * Employee Assistance Program (EAP) * Employee Loans * Infectious Disease * MACU Facility Standards * Mountain America Center Meetings & Events * Medical Leave of Absence * Personal Time Off (PTO) * Tanner Meetings & Events * Thrive Clinic * The CareATC Patient Access Center is currently performing all appointment scheduling activities. Our clinics are not currently accepting walk-in or self-scheduled patients. To schedule an appointment, contact the clinic 800-993-8244. * Thrive Fitness Centers * Travel Pay *Traveling Branch Employees in WebElement :[[ChromeDriver: chrome on WINDOWS (8060eaa8b9b1431bca3d057a4467b9d8)] -> xpath: //body[@class='cke_editable cke_editable_themed cke_contents_ltr cke_show_borders']]
[INFO ][28-Jul-2023 10:52:10 am] Selenium_Wrapper.click:(199) - Clicking on :[[ChromeDriver: chrome on WINDOWS (8060eaa8b9b1431bca3d057a4467b9d8)] -> xpath: ((//span[@class='cke_bottom cke_reset_all'])[9]//preceding-sibling::*)[2]]
[INFO ][28-Jul-2023 10:52:14 am] Selenium_Wrapper.enterText:(311) - Entering Text :Forms_Resources - Mask Mandates in WebElement :[[ChromeDriver: chrome on WINDOWS (8060eaa8b9b1431bca3d057a4467b9d8)] -> xpath: //body[@class='cke_editable cke_editable_themed cke_contents_ltr cke_show_borders']]
[INFO ][28-Jul-2023 10:52:23 am] Selenium_Wrapper.click:(199) - Clicking on :[[ChromeDriver: chrome on WINDOWS (8060eaa8b9b1431bca3d057a4467b9d8)] -> xpath: ((//span[@class='cke_bottom cke_reset_all'])[10]//preceding-sibling::*)[2]]
[INFO ][28-Jul-2023 10:52:30 am] Selenium_Wrapper.enterText:(311) - Entering Text :Forms_Resources_Content- As the counties and health departments begin to relax their mask mandates, MACU will address this as follows: * The mask mandate requirement for team members will remain in place for the foreseeable future. * Mask guidance for members will follow State, County and Health department guidelines for those areas. in WebElement :[[ChromeDriver: chrome on WINDOWS (8060eaa8b9b1431bca3d057a4467b9d8)] -> xpath: //body[@class='cke_editable cke_editable_themed cke_contents_ltr cke_show_borders']]
[INFO ][28-Jul-2023 10:52:39 am] Selenium_Wrapper.click:(199) - Clicking on :[[ChromeDriver: chrome on WINDOWS (8060eaa8b9b1431bca3d057a4467b9d8)] -> xpath: ((//span[@class='cke_bottom cke_reset_all'])[11]//preceding-sibling::*)[2]]
[INFO ][28-Jul-2023 10:52:45 am] Selenium_Wrapper.enterText:(311) - Entering Text :SalesConnections-Sales Connections in WebElement :[[ChromeDriver: chrome on WINDOWS (8060eaa8b9b1431bca3d057a4467b9d8)] -> xpath: //body[@class='cke_editable cke_editable_themed cke_contents_ltr cke_show_borders']]
[INFO ][28-Jul-2023 10:52:56 am] Selenium_Wrapper.click:(199) - Clicking on :[[ChromeDriver: chrome on WINDOWS (8060eaa8b9b1431bca3d057a4467b9d8)] -> xpath: //span[text()='Teams']//following::select//option[text()='Accounting & Finance']]
[INFO ][28-Jul-2023 10:53:01 am] Selenium_Wrapper.click:(199) - Clicking on :[[ChromeDriver: chrome on WINDOWS (8060eaa8b9b1431bca3d057a4467b9d8)] -> xpath: //span[text()='Compliance']//preceding-sibling::input]
[INFO ][28-Jul-2023 10:53:06 am] Selenium_Wrapper.click:(199) - Clicking on :[[ChromeDriver: chrome on WINDOWS (8060eaa8b9b1431bca3d057a4467b9d8)] -> xpath: //span[text()='No ']//preceding-sibling::input]
[INFO ][28-Jul-2023 10:53:12 am] Selenium_Wrapper.click:(199) - Clicking on :[[ChromeDriver: chrome on WINDOWS (8060eaa8b9b1431bca3d057a4467b9d8)] -> xpath: ((//span[@class='cke_bottom cke_reset_all'])[12]//preceding-sibling::*)[2]]
[INFO ][28-Jul-2023 10:53:17 am] Selenium_Wrapper.enterText:(311) - Entering Text :SalesConnectionsContent- As the counties and health departments begin to relax their mask mandates, MACU will address this as follows: * The mask mandate requirement for team members will remain in place for the foreseeable future. * Mask guidance for members will follow State, County and Health department guidelines for those areas. in WebElement :[[ChromeDriver: chrome on WINDOWS (8060eaa8b9b1431bca3d057a4467b9d8)] -> xpath: //body[@class='cke_editable cke_editable_themed cke_contents_ltr cke_show_borders']]
[INFO ][28-Jul-2023 10:53:26 am] Selenium_Wrapper.click:(199) - Clicking on :[[ChromeDriver: chrome on WINDOWS (8060eaa8b9b1431bca3d057a4467b9d8)] -> xpath: //span[text()='Major Change']//preceding-sibling::input]
[INFO ][28-Jul-2023 10:53:31 am] Selenium_Wrapper.click:(199) - Clicking on :[[ChromeDriver: chrome on WINDOWS (8060eaa8b9b1431bca3d057a4467b9d8)] -> xpath: //span[text()='Corporate/Branch/Service Center']//following::select//option[text()='Service Center']]
[INFO ][28-Jul-2023 10:53:37 am] Selenium_Wrapper.click:(199) - Clicking on :[[ChromeDriver: chrome on WINDOWS (8060eaa8b9b1431bca3d057a4467b9d8)] -> xpath: //span[text()='Department']//following::select//option[text()='0004 SEG Development Team']]
[INFO ][28-Jul-2023 10:53:42 am] Selenium_Wrapper.click:(199) - Clicking on :[[ChromeDriver: chrome on WINDOWS (8060eaa8b9b1431bca3d057a4467b9d8)] -> xpath: //span[text()='Manager Level']//following::select//option[text()='Assistant Manager']]
[INFO ][28-Jul-2023 10:53:47 am] Selenium_Wrapper.click:(199) - Clicking on :[[ChromeDriver: chrome on WINDOWS (8060eaa8b9b1431bca3d057a4467b9d8)] -> xpath: //span[contains(text(),'time with')]//following::select//option[contains(text(),'1 Month ')]]
[INFO ][28-Jul-2023 10:53:52 am] Selenium_Wrapper.click:(199) - Clicking on :[[ChromeDriver: chrome on WINDOWS (8060eaa8b9b1431bca3d057a4467b9d8)] -> xpath: //span[contains(text(),'Branch Name')]//following::select//option[contains(text(),'Albuquerque - Golf Course Road Branch')]]
[INFO ][28-Jul-2023 10:53:57 am] Selenium_Wrapper.click:(199) - Clicking on :[[ChromeDriver: chrome on WINDOWS (8060eaa8b9b1431bca3d057a4467b9d8)] -> xpath: //span[contains(text(),'Branch Area')]//following::select//option[contains(text(),'Teton')]]
[INFO ][28-Jul-2023 10:54:02 am] Selenium_Wrapper.click:(199) - Clicking on :[[ChromeDriver: chrome on WINDOWS (8060eaa8b9b1431bca3d057a4467b9d8)] -> xpath: (//span[contains(text(),'Primary Tag')]//following::select//option[contains(text(),'AAA')])[1]]
[INFO ][28-Jul-2023 10:54:07 am] Selenium_Wrapper.click:(199) - Clicking on :[[ChromeDriver: chrome on WINDOWS (8060eaa8b9b1431bca3d057a4467b9d8)] -> xpath: (//span[contains(text(),'Primary Tag')]//following::select//option[contains(text(),'AAA')])[4]]
[INFO ][28-Jul-2023 10:54:13 am] Selenium_Wrapper.click:(199) - Clicking on :[[ChromeDriver: chrome on WINDOWS (8060eaa8b9b1431bca3d057a4467b9d8)] -> xpath: (//span[contains(text(),'Primary Tag')]//following::select//option[contains(text(),'AAA')])[6]]
[INFO ][28-Jul-2023 10:54:18 am] Selenium_Wrapper.click:(199) - Clicking on :[[ChromeDriver: chrome on WINDOWS (8060eaa8b9b1431bca3d057a4467b9d8)] -> xpath: //input[@testidentifier='ContentAttributes_RepoViewSelection']]
[INFO ][28-Jul-2023 10:54:24 am] Selenium_Wrapper.click:(199) - Clicking on :[[ChromeDriver: chrome on WINDOWS (8060eaa8b9b1431bca3d057a4467b9d8)] -> xpath: //div[@id='AVAIL']//tr//td//span[contains(text(),'AAA')]]
[INFO ][28-Jul-2023 10:54:35 am] Selenium_Wrapper.click:(199) - Clicking on :[[ChromeDriver: chrome on WINDOWS (8060eaa8b9b1431bca3d057a4467b9d8)] -> xpath: //div[@id='AVAIL']//tr//td//span[text()='Member Connect']]
[INFO ][28-Jul-2023 10:54:40 am] Selenium_Wrapper.click:(199) - Clicking on :[[ChromeDriver: chrome on WINDOWS (8060eaa8b9b1431bca3d057a4467b9d8)] -> xpath: //div[@id='AVAIL']//tr//td//span[text()='New Account Framework']]
[INFO ][28-Jul-2023 10:54:46 am] Selenium_Wrapper.click:(199) - Clicking on :[[ChromeDriver: chrome on WINDOWS (8060eaa8b9b1431bca3d057a4467b9d8)] -> xpath: //a[text()='Add']]
[INFO ][28-Jul-2023 10:54:51 am] Selenium_Wrapper.click:(199) - Clicking on :[[ChromeDriver: chrome on WINDOWS (8060eaa8b9b1431bca3d057a4467b9d8)] -> xpath: //select[@class='dropdown']]
[INFO ][28-Jul-2023 10:54:56 am] Selenium_Wrapper.click:(199) - Clicking on :[[ChromeDriver: chrome on WINDOWS (8060eaa8b9b1431bca3d057a4467b9d8)] -> xpath: //select[@class='dropdown']//option[text()='Search']]
[INFO ][28-Jul-2023 10:54:58 am] Selenium_Wrapper.enterText:(311) - Entering Text :Business Accounts in WebElement :[[ChromeDriver: chrome on WINDOWS (8060eaa8b9b1431bca3d057a4467b9d8)] -> xpath: //input[@value='Enter search string']]
[INFO ][28-Jul-2023 10:55:03 am] Selenium_Wrapper.click:(199) - Clicking on :[[ChromeDriver: chrome on WINDOWS (8060eaa8b9b1431bca3d057a4467b9d8)] -> xpath: //strong[text()='Business Accounts']]
[INFO ][28-Jul-2023 10:55:09 am] Selenium_Wrapper.click:(199) - Clicking on :[[ChromeDriver: chrome on WINDOWS (8060eaa8b9b1431bca3d057a4467b9d8)] -> xpath: //a[text()='Add']]
[INFO ][28-Jul-2023 10:55:14 am] Selenium_Wrapper.click:(199) - Clicking on :[[ChromeDriver: chrome on WINDOWS (8060eaa8b9b1431bca3d057a4467b9d8)] -> xpath: //span[text()='Asset Management']]
[INFO ][28-Jul-2023 10:55:19 am] Selenium_Wrapper.click:(199) - Clicking on :[[ChromeDriver: chrome on WINDOWS (8060eaa8b9b1431bca3d057a4467b9d8)] -> xpath: //a[text()='Add']]
[INFO ][28-Jul-2023 10:55:25 am] Selenium_Wrapper.click:(199) - Clicking on :[[ChromeDriver: chrome on WINDOWS (8060eaa8b9b1431bca3d057a4467b9d8)] -> xpath: //input[@name='notifySubscribers']]
[INFO ][28-Jul-2023 10:55:40 am] Selenium_Wrapper.click:(199) - Clicking on :[[ChromeDriver: chrome on WINDOWS (8060eaa8b9b1431bca3d057a4467b9d8)] -> xpath: //a[text()='Save Document']]
[INFO ][28-Jul-2023 10:56:07 am] Selenium_Wrapper.click:(199) - Clicking on :[[ChromeDriver: chrome on WINDOWS (8060eaa8b9b1431bca3d057a4467b9d8)] -> xpath: //a[text()='Approve']]
[INFO ][28-Jul-2023 10:56:17 am] Selenium_Wrapper.click:(199) - Clicking on :[[ChromeDriver: chrome on WINDOWS (8060eaa8b9b1431bca3d057a4467b9d8)] -> xpath: //a[text()='Approve']]
[INFO ][28-Jul-2023 10:56:28 am] Selenium_Wrapper.click:(199) - Clicking on :[[ChromeDriver: chrome on WINDOWS (8060eaa8b9b1431bca3d057a4467b9d8)] -> xpath: //a[text()='Approve']]
[ERROR][28-Jul-2023 10:56:33 am] Selenium_Wrapper.highlightWebElement:(417) - org.openqa.selenium.NoSuchElementException: no such element: Unable to locate element: {"method":"xpath","selector":"//span[text()='Closed']"}
  (Session info: chrome=115.0.5790.110)
For documentation on this error, please visit: https://www.seleniumhq.org/exceptions/no_such_element.html
Build info: version: '3.141.59', revision: 'e82be7d358', time: '2018-11-14T08:17:03'
System info: host: 'CAF-QA-SWAMYK', ip: '192.168.0.6', os.name: 'Windows 10', os.arch: 'amd64', os.version: '10.0', java.version: '17.0.5'
Driver info: org.openqa.selenium.chrome.ChromeDriver
Capabilities {acceptInsecureCerts: false, browserName: chrome, browserVersion: 115.0.5790.110, chrome: {chromedriverVersion: 114.0.5735.90 (386bc09e8f4f..., userDataDir: C:\Users\swamyk\AppData\Loc...}, goog:chromeOptions: {debuggerAddress: localhost:57899}, javascriptEnabled: true, networkConnectionEnabled: false, pageLoadStrategy: normal, platform: WINDOWS, platformName: WINDOWS, proxy: Proxy(), setWindowRect: true, strictFileInteractability: false, timeouts: {implicit: 0, pageLoad: 300000, script: 30000}, unhandledPromptBehavior: dismiss and notify, webauthn:extension:credBlob: true, webauthn:extension:largeBlob: true, webauthn:extension:minPinLength: true, webauthn:extension:prf: true, webauthn:virtualAuthenticators: true}
Session ID: 8060eaa8b9b1431bca3d057a4467b9d8
*** Element info: {Using=xpath, value=//span[text()='Closed']}
[INFO ][28-Jul-2023 10:57:04 am] Selenium_Wrapper.click:(199) - Clicking on :[[ChromeDriver: chrome on WINDOWS (8060eaa8b9b1431bca3d057a4467b9d8)] -> xpath: (//a[text()='Done'])[1]]
[INFO ][28-Jul-2023 10:57:14 am] Selenium_Wrapper.click:(199) - Clicking on :[[ChromeDriver: chrome on WINDOWS (8060eaa8b9b1431bca3d057a4467b9d8)] -> xpath: //a[@class='closeButton']]
[INFO ][28-Jul-2023 10:57:27 am] Selenium_Wrapper.click:(199) - Clicking on :[[ChromeDriver: chrome on WINDOWS (8060eaa8b9b1431bca3d057a4467b9d8)] -> xpath: //body//oj-avatar[@initials='[[userMenuLabel]]']]
[INFO ][28-Jul-2023 10:57:34 am] Selenium_Wrapper.click:(199) - Clicking on :[[ChromeDriver: chrome on WINDOWS (8060eaa8b9b1431bca3d057a4467b9d8)] -> xpath: //a//span[text()='Sign Out']]
[INFO ][28-Jul-2023 10:57:40 am] Selenium_Wrapper.closeCurrentBrowser:(651) - Closing the current Browser
[INFO ][28-Jul-2023 10:57:40 am] Selenium_Wrapper.openBrowser:(48) - Opening chrome browser.
[INFO ][28-Jul-2023 10:57:42 am] Selenium_Wrapper.enterURL:(82) - Entering url :https://macu1--tst1.custhelp.com/app/home
[ERROR][28-Jul-2023 10:57:46 am] MACU_Wrapper.signIntoCP:(23) - Error in the signin process
