[INFO ][07-May-2024 10:54:06 AM] Selenium_Wrapper.openBrowser:(54) - Opening chrome browser.
[INFO ][07-May-2024 10:54:16 AM] Selenium_Wrapper.enterURL:(88) - Entering url :https://macu1--tst1.custhelp.com/app/home
[INFO ][07-May-2024 10:54:21 AM] Selenium_Wrapper.enterText:(317) - Entering Text :swamyk in WebElement :[[ChromeDriver: chrome on WINDOWS (96862f39e7c81b4fcfb3f3132ea6756b)] -> id: rn_LoginForm_2_Username]
[INFO ][07-May-2024 10:54:22 AM] Selenium_Wrapper.enterText:(317) - Entering Text :Soft@123 in WebElement :[[ChromeDriver: chrome on WINDOWS (96862f39e7c81b4fcfb3f3132ea6756b)] -> id: rn_LoginForm_2_Password]
[INFO ][07-May-2024 10:54:26 AM] Selenium_Wrapper.click:(205) - Clicking on :[[ChromeDriver: chrome on WINDOWS (96862f39e7c81b4fcfb3f3132ea6756b)] -> id: rn_LoginForm_2_Submit]
[INFO ][07-May-2024 10:54:33 AM] Selenium_Wrapper.click:(205) - Clicking on :[[ChromeDriver: chrome on WINDOWS (96862f39e7c81b4fcfb3f3132ea6756b)] -> xpath: //input[@type='search']]
[INFO ][07-May-2024 10:54:34 AM] Selenium_Wrapper.enterText:(317) - Entering Text :Business Use Auto Loan in WebElement :[[ChromeDriver: chrome on WINDOWS (96862f39e7c81b4fcfb3f3132ea6756b)] -> xpath: //input[@type='search']]
[INFO ][07-May-2024 10:54:46 AM] Selenium_Wrapper.click:(205) - Clicking on :[[ChromeDriver: chrome on WINDOWS (96862f39e7c81b4fcfb3f3132ea6756b)] -> xpath: (//div[@class='yui3-aclist-content']//li//li)[1]]
[INFO ][07-May-2024 10:54:50 AM] Selenium_Wrapper.click:(205) - Clicking on :[[ChromeDriver: chrome on WINDOWS (96862f39e7c81b4fcfb3f3132ea6756b)] -> xpath: (//div[@class='rn_SearchResultContent']//a)[1]]
[INFO ][07-May-2024 10:55:09 AM] Selenium_Wrapper.click:(205) - Clicking on :[[ChromeDriver: chrome on WINDOWS (96862f39e7c81b4fcfb3f3132ea6756b)] -> xpath: //div[@class='main_image_div']//div[@class='thumbs_up_down'][2]]
[INFO ][07-May-2024 10:55:18 AM] Selenium_Wrapper.click:(205) - Clicking on :[[ChromeDriver: chrome on WINDOWS (96862f39e7c81b4fcfb3f3132ea6756b)] -> xpath: //textarea[@class='rn_DocumentTextArea']]
[INFO ][07-May-2024 10:55:19 AM] Selenium_Wrapper.enterText:(317) - Entering Text :Flexible Work - ThumbDown Comments in WebElement :[[ChromeDriver: chrome on WINDOWS (96862f39e7c81b4fcfb3f3132ea6756b)] -> xpath: //textarea[@class='rn_DocumentTextArea']]
[INFO ][07-May-2024 10:55:21 AM] Selenium_Wrapper.click:(205) - Clicking on :[[ChromeDriver: chrome on WINDOWS (96862f39e7c81b4fcfb3f3132ea6756b)] -> xpath: //button[text()='SUBMIT']]
[INFO ][07-May-2024 10:55:24 AM] Selenium_Wrapper.click:(205) - Clicking on :[[ChromeDriver: chrome on WINDOWS (96862f39e7c81b4fcfb3f3132ea6756b)] -> xpath: //button[@class='yui3-button yui3-button-close']]
[INFO ][07-May-2024 10:55:28 AM] Selenium_Wrapper.click:(205) - Clicking on :[[ChromeDriver: chrome on WINDOWS (96862f39e7c81b4fcfb3f3132ea6756b)] -> xpath: //div[@class='dropdown']]
[INFO ][07-May-2024 10:55:34 AM] Selenium_Wrapper.click:(205) - Clicking on :[[ChromeDriver: chrome on WINDOWS (96862f39e7c81b4fcfb3f3132ea6756b)] -> xpath: //a[text()='My Feedback']]
[INFO ][07-May-2024 10:55:59 AM] Selenium_Wrapper.click:(205) - Clicking on :[[ChromeDriver: chrome on WINDOWS (96862f39e7c81b4fcfb3f3132ea6756b)] -> xpath: ((//table//tbody)[2]//a)[1]]
[INFO ][07-May-2024 10:56:26 AM] Selenium_Wrapper.click:(205) - Clicking on :[[ChromeDriver: chrome on WINDOWS (96862f39e7c81b4fcfb3f3132ea6756b)] -> class name: knowledge]
[INFO ][07-May-2024 10:56:28 AM] Selenium_Wrapper.closeCurrentBrowser:(657) - Closing the current Browser
[INFO ][07-May-2024 10:56:30 AM] Selenium_Wrapper.openBrowser:(54) - Opening chrome browser.
[INFO ][07-May-2024 10:56:39 AM] Selenium_Wrapper.enterURL:(88) - Entering url :https://macu1--tst1.custhelp.com/AgentWeb/
[INFO ][07-May-2024 10:56:44 AM] Selenium_Wrapper.enterText:(317) - Entering Text :automation_testing in WebElement :[[ChromeDriver: chrome on WINDOWS (5f547e635373cd9bcfc3ac079cf9edcb)] -> id: username]
[INFO ][07-May-2024 10:56:45 AM] Selenium_Wrapper.enterText:(317) - Entering Text :Welcome123 in WebElement :[[ChromeDriver: chrome on WINDOWS (5f547e635373cd9bcfc3ac079cf9edcb)] -> id: password]
[INFO ][07-May-2024 10:56:54 AM] Selenium_Wrapper.click:(205) - Clicking on :[[ChromeDriver: chrome on WINDOWS (5f547e635373cd9bcfc3ac079cf9edcb)] -> id: loginbutton]
[INFO ][07-May-2024 10:57:42 AM] Selenium_Wrapper.click:(205) - Clicking on :[[ChromeDriver: chrome on WINDOWS (5f547e635373cd9bcfc3ac079cf9edcb)] -> id: navigationSetBtn]
[INFO ][07-May-2024 10:57:46 AM] Selenium_Wrapper.click:(205) - Clicking on :[[ChromeDriver: chrome on WINDOWS (5f547e635373cd9bcfc3ac079cf9edcb)] -> xpath: //div[text()='Analytics']]
[INFO ][07-May-2024 10:57:48 AM] Selenium_Wrapper.click:(205) - Clicking on :[[ChromeDriver: chrome on WINDOWS (5f547e635373cd9bcfc3ac079cf9edcb)] -> xpath: //span[text()='Reports Explorer']]
[INFO ][07-May-2024 10:57:53 AM] Selenium_Wrapper.click:(205) - Clicking on :[[ChromeDriver: chrome on WINDOWS (5f547e635373cd9bcfc3ac079cf9edcb)] -> xpath: //div[text()='Public Reports']]
[INFO ][07-May-2024 10:57:56 AM] Selenium_Wrapper.click:(205) - Clicking on :[[ChromeDriver: chrome on WINDOWS (5f547e635373cd9bcfc3ac079cf9edcb)] -> xpath: //div[text()='MACU CUSTOM REPORTS']]
[INFO ][07-May-2024 10:57:58 AM] Selenium_Wrapper.click:(205) - Clicking on :[[ChromeDriver: chrome on WINDOWS (5f547e635373cd9bcfc3ac079cf9edcb)] -> xpath: //div[text()='SoftClouds']]
[INFO ][07-May-2024 10:58:00 AM] Selenium_Wrapper.click:(205) - Clicking on :[[ChromeDriver: chrome on WINDOWS (5f547e635373cd9bcfc3ac079cf9edcb)] -> xpath: //div[text()='OKCS']]
[INFO ][07-May-2024 10:58:02 AM] Selenium_Wrapper.click:(205) - Clicking on :[[ChromeDriver: chrome on WINDOWS (5f547e635373cd9bcfc3ac079cf9edcb)] -> xpath: //div[text()='Archived Reports']]
[INFO ][07-May-2024 10:58:15 AM] Selenium_Wrapper.doubleClick:(286) - Double clicking on :[[ChromeDriver: chrome on WINDOWS (5f547e635373cd9bcfc3ac079cf9edcb)] -> xpath: //div[@class='explorer-right-panel']//div[@class='explorer-data-grid']//span[text()='Feedback Admin Report (old)']]
[INFO ][07-May-2024 10:58:28 AM] Selenium_Wrapper.click:(205) - Clicking on :[[ChromeDriver: chrome on WINDOWS (5f547e635373cd9bcfc3ac079cf9edcb)] -> xpath: //div[@class='container wsx-flex']//div[@class='analyticsTopSection']//div[@class='select-box-root select-box-display-text-active']]
[INFO ][07-May-2024 10:58:30 AM] Selenium_Wrapper.click:(205) - Clicking on :[[ChromeDriver: chrome on WINDOWS (5f547e635373cd9bcfc3ac079cf9edcb)] -> xpath: (//span[text()='Search'])[2]]
[INFO ][07-May-2024 10:58:39 AM] Selenium_Wrapper.doubleClick:(286) - Double clicking on :[[ChromeDriver: chrome on WINDOWS (5f547e635373cd9bcfc3ac079cf9edcb)] -> xpath: //div[@class='container wsx-flex']//div[contains(@column-id,'2')][1]]
[INFO ][07-May-2024 10:58:51 AM] Selenium_Wrapper.click:(205) - Clicking on :[[ChromeDriver: chrome on WINDOWS (5f547e635373cd9bcfc3ac079cf9edcb)] -> xpath: //span[text()='Messages']]
[INFO ][07-May-2024 10:58:53 AM] Selenium_Wrapper.click:(205) - Clicking on :[[ChromeDriver: chrome on WINDOWS (5f547e635373cd9bcfc3ac079cf9edcb)] -> xpath: //div[contains(@class,'cke_wysiwyg_div ')]]
[INFO ][07-May-2024 10:58:54 AM] Selenium_Wrapper.enterText:(317) - Entering Text :It is working as per Expected in WebElement :[[ChromeDriver: chrome on WINDOWS (5f547e635373cd9bcfc3ac079cf9edcb)] -> xpath: //div[contains(@class,'cke_wysiwyg_div ')]]
[INFO ][07-May-2024 10:58:56 AM] Selenium_Wrapper.click:(205) - Clicking on :[[ChromeDriver: chrome on WINDOWS (5f547e635373cd9bcfc3ac079cf9edcb)] -> xpath: //div[@class='ws-toolbar-button-image bui-icon save-icon fa-lg']]
[INFO ][07-May-2024 10:58:58 AM] Selenium_Wrapper.click:(205) - Clicking on :[[ChromeDriver: chrome on WINDOWS (5f547e635373cd9bcfc3ac079cf9edcb)] -> xpath: //span[text()='Summary']]
[ERROR][07-May-2024 10:59:01 AM] Selenium_Wrapper.highlightWebElement:(423) - org.openqa.selenium.NoSuchElementException: no such element: Unable to locate element: {"method":"xpath","selector":"(//td[normalize-space()='UNRESOLVED'])[1]"}
  (Session info: chrome=124.0.6367.119)
For documentation on this error, please visit: https://www.seleniumhq.org/exceptions/no_such_element.html
Build info: version: '3.141.59', revision: 'e82be7d358', time: '2018-11-14T08:17:03'
System info: host: 'SC-CAF-CND84305', ip: '172.26.9.155', os.name: 'Windows 10', os.arch: 'amd64', os.version: '10.0', java.version: '21.0.2'
Driver info: org.openqa.selenium.chrome.ChromeDriver
Capabilities {acceptInsecureCerts: false, browserName: chrome, browserVersion: 124.0.6367.119, chrome: {chromedriverVersion: 123.0.6312.58 (6b4b19e9dfbb..., userDataDir: C:\Users\SWAMYK~1\AppData\L...}, fedcm:accounts: true, goog:chromeOptions: {debuggerAddress: localhost:56595}, javascriptEnabled: true, networkConnectionEnabled: false, pageLoadStrategy: normal, platform: WINDOWS, platformName: WINDOWS, proxy: Proxy(), setWindowRect: true, strictFileInteractability: false, timeouts: {implicit: 0, pageLoad: 300000, script: 30000}, unhandledPromptBehavior: dismiss and notify, webauthn:extension:credBlob: true, webauthn:extension:largeBlob: true, webauthn:extension:minPinLength: true, webauthn:extension:prf: true, webauthn:virtualAuthenticators: true}
Session ID: 5f547e635373cd9bcfc3ac079cf9edcb
*** Element info: {Using=xpath, value=(//td[normalize-space()='UNRESOLVED'])[1]}
[ERROR][07-May-2024 10:59:01 AM] AnswerVotingFeedbackReport.testSelectingandGivingAnswerstoReportFlow:(172) - Selecting and Giving Asnwers to Report  un-successfull
