[INFO ][24-Feb-2023 10:57:17 AM] Selenium_Wrapper.openBrowser:(48) - Opening chrome browser.
[INFO ][24-Feb-2023 10:57:22 AM] Selenium_Wrapper.enterURL:(82) - Entering url :https://macu1--upgrade.custhelp.com/
[INFO ][24-Feb-2023 10:57:27 AM] Selenium_Wrapper.enterText:(311) - Entering Text :automation_testing in WebElement :[[ChromeDriver: chrome on WINDOWS (53ad80329996f58e52c3d0256f8a88e4)] -> id: rn_LoginForm_2_Username]
[INFO ][24-Feb-2023 10:57:28 AM] Selenium_Wrapper.enterText:(311) - Entering Text :Soft@123 in WebElement :[[ChromeDriver: chrome on WINDOWS (53ad80329996f58e52c3d0256f8a88e4)] -> id: rn_LoginForm_2_Password]
[INFO ][24-Feb-2023 10:57:35 AM] Selenium_Wrapper.click:(199) - Clicking on :[[ChromeDriver: chrome on WINDOWS (53ad80329996f58e52c3d0256f8a88e4)] -> id: rn_LoginForm_2_Submit]
[INFO ][24-Feb-2023 10:57:44 AM] Selenium_Wrapper.click:(199) - Clicking on :[[ChromeDriver: chrome on WINDOWS (53ad80329996f58e52c3d0256f8a88e4)] -> xpath: //input[@type='search']]
[INFO ][24-Feb-2023 10:57:46 AM] Selenium_Wrapper.enterText:(311) - Entering Text :Business Auto Loan in WebElement :[[ChromeDriver: chrome on WINDOWS (53ad80329996f58e52c3d0256f8a88e4)] -> xpath: //input[@type='search']]
[INFO ][24-Feb-2023 10:58:01 AM] Selenium_Wrapper.click:(199) - Clicking on :[[ChromeDriver: chrome on WINDOWS (53ad80329996f58e52c3d0256f8a88e4)] -> xpath: //ul[@aria-label='Suggested Search']//li[normalize-space()= 'Business Auto Loan' ]]
[INFO ][24-Feb-2023 10:58:09 AM] Selenium_Wrapper.click:(199) - Clicking on :[[ChromeDriver: chrome on WINDOWS (53ad80329996f58e52c3d0256f8a88e4)] -> xpath: //div[@class='rn_SearchResultContent']//a[text()='Business Auto Loan']]
[INFO ][24-Feb-2023 10:58:32 AM] Selenium_Wrapper.click:(199) - Clicking on :[[ChromeDriver: chrome on WINDOWS (53ad80329996f58e52c3d0256f8a88e4)] -> xpath: //button[@class='rn_RecommendContentButton p-0']]
[INFO ][24-Feb-2023 10:58:33 AM] Selenium_Wrapper.enterText:(311) - Entering Text :Test Improve, comments, updates in WebElement :[[ChromeDriver: chrome on WINDOWS (53ad80329996f58e52c3d0256f8a88e4)] -> id: rn_RequestUpdate_26_Description]
[INFO ][24-Feb-2023 10:58:38 AM] Selenium_Wrapper.click:(199) - Clicking on :[[ChromeDriver: chrome on WINDOWS (53ad80329996f58e52c3d0256f8a88e4)] -> xpath: //button[text()='Submit']]
[INFO ][24-Feb-2023 10:58:51 AM] Selenium_Wrapper.click:(199) - Clicking on :[[ChromeDriver: chrome on WINDOWS (53ad80329996f58e52c3d0256f8a88e4)] -> xpath: //div[@id='rnDialog2']//button[@type='button']]
[INFO ][24-Feb-2023 10:59:09 AM] Selenium_Wrapper.click:(199) - Clicking on :[[ChromeDriver: chrome on WINDOWS (53ad80329996f58e52c3d0256f8a88e4)] -> class name: knowledge]
[INFO ][24-Feb-2023 10:59:17 AM] Selenium_Wrapper.click:(199) - Clicking on :[[ChromeDriver: chrome on WINDOWS (53ad80329996f58e52c3d0256f8a88e4)] -> xpath: //div[@class='dropdown']]
[INFO ][24-Feb-2023 10:59:26 AM] Selenium_Wrapper.click:(199) - Clicking on :[[ChromeDriver: chrome on WINDOWS (53ad80329996f58e52c3d0256f8a88e4)] -> xpath: //a[text()='My Feedback']]
[INFO ][24-Feb-2023 10:59:27 AM] Selenium_Wrapper.enterText:(311) - Entering Text :Business Auto Loan in WebElement :[[ChromeDriver: chrome on WINDOWS (53ad80329996f58e52c3d0256f8a88e4)] -> xpath: //input[@placeholder='Search Your Feedback Report']]
[INFO ][24-Feb-2023 10:59:41 AM] Selenium_Wrapper.click:(199) - Clicking on :[[ChromeDriver: chrome on WINDOWS (53ad80329996f58e52c3d0256f8a88e4)] -> xpath: //div[@class='rn_SearchInput1 mt-3']//span[@class='btn-srch-icon']//i[@class='fa fa-search']]
[INFO ][24-Feb-2023 11:00:09 AM] Selenium_Wrapper.click:(199) - Clicking on :[[ChromeDriver: chrome on WINDOWS (53ad80329996f58e52c3d0256f8a88e4)] -> xpath: //tr[@data-yui3-record='model_11']//td[@headers='Grid_6_c1']/a]
[INFO ][24-Feb-2023 11:00:42 AM] Selenium_Wrapper.click:(199) - Clicking on :[[ChromeDriver: chrome on WINDOWS (53ad80329996f58e52c3d0256f8a88e4)] -> class name: knowledge]
[INFO ][24-Feb-2023 11:00:45 AM] Selenium_Wrapper.closeCurrentBrowser:(651) - Closing the current Browser
[INFO ][24-Feb-2023 11:00:46 AM] Selenium_Wrapper.openBrowser:(48) - Opening chrome browser.
[INFO ][24-Feb-2023 11:00:55 AM] Selenium_Wrapper.enterURL:(82) - Entering url :https://macu1--upgrade.custhelp.com/AgentWeb/
[INFO ][24-Feb-2023 11:00:59 AM] Selenium_Wrapper.enterText:(311) - Entering Text :automation_testing in WebElement :[[ChromeDriver: chrome on WINDOWS (42ee8e2edd934b2e6c8747e2eb479a72)] -> id: username]
[INFO ][24-Feb-2023 11:01:00 AM] Selenium_Wrapper.enterText:(311) - Entering Text :Welcome123 in WebElement :[[ChromeDriver: chrome on WINDOWS (42ee8e2edd934b2e6c8747e2eb479a72)] -> id: password]
[INFO ][24-Feb-2023 11:01:29 AM] Selenium_Wrapper.click:(199) - Clicking on :[[ChromeDriver: chrome on WINDOWS (42ee8e2edd934b2e6c8747e2eb479a72)] -> id: loginbutton]
[INFO ][24-Feb-2023 11:01:52 AM] Selenium_Wrapper.click:(199) - Clicking on :[[ChromeDriver: chrome on WINDOWS (42ee8e2edd934b2e6c8747e2eb479a72)] -> id: navigationSetBtn]
[INFO ][24-Feb-2023 11:01:58 AM] Selenium_Wrapper.click:(199) - Clicking on :[[ChromeDriver: chrome on WINDOWS (42ee8e2edd934b2e6c8747e2eb479a72)] -> xpath: (//div[text()='Analytics']//a)]
[INFO ][24-Feb-2023 11:02:03 AM] Selenium_Wrapper.click:(199) - Clicking on :[[ChromeDriver: chrome on WINDOWS (42ee8e2edd934b2e6c8747e2eb479a72)] -> xpath: //span[text()='Reports Explorer']]
[INFO ][24-Feb-2023 11:02:09 AM] Selenium_Wrapper.click:(199) - Clicking on :[[ChromeDriver: chrome on WINDOWS (42ee8e2edd934b2e6c8747e2eb479a72)] -> xpath: //div[text()='Public Reports']]
[INFO ][24-Feb-2023 11:02:15 AM] Selenium_Wrapper.click:(199) - Clicking on :[[ChromeDriver: chrome on WINDOWS (42ee8e2edd934b2e6c8747e2eb479a72)] -> xpath: //div[text()='MACU CUSTOM REPORTS']]
[INFO ][24-Feb-2023 11:02:20 AM] Selenium_Wrapper.click:(199) - Clicking on :[[ChromeDriver: chrome on WINDOWS (42ee8e2edd934b2e6c8747e2eb479a72)] -> xpath: //div[text()='SoftClouds']]
[INFO ][24-Feb-2023 11:02:25 AM] Selenium_Wrapper.click:(199) - Clicking on :[[ChromeDriver: chrome on WINDOWS (42ee8e2edd934b2e6c8747e2eb479a72)] -> xpath: //div[text()='OKCS']]
[INFO ][24-Feb-2023 11:02:42 AM] Selenium_Wrapper.click:(199) - Clicking on :[[ChromeDriver: chrome on WINDOWS (42ee8e2edd934b2e6c8747e2eb479a72)] -> xpath: (//div[@class='select-box-arrow select-box-arrow-cursor'])[3]]
[INFO ][24-Feb-2023 11:02:47 AM] Selenium_Wrapper.click:(199) - Clicking on :[[ChromeDriver: chrome on WINDOWS (42ee8e2edd934b2e6c8747e2eb479a72)] -> xpath: //div[@title='Unresolved']]
[ERROR][24-Feb-2023 11:02:55 AM] FeedbackAdmin.testSelectingandGivingAsnwerstoReportFlow:(232) - Selecting and Giving Asnwers to Report- un-successfull
