[INFO ][05-Jan-2024 10:55:35 AM] Selenium_Wrapper.openBrowser:(48) - Opening chrome browser.
[INFO ][05-Jan-2024 10:55:38 AM] Selenium_Wrapper.enterURL:(82) - Entering url :https://macu1--tst1.custhelp.com/AgentWeb/
[INFO ][05-Jan-2024 10:55:42 AM] Selenium_Wrapper.enterText:(311) - Entering Text :automation_testing in WebElement :[[ChromeDriver: chrome on WINDOWS (ebac90b3302c4f1a2a717856b430468a)] -> id: username]
[INFO ][05-Jan-2024 10:55:43 AM] Selenium_Wrapper.enterText:(311) - Entering Text :Welcome123 in WebElement :[[ChromeDriver: chrome on WINDOWS (ebac90b3302c4f1a2a717856b430468a)] -> id: password]
[INFO ][05-Jan-2024 10:56:11 AM] Selenium_Wrapper.click:(199) - Clicking on :[[ChromeDriver: chrome on WINDOWS (ebac90b3302c4f1a2a717856b430468a)] -> id: loginbutton]
[INFO ][05-Jan-2024 10:56:21 AM] Selenium_Wrapper.click:(199) - Clicking on :[[ChromeDriver: chrome on WINDOWS (ebac90b3302c4f1a2a717856b430468a)] -> id: navigationSetBtn]
[INFO ][05-Jan-2024 10:56:29 AM] Selenium_Wrapper.click:(199) - Clicking on :[[ChromeDriver: chrome on WINDOWS (ebac90b3302c4f1a2a717856b430468a)] -> xpath: (//div[text()='Configuration']//a)]
[INFO ][05-Jan-2024 10:56:34 AM] Selenium_Wrapper.click:(199) - Clicking on :[[ChromeDriver: chrome on WINDOWS (ebac90b3302c4f1a2a717856b430468a)] -> xpath: (//div[text()='Service']//a)]
[INFO ][05-Jan-2024 10:56:40 AM] Selenium_Wrapper.click:(199) - Clicking on :[[ChromeDriver: chrome on WINDOWS (ebac90b3302c4f1a2a717856b430468a)] -> xpath: (//div[text()='Knowledge Advanced']//a)]
[INFO ][05-Jan-2024 10:56:45 AM] Selenium_Wrapper.click:(199) - Clicking on :[[ChromeDriver: chrome on WINDOWS (ebac90b3302c4f1a2a717856b430468a)] -> xpath: //span[text()='Authoring']]
[INFO ][05-Jan-2024 10:56:59 AM] Selenium_Wrapper.click:(199) - Clicking on :[[ChromeDriver: chrome on WINDOWS (ebac90b3302c4f1a2a717856b430468a)] -> xpath: //div[@id='rntab']//ul//li[@testidentifier='MainNavBar_Content']//a]
[INFO ][05-Jan-2024 10:57:08 AM] Selenium_Wrapper.click:(199) - Clicking on :[[ChromeDriver: chrome on WINDOWS (ebac90b3302c4f1a2a717856b430468a)] -> xpath: //div[text()='Process']//following-sibling::a[@testidentifier='ContentNavBar_List_Process']]
[INFO ][05-Jan-2024 10:57:15 AM] Selenium_Wrapper.click:(199) - Clicking on :[[ChromeDriver: chrome on WINDOWS (ebac90b3302c4f1a2a717856b430468a)] -> xpath: //select[@testidentifier='ContentSearchResults_DocumentClassPulldown']]
[INFO ][05-Jan-2024 10:57:22 AM] Selenium_Wrapper.click:(199) - Clicking on :[[ChromeDriver: chrome on WINDOWS (ebac90b3302c4f1a2a717856b430468a)] -> xpath: //select[@testidentifier='ContentSearchResults_DocumentClassPulldown']//option[text()='All Documents']]
[INFO ][05-Jan-2024 10:57:30 AM] Selenium_Wrapper.click:(199) - Clicking on :[[ChromeDriver: chrome on WINDOWS (ebac90b3302c4f1a2a717856b430468a)] -> xpath: (//a[text()='TestingArticle'])[1]]
[INFO ][05-Jan-2024 10:57:41 AM] Selenium_Wrapper.click:(199) - Clicking on :[[ChromeDriver: chrome on WINDOWS (ebac90b3302c4f1a2a717856b430468a)] -> xpath: //a[text()='Edit Document']]
[INFO ][05-Jan-2024 10:57:51 AM] Selenium_Wrapper.enterText:(311) - Entering Text :TestingArticle - Edited in WebElement :[[ChromeDriver: chrome on WINDOWS (ebac90b3302c4f1a2a717856b430468a)] -> xpath: //input[@testidentifier='Content_ContentType_Add_SUMMARY']]
[INFO ][05-Jan-2024 10:57:56 AM] Selenium_Wrapper.enterText:(311) - Entering Text :Some Important Updates in WebElement :[[ChromeDriver: chrome on WINDOWS (ebac90b3302c4f1a2a717856b430468a)] -> xpath: //textarea[@class='editfields']]
[INFO ][05-Jan-2024 10:58:02 AM] Selenium_Wrapper.click:(199) - Clicking on :[[ChromeDriver: chrome on WINDOWS (ebac90b3302c4f1a2a717856b430468a)] -> xpath: //a[text()='Save and Continue Editing']]
[INFO ][05-Jan-2024 10:58:08 AM] Selenium_Wrapper.enterText:(311) - Entering Text :Criticals - Edited in WebElement :[[ChromeDriver: chrome on WINDOWS (ebac90b3302c4f1a2a717856b430468a)] -> xpath: //input[@testidentifier='Content_ContentType_Add_KEYWORD']]
[INFO ][05-Jan-2024 10:58:13 AM] Selenium_Wrapper.enterText:(311) - Entering Text :Some Important Updates in WebElement :[[ChromeDriver: chrome on WINDOWS (ebac90b3302c4f1a2a717856b430468a)] -> xpath: //textarea[@class='editfields']]
[INFO ][05-Jan-2024 10:58:19 AM] Selenium_Wrapper.click:(199) - Clicking on :[[ChromeDriver: chrome on WINDOWS (ebac90b3302c4f1a2a717856b430468a)] -> xpath: //a[text()='Save Document']]
[INFO ][05-Jan-2024 10:58:29 AM] Selenium_Wrapper.click:(199) - Clicking on :[[ChromeDriver: chrome on WINDOWS (ebac90b3302c4f1a2a717856b430468a)] -> xpath: //a[text()='Bypass Workflow/Publish']]
[INFO ][05-Jan-2024 10:58:39 AM] Selenium_Wrapper.click:(199) - Clicking on :[[ChromeDriver: chrome on WINDOWS (ebac90b3302c4f1a2a717856b430468a)] -> xpath: (//a[text()='Done'])[1]]
[INFO ][05-Jan-2024 10:58:49 AM] Selenium_Wrapper.click:(199) - Clicking on :[[ChromeDriver: chrome on WINDOWS (ebac90b3302c4f1a2a717856b430468a)] -> xpath: //a[@class='closeButton']]
[INFO ][05-Jan-2024 10:58:58 AM] Selenium_Wrapper.click:(199) - Clicking on :[[ChromeDriver: chrome on WINDOWS (ebac90b3302c4f1a2a717856b430468a)] -> xpath: //body//oj-avatar[@initials='[[userMenuLabel]]']]
[INFO ][05-Jan-2024 10:59:05 AM] Selenium_Wrapper.click:(199) - Clicking on :[[ChromeDriver: chrome on WINDOWS (ebac90b3302c4f1a2a717856b430468a)] -> xpath: //a//span[text()='Sign Out']]
[INFO ][05-Jan-2024 10:59:10 AM] Selenium_Wrapper.closeCurrentBrowser:(651) - Closing the current Browser
[INFO ][05-Jan-2024 10:59:11 AM] Selenium_Wrapper.openBrowser:(48) - Opening chrome browser.
[INFO ][05-Jan-2024 10:59:17 AM] Selenium_Wrapper.enterURL:(82) - Entering url :https://macu1--tst1.custhelp.com/app/home
[INFO ][05-Jan-2024 10:59:22 AM] Selenium_Wrapper.enterText:(311) - Entering Text :swamyk in WebElement :[[ChromeDriver: chrome on WINDOWS (b67eeb9e5fe273e9b5292506628ee3fb)] -> id: rn_LoginForm_2_Username]
[INFO ][05-Jan-2024 10:59:23 AM] Selenium_Wrapper.enterText:(311) - Entering Text :Soft@123 in WebElement :[[ChromeDriver: chrome on WINDOWS (b67eeb9e5fe273e9b5292506628ee3fb)] -> id: rn_LoginForm_2_Password]
[INFO ][05-Jan-2024 10:59:30 AM] Selenium_Wrapper.click:(199) - Clicking on :[[ChromeDriver: chrome on WINDOWS (b67eeb9e5fe273e9b5292506628ee3fb)] -> id: rn_LoginForm_2_Submit]
[INFO ][05-Jan-2024 10:59:57 AM] Selenium_Wrapper.closeCurrentBrowser:(651) - Closing the current Browser
