[INFO ][04-Apr-2024 10:55:23 AM] Selenium_Wrapper.openBrowser:(54) - Opening chrome browser.
[INFO ][04-Apr-2024 10:55:29 AM] Selenium_Wrapper.enterURL:(88) - Entering url :https://macu1--tst1.custhelp.com/app/home
[INFO ][04-Apr-2024 10:55:34 AM] Selenium_Wrapper.enterText:(317) - Entering Text :swamyk in WebElement :[[ChromeDriver: chrome on WINDOWS (303798a9284c3f3ed6b883971d12bc62)] -> id: rn_LoginForm_2_Username]
[INFO ][04-Apr-2024 10:55:35 AM] Selenium_Wrapper.enterText:(317) - Entering Text :Soft@123 in WebElement :[[ChromeDriver: chrome on WINDOWS (303798a9284c3f3ed6b883971d12bc62)] -> id: rn_LoginForm_2_Password]
[INFO ][04-Apr-2024 10:55:39 AM] Selenium_Wrapper.click:(205) - Clicking on :[[ChromeDriver: chrome on WINDOWS (303798a9284c3f3ed6b883971d12bc62)] -> id: rn_LoginForm_2_Submit]
[INFO ][04-Apr-2024 10:55:56 AM] Selenium_Wrapper.click:(205) - Clicking on :[[ChromeDriver: chrome on WINDOWS (303798a9284c3f3ed6b883971d12bc62)] -> xpath: //a[text()='browse all PAGES']]
[INFO ][04-Apr-2024 10:56:08 AM] Selenium_Wrapper.click:(205) - Clicking on :[[ChromeDriver: chrome on WINDOWS (303798a9284c3f3ed6b883971d12bc62)] -> xpath: (//div[@id='category']//following-sibling::ul//a)[1]]
[INFO ][04-Apr-2024 10:56:27 AM] Selenium_Wrapper.click:(205) - Clicking on :[[ChromeDriver: chrome on WINDOWS (303798a9284c3f3ed6b883971d12bc62)] -> xpath: //a[text()='Business Accounts']]
[INFO ][04-Apr-2024 10:56:32 AM] Selenium_Wrapper.click:(205) - Clicking on :[[ChromeDriver: chrome on WINDOWS (303798a9284c3f3ed6b883971d12bc62)] -> xpath: (//div[@id='category']//following-sibling::ul//a)[1]]
[INFO ][04-Apr-2024 10:56:45 AM] Selenium_Wrapper.click:(205) - Clicking on :[[ChromeDriver: chrome on WINDOWS (303798a9284c3f3ed6b883971d12bc62)] -> xpath: //a[text()='Employee Experience']]
[ERROR][04-Apr-2024 10:56:55 AM] Selenium_Wrapper.waitTillVisible:(270) - org.openqa.selenium.StaleElementReferenceException: stale element reference: stale element not found in the current frame
  (Session info: chrome=123.0.6312.88)
For documentation on this error, please visit: https://www.seleniumhq.org/exceptions/stale_element_reference.html
Build info: version: '3.141.59', revision: 'e82be7d358', time: '2018-11-14T08:17:03'
System info: host: 'SC-CAF-IN-CND84', ip: '192.168.0.5', os.name: 'Windows 10', os.arch: 'amd64', os.version: '10.0', java.version: '21.0.2'
Driver info: org.openqa.selenium.chrome.ChromeDriver
Capabilities {acceptInsecureCerts: false, browserName: chrome, browserVersion: 123.0.6312.88, chrome: {chromedriverVersion: 123.0.6312.58 (6b4b19e9dfbb..., userDataDir: C:\Users\SWAMYK~1\AppData\L...}, fedcm:accounts: true, goog:chromeOptions: {debuggerAddress: localhost:50471}, javascriptEnabled: true, networkConnectionEnabled: false, pageLoadStrategy: normal, platform: WINDOWS, platformName: WINDOWS, proxy: Proxy(), setWindowRect: true, strictFileInteractability: false, timeouts: {implicit: 0, pageLoad: 300000, script: 30000}, unhandledPromptBehavior: dismiss and notify, webauthn:extension:credBlob: true, webauthn:extension:largeBlob: true, webauthn:extension:minPinLength: true, webauthn:extension:prf: true, webauthn:virtualAuthenticators: true}
Session ID: 303798a9284c3f3ed6b883971d12bc62
[ERROR][04-Apr-2024 10:56:56 AM] BrowseAllPages.testFilterByProductAndFilterByCategory:(212) - Filter By Product And Filter By Category testing Test is un-successfull
[INFO ][04-Apr-2024 10:57:13 AM] Selenium_Wrapper.click:(205) - Clicking on :[[ChromeDriver: chrome on WINDOWS (303798a9284c3f3ed6b883971d12bc62)] -> xpath: //a[text()='VIEW A-Z INDEX']]
