[INFO ][04-Apr-2024 11:03:51 AM] Selenium_Wrapper.openBrowser:(54) - Opening chrome browser.
[INFO ][04-Apr-2024 11:03:56 AM] Selenium_Wrapper.enterURL:(88) - Entering url :https://macu1--tst1.custhelp.com/app/home
[INFO ][04-Apr-2024 11:04:00 AM] Selenium_Wrapper.enterText:(317) - Entering Text :swamyk in WebElement :[[ChromeDriver: chrome on WINDOWS (ece88eeb6133087b0a1a2d5163db3d26)] -> id: rn_LoginForm_2_Username]
[INFO ][04-Apr-2024 11:04:02 AM] Selenium_Wrapper.enterText:(317) - Entering Text :Soft@123 in WebElement :[[ChromeDriver: chrome on WINDOWS (ece88eeb6133087b0a1a2d5163db3d26)] -> id: rn_LoginForm_2_Password]
[INFO ][04-Apr-2024 11:04:06 AM] Selenium_Wrapper.click:(205) - Clicking on :[[ChromeDriver: chrome on WINDOWS (ece88eeb6133087b0a1a2d5163db3d26)] -> id: rn_LoginForm_2_Submit]
[INFO ][04-Apr-2024 11:04:22 AM] Selenium_Wrapper.click:(205) - Clicking on :[[ChromeDriver: chrome on WINDOWS (ece88eeb6133087b0a1a2d5163db3d26)] -> xpath: //a[text()='browse all PAGES']]
[INFO ][04-Apr-2024 11:04:47 AM] Selenium_Wrapper.click:(205) - Clicking on :[[ChromeDriver: chrome on WINDOWS (ece88eeb6133087b0a1a2d5163db3d26)] -> xpath: //a[text()='Business Accounts']]
[INFO ][04-Apr-2024 11:05:00 AM] Selenium_Wrapper.click:(205) - Clicking on :[[ChromeDriver: chrome on WINDOWS (ece88eeb6133087b0a1a2d5163db3d26)] -> xpath: //a[text()='Employee Experience']]
[INFO ][04-Apr-2024 11:05:13 AM] Selenium_Wrapper.click:(205) - Clicking on :[[ChromeDriver: chrome on WINDOWS (ece88eeb6133087b0a1a2d5163db3d26)] -> xpath: //a[text()='Personal Accounts']]
[INFO ][04-Apr-2024 11:05:26 AM] Selenium_Wrapper.click:(205) - Clicking on :[[ChromeDriver: chrome on WINDOWS (ece88eeb6133087b0a1a2d5163db3d26)] -> xpath: //a[text()='Services']]
[INFO ][04-Apr-2024 11:05:39 AM] Selenium_Wrapper.click:(205) - Clicking on :[[ChromeDriver: chrome on WINDOWS (ece88eeb6133087b0a1a2d5163db3d26)] -> xpath: //a[text()='Technology']]
[INFO ][04-Apr-2024 11:06:00 AM] Selenium_Wrapper.click:(205) - Clicking on :[[ChromeDriver: chrome on WINDOWS (ece88eeb6133087b0a1a2d5163db3d26)] -> xpath: //a[text()='VIEW A-Z INDEX']]
[INFO ][04-Apr-2024 11:06:22 AM] Selenium_Wrapper.click:(205) - Clicking on :[[ChromeDriver: chrome on WINDOWS (ece88eeb6133087b0a1a2d5163db3d26)] -> xpath: //div[@id='rn_A_ZIndex_2']//ul[@class='indexing_list']//li//a[text()='D']]
[INFO ][04-Apr-2024 11:06:37 AM] Selenium_Wrapper.click:(205) - Clicking on :[[ChromeDriver: chrome on WINDOWS (ece88eeb6133087b0a1a2d5163db3d26)] -> xpath: //div[@id='rn_A_ZIndex_2']//ul[@class='indexing_list']//li//a[text()='J']]
[INFO ][04-Apr-2024 11:06:51 AM] Selenium_Wrapper.click:(205) - Clicking on :[[ChromeDriver: chrome on WINDOWS (ece88eeb6133087b0a1a2d5163db3d26)] -> xpath: //div[@id='rn_A_ZIndex_2']//ul[@class='indexing_list']//li//a[text()='P']]
[INFO ][04-Apr-2024 11:07:05 AM] Selenium_Wrapper.click:(205) - Clicking on :[[ChromeDriver: chrome on WINDOWS (ece88eeb6133087b0a1a2d5163db3d26)] -> xpath: //div[@id='rn_A_ZIndex_2']//ul[@class='indexing_list']//li//a[text()='V']]
[INFO ][04-Apr-2024 11:07:19 AM] Selenium_Wrapper.click:(205) - Clicking on :[[ChromeDriver: chrome on WINDOWS (ece88eeb6133087b0a1a2d5163db3d26)] -> xpath: //div[@id='rn_A_ZIndex_2']//ul[@class='indexing_list']//li//a[text()='0-9']]
[INFO ][04-Apr-2024 11:07:42 AM] Selenium_Wrapper.click:(205) - Clicking on :[[ChromeDriver: chrome on WINDOWS (ece88eeb6133087b0a1a2d5163db3d26)] -> xpath: (//div[@class='rn_A_ZIndex']//div[@class='index-content']//a)[1]]
[INFO ][04-Apr-2024 11:08:08 AM] Selenium_Wrapper.enterText:(317) - Entering Text :100% First Time Home Buyer Loan in WebElement :[[ChromeDriver: chrome on WINDOWS (ece88eeb6133087b0a1a2d5163db3d26)] -> xpath: //input[@type='search']]
[INFO ][04-Apr-2024 11:08:48 AM] Selenium_Wrapper.click:(205) - Clicking on :[[ChromeDriver: chrome on WINDOWS (ece88eeb6133087b0a1a2d5163db3d26)] -> xpath: //div[@id='rn_PageTitle']//a[text()='BROWSE ALL PAGES']]
[INFO ][04-Apr-2024 11:08:57 AM] Selenium_Wrapper.closeCurrentBrowser:(657) - Closing the current Browser
