[INFO ][05-Jan-2024 11:04:16 AM] Selenium_Wrapper.openBrowser:(48) - Opening chrome browser.
[INFO ][05-Jan-2024 11:04:22 AM] Selenium_Wrapper.enterURL:(82) - Entering url :https://macu1--tst1.custhelp.com/app/home
[INFO ][05-Jan-2024 11:04:27 AM] Selenium_Wrapper.enterText:(311) - Entering Text :swamyk in WebElement :[[ChromeDriver: chrome on WINDOWS (e184423cc6fd865bcd8d5dbe43e96dc5)] -> id: rn_LoginForm_2_Username]
[INFO ][05-Jan-2024 11:04:28 AM] Selenium_Wrapper.enterText:(311) - Entering Text :Soft@123 in WebElement :[[ChromeDriver: chrome on WINDOWS (e184423cc6fd865bcd8d5dbe43e96dc5)] -> id: rn_LoginForm_2_Password]
[INFO ][05-Jan-2024 11:04:35 AM] Selenium_Wrapper.click:(199) - Clicking on :[[ChromeDriver: chrome on WINDOWS (e184423cc6fd865bcd8d5dbe43e96dc5)] -> id: rn_LoginForm_2_Submit]
[INFO ][05-Jan-2024 11:04:47 AM] Selenium_Wrapper.click:(199) - Clicking on :[[ChromeDriver: chrome on WINDOWS (e184423cc6fd865bcd8d5dbe43e96dc5)] -> xpath: //input[@type='search']]
[INFO ][05-Jan-2024 11:04:49 AM] Selenium_Wrapper.enterText:(311) - Entering Text :Business Auto Loan - ALPS 1.0 in WebElement :[[ChromeDriver: chrome on WINDOWS (e184423cc6fd865bcd8d5dbe43e96dc5)] -> xpath: //input[@type='search']]
[INFO ][05-Jan-2024 11:05:04 AM] Selenium_Wrapper.click:(199) - Clicking on :[[ChromeDriver: chrome on WINDOWS (e184423cc6fd865bcd8d5dbe43e96dc5)] -> xpath: (//div[@class='yui3-aclist-content']//li//li)[1]]
[INFO ][05-Jan-2024 11:05:11 AM] Selenium_Wrapper.click:(199) - Clicking on :[[ChromeDriver: chrome on WINDOWS (e184423cc6fd865bcd8d5dbe43e96dc5)] -> xpath: (//div[@class='rn_SearchResultContent']//a)[1]]
[INFO ][05-Jan-2024 11:05:34 AM] Selenium_Wrapper.click:(199) - Clicking on :[[ChromeDriver: chrome on WINDOWS (e184423cc6fd865bcd8d5dbe43e96dc5)] -> xpath: //button[@class='rn_RecommendContentButton p-0']]
[INFO ][05-Jan-2024 11:05:35 AM] Selenium_Wrapper.enterText:(311) - Entering Text :Test Improve, comments, updates in WebElement :[[ChromeDriver: chrome on WINDOWS (e184423cc6fd865bcd8d5dbe43e96dc5)] -> id: rn_RequestUpdate_25_Description]
[INFO ][05-Jan-2024 11:05:40 AM] Selenium_Wrapper.click:(199) - Clicking on :[[ChromeDriver: chrome on WINDOWS (e184423cc6fd865bcd8d5dbe43e96dc5)] -> xpath: //button[text()='Submit']]
[INFO ][05-Jan-2024 11:05:53 AM] Selenium_Wrapper.click:(199) - Clicking on :[[ChromeDriver: chrome on WINDOWS (e184423cc6fd865bcd8d5dbe43e96dc5)] -> xpath: //div[@id='rnDialog2']//button[@type='button']]
[INFO ][05-Jan-2024 11:06:06 AM] Selenium_Wrapper.click:(199) - Clicking on :[[ChromeDriver: chrome on WINDOWS (e184423cc6fd865bcd8d5dbe43e96dc5)] -> class name: knowledge]
[INFO ][05-Jan-2024 11:06:13 AM] Selenium_Wrapper.click:(199) - Clicking on :[[ChromeDriver: chrome on WINDOWS (e184423cc6fd865bcd8d5dbe43e96dc5)] -> xpath: //div[@class='dropdown']]
[INFO ][05-Jan-2024 11:06:21 AM] Selenium_Wrapper.click:(199) - Clicking on :[[ChromeDriver: chrome on WINDOWS (e184423cc6fd865bcd8d5dbe43e96dc5)] -> xpath: //a[text()='My Feedback']]
[INFO ][05-Jan-2024 11:06:22 AM] Selenium_Wrapper.enterText:(311) - Entering Text :Business Auto Loan - ALPS 1.0 in WebElement :[[ChromeDriver: chrome on WINDOWS (e184423cc6fd865bcd8d5dbe43e96dc5)] -> xpath: //input[@placeholder='Search Your Feedback Report']]
[INFO ][05-Jan-2024 11:06:36 AM] Selenium_Wrapper.click:(199) - Clicking on :[[ChromeDriver: chrome on WINDOWS (e184423cc6fd865bcd8d5dbe43e96dc5)] -> xpath: //div[@class='rn_SearchInput1 mt-3']//span[@class='btn-srch-icon']//i[@class='fa fa-search']]
[INFO ][05-Jan-2024 11:07:06 AM] Selenium_Wrapper.click:(199) - Clicking on :[[ChromeDriver: chrome on WINDOWS (e184423cc6fd865bcd8d5dbe43e96dc5)] -> xpath: (//tbody[@class='yui3-datatable-data']//a)[1]]
[INFO ][05-Jan-2024 11:07:43 AM] Selenium_Wrapper.click:(199) - Clicking on :[[ChromeDriver: chrome on WINDOWS (e184423cc6fd865bcd8d5dbe43e96dc5)] -> class name: knowledge]
[INFO ][05-Jan-2024 11:07:49 AM] Selenium_Wrapper.closeCurrentBrowser:(651) - Closing the current Browser
[INFO ][05-Jan-2024 11:07:50 AM] Selenium_Wrapper.openBrowser:(48) - Opening chrome browser.
[INFO ][05-Jan-2024 11:07:58 AM] Selenium_Wrapper.enterURL:(82) - Entering url :https://macu1--tst1.custhelp.com/AgentWeb/
[INFO ][05-Jan-2024 11:08:02 AM] Selenium_Wrapper.enterText:(311) - Entering Text :automation_testing in WebElement :[[ChromeDriver: chrome on WINDOWS (5d7589e25a7698e2eb53654e92776d3a)] -> id: username]
[INFO ][05-Jan-2024 11:08:03 AM] Selenium_Wrapper.enterText:(311) - Entering Text :Welcome123 in WebElement :[[ChromeDriver: chrome on WINDOWS (5d7589e25a7698e2eb53654e92776d3a)] -> id: password]
[INFO ][05-Jan-2024 11:08:24 AM] Selenium_Wrapper.click:(199) - Clicking on :[[ChromeDriver: chrome on WINDOWS (5d7589e25a7698e2eb53654e92776d3a)] -> id: loginbutton]
[INFO ][05-Jan-2024 11:09:04 AM] Selenium_Wrapper.click:(199) - Clicking on :[[ChromeDriver: chrome on WINDOWS (5d7589e25a7698e2eb53654e92776d3a)] -> id: navigationSetBtn]
[INFO ][05-Jan-2024 11:09:09 AM] Selenium_Wrapper.click:(199) - Clicking on :[[ChromeDriver: chrome on WINDOWS (5d7589e25a7698e2eb53654e92776d3a)] -> xpath: (//div[text()='Analytics']//a)]
[INFO ][05-Jan-2024 11:09:14 AM] Selenium_Wrapper.click:(199) - Clicking on :[[ChromeDriver: chrome on WINDOWS (5d7589e25a7698e2eb53654e92776d3a)] -> xpath: //span[text()='Reports Explorer']]
[INFO ][05-Jan-2024 11:09:19 AM] Selenium_Wrapper.click:(199) - Clicking on :[[ChromeDriver: chrome on WINDOWS (5d7589e25a7698e2eb53654e92776d3a)] -> xpath: //div[text()='Public Reports']]
[INFO ][05-Jan-2024 11:09:25 AM] Selenium_Wrapper.click:(199) - Clicking on :[[ChromeDriver: chrome on WINDOWS (5d7589e25a7698e2eb53654e92776d3a)] -> xpath: //div[text()='MACU CUSTOM REPORTS']]
[INFO ][05-Jan-2024 11:09:30 AM] Selenium_Wrapper.click:(199) - Clicking on :[[ChromeDriver: chrome on WINDOWS (5d7589e25a7698e2eb53654e92776d3a)] -> xpath: //div[text()='SoftClouds']]
[INFO ][05-Jan-2024 11:09:35 AM] Selenium_Wrapper.click:(199) - Clicking on :[[ChromeDriver: chrome on WINDOWS (5d7589e25a7698e2eb53654e92776d3a)] -> xpath: //div[text()='OKCS']]
[INFO ][05-Jan-2024 11:09:47 AM] Selenium_Wrapper.doubleClick:(280) - Double clicking on :[[ChromeDriver: chrome on WINDOWS (5d7589e25a7698e2eb53654e92776d3a)] -> xpath: //div[@class='explorer-right-panel']//div[@class='explorer-data-grid']//span[text()='Feedback Admin Report']]
[INFO ][05-Jan-2024 11:10:03 AM] Selenium_Wrapper.click:(199) - Clicking on :[[ChromeDriver: chrome on WINDOWS (5d7589e25a7698e2eb53654e92776d3a)] -> xpath: //div[@class='container wsx-flex']//div[@class='analyticsTopSection']//div[@class='select-box-root select-box-display-text-active']]
[INFO ][05-Jan-2024 11:10:08 AM] Selenium_Wrapper.click:(199) - Clicking on :[[ChromeDriver: chrome on WINDOWS (5d7589e25a7698e2eb53654e92776d3a)] -> xpath: (//span[text()='Search'])[2]]
[INFO ][05-Jan-2024 11:10:17 AM] Selenium_Wrapper.doubleClick:(280) - Double clicking on :[[ChromeDriver: chrome on WINDOWS (5d7589e25a7698e2eb53654e92776d3a)] -> xpath: //div[@class='container wsx-flex']//div[contains(@column-id,'2')][1]]
[INFO ][05-Jan-2024 11:10:31 AM] Selenium_Wrapper.click:(199) - Clicking on :[[ChromeDriver: chrome on WINDOWS (5d7589e25a7698e2eb53654e92776d3a)] -> xpath: //span[text()='Messages']]
[INFO ][05-Jan-2024 11:10:36 AM] Selenium_Wrapper.click:(199) - Clicking on :[[ChromeDriver: chrome on WINDOWS (5d7589e25a7698e2eb53654e92776d3a)] -> xpath: //div[contains(@class,'cke_wysiwyg_div ')]]
[INFO ][05-Jan-2024 11:10:37 AM] Selenium_Wrapper.enterText:(311) - Entering Text :It is working as per Expected in WebElement :[[ChromeDriver: chrome on WINDOWS (5d7589e25a7698e2eb53654e92776d3a)] -> xpath: //div[contains(@class,'cke_wysiwyg_div ')]]
[INFO ][05-Jan-2024 11:10:42 AM] Selenium_Wrapper.click:(199) - Clicking on :[[ChromeDriver: chrome on WINDOWS (5d7589e25a7698e2eb53654e92776d3a)] -> xpath: //div[@class='ws-toolbar-button-image bui-icon save-icon fa-lg']]
[INFO ][05-Jan-2024 11:10:48 AM] Selenium_Wrapper.click:(199) - Clicking on :[[ChromeDriver: chrome on WINDOWS (5d7589e25a7698e2eb53654e92776d3a)] -> xpath: //span[text()='Summary']]
[INFO ][05-Jan-2024 11:10:55 AM] Selenium_Wrapper.clickUsingActions:(249) - Clicking on :[[ChromeDriver: chrome on WINDOWS (5d7589e25a7698e2eb53654e92776d3a)] -> xpath: //div[contains(@id,'Incident_Status')][@class='display-text']]
[INFO ][05-Jan-2024 11:11:02 AM] Selenium_Wrapper.click:(199) - Clicking on :[[ChromeDriver: chrome on WINDOWS (5d7589e25a7698e2eb53654e92776d3a)] -> xpath: (//div[@title='Solved'])[1]]
[INFO ][05-Jan-2024 11:11:09 AM] Selenium_Wrapper.click:(199) - Clicking on :[[ChromeDriver: chrome on WINDOWS (5d7589e25a7698e2eb53654e92776d3a)] -> xpath: //div[@class='ws-toolbar-button-image bui-icon save-icon fa-lg']]
[INFO ][05-Jan-2024 11:11:18 AM] Selenium_Wrapper.click:(199) - Clicking on :[[ChromeDriver: chrome on WINDOWS (5d7589e25a7698e2eb53654e92776d3a)] -> xpath: (//a[@class='closeButton'])[3]]
[INFO ][05-Jan-2024 11:11:25 AM] Selenium_Wrapper.click:(199) - Clicking on :[[ChromeDriver: chrome on WINDOWS (5d7589e25a7698e2eb53654e92776d3a)] -> xpath: (//a[@class='closeButton'])[2]]
[INFO ][05-Jan-2024 11:11:32 AM] Selenium_Wrapper.click:(199) - Clicking on :[[ChromeDriver: chrome on WINDOWS (5d7589e25a7698e2eb53654e92776d3a)] -> xpath: (//a[@class='closeButton'])[1]]
[INFO ][05-Jan-2024 11:11:48 AM] Selenium_Wrapper.click:(199) - Clicking on :[[ChromeDriver: chrome on WINDOWS (5d7589e25a7698e2eb53654e92776d3a)] -> xpath: //body//oj-avatar[@initials='[[userMenuLabel]]']]
[INFO ][05-Jan-2024 11:11:55 AM] Selenium_Wrapper.click:(199) - Clicking on :[[ChromeDriver: chrome on WINDOWS (5d7589e25a7698e2eb53654e92776d3a)] -> xpath: //a//span[text()='Sign Out']]
[INFO ][05-Jan-2024 11:12:07 AM] Selenium_Wrapper.click:(199) - Clicking on :[[ChromeDriver: chrome on WINDOWS (5d7589e25a7698e2eb53654e92776d3a)] -> xpath: //a[text()='Click here']]
[INFO ][05-Jan-2024 11:12:10 AM] Selenium_Wrapper.closeCurrentBrowser:(651) - Closing the current Browser
