[INFO ][08-Aug-2024 11:06:27 AM] Selenium_Wrapper.openBrowser:(54) - Opening chrome browser.
[INFO ][08-Aug-2024 11:06:35 AM] Selenium_Wrapper.enterURL:(88) - Entering url :https://macu1--tst1.custhelp.com/app/home
[INFO ][08-Aug-2024 11:06:39 AM] Selenium_Wrapper.enterText:(317) - Entering Text :swamyk in WebElement :[[ChromeDriver: chrome on WINDOWS (61d0f9d3c632f9327babeb70a209f9f3)] -> id: rn_LoginForm_2_Username]
[INFO ][08-Aug-2024 11:06:41 AM] Selenium_Wrapper.enterText:(317) - Entering Text :Soft@123 in WebElement :[[ChromeDriver: chrome on WINDOWS (61d0f9d3c632f9327babeb70a209f9f3)] -> id: rn_LoginForm_2_Password]
[INFO ][08-Aug-2024 11:06:45 AM] Selenium_Wrapper.click:(205) - Clicking on :[[ChromeDriver: chrome on WINDOWS (61d0f9d3c632f9327babeb70a209f9f3)] -> id: rn_LoginForm_2_Submit]
[INFO ][08-Aug-2024 11:06:52 AM] Selenium_Wrapper.click:(205) - Clicking on :[[ChromeDriver: chrome on WINDOWS (61d0f9d3c632f9327babeb70a209f9f3)] -> xpath: //input[@type='search']]
[INFO ][08-Aug-2024 11:06:53 AM] Selenium_Wrapper.enterText:(317) - Entering Text :Business Use Auto Loan in WebElement :[[ChromeDriver: chrome on WINDOWS (61d0f9d3c632f9327babeb70a209f9f3)] -> xpath: //input[@type='search']]
[INFO ][08-Aug-2024 11:07:10 AM] Selenium_Wrapper.click:(205) - Clicking on :[[ChromeDriver: chrome on WINDOWS (61d0f9d3c632f9327babeb70a209f9f3)] -> xpath: (//ul[text()='Suggested Search']//li//li)[1]]
[INFO ][08-Aug-2024 11:07:14 AM] Selenium_Wrapper.click:(205) - Clicking on :[[ChromeDriver: chrome on WINDOWS (61d0f9d3c632f9327babeb70a209f9f3)] -> xpath: //div[@class='rn_SearchResultContent']//tbody//tr//div//span[@class='rn_Element1']//a]
[INFO ][08-Aug-2024 11:07:27 AM] Selenium_Wrapper.click:(205) - Clicking on :[[ChromeDriver: chrome on WINDOWS (61d0f9d3c632f9327babeb70a209f9f3)] -> xpath: //a[contains(@class,'bookmarkedFilled')]//img[@class='bookmark_icon_red']]
[INFO ][08-Aug-2024 11:07:42 AM] Selenium_Wrapper.click:(205) - Clicking on :[[ChromeDriver: chrome on WINDOWS (61d0f9d3c632f9327babeb70a209f9f3)] -> xpath: //a[@class='add_bookmarkButton']//img[@class='bookmark_icon_blank']]
[INFO ][08-Aug-2024 11:07:46 AM] Selenium_Wrapper.click:(205) - Clicking on :[[ChromeDriver: chrome on WINDOWS (61d0f9d3c632f9327babeb70a209f9f3)] -> xpath: //div[@class='dropdown']]
[INFO ][08-Aug-2024 11:07:52 AM] Selenium_Wrapper.click:(205) - Clicking on :[[ChromeDriver: chrome on WINDOWS (61d0f9d3c632f9327babeb70a209f9f3)] -> xpath: //div[@class='data Custom-data']//a[text()='My Bookmarks']]
[INFO ][08-Aug-2024 11:08:11 AM] Selenium_Wrapper.click:(205) - Clicking on :[[ChromeDriver: chrome on WINDOWS (61d0f9d3c632f9327babeb70a209f9f3)] -> xpath: //a[contains(text(),'Business Use Auto Loan')]//parent::div[@class='rn_Notification_Info']//following-sibling::div[@class='rn_Notification_Actions']//button[@class='rn_Notification_Delete']//img[@class='bookmark_del_ico']]
[INFO ][08-Aug-2024 11:08:25 AM] Selenium_Wrapper.click:(205) - Clicking on :[[ChromeDriver: chrome on WINDOWS (61d0f9d3c632f9327babeb70a209f9f3)] -> class name: knowledge]
[INFO ][08-Aug-2024 11:08:29 AM] Selenium_Wrapper.click:(205) - Clicking on :[[ChromeDriver: chrome on WINDOWS (61d0f9d3c632f9327babeb70a209f9f3)] -> xpath: //input[@type='search']]
[INFO ][08-Aug-2024 11:08:31 AM] Selenium_Wrapper.enterText:(317) - Entering Text :Business Use Auto Loan in WebElement :[[ChromeDriver: chrome on WINDOWS (61d0f9d3c632f9327babeb70a209f9f3)] -> xpath: //input[@type='search']]
[INFO ][08-Aug-2024 11:08:35 AM] Selenium_Wrapper.click:(205) - Clicking on :[[ChromeDriver: chrome on WINDOWS (61d0f9d3c632f9327babeb70a209f9f3)] -> xpath: (//ul[text()='Suggested Search']//li//li)[1]]
[INFO ][08-Aug-2024 11:08:40 AM] Selenium_Wrapper.click:(205) - Clicking on :[[ChromeDriver: chrome on WINDOWS (61d0f9d3c632f9327babeb70a209f9f3)] -> xpath: //div[@class='rn_SearchResultContent']//tbody//tr//div//span[@class='rn_Element1']//a]
[INFO ][08-Aug-2024 11:08:47 AM] Selenium_Wrapper.click:(205) - Clicking on :[[ChromeDriver: chrome on WINDOWS (61d0f9d3c632f9327babeb70a209f9f3)] -> xpath: //div[contains(@class,'EmailAnswerLink')]//img[@class='share_icon_default']]
[INFO ][08-Aug-2024 11:08:49 AM] Selenium_Wrapper.click:(205) - Clicking on :[[ChromeDriver: chrome on WINDOWS (61d0f9d3c632f9327babeb70a209f9f3)] -> xpath: //div[@id='rnDialog1']//input[@class='select2-search__field']]
[INFO ][08-Aug-2024 11:08:51 AM] Selenium_Wrapper.enterText:(317) - Entering Text :Aaron Brown in WebElement :[[ChromeDriver: chrome on WINDOWS (61d0f9d3c632f9327babeb70a209f9f3)] -> xpath: //div[@id='rnDialog1']//input[@class='select2-search__field']]
[INFO ][08-Aug-2024 11:08:56 AM] Selenium_Wrapper.click:(205) - Clicking on :[[ChromeDriver: chrome on WINDOWS (61d0f9d3c632f9327babeb70a209f9f3)] -> xpath: //ul[@class='select2-results__options']//li[text()='Aaron Brown']]
[INFO ][08-Aug-2024 11:08:59 AM] Selenium_Wrapper.click:(205) - Clicking on :[[ChromeDriver: chrome on WINDOWS (61d0f9d3c632f9327babeb70a209f9f3)] -> xpath: //button[@class='yui3-button yui3-button-close']]
[INFO ][08-Aug-2024 11:09:11 AM] Selenium_Wrapper.click:(205) - Clicking on :[[ChromeDriver: chrome on WINDOWS (61d0f9d3c632f9327babeb70a209f9f3)] -> xpath: //div[@id='formsResources_panel']//div[@id='formsResources_headingOne']]
[INFO ][08-Aug-2024 11:09:21 AM] Selenium_Wrapper.clickUsingActions:(255) - Clicking on :[[ChromeDriver: chrome on WINDOWS (61d0f9d3c632f9327babeb70a209f9f3)] -> xpath: (//ul[@class='formsResources']//ul//li/a)[2]]
[INFO ][08-Aug-2024 11:09:56 AM] Selenium_Wrapper.click:(205) - Clicking on :[[ChromeDriver: chrome on WINDOWS (61d0f9d3c632f9327babeb70a209f9f3)] -> class name: knowledge]
[INFO ][08-Aug-2024 11:10:03 AM] Selenium_Wrapper.click:(205) - Clicking on :[[ChromeDriver: chrome on WINDOWS (61d0f9d3c632f9327babeb70a209f9f3)] -> xpath: //input[@type='search']]
[INFO ][08-Aug-2024 11:10:04 AM] Selenium_Wrapper.enterText:(317) - Entering Text :Business Use Auto Loan in WebElement :[[ChromeDriver: chrome on WINDOWS (61d0f9d3c632f9327babeb70a209f9f3)] -> xpath: //input[@type='search']]
[INFO ][08-Aug-2024 11:10:20 AM] Selenium_Wrapper.click:(205) - Clicking on :[[ChromeDriver: chrome on WINDOWS (61d0f9d3c632f9327babeb70a209f9f3)] -> xpath: (//ul[text()='Suggested Search']//li//li)[1]]
[INFO ][08-Aug-2024 11:10:26 AM] Selenium_Wrapper.click:(205) - Clicking on :[[ChromeDriver: chrome on WINDOWS (61d0f9d3c632f9327babeb70a209f9f3)] -> xpath: //div[@class='rn_SearchResultContent']//tbody//tr//div//span[@class='rn_Element1']//a]
[INFO ][08-Aug-2024 11:11:23 AM] Selenium_Wrapper.click:(205) - Clicking on :[[ChromeDriver: chrome on WINDOWS (61d0f9d3c632f9327babeb70a209f9f3)] -> xpath: //button[@class='rn_RecommendContentButton p-0']]
[INFO ][08-Aug-2024 11:11:25 AM] Selenium_Wrapper.enterText:(317) - Entering Text :Test Improve, comments, updates in WebElement :[[ChromeDriver: chrome on WINDOWS (61d0f9d3c632f9327babeb70a209f9f3)] -> xpath: //div[@id='rnDialog1_c']//textarea[contains(@id,RequestUpdate)]]
[INFO ][08-Aug-2024 11:11:27 AM] Selenium_Wrapper.click:(205) - Clicking on :[[ChromeDriver: chrome on WINDOWS (61d0f9d3c632f9327babeb70a209f9f3)] -> xpath: //button[@class='yui3-button yui3-button-close']]
[INFO ][08-Aug-2024 11:11:36 AM] Selenium_Wrapper.click:(205) - Clicking on :[[ChromeDriver: chrome on WINDOWS (61d0f9d3c632f9327babeb70a209f9f3)] -> id: relatedPages_headingOne]
[INFO ][08-Aug-2024 11:11:40 AM] Selenium_Wrapper.click:(205) - Clicking on :[[ChromeDriver: chrome on WINDOWS (61d0f9d3c632f9327babeb70a209f9f3)] -> id: relatedPages_headingOne]
[INFO ][08-Aug-2024 11:11:47 AM] Selenium_Wrapper.enterText:(317) - Entering Text :Business Use Auto Loan in WebElement :[[ChromeDriver: chrome on WINDOWS (61d0f9d3c632f9327babeb70a209f9f3)] -> xpath: //div[contains(@class,'input-group')]//input[@type='search']]
[INFO ][08-Aug-2024 11:11:57 AM] Selenium_Wrapper.click:(205) - Clicking on :[[ChromeDriver: chrome on WINDOWS (61d0f9d3c632f9327babeb70a209f9f3)] -> xpath: //ul[@aria-label='Suggested Search']//li[@class='rn_SuggestionItem'][normalize-space()='Business Use Auto Loan']]
[INFO ][08-Aug-2024 11:12:10 AM] Selenium_Wrapper.click:(205) - Clicking on :[[ChromeDriver: chrome on WINDOWS (61d0f9d3c632f9327babeb70a209f9f3)] -> class name: knowledge]
[INFO ][08-Aug-2024 11:12:13 AM] Selenium_Wrapper.closeCurrentBrowser:(657) - Closing the current Browser
