[INFO ][28-Feb-2023 11:08:13 AM] Selenium_Wrapper.openBrowser:(48) - Opening chrome browser.
[INFO ][28-Feb-2023 11:08:21 AM] Selenium_Wrapper.enterURL:(82) - Entering url :https://macu1--upgrade.custhelp.com/
[INFO ][28-Feb-2023 11:08:25 AM] Selenium_Wrapper.enterText:(311) - Entering Text :automation_testing in WebElement :[[ChromeDriver: chrome on WINDOWS (847c5acdfdd4a018dfba70e1fa0ce68a)] -> id: rn_LoginForm_2_Username]
[INFO ][28-Feb-2023 11:08:26 AM] Selenium_Wrapper.enterText:(311) - Entering Text :Soft@123 in WebElement :[[ChromeDriver: chrome on WINDOWS (847c5acdfdd4a018dfba70e1fa0ce68a)] -> id: rn_LoginForm_2_Password]
[INFO ][28-Feb-2023 11:08:33 AM] Selenium_Wrapper.click:(199) - Clicking on :[[ChromeDriver: chrome on WINDOWS (847c5acdfdd4a018dfba70e1fa0ce68a)] -> id: rn_LoginForm_2_Submit]
[INFO ][28-Feb-2023 11:08:44 AM] Selenium_Wrapper.click:(199) - Clicking on :[[ChromeDriver: chrome on WINDOWS (847c5acdfdd4a018dfba70e1fa0ce68a)] -> xpath: //div[@class='dropdown']]
[INFO ][28-Feb-2023 11:09:00 AM] Selenium_Wrapper.click:(199) - Clicking on :[[ChromeDriver: chrome on WINDOWS (847c5acdfdd4a018dfba70e1fa0ce68a)] -> xpath: //a[text()='My Activity']]
[INFO ][28-Feb-2023 11:09:07 AM] Selenium_Wrapper.click:(199) - Clicking on :[[ChromeDriver: chrome on WINDOWS (847c5acdfdd4a018dfba70e1fa0ce68a)] -> xpath: //input[@type='search']]
[INFO ][28-Feb-2023 11:09:09 AM] Selenium_Wrapper.enterText:(311) - Entering Text :Business Auto Loan in WebElement :[[ChromeDriver: chrome on WINDOWS (847c5acdfdd4a018dfba70e1fa0ce68a)] -> xpath: //input[@type='search']]
[INFO ][28-Feb-2023 11:09:24 AM] Selenium_Wrapper.click:(199) - Clicking on :[[ChromeDriver: chrome on WINDOWS (847c5acdfdd4a018dfba70e1fa0ce68a)] -> xpath: //ul[@aria-label='Suggested Search']/li[normalize-space()='Business Auto Loan']]
[INFO ][28-Feb-2023 11:09:42 AM] Selenium_Wrapper.click:(199) - Clicking on :[[ChromeDriver: chrome on WINDOWS (847c5acdfdd4a018dfba70e1fa0ce68a)] -> class name: knowledge]
[INFO ][28-Feb-2023 11:09:49 AM] Selenium_Wrapper.click:(199) - Clicking on :[[ChromeDriver: chrome on WINDOWS (847c5acdfdd4a018dfba70e1fa0ce68a)] -> xpath: //div[@class='dropdown']]
[INFO ][28-Feb-2023 11:09:58 AM] Selenium_Wrapper.click:(199) - Clicking on :[[ChromeDriver: chrome on WINDOWS (847c5acdfdd4a018dfba70e1fa0ce68a)] -> xpath: //a[text()='My Activity']]
[INFO ][28-Feb-2023 11:10:09 AM] Selenium_Wrapper.click:(199) - Clicking on :[[ChromeDriver: chrome on WINDOWS (847c5acdfdd4a018dfba70e1fa0ce68a)] -> xpath: //a[text()='browse all PAGES']]
[INFO ][28-Feb-2023 11:10:18 AM] Selenium_Wrapper.click:(199) - Clicking on :[[ChromeDriver: chrome on WINDOWS (847c5acdfdd4a018dfba70e1fa0ce68a)] -> xpath: //div[@class='dropdown']]
[ERROR][28-Feb-2023 11:12:06 AM] Selenium_Wrapper.getWebElement:(124) - org.openqa.selenium.TimeoutException: Expected condition failed: waiting for visibility of [[ChromeDriver: chrome on WINDOWS (847c5acdfdd4a018dfba70e1fa0ce68a)] -> xpath: //a[text()='My Activity']] (tried for 100 second(s) with 500 milliseconds interval)
Build info: version: '3.141.59', revision: 'e82be7d358', time: '2018-11-14T08:17:03'
System info: host: 'QA-SWAMYK', ip: '192.168.0.6', os.name: 'Windows 10', os.arch: 'amd64', os.version: '10.0', java.version: '11.0.10'
Driver info: org.openqa.selenium.chrome.ChromeDriver
Capabilities {acceptInsecureCerts: false, browserName: chrome, browserVersion: 110.0.5481.178, chrome: {chromedriverVersion: 110.0.5481.77 (65ed616c6e8e..., userDataDir: C:\Users\SWAMYK~1\AppData\L...}, goog:chromeOptions: {debuggerAddress: localhost:64538}, javascriptEnabled: true, networkConnectionEnabled: false, pageLoadStrategy: normal, platform: WINDOWS, platformName: WINDOWS, proxy: Proxy(), setWindowRect: true, strictFileInteractability: false, timeouts: {implicit: 0, pageLoad: 300000, script: 30000}, unhandledPromptBehavior: dismiss and notify, webauthn:extension:credBlob: true, webauthn:extension:largeBlob: true, webauthn:virtualAuthenticators: true}
Session ID: 847c5acdfdd4a018dfba70e1fa0ce68a
[ERROR][28-Feb-2023 11:12:06 AM] MyActivity.testSearchPage:(58) - My Activity Page Test is un-successfull
