[INFO ][28-Jul-2023 11:03:11 am] Selenium_Wrapper.openBrowser:(48) - Opening chrome browser.
[INFO ][28-Jul-2023 11:03:15 am] Selenium_Wrapper.enterURL:(82) - Entering url :https://macu1--tst1.custhelp.com/AgentWeb/
[INFO ][28-Jul-2023 11:03:19 am] Selenium_Wrapper.enterText:(311) - Entering Text :automation_testing in WebElement :[[ChromeDriver: chrome on WINDOWS (b8aab7738823936074cb7b267d8fb069)] -> id: username]
[INFO ][28-Jul-2023 11:03:20 am] Selenium_Wrapper.enterText:(311) - Entering Text :Welcome123 in WebElement :[[ChromeDriver: chrome on WINDOWS (b8aab7738823936074cb7b267d8fb069)] -> id: password]
[INFO ][28-Jul-2023 11:03:45 am] Selenium_Wrapper.click:(199) - Clicking on :[[ChromeDriver: chrome on WINDOWS (b8aab7738823936074cb7b267d8fb069)] -> id: loginbutton]
[INFO ][28-Jul-2023 11:03:56 am] Selenium_Wrapper.click:(199) - Clicking on :[[ChromeDriver: chrome on WINDOWS (b8aab7738823936074cb7b267d8fb069)] -> id: navigationSetBtn]
[INFO ][28-Jul-2023 11:04:02 am] Selenium_Wrapper.click:(199) - Clicking on :[[ChromeDriver: chrome on WINDOWS (b8aab7738823936074cb7b267d8fb069)] -> xpath: (//div[text()='Configuration']//a)]
[INFO ][28-Jul-2023 11:04:07 am] Selenium_Wrapper.click:(199) - Clicking on :[[ChromeDriver: chrome on WINDOWS (b8aab7738823936074cb7b267d8fb069)] -> xpath: (//div[text()='Service']//a)]
[INFO ][28-Jul-2023 11:04:12 am] Selenium_Wrapper.click:(199) - Clicking on :[[ChromeDriver: chrome on WINDOWS (b8aab7738823936074cb7b267d8fb069)] -> xpath: (//div[text()='Knowledge Advanced']//a)]
[INFO ][28-Jul-2023 11:04:17 am] Selenium_Wrapper.click:(199) - Clicking on :[[ChromeDriver: chrome on WINDOWS (b8aab7738823936074cb7b267d8fb069)] -> xpath: //span[text()='Authoring']]
[INFO ][28-Jul-2023 11:04:32 am] Selenium_Wrapper.click:(199) - Clicking on :[[ChromeDriver: chrome on WINDOWS (b8aab7738823936074cb7b267d8fb069)] -> xpath: //div[@id='rntab']//ul//li[@testidentifier='MainNavBar_Content']//a]
[INFO ][28-Jul-2023 11:04:46 am] Selenium_Wrapper.click:(199) - Clicking on :[[ChromeDriver: chrome on WINDOWS (b8aab7738823936074cb7b267d8fb069)] -> xpath: //div[text()='Process']//following-sibling::a[@testidentifier='ContentNavBar_Add_Process']]
[INFO ][28-Jul-2023 11:04:49 am] Selenium_Wrapper.enterText:(311) - Entering Text :TestingArticle in WebElement :[[ChromeDriver: chrome on WINDOWS (b8aab7738823936074cb7b267d8fb069)] -> xpath: //input[@testidentifier='Content_ContentType_Add_SUMMARY']]
[INFO ][28-Jul-2023 11:04:51 am] Selenium_Wrapper.enterText:(311) - Entering Text :Criticals in WebElement :[[ChromeDriver: chrome on WINDOWS (b8aab7738823936074cb7b267d8fb069)] -> xpath: //input[@testidentifier='Content_ContentType_Add_KEYWORD']]
[INFO ][28-Jul-2023 11:04:58 am] Selenium_Wrapper.click:(199) - Clicking on :[[ChromeDriver: chrome on WINDOWS (b8aab7738823936074cb7b267d8fb069)] -> xpath: ((//span[@class='cke_bottom cke_reset_all'])[1]//preceding-sibling::*)[2]]
[INFO ][28-Jul-2023 11:05:03 am] Selenium_Wrapper.enterText:(311) - Entering Text :contentinfo 'Reach out to your immediate supervisor with questions.' in WebElement :[[ChromeDriver: chrome on WINDOWS (b8aab7738823936074cb7b267d8fb069)] -> xpath: //body[@class='cke_editable cke_editable_themed cke_contents_ltr cke_show_borders']]
[INFO ][28-Jul-2023 11:05:14 am] Selenium_Wrapper.click:(199) - Clicking on :[[ChromeDriver: chrome on WINDOWS (b8aab7738823936074cb7b267d8fb069)] -> xpath: ((//span[@class='cke_bottom cke_reset_all'])[2]//preceding-sibling::*)[2]]
[INFO ][28-Jul-2023 11:05:20 am] Selenium_Wrapper.enterText:(311) - Entering Text :COVID-19 Update:  Find additional information on COVID-19 Branch & Service Center Operations\n * Vaccine\n * Similar to the flu shot, we encourage you to take a lunch hour or go after work if you choose to receive the vaccine.\n * You should be able to easily schedule a time to receive a vaccine. * Take PTO if an adverse reaction occurs. * Take PTO if an adverse reaction occurs * First URL of the pageArticle Link * Second URL of the page * Third URL of the page * The few documented cases of a stronger reaction indicate that the affects typically last one to two days. * Have an open conversation with your manager if other accommodations are necessary. * The cost of the vaccine is covered by insurance. * Mask Mandates * As the counties and health departments begin to relax their mask mandates, MACU will address this as follows: * The mask mandate requirement for team members will remain in place for the foreseeable future. * Mask guidance for members will follow State, County and Health department guidelines for those areas. * Personal Protection Equipment (PPE) * Order masks and other PArticle LinkPE by submitting a ServiceNow Facilities ticket. * Items available * Cotopaxi masks ($7 each) * Hand sanitizer * Gloves * Disposable masks * Sanitation wipes * Employee Resources * Mountain America is here for you! Check out these resources: * MACU Desktop Citrix ReceiverWorkspace Step-by-Step Surface Devices Step-by-Step * Microsoft Teams Step-by-Step * Multi-Factor Authentication (MFA) Step-by-Step * Remote Work Agreement * Setting up Your New Laptop * Surface Devices Step-by-Step in WebElement :[[ChromeDriver: chrome on WINDOWS (b8aab7738823936074cb7b267d8fb069)] -> xpath: //body[@class='cke_editable cke_editable_themed cke_contents_ltr cke_show_borders']]
[INFO ][28-Jul-2023 11:05:28 am] Selenium_Wrapper.click:(199) - Clicking on :[[ChromeDriver: chrome on WINDOWS (b8aab7738823936074cb7b267d8fb069)] -> xpath: //span[text()='Jump To']]
[INFO ][28-Jul-2023 11:05:35 am] Selenium_Wrapper.click:(199) - Clicking on :[[ChromeDriver: chrome on WINDOWS (b8aab7738823936074cb7b267d8fb069)] -> xpath: (//a[@class='cke_button cke_button__image cke_button_off'])[3]]
[INFO ][28-Jul-2023 11:05:41 am] Selenium_Wrapper.click:(199) - Clicking on :[[ChromeDriver: chrome on WINDOWS (b8aab7738823936074cb7b267d8fb069)] -> xpath: (//span[text()='Browse Server'])[1]]
[INFO ][28-Jul-2023 11:06:02 am] Selenium_Wrapper.click:(199) - Clicking on :[[ChromeDriver: chrome on WINDOWS (b8aab7738823936074cb7b267d8fb069)] -> xpath: //a[text()='MACU_VIEW']]
[INFO ][28-Jul-2023 11:06:22 am] Selenium_Wrapper.click:(199) - Clicking on :[[ChromeDriver: chrome on WINDOWS (b8aab7738823936074cb7b267d8fb069)] -> xpath: //table//span[text()='OK']]
[INFO ][28-Jul-2023 11:06:35 am] Selenium_Wrapper.click:(199) - Clicking on :[[ChromeDriver: chrome on WINDOWS (b8aab7738823936074cb7b267d8fb069)] -> xpath: (//span[@class='cke_button_icon cke_button__addarticlelink_icon'])[4]]
[INFO ][28-Jul-2023 11:06:41 am] Selenium_Wrapper.enterText:(311) - Entering Text :1000124 in WebElement :[[ChromeDriver: chrome on WINDOWS (b8aab7738823936074cb7b267d8fb069)] -> xpath: (//div[text()='Article Link']//following::input)[3]]
[INFO ][28-Jul-2023 11:06:43 am] Selenium_Wrapper.enterText:(311) - Entering Text :Article Link in WebElement :[[ChromeDriver: chrome on WINDOWS (b8aab7738823936074cb7b267d8fb069)] -> xpath: (//div[text()='Article Link']//following::input)[5]]
[INFO ][28-Jul-2023 11:06:48 am] Selenium_Wrapper.click:(199) - Clicking on :[[ChromeDriver: chrome on WINDOWS (b8aab7738823936074cb7b267d8fb069)] -> xpath: (//div[@class='cke_dialog_body']//span[text()='OK'])[2]]
[INFO ][28-Jul-2023 11:06:55 am] Selenium_Wrapper.click:(199) - Clicking on :[[ChromeDriver: chrome on WINDOWS (b8aab7738823936074cb7b267d8fb069)] -> xpath: ((//span[@class='cke_bottom cke_reset_all'])[5]//preceding-sibling::*)[2]]
[INFO ][28-Jul-2023 11:06:58 am] Selenium_Wrapper.enterText:(311) - Entering Text :BasicInfo - Remote Work * -Use the following resources when connecting to work applications remotely in WebElement :[[ChromeDriver: chrome on WINDOWS (b8aab7738823936074cb7b267d8fb069)] -> xpath: //body[@class='cke_editable cke_editable_themed cke_contents_ltr cke_show_borders']]
[INFO ][28-Jul-2023 11:07:08 am] Selenium_Wrapper.click:(199) - Clicking on :[[ChromeDriver: chrome on WINDOWS (b8aab7738823936074cb7b267d8fb069)] -> xpath: ((//span[@class='cke_bottom cke_reset_all'])[6]//preceding-sibling::*)[2]]
[INFO ][28-Jul-2023 11:07:12 am] Selenium_Wrapper.enterText:(311) - Entering Text :BasicContactInfo -Remote Work * -Use the following resources when connecting to work applications remotely * -Cisco Finesse Step-by-Step * -Cisco Jabber Step-by-Step * -Electronic Communication and Information Basic Info * -Extend Surface Device Battery Life Step-by-Step * -MACU Desktop Citrix ReceiverWorkspace Step-by-Step Surface Devices Step-by-Step * -Microsoft Teams Step-by-Step * -Multi-Factor Authentication (MFA) Step-by-Step * -Remote Work Agreement * -Setting up Your New Laptop * -Surface Devices Step-by-Step in WebElement :[[ChromeDriver: chrome on WINDOWS (b8aab7738823936074cb7b267d8fb069)] -> xpath: //body[@class='cke_editable cke_editable_themed cke_contents_ltr cke_show_borders']]
[INFO ][28-Jul-2023 11:07:20 am] Selenium_Wrapper.click:(199) - Clicking on :[[ChromeDriver: chrome on WINDOWS (b8aab7738823936074cb7b267d8fb069)] -> xpath: ((//span[@class='cke_bottom cke_reset_all'])[7]//preceding-sibling::*)[2]]
[INFO ][28-Jul-2023 11:07:25 am] Selenium_Wrapper.enterText:(311) - Entering Text :Steps- Employee Resources in WebElement :[[ChromeDriver: chrome on WINDOWS (b8aab7738823936074cb7b267d8fb069)] -> xpath: //body[@class='cke_editable cke_editable_themed cke_contents_ltr cke_show_borders']]
[INFO ][28-Jul-2023 11:07:33 am] Selenium_Wrapper.click:(199) - Clicking on :[[ChromeDriver: chrome on WINDOWS (b8aab7738823936074cb7b267d8fb069)] -> xpath: ((//span[@class='cke_bottom cke_reset_all'])[8]//preceding-sibling::*)[2]]
[INFO ][28-Jul-2023 11:07:38 am] Selenium_Wrapper.enterText:(311) - Entering Text :StepsContactInfo - Mountain America is here for you! Check out these resources: * Report COVID-19 in the Workplace * Contact Tracing for COVID-19 * COVID-19 Pay Options * Corporate FSR * Employee Assistance Program (EAP) * Employee Loans * Infectious Disease * MACU Facility Standards * Mountain America Center Meetings & Events * Medical Leave of Absence * Personal Time Off (PTO) * Tanner Meetings & Events * Thrive Clinic * The CareATC Patient Access Center is currently performing all appointment scheduling activities. Our clinics are not currently accepting walk-in or self-scheduled patients. To schedule an appointment, contact the clinic 800-993-8244. * Thrive Fitness Centers * Travel Pay *Traveling Branch Employees in WebElement :[[ChromeDriver: chrome on WINDOWS (b8aab7738823936074cb7b267d8fb069)] -> xpath: //body[@class='cke_editable cke_editable_themed cke_contents_ltr cke_show_borders']]
[INFO ][28-Jul-2023 11:07:46 am] Selenium_Wrapper.click:(199) - Clicking on :[[ChromeDriver: chrome on WINDOWS (b8aab7738823936074cb7b267d8fb069)] -> xpath: ((//span[@class='cke_bottom cke_reset_all'])[9]//preceding-sibling::*)[2]]
[INFO ][28-Jul-2023 11:07:51 am] Selenium_Wrapper.enterText:(311) - Entering Text :Forms_Resources - Mask Mandates in WebElement :[[ChromeDriver: chrome on WINDOWS (b8aab7738823936074cb7b267d8fb069)] -> xpath: //body[@class='cke_editable cke_editable_themed cke_contents_ltr cke_show_borders']]
[INFO ][28-Jul-2023 11:07:59 am] Selenium_Wrapper.click:(199) - Clicking on :[[ChromeDriver: chrome on WINDOWS (b8aab7738823936074cb7b267d8fb069)] -> xpath: ((//span[@class='cke_bottom cke_reset_all'])[10]//preceding-sibling::*)[2]]
[INFO ][28-Jul-2023 11:08:07 am] Selenium_Wrapper.enterText:(311) - Entering Text :Forms_Resources_Content- As the counties and health departments begin to relax their mask mandates, MACU will address this as follows: * The mask mandate requirement for team members will remain in place for the foreseeable future. * Mask guidance for members will follow State, County and Health department guidelines for those areas. in WebElement :[[ChromeDriver: chrome on WINDOWS (b8aab7738823936074cb7b267d8fb069)] -> xpath: //body[@class='cke_editable cke_editable_themed cke_contents_ltr cke_show_borders']]
[INFO ][28-Jul-2023 11:08:16 am] Selenium_Wrapper.click:(199) - Clicking on :[[ChromeDriver: chrome on WINDOWS (b8aab7738823936074cb7b267d8fb069)] -> xpath: ((//span[@class='cke_bottom cke_reset_all'])[11]//preceding-sibling::*)[2]]
[INFO ][28-Jul-2023 11:08:22 am] Selenium_Wrapper.enterText:(311) - Entering Text :SalesConnections-Sales Connections in WebElement :[[ChromeDriver: chrome on WINDOWS (b8aab7738823936074cb7b267d8fb069)] -> xpath: //body[@class='cke_editable cke_editable_themed cke_contents_ltr cke_show_borders']]
[INFO ][28-Jul-2023 11:08:33 am] Selenium_Wrapper.click:(199) - Clicking on :[[ChromeDriver: chrome on WINDOWS (b8aab7738823936074cb7b267d8fb069)] -> xpath: //span[text()='Teams']//following::select//option[text()='Accounting & Finance']]
[INFO ][28-Jul-2023 11:08:39 am] Selenium_Wrapper.click:(199) - Clicking on :[[ChromeDriver: chrome on WINDOWS (b8aab7738823936074cb7b267d8fb069)] -> xpath: //span[text()='Compliance']//preceding-sibling::input]
[INFO ][28-Jul-2023 11:08:44 am] Selenium_Wrapper.click:(199) - Clicking on :[[ChromeDriver: chrome on WINDOWS (b8aab7738823936074cb7b267d8fb069)] -> xpath: //span[text()='No ']//preceding-sibling::input]
[INFO ][28-Jul-2023 11:08:50 am] Selenium_Wrapper.click:(199) - Clicking on :[[ChromeDriver: chrome on WINDOWS (b8aab7738823936074cb7b267d8fb069)] -> xpath: ((//span[@class='cke_bottom cke_reset_all'])[12]//preceding-sibling::*)[2]]
[INFO ][28-Jul-2023 11:08:55 am] Selenium_Wrapper.enterText:(311) - Entering Text :SalesConnectionsContent- As the counties and health departments begin to relax their mask mandates, MACU will address this as follows: * The mask mandate requirement for team members will remain in place for the foreseeable future. * Mask guidance for members will follow State, County and Health department guidelines for those areas. in WebElement :[[ChromeDriver: chrome on WINDOWS (b8aab7738823936074cb7b267d8fb069)] -> xpath: //body[@class='cke_editable cke_editable_themed cke_contents_ltr cke_show_borders']]
[INFO ][28-Jul-2023 11:09:05 am] Selenium_Wrapper.click:(199) - Clicking on :[[ChromeDriver: chrome on WINDOWS (b8aab7738823936074cb7b267d8fb069)] -> xpath: //span[text()='Major Change']//preceding-sibling::input]
[INFO ][28-Jul-2023 11:09:10 am] Selenium_Wrapper.click:(199) - Clicking on :[[ChromeDriver: chrome on WINDOWS (b8aab7738823936074cb7b267d8fb069)] -> xpath: //span[text()='Corporate/Branch/Service Center']//following::select//option[text()='Service Center']]
[INFO ][28-Jul-2023 11:09:15 am] Selenium_Wrapper.click:(199) - Clicking on :[[ChromeDriver: chrome on WINDOWS (b8aab7738823936074cb7b267d8fb069)] -> xpath: //span[text()='Department']//following::select//option[text()='0004 SEG Development Team']]
[INFO ][28-Jul-2023 11:09:21 am] Selenium_Wrapper.click:(199) - Clicking on :[[ChromeDriver: chrome on WINDOWS (b8aab7738823936074cb7b267d8fb069)] -> xpath: //span[text()='Manager Level']//following::select//option[text()='Assistant Manager']]
[INFO ][28-Jul-2023 11:09:26 am] Selenium_Wrapper.click:(199) - Clicking on :[[ChromeDriver: chrome on WINDOWS (b8aab7738823936074cb7b267d8fb069)] -> xpath: //span[contains(text(),'time with')]//following::select//option[contains(text(),'1 Month ')]]
[INFO ][28-Jul-2023 11:09:31 am] Selenium_Wrapper.click:(199) - Clicking on :[[ChromeDriver: chrome on WINDOWS (b8aab7738823936074cb7b267d8fb069)] -> xpath: //span[contains(text(),'Branch Name')]//following::select//option[contains(text(),'Albuquerque - Golf Course Road Branch')]]
[INFO ][28-Jul-2023 11:09:36 am] Selenium_Wrapper.click:(199) - Clicking on :[[ChromeDriver: chrome on WINDOWS (b8aab7738823936074cb7b267d8fb069)] -> xpath: //span[contains(text(),'Branch Area')]//following::select//option[contains(text(),'Teton')]]
[INFO ][28-Jul-2023 11:09:41 am] Selenium_Wrapper.click:(199) - Clicking on :[[ChromeDriver: chrome on WINDOWS (b8aab7738823936074cb7b267d8fb069)] -> xpath: (//span[contains(text(),'Primary Tag')]//following::select//option[contains(text(),'AAA')])[1]]
[INFO ][28-Jul-2023 11:09:47 am] Selenium_Wrapper.click:(199) - Clicking on :[[ChromeDriver: chrome on WINDOWS (b8aab7738823936074cb7b267d8fb069)] -> xpath: (//span[contains(text(),'Primary Tag')]//following::select//option[contains(text(),'AAA')])[4]]
[INFO ][28-Jul-2023 11:09:52 am] Selenium_Wrapper.click:(199) - Clicking on :[[ChromeDriver: chrome on WINDOWS (b8aab7738823936074cb7b267d8fb069)] -> xpath: (//span[contains(text(),'Primary Tag')]//following::select//option[contains(text(),'AAA')])[6]]
[INFO ][28-Jul-2023 11:09:57 am] Selenium_Wrapper.click:(199) - Clicking on :[[ChromeDriver: chrome on WINDOWS (b8aab7738823936074cb7b267d8fb069)] -> xpath: //input[@testidentifier='ContentAttributes_RepoViewSelection']]
[INFO ][28-Jul-2023 11:10:04 am] Selenium_Wrapper.click:(199) - Clicking on :[[ChromeDriver: chrome on WINDOWS (b8aab7738823936074cb7b267d8fb069)] -> xpath: //div[@id='AVAIL']//tr//td//span[contains(text(),'AAA')]]
[INFO ][28-Jul-2023 11:10:15 am] Selenium_Wrapper.click:(199) - Clicking on :[[ChromeDriver: chrome on WINDOWS (b8aab7738823936074cb7b267d8fb069)] -> xpath: //div[@id='AVAIL']//tr//td//span[text()='Member Connect']]
[INFO ][28-Jul-2023 11:10:20 am] Selenium_Wrapper.click:(199) - Clicking on :[[ChromeDriver: chrome on WINDOWS (b8aab7738823936074cb7b267d8fb069)] -> xpath: //div[@id='AVAIL']//tr//td//span[text()='New Account Framework']]
[INFO ][28-Jul-2023 11:10:26 am] Selenium_Wrapper.click:(199) - Clicking on :[[ChromeDriver: chrome on WINDOWS (b8aab7738823936074cb7b267d8fb069)] -> xpath: //a[text()='Add']]
[INFO ][28-Jul-2023 11:10:32 am] Selenium_Wrapper.click:(199) - Clicking on :[[ChromeDriver: chrome on WINDOWS (b8aab7738823936074cb7b267d8fb069)] -> xpath: //select[@class='dropdown']]
[INFO ][28-Jul-2023 11:10:38 am] Selenium_Wrapper.click:(199) - Clicking on :[[ChromeDriver: chrome on WINDOWS (b8aab7738823936074cb7b267d8fb069)] -> xpath: //select[@class='dropdown']//option[text()='Search']]
[INFO ][28-Jul-2023 11:10:39 am] Selenium_Wrapper.enterText:(311) - Entering Text :Business Accounts in WebElement :[[ChromeDriver: chrome on WINDOWS (b8aab7738823936074cb7b267d8fb069)] -> xpath: //input[@value='Enter search string']]
[INFO ][28-Jul-2023 11:10:45 am] Selenium_Wrapper.click:(199) - Clicking on :[[ChromeDriver: chrome on WINDOWS (b8aab7738823936074cb7b267d8fb069)] -> xpath: //strong[text()='Business Accounts']]
[INFO ][28-Jul-2023 11:10:50 am] Selenium_Wrapper.click:(199) - Clicking on :[[ChromeDriver: chrome on WINDOWS (b8aab7738823936074cb7b267d8fb069)] -> xpath: //a[text()='Add']]
[INFO ][28-Jul-2023 11:10:56 am] Selenium_Wrapper.click:(199) - Clicking on :[[ChromeDriver: chrome on WINDOWS (b8aab7738823936074cb7b267d8fb069)] -> xpath: //span[text()='Asset Management']]
[INFO ][28-Jul-2023 11:11:02 am] Selenium_Wrapper.click:(199) - Clicking on :[[ChromeDriver: chrome on WINDOWS (b8aab7738823936074cb7b267d8fb069)] -> xpath: //a[text()='Add']]
[INFO ][28-Jul-2023 11:11:08 am] Selenium_Wrapper.click:(199) - Clicking on :[[ChromeDriver: chrome on WINDOWS (b8aab7738823936074cb7b267d8fb069)] -> xpath: //input[@name='notifySubscribers']]
[INFO ][28-Jul-2023 11:11:17 am] Selenium_Wrapper.click:(199) - Clicking on :[[ChromeDriver: chrome on WINDOWS (b8aab7738823936074cb7b267d8fb069)] -> xpath: //a[text()='Save Document']]
[INFO ][28-Jul-2023 11:11:45 am] Selenium_Wrapper.click:(199) - Clicking on :[[ChromeDriver: chrome on WINDOWS (b8aab7738823936074cb7b267d8fb069)] -> xpath: //a[text()='Approve']]
[INFO ][28-Jul-2023 11:11:55 am] Selenium_Wrapper.click:(199) - Clicking on :[[ChromeDriver: chrome on WINDOWS (b8aab7738823936074cb7b267d8fb069)] -> xpath: //a[text()='Approve']]
[INFO ][28-Jul-2023 11:12:06 am] Selenium_Wrapper.click:(199) - Clicking on :[[ChromeDriver: chrome on WINDOWS (b8aab7738823936074cb7b267d8fb069)] -> xpath: //a[text()='Approve']]
[ERROR][28-Jul-2023 11:12:11 am] Selenium_Wrapper.highlightWebElement:(417) - org.openqa.selenium.NoSuchElementException: no such element: Unable to locate element: {"method":"xpath","selector":"//span[text()='Closed']"}
  (Session info: chrome=115.0.5790.110)
For documentation on this error, please visit: https://www.seleniumhq.org/exceptions/no_such_element.html
Build info: version: '3.141.59', revision: 'e82be7d358', time: '2018-11-14T08:17:03'
System info: host: 'CAF-QA-SWAMYK', ip: '192.168.0.6', os.name: 'Windows 10', os.arch: 'amd64', os.version: '10.0', java.version: '17.0.5'
Driver info: org.openqa.selenium.chrome.ChromeDriver
Capabilities {acceptInsecureCerts: false, browserName: chrome, browserVersion: 115.0.5790.110, chrome: {chromedriverVersion: 114.0.5735.90 (386bc09e8f4f..., userDataDir: C:\Users\swamyk\AppData\Loc...}, goog:chromeOptions: {debuggerAddress: localhost:59170}, javascriptEnabled: true, networkConnectionEnabled: false, pageLoadStrategy: normal, platform: WINDOWS, platformName: WINDOWS, proxy: Proxy(), setWindowRect: true, strictFileInteractability: false, timeouts: {implicit: 0, pageLoad: 300000, script: 30000}, unhandledPromptBehavior: dismiss and notify, webauthn:extension:credBlob: true, webauthn:extension:largeBlob: true, webauthn:extension:minPinLength: true, webauthn:extension:prf: true, webauthn:virtualAuthenticators: true}
Session ID: b8aab7738823936074cb7b267d8fb069
*** Element info: {Using=xpath, value=//span[text()='Closed']}
[INFO ][28-Jul-2023 11:12:43 am] Selenium_Wrapper.click:(199) - Clicking on :[[ChromeDriver: chrome on WINDOWS (b8aab7738823936074cb7b267d8fb069)] -> xpath: (//a[text()='Done'])[1]]
[INFO ][28-Jul-2023 11:12:54 am] Selenium_Wrapper.click:(199) - Clicking on :[[ChromeDriver: chrome on WINDOWS (b8aab7738823936074cb7b267d8fb069)] -> xpath: //a[@class='closeButton']]
[INFO ][28-Jul-2023 11:13:07 am] Selenium_Wrapper.click:(199) - Clicking on :[[ChromeDriver: chrome on WINDOWS (b8aab7738823936074cb7b267d8fb069)] -> xpath: //body//oj-avatar[@initials='[[userMenuLabel]]']]
[INFO ][28-Jul-2023 11:13:14 am] Selenium_Wrapper.click:(199) - Clicking on :[[ChromeDriver: chrome on WINDOWS (b8aab7738823936074cb7b267d8fb069)] -> xpath: //a//span[text()='Sign Out']]
[INFO ][28-Jul-2023 11:13:19 am] Selenium_Wrapper.closeCurrentBrowser:(651) - Closing the current Browser
[INFO ][28-Jul-2023 11:13:20 am] Selenium_Wrapper.openBrowser:(48) - Opening chrome browser.
[INFO ][28-Jul-2023 11:13:40 am] Selenium_Wrapper.enterURL:(82) - Entering url :https://macu1--tst1.custhelp.com/app/home
[INFO ][28-Jul-2023 11:13:44 am] Selenium_Wrapper.enterText:(311) - Entering Text :swamyk in WebElement :[[ChromeDriver: chrome on WINDOWS (96db52541b61afd168c24ca50d6be97c)] -> id: rn_LoginForm_2_Username]
[INFO ][28-Jul-2023 11:13:46 am] Selenium_Wrapper.enterText:(311) - Entering Text :Soft@123 in WebElement :[[ChromeDriver: chrome on WINDOWS (96db52541b61afd168c24ca50d6be97c)] -> id: rn_LoginForm_2_Password]
[INFO ][28-Jul-2023 11:13:53 am] Selenium_Wrapper.click:(199) - Clicking on :[[ChromeDriver: chrome on WINDOWS (96db52541b61afd168c24ca50d6be97c)] -> id: rn_LoginForm_2_Submit]
[INFO ][28-Jul-2023 11:14:29 am] Selenium_Wrapper.closeCurrentBrowser:(651) - Closing the current Browser
