[INFO ][05-Jun-2024 11:02:31 AM] Selenium_Wrapper.openBrowser:(54) - Opening chrome browser.
[INFO ][05-Jun-2024 11:03:48 AM] Selenium_Wrapper.enterURL:(88) - Entering url :https://macu1--tst1.custhelp.com/app/home
[INFO ][05-Jun-2024 11:03:52 AM] Selenium_Wrapper.enterText:(317) - Entering Text :swamyk in WebElement :[[ChromeDriver: chrome on WINDOWS (8ba0356508c856f801ea142e967fdca5)] -> id: rn_LoginForm_2_Username]
[INFO ][05-Jun-2024 11:03:54 AM] Selenium_Wrapper.enterText:(317) - Entering Text :Soft@123 in WebElement :[[ChromeDriver: chrome on WINDOWS (8ba0356508c856f801ea142e967fdca5)] -> id: rn_LoginForm_2_Password]
[INFO ][05-Jun-2024 11:03:58 AM] Selenium_Wrapper.click:(205) - Clicking on :[[ChromeDriver: chrome on WINDOWS (8ba0356508c856f801ea142e967fdca5)] -> id: rn_LoginForm_2_Submit]
[INFO ][05-Jun-2024 11:04:15 AM] Selenium_Wrapper.click:(205) - Clicking on :[[ChromeDriver: chrome on WINDOWS (8ba0356508c856f801ea142e967fdca5)] -> xpath: //input[@type='search']]
[INFO ][05-Jun-2024 11:04:17 AM] Selenium_Wrapper.enterText:(317) - Entering Text :Business Use Auto Loan in WebElement :[[ChromeDriver: chrome on WINDOWS (8ba0356508c856f801ea142e967fdca5)] -> xpath: //input[@type='search']]
[INFO ][05-Jun-2024 11:04:39 AM] Selenium_Wrapper.click:(205) - Clicking on :[[ChromeDriver: chrome on WINDOWS (8ba0356508c856f801ea142e967fdca5)] -> xpath: (//ul[text()='Suggested Search']//li//li)[1]]
[INFO ][05-Jun-2024 11:04:43 AM] Selenium_Wrapper.click:(205) - Clicking on :[[ChromeDriver: chrome on WINDOWS (8ba0356508c856f801ea142e967fdca5)] -> xpath: //div[@class='rn_SearchResultContent']//tbody//tr//div//span[@class='rn_Element1']//a]
[INFO ][05-Jun-2024 11:05:32 AM] Selenium_Wrapper.click:(205) - Clicking on :[[ChromeDriver: chrome on WINDOWS (8ba0356508c856f801ea142e967fdca5)] -> xpath: //a[@class='add_bookmarkButton']//img[@class='bookmark_icon_blank']]
[INFO ][05-Jun-2024 11:05:36 AM] Selenium_Wrapper.click:(205) - Clicking on :[[ChromeDriver: chrome on WINDOWS (8ba0356508c856f801ea142e967fdca5)] -> xpath: //div[@class='dropdown']]
[INFO ][05-Jun-2024 11:09:40 AM] Selenium_Wrapper.click:(205) - Clicking on :[[ChromeDriver: chrome on WINDOWS (8ba0356508c856f801ea142e967fdca5)] -> xpath: //div[@class='data Custom-data']//a[text()='My Bookmarks']]
[INFO ][05-Jun-2024 11:10:00 AM] Selenium_Wrapper.click:(205) - Clicking on :[[ChromeDriver: chrome on WINDOWS (8ba0356508c856f801ea142e967fdca5)] -> xpath: //a[contains(text(),'Business Use Auto Loan')]//parent::div[@class='rn_Notification_Info']//following-sibling::div[@class='rn_Notification_Actions']//button[@class='rn_Notification_Delete']//img[@class='bookmark_del_ico']]
[INFO ][05-Jun-2024 11:10:30 AM] Selenium_Wrapper.click:(205) - Clicking on :[[ChromeDriver: chrome on WINDOWS (8ba0356508c856f801ea142e967fdca5)] -> class name: knowledge]
[INFO ][05-Jun-2024 11:10:34 AM] Selenium_Wrapper.click:(205) - Clicking on :[[ChromeDriver: chrome on WINDOWS (8ba0356508c856f801ea142e967fdca5)] -> xpath: //input[@type='search']]
[INFO ][05-Jun-2024 11:10:35 AM] Selenium_Wrapper.enterText:(317) - Entering Text :Business Use Auto Loan in WebElement :[[ChromeDriver: chrome on WINDOWS (8ba0356508c856f801ea142e967fdca5)] -> xpath: //input[@type='search']]
[INFO ][05-Jun-2024 11:10:50 AM] Selenium_Wrapper.click:(205) - Clicking on :[[ChromeDriver: chrome on WINDOWS (8ba0356508c856f801ea142e967fdca5)] -> xpath: (//ul[text()='Suggested Search']//li//li)[1]]
[INFO ][05-Jun-2024 11:10:55 AM] Selenium_Wrapper.click:(205) - Clicking on :[[ChromeDriver: chrome on WINDOWS (8ba0356508c856f801ea142e967fdca5)] -> xpath: //div[@class='rn_SearchResultContent']//tbody//tr//div//span[@class='rn_Element1']//a]
[INFO ][05-Jun-2024 11:11:07 AM] Selenium_Wrapper.click:(205) - Clicking on :[[ChromeDriver: chrome on WINDOWS (8ba0356508c856f801ea142e967fdca5)] -> xpath: //div[contains(@class,'EmailAnswerLink')]//img[@class='share_icon_default']]
[INFO ][05-Jun-2024 11:11:09 AM] Selenium_Wrapper.click:(205) - Clicking on :[[ChromeDriver: chrome on WINDOWS (8ba0356508c856f801ea142e967fdca5)] -> xpath: //div[@id='rnDialog1']//input[@class='select2-search__field']]
[INFO ][05-Jun-2024 11:11:11 AM] Selenium_Wrapper.enterText:(317) - Entering Text :Aaron Brown in WebElement :[[ChromeDriver: chrome on WINDOWS (8ba0356508c856f801ea142e967fdca5)] -> xpath: //div[@id='rnDialog1']//input[@class='select2-search__field']]
[INFO ][05-Jun-2024 11:11:16 AM] Selenium_Wrapper.click:(205) - Clicking on :[[ChromeDriver: chrome on WINDOWS (8ba0356508c856f801ea142e967fdca5)] -> xpath: //ul[@class='select2-results__options']//li[text()='Aaron Brown']]
[INFO ][05-Jun-2024 11:11:18 AM] Selenium_Wrapper.click:(205) - Clicking on :[[ChromeDriver: chrome on WINDOWS (8ba0356508c856f801ea142e967fdca5)] -> xpath: //button[@class='yui3-button yui3-button-close']]
[INFO ][05-Jun-2024 11:11:31 AM] Selenium_Wrapper.click:(205) - Clicking on :[[ChromeDriver: chrome on WINDOWS (8ba0356508c856f801ea142e967fdca5)] -> xpath: //div[@id='formsResources_panel']//div[@id='formsResources_headingOne']]
[INFO ][05-Jun-2024 11:11:40 AM] Selenium_Wrapper.clickUsingActions:(255) - Clicking on :[[ChromeDriver: chrome on WINDOWS (8ba0356508c856f801ea142e967fdca5)] -> xpath: (//ul[@class='formsResources']//ul//li/a)[2]]
[INFO ][05-Jun-2024 11:12:30 AM] Selenium_Wrapper.click:(205) - Clicking on :[[ChromeDriver: chrome on WINDOWS (8ba0356508c856f801ea142e967fdca5)] -> class name: knowledge]
[INFO ][05-Jun-2024 11:12:37 AM] Selenium_Wrapper.click:(205) - Clicking on :[[ChromeDriver: chrome on WINDOWS (8ba0356508c856f801ea142e967fdca5)] -> xpath: //input[@type='search']]
[INFO ][05-Jun-2024 11:12:38 AM] Selenium_Wrapper.enterText:(317) - Entering Text :Business Use Auto Loan in WebElement :[[ChromeDriver: chrome on WINDOWS (8ba0356508c856f801ea142e967fdca5)] -> xpath: //input[@type='search']]
[INFO ][05-Jun-2024 11:13:00 AM] Selenium_Wrapper.click:(205) - Clicking on :[[ChromeDriver: chrome on WINDOWS (8ba0356508c856f801ea142e967fdca5)] -> xpath: (//ul[text()='Suggested Search']//li//li)[1]]
[INFO ][05-Jun-2024 11:13:06 AM] Selenium_Wrapper.click:(205) - Clicking on :[[ChromeDriver: chrome on WINDOWS (8ba0356508c856f801ea142e967fdca5)] -> xpath: //div[@class='rn_SearchResultContent']//tbody//tr//div//span[@class='rn_Element1']//a]
[INFO ][05-Jun-2024 11:14:08 AM] Selenium_Wrapper.click:(205) - Clicking on :[[ChromeDriver: chrome on WINDOWS (8ba0356508c856f801ea142e967fdca5)] -> xpath: //button[@class='rn_RecommendContentButton p-0']]
[INFO ][05-Jun-2024 11:14:09 AM] Selenium_Wrapper.enterText:(317) - Entering Text :Test Improve, comments, updates in WebElement :[[ChromeDriver: chrome on WINDOWS (8ba0356508c856f801ea142e967fdca5)] -> xpath: //div[@id='rnDialog1_c']//textarea[contains(@id,RequestUpdate)]]
[INFO ][05-Jun-2024 11:14:11 AM] Selenium_Wrapper.click:(205) - Clicking on :[[ChromeDriver: chrome on WINDOWS (8ba0356508c856f801ea142e967fdca5)] -> xpath: //button[@class='yui3-button yui3-button-close']]
[INFO ][05-Jun-2024 11:14:21 AM] Selenium_Wrapper.click:(205) - Clicking on :[[ChromeDriver: chrome on WINDOWS (8ba0356508c856f801ea142e967fdca5)] -> id: relatedPages_headingOne]
[INFO ][05-Jun-2024 11:14:24 AM] Selenium_Wrapper.click:(205) - Clicking on :[[ChromeDriver: chrome on WINDOWS (8ba0356508c856f801ea142e967fdca5)] -> id: relatedPages_headingOne]
[INFO ][05-Jun-2024 11:14:31 AM] Selenium_Wrapper.enterText:(317) - Entering Text :Business Use Auto Loan in WebElement :[[ChromeDriver: chrome on WINDOWS (8ba0356508c856f801ea142e967fdca5)] -> xpath: //div[contains(@class,'input-group')]//input[@type='search']]
[INFO ][05-Jun-2024 11:14:43 AM] Selenium_Wrapper.click:(205) - Clicking on :[[ChromeDriver: chrome on WINDOWS (8ba0356508c856f801ea142e967fdca5)] -> xpath: //ul[@aria-label='Suggested Search']//li[@class='rn_SuggestionItem'][normalize-space()='Business Use Auto Loan']]
[INFO ][05-Jun-2024 11:15:06 AM] Selenium_Wrapper.click:(205) - Clicking on :[[ChromeDriver: chrome on WINDOWS (8ba0356508c856f801ea142e967fdca5)] -> class name: knowledge]
[INFO ][05-Jun-2024 11:15:09 AM] Selenium_Wrapper.closeCurrentBrowser:(657) - Closing the current Browser
