[INFO ][07-May-2024 11:08:05 AM] Selenium_Wrapper.openBrowser:(54) - Opening chrome browser.
[INFO ][07-May-2024 11:08:16 AM] Selenium_Wrapper.enterURL:(88) - Entering url :https://macu1--tst1.custhelp.com/app/home
[INFO ][07-May-2024 11:08:21 AM] Selenium_Wrapper.enterText:(317) - Entering Text :swamyk in WebElement :[[ChromeDriver: chrome on WINDOWS (bc5c58369a31f0a9431e7ee496b7472f)] -> id: rn_LoginForm_2_Username]
[INFO ][07-May-2024 11:08:22 AM] Selenium_Wrapper.enterText:(317) - Entering Text :Soft@123 in WebElement :[[ChromeDriver: chrome on WINDOWS (bc5c58369a31f0a9431e7ee496b7472f)] -> id: rn_LoginForm_2_Password]
[INFO ][07-May-2024 11:08:26 AM] Selenium_Wrapper.click:(205) - Clicking on :[[ChromeDriver: chrome on WINDOWS (bc5c58369a31f0a9431e7ee496b7472f)] -> id: rn_LoginForm_2_Submit]
[INFO ][07-May-2024 11:08:32 AM] Selenium_Wrapper.click:(205) - Clicking on :[[ChromeDriver: chrome on WINDOWS (bc5c58369a31f0a9431e7ee496b7472f)] -> xpath: //input[@type='search']]
[INFO ][07-May-2024 11:08:34 AM] Selenium_Wrapper.enterText:(317) - Entering Text :Business Use Auto Loan in WebElement :[[ChromeDriver: chrome on WINDOWS (bc5c58369a31f0a9431e7ee496b7472f)] -> xpath: //input[@type='search']]
[INFO ][07-May-2024 11:08:45 AM] Selenium_Wrapper.click:(205) - Clicking on :[[ChromeDriver: chrome on WINDOWS (bc5c58369a31f0a9431e7ee496b7472f)] -> xpath: (//div[@class='yui3-aclist-content']//li//li)[1]]
[INFO ][07-May-2024 11:08:50 AM] Selenium_Wrapper.click:(205) - Clicking on :[[ChromeDriver: chrome on WINDOWS (bc5c58369a31f0a9431e7ee496b7472f)] -> xpath: (//div[@class='rn_SearchResultContent']//a)[1]]
[INFO ][07-May-2024 11:09:09 AM] Selenium_Wrapper.click:(205) - Clicking on :[[ChromeDriver: chrome on WINDOWS (bc5c58369a31f0a9431e7ee496b7472f)] -> xpath: //div[@class='main_image_div']//div[@class='thumbs_up_down'][2]]
[INFO ][07-May-2024 11:09:17 AM] Selenium_Wrapper.click:(205) - Clicking on :[[ChromeDriver: chrome on WINDOWS (bc5c58369a31f0a9431e7ee496b7472f)] -> xpath: //textarea[@class='rn_DocumentTextArea']]
[INFO ][07-May-2024 11:09:18 AM] Selenium_Wrapper.enterText:(317) - Entering Text :Flexible Work - ThumbDown Comments in WebElement :[[ChromeDriver: chrome on WINDOWS (bc5c58369a31f0a9431e7ee496b7472f)] -> xpath: //textarea[@class='rn_DocumentTextArea']]
[INFO ][07-May-2024 11:09:21 AM] Selenium_Wrapper.click:(205) - Clicking on :[[ChromeDriver: chrome on WINDOWS (bc5c58369a31f0a9431e7ee496b7472f)] -> xpath: //button[text()='SUBMIT']]
[INFO ][07-May-2024 11:09:23 AM] Selenium_Wrapper.click:(205) - Clicking on :[[ChromeDriver: chrome on WINDOWS (bc5c58369a31f0a9431e7ee496b7472f)] -> xpath: //button[@class='yui3-button yui3-button-close']]
[INFO ][07-May-2024 11:09:27 AM] Selenium_Wrapper.click:(205) - Clicking on :[[ChromeDriver: chrome on WINDOWS (bc5c58369a31f0a9431e7ee496b7472f)] -> xpath: //div[@class='dropdown']]
[INFO ][07-May-2024 11:09:34 AM] Selenium_Wrapper.click:(205) - Clicking on :[[ChromeDriver: chrome on WINDOWS (bc5c58369a31f0a9431e7ee496b7472f)] -> xpath: //a[text()='My Feedback']]
[INFO ][07-May-2024 11:09:57 AM] Selenium_Wrapper.click:(205) - Clicking on :[[ChromeDriver: chrome on WINDOWS (bc5c58369a31f0a9431e7ee496b7472f)] -> xpath: ((//table//tbody)[2]//a)[1]]
[INFO ][07-May-2024 11:10:25 AM] Selenium_Wrapper.click:(205) - Clicking on :[[ChromeDriver: chrome on WINDOWS (bc5c58369a31f0a9431e7ee496b7472f)] -> class name: knowledge]
[INFO ][07-May-2024 11:10:27 AM] Selenium_Wrapper.closeCurrentBrowser:(657) - Closing the current Browser
[INFO ][07-May-2024 11:10:29 AM] Selenium_Wrapper.openBrowser:(54) - Opening chrome browser.
[INFO ][07-May-2024 11:10:38 AM] Selenium_Wrapper.enterURL:(88) - Entering url :https://macu1--tst1.custhelp.com/AgentWeb/
[INFO ][07-May-2024 11:10:42 AM] Selenium_Wrapper.enterText:(317) - Entering Text :automation_testing in WebElement :[[ChromeDriver: chrome on WINDOWS (3d2be1ee353951d040871304a134812d)] -> id: username]
[INFO ][07-May-2024 11:10:43 AM] Selenium_Wrapper.enterText:(317) - Entering Text :Welcome123 in WebElement :[[ChromeDriver: chrome on WINDOWS (3d2be1ee353951d040871304a134812d)] -> id: password]
[INFO ][07-May-2024 11:10:57 AM] Selenium_Wrapper.click:(205) - Clicking on :[[ChromeDriver: chrome on WINDOWS (3d2be1ee353951d040871304a134812d)] -> id: loginbutton]
[INFO ][07-May-2024 11:11:45 AM] Selenium_Wrapper.click:(205) - Clicking on :[[ChromeDriver: chrome on WINDOWS (3d2be1ee353951d040871304a134812d)] -> id: navigationSetBtn]
[INFO ][07-May-2024 11:11:49 AM] Selenium_Wrapper.click:(205) - Clicking on :[[ChromeDriver: chrome on WINDOWS (3d2be1ee353951d040871304a134812d)] -> xpath: //div[text()='Analytics']]
[INFO ][07-May-2024 11:11:51 AM] Selenium_Wrapper.click:(205) - Clicking on :[[ChromeDriver: chrome on WINDOWS (3d2be1ee353951d040871304a134812d)] -> xpath: //span[text()='Reports Explorer']]
[INFO ][07-May-2024 11:11:56 AM] Selenium_Wrapper.click:(205) - Clicking on :[[ChromeDriver: chrome on WINDOWS (3d2be1ee353951d040871304a134812d)] -> xpath: //div[text()='Public Reports']]
[INFO ][07-May-2024 11:11:58 AM] Selenium_Wrapper.click:(205) - Clicking on :[[ChromeDriver: chrome on WINDOWS (3d2be1ee353951d040871304a134812d)] -> xpath: //div[text()='MACU CUSTOM REPORTS']]
[INFO ][07-May-2024 11:12:00 AM] Selenium_Wrapper.click:(205) - Clicking on :[[ChromeDriver: chrome on WINDOWS (3d2be1ee353951d040871304a134812d)] -> xpath: //div[text()='SoftClouds']]
[INFO ][07-May-2024 11:12:03 AM] Selenium_Wrapper.click:(205) - Clicking on :[[ChromeDriver: chrome on WINDOWS (3d2be1ee353951d040871304a134812d)] -> xpath: //div[text()='OKCS']]
[INFO ][07-May-2024 11:12:05 AM] Selenium_Wrapper.click:(205) - Clicking on :[[ChromeDriver: chrome on WINDOWS (3d2be1ee353951d040871304a134812d)] -> xpath: //div[text()='Archived Reports']]
[INFO ][07-May-2024 11:12:17 AM] Selenium_Wrapper.doubleClick:(286) - Double clicking on :[[ChromeDriver: chrome on WINDOWS (3d2be1ee353951d040871304a134812d)] -> xpath: //div[@class='explorer-right-panel']//div[@class='explorer-data-grid']//span[text()='Feedback Admin Report (old)']]
[INFO ][07-May-2024 11:12:31 AM] Selenium_Wrapper.click:(205) - Clicking on :[[ChromeDriver: chrome on WINDOWS (3d2be1ee353951d040871304a134812d)] -> xpath: //div[@class='container wsx-flex']//div[@class='analyticsTopSection']//div[@class='select-box-root select-box-display-text-active']]
[INFO ][07-May-2024 11:12:33 AM] Selenium_Wrapper.click:(205) - Clicking on :[[ChromeDriver: chrome on WINDOWS (3d2be1ee353951d040871304a134812d)] -> xpath: (//span[text()='Search'])[2]]
[INFO ][07-May-2024 11:12:42 AM] Selenium_Wrapper.doubleClick:(286) - Double clicking on :[[ChromeDriver: chrome on WINDOWS (3d2be1ee353951d040871304a134812d)] -> xpath: //div[@class='container wsx-flex']//div[contains(@column-id,'2')][1]]
[INFO ][07-May-2024 11:12:54 AM] Selenium_Wrapper.click:(205) - Clicking on :[[ChromeDriver: chrome on WINDOWS (3d2be1ee353951d040871304a134812d)] -> xpath: //span[text()='Messages']]
[INFO ][07-May-2024 11:12:56 AM] Selenium_Wrapper.click:(205) - Clicking on :[[ChromeDriver: chrome on WINDOWS (3d2be1ee353951d040871304a134812d)] -> xpath: //div[contains(@class,'cke_wysiwyg_div ')]]
[INFO ][07-May-2024 11:12:57 AM] Selenium_Wrapper.enterText:(317) - Entering Text :It is working as per Expected in WebElement :[[ChromeDriver: chrome on WINDOWS (3d2be1ee353951d040871304a134812d)] -> xpath: //div[contains(@class,'cke_wysiwyg_div ')]]
[INFO ][07-May-2024 11:13:00 AM] Selenium_Wrapper.click:(205) - Clicking on :[[ChromeDriver: chrome on WINDOWS (3d2be1ee353951d040871304a134812d)] -> xpath: //div[@class='ws-toolbar-button-image bui-icon save-icon fa-lg']]
[INFO ][07-May-2024 11:13:02 AM] Selenium_Wrapper.click:(205) - Clicking on :[[ChromeDriver: chrome on WINDOWS (3d2be1ee353951d040871304a134812d)] -> xpath: //span[text()='Summary']]
[INFO ][07-May-2024 11:13:09 AM] Selenium_Wrapper.clickUsingActions:(255) - Clicking on :[[ChromeDriver: chrome on WINDOWS (3d2be1ee353951d040871304a134812d)] -> xpath: (//div[text()='Waiting'])[2]]
[INFO ][07-May-2024 11:13:13 AM] Selenium_Wrapper.click:(205) - Clicking on :[[ChromeDriver: chrome on WINDOWS (3d2be1ee353951d040871304a134812d)] -> xpath: (//div[@title='Solved'])[1]]
[INFO ][07-May-2024 11:13:18 AM] Selenium_Wrapper.click:(205) - Clicking on :[[ChromeDriver: chrome on WINDOWS (3d2be1ee353951d040871304a134812d)] -> xpath: //div[@class='ws-toolbar-button-image bui-icon save-icon fa-lg']]
