[INFO ][04-Dec-2023 11:06:17 AM] Selenium_Wrapper.openBrowser:(48) - Opening chrome browser.
[INFO ][04-Dec-2023 11:06:25 AM] Selenium_Wrapper.enterURL:(82) - Entering url :https://macu1--tst1.custhelp.com/app/home
[INFO ][04-Dec-2023 11:06:29 AM] Selenium_Wrapper.enterText:(311) - Entering Text :swamyk in WebElement :[[ChromeDriver: chrome on WINDOWS (dbef069bc333a34e7dcc8de70001e9ab)] -> id: rn_LoginForm_2_Username]
[INFO ][04-Dec-2023 11:06:31 AM] Selenium_Wrapper.enterText:(311) - Entering Text :Soft@123 in WebElement :[[ChromeDriver: chrome on WINDOWS (dbef069bc333a34e7dcc8de70001e9ab)] -> id: rn_LoginForm_2_Password]
[INFO ][04-Dec-2023 11:06:38 AM] Selenium_Wrapper.click:(199) - Clicking on :[[ChromeDriver: chrome on WINDOWS (dbef069bc333a34e7dcc8de70001e9ab)] -> id: rn_LoginForm_2_Submit]
[INFO ][04-Dec-2023 11:06:47 AM] Selenium_Wrapper.click:(199) - Clicking on :[[ChromeDriver: chrome on WINDOWS (dbef069bc333a34e7dcc8de70001e9ab)] -> xpath: //input[@type='search']]
[INFO ][04-Dec-2023 11:06:49 AM] Selenium_Wrapper.enterText:(311) - Entering Text :Business Auto Loan - ALPS 1.0 in WebElement :[[ChromeDriver: chrome on WINDOWS (dbef069bc333a34e7dcc8de70001e9ab)] -> xpath: //input[@type='search']]
[INFO ][04-Dec-2023 11:07:08 AM] Selenium_Wrapper.click:(199) - Clicking on :[[ChromeDriver: chrome on WINDOWS (dbef069bc333a34e7dcc8de70001e9ab)] -> xpath: (//ul[text()='Suggested Search']//li//li)[1]]
[INFO ][04-Dec-2023 11:07:15 AM] Selenium_Wrapper.click:(199) - Clicking on :[[ChromeDriver: chrome on WINDOWS (dbef069bc333a34e7dcc8de70001e9ab)] -> xpath: //div[@class='rn_SearchResultContent']//tbody//tr//div//span[@class='rn_Element1']//a]
[INFO ][04-Dec-2023 11:07:27 AM] Selenium_Wrapper.click:(199) - Clicking on :[[ChromeDriver: chrome on WINDOWS (dbef069bc333a34e7dcc8de70001e9ab)] -> xpath: //a[contains(@class,'bookmarkedFilled')]//img[@class='bookmark_icon_red']]
[INFO ][04-Dec-2023 11:07:46 AM] Selenium_Wrapper.click:(199) - Clicking on :[[ChromeDriver: chrome on WINDOWS (dbef069bc333a34e7dcc8de70001e9ab)] -> xpath: //a[@class='add_bookmarkButton']//img[@class='bookmark_icon_blank']]
[INFO ][04-Dec-2023 11:07:53 AM] Selenium_Wrapper.click:(199) - Clicking on :[[ChromeDriver: chrome on WINDOWS (dbef069bc333a34e7dcc8de70001e9ab)] -> xpath: //div[@class='dropdown']]
[INFO ][04-Dec-2023 11:08:01 AM] Selenium_Wrapper.click:(199) - Clicking on :[[ChromeDriver: chrome on WINDOWS (dbef069bc333a34e7dcc8de70001e9ab)] -> xpath: //div[@class='data Custom-data']//a[text()='My Bookmarks']]
[INFO ][04-Dec-2023 11:08:22 AM] Selenium_Wrapper.click:(199) - Clicking on :[[ChromeDriver: chrome on WINDOWS (dbef069bc333a34e7dcc8de70001e9ab)] -> xpath: //a[contains(text(),'Business Auto Loan - ALPS 1.0')]//parent::div[@class='rn_Notification_Info']//following-sibling::div[@class='rn_Notification_Actions']//button[@class='rn_Notification_Delete']//img[@class='bookmark_del_ico']]
[INFO ][04-Dec-2023 11:08:43 AM] Selenium_Wrapper.click:(199) - Clicking on :[[ChromeDriver: chrome on WINDOWS (dbef069bc333a34e7dcc8de70001e9ab)] -> class name: knowledge]
[INFO ][04-Dec-2023 11:08:50 AM] Selenium_Wrapper.click:(199) - Clicking on :[[ChromeDriver: chrome on WINDOWS (dbef069bc333a34e7dcc8de70001e9ab)] -> xpath: //input[@type='search']]
[INFO ][04-Dec-2023 11:08:51 AM] Selenium_Wrapper.enterText:(311) - Entering Text :Business Auto Loan - ALPS 1.0 in WebElement :[[ChromeDriver: chrome on WINDOWS (dbef069bc333a34e7dcc8de70001e9ab)] -> xpath: //input[@type='search']]
[INFO ][04-Dec-2023 11:08:59 AM] Selenium_Wrapper.click:(199) - Clicking on :[[ChromeDriver: chrome on WINDOWS (dbef069bc333a34e7dcc8de70001e9ab)] -> xpath: (//ul[text()='Suggested Search']//li//li)[1]]
[INFO ][04-Dec-2023 11:09:07 AM] Selenium_Wrapper.click:(199) - Clicking on :[[ChromeDriver: chrome on WINDOWS (dbef069bc333a34e7dcc8de70001e9ab)] -> xpath: //div[@class='rn_SearchResultContent']//tbody//tr//div//span[@class='rn_Element1']//a]
[INFO ][04-Dec-2023 11:09:17 AM] Selenium_Wrapper.click:(199) - Clicking on :[[ChromeDriver: chrome on WINDOWS (dbef069bc333a34e7dcc8de70001e9ab)] -> xpath: //div[contains(@class,'EmailAnswerLink')]//img[@class='share_icon_default']]
[INFO ][04-Dec-2023 11:09:22 AM] Selenium_Wrapper.click:(199) - Clicking on :[[ChromeDriver: chrome on WINDOWS (dbef069bc333a34e7dcc8de70001e9ab)] -> xpath: //div[@id='rnDialog1']//input[@class='select2-search__field']]
[INFO ][04-Dec-2023 11:09:24 AM] Selenium_Wrapper.enterText:(311) - Entering Text :Aaron Brown in WebElement :[[ChromeDriver: chrome on WINDOWS (dbef069bc333a34e7dcc8de70001e9ab)] -> xpath: //div[@id='rnDialog1']//input[@class='select2-search__field']]
[INFO ][04-Dec-2023 11:09:32 AM] Selenium_Wrapper.click:(199) - Clicking on :[[ChromeDriver: chrome on WINDOWS (dbef069bc333a34e7dcc8de70001e9ab)] -> xpath: //ul[@class='select2-results__options']//li[text()='Aaron Brown']]
[INFO ][04-Dec-2023 11:09:37 AM] Selenium_Wrapper.click:(199) - Clicking on :[[ChromeDriver: chrome on WINDOWS (dbef069bc333a34e7dcc8de70001e9ab)] -> xpath: //button[@class='yui3-button yui3-button-close']]
[INFO ][04-Dec-2023 11:09:52 AM] Selenium_Wrapper.click:(199) - Clicking on :[[ChromeDriver: chrome on WINDOWS (dbef069bc333a34e7dcc8de70001e9ab)] -> xpath: //div[@id='formsResources_panel']//div[@id='formsResources_headingOne']]
[INFO ][04-Dec-2023 11:10:01 AM] Selenium_Wrapper.clickUsingActions:(249) - Clicking on :[[ChromeDriver: chrome on WINDOWS (dbef069bc333a34e7dcc8de70001e9ab)] -> xpath: (//ul[@class='formsResources']//ul//li/a)[2]]
[INFO ][04-Dec-2023 11:10:30 AM] Selenium_Wrapper.click:(199) - Clicking on :[[ChromeDriver: chrome on WINDOWS (dbef069bc333a34e7dcc8de70001e9ab)] -> xpath: //li[@class='breadcrumb-item']//a]
[INFO ][04-Dec-2023 11:10:45 AM] Selenium_Wrapper.click:(199) - Clicking on :[[ChromeDriver: chrome on WINDOWS (dbef069bc333a34e7dcc8de70001e9ab)] -> class name: knowledge]
[INFO ][04-Dec-2023 11:10:55 AM] Selenium_Wrapper.click:(199) - Clicking on :[[ChromeDriver: chrome on WINDOWS (dbef069bc333a34e7dcc8de70001e9ab)] -> xpath: //input[@type='search']]
[INFO ][04-Dec-2023 11:10:57 AM] Selenium_Wrapper.enterText:(311) - Entering Text :Business Auto Loan - ALPS 1.0 in WebElement :[[ChromeDriver: chrome on WINDOWS (dbef069bc333a34e7dcc8de70001e9ab)] -> xpath: //input[@type='search']]
[INFO ][04-Dec-2023 11:11:15 AM] Selenium_Wrapper.click:(199) - Clicking on :[[ChromeDriver: chrome on WINDOWS (dbef069bc333a34e7dcc8de70001e9ab)] -> xpath: (//ul[text()='Suggested Search']//li//li)[1]]
[INFO ][04-Dec-2023 11:11:25 AM] Selenium_Wrapper.click:(199) - Clicking on :[[ChromeDriver: chrome on WINDOWS (dbef069bc333a34e7dcc8de70001e9ab)] -> xpath: //div[@class='rn_SearchResultContent']//tbody//tr//div//span[@class='rn_Element1']//a]
[INFO ][04-Dec-2023 11:12:22 AM] Selenium_Wrapper.click:(199) - Clicking on :[[ChromeDriver: chrome on WINDOWS (dbef069bc333a34e7dcc8de70001e9ab)] -> xpath: //button[@class='rn_RecommendContentButton p-0']]
[INFO ][04-Dec-2023 11:12:23 AM] Selenium_Wrapper.enterText:(311) - Entering Text :Test Improve, comments, updates in WebElement :[[ChromeDriver: chrome on WINDOWS (dbef069bc333a34e7dcc8de70001e9ab)] -> xpath: //div[@id='rnDialog1_c']//textarea[contains(@id,RequestUpdate)]]
[INFO ][04-Dec-2023 11:12:28 AM] Selenium_Wrapper.click:(199) - Clicking on :[[ChromeDriver: chrome on WINDOWS (dbef069bc333a34e7dcc8de70001e9ab)] -> xpath: //button[@class='yui3-button yui3-button-close']]
[INFO ][04-Dec-2023 11:12:40 AM] Selenium_Wrapper.click:(199) - Clicking on :[[ChromeDriver: chrome on WINDOWS (dbef069bc333a34e7dcc8de70001e9ab)] -> id: relatedPages_headingOne]
[INFO ][04-Dec-2023 11:12:46 AM] Selenium_Wrapper.click:(199) - Clicking on :[[ChromeDriver: chrome on WINDOWS (dbef069bc333a34e7dcc8de70001e9ab)] -> id: relatedPages_headingOne]
[INFO ][04-Dec-2023 11:12:53 AM] Selenium_Wrapper.enterText:(311) - Entering Text :Business Auto Loan - ALPS 1.0 in WebElement :[[ChromeDriver: chrome on WINDOWS (dbef069bc333a34e7dcc8de70001e9ab)] -> xpath: //div[contains(@class,'input-group')]//input[@type='search']]
[INFO ][04-Dec-2023 11:13:05 AM] Selenium_Wrapper.click:(199) - Clicking on :[[ChromeDriver: chrome on WINDOWS (dbef069bc333a34e7dcc8de70001e9ab)] -> xpath: //ul[@aria-label='Suggested Search']//li[@class='rn_SuggestionItem'][normalize-space()='Business Auto Loan - ALPS 1.0']]
[INFO ][04-Dec-2023 11:13:21 AM] Selenium_Wrapper.click:(199) - Clicking on :[[ChromeDriver: chrome on WINDOWS (dbef069bc333a34e7dcc8de70001e9ab)] -> class name: knowledge]
