[INFO ][24-Feb-2023 23:01:21 PM] Selenium_Wrapper.openBrowser:(48) - Opening chrome browser.
[INFO ][24-Feb-2023 23:01:29 PM] Selenium_Wrapper.enterURL:(82) - Entering url :https://macu1--upgrade.custhelp.com/
[INFO ][24-Feb-2023 23:01:33 PM] Selenium_Wrapper.enterText:(311) - Entering Text :automation_testing in WebElement :[[ChromeDriver: chrome on WINDOWS (8cf6a709b52063ad074300d72b230684)] -> id: rn_LoginForm_2_Username]
[INFO ][24-Feb-2023 23:01:34 PM] Selenium_Wrapper.enterText:(311) - Entering Text :Soft@123 in WebElement :[[ChromeDriver: chrome on WINDOWS (8cf6a709b52063ad074300d72b230684)] -> id: rn_LoginForm_2_Password]
[INFO ][24-Feb-2023 23:01:41 PM] Selenium_Wrapper.click:(199) - Clicking on :[[ChromeDriver: chrome on WINDOWS (8cf6a709b52063ad074300d72b230684)] -> id: rn_LoginForm_2_Submit]
[INFO ][24-Feb-2023 23:01:50 PM] Selenium_Wrapper.click:(199) - Clicking on :[[ChromeDriver: chrome on WINDOWS (8cf6a709b52063ad074300d72b230684)] -> xpath: //input[@type='search']]
[INFO ][24-Feb-2023 23:01:51 PM] Selenium_Wrapper.enterText:(311) - Entering Text :Business Auto Loan in WebElement :[[ChromeDriver: chrome on WINDOWS (8cf6a709b52063ad074300d72b230684)] -> xpath: //input[@type='search']]
[INFO ][24-Feb-2023 23:02:07 PM] Selenium_Wrapper.click:(199) - Clicking on :[[ChromeDriver: chrome on WINDOWS (8cf6a709b52063ad074300d72b230684)] -> xpath: //ul[@aria-label='Suggested Search']//li[normalize-space()= 'Business Auto Loan' ]]
[INFO ][24-Feb-2023 23:02:14 PM] Selenium_Wrapper.click:(199) - Clicking on :[[ChromeDriver: chrome on WINDOWS (8cf6a709b52063ad074300d72b230684)] -> xpath: //div[@class='rn_SearchResultContent']//a[text()='Business Auto Loan']]
[INFO ][24-Feb-2023 23:02:30 PM] Selenium_Wrapper.click:(199) - Clicking on :[[ChromeDriver: chrome on WINDOWS (8cf6a709b52063ad074300d72b230684)] -> xpath: //div[@class='main_image_div']//div[@class='thumbs_up_down'][2]]
[INFO ][24-Feb-2023 23:02:42 PM] Selenium_Wrapper.click:(199) - Clicking on :[[ChromeDriver: chrome on WINDOWS (8cf6a709b52063ad074300d72b230684)] -> id: rn_AnswerRating_3_22_FeedbackMessage]
[INFO ][24-Feb-2023 23:02:43 PM] Selenium_Wrapper.enterText:(311) - Entering Text :Flexible Work - ThumbDown Comments in WebElement :[[ChromeDriver: chrome on WINDOWS (8cf6a709b52063ad074300d72b230684)] -> id: rn_AnswerRating_3_22_FeedbackMessage]
[INFO ][24-Feb-2023 23:02:48 PM] Selenium_Wrapper.click:(199) - Clicking on :[[ChromeDriver: chrome on WINDOWS (8cf6a709b52063ad074300d72b230684)] -> xpath: //button[text()='SUBMIT']]
[INFO ][24-Feb-2023 23:02:54 PM] Selenium_Wrapper.click:(199) - Clicking on :[[ChromeDriver: chrome on WINDOWS (8cf6a709b52063ad074300d72b230684)] -> xpath: //button[@class='yui3-button yui3-button-close']]
[INFO ][24-Feb-2023 23:03:01 PM] Selenium_Wrapper.click:(199) - Clicking on :[[ChromeDriver: chrome on WINDOWS (8cf6a709b52063ad074300d72b230684)] -> xpath: //div[@class='dropdown']]
[INFO ][24-Feb-2023 23:03:11 PM] Selenium_Wrapper.click:(199) - Clicking on :[[ChromeDriver: chrome on WINDOWS (8cf6a709b52063ad074300d72b230684)] -> xpath: //a[text()='My Feedback']]
[INFO ][24-Feb-2023 23:03:38 PM] Selenium_Wrapper.click:(199) - Clicking on :[[ChromeDriver: chrome on WINDOWS (8cf6a709b52063ad074300d72b230684)] -> xpath: ((//table//tbody)[2]//a)[1]]
[INFO ][24-Feb-2023 23:04:13 PM] Selenium_Wrapper.click:(199) - Clicking on :[[ChromeDriver: chrome on WINDOWS (8cf6a709b52063ad074300d72b230684)] -> class name: knowledge]
[INFO ][24-Feb-2023 23:04:15 PM] Selenium_Wrapper.closeCurrentBrowser:(651) - Closing the current Browser
[INFO ][24-Feb-2023 23:04:17 PM] Selenium_Wrapper.openBrowser:(48) - Opening chrome browser.
[INFO ][24-Feb-2023 23:04:25 PM] Selenium_Wrapper.enterURL:(82) - Entering url :https://macu1--upgrade.custhelp.com/AgentWeb/
[INFO ][24-Feb-2023 23:04:29 PM] Selenium_Wrapper.enterText:(311) - Entering Text :automation_testing in WebElement :[[ChromeDriver: chrome on WINDOWS (3c6eabe4769513bdf1eb669863b7b2de)] -> id: username]
[INFO ][24-Feb-2023 23:04:30 PM] Selenium_Wrapper.enterText:(311) - Entering Text :Welcome123 in WebElement :[[ChromeDriver: chrome on WINDOWS (3c6eabe4769513bdf1eb669863b7b2de)] -> id: password]
[INFO ][24-Feb-2023 23:04:59 PM] Selenium_Wrapper.click:(199) - Clicking on :[[ChromeDriver: chrome on WINDOWS (3c6eabe4769513bdf1eb669863b7b2de)] -> id: loginbutton]
[INFO ][24-Feb-2023 23:05:19 PM] Selenium_Wrapper.click:(199) - Clicking on :[[ChromeDriver: chrome on WINDOWS (3c6eabe4769513bdf1eb669863b7b2de)] -> id: navigationSetBtn]
[INFO ][24-Feb-2023 23:05:27 PM] Selenium_Wrapper.click:(199) - Clicking on :[[ChromeDriver: chrome on WINDOWS (3c6eabe4769513bdf1eb669863b7b2de)] -> xpath: (//div[text()='Analytics']//a)]
[INFO ][24-Feb-2023 23:05:32 PM] Selenium_Wrapper.click:(199) - Clicking on :[[ChromeDriver: chrome on WINDOWS (3c6eabe4769513bdf1eb669863b7b2de)] -> xpath: //span[text()='Reports Explorer']]
[INFO ][24-Feb-2023 23:05:38 PM] Selenium_Wrapper.click:(199) - Clicking on :[[ChromeDriver: chrome on WINDOWS (3c6eabe4769513bdf1eb669863b7b2de)] -> xpath: //div[text()='Public Reports']]
[INFO ][24-Feb-2023 23:05:43 PM] Selenium_Wrapper.click:(199) - Clicking on :[[ChromeDriver: chrome on WINDOWS (3c6eabe4769513bdf1eb669863b7b2de)] -> xpath: //div[text()='MACU CUSTOM REPORTS']]
[INFO ][24-Feb-2023 23:05:48 PM] Selenium_Wrapper.click:(199) - Clicking on :[[ChromeDriver: chrome on WINDOWS (3c6eabe4769513bdf1eb669863b7b2de)] -> xpath: //div[text()='SoftClouds']]
[INFO ][24-Feb-2023 23:05:54 PM] Selenium_Wrapper.click:(199) - Clicking on :[[ChromeDriver: chrome on WINDOWS (3c6eabe4769513bdf1eb669863b7b2de)] -> xpath: //div[text()='OKCS']]
[INFO ][24-Feb-2023 23:06:06 PM] Selenium_Wrapper.doubleClick:(280) - Double clicking on :[[ChromeDriver: chrome on WINDOWS (3c6eabe4769513bdf1eb669863b7b2de)] -> xpath: //div[@class='explorer-right-panel']//div[@class='explorer-data-grid']//span[text()='Feedback Admin Report']]
[INFO ][24-Feb-2023 23:06:22 PM] Selenium_Wrapper.click:(199) - Clicking on :[[ChromeDriver: chrome on WINDOWS (3c6eabe4769513bdf1eb669863b7b2de)] -> xpath: //div[@class='container wsx-flex']//div[@class='analyticsTopSection']//div[@class='select-box-root select-box-display-text-active']]
[INFO ][24-Feb-2023 23:06:28 PM] Selenium_Wrapper.click:(199) - Clicking on :[[ChromeDriver: chrome on WINDOWS (3c6eabe4769513bdf1eb669863b7b2de)] -> xpath: //input[@aria-label='From']]
[INFO ][24-Feb-2023 23:06:28 PM] Selenium_Wrapper.clearTextBox:(295) - Cleared TextBox Field: [[ChromeDriver: chrome on WINDOWS (3c6eabe4769513bdf1eb669863b7b2de)] -> xpath: //input[@aria-label='From']]
[INFO ][24-Feb-2023 23:06:29 PM] Selenium_Wrapper.enterText:(311) - Entering Text :09/10/2021 in WebElement :[[ChromeDriver: chrome on WINDOWS (3c6eabe4769513bdf1eb669863b7b2de)] -> xpath: //input[@aria-label='From']]
[INFO ][24-Feb-2023 23:06:35 PM] Selenium_Wrapper.click:(199) - Clicking on :[[ChromeDriver: chrome on WINDOWS (3c6eabe4769513bdf1eb669863b7b2de)] -> xpath: //span[@id='_oj40|text']//span[text()='Search']]
[INFO ][24-Feb-2023 23:06:44 PM] Selenium_Wrapper.doubleClick:(280) - Double clicking on :[[ChromeDriver: chrome on WINDOWS (3c6eabe4769513bdf1eb669863b7b2de)] -> xpath: //div[@class='container wsx-flex']//div[contains(@column-id,'2')][1]]
[INFO ][24-Feb-2023 23:06:58 PM] Selenium_Wrapper.click:(199) - Clicking on :[[ChromeDriver: chrome on WINDOWS (3c6eabe4769513bdf1eb669863b7b2de)] -> xpath: //span[text()='Messages']]
[INFO ][24-Feb-2023 23:07:04 PM] Selenium_Wrapper.click:(199) - Clicking on :[[ChromeDriver: chrome on WINDOWS (3c6eabe4769513bdf1eb669863b7b2de)] -> xpath: //div[contains(@class,'cke_wysiwyg_div ')]]
[INFO ][24-Feb-2023 23:07:05 PM] Selenium_Wrapper.enterText:(311) - Entering Text :It is working as per Expected in WebElement :[[ChromeDriver: chrome on WINDOWS (3c6eabe4769513bdf1eb669863b7b2de)] -> xpath: //div[contains(@class,'cke_wysiwyg_div ')]]
[INFO ][24-Feb-2023 23:07:10 PM] Selenium_Wrapper.click:(199) - Clicking on :[[ChromeDriver: chrome on WINDOWS (3c6eabe4769513bdf1eb669863b7b2de)] -> xpath: //div[@class='ws-toolbar-button-image bui-icon save-icon fa-lg']]
[INFO ][24-Feb-2023 23:07:16 PM] Selenium_Wrapper.click:(199) - Clicking on :[[ChromeDriver: chrome on WINDOWS (3c6eabe4769513bdf1eb669863b7b2de)] -> xpath: //span[text()='Summary']]
[INFO ][24-Feb-2023 23:07:23 PM] Selenium_Wrapper.clickUsingActions:(249) - Clicking on :[[ChromeDriver: chrome on WINDOWS (3c6eabe4769513bdf1eb669863b7b2de)] -> xpath: //div[contains(@id,'Incident_Status')][@class='display-text']]
[INFO ][24-Feb-2023 23:07:30 PM] Selenium_Wrapper.click:(199) - Clicking on :[[ChromeDriver: chrome on WINDOWS (3c6eabe4769513bdf1eb669863b7b2de)] -> xpath: (//div[@title='Solved'])[1]]
[INFO ][24-Feb-2023 23:07:38 PM] Selenium_Wrapper.click:(199) - Clicking on :[[ChromeDriver: chrome on WINDOWS (3c6eabe4769513bdf1eb669863b7b2de)] -> xpath: //div[@class='ws-toolbar-button-image bui-icon save-icon fa-lg']]
[INFO ][24-Feb-2023 23:07:47 PM] Selenium_Wrapper.click:(199) - Clicking on :[[ChromeDriver: chrome on WINDOWS (3c6eabe4769513bdf1eb669863b7b2de)] -> xpath: (//a[@class='closeButton'])[3]]
[INFO ][24-Feb-2023 23:07:54 PM] Selenium_Wrapper.click:(199) - Clicking on :[[ChromeDriver: chrome on WINDOWS (3c6eabe4769513bdf1eb669863b7b2de)] -> xpath: (//a[@class='closeButton'])[2]]
[INFO ][24-Feb-2023 23:08:02 PM] Selenium_Wrapper.click:(199) - Clicking on :[[ChromeDriver: chrome on WINDOWS (3c6eabe4769513bdf1eb669863b7b2de)] -> xpath: (//a[@class='closeButton'])[1]]
[INFO ][24-Feb-2023 23:08:10 PM] Selenium_Wrapper.click:(199) - Clicking on :[[ChromeDriver: chrome on WINDOWS (3c6eabe4769513bdf1eb669863b7b2de)] -> xpath: //body//oj-avatar[@initials='[[userMenuLabel]]']]
[INFO ][24-Feb-2023 23:08:17 PM] Selenium_Wrapper.click:(199) - Clicking on :[[ChromeDriver: chrome on WINDOWS (3c6eabe4769513bdf1eb669863b7b2de)] -> xpath: //a//span[text()='Sign Out']]
[INFO ][24-Feb-2023 23:08:23 PM] Selenium_Wrapper.closeCurrentBrowser:(651) - Closing the current Browser
