[INFO ][05-Sep-2024 11:16:57 AM] Selenium_Wrapper.openBrowser:(54) - Opening chrome browser.
[INFO ][05-Sep-2024 11:17:08 AM] Selenium_Wrapper.enterURL:(88) - Entering url :https://macu1--tst1.custhelp.com/app/home
[INFO ][05-Sep-2024 11:17:12 AM] Selenium_Wrapper.enterText:(317) - Entering Text :swamyk in WebElement :[[ChromeDriver: chrome on WINDOWS (f209d0e7d6746175246b58552aa39b7b)] -> id: rn_LoginForm_2_Username]
[INFO ][05-Sep-2024 11:17:13 AM] Selenium_Wrapper.enterText:(317) - Entering Text :Soft@123 in WebElement :[[ChromeDriver: chrome on WINDOWS (f209d0e7d6746175246b58552aa39b7b)] -> id: rn_LoginForm_2_Password]
[INFO ][05-Sep-2024 11:17:17 AM] Selenium_Wrapper.click:(205) - Clicking on :[[ChromeDriver: chrome on WINDOWS (f209d0e7d6746175246b58552aa39b7b)] -> id: rn_LoginForm_2_Submit]
[INFO ][05-Sep-2024 11:17:27 AM] Selenium_Wrapper.click:(205) - Clicking on :[[ChromeDriver: chrome on WINDOWS (f209d0e7d6746175246b58552aa39b7b)] -> xpath: //input[@type='search']]
[INFO ][05-Sep-2024 11:17:28 AM] Selenium_Wrapper.enterText:(317) - Entering Text :Business Use Auto Loan in WebElement :[[ChromeDriver: chrome on WINDOWS (f209d0e7d6746175246b58552aa39b7b)] -> xpath: //input[@type='search']]
[INFO ][05-Sep-2024 11:17:46 AM] Selenium_Wrapper.click:(205) - Clicking on :[[ChromeDriver: chrome on WINDOWS (f209d0e7d6746175246b58552aa39b7b)] -> xpath: (//ul[text()='Suggested Search']//li//li)[1]]
[INFO ][05-Sep-2024 11:17:50 AM] Selenium_Wrapper.click:(205) - Clicking on :[[ChromeDriver: chrome on WINDOWS (f209d0e7d6746175246b58552aa39b7b)] -> xpath: //div[@class='rn_SearchResultContent']//tbody//tr//div//span[@class='rn_Element1']//a]
[INFO ][05-Sep-2024 11:18:00 AM] Selenium_Wrapper.click:(205) - Clicking on :[[ChromeDriver: chrome on WINDOWS (f209d0e7d6746175246b58552aa39b7b)] -> xpath: //a[contains(@class,'bookmarkedFilled')]//img[@class='bookmark_icon_red']]
[INFO ][05-Sep-2024 11:18:15 AM] Selenium_Wrapper.click:(205) - Clicking on :[[ChromeDriver: chrome on WINDOWS (f209d0e7d6746175246b58552aa39b7b)] -> xpath: //a[@class='add_bookmarkButton']//img[@class='bookmark_icon_blank']]
[INFO ][05-Sep-2024 11:18:19 AM] Selenium_Wrapper.click:(205) - Clicking on :[[ChromeDriver: chrome on WINDOWS (f209d0e7d6746175246b58552aa39b7b)] -> xpath: //div[@class='dropdown']]
[INFO ][05-Sep-2024 11:18:24 AM] Selenium_Wrapper.click:(205) - Clicking on :[[ChromeDriver: chrome on WINDOWS (f209d0e7d6746175246b58552aa39b7b)] -> xpath: //div[@class='data Custom-data']//a[text()='My Bookmarks']]
[INFO ][05-Sep-2024 11:18:43 AM] Selenium_Wrapper.click:(205) - Clicking on :[[ChromeDriver: chrome on WINDOWS (f209d0e7d6746175246b58552aa39b7b)] -> xpath: //a[contains(text(),'Business Use Auto Loan')]//parent::div[@class='rn_Notification_Info']//following-sibling::div[@class='rn_Notification_Actions']//button[@class='rn_Notification_Delete']//img[@class='bookmark_del_ico']]
[INFO ][05-Sep-2024 11:18:57 AM] Selenium_Wrapper.click:(205) - Clicking on :[[ChromeDriver: chrome on WINDOWS (f209d0e7d6746175246b58552aa39b7b)] -> class name: knowledge]
[INFO ][05-Sep-2024 11:19:01 AM] Selenium_Wrapper.click:(205) - Clicking on :[[ChromeDriver: chrome on WINDOWS (f209d0e7d6746175246b58552aa39b7b)] -> xpath: //input[@type='search']]
[INFO ][05-Sep-2024 11:19:03 AM] Selenium_Wrapper.enterText:(317) - Entering Text :Business Use Auto Loan in WebElement :[[ChromeDriver: chrome on WINDOWS (f209d0e7d6746175246b58552aa39b7b)] -> xpath: //input[@type='search']]
[INFO ][05-Sep-2024 11:19:08 AM] Selenium_Wrapper.click:(205) - Clicking on :[[ChromeDriver: chrome on WINDOWS (f209d0e7d6746175246b58552aa39b7b)] -> xpath: (//ul[text()='Suggested Search']//li//li)[1]]
[INFO ][05-Sep-2024 11:19:12 AM] Selenium_Wrapper.click:(205) - Clicking on :[[ChromeDriver: chrome on WINDOWS (f209d0e7d6746175246b58552aa39b7b)] -> xpath: //div[@class='rn_SearchResultContent']//tbody//tr//div//span[@class='rn_Element1']//a]
[INFO ][05-Sep-2024 11:19:19 AM] Selenium_Wrapper.click:(205) - Clicking on :[[ChromeDriver: chrome on WINDOWS (f209d0e7d6746175246b58552aa39b7b)] -> xpath: //div[contains(@class,'EmailAnswerLink')]//img[@class='share_icon_default']]
[INFO ][05-Sep-2024 11:19:21 AM] Selenium_Wrapper.click:(205) - Clicking on :[[ChromeDriver: chrome on WINDOWS (f209d0e7d6746175246b58552aa39b7b)] -> xpath: //div[@id='rnDialog1']//input[@class='select2-search__field']]
[INFO ][05-Sep-2024 11:19:22 AM] Selenium_Wrapper.enterText:(317) - Entering Text :Aaron Brown in WebElement :[[ChromeDriver: chrome on WINDOWS (f209d0e7d6746175246b58552aa39b7b)] -> xpath: //div[@id='rnDialog1']//input[@class='select2-search__field']]
[INFO ][05-Sep-2024 11:19:28 AM] Selenium_Wrapper.click:(205) - Clicking on :[[ChromeDriver: chrome on WINDOWS (f209d0e7d6746175246b58552aa39b7b)] -> xpath: //ul[@class='select2-results__options']//li[text()='Aaron Brown']]
[INFO ][05-Sep-2024 11:19:30 AM] Selenium_Wrapper.click:(205) - Clicking on :[[ChromeDriver: chrome on WINDOWS (f209d0e7d6746175246b58552aa39b7b)] -> xpath: //button[@class='yui3-button yui3-button-close']]
[INFO ][05-Sep-2024 11:19:42 AM] Selenium_Wrapper.click:(205) - Clicking on :[[ChromeDriver: chrome on WINDOWS (f209d0e7d6746175246b58552aa39b7b)] -> xpath: //div[@id='formsResources_panel']//div[@id='formsResources_headingOne']]
[INFO ][05-Sep-2024 11:19:51 AM] Selenium_Wrapper.clickUsingActions:(255) - Clicking on :[[ChromeDriver: chrome on WINDOWS (f209d0e7d6746175246b58552aa39b7b)] -> xpath: (//ul[@class='formsResources']//ul//li/a)[2]]
[INFO ][05-Sep-2024 11:20:22 AM] Selenium_Wrapper.click:(205) - Clicking on :[[ChromeDriver: chrome on WINDOWS (f209d0e7d6746175246b58552aa39b7b)] -> class name: knowledge]
[INFO ][05-Sep-2024 11:20:30 AM] Selenium_Wrapper.click:(205) - Clicking on :[[ChromeDriver: chrome on WINDOWS (f209d0e7d6746175246b58552aa39b7b)] -> xpath: //input[@type='search']]
[INFO ][05-Sep-2024 11:20:31 AM] Selenium_Wrapper.enterText:(317) - Entering Text :Business Use Auto Loan in WebElement :[[ChromeDriver: chrome on WINDOWS (f209d0e7d6746175246b58552aa39b7b)] -> xpath: //input[@type='search']]
[INFO ][05-Sep-2024 11:20:48 AM] Selenium_Wrapper.click:(205) - Clicking on :[[ChromeDriver: chrome on WINDOWS (f209d0e7d6746175246b58552aa39b7b)] -> xpath: (//ul[text()='Suggested Search']//li//li)[1]]
[INFO ][05-Sep-2024 11:20:54 AM] Selenium_Wrapper.click:(205) - Clicking on :[[ChromeDriver: chrome on WINDOWS (f209d0e7d6746175246b58552aa39b7b)] -> xpath: //div[@class='rn_SearchResultContent']//tbody//tr//div//span[@class='rn_Element1']//a]
[INFO ][05-Sep-2024 11:21:52 AM] Selenium_Wrapper.click:(205) - Clicking on :[[ChromeDriver: chrome on WINDOWS (f209d0e7d6746175246b58552aa39b7b)] -> xpath: //button[@class='rn_RecommendContentButton p-0']]
[INFO ][05-Sep-2024 11:21:53 AM] Selenium_Wrapper.enterText:(317) - Entering Text :Test Improve, comments, updates in WebElement :[[ChromeDriver: chrome on WINDOWS (f209d0e7d6746175246b58552aa39b7b)] -> xpath: //div[@id='rnDialog1_c']//textarea[contains(@id,RequestUpdate)]]
[INFO ][05-Sep-2024 11:21:55 AM] Selenium_Wrapper.click:(205) - Clicking on :[[ChromeDriver: chrome on WINDOWS (f209d0e7d6746175246b58552aa39b7b)] -> xpath: //button[@class='yui3-button yui3-button-close']]
[INFO ][05-Sep-2024 11:22:04 AM] Selenium_Wrapper.click:(205) - Clicking on :[[ChromeDriver: chrome on WINDOWS (f209d0e7d6746175246b58552aa39b7b)] -> id: relatedPages_headingOne]
[INFO ][05-Sep-2024 11:22:07 AM] Selenium_Wrapper.click:(205) - Clicking on :[[ChromeDriver: chrome on WINDOWS (f209d0e7d6746175246b58552aa39b7b)] -> id: relatedPages_headingOne]
[INFO ][05-Sep-2024 11:22:14 AM] Selenium_Wrapper.enterText:(317) - Entering Text :Business Use Auto Loan in WebElement :[[ChromeDriver: chrome on WINDOWS (f209d0e7d6746175246b58552aa39b7b)] -> xpath: //div[contains(@class,'input-group')]//input[@type='search']]
[INFO ][05-Sep-2024 11:22:25 AM] Selenium_Wrapper.click:(205) - Clicking on :[[ChromeDriver: chrome on WINDOWS (f209d0e7d6746175246b58552aa39b7b)] -> xpath: //ul[@aria-label='Suggested Search']//li[@class='rn_SuggestionItem'][normalize-space()='Business Use Auto Loan']]
[INFO ][05-Sep-2024 11:22:37 AM] Selenium_Wrapper.click:(205) - Clicking on :[[ChromeDriver: chrome on WINDOWS (f209d0e7d6746175246b58552aa39b7b)] -> class name: knowledge]
[INFO ][05-Sep-2024 11:22:40 AM] Selenium_Wrapper.closeCurrentBrowser:(657) - Closing the current Browser
