[INFO ][04-Sep-2022 11:19:20 AM] Selenium_Wrapper.openBrowser:(48) - Opening chrome browser.
[INFO ][04-Sep-2022 11:19:28 AM] Selenium_Wrapper.enterURL:(82) - Entering url :https://macu1--upgrade.custhelp.com/
[INFO ][04-Sep-2022 11:19:32 AM] Selenium_Wrapper.enterText:(311) - Entering Text :pramodk in WebElement :[[ChromeDriver: chrome on WINDOWS (dbf7ab73fbcd33380b789530c9245d84)] -> id: rn_LoginForm_2_Username]
[INFO ][04-Sep-2022 11:19:34 AM] Selenium_Wrapper.enterText:(311) - Entering Text :Soft@123 in WebElement :[[ChromeDriver: chrome on WINDOWS (dbf7ab73fbcd33380b789530c9245d84)] -> id: rn_LoginForm_2_Password]
[INFO ][04-Sep-2022 11:19:41 AM] Selenium_Wrapper.click:(199) - Clicking on :[[ChromeDriver: chrome on WINDOWS (dbf7ab73fbcd33380b789530c9245d84)] -> id: rn_LoginForm_2_Submit]
[INFO ][04-Sep-2022 11:19:54 AM] Selenium_Wrapper.click:(199) - Clicking on :[[ChromeDriver: chrome on WINDOWS (dbf7ab73fbcd33380b789530c9245d84)] -> xpath: //input[@type='search']]
[INFO ][04-Sep-2022 11:19:56 AM] Selenium_Wrapper.enterText:(311) - Entering Text :Auto Loan in WebElement :[[ChromeDriver: chrome on WINDOWS (dbf7ab73fbcd33380b789530c9245d84)] -> xpath: //input[@type='search']]
[INFO ][04-Sep-2022 11:20:10 AM] Selenium_Wrapper.click:(199) - Clicking on :[[ChromeDriver: chrome on WINDOWS (dbf7ab73fbcd33380b789530c9245d84)] -> xpath: //ul[@aria-label='Suggested Search']//li[normalize-space()= 'Auto Loan' ]]
[INFO ][04-Sep-2022 11:20:17 AM] Selenium_Wrapper.click:(199) - Clicking on :[[ChromeDriver: chrome on WINDOWS (dbf7ab73fbcd33380b789530c9245d84)] -> xpath: //div[@class='rn_SearchResultContent']//a[text()='Auto Loan']]
[INFO ][04-Sep-2022 11:20:36 AM] Selenium_Wrapper.click:(199) - Clicking on :[[ChromeDriver: chrome on WINDOWS (dbf7ab73fbcd33380b789530c9245d84)] -> xpath: //div[@class='main_image_div']//div[@class='thumbs_up_down'][2]]
[INFO ][04-Sep-2022 11:20:47 AM] Selenium_Wrapper.click:(199) - Clicking on :[[ChromeDriver: chrome on WINDOWS (dbf7ab73fbcd33380b789530c9245d84)] -> id: rn_AnswerRating_3_22_FeedbackMessage]
[INFO ][04-Sep-2022 11:20:48 AM] Selenium_Wrapper.enterText:(311) - Entering Text :Flexible Work - ThumbDown Comments in WebElement :[[ChromeDriver: chrome on WINDOWS (dbf7ab73fbcd33380b789530c9245d84)] -> id: rn_AnswerRating_3_22_FeedbackMessage]
[INFO ][04-Sep-2022 11:20:53 AM] Selenium_Wrapper.click:(199) - Clicking on :[[ChromeDriver: chrome on WINDOWS (dbf7ab73fbcd33380b789530c9245d84)] -> xpath: //button[text()='SUBMIT']]
[INFO ][04-Sep-2022 11:20:59 AM] Selenium_Wrapper.click:(199) - Clicking on :[[ChromeDriver: chrome on WINDOWS (dbf7ab73fbcd33380b789530c9245d84)] -> xpath: //button[@class='yui3-button yui3-button-close']]
[INFO ][04-Sep-2022 11:21:09 AM] Selenium_Wrapper.click:(199) - Clicking on :[[ChromeDriver: chrome on WINDOWS (dbf7ab73fbcd33380b789530c9245d84)] -> xpath: //div[@class='dropdown']]
[INFO ][04-Sep-2022 11:21:19 AM] Selenium_Wrapper.click:(199) - Clicking on :[[ChromeDriver: chrome on WINDOWS (dbf7ab73fbcd33380b789530c9245d84)] -> xpath: //a[text()='My Feedback']]
[INFO ][04-Sep-2022 11:21:47 AM] Selenium_Wrapper.click:(199) - Clicking on :[[ChromeDriver: chrome on WINDOWS (dbf7ab73fbcd33380b789530c9245d84)] -> xpath: ((//table//tbody)[2]//a)[1]]
[INFO ][04-Sep-2022 11:22:19 AM] Selenium_Wrapper.click:(199) - Clicking on :[[ChromeDriver: chrome on WINDOWS (dbf7ab73fbcd33380b789530c9245d84)] -> class name: knowledge]
[INFO ][04-Sep-2022 11:22:23 AM] Selenium_Wrapper.closeCurrentBrowser:(651) - Closing the current Browser
[INFO ][04-Sep-2022 11:22:24 AM] Selenium_Wrapper.openBrowser:(48) - Opening chrome browser.
[INFO ][04-Sep-2022 11:22:28 AM] Selenium_Wrapper.enterURL:(82) - Entering url :https://macu1--upgrade.custhelp.com/AgentWeb/
[INFO ][04-Sep-2022 11:22:32 AM] Selenium_Wrapper.enterText:(311) - Entering Text :RNT_pramod in WebElement :[[ChromeDriver: chrome on WINDOWS (f0021bb31d71e6f7996f18c7d54bda86)] -> id: username]
[INFO ][04-Sep-2022 11:22:33 AM] Selenium_Wrapper.enterText:(311) - Entering Text :Welcome123 in WebElement :[[ChromeDriver: chrome on WINDOWS (f0021bb31d71e6f7996f18c7d54bda86)] -> id: password]
[INFO ][04-Sep-2022 11:23:12 AM] Selenium_Wrapper.click:(199) - Clicking on :[[ChromeDriver: chrome on WINDOWS (f0021bb31d71e6f7996f18c7d54bda86)] -> id: loginbutton]
[INFO ][04-Sep-2022 11:23:32 AM] Selenium_Wrapper.click:(199) - Clicking on :[[ChromeDriver: chrome on WINDOWS (f0021bb31d71e6f7996f18c7d54bda86)] -> xpath: //oj-button[@id='navigationSetBtn']]
[INFO ][04-Sep-2022 11:23:37 AM] Selenium_Wrapper.click:(199) - Clicking on :[[ChromeDriver: chrome on WINDOWS (f0021bb31d71e6f7996f18c7d54bda86)] -> xpath: (//div[text()='Analytics']//a)]
[INFO ][04-Sep-2022 11:23:43 AM] Selenium_Wrapper.click:(199) - Clicking on :[[ChromeDriver: chrome on WINDOWS (f0021bb31d71e6f7996f18c7d54bda86)] -> xpath: //span[text()='Reports Explorer']]
[INFO ][04-Sep-2022 11:23:48 AM] Selenium_Wrapper.click:(199) - Clicking on :[[ChromeDriver: chrome on WINDOWS (f0021bb31d71e6f7996f18c7d54bda86)] -> xpath: //div[text()='Public Reports']]
[INFO ][04-Sep-2022 11:23:53 AM] Selenium_Wrapper.click:(199) - Clicking on :[[ChromeDriver: chrome on WINDOWS (f0021bb31d71e6f7996f18c7d54bda86)] -> xpath: //div[text()='MACU CUSTOM REPORTS']]
[INFO ][04-Sep-2022 11:23:59 AM] Selenium_Wrapper.click:(199) - Clicking on :[[ChromeDriver: chrome on WINDOWS (f0021bb31d71e6f7996f18c7d54bda86)] -> xpath: //div[text()='SoftClouds']]
[INFO ][04-Sep-2022 11:24:04 AM] Selenium_Wrapper.click:(199) - Clicking on :[[ChromeDriver: chrome on WINDOWS (f0021bb31d71e6f7996f18c7d54bda86)] -> xpath: //div[text()='OKCS']]
[INFO ][04-Sep-2022 11:24:27 AM] Selenium_Wrapper.click:(199) - Clicking on :[[ChromeDriver: chrome on WINDOWS (f0021bb31d71e6f7996f18c7d54bda86)] -> xpath: //span[text()='Messages']]
[INFO ][04-Sep-2022 11:24:32 AM] Selenium_Wrapper.click:(199) - Clicking on :[[ChromeDriver: chrome on WINDOWS (f0021bb31d71e6f7996f18c7d54bda86)] -> xpath: //div[contains(@class,'cke_wysiwyg_div')]]
[INFO ][04-Sep-2022 11:24:35 AM] Selenium_Wrapper.enterText:(311) - Entering Text :It is working as per Expected in WebElement :[[ChromeDriver: chrome on WINDOWS (f0021bb31d71e6f7996f18c7d54bda86)] -> xpath: //div[contains(@class,'cke_wysiwyg_div')]]
[INFO ][04-Sep-2022 11:24:41 AM] Selenium_Wrapper.click:(199) - Clicking on :[[ChromeDriver: chrome on WINDOWS (f0021bb31d71e6f7996f18c7d54bda86)] -> xpath: //div[@class='ws-toolbar-button-image bui-icon save-icon fa-lg']]
[INFO ][04-Sep-2022 11:24:51 AM] Selenium_Wrapper.click:(199) - Clicking on :[[ChromeDriver: chrome on WINDOWS (f0021bb31d71e6f7996f18c7d54bda86)] -> xpath: //span[text()='Summary']]
[INFO ][04-Sep-2022 11:25:01 AM] Selenium_Wrapper.click:(199) - Clicking on :[[ChromeDriver: chrome on WINDOWS (f0021bb31d71e6f7996f18c7d54bda86)] -> xpath: (//div[text()='Status']/following::*)[1]]
[INFO ][04-Sep-2022 11:25:09 AM] Selenium_Wrapper.click:(199) - Clicking on :[[ChromeDriver: chrome on WINDOWS (f0021bb31d71e6f7996f18c7d54bda86)] -> xpath: (//div[@title='Solved'])[1]]
[INFO ][04-Sep-2022 11:25:16 AM] Selenium_Wrapper.click:(199) - Clicking on :[[ChromeDriver: chrome on WINDOWS (f0021bb31d71e6f7996f18c7d54bda86)] -> xpath: //div[@class='ws-toolbar-button-image bui-icon save-icon fa-lg']]
[INFO ][04-Sep-2022 11:25:23 AM] Selenium_Wrapper.click:(199) - Clicking on :[[ChromeDriver: chrome on WINDOWS (f0021bb31d71e6f7996f18c7d54bda86)] -> xpath: (//a[@class='closeButton'])[3]]
[INFO ][04-Sep-2022 11:25:31 AM] Selenium_Wrapper.click:(199) - Clicking on :[[ChromeDriver: chrome on WINDOWS (f0021bb31d71e6f7996f18c7d54bda86)] -> xpath: //div[@class='ws-toolbar-button-image bui-icon fa-filter']]
[ERROR][04-Sep-2022 11:25:38 AM] ThumbsDownFeedBack.testSelectingandGivingAnswerstoReportFlow:(264) - Selecting and Giving Answers to Report Test  is  un-successfull
[ERROR][04-Sep-2022 11:27:28 AM] Selenium_Wrapper.getWebElement:(124) - org.openqa.selenium.TimeoutException: Expected condition failed: waiting for visibility of [[ChromeDriver: chrome on WINDOWS (f0021bb31d71e6f7996f18c7d54bda86)] -> xpath: //body//span[@id='initialsText']] (tried for 100 second(s) with 500 milliseconds interval)
Build info: version: '3.141.59', revision: 'e82be7d358', time: '2018-11-14T08:17:03'
System info: host: 'QA-SWAMYK', ip: '192.168.0.4', os.name: 'Windows 10', os.arch: 'amd64', os.version: '10.0', java.version: '11.0.10'
Driver info: org.openqa.selenium.chrome.ChromeDriver
Capabilities {acceptInsecureCerts: false, browserName: chrome, browserVersion: 105.0.5195.102, chrome: {chromedriverVersion: 105.0.5195.52 (412c95e51883..., userDataDir: C:\Users\SWAMYK~1\AppData\L...}, goog:chromeOptions: {debuggerAddress: localhost:53743}, javascriptEnabled: true, networkConnectionEnabled: false, pageLoadStrategy: normal, platform: WINDOWS, platformName: WINDOWS, proxy: Proxy(), setWindowRect: true, strictFileInteractability: false, timeouts: {implicit: 0, pageLoad: 300000, script: 30000}, unhandledPromptBehavior: dismiss and notify, webauthn:extension:credBlob: true, webauthn:extension:largeBlob: true, webauthn:virtualAuthenticators: true}
Session ID: f0021bb31d71e6f7996f18c7d54bda86
[ERROR][04-Sep-2022 11:27:28 AM] ThumbsDownFeedBack.testBUISignout:(280) - Logout/SignOut un-successfull
