[INFO ][05-Jan-2024 11:13:24 AM] Selenium_Wrapper.openBrowser:(48) - Opening chrome browser.
[INFO ][05-Jan-2024 11:13:31 AM] Selenium_Wrapper.enterURL:(82) - Entering url :https://macu1--tst1.custhelp.com/app/home
[INFO ][05-Jan-2024 11:13:36 AM] Selenium_Wrapper.enterText:(311) - Entering Text :swamyk in WebElement :[[ChromeDriver: chrome on WINDOWS (bfb149f9a876e449ab8e70572c72ea8d)] -> id: rn_LoginForm_2_Username]
[INFO ][05-Jan-2024 11:13:37 AM] Selenium_Wrapper.enterText:(311) - Entering Text :Soft@123 in WebElement :[[ChromeDriver: chrome on WINDOWS (bfb149f9a876e449ab8e70572c72ea8d)] -> id: rn_LoginForm_2_Password]
[INFO ][05-Jan-2024 11:13:44 AM] Selenium_Wrapper.click:(199) - Clicking on :[[ChromeDriver: chrome on WINDOWS (bfb149f9a876e449ab8e70572c72ea8d)] -> id: rn_LoginForm_2_Submit]
[INFO ][05-Jan-2024 11:13:56 AM] Selenium_Wrapper.click:(199) - Clicking on :[[ChromeDriver: chrome on WINDOWS (bfb149f9a876e449ab8e70572c72ea8d)] -> xpath: //input[@type='search']]
[INFO ][05-Jan-2024 11:13:57 AM] Selenium_Wrapper.enterText:(311) - Entering Text :Business Auto Loan - ALPS 1.0 in WebElement :[[ChromeDriver: chrome on WINDOWS (bfb149f9a876e449ab8e70572c72ea8d)] -> xpath: //input[@type='search']]
[INFO ][05-Jan-2024 11:14:11 AM] Selenium_Wrapper.click:(199) - Clicking on :[[ChromeDriver: chrome on WINDOWS (bfb149f9a876e449ab8e70572c72ea8d)] -> xpath: (//div[@class='yui3-aclist-content']//li//li)[1]]
[INFO ][05-Jan-2024 11:14:18 AM] Selenium_Wrapper.click:(199) - Clicking on :[[ChromeDriver: chrome on WINDOWS (bfb149f9a876e449ab8e70572c72ea8d)] -> xpath: (//div[@class='rn_SearchResultContent']//a)[1]]
[INFO ][05-Jan-2024 11:14:27 AM] Selenium_Wrapper.click:(199) - Clicking on :[[ChromeDriver: chrome on WINDOWS (bfb149f9a876e449ab8e70572c72ea8d)] -> xpath: //div[@class='main_image_div']//div[@class='thumbs_up_down'][1]]
[INFO ][05-Jan-2024 11:14:34 AM] Selenium_Wrapper.click:(199) - Clicking on :[[ChromeDriver: chrome on WINDOWS (bfb149f9a876e449ab8e70572c72ea8d)] -> xpath: //div[@class='main_image_div']//div[@class='thumbs_up_down'][2]]
[INFO ][05-Jan-2024 11:14:45 AM] Selenium_Wrapper.click:(199) - Clicking on :[[ChromeDriver: chrome on WINDOWS (bfb149f9a876e449ab8e70572c72ea8d)] -> xpath: //button[@class='rn_RecommendContentButton p-0']]
[INFO ][05-Jan-2024 11:14:47 AM] Selenium_Wrapper.enterText:(311) - Entering Text :Flexible Work - ThumbDown Comments in WebElement :[[ChromeDriver: chrome on WINDOWS (bfb149f9a876e449ab8e70572c72ea8d)] -> id: rn_RequestUpdate_25_Description]
[INFO ][05-Jan-2024 11:14:52 AM] Selenium_Wrapper.click:(199) - Clicking on :[[ChromeDriver: chrome on WINDOWS (bfb149f9a876e449ab8e70572c72ea8d)] -> xpath: //button[text()='Submit']]
[INFO ][05-Jan-2024 11:14:57 AM] Selenium_Wrapper.click:(199) - Clicking on :[[ChromeDriver: chrome on WINDOWS (bfb149f9a876e449ab8e70572c72ea8d)] -> xpath: (//button[@class='yui3-button yui3-button-close'])[2]]
[INFO ][05-Jan-2024 11:15:04 AM] Selenium_Wrapper.click:(199) - Clicking on :[[ChromeDriver: chrome on WINDOWS (bfb149f9a876e449ab8e70572c72ea8d)] -> xpath: //div[@class='dropdown']]
[INFO ][05-Jan-2024 11:15:13 AM] Selenium_Wrapper.click:(199) - Clicking on :[[ChromeDriver: chrome on WINDOWS (bfb149f9a876e449ab8e70572c72ea8d)] -> xpath: //a[text()='My Feedback']]
[INFO ][05-Jan-2024 11:15:37 AM] Selenium_Wrapper.click:(199) - Clicking on :[[ChromeDriver: chrome on WINDOWS (bfb149f9a876e449ab8e70572c72ea8d)] -> xpath: ((//table//tbody)[2]//a)[1]]
[INFO ][05-Jan-2024 11:16:11 AM] Selenium_Wrapper.click:(199) - Clicking on :[[ChromeDriver: chrome on WINDOWS (bfb149f9a876e449ab8e70572c72ea8d)] -> class name: knowledge]
[INFO ][05-Jan-2024 11:16:13 AM] Selenium_Wrapper.closeCurrentBrowser:(651) - Closing the current Browser
[INFO ][05-Jan-2024 11:16:14 AM] Selenium_Wrapper.openBrowser:(48) - Opening chrome browser.
[INFO ][05-Jan-2024 11:16:17 AM] Selenium_Wrapper.enterURL:(82) - Entering url :https://macu1--tst1.custhelp.com/AgentWeb/
[INFO ][05-Jan-2024 11:16:22 AM] Selenium_Wrapper.enterText:(311) - Entering Text :automation_testing in WebElement :[[ChromeDriver: chrome on WINDOWS (fe015a8b0d619b4f8d02ef4dc9de0fde)] -> id: username]
[INFO ][05-Jan-2024 11:16:23 AM] Selenium_Wrapper.enterText:(311) - Entering Text :Welcome123 in WebElement :[[ChromeDriver: chrome on WINDOWS (fe015a8b0d619b4f8d02ef4dc9de0fde)] -> id: password]
[INFO ][05-Jan-2024 11:16:51 AM] Selenium_Wrapper.click:(199) - Clicking on :[[ChromeDriver: chrome on WINDOWS (fe015a8b0d619b4f8d02ef4dc9de0fde)] -> id: loginbutton]
[INFO ][05-Jan-2024 11:17:21 AM] Selenium_Wrapper.click:(199) - Clicking on :[[ChromeDriver: chrome on WINDOWS (fe015a8b0d619b4f8d02ef4dc9de0fde)] -> xpath: //oj-button[@id='navigationSetBtn']]
[INFO ][05-Jan-2024 11:17:26 AM] Selenium_Wrapper.click:(199) - Clicking on :[[ChromeDriver: chrome on WINDOWS (fe015a8b0d619b4f8d02ef4dc9de0fde)] -> xpath: (//div[text()='Analytics']//a)]
[INFO ][05-Jan-2024 11:17:32 AM] Selenium_Wrapper.click:(199) - Clicking on :[[ChromeDriver: chrome on WINDOWS (fe015a8b0d619b4f8d02ef4dc9de0fde)] -> xpath: //span[text()='Reports Explorer']]
[INFO ][05-Jan-2024 11:17:37 AM] Selenium_Wrapper.click:(199) - Clicking on :[[ChromeDriver: chrome on WINDOWS (fe015a8b0d619b4f8d02ef4dc9de0fde)] -> xpath: //div[text()='Public Reports']]
[INFO ][05-Jan-2024 11:17:42 AM] Selenium_Wrapper.click:(199) - Clicking on :[[ChromeDriver: chrome on WINDOWS (fe015a8b0d619b4f8d02ef4dc9de0fde)] -> xpath: //div[text()='MACU CUSTOM REPORTS']]
[INFO ][05-Jan-2024 11:17:47 AM] Selenium_Wrapper.click:(199) - Clicking on :[[ChromeDriver: chrome on WINDOWS (fe015a8b0d619b4f8d02ef4dc9de0fde)] -> xpath: //div[text()='SoftClouds']]
[INFO ][05-Jan-2024 11:17:52 AM] Selenium_Wrapper.click:(199) - Clicking on :[[ChromeDriver: chrome on WINDOWS (fe015a8b0d619b4f8d02ef4dc9de0fde)] -> xpath: //div[text()='OKCS']]
[INFO ][05-Jan-2024 11:18:04 AM] Selenium_Wrapper.doubleClick:(280) - Double clicking on :[[ChromeDriver: chrome on WINDOWS (fe015a8b0d619b4f8d02ef4dc9de0fde)] -> xpath: //div[@class='explorer-right-panel']//div[@class='explorer-data-grid']//span[text()='Feedback Admin Report']]
[INFO ][05-Jan-2024 11:18:20 AM] Selenium_Wrapper.click:(199) - Clicking on :[[ChromeDriver: chrome on WINDOWS (fe015a8b0d619b4f8d02ef4dc9de0fde)] -> xpath: //div[@class='container wsx-flex']//div[@class='analyticsTopSection']//div[@class='select-box-root select-box-display-text-active']]
[INFO ][05-Jan-2024 11:18:26 AM] Selenium_Wrapper.click:(199) - Clicking on :[[ChromeDriver: chrome on WINDOWS (fe015a8b0d619b4f8d02ef4dc9de0fde)] -> xpath: (//span[text()='Search'])[2]]
[INFO ][05-Jan-2024 11:18:35 AM] Selenium_Wrapper.doubleClick:(280) - Double clicking on :[[ChromeDriver: chrome on WINDOWS (fe015a8b0d619b4f8d02ef4dc9de0fde)] -> xpath: //div[@class='container wsx-flex']//div[contains(@column-id,'2')][1]]
[INFO ][05-Jan-2024 11:18:48 AM] Selenium_Wrapper.click:(199) - Clicking on :[[ChromeDriver: chrome on WINDOWS (fe015a8b0d619b4f8d02ef4dc9de0fde)] -> xpath: //span[text()='Messages']]
[INFO ][05-Jan-2024 11:18:54 AM] Selenium_Wrapper.click:(199) - Clicking on :[[ChromeDriver: chrome on WINDOWS (fe015a8b0d619b4f8d02ef4dc9de0fde)] -> xpath: //div[contains(@class,'cke_wysiwyg_div ')]]
[INFO ][05-Jan-2024 11:18:55 AM] Selenium_Wrapper.enterText:(311) - Entering Text :It is working as per Expected in WebElement :[[ChromeDriver: chrome on WINDOWS (fe015a8b0d619b4f8d02ef4dc9de0fde)] -> xpath: //div[contains(@class,'cke_wysiwyg_div ')]]
[INFO ][05-Jan-2024 11:19:00 AM] Selenium_Wrapper.click:(199) - Clicking on :[[ChromeDriver: chrome on WINDOWS (fe015a8b0d619b4f8d02ef4dc9de0fde)] -> xpath: //div[@class='ws-toolbar-button-image bui-icon save-icon fa-lg']]
[INFO ][05-Jan-2024 11:19:05 AM] Selenium_Wrapper.click:(199) - Clicking on :[[ChromeDriver: chrome on WINDOWS (fe015a8b0d619b4f8d02ef4dc9de0fde)] -> xpath: //span[text()='Summary']]
[INFO ][05-Jan-2024 11:19:12 AM] Selenium_Wrapper.clickUsingActions:(249) - Clicking on :[[ChromeDriver: chrome on WINDOWS (fe015a8b0d619b4f8d02ef4dc9de0fde)] -> xpath: //div[contains(@id,'Incident_Status')][@class='display-text']]
[INFO ][05-Jan-2024 11:19:19 AM] Selenium_Wrapper.click:(199) - Clicking on :[[ChromeDriver: chrome on WINDOWS (fe015a8b0d619b4f8d02ef4dc9de0fde)] -> xpath: (//div[@title='Solved'])[1]]
[INFO ][05-Jan-2024 11:19:27 AM] Selenium_Wrapper.click:(199) - Clicking on :[[ChromeDriver: chrome on WINDOWS (fe015a8b0d619b4f8d02ef4dc9de0fde)] -> xpath: //div[@class='ws-toolbar-button-image bui-icon save-icon fa-lg']]
[INFO ][05-Jan-2024 11:19:36 AM] Selenium_Wrapper.click:(199) - Clicking on :[[ChromeDriver: chrome on WINDOWS (fe015a8b0d619b4f8d02ef4dc9de0fde)] -> xpath: (//a[@class='closeButton'])[3]]
[INFO ][05-Jan-2024 11:19:43 AM] Selenium_Wrapper.click:(199) - Clicking on :[[ChromeDriver: chrome on WINDOWS (fe015a8b0d619b4f8d02ef4dc9de0fde)] -> xpath: (//a[@class='closeButton'])[2]]
[INFO ][05-Jan-2024 11:19:50 AM] Selenium_Wrapper.click:(199) - Clicking on :[[ChromeDriver: chrome on WINDOWS (fe015a8b0d619b4f8d02ef4dc9de0fde)] -> xpath: (//a[@class='closeButton'])[1]]
[INFO ][05-Jan-2024 11:20:01 AM] Selenium_Wrapper.click:(199) - Clicking on :[[ChromeDriver: chrome on WINDOWS (fe015a8b0d619b4f8d02ef4dc9de0fde)] -> xpath: //body//oj-avatar[@initials='[[userMenuLabel]]']]
[INFO ][05-Jan-2024 11:20:08 AM] Selenium_Wrapper.click:(199) - Clicking on :[[ChromeDriver: chrome on WINDOWS (fe015a8b0d619b4f8d02ef4dc9de0fde)] -> xpath: //a//span[text()='Sign Out']]
[INFO ][05-Jan-2024 11:20:13 AM] Selenium_Wrapper.closeCurrentBrowser:(651) - Closing the current Browser
