[INFO ][04-Sep-2022 11:13:11 AM] Selenium_Wrapper.openBrowser:(48) - Opening chrome browser.
[INFO ][04-Sep-2022 11:13:19 AM] Selenium_Wrapper.enterURL:(82) - Entering url :https://macu1--upgrade.custhelp.com/
[INFO ][04-Sep-2022 11:13:23 AM] Selenium_Wrapper.enterText:(311) - Entering Text :pramodk in WebElement :[[ChromeDriver: chrome on WINDOWS (918bc21a6584590b8af00d80311074d6)] -> id: rn_LoginForm_2_Username]
[INFO ][04-Sep-2022 11:13:24 AM] Selenium_Wrapper.enterText:(311) - Entering Text :Soft@123 in WebElement :[[ChromeDriver: chrome on WINDOWS (918bc21a6584590b8af00d80311074d6)] -> id: rn_LoginForm_2_Password]
[INFO ][04-Sep-2022 11:13:32 AM] Selenium_Wrapper.click:(199) - Clicking on :[[ChromeDriver: chrome on WINDOWS (918bc21a6584590b8af00d80311074d6)] -> id: rn_LoginForm_2_Submit]
[INFO ][04-Sep-2022 11:13:45 AM] Selenium_Wrapper.click:(199) - Clicking on :[[ChromeDriver: chrome on WINDOWS (918bc21a6584590b8af00d80311074d6)] -> xpath: //input[@type='search']]
[INFO ][04-Sep-2022 11:13:46 AM] Selenium_Wrapper.enterText:(311) - Entering Text :Auto Loan in WebElement :[[ChromeDriver: chrome on WINDOWS (918bc21a6584590b8af00d80311074d6)] -> xpath: //input[@type='search']]
[INFO ][04-Sep-2022 11:14:03 AM] Selenium_Wrapper.click:(199) - Clicking on :[[ChromeDriver: chrome on WINDOWS (918bc21a6584590b8af00d80311074d6)] -> xpath: //ul[@aria-label='Suggested Search']//li[normalize-space()= 'Auto Loan' ]]
[INFO ][04-Sep-2022 11:14:10 AM] Selenium_Wrapper.click:(199) - Clicking on :[[ChromeDriver: chrome on WINDOWS (918bc21a6584590b8af00d80311074d6)] -> xpath: //div[@class='rn_SearchResultContent']//a[text()='Auto Loan']]
[INFO ][04-Sep-2022 11:14:28 AM] Selenium_Wrapper.click:(199) - Clicking on :[[ChromeDriver: chrome on WINDOWS (918bc21a6584590b8af00d80311074d6)] -> xpath: //div[@class='main_image_div']//div[@class='thumbs_up_down'][2]]
[INFO ][04-Sep-2022 11:14:39 AM] Selenium_Wrapper.click:(199) - Clicking on :[[ChromeDriver: chrome on WINDOWS (918bc21a6584590b8af00d80311074d6)] -> id: rn_AnswerRating_3_22_FeedbackMessage]
[INFO ][04-Sep-2022 11:14:41 AM] Selenium_Wrapper.enterText:(311) - Entering Text :Flexible Work - ThumbDown Comments in WebElement :[[ChromeDriver: chrome on WINDOWS (918bc21a6584590b8af00d80311074d6)] -> id: rn_AnswerRating_3_22_FeedbackMessage]
[INFO ][04-Sep-2022 11:14:46 AM] Selenium_Wrapper.click:(199) - Clicking on :[[ChromeDriver: chrome on WINDOWS (918bc21a6584590b8af00d80311074d6)] -> xpath: //button[text()='SUBMIT']]
[INFO ][04-Sep-2022 11:14:51 AM] Selenium_Wrapper.click:(199) - Clicking on :[[ChromeDriver: chrome on WINDOWS (918bc21a6584590b8af00d80311074d6)] -> xpath: //button[@class='yui3-button yui3-button-close']]
[INFO ][04-Sep-2022 11:15:01 AM] Selenium_Wrapper.click:(199) - Clicking on :[[ChromeDriver: chrome on WINDOWS (918bc21a6584590b8af00d80311074d6)] -> xpath: //div[@class='dropdown']]
[INFO ][04-Sep-2022 11:15:12 AM] Selenium_Wrapper.click:(199) - Clicking on :[[ChromeDriver: chrome on WINDOWS (918bc21a6584590b8af00d80311074d6)] -> xpath: //a[text()='My Feedback']]
[INFO ][04-Sep-2022 11:15:38 AM] Selenium_Wrapper.click:(199) - Clicking on :[[ChromeDriver: chrome on WINDOWS (918bc21a6584590b8af00d80311074d6)] -> xpath: ((//table//tbody)[2]//a)[1]]
[INFO ][04-Sep-2022 11:16:13 AM] Selenium_Wrapper.click:(199) - Clicking on :[[ChromeDriver: chrome on WINDOWS (918bc21a6584590b8af00d80311074d6)] -> class name: knowledge]
[INFO ][04-Sep-2022 11:16:16 AM] Selenium_Wrapper.closeCurrentBrowser:(651) - Closing the current Browser
[INFO ][04-Sep-2022 11:16:18 AM] Selenium_Wrapper.openBrowser:(48) - Opening chrome browser.
[INFO ][04-Sep-2022 11:16:22 AM] Selenium_Wrapper.enterURL:(82) - Entering url :https://macu1--upgrade.custhelp.com/AgentWeb/
[INFO ][04-Sep-2022 11:16:26 AM] Selenium_Wrapper.enterText:(311) - Entering Text :RNT_pramod in WebElement :[[ChromeDriver: chrome on WINDOWS (2248f6c757567143d015ed4a781dd3bb)] -> id: username]
[INFO ][04-Sep-2022 11:16:27 AM] Selenium_Wrapper.enterText:(311) - Entering Text :Welcome123 in WebElement :[[ChromeDriver: chrome on WINDOWS (2248f6c757567143d015ed4a781dd3bb)] -> id: password]
[INFO ][04-Sep-2022 11:16:41 AM] Selenium_Wrapper.click:(199) - Clicking on :[[ChromeDriver: chrome on WINDOWS (2248f6c757567143d015ed4a781dd3bb)] -> id: loginbutton]
[ERROR][04-Sep-2022 11:17:01 AM] ThumbsDownFeedBack.testNavigateToThumbsDownFeedBackReportFlow:(128) - Navigate To ThumbsDown FeedBack Report Test is un-successfull
[ERROR][04-Sep-2022 11:17:06 AM] ThumbsDownFeedBack.testSelectingandGivingAnswerstoReportFlow:(264) - Selecting and Giving Answers to Report Test  is  un-successfull
[ERROR][04-Sep-2022 11:18:56 AM] Selenium_Wrapper.getWebElement:(124) - org.openqa.selenium.TimeoutException: Expected condition failed: waiting for visibility of [[ChromeDriver: chrome on WINDOWS (2248f6c757567143d015ed4a781dd3bb)] -> xpath: //body//span[@id='initialsText']] (tried for 100 second(s) with 500 milliseconds interval)
Build info: version: '3.141.59', revision: 'e82be7d358', time: '2018-11-14T08:17:03'
System info: host: 'QA-SWAMYK', ip: '192.168.0.4', os.name: 'Windows 10', os.arch: 'amd64', os.version: '10.0', java.version: '11.0.10'
Driver info: org.openqa.selenium.chrome.ChromeDriver
Capabilities {acceptInsecureCerts: false, browserName: chrome, browserVersion: 105.0.5195.102, chrome: {chromedriverVersion: 105.0.5195.52 (412c95e51883..., userDataDir: C:\Users\SWAMYK~1\AppData\L...}, goog:chromeOptions: {debuggerAddress: localhost:53351}, javascriptEnabled: true, networkConnectionEnabled: false, pageLoadStrategy: normal, platform: WINDOWS, platformName: WINDOWS, proxy: Proxy(), setWindowRect: true, strictFileInteractability: false, timeouts: {implicit: 0, pageLoad: 300000, script: 30000}, unhandledPromptBehavior: dismiss and notify, webauthn:extension:credBlob: true, webauthn:extension:largeBlob: true, webauthn:virtualAuthenticators: true}
Session ID: 2248f6c757567143d015ed4a781dd3bb
[ERROR][04-Sep-2022 11:18:56 AM] ThumbsDownFeedBack.testBUISignout:(280) - Logout/SignOut un-successfull
