[INFO ][28-Jul-2023 11:16:40 am] Selenium_Wrapper.openBrowser:(48) - Opening chrome browser.
[INFO ][28-Jul-2023 11:16:43 am] Selenium_Wrapper.enterURL:(82) - Entering url :https://macu1--tst1.custhelp.com/AgentWeb/
[INFO ][28-Jul-2023 11:16:48 am] Selenium_Wrapper.enterText:(311) - Entering Text :automation_testing in WebElement :[[ChromeDriver: chrome on WINDOWS (e39890f57b41e3bfc77d6250494e2edc)] -> id: username]
[INFO ][28-Jul-2023 11:16:49 am] Selenium_Wrapper.enterText:(311) - Entering Text :Welcome123 in WebElement :[[ChromeDriver: chrome on WINDOWS (e39890f57b41e3bfc77d6250494e2edc)] -> id: password]
[INFO ][28-Jul-2023 11:17:16 am] Selenium_Wrapper.click:(199) - Clicking on :[[ChromeDriver: chrome on WINDOWS (e39890f57b41e3bfc77d6250494e2edc)] -> id: loginbutton]
[INFO ][28-Jul-2023 11:17:26 am] Selenium_Wrapper.click:(199) - Clicking on :[[ChromeDriver: chrome on WINDOWS (e39890f57b41e3bfc77d6250494e2edc)] -> id: navigationSetBtn]
[INFO ][28-Jul-2023 11:17:34 am] Selenium_Wrapper.click:(199) - Clicking on :[[ChromeDriver: chrome on WINDOWS (e39890f57b41e3bfc77d6250494e2edc)] -> xpath: (//div[text()='Configuration']//a)]
[INFO ][28-Jul-2023 11:17:39 am] Selenium_Wrapper.click:(199) - Clicking on :[[ChromeDriver: chrome on WINDOWS (e39890f57b41e3bfc77d6250494e2edc)] -> xpath: (//div[text()='Service']//a)]
[INFO ][28-Jul-2023 11:17:45 am] Selenium_Wrapper.click:(199) - Clicking on :[[ChromeDriver: chrome on WINDOWS (e39890f57b41e3bfc77d6250494e2edc)] -> xpath: (//div[text()='Knowledge Advanced']//a)]
[INFO ][28-Jul-2023 11:17:50 am] Selenium_Wrapper.click:(199) - Clicking on :[[ChromeDriver: chrome on WINDOWS (e39890f57b41e3bfc77d6250494e2edc)] -> xpath: //span[text()='Authoring']]
[INFO ][28-Jul-2023 11:18:06 am] Selenium_Wrapper.click:(199) - Clicking on :[[ChromeDriver: chrome on WINDOWS (e39890f57b41e3bfc77d6250494e2edc)] -> xpath: //div[@id='rntab']//ul//li[@testidentifier='MainNavBar_Content']//a]
[INFO ][28-Jul-2023 11:18:17 am] Selenium_Wrapper.click:(199) - Clicking on :[[ChromeDriver: chrome on WINDOWS (e39890f57b41e3bfc77d6250494e2edc)] -> xpath: //div[text()='Process']//following-sibling::a[@testidentifier='ContentNavBar_List_Process']]
[INFO ][28-Jul-2023 11:18:24 am] Selenium_Wrapper.click:(199) - Clicking on :[[ChromeDriver: chrome on WINDOWS (e39890f57b41e3bfc77d6250494e2edc)] -> xpath: //select[@testidentifier='ContentSearchResults_DocumentClassPulldown']]
[INFO ][28-Jul-2023 11:18:32 am] Selenium_Wrapper.click:(199) - Clicking on :[[ChromeDriver: chrome on WINDOWS (e39890f57b41e3bfc77d6250494e2edc)] -> xpath: //select[@testidentifier='ContentSearchResults_DocumentClassPulldown']//option[text()='All Documents']]
[INFO ][28-Jul-2023 11:18:42 am] Selenium_Wrapper.click:(199) - Clicking on :[[ChromeDriver: chrome on WINDOWS (e39890f57b41e3bfc77d6250494e2edc)] -> xpath: (//a[text()='TestingArticle'])[1]]
[INFO ][28-Jul-2023 11:19:09 am] Selenium_Wrapper.click:(199) - Clicking on :[[ChromeDriver: chrome on WINDOWS (e39890f57b41e3bfc77d6250494e2edc)] -> xpath: //a[text()='Edit Document']]
[INFO ][28-Jul-2023 11:19:16 am] Selenium_Wrapper.enterText:(311) - Entering Text :TestingArticle - Edited in WebElement :[[ChromeDriver: chrome on WINDOWS (e39890f57b41e3bfc77d6250494e2edc)] -> xpath: //input[@testidentifier='Content_ContentType_Add_SUMMARY']]
[INFO ][28-Jul-2023 11:19:21 am] Selenium_Wrapper.enterText:(311) - Entering Text :Some Important Updates in WebElement :[[ChromeDriver: chrome on WINDOWS (e39890f57b41e3bfc77d6250494e2edc)] -> xpath: //textarea[@class='editfields']]
[INFO ][28-Jul-2023 11:19:40 am] Selenium_Wrapper.click:(199) - Clicking on :[[ChromeDriver: chrome on WINDOWS (e39890f57b41e3bfc77d6250494e2edc)] -> xpath: //a[text()='Save and Continue Editing']]
[INFO ][28-Jul-2023 11:19:46 am] Selenium_Wrapper.enterText:(311) - Entering Text :Criticals - Edited in WebElement :[[ChromeDriver: chrome on WINDOWS (e39890f57b41e3bfc77d6250494e2edc)] -> xpath: //input[@testidentifier='Content_ContentType_Add_KEYWORD']]
[INFO ][28-Jul-2023 11:19:51 am] Selenium_Wrapper.enterText:(311) - Entering Text :Some Important Updates in WebElement :[[ChromeDriver: chrome on WINDOWS (e39890f57b41e3bfc77d6250494e2edc)] -> xpath: //textarea[@class='editfields']]
[INFO ][28-Jul-2023 11:20:02 am] Selenium_Wrapper.click:(199) - Clicking on :[[ChromeDriver: chrome on WINDOWS (e39890f57b41e3bfc77d6250494e2edc)] -> xpath: //a[text()='Save Document']]
[INFO ][28-Jul-2023 11:20:13 am] Selenium_Wrapper.click:(199) - Clicking on :[[ChromeDriver: chrome on WINDOWS (e39890f57b41e3bfc77d6250494e2edc)] -> xpath: //a[text()='Bypass Workflow/Publish']]
[INFO ][28-Jul-2023 11:20:25 am] Selenium_Wrapper.click:(199) - Clicking on :[[ChromeDriver: chrome on WINDOWS (e39890f57b41e3bfc77d6250494e2edc)] -> xpath: (//a[text()='Done'])[1]]
[INFO ][28-Jul-2023 11:20:36 am] Selenium_Wrapper.click:(199) - Clicking on :[[ChromeDriver: chrome on WINDOWS (e39890f57b41e3bfc77d6250494e2edc)] -> xpath: //a[@class='closeButton']]
[INFO ][28-Jul-2023 11:20:44 am] Selenium_Wrapper.click:(199) - Clicking on :[[ChromeDriver: chrome on WINDOWS (e39890f57b41e3bfc77d6250494e2edc)] -> xpath: //body//oj-avatar[@initials='[[userMenuLabel]]']]
[INFO ][28-Jul-2023 11:20:51 am] Selenium_Wrapper.click:(199) - Clicking on :[[ChromeDriver: chrome on WINDOWS (e39890f57b41e3bfc77d6250494e2edc)] -> xpath: //a//span[text()='Sign Out']]
[INFO ][28-Jul-2023 11:20:56 am] Selenium_Wrapper.closeCurrentBrowser:(651) - Closing the current Browser
[INFO ][28-Jul-2023 11:20:57 am] Selenium_Wrapper.openBrowser:(48) - Opening chrome browser.
[INFO ][28-Jul-2023 11:21:04 am] Selenium_Wrapper.enterURL:(82) - Entering url :https://macu1--tst1.custhelp.com/app/home
[INFO ][28-Jul-2023 11:21:09 am] Selenium_Wrapper.enterText:(311) - Entering Text :swamyk in WebElement :[[ChromeDriver: chrome on WINDOWS (aefc2a8a455b8c8251952c3b28290f24)] -> id: rn_LoginForm_2_Username]
[INFO ][28-Jul-2023 11:21:10 am] Selenium_Wrapper.enterText:(311) - Entering Text :Soft@123 in WebElement :[[ChromeDriver: chrome on WINDOWS (aefc2a8a455b8c8251952c3b28290f24)] -> id: rn_LoginForm_2_Password]
[INFO ][28-Jul-2023 11:21:17 am] Selenium_Wrapper.click:(199) - Clicking on :[[ChromeDriver: chrome on WINDOWS (aefc2a8a455b8c8251952c3b28290f24)] -> id: rn_LoginForm_2_Submit]
[INFO ][28-Jul-2023 11:21:48 am] Selenium_Wrapper.closeCurrentBrowser:(651) - Closing the current Browser
