[INFO ][07-May-2024 11:20:09 AM] Selenium_Wrapper.openBrowser:(54) - Opening chrome browser.
[INFO ][07-May-2024 11:20:13 AM] Selenium_Wrapper.enterURL:(88) - Entering url :https://macu1--tst1.custhelp.com/app/home
[INFO ][07-May-2024 11:20:21 AM] Selenium_Wrapper.enterText:(317) - Entering Text :swamyk in WebElement :[[ChromeDriver: chrome on WINDOWS (bac31c065a1e2c688d99efd8daa6b481)] -> id: rn_LoginForm_2_Username]
[INFO ][07-May-2024 11:20:22 AM] Selenium_Wrapper.enterText:(317) - Entering Text :Soft@123 in WebElement :[[ChromeDriver: chrome on WINDOWS (bac31c065a1e2c688d99efd8daa6b481)] -> id: rn_LoginForm_2_Password]
[INFO ][07-May-2024 11:20:27 AM] Selenium_Wrapper.click:(205) - Clicking on :[[ChromeDriver: chrome on WINDOWS (bac31c065a1e2c688d99efd8daa6b481)] -> id: rn_LoginForm_2_Submit]
[INFO ][07-May-2024 11:20:41 AM] Selenium_Wrapper.click:(205) - Clicking on :[[ChromeDriver: chrome on WINDOWS (bac31c065a1e2c688d99efd8daa6b481)] -> xpath: //input[@type='search']]
[INFO ][07-May-2024 11:20:42 AM] Selenium_Wrapper.enterText:(317) - Entering Text :Business Use Auto Loan in WebElement :[[ChromeDriver: chrome on WINDOWS (bac31c065a1e2c688d99efd8daa6b481)] -> xpath: //input[@type='search']]
[INFO ][07-May-2024 11:20:54 AM] Selenium_Wrapper.click:(205) - Clicking on :[[ChromeDriver: chrome on WINDOWS (bac31c065a1e2c688d99efd8daa6b481)] -> xpath: (//div[@class='yui3-aclist-content']//li//li)[1]]
[INFO ][07-May-2024 11:20:59 AM] Selenium_Wrapper.click:(205) - Clicking on :[[ChromeDriver: chrome on WINDOWS (bac31c065a1e2c688d99efd8daa6b481)] -> xpath: (//div[@class='rn_SearchResultContent']//a)[1]]
[INFO ][07-May-2024 11:21:19 AM] Selenium_Wrapper.click:(205) - Clicking on :[[ChromeDriver: chrome on WINDOWS (bac31c065a1e2c688d99efd8daa6b481)] -> xpath: //div[@class='main_image_div']//div[@class='thumbs_up_down'][2]]
[INFO ][07-May-2024 11:21:28 AM] Selenium_Wrapper.click:(205) - Clicking on :[[ChromeDriver: chrome on WINDOWS (bac31c065a1e2c688d99efd8daa6b481)] -> xpath: //textarea[@class='rn_DocumentTextArea']]
[INFO ][07-May-2024 11:21:29 AM] Selenium_Wrapper.enterText:(317) - Entering Text :Flexible Work - ThumbDown Comments in WebElement :[[ChromeDriver: chrome on WINDOWS (bac31c065a1e2c688d99efd8daa6b481)] -> xpath: //textarea[@class='rn_DocumentTextArea']]
[INFO ][07-May-2024 11:21:31 AM] Selenium_Wrapper.click:(205) - Clicking on :[[ChromeDriver: chrome on WINDOWS (bac31c065a1e2c688d99efd8daa6b481)] -> xpath: //button[text()='SUBMIT']]
[INFO ][07-May-2024 11:21:33 AM] Selenium_Wrapper.click:(205) - Clicking on :[[ChromeDriver: chrome on WINDOWS (bac31c065a1e2c688d99efd8daa6b481)] -> xpath: //button[@class='yui3-button yui3-button-close']]
[INFO ][07-May-2024 11:21:37 AM] Selenium_Wrapper.click:(205) - Clicking on :[[ChromeDriver: chrome on WINDOWS (bac31c065a1e2c688d99efd8daa6b481)] -> xpath: //div[@class='dropdown']]
[INFO ][07-May-2024 11:21:45 AM] Selenium_Wrapper.click:(205) - Clicking on :[[ChromeDriver: chrome on WINDOWS (bac31c065a1e2c688d99efd8daa6b481)] -> xpath: //a[text()='My Feedback']]
[INFO ][07-May-2024 11:22:09 AM] Selenium_Wrapper.click:(205) - Clicking on :[[ChromeDriver: chrome on WINDOWS (bac31c065a1e2c688d99efd8daa6b481)] -> xpath: ((//table//tbody)[2]//a)[1]]
[INFO ][07-May-2024 11:22:40 AM] Selenium_Wrapper.click:(205) - Clicking on :[[ChromeDriver: chrome on WINDOWS (bac31c065a1e2c688d99efd8daa6b481)] -> class name: knowledge]
[INFO ][07-May-2024 11:22:42 AM] Selenium_Wrapper.closeCurrentBrowser:(657) - Closing the current Browser
[INFO ][07-May-2024 11:22:43 AM] Selenium_Wrapper.openBrowser:(54) - Opening chrome browser.
[INFO ][07-May-2024 11:22:54 AM] Selenium_Wrapper.enterURL:(88) - Entering url :https://macu1--tst1.custhelp.com/AgentWeb/
[INFO ][07-May-2024 11:22:58 AM] Selenium_Wrapper.enterText:(317) - Entering Text :automation_testing in WebElement :[[ChromeDriver: chrome on WINDOWS (0e5960d8836ae3003b1efb5927b5e727)] -> id: username]
[INFO ][07-May-2024 11:23:00 AM] Selenium_Wrapper.enterText:(317) - Entering Text :Welcome123 in WebElement :[[ChromeDriver: chrome on WINDOWS (0e5960d8836ae3003b1efb5927b5e727)] -> id: password]
[INFO ][07-May-2024 11:23:09 AM] Selenium_Wrapper.click:(205) - Clicking on :[[ChromeDriver: chrome on WINDOWS (0e5960d8836ae3003b1efb5927b5e727)] -> id: loginbutton]
[INFO ][07-May-2024 11:24:02 AM] Selenium_Wrapper.click:(205) - Clicking on :[[ChromeDriver: chrome on WINDOWS (0e5960d8836ae3003b1efb5927b5e727)] -> id: navigationSetBtn]
[INFO ][07-May-2024 11:24:06 AM] Selenium_Wrapper.click:(205) - Clicking on :[[ChromeDriver: chrome on WINDOWS (0e5960d8836ae3003b1efb5927b5e727)] -> xpath: //div[text()='Analytics']]
[INFO ][07-May-2024 11:24:08 AM] Selenium_Wrapper.click:(205) - Clicking on :[[ChromeDriver: chrome on WINDOWS (0e5960d8836ae3003b1efb5927b5e727)] -> xpath: //span[text()='Reports Explorer']]
[INFO ][07-May-2024 11:24:13 AM] Selenium_Wrapper.click:(205) - Clicking on :[[ChromeDriver: chrome on WINDOWS (0e5960d8836ae3003b1efb5927b5e727)] -> xpath: //div[text()='Public Reports']]
[INFO ][07-May-2024 11:24:15 AM] Selenium_Wrapper.click:(205) - Clicking on :[[ChromeDriver: chrome on WINDOWS (0e5960d8836ae3003b1efb5927b5e727)] -> xpath: //div[text()='MACU CUSTOM REPORTS']]
[INFO ][07-May-2024 11:24:17 AM] Selenium_Wrapper.click:(205) - Clicking on :[[ChromeDriver: chrome on WINDOWS (0e5960d8836ae3003b1efb5927b5e727)] -> xpath: //div[text()='SoftClouds']]
[INFO ][07-May-2024 11:24:19 AM] Selenium_Wrapper.click:(205) - Clicking on :[[ChromeDriver: chrome on WINDOWS (0e5960d8836ae3003b1efb5927b5e727)] -> xpath: //div[text()='OKCS']]
[INFO ][07-May-2024 11:24:22 AM] Selenium_Wrapper.click:(205) - Clicking on :[[ChromeDriver: chrome on WINDOWS (0e5960d8836ae3003b1efb5927b5e727)] -> xpath: //div[text()='Archived Reports']]
[INFO ][07-May-2024 11:24:34 AM] Selenium_Wrapper.doubleClick:(286) - Double clicking on :[[ChromeDriver: chrome on WINDOWS (0e5960d8836ae3003b1efb5927b5e727)] -> xpath: //div[@class='explorer-right-panel']//div[@class='explorer-data-grid']//span[text()='Feedback Admin Report (old)']]
[INFO ][07-May-2024 11:24:47 AM] Selenium_Wrapper.click:(205) - Clicking on :[[ChromeDriver: chrome on WINDOWS (0e5960d8836ae3003b1efb5927b5e727)] -> xpath: //div[@class='container wsx-flex']//div[@class='analyticsTopSection']//div[@class='select-box-root select-box-display-text-active']]
[INFO ][07-May-2024 11:24:50 AM] Selenium_Wrapper.click:(205) - Clicking on :[[ChromeDriver: chrome on WINDOWS (0e5960d8836ae3003b1efb5927b5e727)] -> xpath: (//span[text()='Search'])[2]]
[INFO ][07-May-2024 11:24:59 AM] Selenium_Wrapper.doubleClick:(286) - Double clicking on :[[ChromeDriver: chrome on WINDOWS (0e5960d8836ae3003b1efb5927b5e727)] -> xpath: //div[@class='container wsx-flex']//div[contains(@column-id,'2')][1]]
[INFO ][07-May-2024 11:25:11 AM] Selenium_Wrapper.click:(205) - Clicking on :[[ChromeDriver: chrome on WINDOWS (0e5960d8836ae3003b1efb5927b5e727)] -> xpath: //span[text()='Messages']]
[INFO ][07-May-2024 11:25:13 AM] Selenium_Wrapper.click:(205) - Clicking on :[[ChromeDriver: chrome on WINDOWS (0e5960d8836ae3003b1efb5927b5e727)] -> xpath: //div[contains(@class,'cke_wysiwyg_div ')]]
[INFO ][07-May-2024 11:25:14 AM] Selenium_Wrapper.enterText:(317) - Entering Text :It is working as per Expected in WebElement :[[ChromeDriver: chrome on WINDOWS (0e5960d8836ae3003b1efb5927b5e727)] -> xpath: //div[contains(@class,'cke_wysiwyg_div ')]]
[INFO ][07-May-2024 11:25:16 AM] Selenium_Wrapper.click:(205) - Clicking on :[[ChromeDriver: chrome on WINDOWS (0e5960d8836ae3003b1efb5927b5e727)] -> xpath: //div[@class='ws-toolbar-button-image bui-icon save-icon fa-lg']]
[INFO ][07-May-2024 11:25:19 AM] Selenium_Wrapper.click:(205) - Clicking on :[[ChromeDriver: chrome on WINDOWS (0e5960d8836ae3003b1efb5927b5e727)] -> xpath: //span[text()='Summary']]
[INFO ][07-May-2024 11:25:26 AM] Selenium_Wrapper.clickUsingActions:(255) - Clicking on :[[ChromeDriver: chrome on WINDOWS (0e5960d8836ae3003b1efb5927b5e727)] -> xpath: (//div[text()='Waiting'])[2]]
[INFO ][07-May-2024 11:25:30 AM] Selenium_Wrapper.click:(205) - Clicking on :[[ChromeDriver: chrome on WINDOWS (0e5960d8836ae3003b1efb5927b5e727)] -> xpath: (//div[@title='Solved'])[1]]
[INFO ][07-May-2024 11:25:35 AM] Selenium_Wrapper.click:(205) - Clicking on :[[ChromeDriver: chrome on WINDOWS (0e5960d8836ae3003b1efb5927b5e727)] -> xpath: //div[@class='ws-toolbar-button-image bui-icon save-icon fa-lg']]
[INFO ][07-May-2024 11:25:41 AM] Selenium_Wrapper.click:(205) - Clicking on :[[ChromeDriver: chrome on WINDOWS (0e5960d8836ae3003b1efb5927b5e727)] -> xpath: (//a[@class='closeButton'])[3]]
[INFO ][07-May-2024 11:25:45 AM] Selenium_Wrapper.click:(205) - Clicking on :[[ChromeDriver: chrome on WINDOWS (0e5960d8836ae3003b1efb5927b5e727)] -> xpath: (//a[@class='closeButton'])[2]]
[INFO ][07-May-2024 11:25:49 AM] Selenium_Wrapper.click:(205) - Clicking on :[[ChromeDriver: chrome on WINDOWS (0e5960d8836ae3003b1efb5927b5e727)] -> xpath: (//a[@class='closeButton'])[1]]
[INFO ][07-May-2024 11:25:55 AM] Selenium_Wrapper.click:(205) - Clicking on :[[ChromeDriver: chrome on WINDOWS (0e5960d8836ae3003b1efb5927b5e727)] -> xpath: //body//oj-avatar[@initials='[[userMenuLabel]]']]
[INFO ][07-May-2024 11:25:59 AM] Selenium_Wrapper.click:(205) - Clicking on :[[ChromeDriver: chrome on WINDOWS (0e5960d8836ae3003b1efb5927b5e727)] -> xpath: //a//span[text()='Sign Out']]
[INFO ][07-May-2024 11:26:04 AM] Selenium_Wrapper.closeCurrentBrowser:(657) - Closing the current Browser
