[INFO ][04-Apr-2024 11:20:08 AM] Selenium_Wrapper.openBrowser:(54) - Opening chrome browser.
[INFO ][04-Apr-2024 11:20:15 AM] Selenium_Wrapper.enterURL:(88) - Entering url :https://macu1--tst1.custhelp.com/app/home
[INFO ][04-Apr-2024 11:20:19 AM] Selenium_Wrapper.enterText:(317) - Entering Text :swamyk in WebElement :[[ChromeDriver: chrome on WINDOWS (af194031fa06f67b071f55bb081d49cb)] -> id: rn_LoginForm_2_Username]
[INFO ][04-Apr-2024 11:20:20 AM] Selenium_Wrapper.enterText:(317) - Entering Text :Soft@123 in WebElement :[[ChromeDriver: chrome on WINDOWS (af194031fa06f67b071f55bb081d49cb)] -> id: rn_LoginForm_2_Password]
[INFO ][04-Apr-2024 11:20:25 AM] Selenium_Wrapper.click:(205) - Clicking on :[[ChromeDriver: chrome on WINDOWS (af194031fa06f67b071f55bb081d49cb)] -> id: rn_LoginForm_2_Submit]
[INFO ][04-Apr-2024 11:20:33 AM] Selenium_Wrapper.click:(205) - Clicking on :[[ChromeDriver: chrome on WINDOWS (af194031fa06f67b071f55bb081d49cb)] -> xpath: //div[@class='dropdown']]
[INFO ][04-Apr-2024 11:20:44 AM] Selenium_Wrapper.click:(205) - Clicking on :[[ChromeDriver: chrome on WINDOWS (af194031fa06f67b071f55bb081d49cb)] -> xpath: //a[text()='My Activity']]
[INFO ][04-Apr-2024 11:20:48 AM] Selenium_Wrapper.click:(205) - Clicking on :[[ChromeDriver: chrome on WINDOWS (af194031fa06f67b071f55bb081d49cb)] -> xpath: //input[@type='search']]
[INFO ][04-Apr-2024 11:20:50 AM] Selenium_Wrapper.enterText:(317) - Entering Text :Business Use Auto Loan in WebElement :[[ChromeDriver: chrome on WINDOWS (af194031fa06f67b071f55bb081d49cb)] -> xpath: //input[@type='search']]
[INFO ][04-Apr-2024 11:20:58 AM] Selenium_Wrapper.click:(205) - Clicking on :[[ChromeDriver: chrome on WINDOWS (af194031fa06f67b071f55bb081d49cb)] -> class name: knowledge]
[INFO ][04-Apr-2024 11:21:02 AM] Selenium_Wrapper.click:(205) - Clicking on :[[ChromeDriver: chrome on WINDOWS (af194031fa06f67b071f55bb081d49cb)] -> xpath: //div[@class='dropdown']]
[INFO ][04-Apr-2024 11:21:07 AM] Selenium_Wrapper.click:(205) - Clicking on :[[ChromeDriver: chrome on WINDOWS (af194031fa06f67b071f55bb081d49cb)] -> xpath: //a[text()='My Activity']]
[INFO ][04-Apr-2024 11:21:15 AM] Selenium_Wrapper.click:(205) - Clicking on :[[ChromeDriver: chrome on WINDOWS (af194031fa06f67b071f55bb081d49cb)] -> xpath: //a[text()='browse all PAGES']]
[INFO ][04-Apr-2024 11:21:29 AM] Selenium_Wrapper.click:(205) - Clicking on :[[ChromeDriver: chrome on WINDOWS (af194031fa06f67b071f55bb081d49cb)] -> xpath: //div[@class='dropdown']]
[INFO ][04-Apr-2024 11:21:37 AM] Selenium_Wrapper.click:(205) - Clicking on :[[ChromeDriver: chrome on WINDOWS (af194031fa06f67b071f55bb081d49cb)] -> xpath: //a[text()='My Activity']]
[INFO ][04-Apr-2024 11:21:48 AM] Selenium_Wrapper.click:(205) - Clicking on :[[ChromeDriver: chrome on WINDOWS (af194031fa06f67b071f55bb081d49cb)] -> xpath: //button[@class='rn_RecommendContentButton p-0']]
[INFO ][04-Apr-2024 11:21:49 AM] Selenium_Wrapper.enterText:(317) - Entering Text :Test Improve, comments, updates in WebElement :[[ChromeDriver: chrome on WINDOWS (af194031fa06f67b071f55bb081d49cb)] -> id: rn_RequestUpdate_9_Description]
[INFO ][04-Apr-2024 11:21:52 AM] Selenium_Wrapper.click:(205) - Clicking on :[[ChromeDriver: chrome on WINDOWS (af194031fa06f67b071f55bb081d49cb)] -> xpath: //button[text()='Submit']]
[INFO ][04-Apr-2024 11:21:54 AM] Selenium_Wrapper.click:(205) - Clicking on :[[ChromeDriver: chrome on WINDOWS (af194031fa06f67b071f55bb081d49cb)] -> xpath: //div[@id='rnDialog2']//button[@type='button']]
[INFO ][04-Apr-2024 11:22:00 AM] Selenium_Wrapper.click:(205) - Clicking on :[[ChromeDriver: chrome on WINDOWS (af194031fa06f67b071f55bb081d49cb)] -> class name: knowledge]
[INFO ][04-Apr-2024 11:22:03 AM] Selenium_Wrapper.closeCurrentBrowser:(657) - Closing the current Browser
