[INFO ][05-Jan-2024 11:23:02 AM] Selenium_Wrapper.openBrowser:(48) - Opening chrome browser.
[INFO ][05-Jan-2024 11:23:05 AM] Selenium_Wrapper.enterURL:(82) - Entering url :https://macu1--tst1.custhelp.com/AgentWeb/
[INFO ][05-Jan-2024 11:23:10 AM] Selenium_Wrapper.enterText:(311) - Entering Text :automation_testing in WebElement :[[ChromeDriver: chrome on WINDOWS (9cdb1cfbbc2fc93750a5b4af9e3b6f41)] -> id: username]
[INFO ][05-Jan-2024 11:23:11 AM] Selenium_Wrapper.enterText:(311) - Entering Text :Welcome123 in WebElement :[[ChromeDriver: chrome on WINDOWS (9cdb1cfbbc2fc93750a5b4af9e3b6f41)] -> id: password]
[INFO ][05-Jan-2024 11:23:37 AM] Selenium_Wrapper.click:(199) - Clicking on :[[ChromeDriver: chrome on WINDOWS (9cdb1cfbbc2fc93750a5b4af9e3b6f41)] -> id: loginbutton]
[INFO ][05-Jan-2024 11:23:57 AM] Selenium_Wrapper.click:(199) - Clicking on :[[ChromeDriver: chrome on WINDOWS (9cdb1cfbbc2fc93750a5b4af9e3b6f41)] -> xpath: //oj-button[@id='navigationSetBtn']]
[INFO ][05-Jan-2024 11:24:02 AM] Selenium_Wrapper.click:(199) - Clicking on :[[ChromeDriver: chrome on WINDOWS (9cdb1cfbbc2fc93750a5b4af9e3b6f41)] -> xpath: (//div[text()='Analytics']//a)]
[INFO ][05-Jan-2024 11:24:07 AM] Selenium_Wrapper.click:(199) - Clicking on :[[ChromeDriver: chrome on WINDOWS (9cdb1cfbbc2fc93750a5b4af9e3b6f41)] -> xpath: //span[text()='Reports Explorer']]
[INFO ][05-Jan-2024 11:24:13 AM] Selenium_Wrapper.click:(199) - Clicking on :[[ChromeDriver: chrome on WINDOWS (9cdb1cfbbc2fc93750a5b4af9e3b6f41)] -> xpath: //div[text()='Public Reports']]
[INFO ][05-Jan-2024 11:24:18 AM] Selenium_Wrapper.click:(199) - Clicking on :[[ChromeDriver: chrome on WINDOWS (9cdb1cfbbc2fc93750a5b4af9e3b6f41)] -> xpath: //div[text()='MACU CUSTOM REPORTS']]
[INFO ][05-Jan-2024 11:24:23 AM] Selenium_Wrapper.click:(199) - Clicking on :[[ChromeDriver: chrome on WINDOWS (9cdb1cfbbc2fc93750a5b4af9e3b6f41)] -> xpath: //div[text()='SoftClouds']]
[INFO ][05-Jan-2024 11:24:28 AM] Selenium_Wrapper.click:(199) - Clicking on :[[ChromeDriver: chrome on WINDOWS (9cdb1cfbbc2fc93750a5b4af9e3b6f41)] -> xpath: //div[text()='OKCS']]
[INFO ][05-Jan-2024 11:24:41 AM] Selenium_Wrapper.click:(199) - Clicking on :[[ChromeDriver: chrome on WINDOWS (9cdb1cfbbc2fc93750a5b4af9e3b6f41)] -> xpath: (//span[text()='Search'])[2]]
[INFO ][05-Jan-2024 11:24:47 AM] Selenium_Wrapper.click:(199) - Clicking on :[[ChromeDriver: chrome on WINDOWS (9cdb1cfbbc2fc93750a5b4af9e3b6f41)] -> xpath: (//span[contains(@title,'Thumbsup Count')]//a)[3]]
[INFO ][05-Jan-2024 11:24:57 AM] Selenium_Wrapper.click:(199) - Clicking on :[[ChromeDriver: chrome on WINDOWS (9cdb1cfbbc2fc93750a5b4af9e3b6f41)] -> xpath: (//div[@class='breadcrumbContainer']//ul//li//a)[1]]
[INFO ][05-Jan-2024 11:25:07 AM] Selenium_Wrapper.click:(199) - Clicking on :[[ChromeDriver: chrome on WINDOWS (9cdb1cfbbc2fc93750a5b4af9e3b6f41)] -> xpath: (//div[@class='primary-tab-header']//ul//li)[2]//span//a//i]
[INFO ][05-Jan-2024 11:25:18 AM] Selenium_Wrapper.click:(199) - Clicking on :[[ChromeDriver: chrome on WINDOWS (9cdb1cfbbc2fc93750a5b4af9e3b6f41)] -> xpath: //a[@class='closeButton']]
[INFO ][05-Jan-2024 11:25:28 AM] Selenium_Wrapper.click:(199) - Clicking on :[[ChromeDriver: chrome on WINDOWS (9cdb1cfbbc2fc93750a5b4af9e3b6f41)] -> xpath: //body//oj-avatar[@initials='[[userMenuLabel]]']]
[INFO ][05-Jan-2024 11:25:35 AM] Selenium_Wrapper.click:(199) - Clicking on :[[ChromeDriver: chrome on WINDOWS (9cdb1cfbbc2fc93750a5b4af9e3b6f41)] -> xpath: //a//span[text()='Sign Out']]
[INFO ][05-Jan-2024 11:25:40 AM] Selenium_Wrapper.closeCurrentBrowser:(651) - Closing the current Browser
