[INFO ][28-Jul-2023 11:25:09 am] Selenium_Wrapper.openBrowser:(48) - Opening chrome browser.
[INFO ][28-Jul-2023 11:25:16 am] Selenium_Wrapper.enterURL:(82) - Entering url :https://macu1--tst1.custhelp.com/app/home
[INFO ][28-Jul-2023 11:25:20 am] Selenium_Wrapper.enterText:(311) - Entering Text :swamyk in WebElement :[[ChromeDriver: chrome on WINDOWS (33dfb17b6e7c30deee01d6cca2352048)] -> id: rn_LoginForm_2_Username]
[INFO ][28-Jul-2023 11:25:21 am] Selenium_Wrapper.enterText:(311) - Entering Text :Soft@123 in WebElement :[[ChromeDriver: chrome on WINDOWS (33dfb17b6e7c30deee01d6cca2352048)] -> id: rn_LoginForm_2_Password]
[INFO ][28-Jul-2023 11:25:29 am] Selenium_Wrapper.click:(199) - Clicking on :[[ChromeDriver: chrome on WINDOWS (33dfb17b6e7c30deee01d6cca2352048)] -> id: rn_LoginForm_2_Submit]
[INFO ][28-Jul-2023 11:25:40 am] Selenium_Wrapper.click:(199) - Clicking on :[[ChromeDriver: chrome on WINDOWS (33dfb17b6e7c30deee01d6cca2352048)] -> xpath: //input[@type='search']]
[INFO ][28-Jul-2023 11:25:41 am] Selenium_Wrapper.enterText:(311) - Entering Text :Business Auto Loan in WebElement :[[ChromeDriver: chrome on WINDOWS (33dfb17b6e7c30deee01d6cca2352048)] -> xpath: //input[@type='search']]
[INFO ][28-Jul-2023 11:26:00 am] Selenium_Wrapper.click:(199) - Clicking on :[[ChromeDriver: chrome on WINDOWS (33dfb17b6e7c30deee01d6cca2352048)] -> xpath: (//div[@class='yui3-aclist-content']//li//li)[1]]
[INFO ][28-Jul-2023 11:26:07 am] Selenium_Wrapper.click:(199) - Clicking on :[[ChromeDriver: chrome on WINDOWS (33dfb17b6e7c30deee01d6cca2352048)] -> xpath: (//div[@class='rn_SearchResultContent']//a)[1]]
[INFO ][28-Jul-2023 11:26:32 am] Selenium_Wrapper.click:(199) - Clicking on :[[ChromeDriver: chrome on WINDOWS (33dfb17b6e7c30deee01d6cca2352048)] -> xpath: //button[@class='rn_RecommendContentButton p-0']]
[INFO ][28-Jul-2023 11:26:33 am] Selenium_Wrapper.enterText:(311) - Entering Text :Test Improve, comments, updates in WebElement :[[ChromeDriver: chrome on WINDOWS (33dfb17b6e7c30deee01d6cca2352048)] -> id: rn_RequestUpdate_25_Description]
[INFO ][28-Jul-2023 11:26:38 am] Selenium_Wrapper.click:(199) - Clicking on :[[ChromeDriver: chrome on WINDOWS (33dfb17b6e7c30deee01d6cca2352048)] -> xpath: //button[text()='Submit']]
[INFO ][28-Jul-2023 11:26:52 am] Selenium_Wrapper.click:(199) - Clicking on :[[ChromeDriver: chrome on WINDOWS (33dfb17b6e7c30deee01d6cca2352048)] -> xpath: //div[@id='rnDialog2']//button[@type='button']]
[INFO ][28-Jul-2023 11:27:06 am] Selenium_Wrapper.click:(199) - Clicking on :[[ChromeDriver: chrome on WINDOWS (33dfb17b6e7c30deee01d6cca2352048)] -> class name: knowledge]
[INFO ][28-Jul-2023 11:27:13 am] Selenium_Wrapper.click:(199) - Clicking on :[[ChromeDriver: chrome on WINDOWS (33dfb17b6e7c30deee01d6cca2352048)] -> xpath: //div[@class='dropdown']]
[ERROR][28-Jul-2023 11:28:59 am] Selenium_Wrapper.getWebElement:(124) - org.openqa.selenium.TimeoutException: Expected condition failed: waiting for visibility of [[ChromeDriver: chrome on WINDOWS (33dfb17b6e7c30deee01d6cca2352048)] -> xpath: //a[text()='My Feedback']] (tried for 100 second(s) with 500 milliseconds interval)
Build info: version: '3.141.59', revision: 'e82be7d358', time: '2018-11-14T08:17:03'
System info: host: 'CAF-QA-SWAMYK', ip: '192.168.0.6', os.name: 'Windows 10', os.arch: 'amd64', os.version: '10.0', java.version: '17.0.5'
Driver info: org.openqa.selenium.chrome.ChromeDriver
Capabilities {acceptInsecureCerts: false, browserName: chrome, browserVersion: 115.0.5790.110, chrome: {chromedriverVersion: 114.0.5735.90 (386bc09e8f4f..., userDataDir: C:\Users\swamyk\AppData\Loc...}, goog:chromeOptions: {debuggerAddress: localhost:61293}, javascriptEnabled: true, networkConnectionEnabled: false, pageLoadStrategy: normal, platform: WINDOWS, platformName: WINDOWS, proxy: Proxy(), setWindowRect: true, strictFileInteractability: false, timeouts: {implicit: 0, pageLoad: 300000, script: 30000}, unhandledPromptBehavior: dismiss and notify, webauthn:extension:credBlob: true, webauthn:extension:largeBlob: true, webauthn:extension:minPinLength: true, webauthn:extension:prf: true, webauthn:virtualAuthenticators: true}
Session ID: 33dfb17b6e7c30deee01d6cca2352048
[ERROR][28-Jul-2023 11:28:59 am] FeedbackAdmin.testMyFeedbackStatus:(110) - My Feedback Article Status in CP Test is un-successfull
[INFO ][28-Jul-2023 11:28:59 am] Selenium_Wrapper.openBrowser:(48) - Opening chrome browser.
[INFO ][28-Jul-2023 11:29:08 am] Selenium_Wrapper.enterURL:(82) - Entering url :https://macu1--tst1.custhelp.com/AgentWeb/
[INFO ][28-Jul-2023 11:29:12 am] Selenium_Wrapper.enterText:(311) - Entering Text :automation_testing in WebElement :[[ChromeDriver: chrome on WINDOWS (7ac3748514bfb023afe1167437f27786)] -> id: username]
[INFO ][28-Jul-2023 11:29:13 am] Selenium_Wrapper.enterText:(311) - Entering Text :Welcome123 in WebElement :[[ChromeDriver: chrome on WINDOWS (7ac3748514bfb023afe1167437f27786)] -> id: password]
[INFO ][28-Jul-2023 11:29:28 am] Selenium_Wrapper.click:(199) - Clicking on :[[ChromeDriver: chrome on WINDOWS (7ac3748514bfb023afe1167437f27786)] -> id: loginbutton]
[INFO ][28-Jul-2023 11:29:48 am] Selenium_Wrapper.click:(199) - Clicking on :[[ChromeDriver: chrome on WINDOWS (7ac3748514bfb023afe1167437f27786)] -> id: navigationSetBtn]
[INFO ][28-Jul-2023 11:29:54 am] Selenium_Wrapper.click:(199) - Clicking on :[[ChromeDriver: chrome on WINDOWS (7ac3748514bfb023afe1167437f27786)] -> xpath: (//div[text()='Analytics']//a)]
[INFO ][28-Jul-2023 11:29:59 am] Selenium_Wrapper.click:(199) - Clicking on :[[ChromeDriver: chrome on WINDOWS (7ac3748514bfb023afe1167437f27786)] -> xpath: //span[text()='Reports Explorer']]
[INFO ][28-Jul-2023 11:30:05 am] Selenium_Wrapper.click:(199) - Clicking on :[[ChromeDriver: chrome on WINDOWS (7ac3748514bfb023afe1167437f27786)] -> xpath: //div[text()='Public Reports']]
[INFO ][28-Jul-2023 11:30:10 am] Selenium_Wrapper.click:(199) - Clicking on :[[ChromeDriver: chrome on WINDOWS (7ac3748514bfb023afe1167437f27786)] -> xpath: //div[text()='MACU CUSTOM REPORTS']]
[INFO ][28-Jul-2023 11:30:15 am] Selenium_Wrapper.click:(199) - Clicking on :[[ChromeDriver: chrome on WINDOWS (7ac3748514bfb023afe1167437f27786)] -> xpath: //div[text()='SoftClouds']]
[INFO ][28-Jul-2023 11:30:21 am] Selenium_Wrapper.click:(199) - Clicking on :[[ChromeDriver: chrome on WINDOWS (7ac3748514bfb023afe1167437f27786)] -> xpath: //div[text()='OKCS']]
[INFO ][28-Jul-2023 11:30:33 am] Selenium_Wrapper.doubleClick:(280) - Double clicking on :[[ChromeDriver: chrome on WINDOWS (7ac3748514bfb023afe1167437f27786)] -> xpath: //div[@class='explorer-right-panel']//div[@class='explorer-data-grid']//span[text()='Feedback Admin Report']]
[INFO ][28-Jul-2023 11:30:50 am] Selenium_Wrapper.click:(199) - Clicking on :[[ChromeDriver: chrome on WINDOWS (7ac3748514bfb023afe1167437f27786)] -> xpath: //div[@class='container wsx-flex']//div[@class='analyticsTopSection']//div[@class='select-box-root select-box-display-text-active']]
[INFO ][28-Jul-2023 11:30:55 am] Selenium_Wrapper.click:(199) - Clicking on :[[ChromeDriver: chrome on WINDOWS (7ac3748514bfb023afe1167437f27786)] -> xpath: (//span[text()='Search'])[2]]
[INFO ][28-Jul-2023 11:31:05 am] Selenium_Wrapper.doubleClick:(280) - Double clicking on :[[ChromeDriver: chrome on WINDOWS (7ac3748514bfb023afe1167437f27786)] -> xpath: //div[@class='container wsx-flex']//div[contains(@column-id,'2')][1]]
[INFO ][28-Jul-2023 11:31:19 am] Selenium_Wrapper.click:(199) - Clicking on :[[ChromeDriver: chrome on WINDOWS (7ac3748514bfb023afe1167437f27786)] -> xpath: //span[text()='Messages']]
[INFO ][28-Jul-2023 11:31:25 am] Selenium_Wrapper.click:(199) - Clicking on :[[ChromeDriver: chrome on WINDOWS (7ac3748514bfb023afe1167437f27786)] -> xpath: //div[contains(@class,'cke_wysiwyg_div ')]]
[INFO ][28-Jul-2023 11:31:26 am] Selenium_Wrapper.enterText:(311) - Entering Text :It is working as per Expected in WebElement :[[ChromeDriver: chrome on WINDOWS (7ac3748514bfb023afe1167437f27786)] -> xpath: //div[contains(@class,'cke_wysiwyg_div ')]]
[INFO ][28-Jul-2023 11:31:31 am] Selenium_Wrapper.click:(199) - Clicking on :[[ChromeDriver: chrome on WINDOWS (7ac3748514bfb023afe1167437f27786)] -> xpath: //div[@class='ws-toolbar-button-image bui-icon save-icon fa-lg']]
[INFO ][28-Jul-2023 11:31:37 am] Selenium_Wrapper.click:(199) - Clicking on :[[ChromeDriver: chrome on WINDOWS (7ac3748514bfb023afe1167437f27786)] -> xpath: //span[text()='Summary']]
[INFO ][28-Jul-2023 11:31:44 am] Selenium_Wrapper.clickUsingActions:(249) - Clicking on :[[ChromeDriver: chrome on WINDOWS (7ac3748514bfb023afe1167437f27786)] -> xpath: //div[contains(@id,'Incident_Status')][@class='display-text']]
[INFO ][28-Jul-2023 11:31:51 am] Selenium_Wrapper.click:(199) - Clicking on :[[ChromeDriver: chrome on WINDOWS (7ac3748514bfb023afe1167437f27786)] -> xpath: (//div[@title='Solved'])[1]]
[INFO ][28-Jul-2023 11:31:59 am] Selenium_Wrapper.click:(199) - Clicking on :[[ChromeDriver: chrome on WINDOWS (7ac3748514bfb023afe1167437f27786)] -> xpath: //div[@class='ws-toolbar-button-image bui-icon save-icon fa-lg']]
[INFO ][28-Jul-2023 11:32:08 am] Selenium_Wrapper.click:(199) - Clicking on :[[ChromeDriver: chrome on WINDOWS (7ac3748514bfb023afe1167437f27786)] -> xpath: (//a[@class='closeButton'])[3]]
[INFO ][28-Jul-2023 11:32:15 am] Selenium_Wrapper.click:(199) - Clicking on :[[ChromeDriver: chrome on WINDOWS (7ac3748514bfb023afe1167437f27786)] -> xpath: (//a[@class='closeButton'])[2]]
[INFO ][28-Jul-2023 11:32:23 am] Selenium_Wrapper.click:(199) - Clicking on :[[ChromeDriver: chrome on WINDOWS (7ac3748514bfb023afe1167437f27786)] -> xpath: (//a[@class='closeButton'])[1]]
[INFO ][28-Jul-2023 11:32:38 am] Selenium_Wrapper.click:(199) - Clicking on :[[ChromeDriver: chrome on WINDOWS (7ac3748514bfb023afe1167437f27786)] -> xpath: //body//oj-avatar[@initials='[[userMenuLabel]]']]
[INFO ][28-Jul-2023 11:32:45 am] Selenium_Wrapper.click:(199) - Clicking on :[[ChromeDriver: chrome on WINDOWS (7ac3748514bfb023afe1167437f27786)] -> xpath: //a//span[text()='Sign Out']]
[INFO ][28-Jul-2023 11:32:57 am] Selenium_Wrapper.click:(199) - Clicking on :[[ChromeDriver: chrome on WINDOWS (7ac3748514bfb023afe1167437f27786)] -> xpath: //a[text()='Click here']]
[INFO ][28-Jul-2023 11:33:00 am] Selenium_Wrapper.closeCurrentBrowser:(651) - Closing the current Browser
