[INFO ][05-Sep-2024 11:24:02 AM] Selenium_Wrapper.openBrowser:(54) - Opening chrome browser.
[INFO ][05-Sep-2024 11:24:09 AM] Selenium_Wrapper.enterURL:(88) - Entering url :https://macu1--tst1.custhelp.com/app/home
[INFO ][05-Sep-2024 11:24:13 AM] Selenium_Wrapper.enterText:(317) - Entering Text :swamyk in WebElement :[[ChromeDriver: chrome on WINDOWS (4cc1559c5249e2a9a7654d8529572f2b)] -> id: rn_LoginForm_2_Username]
[INFO ][05-Sep-2024 11:24:14 AM] Selenium_Wrapper.enterText:(317) - Entering Text :Soft@123 in WebElement :[[ChromeDriver: chrome on WINDOWS (4cc1559c5249e2a9a7654d8529572f2b)] -> id: rn_LoginForm_2_Password]
[INFO ][05-Sep-2024 11:24:18 AM] Selenium_Wrapper.click:(205) - Clicking on :[[ChromeDriver: chrome on WINDOWS (4cc1559c5249e2a9a7654d8529572f2b)] -> id: rn_LoginForm_2_Submit]
[INFO ][05-Sep-2024 11:24:35 AM] Selenium_Wrapper.click:(205) - Clicking on :[[ChromeDriver: chrome on WINDOWS (4cc1559c5249e2a9a7654d8529572f2b)] -> xpath: //a[text()='browse all PAGES']]
[INFO ][05-Sep-2024 11:24:46 AM] Selenium_Wrapper.click:(205) - Clicking on :[[ChromeDriver: chrome on WINDOWS (4cc1559c5249e2a9a7654d8529572f2b)] -> xpath: (//div[@id='category']//following-sibling::ul//a)[1]]
[INFO ][05-Sep-2024 11:25:04 AM] Selenium_Wrapper.click:(205) - Clicking on :[[ChromeDriver: chrome on WINDOWS (4cc1559c5249e2a9a7654d8529572f2b)] -> xpath: //a[text()='Business Accounts']]
[INFO ][05-Sep-2024 11:25:09 AM] Selenium_Wrapper.click:(205) - Clicking on :[[ChromeDriver: chrome on WINDOWS (4cc1559c5249e2a9a7654d8529572f2b)] -> xpath: (//div[@id='category']//following-sibling::ul//a)[1]]
[INFO ][05-Sep-2024 11:25:22 AM] Selenium_Wrapper.click:(205) - Clicking on :[[ChromeDriver: chrome on WINDOWS (4cc1559c5249e2a9a7654d8529572f2b)] -> xpath: //a[text()='Employee Experience']]
[INFO ][05-Sep-2024 11:25:44 AM] Selenium_Wrapper.click:(205) - Clicking on :[[ChromeDriver: chrome on WINDOWS (4cc1559c5249e2a9a7654d8529572f2b)] -> xpath: //a[text()='Employee Experience']]
[INFO ][05-Sep-2024 11:25:57 AM] Selenium_Wrapper.click:(205) - Clicking on :[[ChromeDriver: chrome on WINDOWS (4cc1559c5249e2a9a7654d8529572f2b)] -> xpath: //a[text()='Personal Accounts']]
[INFO ][05-Sep-2024 11:26:02 AM] Selenium_Wrapper.click:(205) - Clicking on :[[ChromeDriver: chrome on WINDOWS (4cc1559c5249e2a9a7654d8529572f2b)] -> xpath: (//div[@id='category']//following-sibling::ul//a)[1]]
[INFO ][05-Sep-2024 11:26:15 AM] Selenium_Wrapper.click:(205) - Clicking on :[[ChromeDriver: chrome on WINDOWS (4cc1559c5249e2a9a7654d8529572f2b)] -> xpath: //a[text()='Services']]
[INFO ][05-Sep-2024 11:26:37 AM] Selenium_Wrapper.click:(205) - Clicking on :[[ChromeDriver: chrome on WINDOWS (4cc1559c5249e2a9a7654d8529572f2b)] -> xpath: //a[text()='Services']]
[INFO ][05-Sep-2024 11:26:55 AM] Selenium_Wrapper.click:(205) - Clicking on :[[ChromeDriver: chrome on WINDOWS (4cc1559c5249e2a9a7654d8529572f2b)] -> xpath: //a[text()='Technology']]
[INFO ][05-Sep-2024 11:27:00 AM] Selenium_Wrapper.click:(205) - Clicking on :[[ChromeDriver: chrome on WINDOWS (4cc1559c5249e2a9a7654d8529572f2b)] -> xpath: (//div[@id='category']//following-sibling::ul//a)[1]]
[INFO ][05-Sep-2024 11:27:22 AM] Selenium_Wrapper.click:(205) - Clicking on :[[ChromeDriver: chrome on WINDOWS (4cc1559c5249e2a9a7654d8529572f2b)] -> xpath: //a[text()='VIEW A-Z INDEX']]
[INFO ][05-Sep-2024 11:27:43 AM] Selenium_Wrapper.click:(205) - Clicking on :[[ChromeDriver: chrome on WINDOWS (4cc1559c5249e2a9a7654d8529572f2b)] -> xpath: //div[@id='rn_A_ZIndex_2']//ul[@class='indexing_list']//li//a[text()='D']]
[INFO ][05-Sep-2024 11:27:57 AM] Selenium_Wrapper.click:(205) - Clicking on :[[ChromeDriver: chrome on WINDOWS (4cc1559c5249e2a9a7654d8529572f2b)] -> xpath: //div[@id='rn_A_ZIndex_2']//ul[@class='indexing_list']//li//a[text()='J']]
[INFO ][05-Sep-2024 11:28:10 AM] Selenium_Wrapper.click:(205) - Clicking on :[[ChromeDriver: chrome on WINDOWS (4cc1559c5249e2a9a7654d8529572f2b)] -> xpath: //div[@id='rn_A_ZIndex_2']//ul[@class='indexing_list']//li//a[text()='P']]
[INFO ][05-Sep-2024 11:28:23 AM] Selenium_Wrapper.click:(205) - Clicking on :[[ChromeDriver: chrome on WINDOWS (4cc1559c5249e2a9a7654d8529572f2b)] -> xpath: //div[@id='rn_A_ZIndex_2']//ul[@class='indexing_list']//li//a[text()='V']]
[INFO ][05-Sep-2024 11:28:37 AM] Selenium_Wrapper.click:(205) - Clicking on :[[ChromeDriver: chrome on WINDOWS (4cc1559c5249e2a9a7654d8529572f2b)] -> xpath: //div[@id='rn_A_ZIndex_2']//ul[@class='indexing_list']//li//a[text()='0-9']]
[INFO ][05-Sep-2024 11:28:58 AM] Selenium_Wrapper.click:(205) - Clicking on :[[ChromeDriver: chrome on WINDOWS (4cc1559c5249e2a9a7654d8529572f2b)] -> xpath: (//div[@class='rn_A_ZIndex']//div[@class='index-content']//a)[1]]
[INFO ][05-Sep-2024 11:29:24 AM] Selenium_Wrapper.enterText:(317) - Entering Text :100% First Time Home Buyer Loan in WebElement :[[ChromeDriver: chrome on WINDOWS (4cc1559c5249e2a9a7654d8529572f2b)] -> xpath: //input[@type='search']]
[INFO ][05-Sep-2024 11:30:03 AM] Selenium_Wrapper.click:(205) - Clicking on :[[ChromeDriver: chrome on WINDOWS (4cc1559c5249e2a9a7654d8529572f2b)] -> xpath: //div[@id='rn_PageTitle']//a[text()='BROWSE ALL PAGES']]
[INFO ][05-Sep-2024 11:30:11 AM] Selenium_Wrapper.closeCurrentBrowser:(657) - Closing the current Browser
