[INFO ][07-May-2024 11:39:48 AM] Selenium_Wrapper.openBrowser:(54) - Opening chrome browser.
[INFO ][07-May-2024 11:39:58 AM] Selenium_Wrapper.enterURL:(88) - Entering url :https://macu1--tst1.custhelp.com/app/home
[INFO ][07-May-2024 11:40:02 AM] Selenium_Wrapper.enterText:(317) - Entering Text :swamyk in WebElement :[[ChromeDriver: chrome on WINDOWS (c1198cd045ff899050ce482e3c1f52ec)] -> id: rn_LoginForm_2_Username]
[INFO ][07-May-2024 11:40:04 AM] Selenium_Wrapper.enterText:(317) - Entering Text :Soft@123 in WebElement :[[ChromeDriver: chrome on WINDOWS (c1198cd045ff899050ce482e3c1f52ec)] -> id: rn_LoginForm_2_Password]
[INFO ][07-May-2024 11:40:08 AM] Selenium_Wrapper.click:(205) - Clicking on :[[ChromeDriver: chrome on WINDOWS (c1198cd045ff899050ce482e3c1f52ec)] -> id: rn_LoginForm_2_Submit]
[INFO ][07-May-2024 11:40:17 AM] Selenium_Wrapper.click:(205) - Clicking on :[[ChromeDriver: chrome on WINDOWS (c1198cd045ff899050ce482e3c1f52ec)] -> xpath: //input[@type='search']]
[INFO ][07-May-2024 11:40:18 AM] Selenium_Wrapper.enterText:(317) - Entering Text :Business Use Auto Loan in WebElement :[[ChromeDriver: chrome on WINDOWS (c1198cd045ff899050ce482e3c1f52ec)] -> xpath: //input[@type='search']]
[INFO ][07-May-2024 11:40:30 AM] Selenium_Wrapper.click:(205) - Clicking on :[[ChromeDriver: chrome on WINDOWS (c1198cd045ff899050ce482e3c1f52ec)] -> xpath: (//div[@class='yui3-aclist-content']//li//li)[1]]
[INFO ][07-May-2024 11:40:34 AM] Selenium_Wrapper.click:(205) - Clicking on :[[ChromeDriver: chrome on WINDOWS (c1198cd045ff899050ce482e3c1f52ec)] -> xpath: (//div[@class='rn_SearchResultContent']//a)[1]]
[INFO ][07-May-2024 11:40:54 AM] Selenium_Wrapper.click:(205) - Clicking on :[[ChromeDriver: chrome on WINDOWS (c1198cd045ff899050ce482e3c1f52ec)] -> xpath: //button[@class='rn_RecommendContentButton p-0']]
[INFO ][07-May-2024 11:40:55 AM] Selenium_Wrapper.enterText:(317) - Entering Text :Test Improve, comments, updates in WebElement :[[ChromeDriver: chrome on WINDOWS (c1198cd045ff899050ce482e3c1f52ec)] -> id: rn_RequestUpdate_25_Description]
[INFO ][07-May-2024 11:40:57 AM] Selenium_Wrapper.click:(205) - Clicking on :[[ChromeDriver: chrome on WINDOWS (c1198cd045ff899050ce482e3c1f52ec)] -> xpath: //button[text()='Submit']]
[INFO ][07-May-2024 11:41:07 AM] Selenium_Wrapper.click:(205) - Clicking on :[[ChromeDriver: chrome on WINDOWS (c1198cd045ff899050ce482e3c1f52ec)] -> xpath: //div[@id='rnDialog2']//button[@type='button']]
[INFO ][07-May-2024 11:41:17 AM] Selenium_Wrapper.click:(205) - Clicking on :[[ChromeDriver: chrome on WINDOWS (c1198cd045ff899050ce482e3c1f52ec)] -> class name: knowledge]
[INFO ][07-May-2024 11:41:21 AM] Selenium_Wrapper.click:(205) - Clicking on :[[ChromeDriver: chrome on WINDOWS (c1198cd045ff899050ce482e3c1f52ec)] -> xpath: //div[@class='dropdown']]
[INFO ][07-May-2024 11:41:27 AM] Selenium_Wrapper.click:(205) - Clicking on :[[ChromeDriver: chrome on WINDOWS (c1198cd045ff899050ce482e3c1f52ec)] -> xpath: //a[text()='My Feedback']]
[INFO ][07-May-2024 11:41:28 AM] Selenium_Wrapper.enterText:(317) - Entering Text :Business Use Auto Loan in WebElement :[[ChromeDriver: chrome on WINDOWS (c1198cd045ff899050ce482e3c1f52ec)] -> xpath: //input[@placeholder='Search Your Feedback Report']]
[INFO ][07-May-2024 11:41:39 AM] Selenium_Wrapper.click:(205) - Clicking on :[[ChromeDriver: chrome on WINDOWS (c1198cd045ff899050ce482e3c1f52ec)] -> xpath: //div[@class='rn_SearchInput1 mt-3']//span[@class='btn-srch-icon']//i[@class='fa fa-search']]
[INFO ][07-May-2024 11:42:02 AM] Selenium_Wrapper.click:(205) - Clicking on :[[ChromeDriver: chrome on WINDOWS (c1198cd045ff899050ce482e3c1f52ec)] -> xpath: (//tbody[@class='yui3-datatable-data']//a)[1]]
[INFO ][07-May-2024 11:42:32 AM] Selenium_Wrapper.click:(205) - Clicking on :[[ChromeDriver: chrome on WINDOWS (c1198cd045ff899050ce482e3c1f52ec)] -> class name: knowledge]
[INFO ][07-May-2024 11:42:37 AM] Selenium_Wrapper.closeCurrentBrowser:(657) - Closing the current Browser
[INFO ][07-May-2024 11:42:38 AM] Selenium_Wrapper.openBrowser:(54) - Opening chrome browser.
[INFO ][07-May-2024 11:42:48 AM] Selenium_Wrapper.enterURL:(88) - Entering url :https://macu1--tst1.custhelp.com/AgentWeb/
[INFO ][07-May-2024 11:42:52 AM] Selenium_Wrapper.enterText:(317) - Entering Text :automation_testing in WebElement :[[ChromeDriver: chrome on WINDOWS (a87e21df78ff528ef08a5b710539f9b9)] -> id: username]
[INFO ][07-May-2024 11:42:53 AM] Selenium_Wrapper.enterText:(317) - Entering Text :Welcome123 in WebElement :[[ChromeDriver: chrome on WINDOWS (a87e21df78ff528ef08a5b710539f9b9)] -> id: password]
[INFO ][07-May-2024 11:43:02 AM] Selenium_Wrapper.click:(205) - Clicking on :[[ChromeDriver: chrome on WINDOWS (a87e21df78ff528ef08a5b710539f9b9)] -> id: loginbutton]
[INFO ][07-May-2024 11:43:39 AM] Selenium_Wrapper.click:(205) - Clicking on :[[ChromeDriver: chrome on WINDOWS (a87e21df78ff528ef08a5b710539f9b9)] -> id: navigationSetBtn]
[INFO ][07-May-2024 11:43:41 AM] Selenium_Wrapper.click:(205) - Clicking on :[[ChromeDriver: chrome on WINDOWS (a87e21df78ff528ef08a5b710539f9b9)] -> xpath: //div[text()='Analytics']]
[INFO ][07-May-2024 11:43:43 AM] Selenium_Wrapper.click:(205) - Clicking on :[[ChromeDriver: chrome on WINDOWS (a87e21df78ff528ef08a5b710539f9b9)] -> xpath: //span[text()='Reports Explorer']]
[INFO ][07-May-2024 11:43:46 AM] Selenium_Wrapper.click:(205) - Clicking on :[[ChromeDriver: chrome on WINDOWS (a87e21df78ff528ef08a5b710539f9b9)] -> xpath: //div[text()='Public Reports']]
[INFO ][07-May-2024 11:43:48 AM] Selenium_Wrapper.click:(205) - Clicking on :[[ChromeDriver: chrome on WINDOWS (a87e21df78ff528ef08a5b710539f9b9)] -> xpath: //div[text()='MACU CUSTOM REPORTS']]
[INFO ][07-May-2024 11:43:50 AM] Selenium_Wrapper.click:(205) - Clicking on :[[ChromeDriver: chrome on WINDOWS (a87e21df78ff528ef08a5b710539f9b9)] -> xpath: //div[text()='SoftClouds']]
[INFO ][07-May-2024 11:43:52 AM] Selenium_Wrapper.click:(205) - Clicking on :[[ChromeDriver: chrome on WINDOWS (a87e21df78ff528ef08a5b710539f9b9)] -> xpath: //div[text()='OKCS']]
[INFO ][07-May-2024 11:44:04 AM] Selenium_Wrapper.doubleClick:(286) - Double clicking on :[[ChromeDriver: chrome on WINDOWS (a87e21df78ff528ef08a5b710539f9b9)] -> xpath: //div[@class='explorer-right-panel']//div[@class='explorer-data-grid']//span[text()='Feedback Admin Report']]
[INFO ][07-May-2024 11:44:17 AM] Selenium_Wrapper.click:(205) - Clicking on :[[ChromeDriver: chrome on WINDOWS (a87e21df78ff528ef08a5b710539f9b9)] -> xpath: //div[@class='container wsx-flex']//div[@class='analyticsTopSection']//div[@class='select-box-root select-box-display-text-active']]
[INFO ][07-May-2024 11:44:20 AM] Selenium_Wrapper.click:(205) - Clicking on :[[ChromeDriver: chrome on WINDOWS (a87e21df78ff528ef08a5b710539f9b9)] -> xpath: (//span[text()='Search'])[2]]
[INFO ][07-May-2024 11:44:29 AM] Selenium_Wrapper.doubleClick:(286) - Double clicking on :[[ChromeDriver: chrome on WINDOWS (a87e21df78ff528ef08a5b710539f9b9)] -> xpath: //div[@class='container wsx-flex']//div[contains(@column-id,'2')][1]]
[INFO ][07-May-2024 11:44:39 AM] Selenium_Wrapper.click:(205) - Clicking on :[[ChromeDriver: chrome on WINDOWS (a87e21df78ff528ef08a5b710539f9b9)] -> xpath: //span[text()='Messages']]
[INFO ][07-May-2024 11:44:41 AM] Selenium_Wrapper.click:(205) - Clicking on :[[ChromeDriver: chrome on WINDOWS (a87e21df78ff528ef08a5b710539f9b9)] -> xpath: //div[contains(@class,'cke_wysiwyg_div ')]]
[INFO ][07-May-2024 11:44:43 AM] Selenium_Wrapper.enterText:(317) - Entering Text :It is working as per Expected in WebElement :[[ChromeDriver: chrome on WINDOWS (a87e21df78ff528ef08a5b710539f9b9)] -> xpath: //div[contains(@class,'cke_wysiwyg_div ')]]
[INFO ][07-May-2024 11:44:45 AM] Selenium_Wrapper.click:(205) - Clicking on :[[ChromeDriver: chrome on WINDOWS (a87e21df78ff528ef08a5b710539f9b9)] -> xpath: //div[@class='ws-toolbar-button-image bui-icon save-icon fa-lg']]
[INFO ][07-May-2024 11:44:47 AM] Selenium_Wrapper.click:(205) - Clicking on :[[ChromeDriver: chrome on WINDOWS (a87e21df78ff528ef08a5b710539f9b9)] -> xpath: //span[text()='Summary']]
[INFO ][07-May-2024 11:44:54 AM] Selenium_Wrapper.clickUsingActions:(255) - Clicking on :[[ChromeDriver: chrome on WINDOWS (a87e21df78ff528ef08a5b710539f9b9)] -> xpath: //div[contains(@id,'Incident_Status')][@class='display-text']]
[INFO ][07-May-2024 11:44:58 AM] Selenium_Wrapper.click:(205) - Clicking on :[[ChromeDriver: chrome on WINDOWS (a87e21df78ff528ef08a5b710539f9b9)] -> xpath: (//div[@title='Solved'])[1]]
[INFO ][07-May-2024 11:45:02 AM] Selenium_Wrapper.click:(205) - Clicking on :[[ChromeDriver: chrome on WINDOWS (a87e21df78ff528ef08a5b710539f9b9)] -> xpath: //div[@class='ws-toolbar-button-image bui-icon save-icon fa-lg']]
[INFO ][07-May-2024 11:45:08 AM] Selenium_Wrapper.click:(205) - Clicking on :[[ChromeDriver: chrome on WINDOWS (a87e21df78ff528ef08a5b710539f9b9)] -> xpath: (//a[@class='closeButton'])[3]]
[INFO ][07-May-2024 11:45:12 AM] Selenium_Wrapper.click:(205) - Clicking on :[[ChromeDriver: chrome on WINDOWS (a87e21df78ff528ef08a5b710539f9b9)] -> xpath: (//a[@class='closeButton'])[2]]
[INFO ][07-May-2024 11:45:17 AM] Selenium_Wrapper.click:(205) - Clicking on :[[ChromeDriver: chrome on WINDOWS (a87e21df78ff528ef08a5b710539f9b9)] -> xpath: (//a[@class='closeButton'])[1]]
[INFO ][07-May-2024 11:45:29 AM] Selenium_Wrapper.click:(205) - Clicking on :[[ChromeDriver: chrome on WINDOWS (a87e21df78ff528ef08a5b710539f9b9)] -> xpath: //body//oj-avatar[@initials='[[userMenuLabel]]']]
[INFO ][07-May-2024 11:45:33 AM] Selenium_Wrapper.click:(205) - Clicking on :[[ChromeDriver: chrome on WINDOWS (a87e21df78ff528ef08a5b710539f9b9)] -> xpath: //a//span[text()='Sign Out']]
[INFO ][07-May-2024 11:45:42 AM] Selenium_Wrapper.click:(205) - Clicking on :[[ChromeDriver: chrome on WINDOWS (a87e21df78ff528ef08a5b710539f9b9)] -> xpath: //a[text()='Click here']]
[INFO ][07-May-2024 11:45:45 AM] Selenium_Wrapper.closeCurrentBrowser:(657) - Closing the current Browser
