[INFO ][04-Apr-2024 11:30:54 AM] Selenium_Wrapper.openBrowser:(54) - Opening chrome browser.
[INFO ][04-Apr-2024 11:31:03 AM] Selenium_Wrapper.enterURL:(88) - Entering url :https://macu1--tst1.custhelp.com/app/home
[INFO ][04-Apr-2024 11:31:07 AM] Selenium_Wrapper.enterText:(317) - Entering Text :swamyk in WebElement :[[ChromeDriver: chrome on WINDOWS (7925f5b131a7c33a4122485aeeebd022)] -> id: rn_LoginForm_2_Username]
[INFO ][04-Apr-2024 11:31:09 AM] Selenium_Wrapper.enterText:(317) - Entering Text :Soft@123 in WebElement :[[ChromeDriver: chrome on WINDOWS (7925f5b131a7c33a4122485aeeebd022)] -> id: rn_LoginForm_2_Password]
[INFO ][04-Apr-2024 11:31:13 AM] Selenium_Wrapper.click:(205) - Clicking on :[[ChromeDriver: chrome on WINDOWS (7925f5b131a7c33a4122485aeeebd022)] -> id: rn_LoginForm_2_Submit]
[INFO ][04-Apr-2024 11:31:21 AM] Selenium_Wrapper.click:(205) - Clicking on :[[ChromeDriver: chrome on WINDOWS (7925f5b131a7c33a4122485aeeebd022)] -> xpath: //input[@type='search']]
[INFO ][04-Apr-2024 11:31:23 AM] Selenium_Wrapper.enterText:(317) - Entering Text :Business Use Auto Loan in WebElement :[[ChromeDriver: chrome on WINDOWS (7925f5b131a7c33a4122485aeeebd022)] -> xpath: //input[@type='search']]
[INFO ][04-Apr-2024 11:31:34 AM] Selenium_Wrapper.click:(205) - Clicking on :[[ChromeDriver: chrome on WINDOWS (7925f5b131a7c33a4122485aeeebd022)] -> xpath: //ul[@aria-label='Suggested Search']//li[normalize-space()='Business Use Auto Loan']]
[INFO ][04-Apr-2024 11:31:39 AM] Selenium_Wrapper.click:(205) - Clicking on :[[ChromeDriver: chrome on WINDOWS (7925f5b131a7c33a4122485aeeebd022)] -> xpath: //div[@class='rn_SearchResultContent']//a[text()='Business Use Auto Loan']]
[INFO ][04-Apr-2024 11:31:58 AM] Selenium_Wrapper.click:(205) - Clicking on :[[ChromeDriver: chrome on WINDOWS (7925f5b131a7c33a4122485aeeebd022)] -> id: relatedPages_headingOne]
[INFO ][04-Apr-2024 11:32:01 AM] Selenium_Wrapper.click:(205) - Clicking on :[[ChromeDriver: chrome on WINDOWS (7925f5b131a7c33a4122485aeeebd022)] -> id: relatedPages_headingOne]
[INFO ][04-Apr-2024 11:32:10 AM] Selenium_Wrapper.click:(205) - Clicking on :[[ChromeDriver: chrome on WINDOWS (7925f5b131a7c33a4122485aeeebd022)] -> id: rn_SearchHome_17_SearchInput]
[INFO ][04-Apr-2024 11:32:11 AM] Selenium_Wrapper.enterText:(317) - Entering Text :Business Use Auto Loan in WebElement :[[ChromeDriver: chrome on WINDOWS (7925f5b131a7c33a4122485aeeebd022)] -> id: rn_SearchHome_17_SearchInput]
[INFO ][04-Apr-2024 11:32:20 AM] Selenium_Wrapper.click:(205) - Clicking on :[[ChromeDriver: chrome on WINDOWS (7925f5b131a7c33a4122485aeeebd022)] -> xpath: //ul[@aria-label='Suggested Search']//li[@class='rn_SuggestionItem'][normalize-space()='Business Use Auto Loan']]
[INFO ][04-Apr-2024 11:32:25 AM] Selenium_Wrapper.click:(205) - Clicking on :[[ChromeDriver: chrome on WINDOWS (7925f5b131a7c33a4122485aeeebd022)] -> xpath: //div[@class='rn_SearchResultContent']//a[text()='Business Use Auto Loan']]
[INFO ][04-Apr-2024 11:32:38 AM] Selenium_Wrapper.click:(205) - Clicking on :[[ChromeDriver: chrome on WINDOWS (7925f5b131a7c33a4122485aeeebd022)] -> xpath: //button[@class='rn_RecommendContentButton p-0']]
[INFO ][04-Apr-2024 11:32:40 AM] Selenium_Wrapper.enterText:(317) - Entering Text :Test Improve, comments, updates in WebElement :[[ChromeDriver: chrome on WINDOWS (7925f5b131a7c33a4122485aeeebd022)] -> id: rn_RequestUpdate_25_Description]
[INFO ][04-Apr-2024 11:32:42 AM] Selenium_Wrapper.click:(205) - Clicking on :[[ChromeDriver: chrome on WINDOWS (7925f5b131a7c33a4122485aeeebd022)] -> xpath: //button[text()='Submit']]
[INFO ][04-Apr-2024 11:32:52 AM] Selenium_Wrapper.click:(205) - Clicking on :[[ChromeDriver: chrome on WINDOWS (7925f5b131a7c33a4122485aeeebd022)] -> xpath: //div[@id='rnDialog2']//button[@type='button']]
[INFO ][04-Apr-2024 11:33:00 AM] Selenium_Wrapper.click:(205) - Clicking on :[[ChromeDriver: chrome on WINDOWS (7925f5b131a7c33a4122485aeeebd022)] -> class name: knowledge]
[INFO ][04-Apr-2024 11:33:04 AM] Selenium_Wrapper.click:(205) - Clicking on :[[ChromeDriver: chrome on WINDOWS (7925f5b131a7c33a4122485aeeebd022)] -> xpath: //div[@class='dropdown']]
[INFO ][04-Apr-2024 11:33:09 AM] Selenium_Wrapper.click:(205) - Clicking on :[[ChromeDriver: chrome on WINDOWS (7925f5b131a7c33a4122485aeeebd022)] -> xpath: //a[text()='My Feedback']]
[INFO ][04-Apr-2024 11:33:10 AM] Selenium_Wrapper.enterText:(317) - Entering Text :Business Use Auto Loan in WebElement :[[ChromeDriver: chrome on WINDOWS (7925f5b131a7c33a4122485aeeebd022)] -> xpath: //input[@placeholder='Search Your Feedback Report']]
[INFO ][04-Apr-2024 11:33:21 AM] Selenium_Wrapper.click:(205) - Clicking on :[[ChromeDriver: chrome on WINDOWS (7925f5b131a7c33a4122485aeeebd022)] -> xpath: //div[@class='rn_SearchInput1 mt-3']//span[@class='btn-srch-icon']//i[@class='fa fa-search']]
[ERROR][04-Apr-2024 11:33:30 AM] Selenium_Wrapper.highlightWebElement:(423) - org.openqa.selenium.NoSuchElementException: no such element: Unable to locate element: {"method":"xpath","selector":"//tr[@data-yui3-record='model_11']//td[@headers='Grid_6_c1']/a"}
  (Session info: chrome=123.0.6312.88)
For documentation on this error, please visit: https://www.seleniumhq.org/exceptions/no_such_element.html
Build info: version: '3.141.59', revision: 'e82be7d358', time: '2018-11-14T08:17:03'
System info: host: 'SC-CAF-IN-CND84', ip: '192.168.0.5', os.name: 'Windows 10', os.arch: 'amd64', os.version: '10.0', java.version: '21.0.2'
Driver info: org.openqa.selenium.chrome.ChromeDriver
Capabilities {acceptInsecureCerts: false, browserName: chrome, browserVersion: 123.0.6312.88, chrome: {chromedriverVersion: 123.0.6312.58 (6b4b19e9dfbb..., userDataDir: C:\Users\SWAMYK~1\AppData\L...}, fedcm:accounts: true, goog:chromeOptions: {debuggerAddress: localhost:54421}, javascriptEnabled: true, networkConnectionEnabled: false, pageLoadStrategy: normal, platform: WINDOWS, platformName: WINDOWS, proxy: Proxy(), setWindowRect: true, strictFileInteractability: false, timeouts: {implicit: 0, pageLoad: 300000, script: 30000}, unhandledPromptBehavior: dismiss and notify, webauthn:extension:credBlob: true, webauthn:extension:largeBlob: true, webauthn:extension:minPinLength: true, webauthn:extension:prf: true, webauthn:virtualAuthenticators: true}
Session ID: 7925f5b131a7c33a4122485aeeebd022
*** Element info: {Using=xpath, value=//tr[@data-yui3-record='model_11']//td[@headers='Grid_6_c1']/a}
[ERROR][04-Apr-2024 11:33:38 AM] MyFeedback.testMyFeedbackStatus:(138) - My Feedback Article Status in CP Test is un-successfull
[INFO ][04-Apr-2024 11:33:41 AM] Selenium_Wrapper.closeCurrentBrowser:(657) - Closing the current Browser
