[INFO ][08-Aug-2024 11:36:50 AM] Selenium_Wrapper.openBrowser:(54) - Opening chrome browser.
[INFO ][08-Aug-2024 11:36:55 AM] Selenium_Wrapper.enterURL:(88) - Entering url :https://macu1--tst1.custhelp.com/app/home
[INFO ][08-Aug-2024 11:37:00 AM] Selenium_Wrapper.enterText:(317) - Entering Text :swamyk in WebElement :[[ChromeDriver: chrome on WINDOWS (d85f2d3c40d605cac3ae6c286d64fd06)] -> id: rn_LoginForm_2_Username]
[INFO ][08-Aug-2024 11:37:01 AM] Selenium_Wrapper.enterText:(317) - Entering Text :Soft@123 in WebElement :[[ChromeDriver: chrome on WINDOWS (d85f2d3c40d605cac3ae6c286d64fd06)] -> id: rn_LoginForm_2_Password]
[INFO ][08-Aug-2024 11:37:05 AM] Selenium_Wrapper.click:(205) - Clicking on :[[ChromeDriver: chrome on WINDOWS (d85f2d3c40d605cac3ae6c286d64fd06)] -> id: rn_LoginForm_2_Submit]
[INFO ][08-Aug-2024 11:37:22 AM] Selenium_Wrapper.click:(205) - Clicking on :[[ChromeDriver: chrome on WINDOWS (d85f2d3c40d605cac3ae6c286d64fd06)] -> xpath: //a[text()='browse all PAGES']]
[INFO ][08-Aug-2024 11:37:34 AM] Selenium_Wrapper.click:(205) - Clicking on :[[ChromeDriver: chrome on WINDOWS (d85f2d3c40d605cac3ae6c286d64fd06)] -> xpath: (//div[@id='category']//following-sibling::ul//a)[1]]
[INFO ][08-Aug-2024 11:37:53 AM] Selenium_Wrapper.click:(205) - Clicking on :[[ChromeDriver: chrome on WINDOWS (d85f2d3c40d605cac3ae6c286d64fd06)] -> xpath: //a[text()='Business Accounts']]
[INFO ][08-Aug-2024 11:37:58 AM] Selenium_Wrapper.click:(205) - Clicking on :[[ChromeDriver: chrome on WINDOWS (d85f2d3c40d605cac3ae6c286d64fd06)] -> xpath: (//div[@id='category']//following-sibling::ul//a)[1]]
[INFO ][08-Aug-2024 11:38:11 AM] Selenium_Wrapper.click:(205) - Clicking on :[[ChromeDriver: chrome on WINDOWS (d85f2d3c40d605cac3ae6c286d64fd06)] -> xpath: //a[text()='Employee Experience']]
[INFO ][08-Aug-2024 11:38:25 AM] Selenium_Wrapper.click:(205) - Clicking on :[[ChromeDriver: chrome on WINDOWS (d85f2d3c40d605cac3ae6c286d64fd06)] -> xpath: //a[text()='Personal Accounts']]
[INFO ][08-Aug-2024 11:38:30 AM] Selenium_Wrapper.click:(205) - Clicking on :[[ChromeDriver: chrome on WINDOWS (d85f2d3c40d605cac3ae6c286d64fd06)] -> xpath: (//div[@id='category']//following-sibling::ul//a)[1]]
[INFO ][08-Aug-2024 11:38:43 AM] Selenium_Wrapper.click:(205) - Clicking on :[[ChromeDriver: chrome on WINDOWS (d85f2d3c40d605cac3ae6c286d64fd06)] -> xpath: //a[text()='Services']]
[INFO ][08-Aug-2024 11:38:56 AM] Selenium_Wrapper.click:(205) - Clicking on :[[ChromeDriver: chrome on WINDOWS (d85f2d3c40d605cac3ae6c286d64fd06)] -> xpath: //a[text()='Technology']]
[INFO ][08-Aug-2024 11:39:02 AM] Selenium_Wrapper.click:(205) - Clicking on :[[ChromeDriver: chrome on WINDOWS (d85f2d3c40d605cac3ae6c286d64fd06)] -> xpath: (//div[@id='category']//following-sibling::ul//a)[1]]
[INFO ][08-Aug-2024 11:39:24 AM] Selenium_Wrapper.click:(205) - Clicking on :[[ChromeDriver: chrome on WINDOWS (d85f2d3c40d605cac3ae6c286d64fd06)] -> xpath: //a[text()='VIEW A-Z INDEX']]
[INFO ][08-Aug-2024 11:39:46 AM] Selenium_Wrapper.click:(205) - Clicking on :[[ChromeDriver: chrome on WINDOWS (d85f2d3c40d605cac3ae6c286d64fd06)] -> xpath: //div[@id='rn_A_ZIndex_2']//ul[@class='indexing_list']//li//a[text()='D']]
[INFO ][08-Aug-2024 11:40:00 AM] Selenium_Wrapper.click:(205) - Clicking on :[[ChromeDriver: chrome on WINDOWS (d85f2d3c40d605cac3ae6c286d64fd06)] -> xpath: //div[@id='rn_A_ZIndex_2']//ul[@class='indexing_list']//li//a[text()='J']]
[INFO ][08-Aug-2024 11:40:15 AM] Selenium_Wrapper.click:(205) - Clicking on :[[ChromeDriver: chrome on WINDOWS (d85f2d3c40d605cac3ae6c286d64fd06)] -> xpath: //div[@id='rn_A_ZIndex_2']//ul[@class='indexing_list']//li//a[text()='P']]
[INFO ][08-Aug-2024 11:40:29 AM] Selenium_Wrapper.click:(205) - Clicking on :[[ChromeDriver: chrome on WINDOWS (d85f2d3c40d605cac3ae6c286d64fd06)] -> xpath: //div[@id='rn_A_ZIndex_2']//ul[@class='indexing_list']//li//a[text()='V']]
[INFO ][08-Aug-2024 11:40:43 AM] Selenium_Wrapper.click:(205) - Clicking on :[[ChromeDriver: chrome on WINDOWS (d85f2d3c40d605cac3ae6c286d64fd06)] -> xpath: //div[@id='rn_A_ZIndex_2']//ul[@class='indexing_list']//li//a[text()='0-9']]
[INFO ][08-Aug-2024 11:41:05 AM] Selenium_Wrapper.click:(205) - Clicking on :[[ChromeDriver: chrome on WINDOWS (d85f2d3c40d605cac3ae6c286d64fd06)] -> xpath: (//div[@class='rn_A_ZIndex']//div[@class='index-content']//a)[1]]
[INFO ][08-Aug-2024 11:41:32 AM] Selenium_Wrapper.enterText:(317) - Entering Text :100% First Time Home Buyer Loan in WebElement :[[ChromeDriver: chrome on WINDOWS (d85f2d3c40d605cac3ae6c286d64fd06)] -> xpath: //input[@type='search']]
[INFO ][08-Aug-2024 11:42:16 AM] Selenium_Wrapper.click:(205) - Clicking on :[[ChromeDriver: chrome on WINDOWS (d85f2d3c40d605cac3ae6c286d64fd06)] -> xpath: //div[@id='rn_PageTitle']//a[text()='BROWSE ALL PAGES']]
[INFO ][08-Aug-2024 11:42:24 AM] Selenium_Wrapper.closeCurrentBrowser:(657) - Closing the current Browser
