[INFO ][05-Jan-2024 11:32:36 AM] Selenium_Wrapper.openBrowser:(48) - Opening chrome browser.
[INFO ][05-Jan-2024 11:32:40 AM] Selenium_Wrapper.enterURL:(82) - Entering url :https://macu1--tst1.custhelp.com/AgentWeb/
[INFO ][05-Jan-2024 11:32:44 AM] Selenium_Wrapper.enterText:(311) - Entering Text :automation_testing in WebElement :[[ChromeDriver: chrome on WINDOWS (8193cfff523c62de29ba75694b47f46c)] -> id: username]
[INFO ][05-Jan-2024 11:32:45 AM] Selenium_Wrapper.enterText:(311) - Entering Text :Welcome123 in WebElement :[[ChromeDriver: chrome on WINDOWS (8193cfff523c62de29ba75694b47f46c)] -> id: password]
[INFO ][05-Jan-2024 11:33:10 AM] Selenium_Wrapper.click:(199) - Clicking on :[[ChromeDriver: chrome on WINDOWS (8193cfff523c62de29ba75694b47f46c)] -> id: loginbutton]
[INFO ][05-Jan-2024 11:33:34 AM] Selenium_Wrapper.click:(199) - Clicking on :[[ChromeDriver: chrome on WINDOWS (8193cfff523c62de29ba75694b47f46c)] -> xpath: //oj-button[@id='navigationSetBtn']]
[INFO ][05-Jan-2024 11:33:44 AM] Selenium_Wrapper.click:(199) - Clicking on :[[ChromeDriver: chrome on WINDOWS (8193cfff523c62de29ba75694b47f46c)] -> xpath: (//div[text()='Analytics']//a)]
[INFO ][05-Jan-2024 11:33:49 AM] Selenium_Wrapper.click:(199) - Clicking on :[[ChromeDriver: chrome on WINDOWS (8193cfff523c62de29ba75694b47f46c)] -> xpath: //span[text()='Reports Explorer']]
[INFO ][05-Jan-2024 11:33:54 AM] Selenium_Wrapper.click:(199) - Clicking on :[[ChromeDriver: chrome on WINDOWS (8193cfff523c62de29ba75694b47f46c)] -> xpath: //div[text()='Public Reports']]
[INFO ][05-Jan-2024 11:34:00 AM] Selenium_Wrapper.click:(199) - Clicking on :[[ChromeDriver: chrome on WINDOWS (8193cfff523c62de29ba75694b47f46c)] -> xpath: //div[text()='MACU CUSTOM REPORTS']]
[INFO ][05-Jan-2024 11:34:05 AM] Selenium_Wrapper.click:(199) - Clicking on :[[ChromeDriver: chrome on WINDOWS (8193cfff523c62de29ba75694b47f46c)] -> xpath: //div[text()='SoftClouds']]
[INFO ][05-Jan-2024 11:34:10 AM] Selenium_Wrapper.click:(199) - Clicking on :[[ChromeDriver: chrome on WINDOWS (8193cfff523c62de29ba75694b47f46c)] -> xpath: //div[text()='OKCS']]
[INFO ][05-Jan-2024 11:34:18 AM] Selenium_Wrapper.doubleClick:(280) - Double clicking on :[[ChromeDriver: chrome on WINDOWS (8193cfff523c62de29ba75694b47f46c)] -> xpath: //div[@class='explorer-right-panel']//div[@class='explorer-data-grid']//span[text()='Feedback Admin Report']]
[INFO ][05-Jan-2024 11:34:34 AM] Selenium_Wrapper.click:(199) - Clicking on :[[ChromeDriver: chrome on WINDOWS (8193cfff523c62de29ba75694b47f46c)] -> xpath: //div[@class='container wsx-flex']//div[@class='analyticsTopSection']//div[@class='select-box-root select-box-display-text-active']]
[INFO ][05-Jan-2024 11:34:55 AM] Selenium_Wrapper.click:(199) - Clicking on :[[ChromeDriver: chrome on WINDOWS (8193cfff523c62de29ba75694b47f46c)] -> xpath: (//span[text()='Search'])[2]]
[INFO ][05-Jan-2024 11:35:04 AM] Selenium_Wrapper.doubleClick:(280) - Double clicking on :[[ChromeDriver: chrome on WINDOWS (8193cfff523c62de29ba75694b47f46c)] -> xpath: //div[@class='container wsx-flex']//div[contains(@column-id,'2')][1]]
[INFO ][05-Jan-2024 11:35:17 AM] Selenium_Wrapper.click:(199) - Clicking on :[[ChromeDriver: chrome on WINDOWS (8193cfff523c62de29ba75694b47f46c)] -> xpath: //span[text()='Messages']]
[INFO ][05-Jan-2024 11:35:22 AM] Selenium_Wrapper.click:(199) - Clicking on :[[ChromeDriver: chrome on WINDOWS (8193cfff523c62de29ba75694b47f46c)] -> xpath: //div[contains(@class,'cke_wysiwyg_div ')]]
[INFO ][05-Jan-2024 11:35:24 AM] Selenium_Wrapper.enterText:(311) - Entering Text :It is working as per Expected in WebElement :[[ChromeDriver: chrome on WINDOWS (8193cfff523c62de29ba75694b47f46c)] -> xpath: //div[contains(@class,'cke_wysiwyg_div ')]]
[INFO ][05-Jan-2024 11:35:29 AM] Selenium_Wrapper.click:(199) - Clicking on :[[ChromeDriver: chrome on WINDOWS (8193cfff523c62de29ba75694b47f46c)] -> xpath: //div[@class='ws-toolbar-button-image bui-icon save-icon fa-lg']]
[INFO ][05-Jan-2024 11:35:34 AM] Selenium_Wrapper.click:(199) - Clicking on :[[ChromeDriver: chrome on WINDOWS (8193cfff523c62de29ba75694b47f46c)] -> xpath: //span[text()='Summary']]
[INFO ][05-Jan-2024 11:35:41 AM] Selenium_Wrapper.clickUsingActions:(249) - Clicking on :[[ChromeDriver: chrome on WINDOWS (8193cfff523c62de29ba75694b47f46c)] -> xpath: //div[contains(@id,'Incident_Status')][@class='display-text']]
[INFO ][05-Jan-2024 11:35:48 AM] Selenium_Wrapper.click:(199) - Clicking on :[[ChromeDriver: chrome on WINDOWS (8193cfff523c62de29ba75694b47f46c)] -> xpath: (//div[@title='Solved'])[1]]
[INFO ][05-Jan-2024 11:35:56 AM] Selenium_Wrapper.click:(199) - Clicking on :[[ChromeDriver: chrome on WINDOWS (8193cfff523c62de29ba75694b47f46c)] -> xpath: //div[@class='ws-toolbar-button-image bui-icon save-icon fa-lg']]
[INFO ][05-Jan-2024 11:36:05 AM] Selenium_Wrapper.click:(199) - Clicking on :[[ChromeDriver: chrome on WINDOWS (8193cfff523c62de29ba75694b47f46c)] -> xpath: (//a[@class='closeButton'])[3]]
[INFO ][05-Jan-2024 11:36:12 AM] Selenium_Wrapper.click:(199) - Clicking on :[[ChromeDriver: chrome on WINDOWS (8193cfff523c62de29ba75694b47f46c)] -> xpath: (//a[@class='closeButton'])[2]]
[INFO ][05-Jan-2024 11:36:20 AM] Selenium_Wrapper.click:(199) - Clicking on :[[ChromeDriver: chrome on WINDOWS (8193cfff523c62de29ba75694b47f46c)] -> xpath: (//a[@class='closeButton'])[1]]
[INFO ][05-Jan-2024 11:36:28 AM] Selenium_Wrapper.click:(199) - Clicking on :[[ChromeDriver: chrome on WINDOWS (8193cfff523c62de29ba75694b47f46c)] -> xpath: //body//oj-avatar[@initials='[[userMenuLabel]]']]
[INFO ][05-Jan-2024 11:36:35 AM] Selenium_Wrapper.click:(199) - Clicking on :[[ChromeDriver: chrome on WINDOWS (8193cfff523c62de29ba75694b47f46c)] -> xpath: //a//span[text()='Sign Out']]
[INFO ][05-Jan-2024 11:36:40 AM] Selenium_Wrapper.closeCurrentBrowser:(651) - Closing the current Browser
