[INFO ][04-Sep-2022 11:30:48 AM] Selenium_Wrapper.openBrowser:(48) - Opening chrome browser.
[INFO ][04-Sep-2022 11:30:58 AM] Selenium_Wrapper.enterURL:(82) - Entering url :https://macu1--upgrade.custhelp.com/
[INFO ][04-Sep-2022 11:31:02 AM] Selenium_Wrapper.enterText:(311) - Entering Text :pramodk in WebElement :[[ChromeDriver: chrome on WINDOWS (0ab58f2593c66f0d9e07e2e82a40ca99)] -> id: rn_LoginForm_2_Username]
[INFO ][04-Sep-2022 11:31:03 AM] Selenium_Wrapper.enterText:(311) - Entering Text :Soft@123 in WebElement :[[ChromeDriver: chrome on WINDOWS (0ab58f2593c66f0d9e07e2e82a40ca99)] -> id: rn_LoginForm_2_Password]
[INFO ][04-Sep-2022 11:31:10 AM] Selenium_Wrapper.click:(199) - Clicking on :[[ChromeDriver: chrome on WINDOWS (0ab58f2593c66f0d9e07e2e82a40ca99)] -> id: rn_LoginForm_2_Submit]
[INFO ][04-Sep-2022 11:31:24 AM] Selenium_Wrapper.click:(199) - Clicking on :[[ChromeDriver: chrome on WINDOWS (0ab58f2593c66f0d9e07e2e82a40ca99)] -> xpath: //input[@type='search']]
[INFO ][04-Sep-2022 11:31:25 AM] Selenium_Wrapper.enterText:(311) - Entering Text :Auto Loan in WebElement :[[ChromeDriver: chrome on WINDOWS (0ab58f2593c66f0d9e07e2e82a40ca99)] -> xpath: //input[@type='search']]
[INFO ][04-Sep-2022 11:31:41 AM] Selenium_Wrapper.click:(199) - Clicking on :[[ChromeDriver: chrome on WINDOWS (0ab58f2593c66f0d9e07e2e82a40ca99)] -> xpath: //ul[@aria-label='Suggested Search']//li[normalize-space()= 'Auto Loan' ]]
[INFO ][04-Sep-2022 11:31:48 AM] Selenium_Wrapper.click:(199) - Clicking on :[[ChromeDriver: chrome on WINDOWS (0ab58f2593c66f0d9e07e2e82a40ca99)] -> xpath: //div[@class='rn_SearchResultContent']//a[text()='Auto Loan']]
[INFO ][04-Sep-2022 11:32:06 AM] Selenium_Wrapper.click:(199) - Clicking on :[[ChromeDriver: chrome on WINDOWS (0ab58f2593c66f0d9e07e2e82a40ca99)] -> xpath: //div[@class='main_image_div']//div[@class='thumbs_up_down'][2]]
[INFO ][04-Sep-2022 11:32:17 AM] Selenium_Wrapper.click:(199) - Clicking on :[[ChromeDriver: chrome on WINDOWS (0ab58f2593c66f0d9e07e2e82a40ca99)] -> id: rn_AnswerRating_3_22_FeedbackMessage]
[INFO ][04-Sep-2022 11:32:18 AM] Selenium_Wrapper.enterText:(311) - Entering Text :Flexible Work - ThumbDown Comments in WebElement :[[ChromeDriver: chrome on WINDOWS (0ab58f2593c66f0d9e07e2e82a40ca99)] -> id: rn_AnswerRating_3_22_FeedbackMessage]
[INFO ][04-Sep-2022 11:32:24 AM] Selenium_Wrapper.click:(199) - Clicking on :[[ChromeDriver: chrome on WINDOWS (0ab58f2593c66f0d9e07e2e82a40ca99)] -> xpath: //button[text()='SUBMIT']]
[INFO ][04-Sep-2022 11:32:29 AM] Selenium_Wrapper.click:(199) - Clicking on :[[ChromeDriver: chrome on WINDOWS (0ab58f2593c66f0d9e07e2e82a40ca99)] -> xpath: //button[@class='yui3-button yui3-button-close']]
[INFO ][04-Sep-2022 11:32:39 AM] Selenium_Wrapper.click:(199) - Clicking on :[[ChromeDriver: chrome on WINDOWS (0ab58f2593c66f0d9e07e2e82a40ca99)] -> xpath: //div[@class='dropdown']]
[INFO ][04-Sep-2022 11:32:48 AM] Selenium_Wrapper.click:(199) - Clicking on :[[ChromeDriver: chrome on WINDOWS (0ab58f2593c66f0d9e07e2e82a40ca99)] -> xpath: //a[text()='My Feedback']]
[INFO ][04-Sep-2022 11:33:17 AM] Selenium_Wrapper.click:(199) - Clicking on :[[ChromeDriver: chrome on WINDOWS (0ab58f2593c66f0d9e07e2e82a40ca99)] -> xpath: ((//table//tbody)[2]//a)[1]]
[INFO ][04-Sep-2022 11:33:53 AM] Selenium_Wrapper.click:(199) - Clicking on :[[ChromeDriver: chrome on WINDOWS (0ab58f2593c66f0d9e07e2e82a40ca99)] -> class name: knowledge]
[INFO ][04-Sep-2022 11:33:56 AM] Selenium_Wrapper.closeCurrentBrowser:(651) - Closing the current Browser
[INFO ][04-Sep-2022 11:33:57 AM] Selenium_Wrapper.openBrowser:(48) - Opening chrome browser.
[INFO ][04-Sep-2022 11:34:01 AM] Selenium_Wrapper.enterURL:(82) - Entering url :https://macu1--upgrade.custhelp.com/AgentWeb/
[INFO ][04-Sep-2022 11:34:05 AM] Selenium_Wrapper.enterText:(311) - Entering Text :RNT_pramod in WebElement :[[ChromeDriver: chrome on WINDOWS (269bd6ef66cf6ab0ea4b06b77a35c297)] -> id: username]
[INFO ][04-Sep-2022 11:34:06 AM] Selenium_Wrapper.enterText:(311) - Entering Text :Welcome123 in WebElement :[[ChromeDriver: chrome on WINDOWS (269bd6ef66cf6ab0ea4b06b77a35c297)] -> id: password]
[INFO ][04-Sep-2022 11:34:37 AM] Selenium_Wrapper.click:(199) - Clicking on :[[ChromeDriver: chrome on WINDOWS (269bd6ef66cf6ab0ea4b06b77a35c297)] -> id: loginbutton]
[INFO ][04-Sep-2022 11:34:57 AM] Selenium_Wrapper.click:(199) - Clicking on :[[ChromeDriver: chrome on WINDOWS (269bd6ef66cf6ab0ea4b06b77a35c297)] -> xpath: //oj-button[@id='navigationSetBtn']]
[INFO ][04-Sep-2022 11:35:03 AM] Selenium_Wrapper.click:(199) - Clicking on :[[ChromeDriver: chrome on WINDOWS (269bd6ef66cf6ab0ea4b06b77a35c297)] -> xpath: (//div[text()='Analytics']//a)]
[INFO ][04-Sep-2022 11:35:08 AM] Selenium_Wrapper.click:(199) - Clicking on :[[ChromeDriver: chrome on WINDOWS (269bd6ef66cf6ab0ea4b06b77a35c297)] -> xpath: //span[text()='Reports Explorer']]
[INFO ][04-Sep-2022 11:35:13 AM] Selenium_Wrapper.click:(199) - Clicking on :[[ChromeDriver: chrome on WINDOWS (269bd6ef66cf6ab0ea4b06b77a35c297)] -> xpath: //div[text()='Public Reports']]
[INFO ][04-Sep-2022 11:35:19 AM] Selenium_Wrapper.click:(199) - Clicking on :[[ChromeDriver: chrome on WINDOWS (269bd6ef66cf6ab0ea4b06b77a35c297)] -> xpath: //div[text()='MACU CUSTOM REPORTS']]
[INFO ][04-Sep-2022 11:35:24 AM] Selenium_Wrapper.click:(199) - Clicking on :[[ChromeDriver: chrome on WINDOWS (269bd6ef66cf6ab0ea4b06b77a35c297)] -> xpath: //div[text()='SoftClouds']]
[INFO ][04-Sep-2022 11:35:29 AM] Selenium_Wrapper.click:(199) - Clicking on :[[ChromeDriver: chrome on WINDOWS (269bd6ef66cf6ab0ea4b06b77a35c297)] -> xpath: //div[text()='OKCS']]
[INFO ][04-Sep-2022 11:35:53 AM] Selenium_Wrapper.click:(199) - Clicking on :[[ChromeDriver: chrome on WINDOWS (269bd6ef66cf6ab0ea4b06b77a35c297)] -> xpath: //span[text()='Messages']]
[INFO ][04-Sep-2022 11:35:58 AM] Selenium_Wrapper.click:(199) - Clicking on :[[ChromeDriver: chrome on WINDOWS (269bd6ef66cf6ab0ea4b06b77a35c297)] -> xpath: //div[contains(@class,'cke_wysiwyg_div')]]
[INFO ][04-Sep-2022 11:36:02 AM] Selenium_Wrapper.enterText:(311) - Entering Text :It is working as per Expected in WebElement :[[ChromeDriver: chrome on WINDOWS (269bd6ef66cf6ab0ea4b06b77a35c297)] -> xpath: //div[contains(@class,'cke_wysiwyg_div')]]
[INFO ][04-Sep-2022 11:36:07 AM] Selenium_Wrapper.click:(199) - Clicking on :[[ChromeDriver: chrome on WINDOWS (269bd6ef66cf6ab0ea4b06b77a35c297)] -> xpath: //div[@class='ws-toolbar-button-image bui-icon save-icon fa-lg']]
[INFO ][04-Sep-2022 11:36:17 AM] Selenium_Wrapper.click:(199) - Clicking on :[[ChromeDriver: chrome on WINDOWS (269bd6ef66cf6ab0ea4b06b77a35c297)] -> xpath: //span[text()='Summary']]
[INFO ][04-Sep-2022 11:36:28 AM] Selenium_Wrapper.click:(199) - Clicking on :[[ChromeDriver: chrome on WINDOWS (269bd6ef66cf6ab0ea4b06b77a35c297)] -> xpath: (//div[text()='Status']/following::*)[1]]
[INFO ][04-Sep-2022 11:36:35 AM] Selenium_Wrapper.click:(199) - Clicking on :[[ChromeDriver: chrome on WINDOWS (269bd6ef66cf6ab0ea4b06b77a35c297)] -> xpath: (//div[@title='Solved'])[1]]
[INFO ][04-Sep-2022 11:36:42 AM] Selenium_Wrapper.click:(199) - Clicking on :[[ChromeDriver: chrome on WINDOWS (269bd6ef66cf6ab0ea4b06b77a35c297)] -> xpath: //div[@class='ws-toolbar-button-image bui-icon save-icon fa-lg']]
[INFO ][04-Sep-2022 11:36:49 AM] Selenium_Wrapper.click:(199) - Clicking on :[[ChromeDriver: chrome on WINDOWS (269bd6ef66cf6ab0ea4b06b77a35c297)] -> xpath: (//a[@class='closeButton'])[3]]
[INFO ][04-Sep-2022 11:36:56 AM] Selenium_Wrapper.click:(199) - Clicking on :[[ChromeDriver: chrome on WINDOWS (269bd6ef66cf6ab0ea4b06b77a35c297)] -> xpath: //div[@class='ws-toolbar-button-image bui-icon fa-filter']]
[INFO ][04-Sep-2022 11:37:04 AM] Selenium_Wrapper.click:(199) - Clicking on :[[ChromeDriver: chrome on WINDOWS (269bd6ef66cf6ab0ea4b06b77a35c297)] -> xpath: (//div[@class='displayFilter'])[2]]
[INFO ][04-Sep-2022 11:37:11 AM] Selenium_Wrapper.click:(199) - Clicking on :[[ChromeDriver: chrome on WINDOWS (269bd6ef66cf6ab0ea4b06b77a35c297)] -> xpath: (//div[@title='Solved'])[1]]
[INFO ][04-Sep-2022 11:37:18 AM] Selenium_Wrapper.click:(199) - Clicking on :[[ChromeDriver: chrome on WINDOWS (269bd6ef66cf6ab0ea4b06b77a35c297)] -> xpath: (//span[text()='Search'])[3]]
[ERROR][04-Sep-2022 11:37:25 AM] ThumbsDownFeedBack.testSelectingandGivingAnswerstoReportFlow:(264) - Selecting and Giving Answers to Report Test  is  un-successfull
[ERROR][04-Sep-2022 11:39:15 AM] Selenium_Wrapper.getWebElement:(124) - org.openqa.selenium.TimeoutException: Expected condition failed: waiting for visibility of [[ChromeDriver: chrome on WINDOWS (269bd6ef66cf6ab0ea4b06b77a35c297)] -> xpath: //body//span[@id='initialsText']] (tried for 100 second(s) with 500 milliseconds interval)
Build info: version: '3.141.59', revision: 'e82be7d358', time: '2018-11-14T08:17:03'
System info: host: 'QA-SWAMYK', ip: '192.168.0.4', os.name: 'Windows 10', os.arch: 'amd64', os.version: '10.0', java.version: '11.0.10'
Driver info: org.openqa.selenium.chrome.ChromeDriver
Capabilities {acceptInsecureCerts: false, browserName: chrome, browserVersion: 105.0.5195.102, chrome: {chromedriverVersion: 105.0.5195.52 (412c95e51883..., userDataDir: C:\Users\SWAMYK~1\AppData\L...}, goog:chromeOptions: {debuggerAddress: localhost:54429}, javascriptEnabled: true, networkConnectionEnabled: false, pageLoadStrategy: normal, platform: WINDOWS, platformName: WINDOWS, proxy: Proxy(), setWindowRect: true, strictFileInteractability: false, timeouts: {implicit: 0, pageLoad: 300000, script: 30000}, unhandledPromptBehavior: dismiss and notify, webauthn:extension:credBlob: true, webauthn:extension:largeBlob: true, webauthn:virtualAuthenticators: true}
Session ID: 269bd6ef66cf6ab0ea4b06b77a35c297
[ERROR][04-Sep-2022 11:39:15 AM] ThumbsDownFeedBack.testBUISignout:(280) - Logout/SignOut un-successfull
