[INFO ][24-Feb-2023 23:33:18 PM] Selenium_Wrapper.openBrowser:(48) - Opening chrome browser.
[INFO ][24-Feb-2023 23:33:26 PM] Selenium_Wrapper.enterURL:(82) - Entering url :https://macu1--upgrade.custhelp.com/
[INFO ][24-Feb-2023 23:33:30 PM] Selenium_Wrapper.enterText:(311) - Entering Text :automation_testing in WebElement :[[ChromeDriver: chrome on WINDOWS (d44238504856d956f578bcef057cd329)] -> id: rn_LoginForm_2_Username]
[INFO ][24-Feb-2023 23:33:31 PM] Selenium_Wrapper.enterText:(311) - Entering Text :Soft@123 in WebElement :[[ChromeDriver: chrome on WINDOWS (d44238504856d956f578bcef057cd329)] -> id: rn_LoginForm_2_Password]
[INFO ][24-Feb-2023 23:33:38 PM] Selenium_Wrapper.click:(199) - Clicking on :[[ChromeDriver: chrome on WINDOWS (d44238504856d956f578bcef057cd329)] -> id: rn_LoginForm_2_Submit]
[INFO ][24-Feb-2023 23:33:51 PM] Selenium_Wrapper.click:(199) - Clicking on :[[ChromeDriver: chrome on WINDOWS (d44238504856d956f578bcef057cd329)] -> xpath: //input[@type='search']]
[INFO ][24-Feb-2023 23:33:52 PM] Selenium_Wrapper.enterText:(311) - Entering Text :Business Auto Loan in WebElement :[[ChromeDriver: chrome on WINDOWS (d44238504856d956f578bcef057cd329)] -> xpath: //input[@type='search']]
[INFO ][24-Feb-2023 23:34:09 PM] Selenium_Wrapper.click:(199) - Clicking on :[[ChromeDriver: chrome on WINDOWS (d44238504856d956f578bcef057cd329)] -> xpath: //ul[@aria-label='Suggested Search']//li[normalize-space()= 'Business Auto Loan' ]]
[INFO ][24-Feb-2023 23:34:16 PM] Selenium_Wrapper.click:(199) - Clicking on :[[ChromeDriver: chrome on WINDOWS (d44238504856d956f578bcef057cd329)] -> xpath: //div[@class='rn_SearchResultContent']//a[text()='Business Auto Loan']]
[INFO ][24-Feb-2023 23:34:40 PM] Selenium_Wrapper.click:(199) - Clicking on :[[ChromeDriver: chrome on WINDOWS (d44238504856d956f578bcef057cd329)] -> xpath: //button[@class='rn_RecommendContentButton p-0']]
[INFO ][24-Feb-2023 23:34:41 PM] Selenium_Wrapper.enterText:(311) - Entering Text :Test Improve, comments, updates in WebElement :[[ChromeDriver: chrome on WINDOWS (d44238504856d956f578bcef057cd329)] -> id: rn_RequestUpdate_26_Description]
[INFO ][24-Feb-2023 23:34:46 PM] Selenium_Wrapper.click:(199) - Clicking on :[[ChromeDriver: chrome on WINDOWS (d44238504856d956f578bcef057cd329)] -> xpath: //button[text()='Submit']]
[INFO ][24-Feb-2023 23:34:59 PM] Selenium_Wrapper.click:(199) - Clicking on :[[ChromeDriver: chrome on WINDOWS (d44238504856d956f578bcef057cd329)] -> xpath: //div[@id='rnDialog2']//button[@type='button']]
[INFO ][24-Feb-2023 23:35:16 PM] Selenium_Wrapper.click:(199) - Clicking on :[[ChromeDriver: chrome on WINDOWS (d44238504856d956f578bcef057cd329)] -> class name: knowledge]
[INFO ][24-Feb-2023 23:35:24 PM] Selenium_Wrapper.click:(199) - Clicking on :[[ChromeDriver: chrome on WINDOWS (d44238504856d956f578bcef057cd329)] -> xpath: //div[@class='dropdown']]
[INFO ][24-Feb-2023 23:35:33 PM] Selenium_Wrapper.click:(199) - Clicking on :[[ChromeDriver: chrome on WINDOWS (d44238504856d956f578bcef057cd329)] -> xpath: //a[text()='My Feedback']]
[INFO ][24-Feb-2023 23:35:34 PM] Selenium_Wrapper.enterText:(311) - Entering Text :Business Auto Loan in WebElement :[[ChromeDriver: chrome on WINDOWS (d44238504856d956f578bcef057cd329)] -> xpath: //input[@placeholder='Search Your Feedback Report']]
[INFO ][24-Feb-2023 23:35:48 PM] Selenium_Wrapper.click:(199) - Clicking on :[[ChromeDriver: chrome on WINDOWS (d44238504856d956f578bcef057cd329)] -> xpath: //div[@class='rn_SearchInput1 mt-3']//span[@class='btn-srch-icon']//i[@class='fa fa-search']]
[INFO ][24-Feb-2023 23:36:15 PM] Selenium_Wrapper.click:(199) - Clicking on :[[ChromeDriver: chrome on WINDOWS (d44238504856d956f578bcef057cd329)] -> xpath: //tr[@data-yui3-record='model_11']//td[@headers='Grid_6_c1']/a]
[INFO ][24-Feb-2023 23:36:50 PM] Selenium_Wrapper.click:(199) - Clicking on :[[ChromeDriver: chrome on WINDOWS (d44238504856d956f578bcef057cd329)] -> class name: knowledge]
[INFO ][24-Feb-2023 23:36:55 PM] Selenium_Wrapper.closeCurrentBrowser:(651) - Closing the current Browser
[INFO ][24-Feb-2023 23:36:56 PM] Selenium_Wrapper.openBrowser:(48) - Opening chrome browser.
[INFO ][24-Feb-2023 23:37:05 PM] Selenium_Wrapper.enterURL:(82) - Entering url :https://macu1--upgrade.custhelp.com/AgentWeb/
[INFO ][24-Feb-2023 23:37:09 PM] Selenium_Wrapper.enterText:(311) - Entering Text :automation_testing in WebElement :[[ChromeDriver: chrome on WINDOWS (4bd3617649272dff28614e26ece7eb97)] -> id: username]
[INFO ][24-Feb-2023 23:37:10 PM] Selenium_Wrapper.enterText:(311) - Entering Text :Welcome123 in WebElement :[[ChromeDriver: chrome on WINDOWS (4bd3617649272dff28614e26ece7eb97)] -> id: password]
[INFO ][24-Feb-2023 23:37:38 PM] Selenium_Wrapper.click:(199) - Clicking on :[[ChromeDriver: chrome on WINDOWS (4bd3617649272dff28614e26ece7eb97)] -> id: loginbutton]
[INFO ][24-Feb-2023 23:37:58 PM] Selenium_Wrapper.click:(199) - Clicking on :[[ChromeDriver: chrome on WINDOWS (4bd3617649272dff28614e26ece7eb97)] -> id: navigationSetBtn]
[INFO ][24-Feb-2023 23:38:03 PM] Selenium_Wrapper.click:(199) - Clicking on :[[ChromeDriver: chrome on WINDOWS (4bd3617649272dff28614e26ece7eb97)] -> xpath: (//div[text()='Analytics']//a)]
[INFO ][24-Feb-2023 23:38:09 PM] Selenium_Wrapper.click:(199) - Clicking on :[[ChromeDriver: chrome on WINDOWS (4bd3617649272dff28614e26ece7eb97)] -> xpath: //span[text()='Reports Explorer']]
[INFO ][24-Feb-2023 23:38:14 PM] Selenium_Wrapper.click:(199) - Clicking on :[[ChromeDriver: chrome on WINDOWS (4bd3617649272dff28614e26ece7eb97)] -> xpath: //div[text()='Public Reports']]
[INFO ][24-Feb-2023 23:38:20 PM] Selenium_Wrapper.click:(199) - Clicking on :[[ChromeDriver: chrome on WINDOWS (4bd3617649272dff28614e26ece7eb97)] -> xpath: //div[text()='MACU CUSTOM REPORTS']]
[INFO ][24-Feb-2023 23:38:25 PM] Selenium_Wrapper.click:(199) - Clicking on :[[ChromeDriver: chrome on WINDOWS (4bd3617649272dff28614e26ece7eb97)] -> xpath: //div[text()='SoftClouds']]
[INFO ][24-Feb-2023 23:38:30 PM] Selenium_Wrapper.click:(199) - Clicking on :[[ChromeDriver: chrome on WINDOWS (4bd3617649272dff28614e26ece7eb97)] -> xpath: //div[text()='OKCS']]
[INFO ][24-Feb-2023 23:38:43 PM] Selenium_Wrapper.doubleClick:(280) - Double clicking on :[[ChromeDriver: chrome on WINDOWS (4bd3617649272dff28614e26ece7eb97)] -> xpath: //div[@class='explorer-right-panel']//div[@class='explorer-data-grid']//span[text()='Feedback Admin Report']]
[INFO ][24-Feb-2023 23:38:59 PM] Selenium_Wrapper.click:(199) - Clicking on :[[ChromeDriver: chrome on WINDOWS (4bd3617649272dff28614e26ece7eb97)] -> xpath: //div[@class='container wsx-flex']//div[@class='analyticsTopSection']//div[@class='select-box-root select-box-display-text-active']]
[INFO ][24-Feb-2023 23:39:05 PM] Selenium_Wrapper.click:(199) - Clicking on :[[ChromeDriver: chrome on WINDOWS (4bd3617649272dff28614e26ece7eb97)] -> xpath: //input[@aria-label='From']]
[INFO ][24-Feb-2023 23:39:06 PM] Selenium_Wrapper.clearTextBox:(295) - Cleared TextBox Field: [[ChromeDriver: chrome on WINDOWS (4bd3617649272dff28614e26ece7eb97)] -> xpath: //input[@aria-label='From']]
[INFO ][24-Feb-2023 23:39:07 PM] Selenium_Wrapper.enterText:(311) - Entering Text :09/10/2021 in WebElement :[[ChromeDriver: chrome on WINDOWS (4bd3617649272dff28614e26ece7eb97)] -> xpath: //input[@aria-label='From']]
[INFO ][24-Feb-2023 23:39:12 PM] Selenium_Wrapper.click:(199) - Clicking on :[[ChromeDriver: chrome on WINDOWS (4bd3617649272dff28614e26ece7eb97)] -> xpath: //span[@id='_oj40|text']//span[text()='Search']]
[INFO ][24-Feb-2023 23:39:22 PM] Selenium_Wrapper.doubleClick:(280) - Double clicking on :[[ChromeDriver: chrome on WINDOWS (4bd3617649272dff28614e26ece7eb97)] -> xpath: //div[@class='container wsx-flex']//div[contains(@column-id,'2')][1]]
[INFO ][24-Feb-2023 23:39:36 PM] Selenium_Wrapper.click:(199) - Clicking on :[[ChromeDriver: chrome on WINDOWS (4bd3617649272dff28614e26ece7eb97)] -> xpath: //span[text()='Messages']]
[INFO ][24-Feb-2023 23:39:41 PM] Selenium_Wrapper.click:(199) - Clicking on :[[ChromeDriver: chrome on WINDOWS (4bd3617649272dff28614e26ece7eb97)] -> xpath: //div[contains(@class,'cke_wysiwyg_div ')]]
[INFO ][24-Feb-2023 23:39:43 PM] Selenium_Wrapper.enterText:(311) - Entering Text :It is working as per Expected in WebElement :[[ChromeDriver: chrome on WINDOWS (4bd3617649272dff28614e26ece7eb97)] -> xpath: //div[contains(@class,'cke_wysiwyg_div ')]]
[INFO ][24-Feb-2023 23:39:48 PM] Selenium_Wrapper.click:(199) - Clicking on :[[ChromeDriver: chrome on WINDOWS (4bd3617649272dff28614e26ece7eb97)] -> xpath: //div[@class='ws-toolbar-button-image bui-icon save-icon fa-lg']]
[INFO ][24-Feb-2023 23:39:53 PM] Selenium_Wrapper.click:(199) - Clicking on :[[ChromeDriver: chrome on WINDOWS (4bd3617649272dff28614e26ece7eb97)] -> xpath: //span[text()='Summary']]
[INFO ][24-Feb-2023 23:40:01 PM] Selenium_Wrapper.clickUsingActions:(249) - Clicking on :[[ChromeDriver: chrome on WINDOWS (4bd3617649272dff28614e26ece7eb97)] -> xpath: //div[contains(@id,'Incident_Status')][@class='display-text']]
[INFO ][24-Feb-2023 23:40:08 PM] Selenium_Wrapper.click:(199) - Clicking on :[[ChromeDriver: chrome on WINDOWS (4bd3617649272dff28614e26ece7eb97)] -> xpath: (//div[@title='Solved'])[1]]
[INFO ][24-Feb-2023 23:40:15 PM] Selenium_Wrapper.click:(199) - Clicking on :[[ChromeDriver: chrome on WINDOWS (4bd3617649272dff28614e26ece7eb97)] -> xpath: //div[@class='ws-toolbar-button-image bui-icon save-icon fa-lg']]
[INFO ][24-Feb-2023 23:40:25 PM] Selenium_Wrapper.click:(199) - Clicking on :[[ChromeDriver: chrome on WINDOWS (4bd3617649272dff28614e26ece7eb97)] -> xpath: (//a[@class='closeButton'])[3]]
[INFO ][24-Feb-2023 23:40:32 PM] Selenium_Wrapper.click:(199) - Clicking on :[[ChromeDriver: chrome on WINDOWS (4bd3617649272dff28614e26ece7eb97)] -> xpath: (//a[@class='closeButton'])[2]]
[INFO ][24-Feb-2023 23:40:40 PM] Selenium_Wrapper.click:(199) - Clicking on :[[ChromeDriver: chrome on WINDOWS (4bd3617649272dff28614e26ece7eb97)] -> xpath: (//a[@class='closeButton'])[1]]
[ERROR][24-Feb-2023 23:42:35 PM] Selenium_Wrapper.getWebElement:(124) - org.openqa.selenium.TimeoutException: Expected condition failed: waiting for visibility of [[ChromeDriver: chrome on WINDOWS (4bd3617649272dff28614e26ece7eb97)] -> xpath: //body//span[@id='initialsText']] (tried for 100 second(s) with 500 milliseconds interval)
Build info: version: '3.141.59', revision: 'e82be7d358', time: '2018-11-14T08:17:03'
System info: host: 'QA-SWAMYK', ip: '192.168.0.3', os.name: 'Windows 10', os.arch: 'amd64', os.version: '10.0', java.version: '11.0.10'
Driver info: org.openqa.selenium.chrome.ChromeDriver
Capabilities {acceptInsecureCerts: false, browserName: chrome, browserVersion: 110.0.5481.177, chrome: {chromedriverVersion: 110.0.5481.77 (65ed616c6e8e..., userDataDir: C:\Users\SWAMYK~1\AppData\L...}, goog:chromeOptions: {debuggerAddress: localhost:54491}, javascriptEnabled: true, networkConnectionEnabled: false, pageLoadStrategy: normal, platform: WINDOWS, platformName: WINDOWS, proxy: Proxy(), setWindowRect: true, strictFileInteractability: false, timeouts: {implicit: 0, pageLoad: 300000, script: 30000}, unhandledPromptBehavior: dismiss and notify, webauthn:extension:credBlob: true, webauthn:extension:largeBlob: true, webauthn:virtualAuthenticators: true}
Session ID: 4bd3617649272dff28614e26ece7eb97
[ERROR][24-Feb-2023 23:42:35 PM] FeedbackAdmin.testSignout:(205) - Logout/SignOut un-successfull
