[INFO ][10-Nov-2021 23:39:58 pm] Selenium_Wrapper.openBrowser:(48) - Opening chrome browser.
[INFO ][10-Nov-2021 23:40:06 pm] Selenium_Wrapper.enterURL:(82) - Entering url :https://macu1--tst.custhelp.com/app/home
[INFO ][10-Nov-2021 23:40:10 pm] Selenium_Wrapper.enterText:(311) - Entering Text :pramodk in WebElement :[[ChromeDriver: chrome on WINDOWS (9a2d5d5c6dc9d811313e3366433d100e)] -> id: rn_LoginForm_2_Username]
[INFO ][10-Nov-2021 23:40:11 pm] Selenium_Wrapper.enterText:(311) - Entering Text :Soft@123 in WebElement :[[ChromeDriver: chrome on WINDOWS (9a2d5d5c6dc9d811313e3366433d100e)] -> id: rn_LoginForm_2_Password]
[INFO ][10-Nov-2021 23:40:18 pm] Selenium_Wrapper.click:(199) - Clicking on :[[ChromeDriver: chrome on WINDOWS (9a2d5d5c6dc9d811313e3366433d100e)] -> id: rn_LoginForm_2_Submit]
[INFO ][10-Nov-2021 23:40:28 pm] Selenium_Wrapper.click:(199) - Clicking on :[[ChromeDriver: chrome on WINDOWS (9a2d5d5c6dc9d811313e3366433d100e)] -> xpath: //input[@type='search']]
[INFO ][10-Nov-2021 23:40:29 pm] Selenium_Wrapper.enterText:(311) - Entering Text :Flexible Work in WebElement :[[ChromeDriver: chrome on WINDOWS (9a2d5d5c6dc9d811313e3366433d100e)] -> xpath: //input[@type='search']]
[INFO ][10-Nov-2021 23:40:44 pm] Selenium_Wrapper.click:(199) - Clicking on :[[ChromeDriver: chrome on WINDOWS (9a2d5d5c6dc9d811313e3366433d100e)] -> xpath: //ul[@aria-label='Suggested Search']//li[normalize-space()= 'Flexible Work' ]]
[INFO ][10-Nov-2021 23:40:51 pm] Selenium_Wrapper.click:(199) - Clicking on :[[ChromeDriver: chrome on WINDOWS (9a2d5d5c6dc9d811313e3366433d100e)] -> xpath: //div[@class='rn_SearchResultContent']//a[text()='Flexible Work']]
[INFO ][10-Nov-2021 23:41:07 pm] Selenium_Wrapper.click:(199) - Clicking on :[[ChromeDriver: chrome on WINDOWS (9a2d5d5c6dc9d811313e3366433d100e)] -> xpath: //div[contains(@class,'EmailAnswerLink')][@id='rn_ShareArticle_10']//img[@class='share_icon_default']]
[INFO ][10-Nov-2021 23:41:13 pm] Selenium_Wrapper.click:(199) - Clicking on :[[ChromeDriver: chrome on WINDOWS (9a2d5d5c6dc9d811313e3366433d100e)] -> xpath: //div[@id='rnDialog1']//input[@class='select2-search__field']]
[INFO ][10-Nov-2021 23:41:14 pm] Selenium_Wrapper.enterText:(311) - Entering Text :Aaron Brown in WebElement :[[ChromeDriver: chrome on WINDOWS (9a2d5d5c6dc9d811313e3366433d100e)] -> xpath: //div[@id='rnDialog1']//input[@class='select2-search__field']]
[INFO ][10-Nov-2021 23:41:22 pm] Selenium_Wrapper.click:(199) - Clicking on :[[ChromeDriver: chrome on WINDOWS (9a2d5d5c6dc9d811313e3366433d100e)] -> xpath: //ul[@class='select2-results__options']//li[text()='Aaron Brown']]
[INFO ][10-Nov-2021 23:41:27 pm] Selenium_Wrapper.click:(199) - Clicking on :[[ChromeDriver: chrome on WINDOWS (9a2d5d5c6dc9d811313e3366433d100e)] -> xpath: //button[@class='yui3-button yui3-button-close']]
[INFO ][10-Nov-2021 23:41:34 pm] Selenium_Wrapper.click:(199) - Clicking on :[[ChromeDriver: chrome on WINDOWS (9a2d5d5c6dc9d811313e3366433d100e)] -> class name: knowledge]
[INFO ][10-Nov-2021 23:41:41 pm] Selenium_Wrapper.click:(199) - Clicking on :[[ChromeDriver: chrome on WINDOWS (9a2d5d5c6dc9d811313e3366433d100e)] -> xpath: //input[@type='search']]
[INFO ][10-Nov-2021 23:41:42 pm] Selenium_Wrapper.enterText:(311) - Entering Text :COVID-19 Critical Updates in WebElement :[[ChromeDriver: chrome on WINDOWS (9a2d5d5c6dc9d811313e3366433d100e)] -> xpath: //input[@type='search']]
[INFO ][10-Nov-2021 23:41:56 pm] Selenium_Wrapper.click:(199) - Clicking on :[[ChromeDriver: chrome on WINDOWS (9a2d5d5c6dc9d811313e3366433d100e)] -> xpath: //ul[@aria-label='Suggested Search']//li[normalize-space()='COVID-19 Critical Updates']]
[INFO ][10-Nov-2021 23:42:03 pm] Selenium_Wrapper.click:(199) - Clicking on :[[ChromeDriver: chrome on WINDOWS (9a2d5d5c6dc9d811313e3366433d100e)] -> xpath: //div[@class='rn_SearchResultContent']//a[text()='COVID-19 Critical Updates']]
[ERROR][10-Nov-2021 23:42:28 pm] Selenium_Wrapper.highlightWebElement:(417) - org.openqa.selenium.NoSuchElementException: no such element: Unable to locate element: {"method":"xpath","selector":"//a[@class='add_bookmarkButton']//img[@class='bookmark_icon_blank']"}
  (Session info: chrome=95.0.4638.69)
For documentation on this error, please visit: https://www.seleniumhq.org/exceptions/no_such_element.html
Build info: version: '3.141.59', revision: 'e82be7d358', time: '2018-11-14T08:17:03'
System info: host: 'DESKTOP-N43657M', ip: '10.10.105.21', os.name: 'Windows 10', os.arch: 'amd64', os.version: '10.0', java.version: '16.0.1'
Driver info: org.openqa.selenium.chrome.ChromeDriver
Capabilities {acceptInsecureCerts: false, browserName: chrome, browserVersion: 95.0.4638.69, chrome: {chromedriverVersion: 95.0.4638.17 (a9d0719444d4b..., userDataDir: C:\Users\Pramod\AppData\Loc...}, goog:chromeOptions: {debuggerAddress: localhost:59170}, javascriptEnabled: true, networkConnectionEnabled: false, pageLoadStrategy: normal, platform: WINDOWS, platformName: WINDOWS, proxy: Proxy(), setWindowRect: true, strictFileInteractability: false, timeouts: {implicit: 0, pageLoad: 300000, script: 30000}, unhandledPromptBehavior: dismiss and notify, webauthn:extension:credBlob: true, webauthn:extension:largeBlob: true, webauthn:virtualAuthenticators: true}
Session ID: 9a2d5d5c6dc9d811313e3366433d100e
*** Element info: {Using=xpath, value=//a[@class='add_bookmarkButton']//img[@class='bookmark_icon_blank']}
[INFO ][10-Nov-2021 23:43:14 pm] Selenium_Wrapper.click:(199) - Clicking on :[[ChromeDriver: chrome on WINDOWS (9a2d5d5c6dc9d811313e3366433d100e)] -> xpath: //div[@class='quick-guide']//a[text()='Employee Resources']]
[INFO ][10-Nov-2021 23:43:25 pm] Selenium_Wrapper.click:(199) - Clicking on :[[ChromeDriver: chrome on WINDOWS (9a2d5d5c6dc9d811313e3366433d100e)] -> xpath: //div[@class='quick-guide']//a[text()='Remote Work']]
[INFO ][10-Nov-2021 23:43:43 pm] Selenium_Wrapper.click:(199) - Clicking on :[[ChromeDriver: chrome on WINDOWS (9a2d5d5c6dc9d811313e3366433d100e)] -> xpath: //button[@class='rn_RecommendContentButton p-0']]
[INFO ][10-Nov-2021 23:43:45 pm] Selenium_Wrapper.enterText:(311) - Entering Text :Test Improve, comments, updates in WebElement :[[ChromeDriver: chrome on WINDOWS (9a2d5d5c6dc9d811313e3366433d100e)] -> id: rn_RequestUpdate_25_Description]
[INFO ][10-Nov-2021 23:43:50 pm] Selenium_Wrapper.click:(199) - Clicking on :[[ChromeDriver: chrome on WINDOWS (9a2d5d5c6dc9d811313e3366433d100e)] -> xpath: //button[@class='yui3-button yui3-button-close']]
[INFO ][10-Nov-2021 23:44:01 pm] Selenium_Wrapper.click:(199) - Clicking on :[[ChromeDriver: chrome on WINDOWS (9a2d5d5c6dc9d811313e3366433d100e)] -> id: relatedPages_headingOne]
[INFO ][10-Nov-2021 23:44:08 pm] Selenium_Wrapper.click:(199) - Clicking on :[[ChromeDriver: chrome on WINDOWS (9a2d5d5c6dc9d811313e3366433d100e)] -> id: relatedPages_headingOne]
[INFO ][10-Nov-2021 23:44:14 pm] Selenium_Wrapper.enterText:(311) - Entering Text :Flexible Work in WebElement :[[ChromeDriver: chrome on WINDOWS (9a2d5d5c6dc9d811313e3366433d100e)] -> id: rn_SearchHome_18_SearchInput]
[INFO ][10-Nov-2021 23:44:28 pm] Selenium_Wrapper.click:(199) - Clicking on :[[ChromeDriver: chrome on WINDOWS (9a2d5d5c6dc9d811313e3366433d100e)] -> xpath: //ul[@aria-label='Suggested Search']//li[@class='rn_SuggestionItem'][normalize-space()='Flexible Work']]
[INFO ][10-Nov-2021 23:44:43 pm] Selenium_Wrapper.click:(199) - Clicking on :[[ChromeDriver: chrome on WINDOWS (9a2d5d5c6dc9d811313e3366433d100e)] -> class name: knowledge]
[INFO ][10-Nov-2021 23:44:46 pm] Selenium_Wrapper.closeCurrentBrowser:(650) - Closing the current Browser
