[INFO ][05-Sep-2024 11:38:38 AM] Selenium_Wrapper.openBrowser:(54) - Opening chrome browser.
[INFO ][05-Sep-2024 11:38:45 AM] Selenium_Wrapper.enterURL:(88) - Entering url :https://macu1--tst1.custhelp.com/app/home
[INFO ][05-Sep-2024 11:38:50 AM] Selenium_Wrapper.enterText:(317) - Entering Text :swamyk in WebElement :[[ChromeDriver: chrome on WINDOWS (326af2492fcf06daaa0946d8fbbb260e)] -> id: rn_LoginForm_2_Username]
[INFO ][05-Sep-2024 11:38:51 AM] Selenium_Wrapper.enterText:(317) - Entering Text :Soft@123 in WebElement :[[ChromeDriver: chrome on WINDOWS (326af2492fcf06daaa0946d8fbbb260e)] -> id: rn_LoginForm_2_Password]
[INFO ][05-Sep-2024 11:38:55 AM] Selenium_Wrapper.click:(205) - Clicking on :[[ChromeDriver: chrome on WINDOWS (326af2492fcf06daaa0946d8fbbb260e)] -> id: rn_LoginForm_2_Submit]
[INFO ][05-Sep-2024 11:39:03 AM] Selenium_Wrapper.click:(205) - Clicking on :[[ChromeDriver: chrome on WINDOWS (326af2492fcf06daaa0946d8fbbb260e)] -> xpath: //input[@type='search']]
[INFO ][05-Sep-2024 11:39:05 AM] Selenium_Wrapper.enterText:(317) - Entering Text :Business Use Auto Loan in WebElement :[[ChromeDriver: chrome on WINDOWS (326af2492fcf06daaa0946d8fbbb260e)] -> xpath: //input[@type='search']]
[INFO ][05-Sep-2024 11:39:16 AM] Selenium_Wrapper.click:(205) - Clicking on :[[ChromeDriver: chrome on WINDOWS (326af2492fcf06daaa0946d8fbbb260e)] -> xpath: //ul[@aria-label='Suggested Search']//li[normalize-space()='Business Use Auto Loan']]
[INFO ][05-Sep-2024 11:39:20 AM] Selenium_Wrapper.click:(205) - Clicking on :[[ChromeDriver: chrome on WINDOWS (326af2492fcf06daaa0946d8fbbb260e)] -> xpath: //div[@class='rn_SearchResultContent']//a[text()='Business Use Auto Loan']]
[INFO ][05-Sep-2024 11:39:39 AM] Selenium_Wrapper.click:(205) - Clicking on :[[ChromeDriver: chrome on WINDOWS (326af2492fcf06daaa0946d8fbbb260e)] -> id: relatedPages_headingOne]
[INFO ][05-Sep-2024 11:39:42 AM] Selenium_Wrapper.click:(205) - Clicking on :[[ChromeDriver: chrome on WINDOWS (326af2492fcf06daaa0946d8fbbb260e)] -> id: relatedPages_headingOne]
[INFO ][05-Sep-2024 11:39:50 AM] Selenium_Wrapper.click:(205) - Clicking on :[[ChromeDriver: chrome on WINDOWS (326af2492fcf06daaa0946d8fbbb260e)] -> id: rn_SearchHome_17_SearchInput]
[INFO ][05-Sep-2024 11:39:51 AM] Selenium_Wrapper.enterText:(317) - Entering Text :Business Use Auto Loan in WebElement :[[ChromeDriver: chrome on WINDOWS (326af2492fcf06daaa0946d8fbbb260e)] -> id: rn_SearchHome_17_SearchInput]
[INFO ][05-Sep-2024 11:39:59 AM] Selenium_Wrapper.click:(205) - Clicking on :[[ChromeDriver: chrome on WINDOWS (326af2492fcf06daaa0946d8fbbb260e)] -> xpath: //ul[@aria-label='Suggested Search']//li[@class='rn_SuggestionItem'][normalize-space()='Business Use Auto Loan']]
[INFO ][05-Sep-2024 11:40:04 AM] Selenium_Wrapper.click:(205) - Clicking on :[[ChromeDriver: chrome on WINDOWS (326af2492fcf06daaa0946d8fbbb260e)] -> xpath: //div[@class='rn_SearchResultContent']//a[text()='Business Use Auto Loan']]
[INFO ][05-Sep-2024 11:40:17 AM] Selenium_Wrapper.click:(205) - Clicking on :[[ChromeDriver: chrome on WINDOWS (326af2492fcf06daaa0946d8fbbb260e)] -> xpath: //button[@class='rn_RecommendContentButton p-0']]
[INFO ][05-Sep-2024 11:40:18 AM] Selenium_Wrapper.enterText:(317) - Entering Text :Test Improve, comments, updates in WebElement :[[ChromeDriver: chrome on WINDOWS (326af2492fcf06daaa0946d8fbbb260e)] -> id: rn_RequestUpdate_25_Description]
[INFO ][05-Sep-2024 11:40:20 AM] Selenium_Wrapper.click:(205) - Clicking on :[[ChromeDriver: chrome on WINDOWS (326af2492fcf06daaa0946d8fbbb260e)] -> xpath: //button[text()='Submit']]
[INFO ][05-Sep-2024 11:40:30 AM] Selenium_Wrapper.click:(205) - Clicking on :[[ChromeDriver: chrome on WINDOWS (326af2492fcf06daaa0946d8fbbb260e)] -> xpath: //div[@id='rnDialog2']//button[@type='button']]
[INFO ][05-Sep-2024 11:40:39 AM] Selenium_Wrapper.click:(205) - Clicking on :[[ChromeDriver: chrome on WINDOWS (326af2492fcf06daaa0946d8fbbb260e)] -> class name: knowledge]
[INFO ][05-Sep-2024 11:40:43 AM] Selenium_Wrapper.click:(205) - Clicking on :[[ChromeDriver: chrome on WINDOWS (326af2492fcf06daaa0946d8fbbb260e)] -> xpath: //div[@class='dropdown']]
[INFO ][05-Sep-2024 11:40:49 AM] Selenium_Wrapper.click:(205) - Clicking on :[[ChromeDriver: chrome on WINDOWS (326af2492fcf06daaa0946d8fbbb260e)] -> xpath: //a[text()='My Feedback']]
[INFO ][05-Sep-2024 11:40:50 AM] Selenium_Wrapper.enterText:(317) - Entering Text :Business Use Auto Loan in WebElement :[[ChromeDriver: chrome on WINDOWS (326af2492fcf06daaa0946d8fbbb260e)] -> xpath: //input[@placeholder='Search Your Feedback Report']]
[INFO ][05-Sep-2024 11:41:01 AM] Selenium_Wrapper.click:(205) - Clicking on :[[ChromeDriver: chrome on WINDOWS (326af2492fcf06daaa0946d8fbbb260e)] -> xpath: //div[@class='rn_SearchInput1 mt-3']//span[@class='btn-srch-icon']//i[@class='fa fa-search']]
[INFO ][05-Sep-2024 11:41:25 AM] Selenium_Wrapper.click:(205) - Clicking on :[[ChromeDriver: chrome on WINDOWS (326af2492fcf06daaa0946d8fbbb260e)] -> xpath: //tr[@class='yui3-datatable-even']//td[@headers='Grid_6_c1']/a]
[INFO ][05-Sep-2024 11:41:55 AM] Selenium_Wrapper.click:(205) - Clicking on :[[ChromeDriver: chrome on WINDOWS (326af2492fcf06daaa0946d8fbbb260e)] -> class name: knowledge]
[INFO ][05-Sep-2024 11:41:58 AM] Selenium_Wrapper.closeCurrentBrowser:(657) - Closing the current Browser
