[INFO ][04-Apr-2024 11:39:34 AM] Selenium_Wrapper.openBrowser:(54) - Opening chrome browser.
[INFO ][04-Apr-2024 11:39:40 AM] Selenium_Wrapper.enterURL:(88) - Entering url :https://macu1--tst1.custhelp.com/app/home
[INFO ][04-Apr-2024 11:39:45 AM] Selenium_Wrapper.enterText:(317) - Entering Text :swamyk in WebElement :[[ChromeDriver: chrome on WINDOWS (0d21f4e3f87e1cbe349aeb15899883e1)] -> id: rn_LoginForm_2_Username]
[INFO ][04-Apr-2024 11:39:47 AM] Selenium_Wrapper.enterText:(317) - Entering Text :Soft@123 in WebElement :[[ChromeDriver: chrome on WINDOWS (0d21f4e3f87e1cbe349aeb15899883e1)] -> id: rn_LoginForm_2_Password]
[INFO ][04-Apr-2024 11:39:51 AM] Selenium_Wrapper.click:(205) - Clicking on :[[ChromeDriver: chrome on WINDOWS (0d21f4e3f87e1cbe349aeb15899883e1)] -> id: rn_LoginForm_2_Submit]
[INFO ][04-Apr-2024 11:39:59 AM] Selenium_Wrapper.click:(205) - Clicking on :[[ChromeDriver: chrome on WINDOWS (0d21f4e3f87e1cbe349aeb15899883e1)] -> xpath: //input[@type='search']]
[INFO ][04-Apr-2024 11:40:01 AM] Selenium_Wrapper.enterText:(317) - Entering Text :Business Use Auto Loan in WebElement :[[ChromeDriver: chrome on WINDOWS (0d21f4e3f87e1cbe349aeb15899883e1)] -> xpath: //input[@type='search']]
[INFO ][04-Apr-2024 11:40:12 AM] Selenium_Wrapper.click:(205) - Clicking on :[[ChromeDriver: chrome on WINDOWS (0d21f4e3f87e1cbe349aeb15899883e1)] -> xpath: //ul[@aria-label='Suggested Search']//li[normalize-space()='Business Use Auto Loan']]
[INFO ][04-Apr-2024 11:40:16 AM] Selenium_Wrapper.click:(205) - Clicking on :[[ChromeDriver: chrome on WINDOWS (0d21f4e3f87e1cbe349aeb15899883e1)] -> xpath: //div[@class='rn_SearchResultContent']//a[text()='Business Use Auto Loan']]
[INFO ][04-Apr-2024 11:40:35 AM] Selenium_Wrapper.click:(205) - Clicking on :[[ChromeDriver: chrome on WINDOWS (0d21f4e3f87e1cbe349aeb15899883e1)] -> id: relatedPages_headingOne]
[INFO ][04-Apr-2024 11:40:39 AM] Selenium_Wrapper.click:(205) - Clicking on :[[ChromeDriver: chrome on WINDOWS (0d21f4e3f87e1cbe349aeb15899883e1)] -> id: relatedPages_headingOne]
[INFO ][04-Apr-2024 11:40:47 AM] Selenium_Wrapper.click:(205) - Clicking on :[[ChromeDriver: chrome on WINDOWS (0d21f4e3f87e1cbe349aeb15899883e1)] -> id: rn_SearchHome_17_SearchInput]
[INFO ][04-Apr-2024 11:40:48 AM] Selenium_Wrapper.enterText:(317) - Entering Text :Business Use Auto Loan in WebElement :[[ChromeDriver: chrome on WINDOWS (0d21f4e3f87e1cbe349aeb15899883e1)] -> id: rn_SearchHome_17_SearchInput]
[INFO ][04-Apr-2024 11:40:56 AM] Selenium_Wrapper.click:(205) - Clicking on :[[ChromeDriver: chrome on WINDOWS (0d21f4e3f87e1cbe349aeb15899883e1)] -> xpath: //ul[@aria-label='Suggested Search']//li[@class='rn_SuggestionItem'][normalize-space()='Business Use Auto Loan']]
[INFO ][04-Apr-2024 11:41:02 AM] Selenium_Wrapper.click:(205) - Clicking on :[[ChromeDriver: chrome on WINDOWS (0d21f4e3f87e1cbe349aeb15899883e1)] -> xpath: //div[@class='rn_SearchResultContent']//a[text()='Business Use Auto Loan']]
[INFO ][04-Apr-2024 11:41:14 AM] Selenium_Wrapper.click:(205) - Clicking on :[[ChromeDriver: chrome on WINDOWS (0d21f4e3f87e1cbe349aeb15899883e1)] -> xpath: //button[@class='rn_RecommendContentButton p-0']]
[INFO ][04-Apr-2024 11:41:15 AM] Selenium_Wrapper.enterText:(317) - Entering Text :Test Improve, comments, updates in WebElement :[[ChromeDriver: chrome on WINDOWS (0d21f4e3f87e1cbe349aeb15899883e1)] -> id: rn_RequestUpdate_25_Description]
[INFO ][04-Apr-2024 11:41:17 AM] Selenium_Wrapper.click:(205) - Clicking on :[[ChromeDriver: chrome on WINDOWS (0d21f4e3f87e1cbe349aeb15899883e1)] -> xpath: //button[text()='Submit']]
[INFO ][04-Apr-2024 11:41:28 AM] Selenium_Wrapper.click:(205) - Clicking on :[[ChromeDriver: chrome on WINDOWS (0d21f4e3f87e1cbe349aeb15899883e1)] -> xpath: //div[@id='rnDialog2']//button[@type='button']]
[INFO ][04-Apr-2024 11:41:35 AM] Selenium_Wrapper.click:(205) - Clicking on :[[ChromeDriver: chrome on WINDOWS (0d21f4e3f87e1cbe349aeb15899883e1)] -> class name: knowledge]
[INFO ][04-Apr-2024 11:41:40 AM] Selenium_Wrapper.click:(205) - Clicking on :[[ChromeDriver: chrome on WINDOWS (0d21f4e3f87e1cbe349aeb15899883e1)] -> xpath: //div[@class='dropdown']]
[INFO ][04-Apr-2024 11:41:45 AM] Selenium_Wrapper.click:(205) - Clicking on :[[ChromeDriver: chrome on WINDOWS (0d21f4e3f87e1cbe349aeb15899883e1)] -> xpath: //a[text()='My Feedback']]
[INFO ][04-Apr-2024 11:41:47 AM] Selenium_Wrapper.enterText:(317) - Entering Text :Business Use Auto Loan in WebElement :[[ChromeDriver: chrome on WINDOWS (0d21f4e3f87e1cbe349aeb15899883e1)] -> xpath: //input[@placeholder='Search Your Feedback Report']]
[INFO ][04-Apr-2024 11:41:58 AM] Selenium_Wrapper.click:(205) - Clicking on :[[ChromeDriver: chrome on WINDOWS (0d21f4e3f87e1cbe349aeb15899883e1)] -> xpath: //div[@class='rn_SearchInput1 mt-3']//span[@class='btn-srch-icon']//i[@class='fa fa-search']]
[INFO ][04-Apr-2024 11:42:23 AM] Selenium_Wrapper.click:(205) - Clicking on :[[ChromeDriver: chrome on WINDOWS (0d21f4e3f87e1cbe349aeb15899883e1)] -> xpath: //tr[@class='yui3-datatable-even']//td[@headers='Grid_6_c1']/a]
[INFO ][04-Apr-2024 11:42:53 AM] Selenium_Wrapper.click:(205) - Clicking on :[[ChromeDriver: chrome on WINDOWS (0d21f4e3f87e1cbe349aeb15899883e1)] -> class name: knowledge]
[INFO ][04-Apr-2024 11:42:56 AM] Selenium_Wrapper.closeCurrentBrowser:(657) - Closing the current Browser
