[INFO ][28-Feb-2023 11:39:11 AM] Selenium_Wrapper.openBrowser:(48) - Opening chrome browser.
[INFO ][28-Feb-2023 11:39:17 AM] Selenium_Wrapper.enterURL:(82) - Entering url :https://macu1--upgrade.custhelp.com/
[INFO ][28-Feb-2023 11:39:21 AM] Selenium_Wrapper.enterText:(311) - Entering Text :automation_testing in WebElement :[[ChromeDriver: chrome on WINDOWS (c8132322ece79ea9e85bccd8870bcc58)] -> id: rn_LoginForm_2_Username]
[INFO ][28-Feb-2023 11:39:23 AM] Selenium_Wrapper.enterText:(311) - Entering Text :Soft@123 in WebElement :[[ChromeDriver: chrome on WINDOWS (c8132322ece79ea9e85bccd8870bcc58)] -> id: rn_LoginForm_2_Password]
[INFO ][28-Feb-2023 11:39:30 AM] Selenium_Wrapper.click:(199) - Clicking on :[[ChromeDriver: chrome on WINDOWS (c8132322ece79ea9e85bccd8870bcc58)] -> id: rn_LoginForm_2_Submit]
[INFO ][28-Feb-2023 11:39:41 AM] Selenium_Wrapper.click:(199) - Clicking on :[[ChromeDriver: chrome on WINDOWS (c8132322ece79ea9e85bccd8870bcc58)] -> xpath: //div[@class='dropdown']]
[INFO ][28-Feb-2023 11:39:57 AM] Selenium_Wrapper.click:(199) - Clicking on :[[ChromeDriver: chrome on WINDOWS (c8132322ece79ea9e85bccd8870bcc58)] -> xpath: //a[text()='My Activity']]
[INFO ][28-Feb-2023 11:40:05 AM] Selenium_Wrapper.click:(199) - Clicking on :[[ChromeDriver: chrome on WINDOWS (c8132322ece79ea9e85bccd8870bcc58)] -> xpath: //input[@type='search']]
[INFO ][28-Feb-2023 11:40:06 AM] Selenium_Wrapper.enterText:(311) - Entering Text :Business Auto Loan in WebElement :[[ChromeDriver: chrome on WINDOWS (c8132322ece79ea9e85bccd8870bcc58)] -> xpath: //input[@type='search']]
[INFO ][28-Feb-2023 11:40:21 AM] Selenium_Wrapper.click:(199) - Clicking on :[[ChromeDriver: chrome on WINDOWS (c8132322ece79ea9e85bccd8870bcc58)] -> xpath: //ul[@aria-label='Suggested Search']/li[normalize-space()='Business Auto Loan']]
[INFO ][28-Feb-2023 11:40:36 AM] Selenium_Wrapper.click:(199) - Clicking on :[[ChromeDriver: chrome on WINDOWS (c8132322ece79ea9e85bccd8870bcc58)] -> class name: knowledge]
[INFO ][28-Feb-2023 11:40:44 AM] Selenium_Wrapper.click:(199) - Clicking on :[[ChromeDriver: chrome on WINDOWS (c8132322ece79ea9e85bccd8870bcc58)] -> xpath: //div[@class='dropdown']]
[INFO ][28-Feb-2023 11:40:53 AM] Selenium_Wrapper.click:(199) - Clicking on :[[ChromeDriver: chrome on WINDOWS (c8132322ece79ea9e85bccd8870bcc58)] -> xpath: //a[text()='My Activity']]
[INFO ][28-Feb-2023 11:41:04 AM] Selenium_Wrapper.click:(199) - Clicking on :[[ChromeDriver: chrome on WINDOWS (c8132322ece79ea9e85bccd8870bcc58)] -> xpath: //a[text()='browse all PAGES']]
[INFO ][28-Feb-2023 11:41:31 AM] Selenium_Wrapper.click:(199) - Clicking on :[[ChromeDriver: chrome on WINDOWS (c8132322ece79ea9e85bccd8870bcc58)] -> xpath: //button[@class='rn_RecommendContentButton p-0']]
[INFO ][28-Feb-2023 11:41:32 AM] Selenium_Wrapper.enterText:(311) - Entering Text :Test Improve, comments, updates in WebElement :[[ChromeDriver: chrome on WINDOWS (c8132322ece79ea9e85bccd8870bcc58)] -> id: rn_RequestUpdate_9_Description]
[INFO ][28-Feb-2023 11:41:38 AM] Selenium_Wrapper.click:(199) - Clicking on :[[ChromeDriver: chrome on WINDOWS (c8132322ece79ea9e85bccd8870bcc58)] -> xpath: //button[text()='Submit']]
[INFO ][28-Feb-2023 11:41:43 AM] Selenium_Wrapper.click:(199) - Clicking on :[[ChromeDriver: chrome on WINDOWS (c8132322ece79ea9e85bccd8870bcc58)] -> xpath: //div[@id='rnDialog2']//button[@type='button']]
[INFO ][28-Feb-2023 11:41:55 AM] Selenium_Wrapper.click:(199) - Clicking on :[[ChromeDriver: chrome on WINDOWS (c8132322ece79ea9e85bccd8870bcc58)] -> class name: knowledge]
[INFO ][28-Feb-2023 11:41:58 AM] Selenium_Wrapper.closeCurrentBrowser:(651) - Closing the current Browser
