[INFO ][04-Dec-2023 11:38:32 AM] Selenium_Wrapper.openBrowser:(48) - Opening chrome browser.
[INFO ][04-Dec-2023 11:38:37 AM] Selenium_Wrapper.enterURL:(82) - Entering url :https://macu1--tst1.custhelp.com/app/home
[INFO ][04-Dec-2023 11:38:42 AM] Selenium_Wrapper.enterText:(311) - Entering Text :swamyk in WebElement :[[ChromeDriver: chrome on WINDOWS (274e15388e5c6b0e2e85fa3f19eb1557)] -> id: rn_LoginForm_2_Username]
[INFO ][04-Dec-2023 11:38:43 AM] Selenium_Wrapper.enterText:(311) - Entering Text :Soft@123 in WebElement :[[ChromeDriver: chrome on WINDOWS (274e15388e5c6b0e2e85fa3f19eb1557)] -> id: rn_LoginForm_2_Password]
[INFO ][04-Dec-2023 11:38:50 AM] Selenium_Wrapper.click:(199) - Clicking on :[[ChromeDriver: chrome on WINDOWS (274e15388e5c6b0e2e85fa3f19eb1557)] -> id: rn_LoginForm_2_Submit]
[INFO ][04-Dec-2023 11:39:08 AM] Selenium_Wrapper.click:(199) - Clicking on :[[ChromeDriver: chrome on WINDOWS (274e15388e5c6b0e2e85fa3f19eb1557)] -> xpath: //div[@class='dropdown']]
[INFO ][04-Dec-2023 11:39:23 AM] Selenium_Wrapper.click:(199) - Clicking on :[[ChromeDriver: chrome on WINDOWS (274e15388e5c6b0e2e85fa3f19eb1557)] -> xpath: //a[text()='My Activity']]
[INFO ][04-Dec-2023 11:39:30 AM] Selenium_Wrapper.click:(199) - Clicking on :[[ChromeDriver: chrome on WINDOWS (274e15388e5c6b0e2e85fa3f19eb1557)] -> xpath: //input[@type='search']]
[INFO ][04-Dec-2023 11:39:31 AM] Selenium_Wrapper.enterText:(311) - Entering Text :Business Auto Loan - ALPS 1.0 in WebElement :[[ChromeDriver: chrome on WINDOWS (274e15388e5c6b0e2e85fa3f19eb1557)] -> xpath: //input[@type='search']]
[INFO ][04-Dec-2023 11:39:47 AM] Selenium_Wrapper.click:(199) - Clicking on :[[ChromeDriver: chrome on WINDOWS (274e15388e5c6b0e2e85fa3f19eb1557)] -> xpath: //ul[@aria-label='Suggested Search']/li[normalize-space()='Business Auto Loan - ALPS 1.0']]
[INFO ][04-Dec-2023 11:40:03 AM] Selenium_Wrapper.click:(199) - Clicking on :[[ChromeDriver: chrome on WINDOWS (274e15388e5c6b0e2e85fa3f19eb1557)] -> class name: knowledge]
[INFO ][04-Dec-2023 11:40:10 AM] Selenium_Wrapper.click:(199) - Clicking on :[[ChromeDriver: chrome on WINDOWS (274e15388e5c6b0e2e85fa3f19eb1557)] -> xpath: //div[@class='dropdown']]
[INFO ][04-Dec-2023 11:40:22 AM] Selenium_Wrapper.click:(199) - Clicking on :[[ChromeDriver: chrome on WINDOWS (274e15388e5c6b0e2e85fa3f19eb1557)] -> xpath: //a[text()='My Activity']]
[INFO ][04-Dec-2023 11:40:33 AM] Selenium_Wrapper.click:(199) - Clicking on :[[ChromeDriver: chrome on WINDOWS (274e15388e5c6b0e2e85fa3f19eb1557)] -> xpath: //a[text()='browse all PAGES']]
[INFO ][04-Dec-2023 11:40:51 AM] Selenium_Wrapper.click:(199) - Clicking on :[[ChromeDriver: chrome on WINDOWS (274e15388e5c6b0e2e85fa3f19eb1557)] -> xpath: //div[@class='dropdown']]
[INFO ][04-Dec-2023 11:41:05 AM] Selenium_Wrapper.click:(199) - Clicking on :[[ChromeDriver: chrome on WINDOWS (274e15388e5c6b0e2e85fa3f19eb1557)] -> xpath: //a[text()='My Activity']]
[INFO ][04-Dec-2023 11:41:18 AM] Selenium_Wrapper.click:(199) - Clicking on :[[ChromeDriver: chrome on WINDOWS (274e15388e5c6b0e2e85fa3f19eb1557)] -> xpath: //button[@class='rn_RecommendContentButton p-0']]
[INFO ][04-Dec-2023 11:41:20 AM] Selenium_Wrapper.enterText:(311) - Entering Text :Test Improve, comments, updates in WebElement :[[ChromeDriver: chrome on WINDOWS (274e15388e5c6b0e2e85fa3f19eb1557)] -> id: rn_RequestUpdate_9_Description]
[INFO ][04-Dec-2023 11:41:25 AM] Selenium_Wrapper.click:(199) - Clicking on :[[ChromeDriver: chrome on WINDOWS (274e15388e5c6b0e2e85fa3f19eb1557)] -> xpath: //button[text()='Submit']]
[INFO ][04-Dec-2023 11:41:30 AM] Selenium_Wrapper.click:(199) - Clicking on :[[ChromeDriver: chrome on WINDOWS (274e15388e5c6b0e2e85fa3f19eb1557)] -> xpath: //div[@id='rnDialog2']//button[@type='button']]
[INFO ][04-Dec-2023 11:41:46 AM] Selenium_Wrapper.click:(199) - Clicking on :[[ChromeDriver: chrome on WINDOWS (274e15388e5c6b0e2e85fa3f19eb1557)] -> class name: knowledge]
[INFO ][04-Dec-2023 11:41:49 AM] Selenium_Wrapper.closeCurrentBrowser:(651) - Closing the current Browser
