[INFO ][04-Apr-2024 11:43:38 AM] Selenium_Wrapper.openBrowser:(54) - Opening chrome browser.
[INFO ][04-Apr-2024 11:43:43 AM] Selenium_Wrapper.enterURL:(88) - Entering url :https://macu1--tst1.custhelp.com/app/home
[INFO ][04-Apr-2024 11:43:47 AM] Selenium_Wrapper.enterText:(317) - Entering Text :swamyk in WebElement :[[ChromeDriver: chrome on WINDOWS (a0be3d234bbb2b4a45210775745d1f28)] -> id: rn_LoginForm_2_Username]
[INFO ][04-Apr-2024 11:43:49 AM] Selenium_Wrapper.enterText:(317) - Entering Text :Soft@123 in WebElement :[[ChromeDriver: chrome on WINDOWS (a0be3d234bbb2b4a45210775745d1f28)] -> id: rn_LoginForm_2_Password]
[INFO ][04-Apr-2024 11:43:53 AM] Selenium_Wrapper.click:(205) - Clicking on :[[ChromeDriver: chrome on WINDOWS (a0be3d234bbb2b4a45210775745d1f28)] -> id: rn_LoginForm_2_Submit]
[INFO ][04-Apr-2024 11:44:06 AM] Selenium_Wrapper.click:(205) - Clicking on :[[ChromeDriver: chrome on WINDOWS (a0be3d234bbb2b4a45210775745d1f28)] -> xpath: //input[@type='search']]
[INFO ][04-Apr-2024 11:44:08 AM] Selenium_Wrapper.enterText:(317) - Entering Text :Business Use Auto Loan in WebElement :[[ChromeDriver: chrome on WINDOWS (a0be3d234bbb2b4a45210775745d1f28)] -> xpath: //input[@type='search']]
[INFO ][04-Apr-2024 11:44:19 AM] Selenium_Wrapper.click:(205) - Clicking on :[[ChromeDriver: chrome on WINDOWS (a0be3d234bbb2b4a45210775745d1f28)] -> xpath: (//div[@class='yui3-aclist-content']//li//li)[1]]
[INFO ][04-Apr-2024 11:44:23 AM] Selenium_Wrapper.click:(205) - Clicking on :[[ChromeDriver: chrome on WINDOWS (a0be3d234bbb2b4a45210775745d1f28)] -> xpath: (//div[@class='rn_SearchResultContent']//a)[1]]
[INFO ][04-Apr-2024 11:44:30 AM] Selenium_Wrapper.click:(205) - Clicking on :[[ChromeDriver: chrome on WINDOWS (a0be3d234bbb2b4a45210775745d1f28)] -> xpath: //a[@class='add_bookmarkButton']//img[@class='bookmark_icon_blank']]
[INFO ][04-Apr-2024 11:44:36 AM] Selenium_Wrapper.click:(205) - Clicking on :[[ChromeDriver: chrome on WINDOWS (a0be3d234bbb2b4a45210775745d1f28)] -> class name: knowledge]
[INFO ][04-Apr-2024 11:44:47 AM] Selenium_Wrapper.click:(205) - Clicking on :[[ChromeDriver: chrome on WINDOWS (a0be3d234bbb2b4a45210775745d1f28)] -> xpath: //div[@class='dropdown']]
[INFO ][04-Apr-2024 11:44:55 AM] Selenium_Wrapper.click:(205) - Clicking on :[[ChromeDriver: chrome on WINDOWS (a0be3d234bbb2b4a45210775745d1f28)] -> xpath: //a[text()='SEE MORE']]
[INFO ][04-Apr-2024 11:45:07 AM] Selenium_Wrapper.click:(205) - Clicking on :[[ChromeDriver: chrome on WINDOWS (a0be3d234bbb2b4a45210775745d1f28)] -> class name: knowledge]
[INFO ][04-Apr-2024 11:45:12 AM] Selenium_Wrapper.click:(205) - Clicking on :[[ChromeDriver: chrome on WINDOWS (a0be3d234bbb2b4a45210775745d1f28)] -> xpath: //div[@class='dropdown']]
[INFO ][04-Apr-2024 11:45:23 AM] Selenium_Wrapper.click:(205) - Clicking on :[[ChromeDriver: chrome on WINDOWS (a0be3d234bbb2b4a45210775745d1f28)] -> xpath: //div[@class='dropdown-content']//a[normalize-space()='My Bookmarks']]
[INFO ][04-Apr-2024 11:45:38 AM] Selenium_Wrapper.click:(205) - Clicking on :[[ChromeDriver: chrome on WINDOWS (a0be3d234bbb2b4a45210775745d1f28)] -> xpath: //select[@class='BookmarkFilter']]
[INFO ][04-Apr-2024 11:45:46 AM] Selenium_Wrapper.click:(205) - Clicking on :[[ChromeDriver: chrome on WINDOWS (a0be3d234bbb2b4a45210775745d1f28)] -> xpath: //select[@class='BookmarkFilter']//option[text()='Alphabetical A-Z']]
[INFO ][04-Apr-2024 11:45:55 AM] Selenium_Wrapper.click:(205) - Clicking on :[[ChromeDriver: chrome on WINDOWS (a0be3d234bbb2b4a45210775745d1f28)] -> class name: knowledge]
[INFO ][04-Apr-2024 11:45:59 AM] Selenium_Wrapper.click:(205) - Clicking on :[[ChromeDriver: chrome on WINDOWS (a0be3d234bbb2b4a45210775745d1f28)] -> xpath: //div[@class='dropdown']]
[INFO ][04-Apr-2024 11:46:04 AM] Selenium_Wrapper.click:(205) - Clicking on :[[ChromeDriver: chrome on WINDOWS (a0be3d234bbb2b4a45210775745d1f28)] -> xpath: //div[@class='dropdown-content']//a[normalize-space()='My Notifications']]
[INFO ][04-Apr-2024 11:46:09 AM] Selenium_Wrapper.click:(205) - Clicking on :[[ChromeDriver: chrome on WINDOWS (a0be3d234bbb2b4a45210775745d1f28)] -> xpath: //a[text()='browse all PAGES']]
[INFO ][04-Apr-2024 11:46:23 AM] Selenium_Wrapper.click:(205) - Clicking on :[[ChromeDriver: chrome on WINDOWS (a0be3d234bbb2b4a45210775745d1f28)] -> xpath: //a[text()='VIEW A-Z INDEX']]
[INFO ][04-Apr-2024 11:46:32 AM] Selenium_Wrapper.click:(205) - Clicking on :[[ChromeDriver: chrome on WINDOWS (a0be3d234bbb2b4a45210775745d1f28)] -> class name: knowledge]
[INFO ][04-Apr-2024 11:46:35 AM] Selenium_Wrapper.closeCurrentBrowser:(657) - Closing the current Browser
