[INFO ][09-Nov-2021 11:43:34 am] Selenium_Wrapper.openBrowser:(48) - Opening chrome browser.
[INFO ][09-Nov-2021 11:43:50 am] Selenium_Wrapper.enterURL:(82) - Entering url :https://macu1--tst.custhelp.com/app/home
[INFO ][09-Nov-2021 11:43:54 am] Selenium_Wrapper.enterText:(311) - Entering Text :pramodk in WebElement :[[ChromeDriver: chrome on WINDOWS (2ff40b8acbe180be76cde64b2bbf9b46)] -> id: rn_LoginForm_2_Username]
[INFO ][09-Nov-2021 11:43:55 am] Selenium_Wrapper.enterText:(311) - Entering Text :Soft@123 in WebElement :[[ChromeDriver: chrome on WINDOWS (2ff40b8acbe180be76cde64b2bbf9b46)] -> id: rn_LoginForm_2_Password]
[INFO ][09-Nov-2021 11:44:03 am] Selenium_Wrapper.click:(199) - Clicking on :[[ChromeDriver: chrome on WINDOWS (2ff40b8acbe180be76cde64b2bbf9b46)] -> id: rn_LoginForm_2_Submit]
[INFO ][09-Nov-2021 11:44:17 am] Selenium_Wrapper.click:(199) - Clicking on :[[ChromeDriver: chrome on WINDOWS (2ff40b8acbe180be76cde64b2bbf9b46)] -> xpath: //input[@type='search']]
[INFO ][09-Nov-2021 11:44:19 am] Selenium_Wrapper.enterText:(311) - Entering Text :Flexible Work in WebElement :[[ChromeDriver: chrome on WINDOWS (2ff40b8acbe180be76cde64b2bbf9b46)] -> xpath: //input[@type='search']]
[INFO ][09-Nov-2021 11:44:34 am] Selenium_Wrapper.click:(199) - Clicking on :[[ChromeDriver: chrome on WINDOWS (2ff40b8acbe180be76cde64b2bbf9b46)] -> xpath: //ul[@aria-label='Suggested Search']//li[normalize-space()='Flexible Work']]
[INFO ][09-Nov-2021 11:44:41 am] Selenium_Wrapper.click:(199) - Clicking on :[[ChromeDriver: chrome on WINDOWS (2ff40b8acbe180be76cde64b2bbf9b46)] -> xpath: //div[@class='rn_SearchResultContent']//a[text()='Flexible Work']]
[INFO ][09-Nov-2021 11:45:00 am] Selenium_Wrapper.click:(199) - Clicking on :[[ChromeDriver: chrome on WINDOWS (2ff40b8acbe180be76cde64b2bbf9b46)] -> xpath: //div[@class='main_image_div']//div[@class='thumbs_up_down'][2]]
[INFO ][09-Nov-2021 11:45:11 am] Selenium_Wrapper.click:(199) - Clicking on :[[ChromeDriver: chrome on WINDOWS (2ff40b8acbe180be76cde64b2bbf9b46)] -> id: rn_AnswerRating_3_22_FeedbackMessage]
[INFO ][09-Nov-2021 11:45:12 am] Selenium_Wrapper.enterText:(311) - Entering Text :Flexible Work - ThumbDown Comments in WebElement :[[ChromeDriver: chrome on WINDOWS (2ff40b8acbe180be76cde64b2bbf9b46)] -> id: rn_AnswerRating_3_22_FeedbackMessage]
[INFO ][09-Nov-2021 11:45:17 am] Selenium_Wrapper.click:(199) - Clicking on :[[ChromeDriver: chrome on WINDOWS (2ff40b8acbe180be76cde64b2bbf9b46)] -> xpath: //button[text()='SUBMIT']]
[INFO ][09-Nov-2021 11:45:23 am] Selenium_Wrapper.click:(199) - Clicking on :[[ChromeDriver: chrome on WINDOWS (2ff40b8acbe180be76cde64b2bbf9b46)] -> xpath: //button[@class='yui3-button yui3-button-close']]
[INFO ][09-Nov-2021 11:45:30 am] Selenium_Wrapper.click:(199) - Clicking on :[[ChromeDriver: chrome on WINDOWS (2ff40b8acbe180be76cde64b2bbf9b46)] -> xpath: //div[@class='dropdown']]
[INFO ][09-Nov-2021 11:45:41 am] Selenium_Wrapper.click:(199) - Clicking on :[[ChromeDriver: chrome on WINDOWS (2ff40b8acbe180be76cde64b2bbf9b46)] -> xpath: //a[text()='My Feedback']]
[INFO ][09-Nov-2021 11:46:16 am] Selenium_Wrapper.click:(199) - Clicking on :[[ChromeDriver: chrome on WINDOWS (2ff40b8acbe180be76cde64b2bbf9b46)] -> xpath: ((//table//tbody)[2]//a)[1]]
[INFO ][09-Nov-2021 11:46:43 am] Selenium_Wrapper.click:(199) - Clicking on :[[ChromeDriver: chrome on WINDOWS (2ff40b8acbe180be76cde64b2bbf9b46)] -> class name: knowledge]
[INFO ][09-Nov-2021 11:46:47 am] Selenium_Wrapper.openBrowser:(48) - Opening chrome browser.
[INFO ][09-Nov-2021 11:46:57 am] Selenium_Wrapper.enterURL:(82) - Entering url :https://macu1--tst.custhelp.com/AgentWeb/
[INFO ][09-Nov-2021 11:47:01 am] Selenium_Wrapper.enterText:(311) - Entering Text :RNT_pramod in WebElement :[[ChromeDriver: chrome on WINDOWS (b6df9f93f0ab4d5a579a406d98738902)] -> id: username]
[INFO ][09-Nov-2021 11:47:03 am] Selenium_Wrapper.enterText:(311) - Entering Text :Welcome123 in WebElement :[[ChromeDriver: chrome on WINDOWS (b6df9f93f0ab4d5a579a406d98738902)] -> id: password]
[INFO ][09-Nov-2021 11:48:22 am] Selenium_Wrapper.click:(199) - Clicking on :[[ChromeDriver: chrome on WINDOWS (b6df9f93f0ab4d5a579a406d98738902)] -> id: loginbutton]
[INFO ][09-Nov-2021 11:48:30 am] Selenium_Wrapper.click:(199) - Clicking on :[[ChromeDriver: chrome on WINDOWS (b6df9f93f0ab4d5a579a406d98738902)] -> xpath: (//span[@class='oj-button-icon oj-start navigator-icon oj-button-icon oj-start'])[1]]
[INFO ][09-Nov-2021 11:48:37 am] Selenium_Wrapper.click:(199) - Clicking on :[[ChromeDriver: chrome on WINDOWS (b6df9f93f0ab4d5a579a406d98738902)] -> xpath: (//div[text()='Analytics']//a)]
[INFO ][09-Nov-2021 11:48:42 am] Selenium_Wrapper.click:(199) - Clicking on :[[ChromeDriver: chrome on WINDOWS (b6df9f93f0ab4d5a579a406d98738902)] -> xpath: //span[text()='Reports Explorer']]
[INFO ][09-Nov-2021 11:48:47 am] Selenium_Wrapper.click:(199) - Clicking on :[[ChromeDriver: chrome on WINDOWS (b6df9f93f0ab4d5a579a406d98738902)] -> xpath: //div[text()='Public Reports']]
[INFO ][09-Nov-2021 11:48:53 am] Selenium_Wrapper.click:(199) - Clicking on :[[ChromeDriver: chrome on WINDOWS (b6df9f93f0ab4d5a579a406d98738902)] -> xpath: //div[text()='MACU CUSTOM REPORTS']]
[INFO ][09-Nov-2021 11:48:58 am] Selenium_Wrapper.click:(199) - Clicking on :[[ChromeDriver: chrome on WINDOWS (b6df9f93f0ab4d5a579a406d98738902)] -> xpath: //div[text()='SoftClouds']]
[INFO ][09-Nov-2021 11:49:04 am] Selenium_Wrapper.click:(199) - Clicking on :[[ChromeDriver: chrome on WINDOWS (b6df9f93f0ab4d5a579a406d98738902)] -> xpath: //div[text()='OKCS']]
[INFO ][09-Nov-2021 11:49:26 am] Selenium_Wrapper.click:(199) - Clicking on :[[ChromeDriver: chrome on WINDOWS (b6df9f93f0ab4d5a579a406d98738902)] -> xpath: //div[contains(@class,'cke_wysiwyg_div')]]
[INFO ][09-Nov-2021 11:49:29 am] Selenium_Wrapper.enterText:(311) - Entering Text :It is working as per Expected in WebElement :[[ChromeDriver: chrome on WINDOWS (b6df9f93f0ab4d5a579a406d98738902)] -> xpath: //div[contains(@class,'cke_wysiwyg_div')]]
[INFO ][09-Nov-2021 11:49:34 am] Selenium_Wrapper.click:(199) - Clicking on :[[ChromeDriver: chrome on WINDOWS (b6df9f93f0ab4d5a579a406d98738902)] -> xpath: //button[@title='Send an incident response and save the incident']]
[INFO ][09-Nov-2021 11:49:45 am] Selenium_Wrapper.click:(199) - Clicking on :[[ChromeDriver: chrome on WINDOWS (b6df9f93f0ab4d5a579a406d98738902)] -> xpath: //button[@data-commandtype='SaveAndSendAndClose']]
[INFO ][09-Nov-2021 11:49:55 am] Selenium_Wrapper.click:(199) - Clicking on :[[ChromeDriver: chrome on WINDOWS (b6df9f93f0ab4d5a579a406d98738902)] -> xpath: //span[text()='Yes']]
[INFO ][09-Nov-2021 11:50:05 am] Selenium_Wrapper.click:(199) - Clicking on :[[ChromeDriver: chrome on WINDOWS (b6df9f93f0ab4d5a579a406d98738902)] -> xpath: //div[contains(@class,'refresh-icon')]]
[INFO ][09-Nov-2021 11:50:16 am] Selenium_Wrapper.click:(199) - Clicking on :[[ChromeDriver: chrome on WINDOWS (b6df9f93f0ab4d5a579a406d98738902)] -> xpath: //button[contains(@title,'Define the search')]]
[INFO ][09-Nov-2021 11:50:21 am] Selenium_Wrapper.click:(199) - Clicking on :[[ChromeDriver: chrome on WINDOWS (b6df9f93f0ab4d5a579a406d98738902)] -> xpath: (//div[@class='select-box-arrow select-box-arrow-cursor'])[3]]
[INFO ][09-Nov-2021 11:50:26 am] Selenium_Wrapper.click:(199) - Clicking on :[[ChromeDriver: chrome on WINDOWS (b6df9f93f0ab4d5a579a406d98738902)] -> xpath: //div[@title='Solved']]
[INFO ][09-Nov-2021 11:50:31 am] Selenium_Wrapper.click:(199) - Clicking on :[[ChromeDriver: chrome on WINDOWS (b6df9f93f0ab4d5a579a406d98738902)] -> xpath: (//span[text()='Search'])[3]]
[INFO ][09-Nov-2021 11:50:44 am] Selenium_Wrapper.click:(199) - Clicking on :[[ChromeDriver: chrome on WINDOWS (b6df9f93f0ab4d5a579a406d98738902)] -> xpath: (//div[@class='primary-tab-header']//ul//li)[2]//span//a//i]
