[ERROR][01-Sep-2022 11:40:11 AM] Selenium_Wrapper.openBrowser:(73) - org.openqa.selenium.SessionNotCreatedException: session not created: This version of ChromeDriver only supports Chrome version 95
Current browser version is 104.0.5112.102 with binary path C:\Program Files (x86)\Google\Chrome\Application\chrome.exe
Build info: version: '3.141.59', revision: 'e82be7d358', time: '2018-11-14T08:17:03'
System info: host: 'QA-SWAMYK', ip: '192.168.0.4', os.name: 'Windows 10', os.arch: 'amd64', os.version: '10.0', java.version: '11.0.10'
Driver info: driver.version: ChromeDriver
remote stacktrace: Backtrace:
	Ordinal0 [0x00B03AB3+2505395]
	Ordinal0 [0x00A9AE41+2076225]
	Ordinal0 [0x009A2498+1057944]
	Ordinal0 [0x009C0841+1181761]
	Ordinal0 [0x009BC64B+1164875]
	Ordinal0 [0x009B9EBF+1154751]
	Ordinal0 [0x009EA02F+1351727]
	Ordinal0 [0x009E9C9A+1350810]
	Ordinal0 [0x009E58BB+1333435]
	Ordinal0 [0x009C23E4+1188836]
	Ordinal0 [0x009C323F+1192511]
	GetHandleVerifier [0x00C8CB36+1554566]
	GetHandleVerifier [0x00D34A0C+2242396]
	GetHandleVerifier [0x00B90E0B+523099]
	GetHandleVerifier [0x00B8FEB0+519168]
	Ordinal0 [0x00AA02FD+2097917]
	Ordinal0 [0x00AA4388+2114440]
	Ordinal0 [0x00AA44C2+2114754]
	Ordinal0 [0x00AAE041+2154561]
	BaseThreadInitThunk [0x75BEFA29+25]
	RtlGetAppContainerNamedObjectPath [0x77717A9E+286]
	RtlGetAppContainerNamedObjectPath [0x77717A6E+238]

[ERROR][01-Sep-2022 11:40:11 AM] HomePage.testSignIn:(21) - Login/SignIn un-successfull
