[INFO ][04-Dec-2023 11:49:00 AM] Selenium_Wrapper.openBrowser:(48) - Opening chrome browser.
[INFO ][04-Dec-2023 11:49:08 AM] Selenium_Wrapper.enterURL:(82) - Entering url :https://macu1--tst1.custhelp.com/app/home
[INFO ][04-Dec-2023 11:49:12 AM] Selenium_Wrapper.enterText:(311) - Entering Text :swamyk in WebElement :[[ChromeDriver: chrome on WINDOWS (76140a28b045692a4de8f5db3745c59f)] -> id: rn_LoginForm_2_Username]
[INFO ][04-Dec-2023 11:49:13 AM] Selenium_Wrapper.enterText:(311) - Entering Text :Soft@123 in WebElement :[[ChromeDriver: chrome on WINDOWS (76140a28b045692a4de8f5db3745c59f)] -> id: rn_LoginForm_2_Password]
[INFO ][04-Dec-2023 11:49:21 AM] Selenium_Wrapper.click:(199) - Clicking on :[[ChromeDriver: chrome on WINDOWS (76140a28b045692a4de8f5db3745c59f)] -> id: rn_LoginForm_2_Submit]
[INFO ][04-Dec-2023 11:49:36 AM] Selenium_Wrapper.click:(199) - Clicking on :[[ChromeDriver: chrome on WINDOWS (76140a28b045692a4de8f5db3745c59f)] -> xpath: //div[@class='dropdown']]
[ERROR][04-Dec-2023 11:49:41 AM] Selenium_Wrapper.highlightWebElement:(417) - org.openqa.selenium.NoSuchElementException: no such element: Unable to locate element: {"method":"xpath","selector":"//label[text()='My Top Bookmarks']"}
  (Session info: chrome=119.0.6045.200)
For documentation on this error, please visit: https://www.seleniumhq.org/exceptions/no_such_element.html
Build info: version: '3.141.59', revision: 'e82be7d358', time: '2018-11-14T08:17:03'
System info: host: 'DESKTOP-19CIHS2', ip: '192.168.0.5', os.name: 'Windows 10', os.arch: 'amd64', os.version: '10.0', java.version: '17.0.5'
Driver info: org.openqa.selenium.chrome.ChromeDriver
Capabilities {acceptInsecureCerts: false, browserName: chrome, browserVersion: 119.0.6045.200, chrome: {chromedriverVersion: 119.0.6045.105 (38c72552c5e..., userDataDir: C:\Users\swamyk\AppData\Loc...}, fedcm:accounts: true, goog:chromeOptions: {debuggerAddress: localhost:65351}, javascriptEnabled: true, networkConnectionEnabled: false, pageLoadStrategy: normal, platform: WINDOWS, platformName: WINDOWS, proxy: Proxy(), setWindowRect: true, strictFileInteractability: false, timeouts: {implicit: 0, pageLoad: 300000, script: 30000}, unhandledPromptBehavior: dismiss and notify, webauthn:extension:credBlob: true, webauthn:extension:largeBlob: true, webauthn:extension:minPinLength: true, webauthn:extension:prf: true, webauthn:virtualAuthenticators: true}
Session ID: 76140a28b045692a4de8f5db3745c59f
*** Element info: {Using=xpath, value=//label[text()='My Top Bookmarks']}
[INFO ][04-Dec-2023 11:49:55 AM] Selenium_Wrapper.click:(199) - Clicking on :[[ChromeDriver: chrome on WINDOWS (76140a28b045692a4de8f5db3745c59f)] -> xpath: (//div[@class='dropdown-content']//a)[1]]
[ERROR][04-Dec-2023 11:50:03 AM] QuickNavigation.testAssertBookmarkArticle:(59) - Assert Article from My Top Bookmarks Test is un-successfull
[INFO ][04-Dec-2023 11:50:13 AM] Selenium_Wrapper.click:(199) - Clicking on :[[ChromeDriver: chrome on WINDOWS (76140a28b045692a4de8f5db3745c59f)] -> xpath: //input[@type='search']]
[INFO ][04-Dec-2023 11:50:14 AM] Selenium_Wrapper.enterText:(311) - Entering Text :Business Auto Loan - ALPS 1.0 in WebElement :[[ChromeDriver: chrome on WINDOWS (76140a28b045692a4de8f5db3745c59f)] -> xpath: //input[@type='search']]
[INFO ][04-Dec-2023 11:50:29 AM] Selenium_Wrapper.click:(199) - Clicking on :[[ChromeDriver: chrome on WINDOWS (76140a28b045692a4de8f5db3745c59f)] -> xpath: (//div[@class='yui3-aclist-content']//li//li)[1]]
[INFO ][04-Dec-2023 11:50:36 AM] Selenium_Wrapper.click:(199) - Clicking on :[[ChromeDriver: chrome on WINDOWS (76140a28b045692a4de8f5db3745c59f)] -> xpath: (//div[@class='rn_SearchResultContent']//a)[1]]
[INFO ][04-Dec-2023 11:50:54 AM] Selenium_Wrapper.click:(199) - Clicking on :[[ChromeDriver: chrome on WINDOWS (76140a28b045692a4de8f5db3745c59f)] -> xpath: //a[@class='add_bookmarkButton']//img[@class='bookmark_icon_blank']]
[INFO ][04-Dec-2023 11:51:09 AM] Selenium_Wrapper.click:(199) - Clicking on :[[ChromeDriver: chrome on WINDOWS (76140a28b045692a4de8f5db3745c59f)] -> class name: knowledge]
[INFO ][04-Dec-2023 11:51:23 AM] Selenium_Wrapper.click:(199) - Clicking on :[[ChromeDriver: chrome on WINDOWS (76140a28b045692a4de8f5db3745c59f)] -> xpath: //div[@class='dropdown']]
[INFO ][04-Dec-2023 11:51:34 AM] Selenium_Wrapper.click:(199) - Clicking on :[[ChromeDriver: chrome on WINDOWS (76140a28b045692a4de8f5db3745c59f)] -> xpath: //a[text()='SEE MORE']]
[INFO ][04-Dec-2023 11:51:51 AM] Selenium_Wrapper.click:(199) - Clicking on :[[ChromeDriver: chrome on WINDOWS (76140a28b045692a4de8f5db3745c59f)] -> class name: knowledge]
[INFO ][04-Dec-2023 11:51:59 AM] Selenium_Wrapper.click:(199) - Clicking on :[[ChromeDriver: chrome on WINDOWS (76140a28b045692a4de8f5db3745c59f)] -> xpath: //div[@class='dropdown']]
[INFO ][04-Dec-2023 11:52:14 AM] Selenium_Wrapper.click:(199) - Clicking on :[[ChromeDriver: chrome on WINDOWS (76140a28b045692a4de8f5db3745c59f)] -> xpath: //div[@class='dropdown-content']//a[normalize-space()='My Bookmarks']]
[INFO ][04-Dec-2023 11:52:30 AM] Selenium_Wrapper.click:(199) - Clicking on :[[ChromeDriver: chrome on WINDOWS (76140a28b045692a4de8f5db3745c59f)] -> xpath: //select[@class='BookmarkFilter']]
[INFO ][04-Dec-2023 11:52:41 AM] Selenium_Wrapper.click:(199) - Clicking on :[[ChromeDriver: chrome on WINDOWS (76140a28b045692a4de8f5db3745c59f)] -> xpath: //select[@class='BookmarkFilter']//option[text()='Alphabetical A-Z']]
[INFO ][04-Dec-2023 11:52:58 AM] Selenium_Wrapper.click:(199) - Clicking on :[[ChromeDriver: chrome on WINDOWS (76140a28b045692a4de8f5db3745c59f)] -> class name: knowledge]
[INFO ][04-Dec-2023 11:53:05 AM] Selenium_Wrapper.click:(199) - Clicking on :[[ChromeDriver: chrome on WINDOWS (76140a28b045692a4de8f5db3745c59f)] -> xpath: //div[@class='dropdown']]
[INFO ][04-Dec-2023 11:53:13 AM] Selenium_Wrapper.click:(199) - Clicking on :[[ChromeDriver: chrome on WINDOWS (76140a28b045692a4de8f5db3745c59f)] -> xpath: //div[@class='dropdown-content']//a[normalize-space()='My Notifications']]
[INFO ][04-Dec-2023 11:53:22 AM] Selenium_Wrapper.click:(199) - Clicking on :[[ChromeDriver: chrome on WINDOWS (76140a28b045692a4de8f5db3745c59f)] -> xpath: //a[text()='browse all PAGES']]
[INFO ][04-Dec-2023 11:53:38 AM] Selenium_Wrapper.click:(199) - Clicking on :[[ChromeDriver: chrome on WINDOWS (76140a28b045692a4de8f5db3745c59f)] -> xpath: //a[text()='VIEW A-Z INDEX']]
[INFO ][04-Dec-2023 11:53:56 AM] Selenium_Wrapper.click:(199) - Clicking on :[[ChromeDriver: chrome on WINDOWS (76140a28b045692a4de8f5db3745c59f)] -> class name: knowledge]
[INFO ][04-Dec-2023 11:54:00 AM] Selenium_Wrapper.closeCurrentBrowser:(651) - Closing the current Browser
