[INFO ][02-Jul-2024 11:45:41 AM] Selenium_Wrapper.openBrowser:(54) - Opening chrome browser.
[INFO ][02-Jul-2024 11:45:50 AM] Selenium_Wrapper.enterURL:(88) - Entering url :https://macu1--tst1.custhelp.com/app/home
[INFO ][02-Jul-2024 11:45:54 AM] Selenium_Wrapper.enterText:(317) - Entering Text :swamyk in WebElement :[[ChromeDriver: chrome on WINDOWS (63f701bd6c3e3c4f54418d06df2a6ff3)] -> id: rn_LoginForm_2_Username]
[INFO ][02-Jul-2024 11:45:56 AM] Selenium_Wrapper.enterText:(317) - Entering Text :Soft@123 in WebElement :[[ChromeDriver: chrome on WINDOWS (63f701bd6c3e3c4f54418d06df2a6ff3)] -> id: rn_LoginForm_2_Password]
[INFO ][02-Jul-2024 11:46:00 AM] Selenium_Wrapper.click:(205) - Clicking on :[[ChromeDriver: chrome on WINDOWS (63f701bd6c3e3c4f54418d06df2a6ff3)] -> id: rn_LoginForm_2_Submit]
[INFO ][02-Jul-2024 11:46:06 AM] Selenium_Wrapper.click:(205) - Clicking on :[[ChromeDriver: chrome on WINDOWS (63f701bd6c3e3c4f54418d06df2a6ff3)] -> xpath: //input[@type='search']]
[INFO ][02-Jul-2024 11:46:08 AM] Selenium_Wrapper.enterText:(317) - Entering Text :Badge Protocol in WebElement :[[ChromeDriver: chrome on WINDOWS (63f701bd6c3e3c4f54418d06df2a6ff3)] -> xpath: //input[@type='search']]
[INFO ][02-Jul-2024 11:46:10 AM] Selenium_Wrapper.click:(205) - Clicking on :[[ChromeDriver: chrome on WINDOWS (63f701bd6c3e3c4f54418d06df2a6ff3)] -> xpath: //input[@type='search']]
[INFO ][02-Jul-2024 11:46:15 AM] Selenium_Wrapper.click:(205) - Clicking on :[[ChromeDriver: chrome on WINDOWS (63f701bd6c3e3c4f54418d06df2a6ff3)] -> xpath: (//div[@class='yui3-aclist-content']//li//li)[1]]
[INFO ][02-Jul-2024 11:46:19 AM] Selenium_Wrapper.click:(205) - Clicking on :[[ChromeDriver: chrome on WINDOWS (63f701bd6c3e3c4f54418d06df2a6ff3)] -> xpath: (//div[@class='rn_SearchResultContent']//a)[1]]
[INFO ][02-Jul-2024 11:46:43 AM] Selenium_Wrapper.click:(205) - Clicking on :[[ChromeDriver: chrome on WINDOWS (63f701bd6c3e3c4f54418d06df2a6ff3)] -> xpath: //div[@class='main_image_div']//div[@class='thumbs_up_down'][2]]
[INFO ][02-Jul-2024 11:46:51 AM] Selenium_Wrapper.click:(205) - Clicking on :[[ChromeDriver: chrome on WINDOWS (63f701bd6c3e3c4f54418d06df2a6ff3)] -> xpath: //textarea[@class='rn_DocumentTextArea']]
[INFO ][02-Jul-2024 11:46:52 AM] Selenium_Wrapper.enterText:(317) - Entering Text :Flexible Work - ThumbDown Comments in WebElement :[[ChromeDriver: chrome on WINDOWS (63f701bd6c3e3c4f54418d06df2a6ff3)] -> xpath: //textarea[@class='rn_DocumentTextArea']]
[INFO ][02-Jul-2024 11:46:55 AM] Selenium_Wrapper.click:(205) - Clicking on :[[ChromeDriver: chrome on WINDOWS (63f701bd6c3e3c4f54418d06df2a6ff3)] -> xpath: //button[text()='SUBMIT']]
[INFO ][02-Jul-2024 11:46:57 AM] Selenium_Wrapper.click:(205) - Clicking on :[[ChromeDriver: chrome on WINDOWS (63f701bd6c3e3c4f54418d06df2a6ff3)] -> xpath: //button[@class='yui3-button yui3-button-close']]
[INFO ][02-Jul-2024 11:47:01 AM] Selenium_Wrapper.click:(205) - Clicking on :[[ChromeDriver: chrome on WINDOWS (63f701bd6c3e3c4f54418d06df2a6ff3)] -> xpath: //div[@class='dropdown']]
[INFO ][02-Jul-2024 11:47:07 AM] Selenium_Wrapper.click:(205) - Clicking on :[[ChromeDriver: chrome on WINDOWS (63f701bd6c3e3c4f54418d06df2a6ff3)] -> xpath: //a[text()='My Feedback']]
[INFO ][02-Jul-2024 11:47:33 AM] Selenium_Wrapper.click:(205) - Clicking on :[[ChromeDriver: chrome on WINDOWS (63f701bd6c3e3c4f54418d06df2a6ff3)] -> xpath: ((//table//tbody)[2]//a)[1]]
[INFO ][02-Jul-2024 11:48:04 AM] Selenium_Wrapper.click:(205) - Clicking on :[[ChromeDriver: chrome on WINDOWS (63f701bd6c3e3c4f54418d06df2a6ff3)] -> class name: knowledge]
[INFO ][02-Jul-2024 11:48:06 AM] Selenium_Wrapper.closeCurrentBrowser:(657) - Closing the current Browser
[INFO ][02-Jul-2024 11:48:11 AM] Selenium_Wrapper.openBrowser:(54) - Opening chrome browser.
[INFO ][02-Jul-2024 11:48:21 AM] Selenium_Wrapper.enterURL:(88) - Entering url :https://macu1--tst1.custhelp.com/AgentWeb/
[INFO ][02-Jul-2024 11:48:25 AM] Selenium_Wrapper.enterText:(317) - Entering Text :automation_testing in WebElement :[[ChromeDriver: chrome on WINDOWS (784fc90beaa6820ccee067ec19949829)] -> id: username]
[INFO ][02-Jul-2024 11:48:27 AM] Selenium_Wrapper.enterText:(317) - Entering Text :Welcome123 in WebElement :[[ChromeDriver: chrome on WINDOWS (784fc90beaa6820ccee067ec19949829)] -> id: password]
[INFO ][02-Jul-2024 11:48:46 AM] Selenium_Wrapper.click:(205) - Clicking on :[[ChromeDriver: chrome on WINDOWS (784fc90beaa6820ccee067ec19949829)] -> id: loginbutton]
[INFO ][02-Jul-2024 11:49:38 AM] Selenium_Wrapper.click:(205) - Clicking on :[[ChromeDriver: chrome on WINDOWS (784fc90beaa6820ccee067ec19949829)] -> id: navigationSetBtn]
[INFO ][02-Jul-2024 11:49:42 AM] Selenium_Wrapper.click:(205) - Clicking on :[[ChromeDriver: chrome on WINDOWS (784fc90beaa6820ccee067ec19949829)] -> xpath: //div[text()='Analytics']]
[INFO ][02-Jul-2024 11:49:45 AM] Selenium_Wrapper.click:(205) - Clicking on :[[ChromeDriver: chrome on WINDOWS (784fc90beaa6820ccee067ec19949829)] -> xpath: //span[text()='Reports Explorer']]
[INFO ][02-Jul-2024 11:49:49 AM] Selenium_Wrapper.click:(205) - Clicking on :[[ChromeDriver: chrome on WINDOWS (784fc90beaa6820ccee067ec19949829)] -> xpath: //div[text()='Public Reports']]
[INFO ][02-Jul-2024 11:49:51 AM] Selenium_Wrapper.click:(205) - Clicking on :[[ChromeDriver: chrome on WINDOWS (784fc90beaa6820ccee067ec19949829)] -> xpath: //div[text()='MACU CUSTOM REPORTS']]
[INFO ][02-Jul-2024 11:49:54 AM] Selenium_Wrapper.click:(205) - Clicking on :[[ChromeDriver: chrome on WINDOWS (784fc90beaa6820ccee067ec19949829)] -> xpath: //div[text()='SoftClouds']]
[INFO ][02-Jul-2024 11:49:56 AM] Selenium_Wrapper.click:(205) - Clicking on :[[ChromeDriver: chrome on WINDOWS (784fc90beaa6820ccee067ec19949829)] -> xpath: //div[text()='OKCS']]
[INFO ][02-Jul-2024 11:49:58 AM] Selenium_Wrapper.click:(205) - Clicking on :[[ChromeDriver: chrome on WINDOWS (784fc90beaa6820ccee067ec19949829)] -> xpath: //div[text()='Archived Reports']]
[INFO ][02-Jul-2024 11:50:11 AM] Selenium_Wrapper.doubleClick:(286) - Double clicking on :[[ChromeDriver: chrome on WINDOWS (784fc90beaa6820ccee067ec19949829)] -> xpath: //div[@class='explorer-right-panel']//div[@class='explorer-data-grid']//span[text()='Feedback Admin Report (old)']]
[INFO ][02-Jul-2024 11:50:24 AM] Selenium_Wrapper.click:(205) - Clicking on :[[ChromeDriver: chrome on WINDOWS (784fc90beaa6820ccee067ec19949829)] -> xpath: //div[@class='container wsx-flex']//div[@class='analyticsTopSection']//div[@class='select-box-root select-box-display-text-active']]
[INFO ][02-Jul-2024 11:50:27 AM] Selenium_Wrapper.click:(205) - Clicking on :[[ChromeDriver: chrome on WINDOWS (784fc90beaa6820ccee067ec19949829)] -> xpath: (//span[text()='Search'])[2]]
[INFO ][02-Jul-2024 11:50:36 AM] Selenium_Wrapper.doubleClick:(286) - Double clicking on :[[ChromeDriver: chrome on WINDOWS (784fc90beaa6820ccee067ec19949829)] -> xpath: //div[@class='container wsx-flex']//div[contains(@column-id,'2')][1]]
[INFO ][02-Jul-2024 11:50:47 AM] Selenium_Wrapper.click:(205) - Clicking on :[[ChromeDriver: chrome on WINDOWS (784fc90beaa6820ccee067ec19949829)] -> xpath: //span[text()='Messages']]
[INFO ][02-Jul-2024 11:50:49 AM] Selenium_Wrapper.click:(205) - Clicking on :[[ChromeDriver: chrome on WINDOWS (784fc90beaa6820ccee067ec19949829)] -> xpath: //div[contains(@class,'cke_wysiwyg_div ')]]
[INFO ][02-Jul-2024 11:50:51 AM] Selenium_Wrapper.enterText:(317) - Entering Text :It is working as per Expected in WebElement :[[ChromeDriver: chrome on WINDOWS (784fc90beaa6820ccee067ec19949829)] -> xpath: //div[contains(@class,'cke_wysiwyg_div ')]]
[INFO ][02-Jul-2024 11:50:53 AM] Selenium_Wrapper.click:(205) - Clicking on :[[ChromeDriver: chrome on WINDOWS (784fc90beaa6820ccee067ec19949829)] -> xpath: //div[@class='ws-toolbar-button-image bui-icon save-icon fa-lg']]
[INFO ][02-Jul-2024 11:50:55 AM] Selenium_Wrapper.click:(205) - Clicking on :[[ChromeDriver: chrome on WINDOWS (784fc90beaa6820ccee067ec19949829)] -> xpath: //span[text()='Summary']]
[INFO ][02-Jul-2024 11:51:03 AM] Selenium_Wrapper.clickUsingActions:(255) - Clicking on :[[ChromeDriver: chrome on WINDOWS (784fc90beaa6820ccee067ec19949829)] -> xpath: (//div[text()='Waiting'])[2]]
[INFO ][02-Jul-2024 11:51:07 AM] Selenium_Wrapper.click:(205) - Clicking on :[[ChromeDriver: chrome on WINDOWS (784fc90beaa6820ccee067ec19949829)] -> xpath: (//div[@title='Solved'])[1]]
[INFO ][02-Jul-2024 11:51:12 AM] Selenium_Wrapper.click:(205) - Clicking on :[[ChromeDriver: chrome on WINDOWS (784fc90beaa6820ccee067ec19949829)] -> xpath: //div[@class='ws-toolbar-button-image bui-icon save-icon fa-lg']]
[INFO ][02-Jul-2024 11:51:18 AM] Selenium_Wrapper.click:(205) - Clicking on :[[ChromeDriver: chrome on WINDOWS (784fc90beaa6820ccee067ec19949829)] -> xpath: (//a[@class='closeButton'])[3]]
[INFO ][02-Jul-2024 11:51:22 AM] Selenium_Wrapper.click:(205) - Clicking on :[[ChromeDriver: chrome on WINDOWS (784fc90beaa6820ccee067ec19949829)] -> xpath: (//a[@class='closeButton'])[2]]
[INFO ][02-Jul-2024 11:51:26 AM] Selenium_Wrapper.click:(205) - Clicking on :[[ChromeDriver: chrome on WINDOWS (784fc90beaa6820ccee067ec19949829)] -> xpath: (//a[@class='closeButton'])[1]]
[INFO ][02-Jul-2024 11:51:32 AM] Selenium_Wrapper.click:(205) - Clicking on :[[ChromeDriver: chrome on WINDOWS (784fc90beaa6820ccee067ec19949829)] -> xpath: //body//oj-avatar[@initials='[[userMenuLabel]]']]
[INFO ][02-Jul-2024 11:51:36 AM] Selenium_Wrapper.click:(205) - Clicking on :[[ChromeDriver: chrome on WINDOWS (784fc90beaa6820ccee067ec19949829)] -> xpath: //a//span[text()='Sign Out']]
[INFO ][02-Jul-2024 11:51:41 AM] Selenium_Wrapper.closeCurrentBrowser:(657) - Closing the current Browser
