[INFO ][08-Aug-2024 11:49:36 AM] Selenium_Wrapper.openBrowser:(54) - Opening chrome browser.
[INFO ][08-Aug-2024 11:49:43 AM] Selenium_Wrapper.enterURL:(88) - Entering url :https://macu1--tst1.custhelp.com/app/home
[INFO ][08-Aug-2024 11:49:48 AM] Selenium_Wrapper.enterText:(317) - Entering Text :swamyk in WebElement :[[ChromeDriver: chrome on WINDOWS (d0dc33663da5b0431ee4b8fe1dc3908a)] -> id: rn_LoginForm_2_Username]
[INFO ][08-Aug-2024 11:49:49 AM] Selenium_Wrapper.enterText:(317) - Entering Text :Soft@123 in WebElement :[[ChromeDriver: chrome on WINDOWS (d0dc33663da5b0431ee4b8fe1dc3908a)] -> id: rn_LoginForm_2_Password]
[INFO ][08-Aug-2024 11:49:53 AM] Selenium_Wrapper.click:(205) - Clicking on :[[ChromeDriver: chrome on WINDOWS (d0dc33663da5b0431ee4b8fe1dc3908a)] -> id: rn_LoginForm_2_Submit]
[INFO ][08-Aug-2024 11:50:02 AM] Selenium_Wrapper.click:(205) - Clicking on :[[ChromeDriver: chrome on WINDOWS (d0dc33663da5b0431ee4b8fe1dc3908a)] -> xpath: //input[@type='search']]
[INFO ][08-Aug-2024 11:50:03 AM] Selenium_Wrapper.enterText:(317) - Entering Text :Business Use Auto Loan in WebElement :[[ChromeDriver: chrome on WINDOWS (d0dc33663da5b0431ee4b8fe1dc3908a)] -> xpath: //input[@type='search']]
[INFO ][08-Aug-2024 11:50:15 AM] Selenium_Wrapper.click:(205) - Clicking on :[[ChromeDriver: chrome on WINDOWS (d0dc33663da5b0431ee4b8fe1dc3908a)] -> xpath: //ul[@aria-label='Suggested Search']//li[normalize-space()='Business Use Auto Loan']]
[INFO ][08-Aug-2024 11:50:19 AM] Selenium_Wrapper.click:(205) - Clicking on :[[ChromeDriver: chrome on WINDOWS (d0dc33663da5b0431ee4b8fe1dc3908a)] -> xpath: //div[@class='rn_SearchResultContent']//a[text()='Business Use Auto Loan']]
[INFO ][08-Aug-2024 11:50:39 AM] Selenium_Wrapper.click:(205) - Clicking on :[[ChromeDriver: chrome on WINDOWS (d0dc33663da5b0431ee4b8fe1dc3908a)] -> id: relatedPages_headingOne]
[INFO ][08-Aug-2024 11:50:42 AM] Selenium_Wrapper.click:(205) - Clicking on :[[ChromeDriver: chrome on WINDOWS (d0dc33663da5b0431ee4b8fe1dc3908a)] -> id: relatedPages_headingOne]
[INFO ][08-Aug-2024 11:50:51 AM] Selenium_Wrapper.click:(205) - Clicking on :[[ChromeDriver: chrome on WINDOWS (d0dc33663da5b0431ee4b8fe1dc3908a)] -> id: rn_SearchHome_17_SearchInput]
[INFO ][08-Aug-2024 11:50:52 AM] Selenium_Wrapper.enterText:(317) - Entering Text :Business Use Auto Loan in WebElement :[[ChromeDriver: chrome on WINDOWS (d0dc33663da5b0431ee4b8fe1dc3908a)] -> id: rn_SearchHome_17_SearchInput]
[INFO ][08-Aug-2024 11:51:00 AM] Selenium_Wrapper.click:(205) - Clicking on :[[ChromeDriver: chrome on WINDOWS (d0dc33663da5b0431ee4b8fe1dc3908a)] -> xpath: //ul[@aria-label='Suggested Search']//li[@class='rn_SuggestionItem'][normalize-space()='Business Use Auto Loan']]
[INFO ][08-Aug-2024 11:51:05 AM] Selenium_Wrapper.click:(205) - Clicking on :[[ChromeDriver: chrome on WINDOWS (d0dc33663da5b0431ee4b8fe1dc3908a)] -> xpath: //div[@class='rn_SearchResultContent']//a[text()='Business Use Auto Loan']]
[INFO ][08-Aug-2024 11:51:23 AM] Selenium_Wrapper.click:(205) - Clicking on :[[ChromeDriver: chrome on WINDOWS (d0dc33663da5b0431ee4b8fe1dc3908a)] -> xpath: //button[@class='rn_RecommendContentButton p-0']]
[INFO ][08-Aug-2024 11:51:25 AM] Selenium_Wrapper.enterText:(317) - Entering Text :Test Improve, comments, updates in WebElement :[[ChromeDriver: chrome on WINDOWS (d0dc33663da5b0431ee4b8fe1dc3908a)] -> id: rn_RequestUpdate_25_Description]
[INFO ][08-Aug-2024 11:51:27 AM] Selenium_Wrapper.click:(205) - Clicking on :[[ChromeDriver: chrome on WINDOWS (d0dc33663da5b0431ee4b8fe1dc3908a)] -> xpath: //button[text()='Submit']]
[INFO ][08-Aug-2024 11:51:37 AM] Selenium_Wrapper.click:(205) - Clicking on :[[ChromeDriver: chrome on WINDOWS (d0dc33663da5b0431ee4b8fe1dc3908a)] -> xpath: //div[@id='rnDialog2']//button[@type='button']]
[INFO ][08-Aug-2024 11:51:47 AM] Selenium_Wrapper.click:(205) - Clicking on :[[ChromeDriver: chrome on WINDOWS (d0dc33663da5b0431ee4b8fe1dc3908a)] -> class name: knowledge]
[INFO ][08-Aug-2024 11:51:51 AM] Selenium_Wrapper.click:(205) - Clicking on :[[ChromeDriver: chrome on WINDOWS (d0dc33663da5b0431ee4b8fe1dc3908a)] -> xpath: //div[@class='dropdown']]
[INFO ][08-Aug-2024 11:51:56 AM] Selenium_Wrapper.click:(205) - Clicking on :[[ChromeDriver: chrome on WINDOWS (d0dc33663da5b0431ee4b8fe1dc3908a)] -> xpath: //a[text()='My Feedback']]
[INFO ][08-Aug-2024 11:51:58 AM] Selenium_Wrapper.enterText:(317) - Entering Text :Business Use Auto Loan in WebElement :[[ChromeDriver: chrome on WINDOWS (d0dc33663da5b0431ee4b8fe1dc3908a)] -> xpath: //input[@placeholder='Search Your Feedback Report']]
[INFO ][08-Aug-2024 11:52:09 AM] Selenium_Wrapper.click:(205) - Clicking on :[[ChromeDriver: chrome on WINDOWS (d0dc33663da5b0431ee4b8fe1dc3908a)] -> xpath: //div[@class='rn_SearchInput1 mt-3']//span[@class='btn-srch-icon']//i[@class='fa fa-search']]
[INFO ][08-Aug-2024 11:52:34 AM] Selenium_Wrapper.click:(205) - Clicking on :[[ChromeDriver: chrome on WINDOWS (d0dc33663da5b0431ee4b8fe1dc3908a)] -> xpath: //tr[@class='yui3-datatable-even']//td[@headers='Grid_6_c1']/a]
[INFO ][08-Aug-2024 11:53:06 AM] Selenium_Wrapper.click:(205) - Clicking on :[[ChromeDriver: chrome on WINDOWS (d0dc33663da5b0431ee4b8fe1dc3908a)] -> class name: knowledge]
[INFO ][08-Aug-2024 11:53:10 AM] Selenium_Wrapper.closeCurrentBrowser:(657) - Closing the current Browser
