[INFO ][28-Jul-2023 11:40:55 am] Selenium_Wrapper.openBrowser:(48) - Opening chrome browser.
[INFO ][28-Jul-2023 11:41:02 am] Selenium_Wrapper.enterURL:(82) - Entering url :https://macu1--tst1.custhelp.com/app/home
[INFO ][28-Jul-2023 11:41:06 am] Selenium_Wrapper.enterText:(311) - Entering Text :swamyk in WebElement :[[ChromeDriver: chrome on WINDOWS (ba2b5edcef50dfb4221f04b407c78a7f)] -> id: rn_LoginForm_2_Username]
[INFO ][28-Jul-2023 11:41:07 am] Selenium_Wrapper.enterText:(311) - Entering Text :Soft@123 in WebElement :[[ChromeDriver: chrome on WINDOWS (ba2b5edcef50dfb4221f04b407c78a7f)] -> id: rn_LoginForm_2_Password]
[INFO ][28-Jul-2023 11:41:14 am] Selenium_Wrapper.click:(199) - Clicking on :[[ChromeDriver: chrome on WINDOWS (ba2b5edcef50dfb4221f04b407c78a7f)] -> id: rn_LoginForm_2_Submit]
[INFO ][28-Jul-2023 11:41:24 am] Selenium_Wrapper.click:(199) - Clicking on :[[ChromeDriver: chrome on WINDOWS (ba2b5edcef50dfb4221f04b407c78a7f)] -> xpath: //input[@type='search']]
[INFO ][28-Jul-2023 11:41:25 am] Selenium_Wrapper.enterText:(311) - Entering Text :Business Auto Loan in WebElement :[[ChromeDriver: chrome on WINDOWS (ba2b5edcef50dfb4221f04b407c78a7f)] -> xpath: //input[@type='search']]
[INFO ][28-Jul-2023 11:41:42 am] Selenium_Wrapper.click:(199) - Clicking on :[[ChromeDriver: chrome on WINDOWS (ba2b5edcef50dfb4221f04b407c78a7f)] -> xpath: (//div[@class='yui3-aclist-content']//li//li)[1]]
[INFO ][28-Jul-2023 11:41:49 am] Selenium_Wrapper.click:(199) - Clicking on :[[ChromeDriver: chrome on WINDOWS (ba2b5edcef50dfb4221f04b407c78a7f)] -> xpath: (//div[@class='rn_SearchResultContent']//a)[1]]
[INFO ][28-Jul-2023 11:42:13 am] Selenium_Wrapper.click:(199) - Clicking on :[[ChromeDriver: chrome on WINDOWS (ba2b5edcef50dfb4221f04b407c78a7f)] -> xpath: //button[@class='rn_RecommendContentButton p-0']]
[INFO ][28-Jul-2023 11:42:14 am] Selenium_Wrapper.enterText:(311) - Entering Text :Test Improve, comments, updates in WebElement :[[ChromeDriver: chrome on WINDOWS (ba2b5edcef50dfb4221f04b407c78a7f)] -> id: rn_RequestUpdate_25_Description]
[INFO ][28-Jul-2023 11:42:20 am] Selenium_Wrapper.click:(199) - Clicking on :[[ChromeDriver: chrome on WINDOWS (ba2b5edcef50dfb4221f04b407c78a7f)] -> xpath: //button[text()='Submit']]
[INFO ][28-Jul-2023 11:42:33 am] Selenium_Wrapper.click:(199) - Clicking on :[[ChromeDriver: chrome on WINDOWS (ba2b5edcef50dfb4221f04b407c78a7f)] -> xpath: //div[@id='rnDialog2']//button[@type='button']]
[INFO ][28-Jul-2023 11:42:49 am] Selenium_Wrapper.click:(199) - Clicking on :[[ChromeDriver: chrome on WINDOWS (ba2b5edcef50dfb4221f04b407c78a7f)] -> class name: knowledge]
[INFO ][28-Jul-2023 11:42:56 am] Selenium_Wrapper.click:(199) - Clicking on :[[ChromeDriver: chrome on WINDOWS (ba2b5edcef50dfb4221f04b407c78a7f)] -> xpath: //div[@class='dropdown']]
[INFO ][28-Jul-2023 11:43:06 am] Selenium_Wrapper.click:(199) - Clicking on :[[ChromeDriver: chrome on WINDOWS (ba2b5edcef50dfb4221f04b407c78a7f)] -> xpath: //a[text()='My Feedback']]
[INFO ][28-Jul-2023 11:43:07 am] Selenium_Wrapper.enterText:(311) - Entering Text :Business Auto Loan in WebElement :[[ChromeDriver: chrome on WINDOWS (ba2b5edcef50dfb4221f04b407c78a7f)] -> xpath: //input[@placeholder='Search Your Feedback Report']]
[INFO ][28-Jul-2023 11:43:21 am] Selenium_Wrapper.click:(199) - Clicking on :[[ChromeDriver: chrome on WINDOWS (ba2b5edcef50dfb4221f04b407c78a7f)] -> xpath: //div[@class='rn_SearchInput1 mt-3']//span[@class='btn-srch-icon']//i[@class='fa fa-search']]
[ERROR][28-Jul-2023 11:43:35 am] Selenium_Wrapper.highlightWebElement:(417) - org.openqa.selenium.NoSuchElementException: no such element: Unable to locate element: {"method":"xpath","selector":"//div[contains(@id,'Incident_Status')][@class='display-text']"}
  (Session info: chrome=115.0.5790.110)
For documentation on this error, please visit: https://www.seleniumhq.org/exceptions/no_such_element.html
Build info: version: '3.141.59', revision: 'e82be7d358', time: '2018-11-14T08:17:03'
System info: host: 'CAF-QA-SWAMYK', ip: '192.168.0.6', os.name: 'Windows 10', os.arch: 'amd64', os.version: '10.0', java.version: '17.0.5'
Driver info: org.openqa.selenium.chrome.ChromeDriver
Capabilities {acceptInsecureCerts: false, browserName: chrome, browserVersion: 115.0.5790.110, chrome: {chromedriverVersion: 114.0.5735.90 (386bc09e8f4f..., userDataDir: C:\Users\swamyk\AppData\Loc...}, goog:chromeOptions: {debuggerAddress: localhost:63518}, javascriptEnabled: true, networkConnectionEnabled: false, pageLoadStrategy: normal, platform: WINDOWS, platformName: WINDOWS, proxy: Proxy(), setWindowRect: true, strictFileInteractability: false, timeouts: {implicit: 0, pageLoad: 300000, script: 30000}, unhandledPromptBehavior: dismiss and notify, webauthn:extension:credBlob: true, webauthn:extension:largeBlob: true, webauthn:extension:minPinLength: true, webauthn:extension:prf: true, webauthn:virtualAuthenticators: true}
Session ID: ba2b5edcef50dfb4221f04b407c78a7f
*** Element info: {Using=xpath, value=//div[contains(@id,'Incident_Status')][@class='display-text']}
[INFO ][28-Jul-2023 11:43:47 am] Selenium_Wrapper.click:(199) - Clicking on :[[ChromeDriver: chrome on WINDOWS (ba2b5edcef50dfb4221f04b407c78a7f)] -> xpath: (//tbody[@class='yui3-datatable-data']//a)[1]]
[INFO ][28-Jul-2023 11:44:23 am] Selenium_Wrapper.click:(199) - Clicking on :[[ChromeDriver: chrome on WINDOWS (ba2b5edcef50dfb4221f04b407c78a7f)] -> class name: knowledge]
[INFO ][28-Jul-2023 11:44:28 am] Selenium_Wrapper.closeCurrentBrowser:(651) - Closing the current Browser
[INFO ][28-Jul-2023 11:44:29 am] Selenium_Wrapper.openBrowser:(48) - Opening chrome browser.
[INFO ][28-Jul-2023 11:44:37 am] Selenium_Wrapper.enterURL:(82) - Entering url :https://macu1--tst1.custhelp.com/AgentWeb/
[INFO ][28-Jul-2023 11:44:41 am] Selenium_Wrapper.enterText:(311) - Entering Text :automation_testing in WebElement :[[ChromeDriver: chrome on WINDOWS (66efc05730d2627f03fd48c80c8d1c4b)] -> id: username]
[INFO ][28-Jul-2023 11:44:42 am] Selenium_Wrapper.enterText:(311) - Entering Text :Welcome123 in WebElement :[[ChromeDriver: chrome on WINDOWS (66efc05730d2627f03fd48c80c8d1c4b)] -> id: password]
[INFO ][28-Jul-2023 11:45:08 am] Selenium_Wrapper.click:(199) - Clicking on :[[ChromeDriver: chrome on WINDOWS (66efc05730d2627f03fd48c80c8d1c4b)] -> id: loginbutton]
[INFO ][28-Jul-2023 11:45:28 am] Selenium_Wrapper.click:(199) - Clicking on :[[ChromeDriver: chrome on WINDOWS (66efc05730d2627f03fd48c80c8d1c4b)] -> id: navigationSetBtn]
[INFO ][28-Jul-2023 11:45:33 am] Selenium_Wrapper.click:(199) - Clicking on :[[ChromeDriver: chrome on WINDOWS (66efc05730d2627f03fd48c80c8d1c4b)] -> xpath: (//div[text()='Analytics']//a)]
[INFO ][28-Jul-2023 11:45:38 am] Selenium_Wrapper.click:(199) - Clicking on :[[ChromeDriver: chrome on WINDOWS (66efc05730d2627f03fd48c80c8d1c4b)] -> xpath: //span[text()='Reports Explorer']]
[INFO ][28-Jul-2023 11:45:44 am] Selenium_Wrapper.click:(199) - Clicking on :[[ChromeDriver: chrome on WINDOWS (66efc05730d2627f03fd48c80c8d1c4b)] -> xpath: //div[text()='Public Reports']]
[INFO ][28-Jul-2023 11:45:50 am] Selenium_Wrapper.click:(199) - Clicking on :[[ChromeDriver: chrome on WINDOWS (66efc05730d2627f03fd48c80c8d1c4b)] -> xpath: //div[text()='MACU CUSTOM REPORTS']]
[INFO ][28-Jul-2023 11:45:55 am] Selenium_Wrapper.click:(199) - Clicking on :[[ChromeDriver: chrome on WINDOWS (66efc05730d2627f03fd48c80c8d1c4b)] -> xpath: //div[text()='SoftClouds']]
[INFO ][28-Jul-2023 11:46:00 am] Selenium_Wrapper.click:(199) - Clicking on :[[ChromeDriver: chrome on WINDOWS (66efc05730d2627f03fd48c80c8d1c4b)] -> xpath: //div[text()='OKCS']]
[INFO ][28-Jul-2023 11:46:17 am] Selenium_Wrapper.click:(199) - Clicking on :[[ChromeDriver: chrome on WINDOWS (66efc05730d2627f03fd48c80c8d1c4b)] -> xpath: (//div[@class='select-box-arrow select-box-arrow-cursor'])[3]]
[INFO ][28-Jul-2023 11:46:22 am] Selenium_Wrapper.click:(199) - Clicking on :[[ChromeDriver: chrome on WINDOWS (66efc05730d2627f03fd48c80c8d1c4b)] -> xpath: //div[@title='Unresolved']]
[INFO ][28-Jul-2023 11:46:31 am] Selenium_Wrapper.click:(199) - Clicking on :[[ChromeDriver: chrome on WINDOWS (66efc05730d2627f03fd48c80c8d1c4b)] -> xpath: (//span[text()='Search'])[2]]
[INFO ][28-Jul-2023 11:46:47 am] Selenium_Wrapper.click:(199) - Clicking on :[[ChromeDriver: chrome on WINDOWS (66efc05730d2627f03fd48c80c8d1c4b)] -> xpath: //span[text()='Messages']]
[INFO ][28-Jul-2023 11:46:53 am] Selenium_Wrapper.click:(199) - Clicking on :[[ChromeDriver: chrome on WINDOWS (66efc05730d2627f03fd48c80c8d1c4b)] -> xpath: //div[contains(@class,'cke_wysiwyg_div')]]
[INFO ][28-Jul-2023 11:46:54 am] Selenium_Wrapper.enterText:(311) - Entering Text :It is working as per Expected in WebElement :[[ChromeDriver: chrome on WINDOWS (66efc05730d2627f03fd48c80c8d1c4b)] -> xpath: //div[contains(@class,'cke_wysiwyg_div')]]
[ERROR][28-Jul-2023 11:46:59 am] FeedbackAdmin2.testSelectingandGivingAsnwerstoReportFlow:(233) - Selecting and Giving Asnwers to Report- un-successfull
[INFO ][28-Jul-2023 11:47:06 am] Selenium_Wrapper.click:(199) - Clicking on :[[ChromeDriver: chrome on WINDOWS (66efc05730d2627f03fd48c80c8d1c4b)] -> xpath: //body//oj-avatar[@initials='[[userMenuLabel]]']]
[INFO ][28-Jul-2023 11:47:14 am] Selenium_Wrapper.click:(199) - Clicking on :[[ChromeDriver: chrome on WINDOWS (66efc05730d2627f03fd48c80c8d1c4b)] -> xpath: //a//span[text()='Sign Out']]
[ERROR][28-Jul-2023 11:47:24 am] FeedbackAdmin2.testSignout:(252) - Logout/SignOut un-successfull
