[INFO ][08-Aug-2024 11:43:16 AM] Selenium_Wrapper.openBrowser:(54) - Opening chrome browser.
[INFO ][08-Aug-2024 11:43:21 AM] Selenium_Wrapper.enterURL:(88) - Entering url :https://macu1--tst1.custhelp.com/app/home
[INFO ][08-Aug-2024 11:43:26 AM] Selenium_Wrapper.enterText:(317) - Entering Text :swamyk in WebElement :[[ChromeDriver: chrome on WINDOWS (9622d9560b4ed61999df1ff59e783edd)] -> id: rn_LoginForm_2_Username]
[INFO ][08-Aug-2024 11:43:27 AM] Selenium_Wrapper.enterText:(317) - Entering Text :Soft@123 in WebElement :[[ChromeDriver: chrome on WINDOWS (9622d9560b4ed61999df1ff59e783edd)] -> id: rn_LoginForm_2_Password]
[INFO ][08-Aug-2024 11:43:31 AM] Selenium_Wrapper.click:(205) - Clicking on :[[ChromeDriver: chrome on WINDOWS (9622d9560b4ed61999df1ff59e783edd)] -> id: rn_LoginForm_2_Submit]
[INFO ][08-Aug-2024 11:43:48 AM] Selenium_Wrapper.click:(205) - Clicking on :[[ChromeDriver: chrome on WINDOWS (9622d9560b4ed61999df1ff59e783edd)] -> xpath: //p[@class='search_text']//a[text()='browse all PAGES']]
[INFO ][08-Aug-2024 11:44:15 AM] Selenium_Wrapper.click:(205) - Clicking on :[[ChromeDriver: chrome on WINDOWS (9622d9560b4ed61999df1ff59e783edd)] -> xpath: //a[text()='Knowledge Center']]
[ERROR][08-Aug-2024 11:45:05 AM] Selenium_Wrapper.highlightWebElement:(423) - org.openqa.selenium.NoSuchElementException: no such element: Unable to locate element: {"method":"xpath","selector":"//h2[normalize-space()='TRENDING FOR']"}
  (Session info: chrome=127.0.6533.90)
For documentation on this error, please visit: https://www.seleniumhq.org/exceptions/no_such_element.html
Build info: version: '3.141.59', revision: 'e82be7d358', time: '2018-11-14T08:17:03'
System info: host: 'SC-CAF-CND84305', ip: '192.168.1.6', os.name: 'Windows 10', os.arch: 'amd64', os.version: '10.0', java.version: '21.0.2'
Driver info: org.openqa.selenium.chrome.ChromeDriver
Capabilities {acceptInsecureCerts: false, browserName: chrome, browserVersion: 127.0.6533.90, chrome: {chromedriverVersion: 127.0.6533.72 (9755e24ca85a..., userDataDir: C:\Users\SWAMYK~1\AppData\L...}, fedcm:accounts: true, goog:chromeOptions: {debuggerAddress: localhost:56784}, javascriptEnabled: true, networkConnectionEnabled: false, pageLoadStrategy: normal, platform: WINDOWS, platformName: WINDOWS, proxy: Proxy(), setWindowRect: true, strictFileInteractability: false, timeouts: {implicit: 0, pageLoad: 300000, script: 30000}, unhandledPromptBehavior: dismiss and notify, webauthn:extension:credBlob: true, webauthn:extension:largeBlob: true, webauthn:extension:minPinLength: true, webauthn:extension:prf: true, webauthn:virtualAuthenticators: true}
Session ID: 9622d9560b4ed61999df1ff59e783edd
*** Element info: {Using=xpath, value=//h2[normalize-space()='TRENDING FOR']}
[INFO ][08-Aug-2024 11:45:14 AM] Selenium_Wrapper.click:(205) - Clicking on :[[ChromeDriver: chrome on WINDOWS (9622d9560b4ed61999df1ff59e783edd)] -> xpath: //div[@id='rn_RequestUpdate_9_RecommendContent']//button]
[INFO ][08-Aug-2024 11:45:15 AM] Selenium_Wrapper.enterText:(317) - Entering Text :Test Improve, comments, updates in WebElement :[[ChromeDriver: chrome on WINDOWS (9622d9560b4ed61999df1ff59e783edd)] -> xpath: //textarea[@id='rn_RequestUpdate_9_Description']]
[INFO ][08-Aug-2024 11:45:17 AM] Selenium_Wrapper.click:(205) - Clicking on :[[ChromeDriver: chrome on WINDOWS (9622d9560b4ed61999df1ff59e783edd)] -> xpath: //span[@class='yui3-widget-buttons']//button[@class='yui3-button yui3-button-close']]
[INFO ][08-Aug-2024 11:45:51 AM] Selenium_Wrapper.closeCurrentBrowser:(657) - Closing the current Browser
