[INFO ][04-Sep-2022 11:47:19 AM] Selenium_Wrapper.openBrowser:(48) - Opening chrome browser.
[INFO ][04-Sep-2022 11:47:27 AM] Selenium_Wrapper.enterURL:(82) - Entering url :https://macu1--upgrade.custhelp.com/
[INFO ][04-Sep-2022 11:47:31 AM] Selenium_Wrapper.enterText:(311) - Entering Text :pramodk in WebElement :[[ChromeDriver: chrome on WINDOWS (ad311fff1996cc82337ac868d4117794)] -> id: rn_LoginForm_2_Username]
[INFO ][04-Sep-2022 11:47:32 AM] Selenium_Wrapper.enterText:(311) - Entering Text :Soft@123 in WebElement :[[ChromeDriver: chrome on WINDOWS (ad311fff1996cc82337ac868d4117794)] -> id: rn_LoginForm_2_Password]
[INFO ][04-Sep-2022 11:47:39 AM] Selenium_Wrapper.click:(199) - Clicking on :[[ChromeDriver: chrome on WINDOWS (ad311fff1996cc82337ac868d4117794)] -> id: rn_LoginForm_2_Submit]
[INFO ][04-Sep-2022 11:47:52 AM] Selenium_Wrapper.click:(199) - Clicking on :[[ChromeDriver: chrome on WINDOWS (ad311fff1996cc82337ac868d4117794)] -> xpath: //input[@type='search']]
[INFO ][04-Sep-2022 11:47:53 AM] Selenium_Wrapper.enterText:(311) - Entering Text :Auto Loan in WebElement :[[ChromeDriver: chrome on WINDOWS (ad311fff1996cc82337ac868d4117794)] -> xpath: //input[@type='search']]
[INFO ][04-Sep-2022 11:48:09 AM] Selenium_Wrapper.click:(199) - Clicking on :[[ChromeDriver: chrome on WINDOWS (ad311fff1996cc82337ac868d4117794)] -> xpath: //ul[@aria-label='Suggested Search']//li[normalize-space()= 'Auto Loan' ]]
[INFO ][04-Sep-2022 11:48:16 AM] Selenium_Wrapper.click:(199) - Clicking on :[[ChromeDriver: chrome on WINDOWS (ad311fff1996cc82337ac868d4117794)] -> xpath: //div[@class='rn_SearchResultContent']//a[text()='Auto Loan']]
[INFO ][04-Sep-2022 11:48:33 AM] Selenium_Wrapper.click:(199) - Clicking on :[[ChromeDriver: chrome on WINDOWS (ad311fff1996cc82337ac868d4117794)] -> xpath: //div[@class='main_image_div']//div[@class='thumbs_up_down'][2]]
[INFO ][04-Sep-2022 11:48:45 AM] Selenium_Wrapper.click:(199) - Clicking on :[[ChromeDriver: chrome on WINDOWS (ad311fff1996cc82337ac868d4117794)] -> id: rn_AnswerRating_3_22_FeedbackMessage]
[INFO ][04-Sep-2022 11:48:46 AM] Selenium_Wrapper.enterText:(311) - Entering Text :Flexible Work - ThumbDown Comments in WebElement :[[ChromeDriver: chrome on WINDOWS (ad311fff1996cc82337ac868d4117794)] -> id: rn_AnswerRating_3_22_FeedbackMessage]
[INFO ][04-Sep-2022 11:48:51 AM] Selenium_Wrapper.click:(199) - Clicking on :[[ChromeDriver: chrome on WINDOWS (ad311fff1996cc82337ac868d4117794)] -> xpath: //button[text()='SUBMIT']]
[INFO ][04-Sep-2022 11:48:56 AM] Selenium_Wrapper.click:(199) - Clicking on :[[ChromeDriver: chrome on WINDOWS (ad311fff1996cc82337ac868d4117794)] -> xpath: //button[@class='yui3-button yui3-button-close']]
[INFO ][04-Sep-2022 11:49:07 AM] Selenium_Wrapper.click:(199) - Clicking on :[[ChromeDriver: chrome on WINDOWS (ad311fff1996cc82337ac868d4117794)] -> xpath: //div[@class='dropdown']]
[INFO ][04-Sep-2022 11:49:17 AM] Selenium_Wrapper.click:(199) - Clicking on :[[ChromeDriver: chrome on WINDOWS (ad311fff1996cc82337ac868d4117794)] -> xpath: //a[text()='My Feedback']]
[INFO ][04-Sep-2022 11:49:44 AM] Selenium_Wrapper.click:(199) - Clicking on :[[ChromeDriver: chrome on WINDOWS (ad311fff1996cc82337ac868d4117794)] -> xpath: ((//table//tbody)[2]//a)[1]]
[INFO ][04-Sep-2022 11:50:21 AM] Selenium_Wrapper.click:(199) - Clicking on :[[ChromeDriver: chrome on WINDOWS (ad311fff1996cc82337ac868d4117794)] -> class name: knowledge]
[INFO ][04-Sep-2022 11:50:24 AM] Selenium_Wrapper.closeCurrentBrowser:(651) - Closing the current Browser
[INFO ][04-Sep-2022 11:50:25 AM] Selenium_Wrapper.openBrowser:(48) - Opening chrome browser.
[INFO ][04-Sep-2022 11:50:29 AM] Selenium_Wrapper.enterURL:(82) - Entering url :https://macu1--upgrade.custhelp.com/AgentWeb/
[INFO ][04-Sep-2022 11:50:33 AM] Selenium_Wrapper.enterText:(311) - Entering Text :RNT_pramod in WebElement :[[ChromeDriver: chrome on WINDOWS (fc21df27ba6e4f6291c60c62082ff06e)] -> id: username]
[INFO ][04-Sep-2022 11:50:34 AM] Selenium_Wrapper.enterText:(311) - Entering Text :Welcome123 in WebElement :[[ChromeDriver: chrome on WINDOWS (fc21df27ba6e4f6291c60c62082ff06e)] -> id: password]
[INFO ][04-Sep-2022 11:51:04 AM] Selenium_Wrapper.click:(199) - Clicking on :[[ChromeDriver: chrome on WINDOWS (fc21df27ba6e4f6291c60c62082ff06e)] -> id: loginbutton]
[INFO ][04-Sep-2022 11:51:24 AM] Selenium_Wrapper.click:(199) - Clicking on :[[ChromeDriver: chrome on WINDOWS (fc21df27ba6e4f6291c60c62082ff06e)] -> xpath: //oj-button[@id='navigationSetBtn']]
[INFO ][04-Sep-2022 11:51:30 AM] Selenium_Wrapper.click:(199) - Clicking on :[[ChromeDriver: chrome on WINDOWS (fc21df27ba6e4f6291c60c62082ff06e)] -> xpath: (//div[text()='Analytics']//a)]
[INFO ][04-Sep-2022 11:51:35 AM] Selenium_Wrapper.click:(199) - Clicking on :[[ChromeDriver: chrome on WINDOWS (fc21df27ba6e4f6291c60c62082ff06e)] -> xpath: //span[text()='Reports Explorer']]
[INFO ][04-Sep-2022 11:51:40 AM] Selenium_Wrapper.click:(199) - Clicking on :[[ChromeDriver: chrome on WINDOWS (fc21df27ba6e4f6291c60c62082ff06e)] -> xpath: //div[text()='Public Reports']]
[INFO ][04-Sep-2022 11:51:46 AM] Selenium_Wrapper.click:(199) - Clicking on :[[ChromeDriver: chrome on WINDOWS (fc21df27ba6e4f6291c60c62082ff06e)] -> xpath: //div[text()='MACU CUSTOM REPORTS']]
[INFO ][04-Sep-2022 11:51:51 AM] Selenium_Wrapper.click:(199) - Clicking on :[[ChromeDriver: chrome on WINDOWS (fc21df27ba6e4f6291c60c62082ff06e)] -> xpath: //div[text()='SoftClouds']]
[INFO ][04-Sep-2022 11:51:56 AM] Selenium_Wrapper.click:(199) - Clicking on :[[ChromeDriver: chrome on WINDOWS (fc21df27ba6e4f6291c60c62082ff06e)] -> xpath: //div[text()='OKCS']]
[INFO ][04-Sep-2022 11:52:20 AM] Selenium_Wrapper.click:(199) - Clicking on :[[ChromeDriver: chrome on WINDOWS (fc21df27ba6e4f6291c60c62082ff06e)] -> xpath: //span[text()='Messages']]
[INFO ][04-Sep-2022 11:52:25 AM] Selenium_Wrapper.click:(199) - Clicking on :[[ChromeDriver: chrome on WINDOWS (fc21df27ba6e4f6291c60c62082ff06e)] -> xpath: //div[contains(@class,'cke_wysiwyg_div')]]
[INFO ][04-Sep-2022 11:52:28 AM] Selenium_Wrapper.enterText:(311) - Entering Text :It is working as per Expected in WebElement :[[ChromeDriver: chrome on WINDOWS (fc21df27ba6e4f6291c60c62082ff06e)] -> xpath: //div[contains(@class,'cke_wysiwyg_div')]]
[INFO ][04-Sep-2022 11:52:34 AM] Selenium_Wrapper.click:(199) - Clicking on :[[ChromeDriver: chrome on WINDOWS (fc21df27ba6e4f6291c60c62082ff06e)] -> xpath: //div[@class='ws-toolbar-button-image bui-icon save-icon fa-lg']]
[INFO ][04-Sep-2022 11:52:44 AM] Selenium_Wrapper.click:(199) - Clicking on :[[ChromeDriver: chrome on WINDOWS (fc21df27ba6e4f6291c60c62082ff06e)] -> xpath: //span[text()='Summary']]
[INFO ][04-Sep-2022 11:52:54 AM] Selenium_Wrapper.click:(199) - Clicking on :[[ChromeDriver: chrome on WINDOWS (fc21df27ba6e4f6291c60c62082ff06e)] -> xpath: (//div[text()='Status']/following::*)[1]]
[INFO ][04-Sep-2022 11:53:01 AM] Selenium_Wrapper.click:(199) - Clicking on :[[ChromeDriver: chrome on WINDOWS (fc21df27ba6e4f6291c60c62082ff06e)] -> xpath: (//div[@title='Solved'])[1]]
[INFO ][04-Sep-2022 11:53:09 AM] Selenium_Wrapper.click:(199) - Clicking on :[[ChromeDriver: chrome on WINDOWS (fc21df27ba6e4f6291c60c62082ff06e)] -> xpath: //div[@class='ws-toolbar-button-image bui-icon save-icon fa-lg']]
[INFO ][04-Sep-2022 11:53:16 AM] Selenium_Wrapper.click:(199) - Clicking on :[[ChromeDriver: chrome on WINDOWS (fc21df27ba6e4f6291c60c62082ff06e)] -> xpath: (//a[@class='closeButton'])[3]]
[INFO ][04-Sep-2022 11:53:23 AM] Selenium_Wrapper.click:(199) - Clicking on :[[ChromeDriver: chrome on WINDOWS (fc21df27ba6e4f6291c60c62082ff06e)] -> xpath: //div[@class='ws-toolbar-button-image bui-icon fa-filter']]
[INFO ][04-Sep-2022 11:53:30 AM] Selenium_Wrapper.click:(199) - Clicking on :[[ChromeDriver: chrome on WINDOWS (fc21df27ba6e4f6291c60c62082ff06e)] -> xpath: (//div[@class='displayFilter'])[2]]
[INFO ][04-Sep-2022 11:53:37 AM] Selenium_Wrapper.click:(199) - Clicking on :[[ChromeDriver: chrome on WINDOWS (fc21df27ba6e4f6291c60c62082ff06e)] -> xpath: (//div[@title='Solved'])[1]]
[INFO ][04-Sep-2022 11:53:45 AM] Selenium_Wrapper.click:(199) - Clicking on :[[ChromeDriver: chrome on WINDOWS (fc21df27ba6e4f6291c60c62082ff06e)] -> xpath: (//span[text()='Search'])[3]]
[INFO ][04-Sep-2022 11:54:01 AM] Selenium_Wrapper.click:(199) - Clicking on :[[ChromeDriver: chrome on WINDOWS (fc21df27ba6e4f6291c60c62082ff06e)] -> xpath: (//div[@class='primary-tab-header']//ul//li)[2]//span//a//i]
[ERROR][04-Sep-2022 11:55:52 AM] Selenium_Wrapper.getWebElement:(124) - org.openqa.selenium.TimeoutException: Expected condition failed: waiting for visibility of [[ChromeDriver: chrome on WINDOWS (fc21df27ba6e4f6291c60c62082ff06e)] -> xpath: //body//span[@id='initialsText']] (tried for 100 second(s) with 500 milliseconds interval)
Build info: version: '3.141.59', revision: 'e82be7d358', time: '2018-11-14T08:17:03'
System info: host: 'QA-SWAMYK', ip: '192.168.0.4', os.name: 'Windows 10', os.arch: 'amd64', os.version: '10.0', java.version: '11.0.10'
Driver info: org.openqa.selenium.chrome.ChromeDriver
Capabilities {acceptInsecureCerts: false, browserName: chrome, browserVersion: 105.0.5195.102, chrome: {chromedriverVersion: 105.0.5195.52 (412c95e51883..., userDataDir: C:\Users\SWAMYK~1\AppData\L...}, goog:chromeOptions: {debuggerAddress: localhost:54749}, javascriptEnabled: true, networkConnectionEnabled: false, pageLoadStrategy: normal, platform: WINDOWS, platformName: WINDOWS, proxy: Proxy(), setWindowRect: true, strictFileInteractability: false, timeouts: {implicit: 0, pageLoad: 300000, script: 30000}, unhandledPromptBehavior: dismiss and notify, webauthn:extension:credBlob: true, webauthn:extension:largeBlob: true, webauthn:virtualAuthenticators: true}
Session ID: fc21df27ba6e4f6291c60c62082ff06e
[ERROR][04-Sep-2022 11:55:52 AM] ThumbsDownFeedBack.testBUISignout:(280) - Logout/SignOut un-successfull
