[INFO ][05-Sep-2024 11:44:27 AM] Selenium_Wrapper.openBrowser:(54) - Opening chrome browser.
[INFO ][05-Sep-2024 11:44:35 AM] Selenium_Wrapper.enterURL:(88) - Entering url :https://macu1--tst1.custhelp.com/app/home
[INFO ][05-Sep-2024 11:44:39 AM] Selenium_Wrapper.enterText:(317) - Entering Text :swamyk in WebElement :[[ChromeDriver: chrome on WINDOWS (9017a2c0ce23fccc8600cbdcf509b9e4)] -> id: rn_LoginForm_2_Username]
[INFO ][05-Sep-2024 11:44:40 AM] Selenium_Wrapper.enterText:(317) - Entering Text :Soft@123 in WebElement :[[ChromeDriver: chrome on WINDOWS (9017a2c0ce23fccc8600cbdcf509b9e4)] -> id: rn_LoginForm_2_Password]
[INFO ][05-Sep-2024 11:44:44 AM] Selenium_Wrapper.click:(205) - Clicking on :[[ChromeDriver: chrome on WINDOWS (9017a2c0ce23fccc8600cbdcf509b9e4)] -> id: rn_LoginForm_2_Submit]
[INFO ][05-Sep-2024 11:44:58 AM] Selenium_Wrapper.click:(205) - Clicking on :[[ChromeDriver: chrome on WINDOWS (9017a2c0ce23fccc8600cbdcf509b9e4)] -> xpath: //input[@type='search']]
[INFO ][05-Sep-2024 11:44:59 AM] Selenium_Wrapper.enterText:(317) - Entering Text :Business Use Auto Loan in WebElement :[[ChromeDriver: chrome on WINDOWS (9017a2c0ce23fccc8600cbdcf509b9e4)] -> xpath: //input[@type='search']]
[INFO ][05-Sep-2024 11:45:09 AM] Selenium_Wrapper.click:(205) - Clicking on :[[ChromeDriver: chrome on WINDOWS (9017a2c0ce23fccc8600cbdcf509b9e4)] -> xpath: (//div[@class='yui3-aclist-content']//li//li)[1]]
[INFO ][05-Sep-2024 11:45:13 AM] Selenium_Wrapper.click:(205) - Clicking on :[[ChromeDriver: chrome on WINDOWS (9017a2c0ce23fccc8600cbdcf509b9e4)] -> xpath: (//div[@class='rn_SearchResultContent']//a)[1]]
[INFO ][05-Sep-2024 11:45:23 AM] Selenium_Wrapper.click:(205) - Clicking on :[[ChromeDriver: chrome on WINDOWS (9017a2c0ce23fccc8600cbdcf509b9e4)] -> xpath: //a[@class='add_bookmarkButton']//img[@class='bookmark_icon_blank']]
[INFO ][05-Sep-2024 11:45:35 AM] Selenium_Wrapper.click:(205) - Clicking on :[[ChromeDriver: chrome on WINDOWS (9017a2c0ce23fccc8600cbdcf509b9e4)] -> class name: knowledge]
[INFO ][05-Sep-2024 11:45:46 AM] Selenium_Wrapper.click:(205) - Clicking on :[[ChromeDriver: chrome on WINDOWS (9017a2c0ce23fccc8600cbdcf509b9e4)] -> xpath: //div[@class='dropdown']]
[INFO ][05-Sep-2024 11:45:55 AM] Selenium_Wrapper.click:(205) - Clicking on :[[ChromeDriver: chrome on WINDOWS (9017a2c0ce23fccc8600cbdcf509b9e4)] -> xpath: //a[text()='SEE MORE']]
[INFO ][05-Sep-2024 11:46:18 AM] Selenium_Wrapper.click:(205) - Clicking on :[[ChromeDriver: chrome on WINDOWS (9017a2c0ce23fccc8600cbdcf509b9e4)] -> class name: knowledge]
[INFO ][05-Sep-2024 11:46:24 AM] Selenium_Wrapper.click:(205) - Clicking on :[[ChromeDriver: chrome on WINDOWS (9017a2c0ce23fccc8600cbdcf509b9e4)] -> xpath: //div[@class='dropdown']]
[INFO ][05-Sep-2024 11:46:35 AM] Selenium_Wrapper.click:(205) - Clicking on :[[ChromeDriver: chrome on WINDOWS (9017a2c0ce23fccc8600cbdcf509b9e4)] -> xpath: //div[@class='dropdown-content']//a[normalize-space()='My Bookmarks']]
[INFO ][05-Sep-2024 11:46:49 AM] Selenium_Wrapper.click:(205) - Clicking on :[[ChromeDriver: chrome on WINDOWS (9017a2c0ce23fccc8600cbdcf509b9e4)] -> xpath: //select[@class='BookmarkFilter']]
[INFO ][05-Sep-2024 11:46:57 AM] Selenium_Wrapper.click:(205) - Clicking on :[[ChromeDriver: chrome on WINDOWS (9017a2c0ce23fccc8600cbdcf509b9e4)] -> xpath: //select[@class='BookmarkFilter']//option[text()='Alphabetical A-Z']]
[INFO ][05-Sep-2024 11:47:15 AM] Selenium_Wrapper.click:(205) - Clicking on :[[ChromeDriver: chrome on WINDOWS (9017a2c0ce23fccc8600cbdcf509b9e4)] -> class name: knowledge]
[INFO ][05-Sep-2024 11:47:19 AM] Selenium_Wrapper.click:(205) - Clicking on :[[ChromeDriver: chrome on WINDOWS (9017a2c0ce23fccc8600cbdcf509b9e4)] -> xpath: //div[@class='dropdown']]
[INFO ][05-Sep-2024 11:47:24 AM] Selenium_Wrapper.click:(205) - Clicking on :[[ChromeDriver: chrome on WINDOWS (9017a2c0ce23fccc8600cbdcf509b9e4)] -> xpath: //div[@class='dropdown-content']//a[normalize-space()='My Notifications']]
[INFO ][05-Sep-2024 11:47:29 AM] Selenium_Wrapper.click:(205) - Clicking on :[[ChromeDriver: chrome on WINDOWS (9017a2c0ce23fccc8600cbdcf509b9e4)] -> xpath: //a[text()='browse all PAGES']]
[INFO ][05-Sep-2024 11:47:45 AM] Selenium_Wrapper.click:(205) - Clicking on :[[ChromeDriver: chrome on WINDOWS (9017a2c0ce23fccc8600cbdcf509b9e4)] -> xpath: //a[text()='VIEW A-Z INDEX']]
[INFO ][05-Sep-2024 11:48:01 AM] Selenium_Wrapper.click:(205) - Clicking on :[[ChromeDriver: chrome on WINDOWS (9017a2c0ce23fccc8600cbdcf509b9e4)] -> class name: knowledge]
[INFO ][05-Sep-2024 11:48:04 AM] Selenium_Wrapper.closeCurrentBrowser:(657) - Closing the current Browser
