[INFO ][04-Dec-2023 11:56:49 AM] Selenium_Wrapper.openBrowser:(48) - Opening chrome browser.
[INFO ][04-Dec-2023 11:56:55 AM] Selenium_Wrapper.enterURL:(82) - Entering url :https://macu1--tst1.custhelp.com/app/home
[INFO ][04-Dec-2023 11:56:59 AM] Selenium_Wrapper.enterText:(311) - Entering Text :swamyk in WebElement :[[ChromeDriver: chrome on WINDOWS (0082365d59a2986c244d75acd037d40a)] -> id: rn_LoginForm_2_Username]
[INFO ][04-Dec-2023 11:57:00 AM] Selenium_Wrapper.enterText:(311) - Entering Text :Soft@123 in WebElement :[[ChromeDriver: chrome on WINDOWS (0082365d59a2986c244d75acd037d40a)] -> id: rn_LoginForm_2_Password]
[INFO ][04-Dec-2023 11:57:07 AM] Selenium_Wrapper.click:(199) - Clicking on :[[ChromeDriver: chrome on WINDOWS (0082365d59a2986c244d75acd037d40a)] -> id: rn_LoginForm_2_Submit]
[INFO ][04-Dec-2023 11:57:22 AM] Selenium_Wrapper.click:(199) - Clicking on :[[ChromeDriver: chrome on WINDOWS (0082365d59a2986c244d75acd037d40a)] -> xpath: //div[@class='dropdown']]
[INFO ][04-Dec-2023 11:57:34 AM] Selenium_Wrapper.click:(199) - Clicking on :[[ChromeDriver: chrome on WINDOWS (0082365d59a2986c244d75acd037d40a)] -> xpath: //input[@type='search']]
[INFO ][04-Dec-2023 11:57:35 AM] Selenium_Wrapper.enterText:(311) - Entering Text :Business Auto Loan - ALPS 1.0 in WebElement :[[ChromeDriver: chrome on WINDOWS (0082365d59a2986c244d75acd037d40a)] -> xpath: //input[@type='search']]
[INFO ][04-Dec-2023 11:57:49 AM] Selenium_Wrapper.click:(199) - Clicking on :[[ChromeDriver: chrome on WINDOWS (0082365d59a2986c244d75acd037d40a)] -> xpath: (//div[@class='yui3-aclist-content']//li//li)[1]]
[INFO ][04-Dec-2023 11:57:56 AM] Selenium_Wrapper.click:(199) - Clicking on :[[ChromeDriver: chrome on WINDOWS (0082365d59a2986c244d75acd037d40a)] -> xpath: (//div[@class='rn_SearchResultContent']//a)[1]]
[INFO ][04-Dec-2023 11:58:14 AM] Selenium_Wrapper.click:(199) - Clicking on :[[ChromeDriver: chrome on WINDOWS (0082365d59a2986c244d75acd037d40a)] -> class name: knowledge]
[INFO ][04-Dec-2023 11:58:28 AM] Selenium_Wrapper.click:(199) - Clicking on :[[ChromeDriver: chrome on WINDOWS (0082365d59a2986c244d75acd037d40a)] -> xpath: //div[@class='dropdown']]
[INFO ][04-Dec-2023 11:58:39 AM] Selenium_Wrapper.click:(199) - Clicking on :[[ChromeDriver: chrome on WINDOWS (0082365d59a2986c244d75acd037d40a)] -> xpath: //a[text()='SEE MORE']]
[INFO ][04-Dec-2023 11:58:59 AM] Selenium_Wrapper.click:(199) - Clicking on :[[ChromeDriver: chrome on WINDOWS (0082365d59a2986c244d75acd037d40a)] -> class name: knowledge]
[INFO ][04-Dec-2023 11:59:07 AM] Selenium_Wrapper.click:(199) - Clicking on :[[ChromeDriver: chrome on WINDOWS (0082365d59a2986c244d75acd037d40a)] -> xpath: //div[@class='dropdown']]
[INFO ][04-Dec-2023 11:59:21 AM] Selenium_Wrapper.click:(199) - Clicking on :[[ChromeDriver: chrome on WINDOWS (0082365d59a2986c244d75acd037d40a)] -> xpath: //div[@class='dropdown-content']//a[normalize-space()='My Bookmarks']]
[INFO ][04-Dec-2023 11:59:37 AM] Selenium_Wrapper.click:(199) - Clicking on :[[ChromeDriver: chrome on WINDOWS (0082365d59a2986c244d75acd037d40a)] -> xpath: //select[@class='BookmarkFilter']]
[INFO ][04-Dec-2023 11:59:48 AM] Selenium_Wrapper.click:(199) - Clicking on :[[ChromeDriver: chrome on WINDOWS (0082365d59a2986c244d75acd037d40a)] -> xpath: //select[@class='BookmarkFilter']//option[text()='Alphabetical A-Z']]
[INFO ][04-Dec-2023 12:00:05 PM] Selenium_Wrapper.click:(199) - Clicking on :[[ChromeDriver: chrome on WINDOWS (0082365d59a2986c244d75acd037d40a)] -> class name: knowledge]
[INFO ][04-Dec-2023 12:00:12 PM] Selenium_Wrapper.click:(199) - Clicking on :[[ChromeDriver: chrome on WINDOWS (0082365d59a2986c244d75acd037d40a)] -> xpath: //div[@class='dropdown']]
[INFO ][04-Dec-2023 12:00:20 PM] Selenium_Wrapper.click:(199) - Clicking on :[[ChromeDriver: chrome on WINDOWS (0082365d59a2986c244d75acd037d40a)] -> xpath: //div[@class='dropdown-content']//a[normalize-space()='My Notifications']]
[INFO ][04-Dec-2023 12:00:28 PM] Selenium_Wrapper.click:(199) - Clicking on :[[ChromeDriver: chrome on WINDOWS (0082365d59a2986c244d75acd037d40a)] -> xpath: //a[text()='browse all PAGES']]
[INFO ][04-Dec-2023 12:00:45 PM] Selenium_Wrapper.click:(199) - Clicking on :[[ChromeDriver: chrome on WINDOWS (0082365d59a2986c244d75acd037d40a)] -> xpath: //a[text()='VIEW A-Z INDEX']]
[INFO ][04-Dec-2023 12:01:00 PM] Selenium_Wrapper.click:(199) - Clicking on :[[ChromeDriver: chrome on WINDOWS (0082365d59a2986c244d75acd037d40a)] -> class name: knowledge]
[INFO ][04-Dec-2023 12:01:03 PM] Selenium_Wrapper.closeCurrentBrowser:(651) - Closing the current Browser
