[INFO ][04-Sep-2022 11:56:59 AM] Selenium_Wrapper.openBrowser:(48) - Opening chrome browser.
[INFO ][04-Sep-2022 11:57:08 AM] Selenium_Wrapper.enterURL:(82) - Entering url :https://macu1--upgrade.custhelp.com/
[INFO ][04-Sep-2022 11:57:12 AM] Selenium_Wrapper.enterText:(311) - Entering Text :pramodk in WebElement :[[ChromeDriver: chrome on WINDOWS (96bc5fa095534a432d257d408ad79da0)] -> id: rn_LoginForm_2_Username]
[INFO ][04-Sep-2022 11:57:13 AM] Selenium_Wrapper.enterText:(311) - Entering Text :Soft@123 in WebElement :[[ChromeDriver: chrome on WINDOWS (96bc5fa095534a432d257d408ad79da0)] -> id: rn_LoginForm_2_Password]
[INFO ][04-Sep-2022 11:57:20 AM] Selenium_Wrapper.click:(199) - Clicking on :[[ChromeDriver: chrome on WINDOWS (96bc5fa095534a432d257d408ad79da0)] -> id: rn_LoginForm_2_Submit]
[INFO ][04-Sep-2022 11:57:33 AM] Selenium_Wrapper.click:(199) - Clicking on :[[ChromeDriver: chrome on WINDOWS (96bc5fa095534a432d257d408ad79da0)] -> xpath: //input[@type='search']]
[INFO ][04-Sep-2022 11:57:35 AM] Selenium_Wrapper.enterText:(311) - Entering Text :Auto Loan in WebElement :[[ChromeDriver: chrome on WINDOWS (96bc5fa095534a432d257d408ad79da0)] -> xpath: //input[@type='search']]
[INFO ][04-Sep-2022 11:57:50 AM] Selenium_Wrapper.click:(199) - Clicking on :[[ChromeDriver: chrome on WINDOWS (96bc5fa095534a432d257d408ad79da0)] -> xpath: //ul[@aria-label='Suggested Search']//li[normalize-space()= 'Auto Loan' ]]
[INFO ][04-Sep-2022 11:57:57 AM] Selenium_Wrapper.click:(199) - Clicking on :[[ChromeDriver: chrome on WINDOWS (96bc5fa095534a432d257d408ad79da0)] -> xpath: //div[@class='rn_SearchResultContent']//a[text()='Auto Loan']]
[INFO ][04-Sep-2022 11:58:14 AM] Selenium_Wrapper.click:(199) - Clicking on :[[ChromeDriver: chrome on WINDOWS (96bc5fa095534a432d257d408ad79da0)] -> xpath: //div[@class='main_image_div']//div[@class='thumbs_up_down'][2]]
[INFO ][04-Sep-2022 11:58:26 AM] Selenium_Wrapper.click:(199) - Clicking on :[[ChromeDriver: chrome on WINDOWS (96bc5fa095534a432d257d408ad79da0)] -> id: rn_AnswerRating_3_22_FeedbackMessage]
[INFO ][04-Sep-2022 11:58:27 AM] Selenium_Wrapper.enterText:(311) - Entering Text :Flexible Work - ThumbDown Comments in WebElement :[[ChromeDriver: chrome on WINDOWS (96bc5fa095534a432d257d408ad79da0)] -> id: rn_AnswerRating_3_22_FeedbackMessage]
[INFO ][04-Sep-2022 11:58:32 AM] Selenium_Wrapper.click:(199) - Clicking on :[[ChromeDriver: chrome on WINDOWS (96bc5fa095534a432d257d408ad79da0)] -> xpath: //button[text()='SUBMIT']]
[INFO ][04-Sep-2022 11:58:37 AM] Selenium_Wrapper.click:(199) - Clicking on :[[ChromeDriver: chrome on WINDOWS (96bc5fa095534a432d257d408ad79da0)] -> xpath: //button[@class='yui3-button yui3-button-close']]
[INFO ][04-Sep-2022 11:58:48 AM] Selenium_Wrapper.click:(199) - Clicking on :[[ChromeDriver: chrome on WINDOWS (96bc5fa095534a432d257d408ad79da0)] -> xpath: //div[@class='dropdown']]
[INFO ][04-Sep-2022 11:58:57 AM] Selenium_Wrapper.click:(199) - Clicking on :[[ChromeDriver: chrome on WINDOWS (96bc5fa095534a432d257d408ad79da0)] -> xpath: //a[text()='My Feedback']]
[INFO ][04-Sep-2022 11:59:24 AM] Selenium_Wrapper.click:(199) - Clicking on :[[ChromeDriver: chrome on WINDOWS (96bc5fa095534a432d257d408ad79da0)] -> xpath: ((//table//tbody)[2]//a)[1]]
[INFO ][04-Sep-2022 12:00:00 PM] Selenium_Wrapper.click:(199) - Clicking on :[[ChromeDriver: chrome on WINDOWS (96bc5fa095534a432d257d408ad79da0)] -> class name: knowledge]
[INFO ][04-Sep-2022 12:00:04 PM] Selenium_Wrapper.closeCurrentBrowser:(651) - Closing the current Browser
[INFO ][04-Sep-2022 12:00:05 PM] Selenium_Wrapper.openBrowser:(48) - Opening chrome browser.
[INFO ][04-Sep-2022 12:00:09 PM] Selenium_Wrapper.enterURL:(82) - Entering url :https://macu1--upgrade.custhelp.com/AgentWeb/
[INFO ][04-Sep-2022 12:00:13 PM] Selenium_Wrapper.enterText:(311) - Entering Text :RNT_pramod in WebElement :[[ChromeDriver: chrome on WINDOWS (8acee3850476abc3fd671ca3d4e4b67b)] -> id: username]
[INFO ][04-Sep-2022 12:00:15 PM] Selenium_Wrapper.enterText:(311) - Entering Text :Welcome123 in WebElement :[[ChromeDriver: chrome on WINDOWS (8acee3850476abc3fd671ca3d4e4b67b)] -> id: password]
[INFO ][04-Sep-2022 12:00:44 PM] Selenium_Wrapper.click:(199) - Clicking on :[[ChromeDriver: chrome on WINDOWS (8acee3850476abc3fd671ca3d4e4b67b)] -> id: loginbutton]
[INFO ][04-Sep-2022 12:01:04 PM] Selenium_Wrapper.click:(199) - Clicking on :[[ChromeDriver: chrome on WINDOWS (8acee3850476abc3fd671ca3d4e4b67b)] -> xpath: //oj-button[@id='navigationSetBtn']]
[INFO ][04-Sep-2022 12:01:09 PM] Selenium_Wrapper.click:(199) - Clicking on :[[ChromeDriver: chrome on WINDOWS (8acee3850476abc3fd671ca3d4e4b67b)] -> xpath: (//div[text()='Analytics']//a)]
[INFO ][04-Sep-2022 12:01:15 PM] Selenium_Wrapper.click:(199) - Clicking on :[[ChromeDriver: chrome on WINDOWS (8acee3850476abc3fd671ca3d4e4b67b)] -> xpath: //span[text()='Reports Explorer']]
[INFO ][04-Sep-2022 12:01:20 PM] Selenium_Wrapper.click:(199) - Clicking on :[[ChromeDriver: chrome on WINDOWS (8acee3850476abc3fd671ca3d4e4b67b)] -> xpath: //div[text()='Public Reports']]
[INFO ][04-Sep-2022 12:01:25 PM] Selenium_Wrapper.click:(199) - Clicking on :[[ChromeDriver: chrome on WINDOWS (8acee3850476abc3fd671ca3d4e4b67b)] -> xpath: //div[text()='MACU CUSTOM REPORTS']]
[INFO ][04-Sep-2022 12:01:31 PM] Selenium_Wrapper.click:(199) - Clicking on :[[ChromeDriver: chrome on WINDOWS (8acee3850476abc3fd671ca3d4e4b67b)] -> xpath: //div[text()='SoftClouds']]
[INFO ][04-Sep-2022 12:01:36 PM] Selenium_Wrapper.click:(199) - Clicking on :[[ChromeDriver: chrome on WINDOWS (8acee3850476abc3fd671ca3d4e4b67b)] -> xpath: //div[text()='OKCS']]
[INFO ][04-Sep-2022 12:01:59 PM] Selenium_Wrapper.click:(199) - Clicking on :[[ChromeDriver: chrome on WINDOWS (8acee3850476abc3fd671ca3d4e4b67b)] -> xpath: //span[text()='Messages']]
[INFO ][04-Sep-2022 12:02:04 PM] Selenium_Wrapper.click:(199) - Clicking on :[[ChromeDriver: chrome on WINDOWS (8acee3850476abc3fd671ca3d4e4b67b)] -> xpath: //div[contains(@class,'cke_wysiwyg_div')]]
[INFO ][04-Sep-2022 12:02:08 PM] Selenium_Wrapper.enterText:(311) - Entering Text :It is working as per Expected in WebElement :[[ChromeDriver: chrome on WINDOWS (8acee3850476abc3fd671ca3d4e4b67b)] -> xpath: //div[contains(@class,'cke_wysiwyg_div')]]
[INFO ][04-Sep-2022 12:02:13 PM] Selenium_Wrapper.click:(199) - Clicking on :[[ChromeDriver: chrome on WINDOWS (8acee3850476abc3fd671ca3d4e4b67b)] -> xpath: //div[@class='ws-toolbar-button-image bui-icon save-icon fa-lg']]
[INFO ][04-Sep-2022 12:02:23 PM] Selenium_Wrapper.click:(199) - Clicking on :[[ChromeDriver: chrome on WINDOWS (8acee3850476abc3fd671ca3d4e4b67b)] -> xpath: //span[text()='Summary']]
[INFO ][04-Sep-2022 12:02:34 PM] Selenium_Wrapper.click:(199) - Clicking on :[[ChromeDriver: chrome on WINDOWS (8acee3850476abc3fd671ca3d4e4b67b)] -> xpath: (//div[text()='Status']/following::*)[1]]
[INFO ][04-Sep-2022 12:02:41 PM] Selenium_Wrapper.click:(199) - Clicking on :[[ChromeDriver: chrome on WINDOWS (8acee3850476abc3fd671ca3d4e4b67b)] -> xpath: (//div[@title='Solved'])[1]]
[INFO ][04-Sep-2022 12:02:48 PM] Selenium_Wrapper.click:(199) - Clicking on :[[ChromeDriver: chrome on WINDOWS (8acee3850476abc3fd671ca3d4e4b67b)] -> xpath: //div[@class='ws-toolbar-button-image bui-icon save-icon fa-lg']]
[INFO ][04-Sep-2022 12:02:56 PM] Selenium_Wrapper.click:(199) - Clicking on :[[ChromeDriver: chrome on WINDOWS (8acee3850476abc3fd671ca3d4e4b67b)] -> xpath: (//a[@class='closeButton'])[3]]
[INFO ][04-Sep-2022 12:03:03 PM] Selenium_Wrapper.click:(199) - Clicking on :[[ChromeDriver: chrome on WINDOWS (8acee3850476abc3fd671ca3d4e4b67b)] -> xpath: //div[@class='ws-toolbar-button-image bui-icon fa-filter']]
[INFO ][04-Sep-2022 12:03:10 PM] Selenium_Wrapper.click:(199) - Clicking on :[[ChromeDriver: chrome on WINDOWS (8acee3850476abc3fd671ca3d4e4b67b)] -> xpath: (//div[@class='displayFilter'])[2]]
[INFO ][04-Sep-2022 12:03:18 PM] Selenium_Wrapper.click:(199) - Clicking on :[[ChromeDriver: chrome on WINDOWS (8acee3850476abc3fd671ca3d4e4b67b)] -> xpath: (//div[@title='Solved'])[1]]
[INFO ][04-Sep-2022 12:03:25 PM] Selenium_Wrapper.click:(199) - Clicking on :[[ChromeDriver: chrome on WINDOWS (8acee3850476abc3fd671ca3d4e4b67b)] -> xpath: (//span[text()='Search'])[3]]
[INFO ][04-Sep-2022 12:03:43 PM] Selenium_Wrapper.click:(199) - Clicking on :[[ChromeDriver: chrome on WINDOWS (8acee3850476abc3fd671ca3d4e4b67b)] -> xpath: (//div[@class='primary-tab-header']//ul//li)[2]//span//a//i]
[INFO ][04-Sep-2022 12:03:48 PM] Selenium_Wrapper.click:(199) - Clicking on :[[ChromeDriver: chrome on WINDOWS (8acee3850476abc3fd671ca3d4e4b67b)] -> xpath: //a[@class='closeButton']]
[INFO ][04-Sep-2022 12:03:58 PM] Selenium_Wrapper.click:(199) - Clicking on :[[ChromeDriver: chrome on WINDOWS (8acee3850476abc3fd671ca3d4e4b67b)] -> xpath: //body//oj-avatar[@initials='[[userMenuLabel]]']]
[INFO ][04-Sep-2022 12:04:05 PM] Selenium_Wrapper.click:(199) - Clicking on :[[ChromeDriver: chrome on WINDOWS (8acee3850476abc3fd671ca3d4e4b67b)] -> xpath: //a//span[text()='Sign Out']]
[INFO ][04-Sep-2022 12:04:11 PM] Selenium_Wrapper.closeCurrentBrowser:(651) - Closing the current Browser
