[INFO ][06-Nov-2021 11:58:48 am] Selenium_Wrapper.openBrowser:(48) - Opening chrome browser.
[INFO ][06-Nov-2021 11:58:58 am] Selenium_Wrapper.enterURL:(82) - Entering url :https://macu1--tst.custhelp.com/app/home
[INFO ][06-Nov-2021 11:59:02 am] Selenium_Wrapper.enterText:(311) - Entering Text :pramodk in WebElement :[[ChromeDriver: chrome on WINDOWS (4ec276c4f1ec8c4b6d59933da4f0a1d3)] -> id: rn_LoginForm_2_Username]
[INFO ][06-Nov-2021 11:59:03 am] Selenium_Wrapper.enterText:(311) - Entering Text :Soft@123 in WebElement :[[ChromeDriver: chrome on WINDOWS (4ec276c4f1ec8c4b6d59933da4f0a1d3)] -> id: rn_LoginForm_2_Password]
[INFO ][06-Nov-2021 11:59:06 am] Selenium_Wrapper.click:(199) - Clicking on :[[ChromeDriver: chrome on WINDOWS (4ec276c4f1ec8c4b6d59933da4f0a1d3)] -> id: rn_LoginForm_2_Submit]
[INFO ][06-Nov-2021 11:59:15 am] Selenium_Wrapper.click:(199) - Clicking on :[[ChromeDriver: chrome on WINDOWS (4ec276c4f1ec8c4b6d59933da4f0a1d3)] -> xpath: //input[@type='search']]
[INFO ][06-Nov-2021 11:59:16 am] Selenium_Wrapper.enterText:(311) - Entering Text :Flexible Work in WebElement :[[ChromeDriver: chrome on WINDOWS (4ec276c4f1ec8c4b6d59933da4f0a1d3)] -> xpath: //input[@type='search']]
[INFO ][06-Nov-2021 11:59:25 am] Selenium_Wrapper.click:(199) - Clicking on :[[ChromeDriver: chrome on WINDOWS (4ec276c4f1ec8c4b6d59933da4f0a1d3)] -> xpath: //ul[@aria-label='Suggested Search']//li[normalize-space()='Flexible Work']]
[INFO ][06-Nov-2021 11:59:29 am] Selenium_Wrapper.click:(199) - Clicking on :[[ChromeDriver: chrome on WINDOWS (4ec276c4f1ec8c4b6d59933da4f0a1d3)] -> xpath: //div[@class='rn_SearchResultContent']//a[text()='Flexible Work']]
[INFO ][06-Nov-2021 11:59:43 am] Selenium_Wrapper.click:(199) - Clicking on :[[ChromeDriver: chrome on WINDOWS (4ec276c4f1ec8c4b6d59933da4f0a1d3)] -> xpath: //div[@class='main_image_div']//div[@class='thumbs_up_down'][2]]
[INFO ][06-Nov-2021 11:59:50 am] Selenium_Wrapper.click:(199) - Clicking on :[[ChromeDriver: chrome on WINDOWS (4ec276c4f1ec8c4b6d59933da4f0a1d3)] -> id: rn_AnswerRating_3_22_FeedbackMessage]
[INFO ][06-Nov-2021 11:59:52 am] Selenium_Wrapper.enterText:(311) - Entering Text :Flexible Work - ThumbDown Comments in WebElement :[[ChromeDriver: chrome on WINDOWS (4ec276c4f1ec8c4b6d59933da4f0a1d3)] -> id: rn_AnswerRating_3_22_FeedbackMessage]
[INFO ][06-Nov-2021 11:59:53 am] Selenium_Wrapper.click:(199) - Clicking on :[[ChromeDriver: chrome on WINDOWS (4ec276c4f1ec8c4b6d59933da4f0a1d3)] -> xpath: //button[text()='SUBMIT']]
[INFO ][06-Nov-2021 11:59:54 am] Selenium_Wrapper.click:(199) - Clicking on :[[ChromeDriver: chrome on WINDOWS (4ec276c4f1ec8c4b6d59933da4f0a1d3)] -> xpath: //button[@class='yui3-button yui3-button-close']]
[INFO ][06-Nov-2021 11:59:57 am] Selenium_Wrapper.click:(199) - Clicking on :[[ChromeDriver: chrome on WINDOWS (4ec276c4f1ec8c4b6d59933da4f0a1d3)] -> xpath: //div[@class='dropdown']]
[INFO ][06-Nov-2021 12:00:04 pm] Selenium_Wrapper.click:(199) - Clicking on :[[ChromeDriver: chrome on WINDOWS (4ec276c4f1ec8c4b6d59933da4f0a1d3)] -> xpath: //a[text()='My Feedback']]
[INFO ][06-Nov-2021 12:00:22 pm] Selenium_Wrapper.click:(199) - Clicking on :[[ChromeDriver: chrome on WINDOWS (4ec276c4f1ec8c4b6d59933da4f0a1d3)] -> xpath: ((//table//tbody)[2]//a)[1]]
[INFO ][06-Nov-2021 12:00:38 pm] Selenium_Wrapper.click:(199) - Clicking on :[[ChromeDriver: chrome on WINDOWS (4ec276c4f1ec8c4b6d59933da4f0a1d3)] -> class name: knowledge]
[INFO ][06-Nov-2021 12:00:41 pm] Selenium_Wrapper.closeCurrentBrowser:(650) - Closing the current Browser
[INFO ][06-Nov-2021 12:00:42 pm] Selenium_Wrapper.openBrowser:(48) - Opening chrome browser.
[INFO ][06-Nov-2021 12:00:52 pm] Selenium_Wrapper.enterURL:(82) - Entering url :https://macu1--tst.custhelp.com/AgentWeb/
[INFO ][06-Nov-2021 12:00:56 pm] Selenium_Wrapper.enterText:(311) - Entering Text :RNT_pramod in WebElement :[[ChromeDriver: chrome on WINDOWS (4b2590908cf6fce101d9bece87624dc2)] -> id: username]
[INFO ][06-Nov-2021 12:00:58 pm] Selenium_Wrapper.enterText:(311) - Entering Text :Welcome123 in WebElement :[[ChromeDriver: chrome on WINDOWS (4b2590908cf6fce101d9bece87624dc2)] -> id: password]
[INFO ][06-Nov-2021 12:01:28 pm] Selenium_Wrapper.click:(199) - Clicking on :[[ChromeDriver: chrome on WINDOWS (4b2590908cf6fce101d9bece87624dc2)] -> id: loginbutton]
[ERROR][06-Nov-2021 12:01:32 pm] AnswerVotingFeedbackReport.testNavigateToAnwserVotingFeedBackReportlow:(121) - Navigate To Anwser Voting FeedBackReport testing un-successfull
[ERROR][06-Nov-2021 12:01:32 pm] AnswerVotingFeedbackReport.testSelectingandGivingAnswerstoReportFlow:(213) - Selecting and Giving Asnwers to Report  un-successfull
[INFO ][06-Nov-2021 12:01:35 pm] Selenium_Wrapper.closeCurrentBrowser:(650) - Closing the current Browser
