[INFO ][24-Feb-2023 23:55:38 PM] Selenium_Wrapper.openBrowser:(48) - Opening chrome browser.
[INFO ][24-Feb-2023 23:55:42 PM] Selenium_Wrapper.enterURL:(82) - Entering url :https://macu1--upgrade.custhelp.com/
[INFO ][24-Feb-2023 23:55:46 PM] Selenium_Wrapper.enterText:(311) - Entering Text :automation_testing in WebElement :[[ChromeDriver: chrome on WINDOWS (25cec6d6d2bf27ae3af1abdb27fe339a)] -> id: rn_LoginForm_2_Username]
[INFO ][24-Feb-2023 23:55:48 PM] Selenium_Wrapper.enterText:(311) - Entering Text :Soft@123 in WebElement :[[ChromeDriver: chrome on WINDOWS (25cec6d6d2bf27ae3af1abdb27fe339a)] -> id: rn_LoginForm_2_Password]
[INFO ][24-Feb-2023 23:55:55 PM] Selenium_Wrapper.click:(199) - Clicking on :[[ChromeDriver: chrome on WINDOWS (25cec6d6d2bf27ae3af1abdb27fe339a)] -> id: rn_LoginForm_2_Submit]
[INFO ][24-Feb-2023 23:56:05 PM] Selenium_Wrapper.click:(199) - Clicking on :[[ChromeDriver: chrome on WINDOWS (25cec6d6d2bf27ae3af1abdb27fe339a)] -> xpath: //input[@type='search']]
[INFO ][24-Feb-2023 23:56:06 PM] Selenium_Wrapper.enterText:(311) - Entering Text :Business Auto Loan in WebElement :[[ChromeDriver: chrome on WINDOWS (25cec6d6d2bf27ae3af1abdb27fe339a)] -> xpath: //input[@type='search']]
[INFO ][24-Feb-2023 23:56:22 PM] Selenium_Wrapper.click:(199) - Clicking on :[[ChromeDriver: chrome on WINDOWS (25cec6d6d2bf27ae3af1abdb27fe339a)] -> xpath: //ul[@aria-label='Suggested Search']//li[normalize-space()= 'Business Auto Loan' ]]
[INFO ][24-Feb-2023 23:56:29 PM] Selenium_Wrapper.click:(199) - Clicking on :[[ChromeDriver: chrome on WINDOWS (25cec6d6d2bf27ae3af1abdb27fe339a)] -> xpath: //div[@class='rn_SearchResultContent']//a[text()='Business Auto Loan']]
[INFO ][24-Feb-2023 23:56:52 PM] Selenium_Wrapper.click:(199) - Clicking on :[[ChromeDriver: chrome on WINDOWS (25cec6d6d2bf27ae3af1abdb27fe339a)] -> xpath: //button[@class='rn_RecommendContentButton p-0']]
[INFO ][24-Feb-2023 23:56:54 PM] Selenium_Wrapper.enterText:(311) - Entering Text :Test Improve, comments, updates in WebElement :[[ChromeDriver: chrome on WINDOWS (25cec6d6d2bf27ae3af1abdb27fe339a)] -> id: rn_RequestUpdate_26_Description]
[INFO ][24-Feb-2023 23:56:59 PM] Selenium_Wrapper.click:(199) - Clicking on :[[ChromeDriver: chrome on WINDOWS (25cec6d6d2bf27ae3af1abdb27fe339a)] -> xpath: //button[text()='Submit']]
[INFO ][24-Feb-2023 23:57:11 PM] Selenium_Wrapper.click:(199) - Clicking on :[[ChromeDriver: chrome on WINDOWS (25cec6d6d2bf27ae3af1abdb27fe339a)] -> xpath: //div[@id='rnDialog2']//button[@type='button']]
[INFO ][24-Feb-2023 23:57:28 PM] Selenium_Wrapper.click:(199) - Clicking on :[[ChromeDriver: chrome on WINDOWS (25cec6d6d2bf27ae3af1abdb27fe339a)] -> class name: knowledge]
[INFO ][24-Feb-2023 23:57:35 PM] Selenium_Wrapper.click:(199) - Clicking on :[[ChromeDriver: chrome on WINDOWS (25cec6d6d2bf27ae3af1abdb27fe339a)] -> xpath: //div[@class='dropdown']]
[INFO ][24-Feb-2023 23:57:45 PM] Selenium_Wrapper.click:(199) - Clicking on :[[ChromeDriver: chrome on WINDOWS (25cec6d6d2bf27ae3af1abdb27fe339a)] -> xpath: //a[text()='My Feedback']]
[INFO ][24-Feb-2023 23:57:46 PM] Selenium_Wrapper.enterText:(311) - Entering Text :Business Auto Loan in WebElement :[[ChromeDriver: chrome on WINDOWS (25cec6d6d2bf27ae3af1abdb27fe339a)] -> xpath: //input[@placeholder='Search Your Feedback Report']]
[INFO ][24-Feb-2023 23:58:00 PM] Selenium_Wrapper.click:(199) - Clicking on :[[ChromeDriver: chrome on WINDOWS (25cec6d6d2bf27ae3af1abdb27fe339a)] -> xpath: //div[@class='rn_SearchInput1 mt-3']//span[@class='btn-srch-icon']//i[@class='fa fa-search']]
[INFO ][24-Feb-2023 23:58:27 PM] Selenium_Wrapper.click:(199) - Clicking on :[[ChromeDriver: chrome on WINDOWS (25cec6d6d2bf27ae3af1abdb27fe339a)] -> xpath: //tr[@data-yui3-record='model_11']//td[@headers='Grid_6_c1']/a]
[INFO ][24-Feb-2023 23:59:00 PM] Selenium_Wrapper.click:(199) - Clicking on :[[ChromeDriver: chrome on WINDOWS (25cec6d6d2bf27ae3af1abdb27fe339a)] -> class name: knowledge]
[INFO ][24-Feb-2023 23:59:05 PM] Selenium_Wrapper.closeCurrentBrowser:(651) - Closing the current Browser
[INFO ][24-Feb-2023 23:59:06 PM] Selenium_Wrapper.openBrowser:(48) - Opening chrome browser.
[INFO ][24-Feb-2023 23:59:14 PM] Selenium_Wrapper.enterURL:(82) - Entering url :https://macu1--upgrade.custhelp.com/AgentWeb/
[INFO ][24-Feb-2023 23:59:19 PM] Selenium_Wrapper.enterText:(311) - Entering Text :automation_testing in WebElement :[[ChromeDriver: chrome on WINDOWS (d0db6776ffe03ae4918802f97c55b993)] -> id: username]
[INFO ][24-Feb-2023 23:59:20 PM] Selenium_Wrapper.enterText:(311) - Entering Text :Welcome123 in WebElement :[[ChromeDriver: chrome on WINDOWS (d0db6776ffe03ae4918802f97c55b993)] -> id: password]
[INFO ][24-Feb-2023 23:59:35 PM] Selenium_Wrapper.click:(199) - Clicking on :[[ChromeDriver: chrome on WINDOWS (d0db6776ffe03ae4918802f97c55b993)] -> id: loginbutton]
[INFO ][24-Feb-2023 23:59:55 PM] Selenium_Wrapper.click:(199) - Clicking on :[[ChromeDriver: chrome on WINDOWS (d0db6776ffe03ae4918802f97c55b993)] -> id: navigationSetBtn]
[INFO ][25-Feb-2023 00:00:00 AM] Selenium_Wrapper.click:(199) - Clicking on :[[ChromeDriver: chrome on WINDOWS (d0db6776ffe03ae4918802f97c55b993)] -> xpath: (//div[text()='Analytics']//a)]
[INFO ][25-Feb-2023 00:00:06 AM] Selenium_Wrapper.click:(199) - Clicking on :[[ChromeDriver: chrome on WINDOWS (d0db6776ffe03ae4918802f97c55b993)] -> xpath: //span[text()='Reports Explorer']]
[INFO ][25-Feb-2023 00:00:11 AM] Selenium_Wrapper.click:(199) - Clicking on :[[ChromeDriver: chrome on WINDOWS (d0db6776ffe03ae4918802f97c55b993)] -> xpath: //div[text()='Public Reports']]
[INFO ][25-Feb-2023 00:00:16 AM] Selenium_Wrapper.click:(199) - Clicking on :[[ChromeDriver: chrome on WINDOWS (d0db6776ffe03ae4918802f97c55b993)] -> xpath: //div[text()='MACU CUSTOM REPORTS']]
[INFO ][25-Feb-2023 00:00:21 AM] Selenium_Wrapper.click:(199) - Clicking on :[[ChromeDriver: chrome on WINDOWS (d0db6776ffe03ae4918802f97c55b993)] -> xpath: //div[text()='SoftClouds']]
[INFO ][25-Feb-2023 00:00:27 AM] Selenium_Wrapper.click:(199) - Clicking on :[[ChromeDriver: chrome on WINDOWS (d0db6776ffe03ae4918802f97c55b993)] -> xpath: //div[text()='OKCS']]
[INFO ][25-Feb-2023 00:00:39 AM] Selenium_Wrapper.doubleClick:(280) - Double clicking on :[[ChromeDriver: chrome on WINDOWS (d0db6776ffe03ae4918802f97c55b993)] -> xpath: //div[@class='explorer-right-panel']//div[@class='explorer-data-grid']//span[text()='Feedback Admin Report']]
[INFO ][25-Feb-2023 00:00:55 AM] Selenium_Wrapper.click:(199) - Clicking on :[[ChromeDriver: chrome on WINDOWS (d0db6776ffe03ae4918802f97c55b993)] -> xpath: //div[@class='container wsx-flex']//div[@class='analyticsTopSection']//div[@class='select-box-root select-box-display-text-active']]
[INFO ][25-Feb-2023 00:01:00 AM] Selenium_Wrapper.click:(199) - Clicking on :[[ChromeDriver: chrome on WINDOWS (d0db6776ffe03ae4918802f97c55b993)] -> xpath: //input[@aria-label='From']]
[INFO ][25-Feb-2023 00:01:01 AM] Selenium_Wrapper.clearTextBox:(295) - Cleared TextBox Field: [[ChromeDriver: chrome on WINDOWS (d0db6776ffe03ae4918802f97c55b993)] -> xpath: //input[@aria-label='From']]
[INFO ][25-Feb-2023 00:01:02 AM] Selenium_Wrapper.enterText:(311) - Entering Text :09/10/2021 in WebElement :[[ChromeDriver: chrome on WINDOWS (d0db6776ffe03ae4918802f97c55b993)] -> xpath: //input[@aria-label='From']]
[INFO ][25-Feb-2023 00:01:07 AM] Selenium_Wrapper.click:(199) - Clicking on :[[ChromeDriver: chrome on WINDOWS (d0db6776ffe03ae4918802f97c55b993)] -> xpath: //span[@id='_oj40|text']//span[text()='Search']]
[INFO ][25-Feb-2023 00:01:16 AM] Selenium_Wrapper.doubleClick:(280) - Double clicking on :[[ChromeDriver: chrome on WINDOWS (d0db6776ffe03ae4918802f97c55b993)] -> xpath: //div[@class='container wsx-flex']//div[contains(@column-id,'2')][1]]
[INFO ][25-Feb-2023 00:01:30 AM] Selenium_Wrapper.click:(199) - Clicking on :[[ChromeDriver: chrome on WINDOWS (d0db6776ffe03ae4918802f97c55b993)] -> xpath: //span[text()='Messages']]
[INFO ][25-Feb-2023 00:01:35 AM] Selenium_Wrapper.click:(199) - Clicking on :[[ChromeDriver: chrome on WINDOWS (d0db6776ffe03ae4918802f97c55b993)] -> xpath: //div[contains(@class,'cke_wysiwyg_div ')]]
[INFO ][25-Feb-2023 00:01:36 AM] Selenium_Wrapper.enterText:(311) - Entering Text :It is working as per Expected in WebElement :[[ChromeDriver: chrome on WINDOWS (d0db6776ffe03ae4918802f97c55b993)] -> xpath: //div[contains(@class,'cke_wysiwyg_div ')]]
[INFO ][25-Feb-2023 00:01:42 AM] Selenium_Wrapper.click:(199) - Clicking on :[[ChromeDriver: chrome on WINDOWS (d0db6776ffe03ae4918802f97c55b993)] -> xpath: //div[@class='ws-toolbar-button-image bui-icon save-icon fa-lg']]
[INFO ][25-Feb-2023 00:01:47 AM] Selenium_Wrapper.click:(199) - Clicking on :[[ChromeDriver: chrome on WINDOWS (d0db6776ffe03ae4918802f97c55b993)] -> xpath: //span[text()='Summary']]
[INFO ][25-Feb-2023 00:01:54 AM] Selenium_Wrapper.clickUsingActions:(249) - Clicking on :[[ChromeDriver: chrome on WINDOWS (d0db6776ffe03ae4918802f97c55b993)] -> xpath: //div[contains(@id,'Incident_Status')][@class='display-text']]
[INFO ][25-Feb-2023 00:02:01 AM] Selenium_Wrapper.click:(199) - Clicking on :[[ChromeDriver: chrome on WINDOWS (d0db6776ffe03ae4918802f97c55b993)] -> xpath: (//div[@title='Solved'])[1]]
[INFO ][25-Feb-2023 00:02:08 AM] Selenium_Wrapper.click:(199) - Clicking on :[[ChromeDriver: chrome on WINDOWS (d0db6776ffe03ae4918802f97c55b993)] -> xpath: //div[@class='ws-toolbar-button-image bui-icon save-icon fa-lg']]
[INFO ][25-Feb-2023 00:02:18 AM] Selenium_Wrapper.click:(199) - Clicking on :[[ChromeDriver: chrome on WINDOWS (d0db6776ffe03ae4918802f97c55b993)] -> xpath: (//a[@class='closeButton'])[3]]
[INFO ][25-Feb-2023 00:02:25 AM] Selenium_Wrapper.click:(199) - Clicking on :[[ChromeDriver: chrome on WINDOWS (d0db6776ffe03ae4918802f97c55b993)] -> xpath: (//a[@class='closeButton'])[2]]
[INFO ][25-Feb-2023 00:02:32 AM] Selenium_Wrapper.click:(199) - Clicking on :[[ChromeDriver: chrome on WINDOWS (d0db6776ffe03ae4918802f97c55b993)] -> xpath: (//a[@class='closeButton'])[1]]
[INFO ][25-Feb-2023 00:02:47 AM] Selenium_Wrapper.click:(199) - Clicking on :[[ChromeDriver: chrome on WINDOWS (d0db6776ffe03ae4918802f97c55b993)] -> xpath: //body//oj-avatar[@initials='[[userMenuLabel]]']]
[INFO ][25-Feb-2023 00:02:54 AM] Selenium_Wrapper.click:(199) - Clicking on :[[ChromeDriver: chrome on WINDOWS (d0db6776ffe03ae4918802f97c55b993)] -> xpath: //a//span[text()='Sign Out']]
[INFO ][25-Feb-2023 00:03:06 AM] Selenium_Wrapper.click:(199) - Clicking on :[[ChromeDriver: chrome on WINDOWS (d0db6776ffe03ae4918802f97c55b993)] -> xpath: //a[text()='Click here']]
[INFO ][25-Feb-2023 00:03:09 AM] Selenium_Wrapper.closeCurrentBrowser:(651) - Closing the current Browser
