[INFO ][09-Nov-2021 11:54:02 am] Selenium_Wrapper.openBrowser:(48) - Opening chrome browser.
[INFO ][09-Nov-2021 11:54:15 am] Selenium_Wrapper.enterURL:(82) - Entering url :https://macu1--tst.custhelp.com/app/home
[INFO ][09-Nov-2021 11:54:19 am] Selenium_Wrapper.enterText:(311) - Entering Text :pramodk in WebElement :[[ChromeDriver: chrome on WINDOWS (8438dcd9356572075202b4dbdd8f5154)] -> id: rn_LoginForm_2_Username]
[INFO ][09-Nov-2021 11:54:20 am] Selenium_Wrapper.enterText:(311) - Entering Text :Soft@123 in WebElement :[[ChromeDriver: chrome on WINDOWS (8438dcd9356572075202b4dbdd8f5154)] -> id: rn_LoginForm_2_Password]
[INFO ][09-Nov-2021 11:54:27 am] Selenium_Wrapper.click:(199) - Clicking on :[[ChromeDriver: chrome on WINDOWS (8438dcd9356572075202b4dbdd8f5154)] -> id: rn_LoginForm_2_Submit]
[INFO ][09-Nov-2021 11:54:37 am] Selenium_Wrapper.click:(199) - Clicking on :[[ChromeDriver: chrome on WINDOWS (8438dcd9356572075202b4dbdd8f5154)] -> xpath: //input[@type='search']]
[INFO ][09-Nov-2021 11:54:38 am] Selenium_Wrapper.enterText:(311) - Entering Text :Flexible Work in WebElement :[[ChromeDriver: chrome on WINDOWS (8438dcd9356572075202b4dbdd8f5154)] -> xpath: //input[@type='search']]
[INFO ][09-Nov-2021 11:54:53 am] Selenium_Wrapper.click:(199) - Clicking on :[[ChromeDriver: chrome on WINDOWS (8438dcd9356572075202b4dbdd8f5154)] -> xpath: //ul[@aria-label='Suggested Search']//li[normalize-space()='Flexible Work']]
[INFO ][09-Nov-2021 11:55:01 am] Selenium_Wrapper.click:(199) - Clicking on :[[ChromeDriver: chrome on WINDOWS (8438dcd9356572075202b4dbdd8f5154)] -> xpath: //div[@class='rn_SearchResultContent']//a[text()='Flexible Work']]
[INFO ][09-Nov-2021 11:55:18 am] Selenium_Wrapper.click:(199) - Clicking on :[[ChromeDriver: chrome on WINDOWS (8438dcd9356572075202b4dbdd8f5154)] -> xpath: //div[@class='main_image_div']//div[@class='thumbs_up_down'][2]]
[INFO ][09-Nov-2021 11:55:29 am] Selenium_Wrapper.click:(199) - Clicking on :[[ChromeDriver: chrome on WINDOWS (8438dcd9356572075202b4dbdd8f5154)] -> id: rn_AnswerRating_3_22_FeedbackMessage]
[INFO ][09-Nov-2021 11:55:31 am] Selenium_Wrapper.enterText:(311) - Entering Text :Flexible Work - ThumbDown Comments in WebElement :[[ChromeDriver: chrome on WINDOWS (8438dcd9356572075202b4dbdd8f5154)] -> id: rn_AnswerRating_3_22_FeedbackMessage]
[INFO ][09-Nov-2021 11:55:36 am] Selenium_Wrapper.click:(199) - Clicking on :[[ChromeDriver: chrome on WINDOWS (8438dcd9356572075202b4dbdd8f5154)] -> xpath: //button[text()='SUBMIT']]
[INFO ][09-Nov-2021 11:55:41 am] Selenium_Wrapper.click:(199) - Clicking on :[[ChromeDriver: chrome on WINDOWS (8438dcd9356572075202b4dbdd8f5154)] -> xpath: //button[@class='yui3-button yui3-button-close']]
[INFO ][09-Nov-2021 11:55:48 am] Selenium_Wrapper.click:(199) - Clicking on :[[ChromeDriver: chrome on WINDOWS (8438dcd9356572075202b4dbdd8f5154)] -> xpath: //div[@class='dropdown']]
[INFO ][09-Nov-2021 11:56:00 am] Selenium_Wrapper.click:(199) - Clicking on :[[ChromeDriver: chrome on WINDOWS (8438dcd9356572075202b4dbdd8f5154)] -> xpath: //a[text()='My Feedback']]
[INFO ][09-Nov-2021 11:56:27 am] Selenium_Wrapper.click:(199) - Clicking on :[[ChromeDriver: chrome on WINDOWS (8438dcd9356572075202b4dbdd8f5154)] -> xpath: ((//table//tbody)[2]//a)[1]]
[INFO ][09-Nov-2021 11:56:55 am] Selenium_Wrapper.click:(199) - Clicking on :[[ChromeDriver: chrome on WINDOWS (8438dcd9356572075202b4dbdd8f5154)] -> class name: knowledge]
[INFO ][09-Nov-2021 11:56:57 am] Selenium_Wrapper.closeCurrentBrowser:(650) - Closing the current Browser
[INFO ][09-Nov-2021 11:56:58 am] Selenium_Wrapper.openBrowser:(48) - Opening chrome browser.
[INFO ][09-Nov-2021 11:57:08 am] Selenium_Wrapper.enterURL:(82) - Entering url :https://macu1--tst.custhelp.com/AgentWeb/
[INFO ][09-Nov-2021 11:57:12 am] Selenium_Wrapper.enterText:(311) - Entering Text :RNT_pramod in WebElement :[[ChromeDriver: chrome on WINDOWS (a28f1df883fcd04bcccf286c88d40032)] -> id: username]
[INFO ][09-Nov-2021 11:57:13 am] Selenium_Wrapper.enterText:(311) - Entering Text :Welcome123 in WebElement :[[ChromeDriver: chrome on WINDOWS (a28f1df883fcd04bcccf286c88d40032)] -> id: password]
[INFO ][09-Nov-2021 11:57:49 am] Selenium_Wrapper.click:(199) - Clicking on :[[ChromeDriver: chrome on WINDOWS (a28f1df883fcd04bcccf286c88d40032)] -> id: loginbutton]
[INFO ][09-Nov-2021 11:57:57 am] Selenium_Wrapper.click:(199) - Clicking on :[[ChromeDriver: chrome on WINDOWS (a28f1df883fcd04bcccf286c88d40032)] -> xpath: (//span[@class='oj-button-icon oj-start navigator-icon oj-button-icon oj-start'])[1]]
[INFO ][09-Nov-2021 11:58:05 am] Selenium_Wrapper.click:(199) - Clicking on :[[ChromeDriver: chrome on WINDOWS (a28f1df883fcd04bcccf286c88d40032)] -> xpath: (//div[text()='Analytics']//a)]
[INFO ][09-Nov-2021 11:58:10 am] Selenium_Wrapper.click:(199) - Clicking on :[[ChromeDriver: chrome on WINDOWS (a28f1df883fcd04bcccf286c88d40032)] -> xpath: //span[text()='Reports Explorer']]
[INFO ][09-Nov-2021 11:58:15 am] Selenium_Wrapper.click:(199) - Clicking on :[[ChromeDriver: chrome on WINDOWS (a28f1df883fcd04bcccf286c88d40032)] -> xpath: //div[text()='Public Reports']]
[INFO ][09-Nov-2021 11:58:21 am] Selenium_Wrapper.click:(199) - Clicking on :[[ChromeDriver: chrome on WINDOWS (a28f1df883fcd04bcccf286c88d40032)] -> xpath: //div[text()='MACU CUSTOM REPORTS']]
[INFO ][09-Nov-2021 11:58:26 am] Selenium_Wrapper.click:(199) - Clicking on :[[ChromeDriver: chrome on WINDOWS (a28f1df883fcd04bcccf286c88d40032)] -> xpath: //div[text()='SoftClouds']]
[INFO ][09-Nov-2021 11:58:31 am] Selenium_Wrapper.click:(199) - Clicking on :[[ChromeDriver: chrome on WINDOWS (a28f1df883fcd04bcccf286c88d40032)] -> xpath: //div[text()='OKCS']]
[INFO ][09-Nov-2021 11:58:53 am] Selenium_Wrapper.click:(199) - Clicking on :[[ChromeDriver: chrome on WINDOWS (a28f1df883fcd04bcccf286c88d40032)] -> xpath: //div[contains(@class,'cke_wysiwyg_div')]]
[INFO ][09-Nov-2021 11:58:56 am] Selenium_Wrapper.enterText:(311) - Entering Text :It is working as per Expected in WebElement :[[ChromeDriver: chrome on WINDOWS (a28f1df883fcd04bcccf286c88d40032)] -> xpath: //div[contains(@class,'cke_wysiwyg_div')]]
[INFO ][09-Nov-2021 11:59:02 am] Selenium_Wrapper.click:(199) - Clicking on :[[ChromeDriver: chrome on WINDOWS (a28f1df883fcd04bcccf286c88d40032)] -> xpath: //button[@title='Send an incident response and save the incident']]
[INFO ][09-Nov-2021 11:59:12 am] Selenium_Wrapper.click:(199) - Clicking on :[[ChromeDriver: chrome on WINDOWS (a28f1df883fcd04bcccf286c88d40032)] -> xpath: //button[@data-commandtype='SaveAndSendAndClose']]
[INFO ][09-Nov-2021 11:59:22 am] Selenium_Wrapper.click:(199) - Clicking on :[[ChromeDriver: chrome on WINDOWS (a28f1df883fcd04bcccf286c88d40032)] -> xpath: //span[text()='Yes']]
[INFO ][09-Nov-2021 11:59:33 am] Selenium_Wrapper.click:(199) - Clicking on :[[ChromeDriver: chrome on WINDOWS (a28f1df883fcd04bcccf286c88d40032)] -> xpath: //div[contains(@class,'refresh-icon')]]
[INFO ][09-Nov-2021 11:59:43 am] Selenium_Wrapper.click:(199) - Clicking on :[[ChromeDriver: chrome on WINDOWS (a28f1df883fcd04bcccf286c88d40032)] -> xpath: //button[contains(@title,'Define the search')]]
[INFO ][09-Nov-2021 11:59:48 am] Selenium_Wrapper.click:(199) - Clicking on :[[ChromeDriver: chrome on WINDOWS (a28f1df883fcd04bcccf286c88d40032)] -> xpath: (//div[@class='select-box-arrow select-box-arrow-cursor'])[3]]
[INFO ][09-Nov-2021 11:59:53 am] Selenium_Wrapper.click:(199) - Clicking on :[[ChromeDriver: chrome on WINDOWS (a28f1df883fcd04bcccf286c88d40032)] -> xpath: //div[@title='Solved']]
[INFO ][09-Nov-2021 11:59:59 am] Selenium_Wrapper.click:(199) - Clicking on :[[ChromeDriver: chrome on WINDOWS (a28f1df883fcd04bcccf286c88d40032)] -> xpath: (//span[text()='Search'])[3]]
[INFO ][09-Nov-2021 12:00:12 pm] Selenium_Wrapper.click:(199) - Clicking on :[[ChromeDriver: chrome on WINDOWS (a28f1df883fcd04bcccf286c88d40032)] -> xpath: (//div[@class='primary-tab-header']//ul//li)[2]//span//a//i]
[INFO ][09-Nov-2021 12:00:20 pm] Selenium_Wrapper.click:(199) - Clicking on :[[ChromeDriver: chrome on WINDOWS (a28f1df883fcd04bcccf286c88d40032)] -> xpath: //body//span[@id='initialsText']]
[INFO ][09-Nov-2021 12:00:27 pm] Selenium_Wrapper.click:(199) - Clicking on :[[ChromeDriver: chrome on WINDOWS (a28f1df883fcd04bcccf286c88d40032)] -> xpath: //a//span[text()='Sign Out']]
[INFO ][09-Nov-2021 12:00:32 pm] Selenium_Wrapper.closeCurrentBrowser:(650) - Closing the current Browser
