[INFO ][07-May-2024 11:56:48 AM] Selenium_Wrapper.openBrowser:(54) - Opening chrome browser.
[INFO ][07-May-2024 11:56:55 AM] Selenium_Wrapper.enterURL:(88) - Entering url :https://macu1--tst1.custhelp.com/app/home
[INFO ][07-May-2024 11:56:59 AM] Selenium_Wrapper.enterText:(317) - Entering Text :swamyk in WebElement :[[ChromeDriver: chrome on WINDOWS (d55a033899f29237bd25da2e48271fce)] -> id: rn_LoginForm_2_Username]
[INFO ][07-May-2024 11:57:01 AM] Selenium_Wrapper.enterText:(317) - Entering Text :Soft@123 in WebElement :[[ChromeDriver: chrome on WINDOWS (d55a033899f29237bd25da2e48271fce)] -> id: rn_LoginForm_2_Password]
[INFO ][07-May-2024 11:57:05 AM] Selenium_Wrapper.click:(205) - Clicking on :[[ChromeDriver: chrome on WINDOWS (d55a033899f29237bd25da2e48271fce)] -> id: rn_LoginForm_2_Submit]
[INFO ][07-May-2024 11:57:10 AM] Selenium_Wrapper.click:(205) - Clicking on :[[ChromeDriver: chrome on WINDOWS (d55a033899f29237bd25da2e48271fce)] -> xpath: //input[@type='search']]
[INFO ][07-May-2024 11:57:12 AM] Selenium_Wrapper.enterText:(317) - Entering Text :Business Use Auto Loan in WebElement :[[ChromeDriver: chrome on WINDOWS (d55a033899f29237bd25da2e48271fce)] -> xpath: //input[@type='search']]
[INFO ][07-May-2024 11:57:22 AM] Selenium_Wrapper.click:(205) - Clicking on :[[ChromeDriver: chrome on WINDOWS (d55a033899f29237bd25da2e48271fce)] -> xpath: (//div[@class='yui3-aclist-content']//li//li)[1]]
[INFO ][07-May-2024 11:57:26 AM] Selenium_Wrapper.click:(205) - Clicking on :[[ChromeDriver: chrome on WINDOWS (d55a033899f29237bd25da2e48271fce)] -> xpath: (//div[@class='rn_SearchResultContent']//a)[1]]
[INFO ][07-May-2024 11:57:34 AM] Selenium_Wrapper.click:(205) - Clicking on :[[ChromeDriver: chrome on WINDOWS (d55a033899f29237bd25da2e48271fce)] -> xpath: //div[@class='main_image_div']//div[@class='thumbs_up_down'][2]]
[INFO ][07-May-2024 11:57:43 AM] Selenium_Wrapper.click:(205) - Clicking on :[[ChromeDriver: chrome on WINDOWS (d55a033899f29237bd25da2e48271fce)] -> xpath: //button[@class='rn_RecommendContentButton p-0']]
[INFO ][07-May-2024 11:57:44 AM] Selenium_Wrapper.enterText:(317) - Entering Text :Flexible Work - ThumbDown Comments in WebElement :[[ChromeDriver: chrome on WINDOWS (d55a033899f29237bd25da2e48271fce)] -> id: rn_RequestUpdate_25_Description]
[INFO ][07-May-2024 11:57:46 AM] Selenium_Wrapper.click:(205) - Clicking on :[[ChromeDriver: chrome on WINDOWS (d55a033899f29237bd25da2e48271fce)] -> xpath: //button[text()='Submit']]
[INFO ][07-May-2024 11:57:48 AM] Selenium_Wrapper.click:(205) - Clicking on :[[ChromeDriver: chrome on WINDOWS (d55a033899f29237bd25da2e48271fce)] -> xpath: (//button[@class='yui3-button yui3-button-close'])[2]]
[INFO ][07-May-2024 11:57:52 AM] Selenium_Wrapper.click:(205) - Clicking on :[[ChromeDriver: chrome on WINDOWS (d55a033899f29237bd25da2e48271fce)] -> xpath: //div[@class='dropdown']]
[INFO ][07-May-2024 11:57:58 AM] Selenium_Wrapper.click:(205) - Clicking on :[[ChromeDriver: chrome on WINDOWS (d55a033899f29237bd25da2e48271fce)] -> xpath: //a[text()='My Feedback']]
[INFO ][07-May-2024 11:58:20 AM] Selenium_Wrapper.click:(205) - Clicking on :[[ChromeDriver: chrome on WINDOWS (d55a033899f29237bd25da2e48271fce)] -> xpath: ((//table//tbody)[2]//a)[1]]
[INFO ][07-May-2024 11:58:46 AM] Selenium_Wrapper.click:(205) - Clicking on :[[ChromeDriver: chrome on WINDOWS (d55a033899f29237bd25da2e48271fce)] -> class name: knowledge]
[INFO ][07-May-2024 11:58:48 AM] Selenium_Wrapper.closeCurrentBrowser:(657) - Closing the current Browser
[INFO ][07-May-2024 11:58:49 AM] Selenium_Wrapper.openBrowser:(54) - Opening chrome browser.
[INFO ][07-May-2024 11:58:53 AM] Selenium_Wrapper.enterURL:(88) - Entering url :https://macu1--tst1.custhelp.com/AgentWeb/
[INFO ][07-May-2024 11:58:57 AM] Selenium_Wrapper.enterText:(317) - Entering Text :automation_testing in WebElement :[[ChromeDriver: chrome on WINDOWS (7da6a82aa43071984050dbad59cd5c86)] -> id: username]
[INFO ][07-May-2024 11:58:58 AM] Selenium_Wrapper.enterText:(317) - Entering Text :Welcome123 in WebElement :[[ChromeDriver: chrome on WINDOWS (7da6a82aa43071984050dbad59cd5c86)] -> id: password]
[INFO ][07-May-2024 11:59:11 AM] Selenium_Wrapper.click:(205) - Clicking on :[[ChromeDriver: chrome on WINDOWS (7da6a82aa43071984050dbad59cd5c86)] -> id: loginbutton]
[INFO ][07-May-2024 11:59:38 AM] Selenium_Wrapper.click:(205) - Clicking on :[[ChromeDriver: chrome on WINDOWS (7da6a82aa43071984050dbad59cd5c86)] -> xpath: //oj-button[@id='navigationSetBtn']]
[INFO ][07-May-2024 11:59:41 AM] Selenium_Wrapper.click:(205) - Clicking on :[[ChromeDriver: chrome on WINDOWS (7da6a82aa43071984050dbad59cd5c86)] -> xpath: //div[text()='Analytics']]
[INFO ][07-May-2024 11:59:43 AM] Selenium_Wrapper.click:(205) - Clicking on :[[ChromeDriver: chrome on WINDOWS (7da6a82aa43071984050dbad59cd5c86)] -> xpath: //span[text()='Reports Explorer']]
[INFO ][07-May-2024 11:59:45 AM] Selenium_Wrapper.click:(205) - Clicking on :[[ChromeDriver: chrome on WINDOWS (7da6a82aa43071984050dbad59cd5c86)] -> xpath: //div[text()='Public Reports']]
[INFO ][07-May-2024 11:59:47 AM] Selenium_Wrapper.click:(205) - Clicking on :[[ChromeDriver: chrome on WINDOWS (7da6a82aa43071984050dbad59cd5c86)] -> xpath: //div[text()='MACU CUSTOM REPORTS']]
[INFO ][07-May-2024 11:59:49 AM] Selenium_Wrapper.click:(205) - Clicking on :[[ChromeDriver: chrome on WINDOWS (7da6a82aa43071984050dbad59cd5c86)] -> xpath: //div[text()='SoftClouds']]
[INFO ][07-May-2024 11:59:52 AM] Selenium_Wrapper.click:(205) - Clicking on :[[ChromeDriver: chrome on WINDOWS (7da6a82aa43071984050dbad59cd5c86)] -> xpath: //div[text()='OKCS']]
[INFO ][07-May-2024 12:00:04 PM] Selenium_Wrapper.doubleClick:(286) - Double clicking on :[[ChromeDriver: chrome on WINDOWS (7da6a82aa43071984050dbad59cd5c86)] -> xpath: //div[@class='explorer-right-panel']//div[@class='explorer-data-grid']//span[text()='Feedback Admin Report']]
[INFO ][07-May-2024 12:00:17 PM] Selenium_Wrapper.click:(205) - Clicking on :[[ChromeDriver: chrome on WINDOWS (7da6a82aa43071984050dbad59cd5c86)] -> xpath: //div[@class='container wsx-flex']//div[@class='analyticsTopSection']//div[@class='select-box-root select-box-display-text-active']]
[INFO ][07-May-2024 12:00:19 PM] Selenium_Wrapper.click:(205) - Clicking on :[[ChromeDriver: chrome on WINDOWS (7da6a82aa43071984050dbad59cd5c86)] -> xpath: (//span[text()='Search'])[2]]
[INFO ][07-May-2024 12:00:28 PM] Selenium_Wrapper.doubleClick:(286) - Double clicking on :[[ChromeDriver: chrome on WINDOWS (7da6a82aa43071984050dbad59cd5c86)] -> xpath: //div[@class='container wsx-flex']//div[contains(@column-id,'2')][1]]
[INFO ][07-May-2024 12:00:39 PM] Selenium_Wrapper.click:(205) - Clicking on :[[ChromeDriver: chrome on WINDOWS (7da6a82aa43071984050dbad59cd5c86)] -> xpath: //span[text()='Messages']]
[INFO ][07-May-2024 12:00:41 PM] Selenium_Wrapper.click:(205) - Clicking on :[[ChromeDriver: chrome on WINDOWS (7da6a82aa43071984050dbad59cd5c86)] -> xpath: //div[contains(@class,'cke_wysiwyg_div ')]]
[INFO ][07-May-2024 12:00:42 PM] Selenium_Wrapper.enterText:(317) - Entering Text :It is working as per Expected in WebElement :[[ChromeDriver: chrome on WINDOWS (7da6a82aa43071984050dbad59cd5c86)] -> xpath: //div[contains(@class,'cke_wysiwyg_div ')]]
[INFO ][07-May-2024 12:00:44 PM] Selenium_Wrapper.click:(205) - Clicking on :[[ChromeDriver: chrome on WINDOWS (7da6a82aa43071984050dbad59cd5c86)] -> xpath: //div[@class='ws-toolbar-button-image bui-icon save-icon fa-lg']]
[INFO ][07-May-2024 12:00:46 PM] Selenium_Wrapper.click:(205) - Clicking on :[[ChromeDriver: chrome on WINDOWS (7da6a82aa43071984050dbad59cd5c86)] -> xpath: //span[text()='Summary']]
[INFO ][07-May-2024 12:00:53 PM] Selenium_Wrapper.clickUsingActions:(255) - Clicking on :[[ChromeDriver: chrome on WINDOWS (7da6a82aa43071984050dbad59cd5c86)] -> xpath: //div[contains(@id,'Incident_Status')][@class='display-text']]
[INFO ][07-May-2024 12:00:58 PM] Selenium_Wrapper.click:(205) - Clicking on :[[ChromeDriver: chrome on WINDOWS (7da6a82aa43071984050dbad59cd5c86)] -> xpath: (//div[@title='Solved'])[1]]
[INFO ][07-May-2024 12:01:02 PM] Selenium_Wrapper.click:(205) - Clicking on :[[ChromeDriver: chrome on WINDOWS (7da6a82aa43071984050dbad59cd5c86)] -> xpath: //div[@class='ws-toolbar-button-image bui-icon save-icon fa-lg']]
[INFO ][07-May-2024 12:01:08 PM] Selenium_Wrapper.click:(205) - Clicking on :[[ChromeDriver: chrome on WINDOWS (7da6a82aa43071984050dbad59cd5c86)] -> xpath: (//a[@class='closeButton'])[3]]
[INFO ][07-May-2024 12:01:12 PM] Selenium_Wrapper.click:(205) - Clicking on :[[ChromeDriver: chrome on WINDOWS (7da6a82aa43071984050dbad59cd5c86)] -> xpath: (//a[@class='closeButton'])[2]]
[INFO ][07-May-2024 12:01:16 PM] Selenium_Wrapper.click:(205) - Clicking on :[[ChromeDriver: chrome on WINDOWS (7da6a82aa43071984050dbad59cd5c86)] -> xpath: (//a[@class='closeButton'])[1]]
[INFO ][07-May-2024 12:01:23 PM] Selenium_Wrapper.click:(205) - Clicking on :[[ChromeDriver: chrome on WINDOWS (7da6a82aa43071984050dbad59cd5c86)] -> xpath: //body//oj-avatar[@initials='[[userMenuLabel]]']]
[INFO ][07-May-2024 12:01:28 PM] Selenium_Wrapper.click:(205) - Clicking on :[[ChromeDriver: chrome on WINDOWS (7da6a82aa43071984050dbad59cd5c86)] -> xpath: //a//span[text()='Sign Out']]
[INFO ][07-May-2024 12:01:33 PM] Selenium_Wrapper.closeCurrentBrowser:(657) - Closing the current Browser
