[INFO ][07-May-2024 11:53:02 AM] Selenium_Wrapper.openBrowser:(54) - Opening chrome browser.
[INFO ][07-May-2024 11:53:05 AM] Selenium_Wrapper.enterURL:(88) - Entering url :https://macu1--tst1.custhelp.com/AgentWeb/
[INFO ][07-May-2024 11:53:10 AM] Selenium_Wrapper.enterText:(317) - Entering Text :automation_testing in WebElement :[[ChromeDriver: chrome on WINDOWS (59ef4ad244880a17c8babbd0d219fde1)] -> id: username]
[INFO ][07-May-2024 11:53:11 AM] Selenium_Wrapper.enterText:(317) - Entering Text :Welcome123 in WebElement :[[ChromeDriver: chrome on WINDOWS (59ef4ad244880a17c8babbd0d219fde1)] -> id: password]
[INFO ][07-May-2024 11:53:28 AM] Selenium_Wrapper.click:(205) - Clicking on :[[ChromeDriver: chrome on WINDOWS (59ef4ad244880a17c8babbd0d219fde1)] -> id: loginbutton]
[INFO ][07-May-2024 11:53:49 AM] Selenium_Wrapper.click:(205) - Clicking on :[[ChromeDriver: chrome on WINDOWS (59ef4ad244880a17c8babbd0d219fde1)] -> xpath: //oj-button[@id='navigationSetBtn']]
[INFO ][07-May-2024 11:53:55 AM] Selenium_Wrapper.click:(205) - Clicking on :[[ChromeDriver: chrome on WINDOWS (59ef4ad244880a17c8babbd0d219fde1)] -> xpath: //div[text()='Analytics']]
[INFO ][07-May-2024 11:53:57 AM] Selenium_Wrapper.click:(205) - Clicking on :[[ChromeDriver: chrome on WINDOWS (59ef4ad244880a17c8babbd0d219fde1)] -> xpath: //span[text()='Reports Explorer']]
[INFO ][07-May-2024 11:54:00 AM] Selenium_Wrapper.click:(205) - Clicking on :[[ChromeDriver: chrome on WINDOWS (59ef4ad244880a17c8babbd0d219fde1)] -> xpath: //div[text()='Public Reports']]
[INFO ][07-May-2024 11:54:02 AM] Selenium_Wrapper.click:(205) - Clicking on :[[ChromeDriver: chrome on WINDOWS (59ef4ad244880a17c8babbd0d219fde1)] -> xpath: //div[text()='MACU CUSTOM REPORTS']]
[INFO ][07-May-2024 11:54:04 AM] Selenium_Wrapper.click:(205) - Clicking on :[[ChromeDriver: chrome on WINDOWS (59ef4ad244880a17c8babbd0d219fde1)] -> xpath: //div[text()='SoftClouds']]
[INFO ][07-May-2024 11:54:06 AM] Selenium_Wrapper.click:(205) - Clicking on :[[ChromeDriver: chrome on WINDOWS (59ef4ad244880a17c8babbd0d219fde1)] -> xpath: //div[text()='OKCS']]
[INFO ][07-May-2024 11:54:14 AM] Selenium_Wrapper.doubleClick:(286) - Double clicking on :[[ChromeDriver: chrome on WINDOWS (59ef4ad244880a17c8babbd0d219fde1)] -> xpath: //div[@class='explorer-right-panel']//div[@class='explorer-data-grid']//span[text()='Feedback Admin Report']]
[INFO ][07-May-2024 11:54:25 AM] Selenium_Wrapper.click:(205) - Clicking on :[[ChromeDriver: chrome on WINDOWS (59ef4ad244880a17c8babbd0d219fde1)] -> xpath: //div[@class='container wsx-flex']//div[@class='analyticsTopSection']//div[@class='select-box-root select-box-display-text-active']]
[INFO ][07-May-2024 11:54:42 AM] Selenium_Wrapper.click:(205) - Clicking on :[[ChromeDriver: chrome on WINDOWS (59ef4ad244880a17c8babbd0d219fde1)] -> xpath: (//span[text()='Search'])[2]]
[INFO ][07-May-2024 11:54:51 AM] Selenium_Wrapper.doubleClick:(286) - Double clicking on :[[ChromeDriver: chrome on WINDOWS (59ef4ad244880a17c8babbd0d219fde1)] -> xpath: //div[@class='container wsx-flex']//div[contains(@column-id,'2')][1]]
[INFO ][07-May-2024 11:55:00 AM] Selenium_Wrapper.click:(205) - Clicking on :[[ChromeDriver: chrome on WINDOWS (59ef4ad244880a17c8babbd0d219fde1)] -> xpath: //span[text()='Messages']]
[INFO ][07-May-2024 11:55:02 AM] Selenium_Wrapper.click:(205) - Clicking on :[[ChromeDriver: chrome on WINDOWS (59ef4ad244880a17c8babbd0d219fde1)] -> xpath: //div[contains(@class,'cke_wysiwyg_div ')]]
[INFO ][07-May-2024 11:55:04 AM] Selenium_Wrapper.enterText:(317) - Entering Text :It is working as per Expected in WebElement :[[ChromeDriver: chrome on WINDOWS (59ef4ad244880a17c8babbd0d219fde1)] -> xpath: //div[contains(@class,'cke_wysiwyg_div ')]]
[INFO ][07-May-2024 11:55:06 AM] Selenium_Wrapper.click:(205) - Clicking on :[[ChromeDriver: chrome on WINDOWS (59ef4ad244880a17c8babbd0d219fde1)] -> xpath: //div[@class='ws-toolbar-button-image bui-icon save-icon fa-lg']]
[INFO ][07-May-2024 11:55:08 AM] Selenium_Wrapper.click:(205) - Clicking on :[[ChromeDriver: chrome on WINDOWS (59ef4ad244880a17c8babbd0d219fde1)] -> xpath: //span[text()='Summary']]
[INFO ][07-May-2024 11:55:15 AM] Selenium_Wrapper.clickUsingActions:(255) - Clicking on :[[ChromeDriver: chrome on WINDOWS (59ef4ad244880a17c8babbd0d219fde1)] -> xpath: //div[contains(@id,'Incident_Status')][@class='display-text']]
[INFO ][07-May-2024 11:55:18 AM] Selenium_Wrapper.click:(205) - Clicking on :[[ChromeDriver: chrome on WINDOWS (59ef4ad244880a17c8babbd0d219fde1)] -> xpath: (//div[@title='Solved'])[1]]
[INFO ][07-May-2024 11:55:21 AM] Selenium_Wrapper.click:(205) - Clicking on :[[ChromeDriver: chrome on WINDOWS (59ef4ad244880a17c8babbd0d219fde1)] -> xpath: //div[@class='ws-toolbar-button-image bui-icon save-icon fa-lg']]
[INFO ][07-May-2024 11:55:26 AM] Selenium_Wrapper.click:(205) - Clicking on :[[ChromeDriver: chrome on WINDOWS (59ef4ad244880a17c8babbd0d219fde1)] -> xpath: (//a[@class='closeButton'])[3]]
[INFO ][07-May-2024 11:55:29 AM] Selenium_Wrapper.click:(205) - Clicking on :[[ChromeDriver: chrome on WINDOWS (59ef4ad244880a17c8babbd0d219fde1)] -> xpath: (//a[@class='closeButton'])[2]]
[INFO ][07-May-2024 11:55:32 AM] Selenium_Wrapper.click:(205) - Clicking on :[[ChromeDriver: chrome on WINDOWS (59ef4ad244880a17c8babbd0d219fde1)] -> xpath: (//a[@class='closeButton'])[1]]
[INFO ][07-May-2024 11:55:35 AM] Selenium_Wrapper.click:(205) - Clicking on :[[ChromeDriver: chrome on WINDOWS (59ef4ad244880a17c8babbd0d219fde1)] -> xpath: //body//oj-avatar[@initials='[[userMenuLabel]]']]
[INFO ][07-May-2024 11:55:38 AM] Selenium_Wrapper.click:(205) - Clicking on :[[ChromeDriver: chrome on WINDOWS (59ef4ad244880a17c8babbd0d219fde1)] -> xpath: //a//span[text()='Sign Out']]
[INFO ][07-May-2024 11:55:41 AM] Selenium_Wrapper.closeCurrentBrowser:(657) - Closing the current Browser
