[INFO ][05-Jun-2024 12:07:53 PM] Selenium_Wrapper.openBrowser:(54) - Opening chrome browser.
[INFO ][05-Jun-2024 12:09:19 PM] Selenium_Wrapper.enterURL:(88) - Entering url :https://macu1--tst1.custhelp.com/app/home
[INFO ][05-Jun-2024 12:09:23 PM] Selenium_Wrapper.enterText:(317) - Entering Text :swamyk in WebElement :[[ChromeDriver: chrome on WINDOWS (b590f828924d56cc59e942607496383f)] -> id: rn_LoginForm_2_Username]
[INFO ][05-Jun-2024 12:09:24 PM] Selenium_Wrapper.enterText:(317) - Entering Text :Soft@123 in WebElement :[[ChromeDriver: chrome on WINDOWS (b590f828924d56cc59e942607496383f)] -> id: rn_LoginForm_2_Password]
[INFO ][05-Jun-2024 12:09:29 PM] Selenium_Wrapper.click:(205) - Clicking on :[[ChromeDriver: chrome on WINDOWS (b590f828924d56cc59e942607496383f)] -> id: rn_LoginForm_2_Submit]
[INFO ][05-Jun-2024 12:10:02 PM] Selenium_Wrapper.click:(205) - Clicking on :[[ChromeDriver: chrome on WINDOWS (b590f828924d56cc59e942607496383f)] -> xpath: //p[@class='search_text']//a[text()='browse all PAGES']]
[INFO ][05-Jun-2024 12:10:39 PM] Selenium_Wrapper.click:(205) - Clicking on :[[ChromeDriver: chrome on WINDOWS (b590f828924d56cc59e942607496383f)] -> xpath: //a[text()='Knowledge Center']]
[ERROR][05-Jun-2024 12:11:30 PM] Selenium_Wrapper.highlightWebElement:(423) - org.openqa.selenium.NoSuchElementException: no such element: Unable to locate element: {"method":"xpath","selector":"//h2[normalize-space()='TRENDING FOR']"}
  (Session info: chrome=125.0.6422.142)
For documentation on this error, please visit: https://www.seleniumhq.org/exceptions/no_such_element.html
Build info: version: '3.141.59', revision: 'e82be7d358', time: '2018-11-14T08:17:03'
System info: host: 'SC-CAF-CND84305', ip: '192.168.1.100', os.name: 'Windows 10', os.arch: 'amd64', os.version: '10.0', java.version: '21.0.2'
Driver info: org.openqa.selenium.chrome.ChromeDriver
Capabilities {acceptInsecureCerts: false, browserName: chrome, browserVersion: 125.0.6422.142, chrome: {chromedriverVersion: 125.0.6422.141 (4b1e8393712..., userDataDir: C:\Users\SWAMYK~1\AppData\L...}, fedcm:accounts: true, goog:chromeOptions: {debuggerAddress: localhost:57972}, javascriptEnabled: true, networkConnectionEnabled: false, pageLoadStrategy: normal, platform: WINDOWS, platformName: WINDOWS, proxy: Proxy(), setWindowRect: true, strictFileInteractability: false, timeouts: {implicit: 0, pageLoad: 300000, script: 30000}, unhandledPromptBehavior: dismiss and notify, webauthn:extension:credBlob: true, webauthn:extension:largeBlob: true, webauthn:extension:minPinLength: true, webauthn:extension:prf: true, webauthn:virtualAuthenticators: true}
Session ID: b590f828924d56cc59e942607496383f
*** Element info: {Using=xpath, value=//h2[normalize-space()='TRENDING FOR']}
[INFO ][05-Jun-2024 12:11:38 PM] Selenium_Wrapper.click:(205) - Clicking on :[[ChromeDriver: chrome on WINDOWS (b590f828924d56cc59e942607496383f)] -> xpath: //div[@id='rn_RequestUpdate_9_RecommendContent']//button]
[INFO ][05-Jun-2024 12:11:39 PM] Selenium_Wrapper.enterText:(317) - Entering Text :Test Improve, comments, updates in WebElement :[[ChromeDriver: chrome on WINDOWS (b590f828924d56cc59e942607496383f)] -> xpath: //textarea[@id='rn_RequestUpdate_9_Description']]
[INFO ][05-Jun-2024 12:11:42 PM] Selenium_Wrapper.click:(205) - Clicking on :[[ChromeDriver: chrome on WINDOWS (b590f828924d56cc59e942607496383f)] -> xpath: //span[@class='yui3-widget-buttons']//button[@class='yui3-button yui3-button-close']]
[INFO ][05-Jun-2024 12:12:01 PM] Selenium_Wrapper.click:(205) - Clicking on :[[ChromeDriver: chrome on WINDOWS (b590f828924d56cc59e942607496383f)] -> xpath: //h2[@class='footer_heading']/a[text()='Browse all pages']]
[INFO ][05-Jun-2024 12:12:45 PM] Selenium_Wrapper.click:(205) - Clicking on :[[ChromeDriver: chrome on WINDOWS (b590f828924d56cc59e942607496383f)] -> xpath: //p[@class='search_text text-left ml-0']/a[text()='GO TO A-Z INDEX']]
[INFO ][05-Jun-2024 12:13:09 PM] Selenium_Wrapper.click:(205) - Clicking on :[[ChromeDriver: chrome on WINDOWS (b590f828924d56cc59e942607496383f)] -> xpath: //div[@id='rn_A_ZIndex_2']//ul[@class='indexing_list']//a[text()='K']]
[INFO ][05-Jun-2024 12:13:19 PM] Selenium_Wrapper.click:(205) - Clicking on :[[ChromeDriver: chrome on WINDOWS (b590f828924d56cc59e942607496383f)] -> xpath: //div[@id='rn_A_ZIndex_2']//ul[@class='indexing_list']//a[text()='P']]
[INFO ][05-Jun-2024 12:14:05 PM] Selenium_Wrapper.click:(205) - Clicking on :[[ChromeDriver: chrome on WINDOWS (b590f828924d56cc59e942607496383f)] -> xpath: //a[text()='Knowledge Center']]
[INFO ][05-Jun-2024 12:14:08 PM] Selenium_Wrapper.closeCurrentBrowser:(657) - Closing the current Browser
