[INFO ][05-Sep-2024 12:03:25 PM] Selenium_Wrapper.openBrowser:(54) - Opening chrome browser.
[INFO ][05-Sep-2024 12:03:35 PM] Selenium_Wrapper.enterURL:(88) - Entering url :https://macu1--tst1.custhelp.com/app/home
[INFO ][05-Sep-2024 12:03:40 PM] Selenium_Wrapper.enterText:(317) - Entering Text :swamyk in WebElement :[[ChromeDriver: chrome on WINDOWS (4c55fd7a11a4e89c214b7696ec68e4fa)] -> id: rn_LoginForm_2_Username]
[INFO ][05-Sep-2024 12:03:41 PM] Selenium_Wrapper.enterText:(317) - Entering Text :Soft@123 in WebElement :[[ChromeDriver: chrome on WINDOWS (4c55fd7a11a4e89c214b7696ec68e4fa)] -> id: rn_LoginForm_2_Password]
[INFO ][05-Sep-2024 12:03:45 PM] Selenium_Wrapper.click:(205) - Clicking on :[[ChromeDriver: chrome on WINDOWS (4c55fd7a11a4e89c214b7696ec68e4fa)] -> id: rn_LoginForm_2_Submit]
[INFO ][05-Sep-2024 12:03:52 PM] Selenium_Wrapper.click:(205) - Clicking on :[[ChromeDriver: chrome on WINDOWS (4c55fd7a11a4e89c214b7696ec68e4fa)] -> xpath: //input[@type='search']]
[INFO ][05-Sep-2024 12:03:53 PM] Selenium_Wrapper.enterText:(317) - Entering Text :Business Use Auto Loan in WebElement :[[ChromeDriver: chrome on WINDOWS (4c55fd7a11a4e89c214b7696ec68e4fa)] -> xpath: //input[@type='search']]
[INFO ][05-Sep-2024 12:03:56 PM] Selenium_Wrapper.click:(205) - Clicking on :[[ChromeDriver: chrome on WINDOWS (4c55fd7a11a4e89c214b7696ec68e4fa)] -> xpath: //input[@type='search']]
[INFO ][05-Sep-2024 12:04:01 PM] Selenium_Wrapper.click:(205) - Clicking on :[[ChromeDriver: chrome on WINDOWS (4c55fd7a11a4e89c214b7696ec68e4fa)] -> xpath: (//div[@class='yui3-aclist-content']//li//li)[1]]
[INFO ][05-Sep-2024 12:04:05 PM] Selenium_Wrapper.click:(205) - Clicking on :[[ChromeDriver: chrome on WINDOWS (4c55fd7a11a4e89c214b7696ec68e4fa)] -> xpath: (//div[@class='rn_SearchResultContent']//a)[1]]
[INFO ][05-Sep-2024 12:04:25 PM] Selenium_Wrapper.click:(205) - Clicking on :[[ChromeDriver: chrome on WINDOWS (4c55fd7a11a4e89c214b7696ec68e4fa)] -> xpath: //div[@class='main_image_div']//div[@class='thumbs_up_down'][2]]
[INFO ][05-Sep-2024 12:04:33 PM] Selenium_Wrapper.click:(205) - Clicking on :[[ChromeDriver: chrome on WINDOWS (4c55fd7a11a4e89c214b7696ec68e4fa)] -> xpath: //textarea[@class='rn_DocumentTextArea']]
[INFO ][05-Sep-2024 12:04:34 PM] Selenium_Wrapper.enterText:(317) - Entering Text :Flexible Work - ThumbDown Comments in WebElement :[[ChromeDriver: chrome on WINDOWS (4c55fd7a11a4e89c214b7696ec68e4fa)] -> xpath: //textarea[@class='rn_DocumentTextArea']]
[INFO ][05-Sep-2024 12:04:36 PM] Selenium_Wrapper.click:(205) - Clicking on :[[ChromeDriver: chrome on WINDOWS (4c55fd7a11a4e89c214b7696ec68e4fa)] -> xpath: //button[text()='SUBMIT']]
[INFO ][05-Sep-2024 12:04:39 PM] Selenium_Wrapper.click:(205) - Clicking on :[[ChromeDriver: chrome on WINDOWS (4c55fd7a11a4e89c214b7696ec68e4fa)] -> xpath: //button[@class='yui3-button yui3-button-close']]
[INFO ][05-Sep-2024 12:04:43 PM] Selenium_Wrapper.click:(205) - Clicking on :[[ChromeDriver: chrome on WINDOWS (4c55fd7a11a4e89c214b7696ec68e4fa)] -> xpath: //div[@class='dropdown']]
[INFO ][05-Sep-2024 12:04:49 PM] Selenium_Wrapper.click:(205) - Clicking on :[[ChromeDriver: chrome on WINDOWS (4c55fd7a11a4e89c214b7696ec68e4fa)] -> xpath: //a[text()='My Feedback']]
[INFO ][05-Sep-2024 12:05:12 PM] Selenium_Wrapper.click:(205) - Clicking on :[[ChromeDriver: chrome on WINDOWS (4c55fd7a11a4e89c214b7696ec68e4fa)] -> xpath: ((//table//tbody)[2]//a)[1]]
[INFO ][05-Sep-2024 12:05:40 PM] Selenium_Wrapper.click:(205) - Clicking on :[[ChromeDriver: chrome on WINDOWS (4c55fd7a11a4e89c214b7696ec68e4fa)] -> class name: knowledge]
[INFO ][05-Sep-2024 12:05:42 PM] Selenium_Wrapper.closeCurrentBrowser:(657) - Closing the current Browser
[INFO ][05-Sep-2024 12:05:43 PM] Selenium_Wrapper.openBrowser:(54) - Opening chrome browser.
[INFO ][05-Sep-2024 12:05:54 PM] Selenium_Wrapper.enterURL:(88) - Entering url :https://macu1--tst1.custhelp.com/AgentWeb/
[INFO ][05-Sep-2024 12:05:58 PM] Selenium_Wrapper.enterText:(317) - Entering Text :automation_testing in WebElement :[[ChromeDriver: chrome on WINDOWS (78a3ac19ba46765fdd9f7cbc2d1eff03)] -> id: username]
[INFO ][05-Sep-2024 12:05:59 PM] Selenium_Wrapper.enterText:(317) - Entering Text :Welcome123 in WebElement :[[ChromeDriver: chrome on WINDOWS (78a3ac19ba46765fdd9f7cbc2d1eff03)] -> id: password]
[INFO ][05-Sep-2024 12:06:32 PM] Selenium_Wrapper.click:(205) - Clicking on :[[ChromeDriver: chrome on WINDOWS (78a3ac19ba46765fdd9f7cbc2d1eff03)] -> id: loginbutton]
[INFO ][05-Sep-2024 12:07:24 PM] Selenium_Wrapper.click:(205) - Clicking on :[[ChromeDriver: chrome on WINDOWS (78a3ac19ba46765fdd9f7cbc2d1eff03)] -> id: navigationSetBtn]
[INFO ][05-Sep-2024 12:07:28 PM] Selenium_Wrapper.click:(205) - Clicking on :[[ChromeDriver: chrome on WINDOWS (78a3ac19ba46765fdd9f7cbc2d1eff03)] -> xpath: //div[text()='Analytics']]
[INFO ][05-Sep-2024 12:07:31 PM] Selenium_Wrapper.click:(205) - Clicking on :[[ChromeDriver: chrome on WINDOWS (78a3ac19ba46765fdd9f7cbc2d1eff03)] -> xpath: //span[text()='Reports Explorer']]
[INFO ][05-Sep-2024 12:07:35 PM] Selenium_Wrapper.click:(205) - Clicking on :[[ChromeDriver: chrome on WINDOWS (78a3ac19ba46765fdd9f7cbc2d1eff03)] -> xpath: //div[text()='Public Reports']]
[INFO ][05-Sep-2024 12:07:37 PM] Selenium_Wrapper.click:(205) - Clicking on :[[ChromeDriver: chrome on WINDOWS (78a3ac19ba46765fdd9f7cbc2d1eff03)] -> xpath: //div[text()='MACU CUSTOM REPORTS']]
[INFO ][05-Sep-2024 12:07:39 PM] Selenium_Wrapper.click:(205) - Clicking on :[[ChromeDriver: chrome on WINDOWS (78a3ac19ba46765fdd9f7cbc2d1eff03)] -> xpath: //div[text()='SoftClouds']]
[INFO ][05-Sep-2024 12:07:41 PM] Selenium_Wrapper.click:(205) - Clicking on :[[ChromeDriver: chrome on WINDOWS (78a3ac19ba46765fdd9f7cbc2d1eff03)] -> xpath: //div[text()='OKCS']]
[INFO ][05-Sep-2024 12:07:44 PM] Selenium_Wrapper.click:(205) - Clicking on :[[ChromeDriver: chrome on WINDOWS (78a3ac19ba46765fdd9f7cbc2d1eff03)] -> xpath: //div[text()='Archived Reports']]
[INFO ][05-Sep-2024 12:07:56 PM] Selenium_Wrapper.doubleClick:(286) - Double clicking on :[[ChromeDriver: chrome on WINDOWS (78a3ac19ba46765fdd9f7cbc2d1eff03)] -> xpath: //div[@class='explorer-right-panel']//div[@class='explorer-data-grid']//span[text()='Feedback Admin Report (old)']]
[INFO ][05-Sep-2024 12:08:09 PM] Selenium_Wrapper.click:(205) - Clicking on :[[ChromeDriver: chrome on WINDOWS (78a3ac19ba46765fdd9f7cbc2d1eff03)] -> xpath: //div[@class='container wsx-flex']//div[@class='analyticsTopSection']//div[@class='select-box-root select-box-display-text-active']]
[INFO ][05-Sep-2024 12:08:11 PM] Selenium_Wrapper.click:(205) - Clicking on :[[ChromeDriver: chrome on WINDOWS (78a3ac19ba46765fdd9f7cbc2d1eff03)] -> xpath: (//span[text()='Search'])[2]]
[INFO ][05-Sep-2024 12:08:20 PM] Selenium_Wrapper.doubleClick:(286) - Double clicking on :[[ChromeDriver: chrome on WINDOWS (78a3ac19ba46765fdd9f7cbc2d1eff03)] -> xpath: //div[@class='container wsx-flex']//div[contains(@column-id,'2')][1]]
[INFO ][05-Sep-2024 12:08:32 PM] Selenium_Wrapper.click:(205) - Clicking on :[[ChromeDriver: chrome on WINDOWS (78a3ac19ba46765fdd9f7cbc2d1eff03)] -> xpath: //span[text()='Messages']]
[INFO ][05-Sep-2024 12:08:34 PM] Selenium_Wrapper.click:(205) - Clicking on :[[ChromeDriver: chrome on WINDOWS (78a3ac19ba46765fdd9f7cbc2d1eff03)] -> xpath: //div[contains(@class,'cke_wysiwyg_div ')]]
[INFO ][05-Sep-2024 12:08:35 PM] Selenium_Wrapper.enterText:(317) - Entering Text :It is working as per Expected in WebElement :[[ChromeDriver: chrome on WINDOWS (78a3ac19ba46765fdd9f7cbc2d1eff03)] -> xpath: //div[contains(@class,'cke_wysiwyg_div ')]]
[INFO ][05-Sep-2024 12:08:38 PM] Selenium_Wrapper.click:(205) - Clicking on :[[ChromeDriver: chrome on WINDOWS (78a3ac19ba46765fdd9f7cbc2d1eff03)] -> xpath: //div[@class='ws-toolbar-button-image bui-icon save-icon fa-lg']]
[INFO ][05-Sep-2024 12:08:40 PM] Selenium_Wrapper.click:(205) - Clicking on :[[ChromeDriver: chrome on WINDOWS (78a3ac19ba46765fdd9f7cbc2d1eff03)] -> xpath: //span[text()='Summary']]
[INFO ][05-Sep-2024 12:08:47 PM] Selenium_Wrapper.clickUsingActions:(255) - Clicking on :[[ChromeDriver: chrome on WINDOWS (78a3ac19ba46765fdd9f7cbc2d1eff03)] -> xpath: (//div[text()='Waiting'])[2]]
[INFO ][05-Sep-2024 12:08:51 PM] Selenium_Wrapper.click:(205) - Clicking on :[[ChromeDriver: chrome on WINDOWS (78a3ac19ba46765fdd9f7cbc2d1eff03)] -> xpath: (//div[@title='Solved'])[1]]
[INFO ][05-Sep-2024 12:08:55 PM] Selenium_Wrapper.click:(205) - Clicking on :[[ChromeDriver: chrome on WINDOWS (78a3ac19ba46765fdd9f7cbc2d1eff03)] -> xpath: //div[@class='ws-toolbar-button-image bui-icon save-icon fa-lg']]
[INFO ][05-Sep-2024 12:09:02 PM] Selenium_Wrapper.click:(205) - Clicking on :[[ChromeDriver: chrome on WINDOWS (78a3ac19ba46765fdd9f7cbc2d1eff03)] -> xpath: (//a[@class='closeButton'])[3]]
[INFO ][05-Sep-2024 12:09:06 PM] Selenium_Wrapper.click:(205) - Clicking on :[[ChromeDriver: chrome on WINDOWS (78a3ac19ba46765fdd9f7cbc2d1eff03)] -> xpath: (//a[@class='closeButton'])[2]]
[INFO ][05-Sep-2024 12:09:10 PM] Selenium_Wrapper.click:(205) - Clicking on :[[ChromeDriver: chrome on WINDOWS (78a3ac19ba46765fdd9f7cbc2d1eff03)] -> xpath: (//a[@class='closeButton'])[1]]
[INFO ][05-Sep-2024 12:09:15 PM] Selenium_Wrapper.click:(205) - Clicking on :[[ChromeDriver: chrome on WINDOWS (78a3ac19ba46765fdd9f7cbc2d1eff03)] -> xpath: //body//oj-avatar[@initials='[[userMenuLabel]]']]
[INFO ][05-Sep-2024 12:09:19 PM] Selenium_Wrapper.click:(205) - Clicking on :[[ChromeDriver: chrome on WINDOWS (78a3ac19ba46765fdd9f7cbc2d1eff03)] -> xpath: //a//span[text()='Sign Out']]
[INFO ][05-Sep-2024 12:09:24 PM] Selenium_Wrapper.closeCurrentBrowser:(657) - Closing the current Browser
