[INFO ][28-Jul-2023 12:05:39 pm] Selenium_Wrapper.openBrowser:(48) - Opening chrome browser.
[INFO ][28-Jul-2023 12:05:48 pm] Selenium_Wrapper.enterURL:(82) - Entering url :https://macu1--tst1.custhelp.com/app/home
[INFO ][28-Jul-2023 12:05:52 pm] Selenium_Wrapper.enterText:(311) - Entering Text :swamyk in WebElement :[[ChromeDriver: chrome on WINDOWS (496819b605b29d29d6a10a674afc20a3)] -> id: rn_LoginForm_2_Username]
[INFO ][28-Jul-2023 12:05:53 pm] Selenium_Wrapper.enterText:(311) - Entering Text :Soft@123 in WebElement :[[ChromeDriver: chrome on WINDOWS (496819b605b29d29d6a10a674afc20a3)] -> id: rn_LoginForm_2_Password]
[INFO ][28-Jul-2023 12:06:00 pm] Selenium_Wrapper.click:(199) - Clicking on :[[ChromeDriver: chrome on WINDOWS (496819b605b29d29d6a10a674afc20a3)] -> id: rn_LoginForm_2_Submit]
[INFO ][28-Jul-2023 12:06:11 pm] Selenium_Wrapper.click:(199) - Clicking on :[[ChromeDriver: chrome on WINDOWS (496819b605b29d29d6a10a674afc20a3)] -> xpath: //input[@type='search']]
[INFO ][28-Jul-2023 12:06:12 pm] Selenium_Wrapper.enterText:(311) - Entering Text :Business Auto Loan in WebElement :[[ChromeDriver: chrome on WINDOWS (496819b605b29d29d6a10a674afc20a3)] -> xpath: //input[@type='search']]
[INFO ][28-Jul-2023 12:06:30 pm] Selenium_Wrapper.click:(199) - Clicking on :[[ChromeDriver: chrome on WINDOWS (496819b605b29d29d6a10a674afc20a3)] -> xpath: (//div[@class='yui3-aclist-content']//li//li)[1]]
[INFO ][28-Jul-2023 12:06:38 pm] Selenium_Wrapper.click:(199) - Clicking on :[[ChromeDriver: chrome on WINDOWS (496819b605b29d29d6a10a674afc20a3)] -> xpath: (//div[@class='rn_SearchResultContent']//a)[1]]
[INFO ][28-Jul-2023 12:07:02 pm] Selenium_Wrapper.click:(199) - Clicking on :[[ChromeDriver: chrome on WINDOWS (496819b605b29d29d6a10a674afc20a3)] -> xpath: //button[@class='rn_RecommendContentButton p-0']]
[INFO ][28-Jul-2023 12:07:03 pm] Selenium_Wrapper.enterText:(311) - Entering Text :Test Improve, comments, updates in WebElement :[[ChromeDriver: chrome on WINDOWS (496819b605b29d29d6a10a674afc20a3)] -> id: rn_RequestUpdate_25_Description]
[INFO ][28-Jul-2023 12:07:09 pm] Selenium_Wrapper.click:(199) - Clicking on :[[ChromeDriver: chrome on WINDOWS (496819b605b29d29d6a10a674afc20a3)] -> xpath: //button[text()='Submit']]
[INFO ][28-Jul-2023 12:07:22 pm] Selenium_Wrapper.click:(199) - Clicking on :[[ChromeDriver: chrome on WINDOWS (496819b605b29d29d6a10a674afc20a3)] -> xpath: //div[@id='rnDialog2']//button[@type='button']]
[INFO ][28-Jul-2023 12:07:37 pm] Selenium_Wrapper.click:(199) - Clicking on :[[ChromeDriver: chrome on WINDOWS (496819b605b29d29d6a10a674afc20a3)] -> class name: knowledge]
[INFO ][28-Jul-2023 12:07:44 pm] Selenium_Wrapper.click:(199) - Clicking on :[[ChromeDriver: chrome on WINDOWS (496819b605b29d29d6a10a674afc20a3)] -> xpath: //div[@class='dropdown']]
[INFO ][28-Jul-2023 12:07:54 pm] Selenium_Wrapper.click:(199) - Clicking on :[[ChromeDriver: chrome on WINDOWS (496819b605b29d29d6a10a674afc20a3)] -> xpath: //a[text()='My Feedback']]
[INFO ][28-Jul-2023 12:07:56 pm] Selenium_Wrapper.enterText:(311) - Entering Text :Business Auto Loan in WebElement :[[ChromeDriver: chrome on WINDOWS (496819b605b29d29d6a10a674afc20a3)] -> xpath: //input[@placeholder='Search Your Feedback Report']]
[INFO ][28-Jul-2023 12:08:10 pm] Selenium_Wrapper.click:(199) - Clicking on :[[ChromeDriver: chrome on WINDOWS (496819b605b29d29d6a10a674afc20a3)] -> xpath: //div[@class='rn_SearchInput1 mt-3']//span[@class='btn-srch-icon']//i[@class='fa fa-search']]
[ERROR][28-Jul-2023 12:08:24 pm] Selenium_Wrapper.highlightWebElement:(417) - org.openqa.selenium.NoSuchElementException: no such element: Unable to locate element: {"method":"xpath","selector":"//div[contains(@id,'Incident_Status')][@class='display-text']"}
  (Session info: chrome=115.0.5790.110)
For documentation on this error, please visit: https://www.seleniumhq.org/exceptions/no_such_element.html
Build info: version: '3.141.59', revision: 'e82be7d358', time: '2018-11-14T08:17:03'
System info: host: 'CAF-QA-SWAMYK', ip: '192.168.0.6', os.name: 'Windows 10', os.arch: 'amd64', os.version: '10.0', java.version: '17.0.5'
Driver info: org.openqa.selenium.chrome.ChromeDriver
Capabilities {acceptInsecureCerts: false, browserName: chrome, browserVersion: 115.0.5790.110, chrome: {chromedriverVersion: 114.0.5735.90 (386bc09e8f4f..., userDataDir: C:\Users\swamyk\AppData\Loc...}, goog:chromeOptions: {debuggerAddress: localhost:65394}, javascriptEnabled: true, networkConnectionEnabled: false, pageLoadStrategy: normal, platform: WINDOWS, platformName: WINDOWS, proxy: Proxy(), setWindowRect: true, strictFileInteractability: false, timeouts: {implicit: 0, pageLoad: 300000, script: 30000}, unhandledPromptBehavior: dismiss and notify, webauthn:extension:credBlob: true, webauthn:extension:largeBlob: true, webauthn:extension:minPinLength: true, webauthn:extension:prf: true, webauthn:virtualAuthenticators: true}
Session ID: 496819b605b29d29d6a10a674afc20a3
*** Element info: {Using=xpath, value=//div[contains(@id,'Incident_Status')][@class='display-text']}
[INFO ][28-Jul-2023 12:08:36 pm] Selenium_Wrapper.click:(199) - Clicking on :[[ChromeDriver: chrome on WINDOWS (496819b605b29d29d6a10a674afc20a3)] -> xpath: (//tbody[@class='yui3-datatable-data']//a)[1]]
[INFO ][28-Jul-2023 12:09:13 pm] Selenium_Wrapper.click:(199) - Clicking on :[[ChromeDriver: chrome on WINDOWS (496819b605b29d29d6a10a674afc20a3)] -> class name: knowledge]
[INFO ][28-Jul-2023 12:09:18 pm] Selenium_Wrapper.closeCurrentBrowser:(651) - Closing the current Browser
[INFO ][28-Jul-2023 12:09:19 pm] Selenium_Wrapper.openBrowser:(48) - Opening chrome browser.
[INFO ][28-Jul-2023 12:09:27 pm] Selenium_Wrapper.enterURL:(82) - Entering url :https://macu1--tst1.custhelp.com/AgentWeb/
[INFO ][28-Jul-2023 12:09:32 pm] Selenium_Wrapper.enterText:(311) - Entering Text :automation_testing in WebElement :[[ChromeDriver: chrome on WINDOWS (e5e9f6dfab13ce92dacb9226da50a63f)] -> id: username]
[INFO ][28-Jul-2023 12:09:33 pm] Selenium_Wrapper.enterText:(311) - Entering Text :Welcome123 in WebElement :[[ChromeDriver: chrome on WINDOWS (e5e9f6dfab13ce92dacb9226da50a63f)] -> id: password]
[INFO ][28-Jul-2023 12:10:03 pm] Selenium_Wrapper.click:(199) - Clicking on :[[ChromeDriver: chrome on WINDOWS (e5e9f6dfab13ce92dacb9226da50a63f)] -> id: loginbutton]
[INFO ][28-Jul-2023 12:10:24 pm] Selenium_Wrapper.click:(199) - Clicking on :[[ChromeDriver: chrome on WINDOWS (e5e9f6dfab13ce92dacb9226da50a63f)] -> id: navigationSetBtn]
[INFO ][28-Jul-2023 12:10:29 pm] Selenium_Wrapper.click:(199) - Clicking on :[[ChromeDriver: chrome on WINDOWS (e5e9f6dfab13ce92dacb9226da50a63f)] -> xpath: (//div[text()='Analytics']//a)]
[INFO ][28-Jul-2023 12:10:34 pm] Selenium_Wrapper.click:(199) - Clicking on :[[ChromeDriver: chrome on WINDOWS (e5e9f6dfab13ce92dacb9226da50a63f)] -> xpath: //span[text()='Reports Explorer']]
[INFO ][28-Jul-2023 12:10:40 pm] Selenium_Wrapper.click:(199) - Clicking on :[[ChromeDriver: chrome on WINDOWS (e5e9f6dfab13ce92dacb9226da50a63f)] -> xpath: //div[text()='Public Reports']]
[INFO ][28-Jul-2023 12:10:46 pm] Selenium_Wrapper.click:(199) - Clicking on :[[ChromeDriver: chrome on WINDOWS (e5e9f6dfab13ce92dacb9226da50a63f)] -> xpath: //div[text()='MACU CUSTOM REPORTS']]
[INFO ][28-Jul-2023 12:10:51 pm] Selenium_Wrapper.click:(199) - Clicking on :[[ChromeDriver: chrome on WINDOWS (e5e9f6dfab13ce92dacb9226da50a63f)] -> xpath: //div[text()='SoftClouds']]
[INFO ][28-Jul-2023 12:10:57 pm] Selenium_Wrapper.click:(199) - Clicking on :[[ChromeDriver: chrome on WINDOWS (e5e9f6dfab13ce92dacb9226da50a63f)] -> xpath: //div[text()='OKCS']]
[INFO ][28-Jul-2023 12:11:13 pm] Selenium_Wrapper.click:(199) - Clicking on :[[ChromeDriver: chrome on WINDOWS (e5e9f6dfab13ce92dacb9226da50a63f)] -> xpath: (//div[@class='select-box-arrow select-box-arrow-cursor'])[3]]
[INFO ][28-Jul-2023 12:11:19 pm] Selenium_Wrapper.click:(199) - Clicking on :[[ChromeDriver: chrome on WINDOWS (e5e9f6dfab13ce92dacb9226da50a63f)] -> xpath: //div[@title='Unresolved']]
[INFO ][28-Jul-2023 12:11:27 pm] Selenium_Wrapper.click:(199) - Clicking on :[[ChromeDriver: chrome on WINDOWS (e5e9f6dfab13ce92dacb9226da50a63f)] -> xpath: (//span[text()='Search'])[2]]
[INFO ][28-Jul-2023 12:11:43 pm] Selenium_Wrapper.click:(199) - Clicking on :[[ChromeDriver: chrome on WINDOWS (e5e9f6dfab13ce92dacb9226da50a63f)] -> xpath: //span[text()='Messages']]
[INFO ][28-Jul-2023 12:11:49 pm] Selenium_Wrapper.click:(199) - Clicking on :[[ChromeDriver: chrome on WINDOWS (e5e9f6dfab13ce92dacb9226da50a63f)] -> xpath: //div[contains(@class,'cke_wysiwyg_div')]]
[INFO ][28-Jul-2023 12:11:50 pm] Selenium_Wrapper.enterText:(311) - Entering Text :It is working as per Expected in WebElement :[[ChromeDriver: chrome on WINDOWS (e5e9f6dfab13ce92dacb9226da50a63f)] -> xpath: //div[contains(@class,'cke_wysiwyg_div')]]
[INFO ][28-Jul-2023 12:11:55 pm] Selenium_Wrapper.click:(199) - Clicking on :[[ChromeDriver: chrome on WINDOWS (e5e9f6dfab13ce92dacb9226da50a63f)] -> xpath: //div[@class='ws-toolbar-button-image bui-icon save-icon fa-lg']]
[INFO ][28-Jul-2023 12:12:01 pm] Selenium_Wrapper.click:(199) - Clicking on :[[ChromeDriver: chrome on WINDOWS (e5e9f6dfab13ce92dacb9226da50a63f)] -> xpath: //span[text()='Summary']]
[INFO ][28-Jul-2023 12:12:13 pm] Selenium_Wrapper.click:(199) - Clicking on :[[ChromeDriver: chrome on WINDOWS (e5e9f6dfab13ce92dacb9226da50a63f)] -> xpath: //body//oj-avatar[@initials='[[userMenuLabel]]']]
[INFO ][28-Jul-2023 12:12:20 pm] Selenium_Wrapper.click:(199) - Clicking on :[[ChromeDriver: chrome on WINDOWS (e5e9f6dfab13ce92dacb9226da50a63f)] -> xpath: //a//span[text()='Sign Out']]
[INFO ][28-Jul-2023 12:12:32 pm] Selenium_Wrapper.click:(199) - Clicking on :[[ChromeDriver: chrome on WINDOWS (e5e9f6dfab13ce92dacb9226da50a63f)] -> xpath: //a[text()='Click here']]
[INFO ][28-Jul-2023 12:12:36 pm] Selenium_Wrapper.closeCurrentBrowser:(651) - Closing the current Browser
