[INFO ][04-Dec-2023 12:03:42 PM] Selenium_Wrapper.openBrowser:(48) - Opening chrome browser.
[INFO ][04-Dec-2023 12:03:47 PM] Selenium_Wrapper.enterURL:(82) - Entering url :https://macu1--tst1.custhelp.com/app/home
[INFO ][04-Dec-2023 12:03:52 PM] Selenium_Wrapper.enterText:(311) - Entering Text :swamyk in WebElement :[[ChromeDriver: chrome on WINDOWS (50c0bca997e45f2369d85c3f514d712c)] -> id: rn_LoginForm_2_Username]
[INFO ][04-Dec-2023 12:03:53 PM] Selenium_Wrapper.enterText:(311) - Entering Text :Soft@123 in WebElement :[[ChromeDriver: chrome on WINDOWS (50c0bca997e45f2369d85c3f514d712c)] -> id: rn_LoginForm_2_Password]
[INFO ][04-Dec-2023 12:04:00 PM] Selenium_Wrapper.click:(199) - Clicking on :[[ChromeDriver: chrome on WINDOWS (50c0bca997e45f2369d85c3f514d712c)] -> id: rn_LoginForm_2_Submit]
[INFO ][04-Dec-2023 12:04:12 PM] Selenium_Wrapper.click:(199) - Clicking on :[[ChromeDriver: chrome on WINDOWS (50c0bca997e45f2369d85c3f514d712c)] -> xpath: //input[@type='search']]
[INFO ][04-Dec-2023 12:04:14 PM] Selenium_Wrapper.enterText:(311) - Entering Text :Business Auto Loan - ALPS 1.0 in WebElement :[[ChromeDriver: chrome on WINDOWS (50c0bca997e45f2369d85c3f514d712c)] -> xpath: //input[@type='search']]
[INFO ][04-Dec-2023 12:04:27 PM] Selenium_Wrapper.click:(199) - Clicking on :[[ChromeDriver: chrome on WINDOWS (50c0bca997e45f2369d85c3f514d712c)] -> xpath: (//div[@class='yui3-aclist-content']//li//li)[1]]
[INFO ][04-Dec-2023 12:04:34 PM] Selenium_Wrapper.click:(199) - Clicking on :[[ChromeDriver: chrome on WINDOWS (50c0bca997e45f2369d85c3f514d712c)] -> xpath: (//div[@class='rn_SearchResultContent']//a)[1]]
[INFO ][04-Dec-2023 12:04:56 PM] Selenium_Wrapper.click:(199) - Clicking on :[[ChromeDriver: chrome on WINDOWS (50c0bca997e45f2369d85c3f514d712c)] -> xpath: //div[@class='main_image_div']//div[@class='thumbs_up_down'][2]]
[INFO ][04-Dec-2023 12:05:08 PM] Selenium_Wrapper.click:(199) - Clicking on :[[ChromeDriver: chrome on WINDOWS (50c0bca997e45f2369d85c3f514d712c)] -> xpath: //textarea[@class='rn_DocumentTextArea']]
[INFO ][04-Dec-2023 12:05:09 PM] Selenium_Wrapper.enterText:(311) - Entering Text :Flexible Work - ThumbDown Comments in WebElement :[[ChromeDriver: chrome on WINDOWS (50c0bca997e45f2369d85c3f514d712c)] -> xpath: //textarea[@class='rn_DocumentTextArea']]
[INFO ][04-Dec-2023 12:05:14 PM] Selenium_Wrapper.click:(199) - Clicking on :[[ChromeDriver: chrome on WINDOWS (50c0bca997e45f2369d85c3f514d712c)] -> xpath: //button[text()='SUBMIT']]
[INFO ][04-Dec-2023 12:05:19 PM] Selenium_Wrapper.click:(199) - Clicking on :[[ChromeDriver: chrome on WINDOWS (50c0bca997e45f2369d85c3f514d712c)] -> xpath: //button[@class='yui3-button yui3-button-close']]
[INFO ][04-Dec-2023 12:05:27 PM] Selenium_Wrapper.click:(199) - Clicking on :[[ChromeDriver: chrome on WINDOWS (50c0bca997e45f2369d85c3f514d712c)] -> xpath: //div[@class='dropdown']]
[INFO ][04-Dec-2023 12:05:35 PM] Selenium_Wrapper.click:(199) - Clicking on :[[ChromeDriver: chrome on WINDOWS (50c0bca997e45f2369d85c3f514d712c)] -> xpath: //a[text()='My Feedback']]
[INFO ][04-Dec-2023 12:06:01 PM] Selenium_Wrapper.click:(199) - Clicking on :[[ChromeDriver: chrome on WINDOWS (50c0bca997e45f2369d85c3f514d712c)] -> xpath: ((//table//tbody)[2]//a)[1]]
[INFO ][04-Dec-2023 12:06:35 PM] Selenium_Wrapper.click:(199) - Clicking on :[[ChromeDriver: chrome on WINDOWS (50c0bca997e45f2369d85c3f514d712c)] -> class name: knowledge]
[INFO ][04-Dec-2023 12:06:37 PM] Selenium_Wrapper.closeCurrentBrowser:(651) - Closing the current Browser
[INFO ][04-Dec-2023 12:06:38 PM] Selenium_Wrapper.openBrowser:(48) - Opening chrome browser.
[INFO ][04-Dec-2023 12:06:47 PM] Selenium_Wrapper.enterURL:(82) - Entering url :https://macu1--tst1.custhelp.com/AgentWeb/
[INFO ][04-Dec-2023 12:06:51 PM] Selenium_Wrapper.enterText:(311) - Entering Text :automation_testing in WebElement :[[ChromeDriver: chrome on WINDOWS (368bd18a4150669437a2f85d850970b6)] -> id: username]
[INFO ][04-Dec-2023 12:06:52 PM] Selenium_Wrapper.enterText:(311) - Entering Text :Welcome123 in WebElement :[[ChromeDriver: chrome on WINDOWS (368bd18a4150669437a2f85d850970b6)] -> id: password]
[INFO ][04-Dec-2023 12:07:24 PM] Selenium_Wrapper.click:(199) - Clicking on :[[ChromeDriver: chrome on WINDOWS (368bd18a4150669437a2f85d850970b6)] -> id: loginbutton]
[INFO ][04-Dec-2023 12:08:04 PM] Selenium_Wrapper.click:(199) - Clicking on :[[ChromeDriver: chrome on WINDOWS (368bd18a4150669437a2f85d850970b6)] -> id: navigationSetBtn]
[INFO ][04-Dec-2023 12:08:11 PM] Selenium_Wrapper.click:(199) - Clicking on :[[ChromeDriver: chrome on WINDOWS (368bd18a4150669437a2f85d850970b6)] -> xpath: (//div[text()='Analytics']//a)]
[INFO ][04-Dec-2023 12:08:16 PM] Selenium_Wrapper.click:(199) - Clicking on :[[ChromeDriver: chrome on WINDOWS (368bd18a4150669437a2f85d850970b6)] -> xpath: //span[text()='Reports Explorer']]
[INFO ][04-Dec-2023 12:08:23 PM] Selenium_Wrapper.click:(199) - Clicking on :[[ChromeDriver: chrome on WINDOWS (368bd18a4150669437a2f85d850970b6)] -> xpath: //div[text()='Public Reports']]
[INFO ][04-Dec-2023 12:08:29 PM] Selenium_Wrapper.click:(199) - Clicking on :[[ChromeDriver: chrome on WINDOWS (368bd18a4150669437a2f85d850970b6)] -> xpath: //div[text()='MACU CUSTOM REPORTS']]
[INFO ][04-Dec-2023 12:08:34 PM] Selenium_Wrapper.click:(199) - Clicking on :[[ChromeDriver: chrome on WINDOWS (368bd18a4150669437a2f85d850970b6)] -> xpath: //div[text()='SoftClouds']]
[INFO ][04-Dec-2023 12:08:39 PM] Selenium_Wrapper.click:(199) - Clicking on :[[ChromeDriver: chrome on WINDOWS (368bd18a4150669437a2f85d850970b6)] -> xpath: //div[text()='OKCS']]
[INFO ][04-Dec-2023 12:08:44 PM] Selenium_Wrapper.click:(199) - Clicking on :[[ChromeDriver: chrome on WINDOWS (368bd18a4150669437a2f85d850970b6)] -> xpath: //div[text()='Archived Reports']]
[INFO ][04-Dec-2023 12:08:56 PM] Selenium_Wrapper.doubleClick:(280) - Double clicking on :[[ChromeDriver: chrome on WINDOWS (368bd18a4150669437a2f85d850970b6)] -> xpath: //div[@class='explorer-right-panel']//div[@class='explorer-data-grid']//span[text()='Feedback Admin Report (old)']]
[INFO ][04-Dec-2023 12:09:12 PM] Selenium_Wrapper.click:(199) - Clicking on :[[ChromeDriver: chrome on WINDOWS (368bd18a4150669437a2f85d850970b6)] -> xpath: //div[@class='container wsx-flex']//div[@class='analyticsTopSection']//div[@class='select-box-root select-box-display-text-active']]
[INFO ][04-Dec-2023 12:09:18 PM] Selenium_Wrapper.click:(199) - Clicking on :[[ChromeDriver: chrome on WINDOWS (368bd18a4150669437a2f85d850970b6)] -> xpath: (//span[text()='Search'])[2]]
[INFO ][04-Dec-2023 12:09:27 PM] Selenium_Wrapper.doubleClick:(280) - Double clicking on :[[ChromeDriver: chrome on WINDOWS (368bd18a4150669437a2f85d850970b6)] -> xpath: //div[@class='container wsx-flex']//div[contains(@column-id,'2')][1]]
[INFO ][04-Dec-2023 12:09:40 PM] Selenium_Wrapper.click:(199) - Clicking on :[[ChromeDriver: chrome on WINDOWS (368bd18a4150669437a2f85d850970b6)] -> xpath: //span[text()='Messages']]
[INFO ][04-Dec-2023 12:09:46 PM] Selenium_Wrapper.click:(199) - Clicking on :[[ChromeDriver: chrome on WINDOWS (368bd18a4150669437a2f85d850970b6)] -> xpath: //div[contains(@class,'cke_wysiwyg_div ')]]
[INFO ][04-Dec-2023 12:09:47 PM] Selenium_Wrapper.enterText:(311) - Entering Text :It is working as per Expected in WebElement :[[ChromeDriver: chrome on WINDOWS (368bd18a4150669437a2f85d850970b6)] -> xpath: //div[contains(@class,'cke_wysiwyg_div ')]]
[INFO ][04-Dec-2023 12:09:52 PM] Selenium_Wrapper.click:(199) - Clicking on :[[ChromeDriver: chrome on WINDOWS (368bd18a4150669437a2f85d850970b6)] -> xpath: //div[@class='ws-toolbar-button-image bui-icon save-icon fa-lg']]
[INFO ][04-Dec-2023 12:09:57 PM] Selenium_Wrapper.click:(199) - Clicking on :[[ChromeDriver: chrome on WINDOWS (368bd18a4150669437a2f85d850970b6)] -> xpath: //span[text()='Summary']]
[INFO ][04-Dec-2023 12:10:04 PM] Selenium_Wrapper.clickUsingActions:(249) - Clicking on :[[ChromeDriver: chrome on WINDOWS (368bd18a4150669437a2f85d850970b6)] -> xpath: //div[contains(@id,'Incident_Status')][@class='display-text']]
[INFO ][04-Dec-2023 12:10:12 PM] Selenium_Wrapper.click:(199) - Clicking on :[[ChromeDriver: chrome on WINDOWS (368bd18a4150669437a2f85d850970b6)] -> xpath: (//div[@title='Solved'])[1]]
[INFO ][04-Dec-2023 12:10:19 PM] Selenium_Wrapper.click:(199) - Clicking on :[[ChromeDriver: chrome on WINDOWS (368bd18a4150669437a2f85d850970b6)] -> xpath: //div[@class='ws-toolbar-button-image bui-icon save-icon fa-lg']]
[INFO ][04-Dec-2023 12:10:28 PM] Selenium_Wrapper.click:(199) - Clicking on :[[ChromeDriver: chrome on WINDOWS (368bd18a4150669437a2f85d850970b6)] -> xpath: (//a[@class='closeButton'])[3]]
[INFO ][04-Dec-2023 12:10:35 PM] Selenium_Wrapper.click:(199) - Clicking on :[[ChromeDriver: chrome on WINDOWS (368bd18a4150669437a2f85d850970b6)] -> xpath: (//a[@class='closeButton'])[2]]
[INFO ][04-Dec-2023 12:10:42 PM] Selenium_Wrapper.click:(199) - Clicking on :[[ChromeDriver: chrome on WINDOWS (368bd18a4150669437a2f85d850970b6)] -> xpath: (//a[@class='closeButton'])[1]]
[INFO ][04-Dec-2023 12:10:51 PM] Selenium_Wrapper.click:(199) - Clicking on :[[ChromeDriver: chrome on WINDOWS (368bd18a4150669437a2f85d850970b6)] -> xpath: //body//oj-avatar[@initials='[[userMenuLabel]]']]
[INFO ][04-Dec-2023 12:10:58 PM] Selenium_Wrapper.click:(199) - Clicking on :[[ChromeDriver: chrome on WINDOWS (368bd18a4150669437a2f85d850970b6)] -> xpath: //a//span[text()='Sign Out']]
[INFO ][04-Dec-2023 12:11:03 PM] Selenium_Wrapper.closeCurrentBrowser:(651) - Closing the current Browser
