[INFO ][03-Dec-2023 12:02:12 PM] Selenium_Wrapper.openBrowser:(48) - Opening chrome browser.
[INFO ][03-Dec-2023 12:02:16 PM] Selenium_Wrapper.enterURL:(82) - Entering url :https://macu1--tst1.custhelp.com/AgentWeb/
[INFO ][03-Dec-2023 12:02:20 PM] Selenium_Wrapper.enterText:(311) - Entering Text :automation_testing in WebElement :[[ChromeDriver: chrome on WINDOWS (855ef63abfa2f7342755e7ab49cc8dff)] -> id: username]
[INFO ][03-Dec-2023 12:02:21 PM] Selenium_Wrapper.enterText:(311) - Entering Text :Welcome123 in WebElement :[[ChromeDriver: chrome on WINDOWS (855ef63abfa2f7342755e7ab49cc8dff)] -> id: password]
[INFO ][03-Dec-2023 12:02:56 PM] Selenium_Wrapper.click:(199) - Clicking on :[[ChromeDriver: chrome on WINDOWS (855ef63abfa2f7342755e7ab49cc8dff)] -> id: loginbutton]
[INFO ][03-Dec-2023 12:03:15 PM] Selenium_Wrapper.click:(199) - Clicking on :[[ChromeDriver: chrome on WINDOWS (855ef63abfa2f7342755e7ab49cc8dff)] -> id: navigationSetBtn]
[INFO ][03-Dec-2023 12:03:21 PM] Selenium_Wrapper.click:(199) - Clicking on :[[ChromeDriver: chrome on WINDOWS (855ef63abfa2f7342755e7ab49cc8dff)] -> xpath: //div[@automationid='Analytics']]
[INFO ][03-Dec-2023 12:03:34 PM] Selenium_Wrapper.click:(199) - Clicking on :[[ChromeDriver: chrome on WINDOWS (855ef63abfa2f7342755e7ab49cc8dff)] -> xpath: //div[@automationid='Analytics_Reports Explorer']//span[text()='Reports Explorer']]
[INFO ][03-Dec-2023 12:03:49 PM] Selenium_Wrapper.click:(199) - Clicking on :[[ChromeDriver: chrome on WINDOWS (855ef63abfa2f7342755e7ab49cc8dff)] -> xpath: //div[@aria-label='Public Reports'][text()='Public Reports']]
[INFO ][03-Dec-2023 12:03:54 PM] Selenium_Wrapper.click:(199) - Clicking on :[[ChromeDriver: chrome on WINDOWS (855ef63abfa2f7342755e7ab49cc8dff)] -> xpath: //div[@aria-label='MACU CUSTOM REPORTS'][text()='MACU CUSTOM REPORTS']]
[INFO ][03-Dec-2023 12:03:59 PM] Selenium_Wrapper.click:(199) - Clicking on :[[ChromeDriver: chrome on WINDOWS (855ef63abfa2f7342755e7ab49cc8dff)] -> xpath: //div[@aria-label='SoftClouds'][text()='SoftClouds']]
[INFO ][03-Dec-2023 12:04:05 PM] Selenium_Wrapper.click:(199) - Clicking on :[[ChromeDriver: chrome on WINDOWS (855ef63abfa2f7342755e7ab49cc8dff)] -> xpath: //div[@aria-label='OKCS'][text()='OKCS'][contains(@id,'ExplorerFolderLabelAnalyticsFolder103223')]]
[ERROR][03-Dec-2023 12:04:47 PM] Selenium_Wrapper.highlightWebElement:(417) - org.openqa.selenium.NoSuchElementException: no such element: Unable to locate element: {"method":"xpath","selector":"//span[contains(@title,'Full Name')]"}
  (Session info: chrome=119.0.6045.200)
For documentation on this error, please visit: https://www.seleniumhq.org/exceptions/no_such_element.html
Build info: version: '3.141.59', revision: 'e82be7d358', time: '2018-11-14T08:17:03'
System info: host: 'DESKTOP-19CIHS2', ip: '192.168.0.5', os.name: 'Windows 10', os.arch: 'amd64', os.version: '10.0', java.version: '17.0.5'
Driver info: org.openqa.selenium.chrome.ChromeDriver
Capabilities {acceptInsecureCerts: false, browserName: chrome, browserVersion: 119.0.6045.200, chrome: {chromedriverVersion: 119.0.6045.105 (38c72552c5e..., userDataDir: C:\Users\swamyk\AppData\Loc...}, fedcm:accounts: true, goog:chromeOptions: {debuggerAddress: localhost:64409}, javascriptEnabled: true, networkConnectionEnabled: false, pageLoadStrategy: normal, platform: WINDOWS, platformName: WINDOWS, proxy: Proxy(), setWindowRect: true, strictFileInteractability: false, timeouts: {implicit: 0, pageLoad: 300000, script: 30000}, unhandledPromptBehavior: dismiss and notify, webauthn:extension:credBlob: true, webauthn:extension:largeBlob: true, webauthn:extension:minPinLength: true, webauthn:extension:prf: true, webauthn:virtualAuthenticators: true}
Session ID: 855ef63abfa2f7342755e7ab49cc8dff
*** Element info: {Using=xpath, value=//span[contains(@title,'Full Name')]}
[INFO ][03-Dec-2023 12:04:57 PM] Selenium_Wrapper.click:(199) - Clicking on :[[ChromeDriver: chrome on WINDOWS (855ef63abfa2f7342755e7ab49cc8dff)] -> xpath: (//div[@class='primary-tab-header']//ul//li)[2]//span//a//i]
[INFO ][03-Dec-2023 12:05:07 PM] Selenium_Wrapper.click:(199) - Clicking on :[[ChromeDriver: chrome on WINDOWS (855ef63abfa2f7342755e7ab49cc8dff)] -> xpath: //a[@class='closeButton']]
[INFO ][03-Dec-2023 12:05:16 PM] Selenium_Wrapper.click:(199) - Clicking on :[[ChromeDriver: chrome on WINDOWS (855ef63abfa2f7342755e7ab49cc8dff)] -> xpath: //body//oj-avatar[@initials='[[userMenuLabel]]']]
[INFO ][03-Dec-2023 12:05:23 PM] Selenium_Wrapper.click:(199) - Clicking on :[[ChromeDriver: chrome on WINDOWS (855ef63abfa2f7342755e7ab49cc8dff)] -> xpath: //a//span[text()='Sign Out']]
