[INFO ][11-Nov-2021 00:02:21 am] Selenium_Wrapper.openBrowser:(48) - Opening chrome browser.
[INFO ][11-Nov-2021 00:02:28 am] Selenium_Wrapper.enterURL:(82) - Entering url :https://macu1--tst.custhelp.com/app/home
[INFO ][11-Nov-2021 00:02:32 am] Selenium_Wrapper.enterText:(311) - Entering Text :pramodk in WebElement :[[ChromeDriver: chrome on WINDOWS (e52b17035b60f694ce9ba5c37a6f1692)] -> id: rn_LoginForm_2_Username]
[INFO ][11-Nov-2021 00:02:34 am] Selenium_Wrapper.enterText:(311) - Entering Text :Soft@123 in WebElement :[[ChromeDriver: chrome on WINDOWS (e52b17035b60f694ce9ba5c37a6f1692)] -> id: rn_LoginForm_2_Password]
[INFO ][11-Nov-2021 00:02:41 am] Selenium_Wrapper.click:(199) - Clicking on :[[ChromeDriver: chrome on WINDOWS (e52b17035b60f694ce9ba5c37a6f1692)] -> id: rn_LoginForm_2_Submit]
[INFO ][11-Nov-2021 00:03:02 am] Selenium_Wrapper.click:(199) - Clicking on :[[ChromeDriver: chrome on WINDOWS (e52b17035b60f694ce9ba5c37a6f1692)] -> xpath: //a[text()='browse all PAGES']]
[INFO ][11-Nov-2021 00:03:13 am] Selenium_Wrapper.click:(199) - Clicking on :[[ChromeDriver: chrome on WINDOWS (e52b17035b60f694ce9ba5c37a6f1692)] -> xpath: (//div[@id='category']//following-sibling::ul//a)[1]]
[INFO ][11-Nov-2021 00:03:34 am] Selenium_Wrapper.click:(199) - Clicking on :[[ChromeDriver: chrome on WINDOWS (e52b17035b60f694ce9ba5c37a6f1692)] -> xpath: //a[text()='Business Accounts']]
[INFO ][11-Nov-2021 00:03:39 am] Selenium_Wrapper.click:(199) - Clicking on :[[ChromeDriver: chrome on WINDOWS (e52b17035b60f694ce9ba5c37a6f1692)] -> xpath: (//div[@id='category']//following-sibling::ul//a)[1]]
[INFO ][11-Nov-2021 00:03:55 am] Selenium_Wrapper.click:(199) - Clicking on :[[ChromeDriver: chrome on WINDOWS (e52b17035b60f694ce9ba5c37a6f1692)] -> xpath: //a[text()='Employee Experience']]
[INFO ][11-Nov-2021 00:04:00 am] Selenium_Wrapper.click:(199) - Clicking on :[[ChromeDriver: chrome on WINDOWS (e52b17035b60f694ce9ba5c37a6f1692)] -> xpath: (//div[@id='category']//following-sibling::ul//a)[1]]
[INFO ][11-Nov-2021 00:04:16 am] Selenium_Wrapper.click:(199) - Clicking on :[[ChromeDriver: chrome on WINDOWS (e52b17035b60f694ce9ba5c37a6f1692)] -> xpath: //a[text()='Personal Accounts']]
[INFO ][11-Nov-2021 00:04:21 am] Selenium_Wrapper.click:(199) - Clicking on :[[ChromeDriver: chrome on WINDOWS (e52b17035b60f694ce9ba5c37a6f1692)] -> xpath: (//div[@id='category']//following-sibling::ul//a)[1]]
[INFO ][11-Nov-2021 00:04:36 am] Selenium_Wrapper.click:(199) - Clicking on :[[ChromeDriver: chrome on WINDOWS (e52b17035b60f694ce9ba5c37a6f1692)] -> xpath: //a[text()='Services']]
[INFO ][11-Nov-2021 00:04:42 am] Selenium_Wrapper.click:(199) - Clicking on :[[ChromeDriver: chrome on WINDOWS (e52b17035b60f694ce9ba5c37a6f1692)] -> xpath: (//div[@id='category']//following-sibling::ul//a)[1]]
[INFO ][11-Nov-2021 00:04:57 am] Selenium_Wrapper.click:(199) - Clicking on :[[ChromeDriver: chrome on WINDOWS (e52b17035b60f694ce9ba5c37a6f1692)] -> xpath: //a[text()='Technology']]
[INFO ][11-Nov-2021 00:05:02 am] Selenium_Wrapper.click:(199) - Clicking on :[[ChromeDriver: chrome on WINDOWS (e52b17035b60f694ce9ba5c37a6f1692)] -> xpath: (//div[@id='category']//following-sibling::ul//a)[1]]
[INFO ][11-Nov-2021 00:05:28 am] Selenium_Wrapper.click:(199) - Clicking on :[[ChromeDriver: chrome on WINDOWS (e52b17035b60f694ce9ba5c37a6f1692)] -> xpath: //a[text()='VIEW A-Z INDEX']]
[INFO ][11-Nov-2021 00:05:49 am] Selenium_Wrapper.click:(199) - Clicking on :[[ChromeDriver: chrome on WINDOWS (e52b17035b60f694ce9ba5c37a6f1692)] -> xpath: //div[@id='rn_A_ZIndex_2']//ul[@class='indexing_list']//li//a[text()='D']]
[INFO ][11-Nov-2021 00:06:02 am] Selenium_Wrapper.click:(199) - Clicking on :[[ChromeDriver: chrome on WINDOWS (e52b17035b60f694ce9ba5c37a6f1692)] -> xpath: //div[@id='rn_A_ZIndex_2']//ul[@class='indexing_list']//li//a[text()='J']]
[INFO ][11-Nov-2021 00:06:15 am] Selenium_Wrapper.click:(199) - Clicking on :[[ChromeDriver: chrome on WINDOWS (e52b17035b60f694ce9ba5c37a6f1692)] -> xpath: //div[@id='rn_A_ZIndex_2']//ul[@class='indexing_list']//li//a[text()='P']]
[INFO ][11-Nov-2021 00:06:29 am] Selenium_Wrapper.click:(199) - Clicking on :[[ChromeDriver: chrome on WINDOWS (e52b17035b60f694ce9ba5c37a6f1692)] -> xpath: //div[@id='rn_A_ZIndex_2']//ul[@class='indexing_list']//li//a[text()='V']]
[INFO ][11-Nov-2021 00:06:42 am] Selenium_Wrapper.click:(199) - Clicking on :[[ChromeDriver: chrome on WINDOWS (e52b17035b60f694ce9ba5c37a6f1692)] -> xpath: //div[@id='rn_A_ZIndex_2']//ul[@class='indexing_list']//li//a[text()='0-9']]
[INFO ][11-Nov-2021 00:07:06 am] Selenium_Wrapper.click:(199) - Clicking on :[[ChromeDriver: chrome on WINDOWS (e52b17035b60f694ce9ba5c37a6f1692)] -> xpath: (//div[@class='rn_A_ZIndex']//div[@class='index-content']//a)[1]]
[INFO ][11-Nov-2021 00:07:32 am] Selenium_Wrapper.enterText:(311) - Entering Text :100% First Time Home Buyer Loan in WebElement :[[ChromeDriver: chrome on WINDOWS (e52b17035b60f694ce9ba5c37a6f1692)] -> xpath: //input[@type='search']]
[INFO ][11-Nov-2021 00:08:16 am] Selenium_Wrapper.click:(199) - Clicking on :[[ChromeDriver: chrome on WINDOWS (e52b17035b60f694ce9ba5c37a6f1692)] -> xpath: //div[@id='rn_PageTitle']//a[text()='BROWSE ALL PAGES']]
[INFO ][11-Nov-2021 00:08:31 am] Selenium_Wrapper.click:(199) - Clicking on :[[ChromeDriver: chrome on WINDOWS (e52b17035b60f694ce9ba5c37a6f1692)] -> xpath: //a[text()='Knowledge Center']]
[INFO ][11-Nov-2021 00:08:35 am] Selenium_Wrapper.closeCurrentBrowser:(650) - Closing the current Browser
