[INFO ][08-Aug-2024 12:05:06 PM] Selenium_Wrapper.openBrowser:(54) - Opening chrome browser.
[INFO ][08-Aug-2024 12:05:13 PM] Selenium_Wrapper.enterURL:(88) - Entering url :https://macu1--tst1.custhelp.com/app/home
[INFO ][08-Aug-2024 12:05:18 PM] Selenium_Wrapper.enterText:(317) - Entering Text :swamyk in WebElement :[[ChromeDriver: chrome on WINDOWS (4477812507caa9dca685f2e3051d5074)] -> id: rn_LoginForm_2_Username]
[INFO ][08-Aug-2024 12:05:19 PM] Selenium_Wrapper.enterText:(317) - Entering Text :Soft@123 in WebElement :[[ChromeDriver: chrome on WINDOWS (4477812507caa9dca685f2e3051d5074)] -> id: rn_LoginForm_2_Password]
[INFO ][08-Aug-2024 12:05:23 PM] Selenium_Wrapper.click:(205) - Clicking on :[[ChromeDriver: chrome on WINDOWS (4477812507caa9dca685f2e3051d5074)] -> id: rn_LoginForm_2_Submit]
[INFO ][08-Aug-2024 12:05:37 PM] Selenium_Wrapper.click:(205) - Clicking on :[[ChromeDriver: chrome on WINDOWS (4477812507caa9dca685f2e3051d5074)] -> xpath: //input[@type='search']]
[INFO ][08-Aug-2024 12:05:38 PM] Selenium_Wrapper.enterText:(317) - Entering Text :Business Use Auto Loan in WebElement :[[ChromeDriver: chrome on WINDOWS (4477812507caa9dca685f2e3051d5074)] -> xpath: //input[@type='search']]
[INFO ][08-Aug-2024 12:05:50 PM] Selenium_Wrapper.click:(205) - Clicking on :[[ChromeDriver: chrome on WINDOWS (4477812507caa9dca685f2e3051d5074)] -> xpath: (//div[@class='yui3-aclist-content']//li//li)[1]]
[INFO ][08-Aug-2024 12:05:54 PM] Selenium_Wrapper.click:(205) - Clicking on :[[ChromeDriver: chrome on WINDOWS (4477812507caa9dca685f2e3051d5074)] -> xpath: (//div[@class='rn_SearchResultContent']//a)[1]]
[INFO ][08-Aug-2024 12:06:03 PM] Selenium_Wrapper.click:(205) - Clicking on :[[ChromeDriver: chrome on WINDOWS (4477812507caa9dca685f2e3051d5074)] -> xpath: //a[@class='add_bookmarkButton']//img[@class='bookmark_icon_blank']]
[INFO ][08-Aug-2024 12:06:11 PM] Selenium_Wrapper.click:(205) - Clicking on :[[ChromeDriver: chrome on WINDOWS (4477812507caa9dca685f2e3051d5074)] -> class name: knowledge]
[INFO ][08-Aug-2024 12:06:22 PM] Selenium_Wrapper.click:(205) - Clicking on :[[ChromeDriver: chrome on WINDOWS (4477812507caa9dca685f2e3051d5074)] -> xpath: //div[@class='dropdown']]
[INFO ][08-Aug-2024 12:06:31 PM] Selenium_Wrapper.click:(205) - Clicking on :[[ChromeDriver: chrome on WINDOWS (4477812507caa9dca685f2e3051d5074)] -> xpath: //a[text()='SEE MORE']]
[INFO ][08-Aug-2024 12:06:43 PM] Selenium_Wrapper.click:(205) - Clicking on :[[ChromeDriver: chrome on WINDOWS (4477812507caa9dca685f2e3051d5074)] -> class name: knowledge]
[INFO ][08-Aug-2024 12:06:49 PM] Selenium_Wrapper.click:(205) - Clicking on :[[ChromeDriver: chrome on WINDOWS (4477812507caa9dca685f2e3051d5074)] -> xpath: //div[@class='dropdown']]
[INFO ][08-Aug-2024 12:06:59 PM] Selenium_Wrapper.click:(205) - Clicking on :[[ChromeDriver: chrome on WINDOWS (4477812507caa9dca685f2e3051d5074)] -> xpath: //div[@class='dropdown-content']//a[normalize-space()='My Bookmarks']]
[INFO ][08-Aug-2024 12:07:14 PM] Selenium_Wrapper.click:(205) - Clicking on :[[ChromeDriver: chrome on WINDOWS (4477812507caa9dca685f2e3051d5074)] -> xpath: //select[@class='BookmarkFilter']]
[INFO ][08-Aug-2024 12:07:22 PM] Selenium_Wrapper.click:(205) - Clicking on :[[ChromeDriver: chrome on WINDOWS (4477812507caa9dca685f2e3051d5074)] -> xpath: //select[@class='BookmarkFilter']//option[text()='Alphabetical A-Z']]
[INFO ][08-Aug-2024 12:07:34 PM] Selenium_Wrapper.click:(205) - Clicking on :[[ChromeDriver: chrome on WINDOWS (4477812507caa9dca685f2e3051d5074)] -> class name: knowledge]
[INFO ][08-Aug-2024 12:07:38 PM] Selenium_Wrapper.click:(205) - Clicking on :[[ChromeDriver: chrome on WINDOWS (4477812507caa9dca685f2e3051d5074)] -> xpath: //div[@class='dropdown']]
[INFO ][08-Aug-2024 12:07:43 PM] Selenium_Wrapper.click:(205) - Clicking on :[[ChromeDriver: chrome on WINDOWS (4477812507caa9dca685f2e3051d5074)] -> xpath: //div[@class='dropdown-content']//a[normalize-space()='My Notifications']]
[INFO ][08-Aug-2024 12:07:48 PM] Selenium_Wrapper.click:(205) - Clicking on :[[ChromeDriver: chrome on WINDOWS (4477812507caa9dca685f2e3051d5074)] -> xpath: //a[text()='browse all PAGES']]
[INFO ][08-Aug-2024 12:08:06 PM] Selenium_Wrapper.click:(205) - Clicking on :[[ChromeDriver: chrome on WINDOWS (4477812507caa9dca685f2e3051d5074)] -> xpath: //a[text()='VIEW A-Z INDEX']]
[INFO ][08-Aug-2024 12:08:19 PM] Selenium_Wrapper.click:(205) - Clicking on :[[ChromeDriver: chrome on WINDOWS (4477812507caa9dca685f2e3051d5074)] -> class name: knowledge]
[INFO ][08-Aug-2024 12:08:22 PM] Selenium_Wrapper.closeCurrentBrowser:(657) - Closing the current Browser
