[INFO ][28-Jul-2023 12:14:33 pm] Selenium_Wrapper.openBrowser:(48) - Opening chrome browser.
[INFO ][28-Jul-2023 12:14:41 pm] Selenium_Wrapper.enterURL:(82) - Entering url :https://macu1--tst1.custhelp.com/app/home
[INFO ][28-Jul-2023 12:14:45 pm] Selenium_Wrapper.enterText:(311) - Entering Text :swamyk in WebElement :[[ChromeDriver: chrome on WINDOWS (a7b7e5b3b5d3875ebc5bd669e35767a8)] -> id: rn_LoginForm_2_Username]
[INFO ][28-Jul-2023 12:14:46 pm] Selenium_Wrapper.enterText:(311) - Entering Text :Soft@123 in WebElement :[[ChromeDriver: chrome on WINDOWS (a7b7e5b3b5d3875ebc5bd669e35767a8)] -> id: rn_LoginForm_2_Password]
[INFO ][28-Jul-2023 12:14:54 pm] Selenium_Wrapper.click:(199) - Clicking on :[[ChromeDriver: chrome on WINDOWS (a7b7e5b3b5d3875ebc5bd669e35767a8)] -> id: rn_LoginForm_2_Submit]
[INFO ][28-Jul-2023 12:15:03 pm] Selenium_Wrapper.click:(199) - Clicking on :[[ChromeDriver: chrome on WINDOWS (a7b7e5b3b5d3875ebc5bd669e35767a8)] -> xpath: //input[@type='search']]
[INFO ][28-Jul-2023 12:15:04 pm] Selenium_Wrapper.enterText:(311) - Entering Text :Business Auto Loan in WebElement :[[ChromeDriver: chrome on WINDOWS (a7b7e5b3b5d3875ebc5bd669e35767a8)] -> xpath: //input[@type='search']]
[INFO ][28-Jul-2023 12:15:21 pm] Selenium_Wrapper.click:(199) - Clicking on :[[ChromeDriver: chrome on WINDOWS (a7b7e5b3b5d3875ebc5bd669e35767a8)] -> xpath: (//div[@class='yui3-aclist-content']//li//li)[1]]
[INFO ][28-Jul-2023 12:15:28 pm] Selenium_Wrapper.click:(199) - Clicking on :[[ChromeDriver: chrome on WINDOWS (a7b7e5b3b5d3875ebc5bd669e35767a8)] -> xpath: (//div[@class='rn_SearchResultContent']//a)[1]]
[INFO ][28-Jul-2023 12:15:53 pm] Selenium_Wrapper.click:(199) - Clicking on :[[ChromeDriver: chrome on WINDOWS (a7b7e5b3b5d3875ebc5bd669e35767a8)] -> xpath: //button[@class='rn_RecommendContentButton p-0']]
[INFO ][28-Jul-2023 12:15:54 pm] Selenium_Wrapper.enterText:(311) - Entering Text :Test Improve, comments, updates in WebElement :[[ChromeDriver: chrome on WINDOWS (a7b7e5b3b5d3875ebc5bd669e35767a8)] -> id: rn_RequestUpdate_25_Description]
[INFO ][28-Jul-2023 12:15:59 pm] Selenium_Wrapper.click:(199) - Clicking on :[[ChromeDriver: chrome on WINDOWS (a7b7e5b3b5d3875ebc5bd669e35767a8)] -> xpath: //button[text()='Submit']]
[INFO ][28-Jul-2023 12:16:12 pm] Selenium_Wrapper.click:(199) - Clicking on :[[ChromeDriver: chrome on WINDOWS (a7b7e5b3b5d3875ebc5bd669e35767a8)] -> xpath: //div[@id='rnDialog2']//button[@type='button']]
[INFO ][28-Jul-2023 12:16:26 pm] Selenium_Wrapper.click:(199) - Clicking on :[[ChromeDriver: chrome on WINDOWS (a7b7e5b3b5d3875ebc5bd669e35767a8)] -> class name: knowledge]
[INFO ][28-Jul-2023 12:16:33 pm] Selenium_Wrapper.click:(199) - Clicking on :[[ChromeDriver: chrome on WINDOWS (a7b7e5b3b5d3875ebc5bd669e35767a8)] -> xpath: //div[@class='dropdown']]
[INFO ][28-Jul-2023 12:16:43 pm] Selenium_Wrapper.click:(199) - Clicking on :[[ChromeDriver: chrome on WINDOWS (a7b7e5b3b5d3875ebc5bd669e35767a8)] -> xpath: //a[text()='My Feedback']]
[INFO ][28-Jul-2023 12:16:44 pm] Selenium_Wrapper.enterText:(311) - Entering Text :Business Auto Loan in WebElement :[[ChromeDriver: chrome on WINDOWS (a7b7e5b3b5d3875ebc5bd669e35767a8)] -> xpath: //input[@placeholder='Search Your Feedback Report']]
[INFO ][28-Jul-2023 12:16:59 pm] Selenium_Wrapper.click:(199) - Clicking on :[[ChromeDriver: chrome on WINDOWS (a7b7e5b3b5d3875ebc5bd669e35767a8)] -> xpath: //div[@class='rn_SearchInput1 mt-3']//span[@class='btn-srch-icon']//i[@class='fa fa-search']]
[ERROR][28-Jul-2023 12:17:13 pm] Selenium_Wrapper.highlightWebElement:(417) - org.openqa.selenium.NoSuchElementException: no such element: Unable to locate element: {"method":"xpath","selector":"//div[contains(@id,'Incident_Status')][@class='display-text']"}
  (Session info: chrome=115.0.5790.110)
For documentation on this error, please visit: https://www.seleniumhq.org/exceptions/no_such_element.html
Build info: version: '3.141.59', revision: 'e82be7d358', time: '2018-11-14T08:17:03'
System info: host: 'CAF-QA-SWAMYK', ip: '192.168.0.6', os.name: 'Windows 10', os.arch: 'amd64', os.version: '10.0', java.version: '17.0.5'
Driver info: org.openqa.selenium.chrome.ChromeDriver
Capabilities {acceptInsecureCerts: false, browserName: chrome, browserVersion: 115.0.5790.110, chrome: {chromedriverVersion: 114.0.5735.90 (386bc09e8f4f..., userDataDir: C:\Users\swamyk\AppData\Loc...}, goog:chromeOptions: {debuggerAddress: localhost:49720}, javascriptEnabled: true, networkConnectionEnabled: false, pageLoadStrategy: normal, platform: WINDOWS, platformName: WINDOWS, proxy: Proxy(), setWindowRect: true, strictFileInteractability: false, timeouts: {implicit: 0, pageLoad: 300000, script: 30000}, unhandledPromptBehavior: dismiss and notify, webauthn:extension:credBlob: true, webauthn:extension:largeBlob: true, webauthn:extension:minPinLength: true, webauthn:extension:prf: true, webauthn:virtualAuthenticators: true}
Session ID: a7b7e5b3b5d3875ebc5bd669e35767a8
*** Element info: {Using=xpath, value=//div[contains(@id,'Incident_Status')][@class='display-text']}
[INFO ][28-Jul-2023 12:17:24 pm] Selenium_Wrapper.click:(199) - Clicking on :[[ChromeDriver: chrome on WINDOWS (a7b7e5b3b5d3875ebc5bd669e35767a8)] -> xpath: (//tbody[@class='yui3-datatable-data']//a)[1]]
[INFO ][28-Jul-2023 12:18:00 pm] Selenium_Wrapper.click:(199) - Clicking on :[[ChromeDriver: chrome on WINDOWS (a7b7e5b3b5d3875ebc5bd669e35767a8)] -> class name: knowledge]
[INFO ][28-Jul-2023 12:18:05 pm] Selenium_Wrapper.closeCurrentBrowser:(651) - Closing the current Browser
[INFO ][28-Jul-2023 12:18:06 pm] Selenium_Wrapper.openBrowser:(48) - Opening chrome browser.
[INFO ][28-Jul-2023 12:18:14 pm] Selenium_Wrapper.enterURL:(82) - Entering url :https://macu1--tst1.custhelp.com/AgentWeb/
[INFO ][28-Jul-2023 12:18:18 pm] Selenium_Wrapper.enterText:(311) - Entering Text :automation_testing in WebElement :[[ChromeDriver: chrome on WINDOWS (c028cd656e7bc1477a1a90156c7cbfa9)] -> id: username]
[INFO ][28-Jul-2023 12:18:20 pm] Selenium_Wrapper.enterText:(311) - Entering Text :Welcome123 in WebElement :[[ChromeDriver: chrome on WINDOWS (c028cd656e7bc1477a1a90156c7cbfa9)] -> id: password]
[INFO ][28-Jul-2023 12:18:44 pm] Selenium_Wrapper.click:(199) - Clicking on :[[ChromeDriver: chrome on WINDOWS (c028cd656e7bc1477a1a90156c7cbfa9)] -> id: loginbutton]
[INFO ][28-Jul-2023 12:19:04 pm] Selenium_Wrapper.click:(199) - Clicking on :[[ChromeDriver: chrome on WINDOWS (c028cd656e7bc1477a1a90156c7cbfa9)] -> id: navigationSetBtn]
[INFO ][28-Jul-2023 12:19:09 pm] Selenium_Wrapper.click:(199) - Clicking on :[[ChromeDriver: chrome on WINDOWS (c028cd656e7bc1477a1a90156c7cbfa9)] -> xpath: (//div[text()='Analytics']//a)]
[INFO ][28-Jul-2023 12:19:15 pm] Selenium_Wrapper.click:(199) - Clicking on :[[ChromeDriver: chrome on WINDOWS (c028cd656e7bc1477a1a90156c7cbfa9)] -> xpath: //span[text()='Reports Explorer']]
[INFO ][28-Jul-2023 12:19:20 pm] Selenium_Wrapper.click:(199) - Clicking on :[[ChromeDriver: chrome on WINDOWS (c028cd656e7bc1477a1a90156c7cbfa9)] -> xpath: //div[text()='Public Reports']]
[INFO ][28-Jul-2023 12:19:25 pm] Selenium_Wrapper.click:(199) - Clicking on :[[ChromeDriver: chrome on WINDOWS (c028cd656e7bc1477a1a90156c7cbfa9)] -> xpath: //div[text()='MACU CUSTOM REPORTS']]
[INFO ][28-Jul-2023 12:19:31 pm] Selenium_Wrapper.click:(199) - Clicking on :[[ChromeDriver: chrome on WINDOWS (c028cd656e7bc1477a1a90156c7cbfa9)] -> xpath: //div[text()='SoftClouds']]
[INFO ][28-Jul-2023 12:19:36 pm] Selenium_Wrapper.click:(199) - Clicking on :[[ChromeDriver: chrome on WINDOWS (c028cd656e7bc1477a1a90156c7cbfa9)] -> xpath: //div[text()='OKCS']]
[INFO ][28-Jul-2023 12:19:53 pm] Selenium_Wrapper.click:(199) - Clicking on :[[ChromeDriver: chrome on WINDOWS (c028cd656e7bc1477a1a90156c7cbfa9)] -> xpath: (//div[@class='select-box-arrow select-box-arrow-cursor'])[3]]
[INFO ][28-Jul-2023 12:19:58 pm] Selenium_Wrapper.click:(199) - Clicking on :[[ChromeDriver: chrome on WINDOWS (c028cd656e7bc1477a1a90156c7cbfa9)] -> xpath: //div[@title='Unresolved']]
[INFO ][28-Jul-2023 12:20:06 pm] Selenium_Wrapper.click:(199) - Clicking on :[[ChromeDriver: chrome on WINDOWS (c028cd656e7bc1477a1a90156c7cbfa9)] -> xpath: (//span[text()='Search'])[2]]
[INFO ][28-Jul-2023 12:20:22 pm] Selenium_Wrapper.click:(199) - Clicking on :[[ChromeDriver: chrome on WINDOWS (c028cd656e7bc1477a1a90156c7cbfa9)] -> xpath: //span[text()='Messages']]
[INFO ][28-Jul-2023 12:20:27 pm] Selenium_Wrapper.click:(199) - Clicking on :[[ChromeDriver: chrome on WINDOWS (c028cd656e7bc1477a1a90156c7cbfa9)] -> xpath: //div[contains(@class,'cke_wysiwyg_div')]]
[INFO ][28-Jul-2023 12:20:29 pm] Selenium_Wrapper.enterText:(311) - Entering Text :It is working as per Expected in WebElement :[[ChromeDriver: chrome on WINDOWS (c028cd656e7bc1477a1a90156c7cbfa9)] -> xpath: //div[contains(@class,'cke_wysiwyg_div')]]
[INFO ][28-Jul-2023 12:20:34 pm] Selenium_Wrapper.click:(199) - Clicking on :[[ChromeDriver: chrome on WINDOWS (c028cd656e7bc1477a1a90156c7cbfa9)] -> xpath: //div[@class='ws-toolbar-button-image bui-icon save-icon fa-lg']]
[INFO ][28-Jul-2023 12:20:39 pm] Selenium_Wrapper.click:(199) - Clicking on :[[ChromeDriver: chrome on WINDOWS (c028cd656e7bc1477a1a90156c7cbfa9)] -> xpath: //span[text()='Summary']]
[ERROR][28-Jul-2023 12:20:49 pm] FeedbackAdmin2.testSelectingandGivingAsnwerstoReportFlow:(234) - Selecting and Giving Asnwers to Report- un-successfull
[INFO ][28-Jul-2023 12:20:57 pm] Selenium_Wrapper.click:(199) - Clicking on :[[ChromeDriver: chrome on WINDOWS (c028cd656e7bc1477a1a90156c7cbfa9)] -> xpath: //body//oj-avatar[@initials='[[userMenuLabel]]']]
[ERROR][28-Jul-2023 12:22:44 pm] Selenium_Wrapper.getWebElement:(124) - org.openqa.selenium.TimeoutException: Expected condition failed: waiting for visibility of [[ChromeDriver: chrome on WINDOWS (c028cd656e7bc1477a1a90156c7cbfa9)] -> xpath: //a//span[text()='Sign Out']] (tried for 100 second(s) with 500 milliseconds interval)
Build info: version: '3.141.59', revision: 'e82be7d358', time: '2018-11-14T08:17:03'
System info: host: 'CAF-QA-SWAMYK', ip: '192.168.0.6', os.name: 'Windows 10', os.arch: 'amd64', os.version: '10.0', java.version: '17.0.5'
Driver info: org.openqa.selenium.chrome.ChromeDriver
Capabilities {acceptInsecureCerts: false, browserName: chrome, browserVersion: 115.0.5790.110, chrome: {chromedriverVersion: 114.0.5735.90 (386bc09e8f4f..., userDataDir: C:\Users\swamyk\AppData\Loc...}, goog:chromeOptions: {debuggerAddress: localhost:50200}, javascriptEnabled: true, networkConnectionEnabled: false, pageLoadStrategy: normal, platform: WINDOWS, platformName: WINDOWS, proxy: Proxy(), setWindowRect: true, strictFileInteractability: false, timeouts: {implicit: 0, pageLoad: 300000, script: 30000}, unhandledPromptBehavior: dismiss and notify, webauthn:extension:credBlob: true, webauthn:extension:largeBlob: true, webauthn:extension:minPinLength: true, webauthn:extension:prf: true, webauthn:virtualAuthenticators: true}
Session ID: c028cd656e7bc1477a1a90156c7cbfa9
[ERROR][28-Jul-2023 12:22:44 pm] FeedbackAdmin2.testSignout:(253) - Logout/SignOut un-successfull
