[INFO ][09-Nov-2021 12:10:14 pm] Selenium_Wrapper.openBrowser:(48) - Opening chrome browser.
[INFO ][09-Nov-2021 12:10:20 pm] Selenium_Wrapper.enterURL:(82) - Entering url :https://macu1--tst.custhelp.com/AgentWeb/
[INFO ][09-Nov-2021 12:10:24 pm] Selenium_Wrapper.enterText:(311) - Entering Text :RNT_pramod in WebElement :[[ChromeDriver: chrome on WINDOWS (17f63f4b4c58b22fbca42343ac945a06)] -> id: username]
[INFO ][09-Nov-2021 12:10:25 pm] Selenium_Wrapper.enterText:(311) - Entering Text :Welcome123 in WebElement :[[ChromeDriver: chrome on WINDOWS (17f63f4b4c58b22fbca42343ac945a06)] -> id: password]
[INFO ][09-Nov-2021 12:11:08 pm] Selenium_Wrapper.click:(199) - Clicking on :[[ChromeDriver: chrome on WINDOWS (17f63f4b4c58b22fbca42343ac945a06)] -> id: loginbutton]
[INFO ][09-Nov-2021 12:11:21 pm] Selenium_Wrapper.click:(199) - Clicking on :[[ChromeDriver: chrome on WINDOWS (17f63f4b4c58b22fbca42343ac945a06)] -> id: navigationSetBtn]
[INFO ][09-Nov-2021 12:11:28 pm] Selenium_Wrapper.click:(199) - Clicking on :[[ChromeDriver: chrome on WINDOWS (17f63f4b4c58b22fbca42343ac945a06)] -> xpath: //div[@automationid='Configuration']]
[INFO ][09-Nov-2021 12:11:33 pm] Selenium_Wrapper.click:(199) - Clicking on :[[ChromeDriver: chrome on WINDOWS (17f63f4b4c58b22fbca42343ac945a06)] -> xpath: //div[@automationid='Configuration_Service']]
[INFO ][09-Nov-2021 12:11:38 pm] Selenium_Wrapper.click:(199) - Clicking on :[[ChromeDriver: chrome on WINDOWS (17f63f4b4c58b22fbca42343ac945a06)] -> xpath: //div[@automationid='Configuration_Service_Knowledge Advanced']]
[INFO ][09-Nov-2021 12:11:44 pm] Selenium_Wrapper.click:(199) - Clicking on :[[ChromeDriver: chrome on WINDOWS (17f63f4b4c58b22fbca42343ac945a06)] -> xpath: //div[@automationid='Configuration_Service_Knowledge Advanced_Authoring']//span[text()='Authoring']]
[INFO ][09-Nov-2021 12:12:01 pm] Selenium_Wrapper.clickUsingActions:(249) - Clicking on :[[ChromeDriver: chrome on WINDOWS (17f63f4b4c58b22fbca42343ac945a06)] -> xpath: //div[@class='bodyDivRN']//li[@testidentifier='MainNavBar_Content']//a]
[INFO ][09-Nov-2021 12:12:19 pm] Selenium_Wrapper.click:(199) - Clicking on :[[ChromeDriver: chrome on WINDOWS (17f63f4b4c58b22fbca42343ac945a06)] -> xpath: //a[@testidentifier='ContentNavBar_Add_Technology'][normalize-space()='Add']]
[INFO ][09-Nov-2021 12:12:27 pm] Selenium_Wrapper.click:(199) - Clicking on :[[ChromeDriver: chrome on WINDOWS (17f63f4b4c58b22fbca42343ac945a06)] -> xpath: //input[@testidentifier='Content_ContentType_Add_SUMMARY']]
[INFO ][09-Nov-2021 12:12:28 pm] Selenium_Wrapper.enterText:(311) - Entering Text :Test Technology through Automation 3 in WebElement :[[ChromeDriver: chrome on WINDOWS (17f63f4b4c58b22fbca42343ac945a06)] -> xpath: //input[@testidentifier='Content_ContentType_Add_SUMMARY']]
[INFO ][09-Nov-2021 12:12:34 pm] Selenium_Wrapper.click:(199) - Clicking on :[[ChromeDriver: chrome on WINDOWS (17f63f4b4c58b22fbca42343ac945a06)] -> xpath: //input[@testidentifier='Content_ContentType_Add_KEYWORD']]
[INFO ][09-Nov-2021 12:12:35 pm] Selenium_Wrapper.enterText:(311) - Entering Text :Automation Technology Test 3 in WebElement :[[ChromeDriver: chrome on WINDOWS (17f63f4b4c58b22fbca42343ac945a06)] -> xpath: //input[@testidentifier='Content_ContentType_Add_KEYWORD']]
[INFO ][09-Nov-2021 12:12:45 pm] Selenium_Wrapper.click:(199) - Clicking on :[[ChromeDriver: chrome on WINDOWS (17f63f4b4c58b22fbca42343ac945a06)] -> xpath: (//span[text()='Source'])[6]]
[INFO ][09-Nov-2021 12:12:50 pm] Selenium_Wrapper.click:(199) - Clicking on :[[ChromeDriver: chrome on WINDOWS (17f63f4b4c58b22fbca42343ac945a06)] -> xpath: //textarea[contains(@title,'Rich Text Editor')]]
[INFO ][09-Nov-2021 12:13:03 pm] Selenium_Wrapper.enterText:(311) - Entering Text :<h1>Basic Info</h1>

<h2>Rescue Loan Qualification</h2>

<p>For a loan to qualify as rescued you must be able to say YES to EACH of the requirements below:</p>

<ol>
               <li>This is a new loan to MACU</li>
               <li>This loan is paying off an existing loan from another financial institution (personally&nbsp;held debt and collections are not eligible)</li> 
               <li>I proactively rescued this loan</li>
               <li>I reviewed a Value Analyzer with the member and discussed how the new rescue loan meets their needs</li>
</ol>
<h2>Rescued Loan Incentive</h2>

<ul>
               <li>MSRs and Service Center Agents will receive $10.00 plus&nbsp;$0.50 per $1,000 of rescued volume ($100 cap) for a rescue referral sent to a loan-trained employee (FSR, Outbound Agent, etc.)</li>
               <li>Loan-trained team members who originate and book a rescued loan will receive&nbsp;$2 per $1,000 of rescued volume&nbsp;($100 cap).
               <ul>
                            <li>When booked as a result of a referral, the incentive for the loan-trained individual changes to $1.50 per $1,000 of rescued volume.</li>
               </ul>
               </li>
</ul>

<div class="panel panel-default panel_note">
<div class="panel-heading">
<h2 class="panel-title"> 
<span class="rn_note"><strong>Note: </strong> Need to rename a multi-workspace channel on an Enterprise Grid org? Only the Owners or Admins of the workspace or org can do so.</span>
</h2>
</div>
</div>

<div class="panel panel-default panel_tip">
<div class="panel-heading">
<h2 class="panel-title"> 
<span class="rn_tip"><strong>Tip:</strong> Only the Owners or Admins of the org can edit this content.</span>
</h2>
</div>
</div>

<div class="panel panel-default panel_updated">
<div class="panel-heading">
<h2 class="panel-title"> 
<span class="rn_updated"><strong>COVID-19 Update: </strong> Qualifications to Open and Make Contributions</span>
</h2>
</div>
</div>

<div class="panel panel-default panel_video">
<div class="panel-heading">
<h2 class="panel-title">
<a class="collapsed" data-toggle="collapse" href="#panel_video_bodyone"> 
<span class="rn_video">Video Title</span></a></h2>
</div>
<div aria-expanded="true" class="panel-collapse collapse " id="panel_video_bodyone" role="tabpanel">&nbsp;
<div class="col-sm-12">
<iframe allowfullscreen="" frameborder="0" height="auto" scrolling="no" src="https://web.microsoftstream.com/embed/video/e865da0e-1116-4ada-b64e-230d0807e343?autoplay=false&amp;showinfo=true" style="border: currentColor; border-image: none;" width="100%"></iframe></div>
</div>
</div> in WebElement :[[ChromeDriver: chrome on WINDOWS (17f63f4b4c58b22fbca42343ac945a06)] -> xpath: //textarea[contains(@title,'Rich Text Editor')]]
[INFO ][09-Nov-2021 12:13:08 pm] Selenium_Wrapper.click:(199) - Clicking on :[[ChromeDriver: chrome on WINDOWS (17f63f4b4c58b22fbca42343ac945a06)] -> xpath: (//span[text()='Source'])[6]]
[INFO ][09-Nov-2021 12:13:15 pm] Selenium_Wrapper.click:(199) - Clicking on :[[ChromeDriver: chrome on WINDOWS (17f63f4b4c58b22fbca42343ac945a06)] -> xpath: //input[@type='checkbox'][@testidentifier='ContentAttributes_RepoViewSelection']]
[ERROR][09-Nov-2021 12:13:25 pm] Selenium_Wrapper.highlightWebElement:(417) - org.openqa.selenium.UnhandledAlertException: unexpected alert open: {Alert text : }
  (Session info: chrome=95.0.4638.54): {Alert text : 
Build info: version: '3.141.59', revision: 'e82be7d358', time: '2018-11-14T08:17:03'
System info: host: 'DESKTOP-N43657M', ip: '192.168.29.58', os.name: 'Windows 10', os.arch: 'amd64', os.version: '10.0', java.version: '16.0.1'
Driver info: org.openqa.selenium.chrome.ChromeDriver
Capabilities {acceptInsecureCerts: false, browserName: chrome, browserVersion: 95.0.4638.54, chrome: {chromedriverVersion: 95.0.4638.17 (a9d0719444d4b..., userDataDir: C:\Users\Pramod\AppData\Loc...}, goog:chromeOptions: {debuggerAddress: localhost:55721}, javascriptEnabled: true, networkConnectionEnabled: false, pageLoadStrategy: normal, platform: WINDOWS, platformName: WINDOWS, proxy: Proxy(), setWindowRect: true, strictFileInteractability: false, timeouts: {implicit: 0, pageLoad: 300000, script: 30000}, unhandledPromptBehavior: dismiss and notify, webauthn:extension:credBlob: true, webauthn:extension:largeBlob: true, webauthn:virtualAuthenticators: true}
Session ID: 17f63f4b4c58b22fbca42343ac945a06
