[INFO ][04-Apr-2024 12:16:53 PM] Selenium_Wrapper.openBrowser:(54) - Opening chrome browser.
[INFO ][04-Apr-2024 12:16:59 PM] Selenium_Wrapper.enterURL:(88) - Entering url :https://macu1--tst1.custhelp.com/app/home
[INFO ][04-Apr-2024 12:17:04 PM] Selenium_Wrapper.enterText:(317) - Entering Text :swamyk in WebElement :[[ChromeDriver: chrome on WINDOWS (9b05fab248a413cf5822d9f5049ec95c)] -> id: rn_LoginForm_2_Username]
[INFO ][04-Apr-2024 12:17:05 PM] Selenium_Wrapper.enterText:(317) - Entering Text :Soft@123 in WebElement :[[ChromeDriver: chrome on WINDOWS (9b05fab248a413cf5822d9f5049ec95c)] -> id: rn_LoginForm_2_Password]
[INFO ][04-Apr-2024 12:17:09 PM] Selenium_Wrapper.click:(205) - Clicking on :[[ChromeDriver: chrome on WINDOWS (9b05fab248a413cf5822d9f5049ec95c)] -> id: rn_LoginForm_2_Submit]
[INFO ][04-Apr-2024 12:17:14 PM] Selenium_Wrapper.click:(205) - Clicking on :[[ChromeDriver: chrome on WINDOWS (9b05fab248a413cf5822d9f5049ec95c)] -> xpath: //input[@type='search']]
[INFO ][04-Apr-2024 12:17:15 PM] Selenium_Wrapper.enterText:(317) - Entering Text :Business Use Auto Loan in WebElement :[[ChromeDriver: chrome on WINDOWS (9b05fab248a413cf5822d9f5049ec95c)] -> xpath: //input[@type='search']]
[INFO ][04-Apr-2024 12:17:26 PM] Selenium_Wrapper.click:(205) - Clicking on :[[ChromeDriver: chrome on WINDOWS (9b05fab248a413cf5822d9f5049ec95c)] -> xpath: (//div[@class='yui3-aclist-content']//li//li)[1]]
[INFO ][04-Apr-2024 12:17:30 PM] Selenium_Wrapper.click:(205) - Clicking on :[[ChromeDriver: chrome on WINDOWS (9b05fab248a413cf5822d9f5049ec95c)] -> xpath: (//div[@class='rn_SearchResultContent']//a)[1]]
[INFO ][04-Apr-2024 12:17:43 PM] Selenium_Wrapper.click:(205) - Clicking on :[[ChromeDriver: chrome on WINDOWS (9b05fab248a413cf5822d9f5049ec95c)] -> xpath: //div[@class='main_image_div']//div[@class='thumbs_up_down'][2]]
[INFO ][04-Apr-2024 12:17:51 PM] Selenium_Wrapper.click:(205) - Clicking on :[[ChromeDriver: chrome on WINDOWS (9b05fab248a413cf5822d9f5049ec95c)] -> xpath: //textarea[@class='rn_DocumentTextArea']]
[INFO ][04-Apr-2024 12:17:53 PM] Selenium_Wrapper.enterText:(317) - Entering Text :Flexible Work - ThumbDown Comments in WebElement :[[ChromeDriver: chrome on WINDOWS (9b05fab248a413cf5822d9f5049ec95c)] -> xpath: //textarea[@class='rn_DocumentTextArea']]
[INFO ][04-Apr-2024 12:17:55 PM] Selenium_Wrapper.click:(205) - Clicking on :[[ChromeDriver: chrome on WINDOWS (9b05fab248a413cf5822d9f5049ec95c)] -> xpath: //button[text()='SUBMIT']]
[INFO ][04-Apr-2024 12:17:57 PM] Selenium_Wrapper.click:(205) - Clicking on :[[ChromeDriver: chrome on WINDOWS (9b05fab248a413cf5822d9f5049ec95c)] -> xpath: //button[@class='yui3-button yui3-button-close']]
[INFO ][04-Apr-2024 12:18:01 PM] Selenium_Wrapper.click:(205) - Clicking on :[[ChromeDriver: chrome on WINDOWS (9b05fab248a413cf5822d9f5049ec95c)] -> xpath: //div[@class='dropdown']]
[INFO ][04-Apr-2024 12:18:07 PM] Selenium_Wrapper.click:(205) - Clicking on :[[ChromeDriver: chrome on WINDOWS (9b05fab248a413cf5822d9f5049ec95c)] -> xpath: //a[text()='My Feedback']]
[INFO ][04-Apr-2024 12:18:28 PM] Selenium_Wrapper.click:(205) - Clicking on :[[ChromeDriver: chrome on WINDOWS (9b05fab248a413cf5822d9f5049ec95c)] -> xpath: ((//table//tbody)[2]//a)[1]]
[INFO ][04-Apr-2024 12:18:53 PM] Selenium_Wrapper.click:(205) - Clicking on :[[ChromeDriver: chrome on WINDOWS (9b05fab248a413cf5822d9f5049ec95c)] -> class name: knowledge]
[INFO ][04-Apr-2024 12:18:56 PM] Selenium_Wrapper.closeCurrentBrowser:(657) - Closing the current Browser
[INFO ][04-Apr-2024 12:18:59 PM] Selenium_Wrapper.openBrowser:(54) - Opening chrome browser.
[INFO ][04-Apr-2024 12:19:07 PM] Selenium_Wrapper.enterURL:(88) - Entering url :https://macu1--tst1.custhelp.com/AgentWeb/
[INFO ][04-Apr-2024 12:19:12 PM] Selenium_Wrapper.enterText:(317) - Entering Text :automation_testing in WebElement :[[ChromeDriver: chrome on WINDOWS (6ee8a02c5fff0bfd768280c440d8ae8a)] -> id: username]
[INFO ][04-Apr-2024 12:19:13 PM] Selenium_Wrapper.enterText:(317) - Entering Text :Welcome123 in WebElement :[[ChromeDriver: chrome on WINDOWS (6ee8a02c5fff0bfd768280c440d8ae8a)] -> id: password]
[INFO ][04-Apr-2024 12:19:30 PM] Selenium_Wrapper.click:(205) - Clicking on :[[ChromeDriver: chrome on WINDOWS (6ee8a02c5fff0bfd768280c440d8ae8a)] -> id: loginbutton]
[INFO ][04-Apr-2024 12:20:02 PM] Selenium_Wrapper.click:(205) - Clicking on :[[ChromeDriver: chrome on WINDOWS (6ee8a02c5fff0bfd768280c440d8ae8a)] -> id: navigationSetBtn]
[INFO ][04-Apr-2024 12:20:06 PM] Selenium_Wrapper.click:(205) - Clicking on :[[ChromeDriver: chrome on WINDOWS (6ee8a02c5fff0bfd768280c440d8ae8a)] -> xpath: //div[text()='Analytics']]
[INFO ][04-Apr-2024 12:20:08 PM] Selenium_Wrapper.click:(205) - Clicking on :[[ChromeDriver: chrome on WINDOWS (6ee8a02c5fff0bfd768280c440d8ae8a)] -> xpath: //span[text()='Reports Explorer']]
[INFO ][04-Apr-2024 12:20:11 PM] Selenium_Wrapper.click:(205) - Clicking on :[[ChromeDriver: chrome on WINDOWS (6ee8a02c5fff0bfd768280c440d8ae8a)] -> xpath: //div[text()='Public Reports']]
[INFO ][04-Apr-2024 12:20:13 PM] Selenium_Wrapper.click:(205) - Clicking on :[[ChromeDriver: chrome on WINDOWS (6ee8a02c5fff0bfd768280c440d8ae8a)] -> xpath: //div[text()='MACU CUSTOM REPORTS']]
[INFO ][04-Apr-2024 12:20:15 PM] Selenium_Wrapper.click:(205) - Clicking on :[[ChromeDriver: chrome on WINDOWS (6ee8a02c5fff0bfd768280c440d8ae8a)] -> xpath: //div[text()='SoftClouds']]
[INFO ][04-Apr-2024 12:20:17 PM] Selenium_Wrapper.click:(205) - Clicking on :[[ChromeDriver: chrome on WINDOWS (6ee8a02c5fff0bfd768280c440d8ae8a)] -> xpath: //div[text()='OKCS']]
[INFO ][04-Apr-2024 12:20:37 PM] Selenium_Wrapper.click:(205) - Clicking on :[[ChromeDriver: chrome on WINDOWS (6ee8a02c5fff0bfd768280c440d8ae8a)] -> xpath: //div[@class='container wsx-flex']//div[@class='analyticsTopSection']//div[@class='select-box-root select-box-display-text-active']]
[INFO ][04-Apr-2024 12:20:39 PM] Selenium_Wrapper.click:(205) - Clicking on :[[ChromeDriver: chrome on WINDOWS (6ee8a02c5fff0bfd768280c440d8ae8a)] -> xpath: (//span[text()='Search'])[2]]
[ERROR][04-Apr-2024 12:20:39 PM] AnswerVotingFeedbackReport2.testSelectingandGivingAnswerstoReportFlow:(245) - Selecting and Giving Asnwers to Report  un-successfull
[INFO ][04-Apr-2024 12:20:45 PM] Selenium_Wrapper.click:(205) - Clicking on :[[ChromeDriver: chrome on WINDOWS (6ee8a02c5fff0bfd768280c440d8ae8a)] -> xpath: //body//oj-avatar[@initials='[[userMenuLabel]]']]
[INFO ][04-Apr-2024 12:20:49 PM] Selenium_Wrapper.click:(205) - Clicking on :[[ChromeDriver: chrome on WINDOWS (6ee8a02c5fff0bfd768280c440d8ae8a)] -> xpath: //a//span[text()='Sign Out']]
[INFO ][04-Apr-2024 12:20:54 PM] Selenium_Wrapper.closeCurrentBrowser:(657) - Closing the current Browser
