[INFO ][05-Sep-2022 12:16:14 PM] Selenium_Wrapper.openBrowser:(48) - Opening chrome browser.
[INFO ][05-Sep-2022 12:16:18 PM] Selenium_Wrapper.enterURL:(82) - Entering url :https://macu1--upgrade.custhelp.com/AgentWeb/
[INFO ][05-Sep-2022 12:16:22 PM] Selenium_Wrapper.enterText:(311) - Entering Text :RNT_pramod in WebElement :[[ChromeDriver: chrome on WINDOWS (a350b13a694465fef64dcc363f683aac)] -> id: username]
[INFO ][05-Sep-2022 12:16:23 PM] Selenium_Wrapper.enterText:(311) - Entering Text :Welcome123 in WebElement :[[ChromeDriver: chrome on WINDOWS (a350b13a694465fef64dcc363f683aac)] -> id: password]
[INFO ][05-Sep-2022 12:16:55 PM] Selenium_Wrapper.click:(199) - Clicking on :[[ChromeDriver: chrome on WINDOWS (a350b13a694465fef64dcc363f683aac)] -> id: loginbutton]
[INFO ][05-Sep-2022 12:17:10 PM] Selenium_Wrapper.click:(199) - Clicking on :[[ChromeDriver: chrome on WINDOWS (a350b13a694465fef64dcc363f683aac)] -> xpath: //oj-button[@id='navigationSetBtn']]
[INFO ][05-Sep-2022 12:17:16 PM] Selenium_Wrapper.click:(199) - Clicking on :[[ChromeDriver: chrome on WINDOWS (a350b13a694465fef64dcc363f683aac)] -> xpath: (//div[text()='Analytics']//a)]
[INFO ][05-Sep-2022 12:17:21 PM] Selenium_Wrapper.click:(199) - Clicking on :[[ChromeDriver: chrome on WINDOWS (a350b13a694465fef64dcc363f683aac)] -> xpath: //span[text()='Reports Explorer']]
[INFO ][05-Sep-2022 12:17:26 PM] Selenium_Wrapper.click:(199) - Clicking on :[[ChromeDriver: chrome on WINDOWS (a350b13a694465fef64dcc363f683aac)] -> xpath: //div[text()='Public Reports']]
[INFO ][05-Sep-2022 12:17:32 PM] Selenium_Wrapper.click:(199) - Clicking on :[[ChromeDriver: chrome on WINDOWS (a350b13a694465fef64dcc363f683aac)] -> xpath: //div[text()='MACU CUSTOM REPORTS']]
[INFO ][05-Sep-2022 12:17:37 PM] Selenium_Wrapper.click:(199) - Clicking on :[[ChromeDriver: chrome on WINDOWS (a350b13a694465fef64dcc363f683aac)] -> xpath: //div[text()='SoftClouds']]
[INFO ][05-Sep-2022 12:17:43 PM] Selenium_Wrapper.click:(199) - Clicking on :[[ChromeDriver: chrome on WINDOWS (a350b13a694465fef64dcc363f683aac)] -> xpath: //div[text()='OKCS']]
[INFO ][05-Sep-2022 12:17:59 PM] Selenium_Wrapper.click:(199) - Clicking on :[[ChromeDriver: chrome on WINDOWS (a350b13a694465fef64dcc363f683aac)] -> xpath: //body//oj-avatar[@initials='[[userMenuLabel]]']]
[ERROR][05-Sep-2022 12:18:19 PM] Selenium_Wrapper.getWebElement:(124) - org.openqa.selenium.UnhandledAlertException: unexpected alert open: {Alert text : }
  (Session info: chrome=105.0.5195.102): {Alert text : 
Build info: version: '3.141.59', revision: 'e82be7d358', time: '2018-11-14T08:17:03'
System info: host: 'QA-SWAMYK', ip: '192.168.0.4', os.name: 'Windows 10', os.arch: 'amd64', os.version: '10.0', java.version: '11.0.10'
Driver info: org.openqa.selenium.chrome.ChromeDriver
Capabilities {acceptInsecureCerts: false, browserName: chrome, browserVersion: 105.0.5195.102, chrome: {chromedriverVersion: 105.0.5195.52 (412c95e51883..., userDataDir: C:\Users\SWAMYK~1\AppData\L...}, goog:chromeOptions: {debuggerAddress: localhost:52188}, javascriptEnabled: true, networkConnectionEnabled: false, pageLoadStrategy: normal, platform: WINDOWS, platformName: WINDOWS, proxy: Proxy(), setWindowRect: true, strictFileInteractability: false, timeouts: {implicit: 0, pageLoad: 300000, script: 30000}, unhandledPromptBehavior: dismiss and notify, webauthn:extension:credBlob: true, webauthn:extension:largeBlob: true, webauthn:virtualAuthenticators: true}
Session ID: a350b13a694465fef64dcc363f683aac
[ERROR][05-Sep-2022 12:18:19 PM] SmileyFacesFeedBackReport.testSignout:(156) - Logout/SignOut un-successfull
