[INFO ][01-Sep-2022 12:16:10 PM] Selenium_Wrapper.openBrowser:(48) - Opening chrome browser.
[INFO ][01-Sep-2022 12:16:16 PM] Selenium_Wrapper.enterURL:(82) - Entering url :https://macu1--upgrade.custhelp.com/
[INFO ][01-Sep-2022 12:16:20 PM] Selenium_Wrapper.enterText:(311) - Entering Text :pramodk in WebElement :[[ChromeDriver: chrome on WINDOWS (bc5e68ab9c9b586c98e2d12439a72f07)] -> id: rn_LoginForm_2_Username]
[INFO ][01-Sep-2022 12:16:22 PM] Selenium_Wrapper.enterText:(311) - Entering Text :Soft@123 in WebElement :[[ChromeDriver: chrome on WINDOWS (bc5e68ab9c9b586c98e2d12439a72f07)] -> id: rn_LoginForm_2_Password]
[INFO ][01-Sep-2022 12:16:29 PM] Selenium_Wrapper.click:(199) - Clicking on :[[ChromeDriver: chrome on WINDOWS (bc5e68ab9c9b586c98e2d12439a72f07)] -> id: rn_LoginForm_2_Submit]
[INFO ][01-Sep-2022 12:16:47 PM] Selenium_Wrapper.click:(199) - Clicking on :[[ChromeDriver: chrome on WINDOWS (bc5e68ab9c9b586c98e2d12439a72f07)] -> xpath: //input[@type='search']]
[INFO ][01-Sep-2022 12:16:48 PM] Selenium_Wrapper.enterText:(311) - Entering Text :Auto Loan in WebElement :[[ChromeDriver: chrome on WINDOWS (bc5e68ab9c9b586c98e2d12439a72f07)] -> xpath: //input[@type='search']]
[INFO ][01-Sep-2022 12:17:02 PM] Selenium_Wrapper.click:(199) - Clicking on :[[ChromeDriver: chrome on WINDOWS (bc5e68ab9c9b586c98e2d12439a72f07)] -> xpath: //ul[@aria-label='Suggested Search']//li[normalize-space()= 'Auto Loan' ]]
[INFO ][01-Sep-2022 12:17:09 PM] Selenium_Wrapper.click:(199) - Clicking on :[[ChromeDriver: chrome on WINDOWS (bc5e68ab9c9b586c98e2d12439a72f07)] -> xpath: //div[@class='rn_SearchResultContent']//a[text()='Auto Loan']]
[INFO ][01-Sep-2022 12:17:37 PM] Selenium_Wrapper.click:(199) - Clicking on :[[ChromeDriver: chrome on WINDOWS (bc5e68ab9c9b586c98e2d12439a72f07)] -> xpath: //a[@class='add_bookmarkButton']//img[@class='bookmark_icon_blank']]
[INFO ][01-Sep-2022 12:17:44 PM] Selenium_Wrapper.click:(199) - Clicking on :[[ChromeDriver: chrome on WINDOWS (bc5e68ab9c9b586c98e2d12439a72f07)] -> xpath: //div[@class='dropdown']]
[INFO ][01-Sep-2022 12:17:55 PM] Selenium_Wrapper.click:(199) - Clicking on :[[ChromeDriver: chrome on WINDOWS (bc5e68ab9c9b586c98e2d12439a72f07)] -> xpath: //div[@class='data Custom-data']//a[text()='My Bookmarks']]
[INFO ][01-Sep-2022 12:18:17 PM] Selenium_Wrapper.click:(199) - Clicking on :[[ChromeDriver: chrome on WINDOWS (bc5e68ab9c9b586c98e2d12439a72f07)] -> xpath: //a[contains(text(),'Auto Loan')]//parent::div[@class='rn_Notification_Info']//following-sibling::div[@class='rn_Notification_Actions']//button[@class='rn_Notification_Delete']//img[@class='bookmark_del_ico']]
[INFO ][01-Sep-2022 12:18:38 PM] Selenium_Wrapper.click:(199) - Clicking on :[[ChromeDriver: chrome on WINDOWS (bc5e68ab9c9b586c98e2d12439a72f07)] -> class name: knowledge]
[INFO ][01-Sep-2022 12:18:46 PM] Selenium_Wrapper.click:(199) - Clicking on :[[ChromeDriver: chrome on WINDOWS (bc5e68ab9c9b586c98e2d12439a72f07)] -> xpath: //input[@type='search']]
[INFO ][01-Sep-2022 12:18:47 PM] Selenium_Wrapper.enterText:(311) - Entering Text :Auto Loan in WebElement :[[ChromeDriver: chrome on WINDOWS (bc5e68ab9c9b586c98e2d12439a72f07)] -> xpath: //input[@type='search']]
[INFO ][01-Sep-2022 12:18:55 PM] Selenium_Wrapper.click:(199) - Clicking on :[[ChromeDriver: chrome on WINDOWS (bc5e68ab9c9b586c98e2d12439a72f07)] -> xpath: //ul[@aria-label='Suggested Search']//li[normalize-space()= 'Auto Loan' ]]
[INFO ][01-Sep-2022 12:19:02 PM] Selenium_Wrapper.click:(199) - Clicking on :[[ChromeDriver: chrome on WINDOWS (bc5e68ab9c9b586c98e2d12439a72f07)] -> xpath: //div[@class='rn_SearchResultContent']//a[text()='Auto Loan']]
[INFO ][01-Sep-2022 12:19:12 PM] Selenium_Wrapper.click:(199) - Clicking on :[[ChromeDriver: chrome on WINDOWS (bc5e68ab9c9b586c98e2d12439a72f07)] -> xpath: //div[contains(@class,'EmailAnswerLink')]//img[@class='share_icon_default']]
[INFO ][01-Sep-2022 12:19:18 PM] Selenium_Wrapper.click:(199) - Clicking on :[[ChromeDriver: chrome on WINDOWS (bc5e68ab9c9b586c98e2d12439a72f07)] -> xpath: //div[@id='rnDialog1']//input[@class='select2-search__field']]
[INFO ][01-Sep-2022 12:19:19 PM] Selenium_Wrapper.enterText:(311) - Entering Text :Aaron Brown in WebElement :[[ChromeDriver: chrome on WINDOWS (bc5e68ab9c9b586c98e2d12439a72f07)] -> xpath: //div[@id='rnDialog1']//input[@class='select2-search__field']]
[INFO ][01-Sep-2022 12:19:27 PM] Selenium_Wrapper.click:(199) - Clicking on :[[ChromeDriver: chrome on WINDOWS (bc5e68ab9c9b586c98e2d12439a72f07)] -> xpath: //ul[@class='select2-results__options']//li[text()='Aaron Brown']]
[INFO ][01-Sep-2022 12:19:32 PM] Selenium_Wrapper.click:(199) - Clicking on :[[ChromeDriver: chrome on WINDOWS (bc5e68ab9c9b586c98e2d12439a72f07)] -> xpath: //button[@class='yui3-button yui3-button-close']]
[INFO ][01-Sep-2022 12:19:47 PM] Selenium_Wrapper.click:(199) - Clicking on :[[ChromeDriver: chrome on WINDOWS (bc5e68ab9c9b586c98e2d12439a72f07)] -> xpath: //div[@id='formsResources_panel']//div[@id='formsResources_headingOne']]
[INFO ][01-Sep-2022 12:19:56 PM] Selenium_Wrapper.clickUsingActions:(249) - Clicking on :[[ChromeDriver: chrome on WINDOWS (bc5e68ab9c9b586c98e2d12439a72f07)] -> xpath: (//ul[@class='formsResources']//ul//li/a)[2]]
[INFO ][01-Sep-2022 12:20:02 PM] Selenium_Wrapper.clickUsingActions:(249) - Clicking on :[[ChromeDriver: chrome on WINDOWS (bc5e68ab9c9b586c98e2d12439a72f07)] -> xpath: (//ul[@class='formsResources']//ul//li/a)[2]]
[INFO ][01-Sep-2022 12:20:23 PM] Selenium_Wrapper.click:(199) - Clicking on :[[ChromeDriver: chrome on WINDOWS (bc5e68ab9c9b586c98e2d12439a72f07)] -> xpath: //li[@class='breadcrumb-item']//a]
[INFO ][01-Sep-2022 12:20:35 PM] Selenium_Wrapper.click:(199) - Clicking on :[[ChromeDriver: chrome on WINDOWS (bc5e68ab9c9b586c98e2d12439a72f07)] -> class name: knowledge]
[INFO ][01-Sep-2022 12:20:46 PM] Selenium_Wrapper.click:(199) - Clicking on :[[ChromeDriver: chrome on WINDOWS (bc5e68ab9c9b586c98e2d12439a72f07)] -> xpath: //input[@type='search']]
[INFO ][01-Sep-2022 12:20:47 PM] Selenium_Wrapper.enterText:(311) - Entering Text :COVID-19 Critical Updates in WebElement :[[ChromeDriver: chrome on WINDOWS (bc5e68ab9c9b586c98e2d12439a72f07)] -> xpath: //input[@type='search']]
[INFO ][01-Sep-2022 12:21:00 PM] Selenium_Wrapper.click:(199) - Clicking on :[[ChromeDriver: chrome on WINDOWS (bc5e68ab9c9b586c98e2d12439a72f07)] -> xpath: //ul[@aria-label='Suggested Search']//li[normalize-space()='COVID-19 Critical Updates']]
[INFO ][01-Sep-2022 12:21:08 PM] Selenium_Wrapper.click:(199) - Clicking on :[[ChromeDriver: chrome on WINDOWS (bc5e68ab9c9b586c98e2d12439a72f07)] -> xpath: //div[@class='rn_SearchResultContent']//a[text()='COVID-19 Critical Updates']]
[INFO ][01-Sep-2022 12:22:06 PM] Selenium_Wrapper.click:(199) - Clicking on :[[ChromeDriver: chrome on WINDOWS (bc5e68ab9c9b586c98e2d12439a72f07)] -> xpath: //button[@class='rn_RecommendContentButton p-0']]
[INFO ][01-Sep-2022 12:22:07 PM] Selenium_Wrapper.enterText:(311) - Entering Text :Test Improve, comments, updates in WebElement :[[ChromeDriver: chrome on WINDOWS (bc5e68ab9c9b586c98e2d12439a72f07)] -> xpath: //div[@id='rnDialog1_c']//textarea[contains(@id,RequestUpdate)]]
[INFO ][01-Sep-2022 12:22:12 PM] Selenium_Wrapper.click:(199) - Clicking on :[[ChromeDriver: chrome on WINDOWS (bc5e68ab9c9b586c98e2d12439a72f07)] -> xpath: //button[@class='yui3-button yui3-button-close']]
[INFO ][01-Sep-2022 12:22:24 PM] Selenium_Wrapper.click:(199) - Clicking on :[[ChromeDriver: chrome on WINDOWS (bc5e68ab9c9b586c98e2d12439a72f07)] -> id: relatedPages_headingOne]
[INFO ][01-Sep-2022 12:22:30 PM] Selenium_Wrapper.click:(199) - Clicking on :[[ChromeDriver: chrome on WINDOWS (bc5e68ab9c9b586c98e2d12439a72f07)] -> id: relatedPages_headingOne]
[INFO ][01-Sep-2022 12:22:37 PM] Selenium_Wrapper.enterText:(311) - Entering Text :Auto Loan in WebElement :[[ChromeDriver: chrome on WINDOWS (bc5e68ab9c9b586c98e2d12439a72f07)] -> xpath: //div[contains(@class,'input-group')]//input[@type='search']]
[INFO ][01-Sep-2022 12:22:49 PM] Selenium_Wrapper.click:(199) - Clicking on :[[ChromeDriver: chrome on WINDOWS (bc5e68ab9c9b586c98e2d12439a72f07)] -> xpath: //ul[@aria-label='Suggested Search']//li[@class='rn_SuggestionItem'][normalize-space()='Auto Loan']]
[INFO ][01-Sep-2022 12:23:10 PM] Selenium_Wrapper.click:(199) - Clicking on :[[ChromeDriver: chrome on WINDOWS (bc5e68ab9c9b586c98e2d12439a72f07)] -> class name: knowledge]
