[INFO ][08-Aug-2024 12:14:47 PM] Selenium_Wrapper.openBrowser:(54) - Opening chrome browser.
[INFO ][08-Aug-2024 12:14:54 PM] Selenium_Wrapper.enterURL:(88) - Entering url :https://macu1--tst1.custhelp.com/app/home
[INFO ][08-Aug-2024 12:14:59 PM] Selenium_Wrapper.enterText:(317) - Entering Text :swamyk in WebElement :[[ChromeDriver: chrome on WINDOWS (a1d423ff7a42e0efb69c8614d6081e49)] -> id: rn_LoginForm_2_Username]
[INFO ][08-Aug-2024 12:15:00 PM] Selenium_Wrapper.enterText:(317) - Entering Text :Soft@123 in WebElement :[[ChromeDriver: chrome on WINDOWS (a1d423ff7a42e0efb69c8614d6081e49)] -> id: rn_LoginForm_2_Password]
[INFO ][08-Aug-2024 12:15:04 PM] Selenium_Wrapper.click:(205) - Clicking on :[[ChromeDriver: chrome on WINDOWS (a1d423ff7a42e0efb69c8614d6081e49)] -> id: rn_LoginForm_2_Submit]
[INFO ][08-Aug-2024 12:15:12 PM] Selenium_Wrapper.click:(205) - Clicking on :[[ChromeDriver: chrome on WINDOWS (a1d423ff7a42e0efb69c8614d6081e49)] -> xpath: //input[@type='search']]
[INFO ][08-Aug-2024 12:15:13 PM] Selenium_Wrapper.enterText:(317) - Entering Text :Business Use Auto Loan in WebElement :[[ChromeDriver: chrome on WINDOWS (a1d423ff7a42e0efb69c8614d6081e49)] -> xpath: //input[@type='search']]
[INFO ][08-Aug-2024 12:15:15 PM] Selenium_Wrapper.click:(205) - Clicking on :[[ChromeDriver: chrome on WINDOWS (a1d423ff7a42e0efb69c8614d6081e49)] -> xpath: //input[@type='search']]
[INFO ][08-Aug-2024 12:15:20 PM] Selenium_Wrapper.click:(205) - Clicking on :[[ChromeDriver: chrome on WINDOWS (a1d423ff7a42e0efb69c8614d6081e49)] -> xpath: (//div[@class='yui3-aclist-content']//li//li)[1]]
[INFO ][08-Aug-2024 12:15:25 PM] Selenium_Wrapper.click:(205) - Clicking on :[[ChromeDriver: chrome on WINDOWS (a1d423ff7a42e0efb69c8614d6081e49)] -> xpath: (//div[@class='rn_SearchResultContent']//a)[1]]
[INFO ][08-Aug-2024 12:15:44 PM] Selenium_Wrapper.click:(205) - Clicking on :[[ChromeDriver: chrome on WINDOWS (a1d423ff7a42e0efb69c8614d6081e49)] -> xpath: //div[@class='main_image_div']//div[@class='thumbs_up_down'][2]]
[INFO ][08-Aug-2024 12:15:52 PM] Selenium_Wrapper.click:(205) - Clicking on :[[ChromeDriver: chrome on WINDOWS (a1d423ff7a42e0efb69c8614d6081e49)] -> xpath: //textarea[@class='rn_DocumentTextArea']]
[INFO ][08-Aug-2024 12:15:54 PM] Selenium_Wrapper.enterText:(317) - Entering Text :Flexible Work - ThumbDown Comments in WebElement :[[ChromeDriver: chrome on WINDOWS (a1d423ff7a42e0efb69c8614d6081e49)] -> xpath: //textarea[@class='rn_DocumentTextArea']]
[INFO ][08-Aug-2024 12:15:56 PM] Selenium_Wrapper.click:(205) - Clicking on :[[ChromeDriver: chrome on WINDOWS (a1d423ff7a42e0efb69c8614d6081e49)] -> xpath: //button[text()='SUBMIT']]
[INFO ][08-Aug-2024 12:15:58 PM] Selenium_Wrapper.click:(205) - Clicking on :[[ChromeDriver: chrome on WINDOWS (a1d423ff7a42e0efb69c8614d6081e49)] -> xpath: //button[@class='yui3-button yui3-button-close']]
[INFO ][08-Aug-2024 12:16:03 PM] Selenium_Wrapper.click:(205) - Clicking on :[[ChromeDriver: chrome on WINDOWS (a1d423ff7a42e0efb69c8614d6081e49)] -> xpath: //div[@class='dropdown']]
[INFO ][08-Aug-2024 12:16:08 PM] Selenium_Wrapper.click:(205) - Clicking on :[[ChromeDriver: chrome on WINDOWS (a1d423ff7a42e0efb69c8614d6081e49)] -> xpath: //a[text()='My Feedback']]
[INFO ][08-Aug-2024 12:16:31 PM] Selenium_Wrapper.click:(205) - Clicking on :[[ChromeDriver: chrome on WINDOWS (a1d423ff7a42e0efb69c8614d6081e49)] -> xpath: ((//table//tbody)[2]//a)[1]]
[INFO ][08-Aug-2024 12:16:59 PM] Selenium_Wrapper.click:(205) - Clicking on :[[ChromeDriver: chrome on WINDOWS (a1d423ff7a42e0efb69c8614d6081e49)] -> class name: knowledge]
[INFO ][08-Aug-2024 12:17:01 PM] Selenium_Wrapper.closeCurrentBrowser:(657) - Closing the current Browser
[INFO ][08-Aug-2024 12:17:03 PM] Selenium_Wrapper.openBrowser:(54) - Opening chrome browser.
[INFO ][08-Aug-2024 12:17:11 PM] Selenium_Wrapper.enterURL:(88) - Entering url :https://macu1--tst1.custhelp.com/AgentWeb/
[INFO ][08-Aug-2024 12:17:15 PM] Selenium_Wrapper.enterText:(317) - Entering Text :automation_testing in WebElement :[[ChromeDriver: chrome on WINDOWS (fce9e1714c4c30487be1e96cb655d2d6)] -> id: username]
[INFO ][08-Aug-2024 12:17:16 PM] Selenium_Wrapper.enterText:(317) - Entering Text :Welcome123 in WebElement :[[ChromeDriver: chrome on WINDOWS (fce9e1714c4c30487be1e96cb655d2d6)] -> id: password]
[INFO ][08-Aug-2024 12:17:27 PM] Selenium_Wrapper.click:(205) - Clicking on :[[ChromeDriver: chrome on WINDOWS (fce9e1714c4c30487be1e96cb655d2d6)] -> id: loginbutton]
[INFO ][08-Aug-2024 12:18:20 PM] Selenium_Wrapper.click:(205) - Clicking on :[[ChromeDriver: chrome on WINDOWS (fce9e1714c4c30487be1e96cb655d2d6)] -> id: navigationSetBtn]
[INFO ][08-Aug-2024 12:18:24 PM] Selenium_Wrapper.click:(205) - Clicking on :[[ChromeDriver: chrome on WINDOWS (fce9e1714c4c30487be1e96cb655d2d6)] -> xpath: //div[text()='Analytics']]
[INFO ][08-Aug-2024 12:18:26 PM] Selenium_Wrapper.click:(205) - Clicking on :[[ChromeDriver: chrome on WINDOWS (fce9e1714c4c30487be1e96cb655d2d6)] -> xpath: //span[text()='Reports Explorer']]
[INFO ][08-Aug-2024 12:18:31 PM] Selenium_Wrapper.click:(205) - Clicking on :[[ChromeDriver: chrome on WINDOWS (fce9e1714c4c30487be1e96cb655d2d6)] -> xpath: //div[text()='Public Reports']]
[INFO ][08-Aug-2024 12:18:33 PM] Selenium_Wrapper.click:(205) - Clicking on :[[ChromeDriver: chrome on WINDOWS (fce9e1714c4c30487be1e96cb655d2d6)] -> xpath: //div[text()='MACU CUSTOM REPORTS']]
[INFO ][08-Aug-2024 12:18:35 PM] Selenium_Wrapper.click:(205) - Clicking on :[[ChromeDriver: chrome on WINDOWS (fce9e1714c4c30487be1e96cb655d2d6)] -> xpath: //div[text()='SoftClouds']]
[INFO ][08-Aug-2024 12:18:37 PM] Selenium_Wrapper.click:(205) - Clicking on :[[ChromeDriver: chrome on WINDOWS (fce9e1714c4c30487be1e96cb655d2d6)] -> xpath: //div[text()='OKCS']]
[INFO ][08-Aug-2024 12:18:39 PM] Selenium_Wrapper.click:(205) - Clicking on :[[ChromeDriver: chrome on WINDOWS (fce9e1714c4c30487be1e96cb655d2d6)] -> xpath: //div[text()='Archived Reports']]
[INFO ][08-Aug-2024 12:18:51 PM] Selenium_Wrapper.doubleClick:(286) - Double clicking on :[[ChromeDriver: chrome on WINDOWS (fce9e1714c4c30487be1e96cb655d2d6)] -> xpath: //div[@class='explorer-right-panel']//div[@class='explorer-data-grid']//span[text()='Feedback Admin Report (old)']]
[INFO ][08-Aug-2024 12:19:05 PM] Selenium_Wrapper.click:(205) - Clicking on :[[ChromeDriver: chrome on WINDOWS (fce9e1714c4c30487be1e96cb655d2d6)] -> xpath: //div[@class='container wsx-flex']//div[@class='analyticsTopSection']//div[@class='select-box-root select-box-display-text-active']]
[INFO ][08-Aug-2024 12:19:07 PM] Selenium_Wrapper.click:(205) - Clicking on :[[ChromeDriver: chrome on WINDOWS (fce9e1714c4c30487be1e96cb655d2d6)] -> xpath: (//span[text()='Search'])[2]]
[INFO ][08-Aug-2024 12:19:16 PM] Selenium_Wrapper.doubleClick:(286) - Double clicking on :[[ChromeDriver: chrome on WINDOWS (fce9e1714c4c30487be1e96cb655d2d6)] -> xpath: //div[@class='container wsx-flex']//div[contains(@column-id,'2')][1]]
[INFO ][08-Aug-2024 12:19:34 PM] Selenium_Wrapper.click:(205) - Clicking on :[[ChromeDriver: chrome on WINDOWS (fce9e1714c4c30487be1e96cb655d2d6)] -> xpath: //span[text()='Messages']]
[INFO ][08-Aug-2024 12:19:36 PM] Selenium_Wrapper.click:(205) - Clicking on :[[ChromeDriver: chrome on WINDOWS (fce9e1714c4c30487be1e96cb655d2d6)] -> xpath: //div[contains(@class,'cke_wysiwyg_div ')]]
[INFO ][08-Aug-2024 12:19:37 PM] Selenium_Wrapper.enterText:(317) - Entering Text :It is working as per Expected in WebElement :[[ChromeDriver: chrome on WINDOWS (fce9e1714c4c30487be1e96cb655d2d6)] -> xpath: //div[contains(@class,'cke_wysiwyg_div ')]]
[INFO ][08-Aug-2024 12:19:39 PM] Selenium_Wrapper.click:(205) - Clicking on :[[ChromeDriver: chrome on WINDOWS (fce9e1714c4c30487be1e96cb655d2d6)] -> xpath: //div[@class='ws-toolbar-button-image bui-icon save-icon fa-lg']]
[INFO ][08-Aug-2024 12:19:42 PM] Selenium_Wrapper.click:(205) - Clicking on :[[ChromeDriver: chrome on WINDOWS (fce9e1714c4c30487be1e96cb655d2d6)] -> xpath: //span[text()='Summary']]
[INFO ][08-Aug-2024 12:19:49 PM] Selenium_Wrapper.clickUsingActions:(255) - Clicking on :[[ChromeDriver: chrome on WINDOWS (fce9e1714c4c30487be1e96cb655d2d6)] -> xpath: (//div[text()='Waiting'])[2]]
[INFO ][08-Aug-2024 12:19:53 PM] Selenium_Wrapper.click:(205) - Clicking on :[[ChromeDriver: chrome on WINDOWS (fce9e1714c4c30487be1e96cb655d2d6)] -> xpath: (//div[@title='Solved'])[1]]
[INFO ][08-Aug-2024 12:19:57 PM] Selenium_Wrapper.click:(205) - Clicking on :[[ChromeDriver: chrome on WINDOWS (fce9e1714c4c30487be1e96cb655d2d6)] -> xpath: //div[@class='ws-toolbar-button-image bui-icon save-icon fa-lg']]
[INFO ][08-Aug-2024 12:20:04 PM] Selenium_Wrapper.click:(205) - Clicking on :[[ChromeDriver: chrome on WINDOWS (fce9e1714c4c30487be1e96cb655d2d6)] -> xpath: (//a[@class='closeButton'])[3]]
[INFO ][08-Aug-2024 12:20:08 PM] Selenium_Wrapper.click:(205) - Clicking on :[[ChromeDriver: chrome on WINDOWS (fce9e1714c4c30487be1e96cb655d2d6)] -> xpath: (//a[@class='closeButton'])[2]]
[INFO ][08-Aug-2024 12:20:12 PM] Selenium_Wrapper.click:(205) - Clicking on :[[ChromeDriver: chrome on WINDOWS (fce9e1714c4c30487be1e96cb655d2d6)] -> xpath: (//a[@class='closeButton'])[1]]
[INFO ][08-Aug-2024 12:20:17 PM] Selenium_Wrapper.click:(205) - Clicking on :[[ChromeDriver: chrome on WINDOWS (fce9e1714c4c30487be1e96cb655d2d6)] -> xpath: //body//oj-avatar[@initials='[[userMenuLabel]]']]
[INFO ][08-Aug-2024 12:20:22 PM] Selenium_Wrapper.click:(205) - Clicking on :[[ChromeDriver: chrome on WINDOWS (fce9e1714c4c30487be1e96cb655d2d6)] -> xpath: //a//span[text()='Sign Out']]
[INFO ][08-Aug-2024 12:20:27 PM] Selenium_Wrapper.closeCurrentBrowser:(657) - Closing the current Browser
