[INFO ][04-Dec-2023 12:17:39 PM] Selenium_Wrapper.openBrowser:(48) - Opening chrome browser.
[INFO ][04-Dec-2023 12:17:47 PM] Selenium_Wrapper.enterURL:(82) - Entering url :https://macu1--tst1.custhelp.com/app/home
[INFO ][04-Dec-2023 12:17:51 PM] Selenium_Wrapper.enterText:(311) - Entering Text :swamyk in WebElement :[[ChromeDriver: chrome on WINDOWS (4cd227062ffbd683bd8f99345f8d940a)] -> id: rn_LoginForm_2_Username]
[INFO ][04-Dec-2023 12:17:52 PM] Selenium_Wrapper.enterText:(311) - Entering Text :Soft@123 in WebElement :[[ChromeDriver: chrome on WINDOWS (4cd227062ffbd683bd8f99345f8d940a)] -> id: rn_LoginForm_2_Password]
[INFO ][04-Dec-2023 12:17:59 PM] Selenium_Wrapper.click:(199) - Clicking on :[[ChromeDriver: chrome on WINDOWS (4cd227062ffbd683bd8f99345f8d940a)] -> id: rn_LoginForm_2_Submit]
[INFO ][04-Dec-2023 12:18:12 PM] Selenium_Wrapper.click:(199) - Clicking on :[[ChromeDriver: chrome on WINDOWS (4cd227062ffbd683bd8f99345f8d940a)] -> xpath: //input[@type='search']]
[INFO ][04-Dec-2023 12:18:13 PM] Selenium_Wrapper.enterText:(311) - Entering Text :Business Auto Loan - ALPS 1.0 in WebElement :[[ChromeDriver: chrome on WINDOWS (4cd227062ffbd683bd8f99345f8d940a)] -> xpath: //input[@type='search']]
[INFO ][04-Dec-2023 12:18:27 PM] Selenium_Wrapper.click:(199) - Clicking on :[[ChromeDriver: chrome on WINDOWS (4cd227062ffbd683bd8f99345f8d940a)] -> xpath: (//div[@class='yui3-aclist-content']//li//li)[1]]
[INFO ][04-Dec-2023 12:18:34 PM] Selenium_Wrapper.click:(199) - Clicking on :[[ChromeDriver: chrome on WINDOWS (4cd227062ffbd683bd8f99345f8d940a)] -> xpath: (//div[@class='rn_SearchResultContent']//a)[1]]
[INFO ][04-Dec-2023 12:18:43 PM] Selenium_Wrapper.click:(199) - Clicking on :[[ChromeDriver: chrome on WINDOWS (4cd227062ffbd683bd8f99345f8d940a)] -> xpath: //div[@class='main_image_div']//div[@class='thumbs_up_down'][1]]
[INFO ][04-Dec-2023 12:18:51 PM] Selenium_Wrapper.click:(199) - Clicking on :[[ChromeDriver: chrome on WINDOWS (4cd227062ffbd683bd8f99345f8d940a)] -> xpath: //div[@class='main_image_div']//div[@class='thumbs_up_down'][2]]
[INFO ][04-Dec-2023 12:19:02 PM] Selenium_Wrapper.click:(199) - Clicking on :[[ChromeDriver: chrome on WINDOWS (4cd227062ffbd683bd8f99345f8d940a)] -> xpath: //button[@class='rn_RecommendContentButton p-0']]
[INFO ][04-Dec-2023 12:19:03 PM] Selenium_Wrapper.enterText:(311) - Entering Text :Flexible Work - ThumbDown Comments in WebElement :[[ChromeDriver: chrome on WINDOWS (4cd227062ffbd683bd8f99345f8d940a)] -> id: rn_RequestUpdate_25_Description]
[INFO ][04-Dec-2023 12:19:08 PM] Selenium_Wrapper.click:(199) - Clicking on :[[ChromeDriver: chrome on WINDOWS (4cd227062ffbd683bd8f99345f8d940a)] -> xpath: //button[text()='Submit']]
[INFO ][04-Dec-2023 12:19:14 PM] Selenium_Wrapper.click:(199) - Clicking on :[[ChromeDriver: chrome on WINDOWS (4cd227062ffbd683bd8f99345f8d940a)] -> xpath: (//button[@class='yui3-button yui3-button-close'])[2]]
[INFO ][04-Dec-2023 12:19:21 PM] Selenium_Wrapper.click:(199) - Clicking on :[[ChromeDriver: chrome on WINDOWS (4cd227062ffbd683bd8f99345f8d940a)] -> xpath: //div[@class='dropdown']]
[INFO ][04-Dec-2023 12:19:30 PM] Selenium_Wrapper.click:(199) - Clicking on :[[ChromeDriver: chrome on WINDOWS (4cd227062ffbd683bd8f99345f8d940a)] -> xpath: //a[text()='My Feedback']]
[INFO ][04-Dec-2023 12:19:57 PM] Selenium_Wrapper.click:(199) - Clicking on :[[ChromeDriver: chrome on WINDOWS (4cd227062ffbd683bd8f99345f8d940a)] -> xpath: ((//table//tbody)[2]//a)[1]]
[INFO ][04-Dec-2023 12:20:35 PM] Selenium_Wrapper.click:(199) - Clicking on :[[ChromeDriver: chrome on WINDOWS (4cd227062ffbd683bd8f99345f8d940a)] -> class name: knowledge]
[INFO ][04-Dec-2023 12:20:37 PM] Selenium_Wrapper.closeCurrentBrowser:(651) - Closing the current Browser
[INFO ][04-Dec-2023 12:20:38 PM] Selenium_Wrapper.openBrowser:(48) - Opening chrome browser.
[INFO ][04-Dec-2023 12:20:41 PM] Selenium_Wrapper.enterURL:(82) - Entering url :https://macu1--tst1.custhelp.com/AgentWeb/
[INFO ][04-Dec-2023 12:20:45 PM] Selenium_Wrapper.enterText:(311) - Entering Text :automation_testing in WebElement :[[ChromeDriver: chrome on WINDOWS (1739d91f2b7966f49d74bf9772a7a4cf)] -> id: username]
[INFO ][04-Dec-2023 12:20:46 PM] Selenium_Wrapper.enterText:(311) - Entering Text :Welcome123 in WebElement :[[ChromeDriver: chrome on WINDOWS (1739d91f2b7966f49d74bf9772a7a4cf)] -> id: password]
[INFO ][04-Dec-2023 12:21:21 PM] Selenium_Wrapper.click:(199) - Clicking on :[[ChromeDriver: chrome on WINDOWS (1739d91f2b7966f49d74bf9772a7a4cf)] -> id: loginbutton]
[INFO ][04-Dec-2023 12:21:51 PM] Selenium_Wrapper.click:(199) - Clicking on :[[ChromeDriver: chrome on WINDOWS (1739d91f2b7966f49d74bf9772a7a4cf)] -> xpath: //oj-button[@id='navigationSetBtn']]
[INFO ][04-Dec-2023 12:21:56 PM] Selenium_Wrapper.click:(199) - Clicking on :[[ChromeDriver: chrome on WINDOWS (1739d91f2b7966f49d74bf9772a7a4cf)] -> xpath: (//div[text()='Analytics']//a)]
[INFO ][04-Dec-2023 12:22:02 PM] Selenium_Wrapper.click:(199) - Clicking on :[[ChromeDriver: chrome on WINDOWS (1739d91f2b7966f49d74bf9772a7a4cf)] -> xpath: //span[text()='Reports Explorer']]
[INFO ][04-Dec-2023 12:22:07 PM] Selenium_Wrapper.click:(199) - Clicking on :[[ChromeDriver: chrome on WINDOWS (1739d91f2b7966f49d74bf9772a7a4cf)] -> xpath: //div[text()='Public Reports']]
[INFO ][04-Dec-2023 12:22:12 PM] Selenium_Wrapper.click:(199) - Clicking on :[[ChromeDriver: chrome on WINDOWS (1739d91f2b7966f49d74bf9772a7a4cf)] -> xpath: //div[text()='MACU CUSTOM REPORTS']]
[INFO ][04-Dec-2023 12:22:17 PM] Selenium_Wrapper.click:(199) - Clicking on :[[ChromeDriver: chrome on WINDOWS (1739d91f2b7966f49d74bf9772a7a4cf)] -> xpath: //div[text()='SoftClouds']]
[INFO ][04-Dec-2023 12:22:23 PM] Selenium_Wrapper.click:(199) - Clicking on :[[ChromeDriver: chrome on WINDOWS (1739d91f2b7966f49d74bf9772a7a4cf)] -> xpath: //div[text()='OKCS']]
[INFO ][04-Dec-2023 12:22:35 PM] Selenium_Wrapper.doubleClick:(280) - Double clicking on :[[ChromeDriver: chrome on WINDOWS (1739d91f2b7966f49d74bf9772a7a4cf)] -> xpath: //div[@class='explorer-right-panel']//div[@class='explorer-data-grid']//span[text()='Feedback Admin Report']]
[INFO ][04-Dec-2023 12:22:50 PM] Selenium_Wrapper.click:(199) - Clicking on :[[ChromeDriver: chrome on WINDOWS (1739d91f2b7966f49d74bf9772a7a4cf)] -> xpath: //div[@class='container wsx-flex']//div[@class='analyticsTopSection']//div[@class='select-box-root select-box-display-text-active']]
[INFO ][04-Dec-2023 12:22:56 PM] Selenium_Wrapper.click:(199) - Clicking on :[[ChromeDriver: chrome on WINDOWS (1739d91f2b7966f49d74bf9772a7a4cf)] -> xpath: (//span[text()='Search'])[2]]
[INFO ][04-Dec-2023 12:23:05 PM] Selenium_Wrapper.doubleClick:(280) - Double clicking on :[[ChromeDriver: chrome on WINDOWS (1739d91f2b7966f49d74bf9772a7a4cf)] -> xpath: //div[@class='container wsx-flex']//div[contains(@column-id,'2')][1]]
[INFO ][04-Dec-2023 12:23:19 PM] Selenium_Wrapper.click:(199) - Clicking on :[[ChromeDriver: chrome on WINDOWS (1739d91f2b7966f49d74bf9772a7a4cf)] -> xpath: //span[text()='Messages']]
[INFO ][04-Dec-2023 12:23:24 PM] Selenium_Wrapper.click:(199) - Clicking on :[[ChromeDriver: chrome on WINDOWS (1739d91f2b7966f49d74bf9772a7a4cf)] -> xpath: //div[contains(@class,'cke_wysiwyg_div ')]]
[INFO ][04-Dec-2023 12:23:25 PM] Selenium_Wrapper.enterText:(311) - Entering Text :It is working as per Expected in WebElement :[[ChromeDriver: chrome on WINDOWS (1739d91f2b7966f49d74bf9772a7a4cf)] -> xpath: //div[contains(@class,'cke_wysiwyg_div ')]]
[INFO ][04-Dec-2023 12:23:30 PM] Selenium_Wrapper.click:(199) - Clicking on :[[ChromeDriver: chrome on WINDOWS (1739d91f2b7966f49d74bf9772a7a4cf)] -> xpath: //div[@class='ws-toolbar-button-image bui-icon save-icon fa-lg']]
[INFO ][04-Dec-2023 12:23:36 PM] Selenium_Wrapper.click:(199) - Clicking on :[[ChromeDriver: chrome on WINDOWS (1739d91f2b7966f49d74bf9772a7a4cf)] -> xpath: //span[text()='Summary']]
[INFO ][04-Dec-2023 12:23:43 PM] Selenium_Wrapper.clickUsingActions:(249) - Clicking on :[[ChromeDriver: chrome on WINDOWS (1739d91f2b7966f49d74bf9772a7a4cf)] -> xpath: //div[contains(@id,'Incident_Status')][@class='display-text']]
[INFO ][04-Dec-2023 12:23:50 PM] Selenium_Wrapper.click:(199) - Clicking on :[[ChromeDriver: chrome on WINDOWS (1739d91f2b7966f49d74bf9772a7a4cf)] -> xpath: (//div[@title='Solved'])[1]]
[INFO ][04-Dec-2023 12:23:57 PM] Selenium_Wrapper.click:(199) - Clicking on :[[ChromeDriver: chrome on WINDOWS (1739d91f2b7966f49d74bf9772a7a4cf)] -> xpath: //div[@class='ws-toolbar-button-image bui-icon save-icon fa-lg']]
[INFO ][04-Dec-2023 12:24:06 PM] Selenium_Wrapper.click:(199) - Clicking on :[[ChromeDriver: chrome on WINDOWS (1739d91f2b7966f49d74bf9772a7a4cf)] -> xpath: (//a[@class='closeButton'])[3]]
[INFO ][04-Dec-2023 12:24:13 PM] Selenium_Wrapper.click:(199) - Clicking on :[[ChromeDriver: chrome on WINDOWS (1739d91f2b7966f49d74bf9772a7a4cf)] -> xpath: (//a[@class='closeButton'])[2]]
[INFO ][04-Dec-2023 12:24:20 PM] Selenium_Wrapper.click:(199) - Clicking on :[[ChromeDriver: chrome on WINDOWS (1739d91f2b7966f49d74bf9772a7a4cf)] -> xpath: (//a[@class='closeButton'])[1]]
[INFO ][04-Dec-2023 12:24:31 PM] Selenium_Wrapper.click:(199) - Clicking on :[[ChromeDriver: chrome on WINDOWS (1739d91f2b7966f49d74bf9772a7a4cf)] -> xpath: //body//oj-avatar[@initials='[[userMenuLabel]]']]
[INFO ][04-Dec-2023 12:24:38 PM] Selenium_Wrapper.click:(199) - Clicking on :[[ChromeDriver: chrome on WINDOWS (1739d91f2b7966f49d74bf9772a7a4cf)] -> xpath: //a//span[text()='Sign Out']]
[INFO ][04-Dec-2023 12:24:43 PM] Selenium_Wrapper.closeCurrentBrowser:(651) - Closing the current Browser
