[INFO ][05-Jun-2024 12:19:55 PM] Selenium_Wrapper.openBrowser:(54) - Opening chrome browser.
[INFO ][05-Jun-2024 12:20:51 PM] Selenium_Wrapper.enterURL:(88) - Entering url :https://macu1--tst1.custhelp.com/app/home
[INFO ][05-Jun-2024 12:20:55 PM] Selenium_Wrapper.enterText:(317) - Entering Text :swamyk in WebElement :[[ChromeDriver: chrome on WINDOWS (c949a6daafe80cbbde87b13645bc4e79)] -> id: rn_LoginForm_2_Username]
[INFO ][05-Jun-2024 12:20:56 PM] Selenium_Wrapper.enterText:(317) - Entering Text :Soft@123 in WebElement :[[ChromeDriver: chrome on WINDOWS (c949a6daafe80cbbde87b13645bc4e79)] -> id: rn_LoginForm_2_Password]
[INFO ][05-Jun-2024 12:21:01 PM] Selenium_Wrapper.click:(205) - Clicking on :[[ChromeDriver: chrome on WINDOWS (c949a6daafe80cbbde87b13645bc4e79)] -> id: rn_LoginForm_2_Submit]
[INFO ][05-Jun-2024 12:21:16 PM] Selenium_Wrapper.click:(205) - Clicking on :[[ChromeDriver: chrome on WINDOWS (c949a6daafe80cbbde87b13645bc4e79)] -> xpath: //div[@class='dropdown']]
[INFO ][05-Jun-2024 12:22:17 PM] Selenium_Wrapper.click:(205) - Clicking on :[[ChromeDriver: chrome on WINDOWS (c949a6daafe80cbbde87b13645bc4e79)] -> xpath: //a[text()='My Activity']]
[INFO ][05-Jun-2024 12:22:21 PM] Selenium_Wrapper.click:(205) - Clicking on :[[ChromeDriver: chrome on WINDOWS (c949a6daafe80cbbde87b13645bc4e79)] -> xpath: //input[@type='search']]
[INFO ][05-Jun-2024 12:22:23 PM] Selenium_Wrapper.enterText:(317) - Entering Text :Business Use Auto Loan in WebElement :[[ChromeDriver: chrome on WINDOWS (c949a6daafe80cbbde87b13645bc4e79)] -> xpath: //input[@type='search']]
[INFO ][05-Jun-2024 12:23:04 PM] Selenium_Wrapper.click:(205) - Clicking on :[[ChromeDriver: chrome on WINDOWS (c949a6daafe80cbbde87b13645bc4e79)] -> class name: knowledge]
[INFO ][05-Jun-2024 12:23:08 PM] Selenium_Wrapper.click:(205) - Clicking on :[[ChromeDriver: chrome on WINDOWS (c949a6daafe80cbbde87b13645bc4e79)] -> xpath: //div[@class='dropdown']]
[INFO ][05-Jun-2024 12:23:18 PM] Selenium_Wrapper.click:(205) - Clicking on :[[ChromeDriver: chrome on WINDOWS (c949a6daafe80cbbde87b13645bc4e79)] -> xpath: //a[text()='My Activity']]
[INFO ][05-Jun-2024 12:26:44 PM] Selenium_Wrapper.click:(205) - Clicking on :[[ChromeDriver: chrome on WINDOWS (c949a6daafe80cbbde87b13645bc4e79)] -> xpath: //a[text()='browse all PAGES']]
[INFO ][05-Jun-2024 12:27:02 PM] Selenium_Wrapper.click:(205) - Clicking on :[[ChromeDriver: chrome on WINDOWS (c949a6daafe80cbbde87b13645bc4e79)] -> xpath: //div[@class='dropdown']]
[INFO ][05-Jun-2024 12:27:17 PM] Selenium_Wrapper.click:(205) - Clicking on :[[ChromeDriver: chrome on WINDOWS (c949a6daafe80cbbde87b13645bc4e79)] -> xpath: //a[text()='My Activity']]
[INFO ][05-Jun-2024 12:27:27 PM] Selenium_Wrapper.click:(205) - Clicking on :[[ChromeDriver: chrome on WINDOWS (c949a6daafe80cbbde87b13645bc4e79)] -> xpath: //button[@class='rn_RecommendContentButton p-0']]
[INFO ][05-Jun-2024 12:27:28 PM] Selenium_Wrapper.enterText:(317) - Entering Text :Test Improve, comments, updates in WebElement :[[ChromeDriver: chrome on WINDOWS (c949a6daafe80cbbde87b13645bc4e79)] -> id: rn_RequestUpdate_9_Description]
[INFO ][05-Jun-2024 12:27:30 PM] Selenium_Wrapper.click:(205) - Clicking on :[[ChromeDriver: chrome on WINDOWS (c949a6daafe80cbbde87b13645bc4e79)] -> xpath: //button[text()='Submit']]
[INFO ][05-Jun-2024 12:27:33 PM] Selenium_Wrapper.click:(205) - Clicking on :[[ChromeDriver: chrome on WINDOWS (c949a6daafe80cbbde87b13645bc4e79)] -> xpath: //div[@id='rnDialog2']//button[@type='button']]
[INFO ][05-Jun-2024 12:27:46 PM] Selenium_Wrapper.click:(205) - Clicking on :[[ChromeDriver: chrome on WINDOWS (c949a6daafe80cbbde87b13645bc4e79)] -> class name: knowledge]
[INFO ][05-Jun-2024 12:27:49 PM] Selenium_Wrapper.closeCurrentBrowser:(657) - Closing the current Browser
