[INFO ][05-Sep-2024 12:23:27 PM] Selenium_Wrapper.openBrowser:(54) - Opening chrome browser.
[INFO ][05-Sep-2024 12:23:33 PM] Selenium_Wrapper.enterURL:(88) - Entering url :https://macu1--tst1.custhelp.com/AgentWeb/
[INFO ][05-Sep-2024 12:23:37 PM] Selenium_Wrapper.enterText:(317) - Entering Text :automation_testing in WebElement :[[ChromeDriver: chrome on WINDOWS (1aa337c4de43a72f7c649e3fe00b123e)] -> id: username]
[INFO ][05-Sep-2024 12:23:38 PM] Selenium_Wrapper.enterText:(317) - Entering Text :Welcome123 in WebElement :[[ChromeDriver: chrome on WINDOWS (1aa337c4de43a72f7c649e3fe00b123e)] -> id: password]
[INFO ][05-Sep-2024 12:24:49 PM] Selenium_Wrapper.click:(205) - Clicking on :[[ChromeDriver: chrome on WINDOWS (1aa337c4de43a72f7c649e3fe00b123e)] -> id: loginbutton]
[INFO ][05-Sep-2024 12:25:07 PM] Selenium_Wrapper.click:(205) - Clicking on :[[ChromeDriver: chrome on WINDOWS (1aa337c4de43a72f7c649e3fe00b123e)] -> id: navigationSetBtn]
[INFO ][05-Sep-2024 12:25:09 PM] Selenium_Wrapper.click:(205) - Clicking on :[[ChromeDriver: chrome on WINDOWS (1aa337c4de43a72f7c649e3fe00b123e)] -> xpath: //div[@automationid='Configuration']]
[INFO ][05-Sep-2024 12:25:11 PM] Selenium_Wrapper.click:(205) - Clicking on :[[ChromeDriver: chrome on WINDOWS (1aa337c4de43a72f7c649e3fe00b123e)] -> xpath: //div[text()='Service']]
[INFO ][05-Sep-2024 12:25:13 PM] Selenium_Wrapper.click:(205) - Clicking on :[[ChromeDriver: chrome on WINDOWS (1aa337c4de43a72f7c649e3fe00b123e)] -> xpath: //div[text()='Knowledge Advanced']]
[INFO ][05-Sep-2024 12:25:15 PM] Selenium_Wrapper.click:(205) - Clicking on :[[ChromeDriver: chrome on WINDOWS (1aa337c4de43a72f7c649e3fe00b123e)] -> xpath: //span[text()='Authoring']]
[INFO ][05-Sep-2024 12:25:36 PM] Selenium_Wrapper.click:(205) - Clicking on :[[ChromeDriver: chrome on WINDOWS (1aa337c4de43a72f7c649e3fe00b123e)] -> xpath: //div[@id='rntab']//ul//li[@testidentifier='MainNavBar_Content']//a]
[INFO ][05-Sep-2024 12:25:48 PM] Selenium_Wrapper.click:(205) - Clicking on :[[ChromeDriver: chrome on WINDOWS (1aa337c4de43a72f7c649e3fe00b123e)] -> xpath: //div[text()='Process']//following-sibling::a[@testidentifier='ContentNavBar_Add_Process']]
[INFO ][05-Sep-2024 12:25:51 PM] Selenium_Wrapper.enterText:(317) - Entering Text :TestingArticle in WebElement :[[ChromeDriver: chrome on WINDOWS (1aa337c4de43a72f7c649e3fe00b123e)] -> xpath: //input[@testidentifier='Content_ContentType_Add_SUMMARY']]
[INFO ][05-Sep-2024 12:25:53 PM] Selenium_Wrapper.enterText:(317) - Entering Text :Criticals in WebElement :[[ChromeDriver: chrome on WINDOWS (1aa337c4de43a72f7c649e3fe00b123e)] -> xpath: //input[@testidentifier='Content_ContentType_Add_KEYWORD']]
[INFO ][05-Sep-2024 12:25:56 PM] Selenium_Wrapper.click:(205) - Clicking on :[[ChromeDriver: chrome on WINDOWS (1aa337c4de43a72f7c649e3fe00b123e)] -> xpath: ((//span[@class='cke_bottom cke_reset_all'])[1]//preceding-sibling::*)[2]]
[INFO ][05-Sep-2024 12:26:02 PM] Selenium_Wrapper.enterText:(317) - Entering Text :contentinfo 'Reach out to your immediate supervisor with questions.' in WebElement :[[ChromeDriver: chrome on WINDOWS (1aa337c4de43a72f7c649e3fe00b123e)] -> xpath: //body[@class='cke_editable cke_editable_themed cke_contents_ltr cke_show_borders']]
[INFO ][05-Sep-2024 12:26:09 PM] Selenium_Wrapper.click:(205) - Clicking on :[[ChromeDriver: chrome on WINDOWS (1aa337c4de43a72f7c649e3fe00b123e)] -> xpath: ((//span[@class='cke_bottom cke_reset_all'])[2]//preceding-sibling::*)[2]]
[INFO ][05-Sep-2024 12:26:15 PM] Selenium_Wrapper.enterText:(317) - Entering Text :COVID-19 Update:  Find additional information on COVID-19 Branch & Service Center Operations\n * Vaccine\n * Similar to the flu shot, we encourage you to take a lunch hour or go after work if you choose to receive the vaccine.\n * You should be able to easily schedule a time to receive a vaccine. * Take PTO if an adverse reaction occurs. * Take PTO if an adverse reaction occurs * First URL of the pageArticle Link * Second URL of the page * Third URL of the page * The few documented cases of a stronger reaction indicate that the affects typically last one to two days. * Have an open conversation with your manager if other accommodations are necessary. * The cost of the vaccine is covered by insurance. * Mask Mandates * As the counties and health departments begin to relax their mask mandates, MACU will address this as follows: * The mask mandate requirement for team members will remain in place for the foreseeable future. * Mask guidance for members will follow State, County and Health department guidelines for those areas. * Personal Protection Equipment (PPE) * Order masks and other PArticle LinkPE by submitting a ServiceNow Facilities ticket. * Items available * Cotopaxi masks ($7 each) * Hand sanitizer * Gloves * Disposable masks * Sanitation wipes * Employee Resources * Mountain America is here for you! Check out these resources: * MACU Desktop Citrix ReceiverWorkspace Step-by-Step Surface Devices Step-by-Step * Microsoft Teams Step-by-Step * Multi-Factor Authentication (MFA) Step-by-Step * Remote Work Agreement * Setting up Your New Laptop * Surface Devices Step-by-Step in WebElement :[[ChromeDriver: chrome on WINDOWS (1aa337c4de43a72f7c649e3fe00b123e)] -> xpath: //body[@class='cke_editable cke_editable_themed cke_contents_ltr cke_show_borders']]
[INFO ][05-Sep-2024 12:26:21 PM] Selenium_Wrapper.click:(205) - Clicking on :[[ChromeDriver: chrome on WINDOWS (1aa337c4de43a72f7c649e3fe00b123e)] -> xpath: //span[text()='Jump To']]
[INFO ][05-Sep-2024 12:26:24 PM] Selenium_Wrapper.click:(205) - Clicking on :[[ChromeDriver: chrome on WINDOWS (1aa337c4de43a72f7c649e3fe00b123e)] -> xpath: (//a[@class='cke_button cke_button__image cke_button_off'])[3]]
[INFO ][05-Sep-2024 12:26:27 PM] Selenium_Wrapper.click:(205) - Clicking on :[[ChromeDriver: chrome on WINDOWS (1aa337c4de43a72f7c649e3fe00b123e)] -> xpath: (//span[text()='Browse Server'])[1]]
[INFO ][05-Sep-2024 12:26:45 PM] Selenium_Wrapper.click:(205) - Clicking on :[[ChromeDriver: chrome on WINDOWS (1aa337c4de43a72f7c649e3fe00b123e)] -> xpath: //a[text()='MACU_VIEW']]
[INFO ][05-Sep-2024 12:27:01 PM] Selenium_Wrapper.click:(205) - Clicking on :[[ChromeDriver: chrome on WINDOWS (1aa337c4de43a72f7c649e3fe00b123e)] -> xpath: //table//span[text()='OK']]
[INFO ][05-Sep-2024 12:27:12 PM] Selenium_Wrapper.click:(205) - Clicking on :[[ChromeDriver: chrome on WINDOWS (1aa337c4de43a72f7c649e3fe00b123e)] -> xpath: (//span[@class='cke_button_icon cke_button__addarticlelink_icon'])[4]]
[INFO ][05-Sep-2024 12:27:18 PM] Selenium_Wrapper.enterText:(317) - Entering Text :1000124 in WebElement :[[ChromeDriver: chrome on WINDOWS (1aa337c4de43a72f7c649e3fe00b123e)] -> xpath: (//div[text()='Article Link']//following::input)[3]]
[INFO ][05-Sep-2024 12:27:19 PM] Selenium_Wrapper.enterText:(317) - Entering Text :Article Link in WebElement :[[ChromeDriver: chrome on WINDOWS (1aa337c4de43a72f7c649e3fe00b123e)] -> xpath: (//div[text()='Article Link']//following::input)[5]]
[INFO ][05-Sep-2024 12:27:22 PM] Selenium_Wrapper.click:(205) - Clicking on :[[ChromeDriver: chrome on WINDOWS (1aa337c4de43a72f7c649e3fe00b123e)] -> xpath: (//div[@class='cke_dialog_body']//span[text()='OK'])[2]]
[INFO ][05-Sep-2024 12:27:25 PM] Selenium_Wrapper.click:(205) - Clicking on :[[ChromeDriver: chrome on WINDOWS (1aa337c4de43a72f7c649e3fe00b123e)] -> xpath: ((//span[@class='cke_bottom cke_reset_all'])[5]//preceding-sibling::*)[2]]
[INFO ][05-Sep-2024 12:27:29 PM] Selenium_Wrapper.enterText:(317) - Entering Text :BasicInfo - Remote Work * -Use the following resources when connecting to work applications remotely in WebElement :[[ChromeDriver: chrome on WINDOWS (1aa337c4de43a72f7c649e3fe00b123e)] -> xpath: //body[@class='cke_editable cke_editable_themed cke_contents_ltr cke_show_borders']]
[INFO ][05-Sep-2024 12:27:35 PM] Selenium_Wrapper.click:(205) - Clicking on :[[ChromeDriver: chrome on WINDOWS (1aa337c4de43a72f7c649e3fe00b123e)] -> xpath: ((//span[@class='cke_bottom cke_reset_all'])[6]//preceding-sibling::*)[2]]
[INFO ][05-Sep-2024 12:27:39 PM] Selenium_Wrapper.enterText:(317) - Entering Text :BasicContactInfo -Remote Work * -Use the following resources when connecting to work applications remotely * -Cisco Finesse Step-by-Step * -Cisco Jabber Step-by-Step * -Electronic Communication and Information Basic Info * -Extend Surface Device Battery Life Step-by-Step * -MACU Desktop Citrix ReceiverWorkspace Step-by-Step Surface Devices Step-by-Step * -Microsoft Teams Step-by-Step * -Multi-Factor Authentication (MFA) Step-by-Step * -Remote Work Agreement * -Setting up Your New Laptop * -Surface Devices Step-by-Step in WebElement :[[ChromeDriver: chrome on WINDOWS (1aa337c4de43a72f7c649e3fe00b123e)] -> xpath: //body[@class='cke_editable cke_editable_themed cke_contents_ltr cke_show_borders']]
[INFO ][05-Sep-2024 12:27:44 PM] Selenium_Wrapper.click:(205) - Clicking on :[[ChromeDriver: chrome on WINDOWS (1aa337c4de43a72f7c649e3fe00b123e)] -> xpath: ((//span[@class='cke_bottom cke_reset_all'])[7]//preceding-sibling::*)[2]]
[INFO ][05-Sep-2024 12:27:49 PM] Selenium_Wrapper.enterText:(317) - Entering Text :Steps- Employee Resources in WebElement :[[ChromeDriver: chrome on WINDOWS (1aa337c4de43a72f7c649e3fe00b123e)] -> xpath: //body[@class='cke_editable cke_editable_themed cke_contents_ltr cke_show_borders']]
[INFO ][05-Sep-2024 12:27:54 PM] Selenium_Wrapper.click:(205) - Clicking on :[[ChromeDriver: chrome on WINDOWS (1aa337c4de43a72f7c649e3fe00b123e)] -> xpath: ((//span[@class='cke_bottom cke_reset_all'])[8]//preceding-sibling::*)[2]]
[INFO ][05-Sep-2024 12:27:59 PM] Selenium_Wrapper.enterText:(317) - Entering Text :StepsContactInfo - Mountain America is here for you! Check out these resources: * Report COVID-19 in the Workplace * Contact Tracing for COVID-19 * COVID-19 Pay Options * Corporate FSR * Employee Assistance Program (EAP) * Employee Loans * Infectious Disease * MACU Facility Standards * Mountain America Center Meetings & Events * Medical Leave of Absence * Personal Time Off (PTO) * Tanner Meetings & Events * Thrive Clinic * The CareATC Patient Access Center is currently performing all appointment scheduling activities. Our clinics are not currently accepting walk-in or self-scheduled patients. To schedule an appointment, contact the clinic 800-993-8244. * Thrive Fitness Centers * Travel Pay *Traveling Branch Employees in WebElement :[[ChromeDriver: chrome on WINDOWS (1aa337c4de43a72f7c649e3fe00b123e)] -> xpath: //body[@class='cke_editable cke_editable_themed cke_contents_ltr cke_show_borders']]
[INFO ][05-Sep-2024 12:28:04 PM] Selenium_Wrapper.click:(205) - Clicking on :[[ChromeDriver: chrome on WINDOWS (1aa337c4de43a72f7c649e3fe00b123e)] -> xpath: ((//span[@class='cke_bottom cke_reset_all'])[9]//preceding-sibling::*)[2]]
[INFO ][05-Sep-2024 12:28:08 PM] Selenium_Wrapper.enterText:(317) - Entering Text :Forms_Resources - Mask Mandates in WebElement :[[ChromeDriver: chrome on WINDOWS (1aa337c4de43a72f7c649e3fe00b123e)] -> xpath: //body[@class='cke_editable cke_editable_themed cke_contents_ltr cke_show_borders']]
[INFO ][05-Sep-2024 12:28:14 PM] Selenium_Wrapper.click:(205) - Clicking on :[[ChromeDriver: chrome on WINDOWS (1aa337c4de43a72f7c649e3fe00b123e)] -> xpath: ((//span[@class='cke_bottom cke_reset_all'])[10]//preceding-sibling::*)[2]]
[INFO ][05-Sep-2024 12:28:22 PM] Selenium_Wrapper.enterText:(317) - Entering Text :Forms_Resources_Content- As the counties and health departments begin to relax their mask mandates, MACU will address this as follows: * The mask mandate requirement for team members will remain in place for the foreseeable future. * Mask guidance for members will follow State, County and Health department guidelines for those areas. in WebElement :[[ChromeDriver: chrome on WINDOWS (1aa337c4de43a72f7c649e3fe00b123e)] -> xpath: //body[@class='cke_editable cke_editable_themed cke_contents_ltr cke_show_borders']]
[INFO ][05-Sep-2024 12:28:28 PM] Selenium_Wrapper.click:(205) - Clicking on :[[ChromeDriver: chrome on WINDOWS (1aa337c4de43a72f7c649e3fe00b123e)] -> xpath: ((//span[@class='cke_bottom cke_reset_all'])[11]//preceding-sibling::*)[2]]
[INFO ][05-Sep-2024 12:28:33 PM] Selenium_Wrapper.enterText:(317) - Entering Text :SalesConnections-Sales Connections in WebElement :[[ChromeDriver: chrome on WINDOWS (1aa337c4de43a72f7c649e3fe00b123e)] -> xpath: //body[@class='cke_editable cke_editable_themed cke_contents_ltr cke_show_borders']]
[INFO ][05-Sep-2024 12:28:42 PM] Selenium_Wrapper.click:(205) - Clicking on :[[ChromeDriver: chrome on WINDOWS (1aa337c4de43a72f7c649e3fe00b123e)] -> xpath: //span[text()='Teams']//following::select//option[text()='Accounting & Finance']]
[INFO ][05-Sep-2024 12:28:44 PM] Selenium_Wrapper.click:(205) - Clicking on :[[ChromeDriver: chrome on WINDOWS (1aa337c4de43a72f7c649e3fe00b123e)] -> xpath: //span[text()='Compliance']//preceding-sibling::input]
[INFO ][05-Sep-2024 12:28:46 PM] Selenium_Wrapper.click:(205) - Clicking on :[[ChromeDriver: chrome on WINDOWS (1aa337c4de43a72f7c649e3fe00b123e)] -> xpath: //span[text()='No ']//preceding-sibling::input]
[INFO ][05-Sep-2024 12:29:01 PM] Selenium_Wrapper.click:(205) - Clicking on :[[ChromeDriver: chrome on WINDOWS (1aa337c4de43a72f7c649e3fe00b123e)] -> xpath: //span[text()='Major Change']//preceding-sibling::input]
[INFO ][05-Sep-2024 12:29:03 PM] Selenium_Wrapper.click:(205) - Clicking on :[[ChromeDriver: chrome on WINDOWS (1aa337c4de43a72f7c649e3fe00b123e)] -> xpath: //span[text()='Corporate/Branch/Service Center']//following::select//option[text()='Service Center']]
[INFO ][05-Sep-2024 12:29:05 PM] Selenium_Wrapper.click:(205) - Clicking on :[[ChromeDriver: chrome on WINDOWS (1aa337c4de43a72f7c649e3fe00b123e)] -> xpath: //span[text()='Department']//following::select//option[text()='0004 SEG Development Team']]
[INFO ][05-Sep-2024 12:29:07 PM] Selenium_Wrapper.click:(205) - Clicking on :[[ChromeDriver: chrome on WINDOWS (1aa337c4de43a72f7c649e3fe00b123e)] -> xpath: //span[text()='Manager Level']//following::select//option[text()='Assistant Manager']]
[INFO ][05-Sep-2024 12:29:09 PM] Selenium_Wrapper.click:(205) - Clicking on :[[ChromeDriver: chrome on WINDOWS (1aa337c4de43a72f7c649e3fe00b123e)] -> xpath: //span[contains(text(),'time with')]//following::select//option[contains(text(),'1 Month ')]]
[INFO ][05-Sep-2024 12:29:12 PM] Selenium_Wrapper.click:(205) - Clicking on :[[ChromeDriver: chrome on WINDOWS (1aa337c4de43a72f7c649e3fe00b123e)] -> xpath: //span[contains(text(),'Branch Name')]//following::select//option[contains(text(),'Albuquerque - Golf Course Road Branch')]]
[INFO ][05-Sep-2024 12:29:14 PM] Selenium_Wrapper.click:(205) - Clicking on :[[ChromeDriver: chrome on WINDOWS (1aa337c4de43a72f7c649e3fe00b123e)] -> xpath: //span[contains(text(),'Branch Area')]//following::select//option[contains(text(),'Teton')]]
[INFO ][05-Sep-2024 12:29:16 PM] Selenium_Wrapper.click:(205) - Clicking on :[[ChromeDriver: chrome on WINDOWS (1aa337c4de43a72f7c649e3fe00b123e)] -> xpath: (//span[contains(text(),'Primary Tag')]//following::select//option[contains(text(),'AAA')])[1]]
[INFO ][05-Sep-2024 12:29:18 PM] Selenium_Wrapper.click:(205) - Clicking on :[[ChromeDriver: chrome on WINDOWS (1aa337c4de43a72f7c649e3fe00b123e)] -> xpath: (//span[contains(text(),'Primary Tag')]//following::select//option[contains(text(),'AAA')])[4]]
[INFO ][05-Sep-2024 12:29:20 PM] Selenium_Wrapper.click:(205) - Clicking on :[[ChromeDriver: chrome on WINDOWS (1aa337c4de43a72f7c649e3fe00b123e)] -> xpath: (//span[contains(text(),'Primary Tag')]//following::select//option[contains(text(),'AAA')])[6]]
[INFO ][05-Sep-2024 12:29:23 PM] Selenium_Wrapper.click:(205) - Clicking on :[[ChromeDriver: chrome on WINDOWS (1aa337c4de43a72f7c649e3fe00b123e)] -> xpath: //input[@testidentifier='ContentAttributes_RepoViewSelection']]
[INFO ][05-Sep-2024 12:29:28 PM] Selenium_Wrapper.click:(205) - Clicking on :[[ChromeDriver: chrome on WINDOWS (1aa337c4de43a72f7c649e3fe00b123e)] -> xpath: //div[@id='AVAIL']//tr//td//span[contains(text(),'AAA')]]
[INFO ][05-Sep-2024 12:29:36 PM] Selenium_Wrapper.click:(205) - Clicking on :[[ChromeDriver: chrome on WINDOWS (1aa337c4de43a72f7c649e3fe00b123e)] -> xpath: //div[@id='AVAIL']//tr//td//span[text()='Member Connect']]
[INFO ][05-Sep-2024 12:29:39 PM] Selenium_Wrapper.click:(205) - Clicking on :[[ChromeDriver: chrome on WINDOWS (1aa337c4de43a72f7c649e3fe00b123e)] -> xpath: //div[@id='AVAIL']//tr//td//span[text()='New Account Framework']]
[INFO ][05-Sep-2024 12:29:41 PM] Selenium_Wrapper.click:(205) - Clicking on :[[ChromeDriver: chrome on WINDOWS (1aa337c4de43a72f7c649e3fe00b123e)] -> xpath: //a[text()='Add']]
[INFO ][05-Sep-2024 12:29:44 PM] Selenium_Wrapper.click:(205) - Clicking on :[[ChromeDriver: chrome on WINDOWS (1aa337c4de43a72f7c649e3fe00b123e)] -> xpath: //select[@class='dropdown']]
[INFO ][05-Sep-2024 12:29:46 PM] Selenium_Wrapper.click:(205) - Clicking on :[[ChromeDriver: chrome on WINDOWS (1aa337c4de43a72f7c649e3fe00b123e)] -> xpath: //select[@class='dropdown']//option[text()='Search']]
[INFO ][05-Sep-2024 12:29:48 PM] Selenium_Wrapper.enterText:(317) - Entering Text :Business Accounts in WebElement :[[ChromeDriver: chrome on WINDOWS (1aa337c4de43a72f7c649e3fe00b123e)] -> xpath: //input[@value='Enter search string']]
[INFO ][05-Sep-2024 12:29:50 PM] Selenium_Wrapper.click:(205) - Clicking on :[[ChromeDriver: chrome on WINDOWS (1aa337c4de43a72f7c649e3fe00b123e)] -> xpath: //strong[text()='Business Accounts']]
[INFO ][05-Sep-2024 12:29:52 PM] Selenium_Wrapper.click:(205) - Clicking on :[[ChromeDriver: chrome on WINDOWS (1aa337c4de43a72f7c649e3fe00b123e)] -> xpath: //a[text()='Add']]
[INFO ][05-Sep-2024 12:30:01 PM] Selenium_Wrapper.click:(205) - Clicking on :[[ChromeDriver: chrome on WINDOWS (1aa337c4de43a72f7c649e3fe00b123e)] -> xpath: //span[text()='Asset Management']]
[INFO ][05-Sep-2024 12:30:03 PM] Selenium_Wrapper.click:(205) - Clicking on :[[ChromeDriver: chrome on WINDOWS (1aa337c4de43a72f7c649e3fe00b123e)] -> xpath: //a[text()='Add']]
[INFO ][05-Sep-2024 12:30:06 PM] Selenium_Wrapper.click:(205) - Clicking on :[[ChromeDriver: chrome on WINDOWS (1aa337c4de43a72f7c649e3fe00b123e)] -> xpath: //input[@name='notifySubscribers']]
[INFO ][05-Sep-2024 12:30:08 PM] Selenium_Wrapper.click:(205) - Clicking on :[[ChromeDriver: chrome on WINDOWS (1aa337c4de43a72f7c649e3fe00b123e)] -> xpath: //a[text()='Save Document']]
[INFO ][05-Sep-2024 12:30:36 PM] Selenium_Wrapper.click:(205) - Clicking on :[[ChromeDriver: chrome on WINDOWS (1aa337c4de43a72f7c649e3fe00b123e)] -> xpath: //a[text()='Approve']]
[INFO ][05-Sep-2024 12:30:43 PM] Selenium_Wrapper.click:(205) - Clicking on :[[ChromeDriver: chrome on WINDOWS (1aa337c4de43a72f7c649e3fe00b123e)] -> xpath: //a[text()='Approve']]
[INFO ][05-Sep-2024 12:30:51 PM] Selenium_Wrapper.click:(205) - Clicking on :[[ChromeDriver: chrome on WINDOWS (1aa337c4de43a72f7c649e3fe00b123e)] -> xpath: //a[text()='Approve']]
[ERROR][05-Sep-2024 12:30:56 PM] Selenium_Wrapper.highlightWebElement:(423) - org.openqa.selenium.NoSuchElementException: no such element: Unable to locate element: {"method":"xpath","selector":"//span[text()='Closed']"}
  (Session info: chrome=128.0.6613.115)
For documentation on this error, please visit: https://www.seleniumhq.org/exceptions/no_such_element.html
Build info: version: '3.141.59', revision: 'e82be7d358', time: '2018-11-14T08:17:03'
System info: host: 'SC-CAF-CND84305', ip: '192.168.1.2', os.name: 'Windows 10', os.arch: 'amd64', os.version: '10.0', java.version: '21.0.2'
Driver info: org.openqa.selenium.chrome.ChromeDriver
Capabilities {acceptInsecureCerts: false, browserName: chrome, browserVersion: 128.0.6613.115, chrome: {chromedriverVersion: 127.0.6533.72 (9755e24ca85a..., userDataDir: C:\Users\SWAMYK~1\AppData\L...}, fedcm:accounts: true, goog:chromeOptions: {debuggerAddress: localhost:63726}, javascriptEnabled: true, networkConnectionEnabled: false, pageLoadStrategy: normal, platform: WINDOWS, platformName: WINDOWS, proxy: Proxy(), setWindowRect: true, strictFileInteractability: false, timeouts: {implicit: 0, pageLoad: 300000, script: 30000}, unhandledPromptBehavior: dismiss and notify, webauthn:extension:credBlob: true, webauthn:extension:largeBlob: true, webauthn:extension:minPinLength: true, webauthn:extension:prf: true, webauthn:virtualAuthenticators: true}
Session ID: 1aa337c4de43a72f7c649e3fe00b123e
*** Element info: {Using=xpath, value=//span[text()='Closed']}
[INFO ][05-Sep-2024 12:31:25 PM] Selenium_Wrapper.click:(205) - Clicking on :[[ChromeDriver: chrome on WINDOWS (1aa337c4de43a72f7c649e3fe00b123e)] -> xpath: (//a[text()='Done'])[1]]
[INFO ][05-Sep-2024 12:31:32 PM] Selenium_Wrapper.click:(205) - Clicking on :[[ChromeDriver: chrome on WINDOWS (1aa337c4de43a72f7c649e3fe00b123e)] -> xpath: //a[@class='closeButton']]
[INFO ][05-Sep-2024 12:31:43 PM] Selenium_Wrapper.click:(205) - Clicking on :[[ChromeDriver: chrome on WINDOWS (1aa337c4de43a72f7c649e3fe00b123e)] -> xpath: //body//oj-avatar[@initials='[[userMenuLabel]]']]
[INFO ][05-Sep-2024 12:31:47 PM] Selenium_Wrapper.click:(205) - Clicking on :[[ChromeDriver: chrome on WINDOWS (1aa337c4de43a72f7c649e3fe00b123e)] -> xpath: //a//span[text()='Sign Out']]
[INFO ][05-Sep-2024 12:31:52 PM] Selenium_Wrapper.closeCurrentBrowser:(657) - Closing the current Browser
[INFO ][05-Sep-2024 12:31:53 PM] Selenium_Wrapper.openBrowser:(54) - Opening chrome browser.
[INFO ][05-Sep-2024 12:32:06 PM] Selenium_Wrapper.enterURL:(88) - Entering url :https://macu1--tst1.custhelp.com/app/home
[INFO ][05-Sep-2024 12:32:10 PM] Selenium_Wrapper.enterText:(317) - Entering Text :swamyk in WebElement :[[ChromeDriver: chrome on WINDOWS (323039cacb09f94114996f05fdd95ff5)] -> id: rn_LoginForm_2_Username]
[INFO ][05-Sep-2024 12:32:12 PM] Selenium_Wrapper.enterText:(317) - Entering Text :Soft@123 in WebElement :[[ChromeDriver: chrome on WINDOWS (323039cacb09f94114996f05fdd95ff5)] -> id: rn_LoginForm_2_Password]
[INFO ][05-Sep-2024 12:32:16 PM] Selenium_Wrapper.click:(205) - Clicking on :[[ChromeDriver: chrome on WINDOWS (323039cacb09f94114996f05fdd95ff5)] -> id: rn_LoginForm_2_Submit]
[INFO ][05-Sep-2024 12:32:56 PM] Selenium_Wrapper.closeCurrentBrowser:(657) - Closing the current Browser
