[INFO ][01-Sep-2022 12:26:33 PM] Selenium_Wrapper.openBrowser:(48) - Opening chrome browser.
[INFO ][01-Sep-2022 12:26:40 PM] Selenium_Wrapper.enterURL:(82) - Entering url :https://macu1--upgrade.custhelp.com/
[INFO ][01-Sep-2022 12:26:45 PM] Selenium_Wrapper.enterText:(311) - Entering Text :pramodk in WebElement :[[ChromeDriver: chrome on WINDOWS (549bd11df2c17c44b57879f3a6e62370)] -> id: rn_LoginForm_2_Username]
[INFO ][01-Sep-2022 12:26:46 PM] Selenium_Wrapper.enterText:(311) - Entering Text :Soft@123 in WebElement :[[ChromeDriver: chrome on WINDOWS (549bd11df2c17c44b57879f3a6e62370)] -> id: rn_LoginForm_2_Password]
[INFO ][01-Sep-2022 12:26:53 PM] Selenium_Wrapper.click:(199) - Clicking on :[[ChromeDriver: chrome on WINDOWS (549bd11df2c17c44b57879f3a6e62370)] -> id: rn_LoginForm_2_Submit]
[INFO ][01-Sep-2022 12:27:07 PM] Selenium_Wrapper.click:(199) - Clicking on :[[ChromeDriver: chrome on WINDOWS (549bd11df2c17c44b57879f3a6e62370)] -> xpath: //input[@type='search']]
[INFO ][01-Sep-2022 12:27:08 PM] Selenium_Wrapper.enterText:(311) - Entering Text :Auto Loan in WebElement :[[ChromeDriver: chrome on WINDOWS (549bd11df2c17c44b57879f3a6e62370)] -> xpath: //input[@type='search']]
[INFO ][01-Sep-2022 12:27:23 PM] Selenium_Wrapper.click:(199) - Clicking on :[[ChromeDriver: chrome on WINDOWS (549bd11df2c17c44b57879f3a6e62370)] -> xpath: //ul[@aria-label='Suggested Search']//li[normalize-space()= 'Auto Loan' ]]
[INFO ][01-Sep-2022 12:27:30 PM] Selenium_Wrapper.click:(199) - Clicking on :[[ChromeDriver: chrome on WINDOWS (549bd11df2c17c44b57879f3a6e62370)] -> xpath: //div[@class='rn_SearchResultContent']//a[text()='Auto Loan']]
[INFO ][01-Sep-2022 12:27:57 PM] Selenium_Wrapper.click:(199) - Clicking on :[[ChromeDriver: chrome on WINDOWS (549bd11df2c17c44b57879f3a6e62370)] -> xpath: //a[@class='add_bookmarkButton']//img[@class='bookmark_icon_blank']]
[INFO ][01-Sep-2022 12:28:04 PM] Selenium_Wrapper.click:(199) - Clicking on :[[ChromeDriver: chrome on WINDOWS (549bd11df2c17c44b57879f3a6e62370)] -> xpath: //div[@class='dropdown']]
[INFO ][01-Sep-2022 12:28:13 PM] Selenium_Wrapper.click:(199) - Clicking on :[[ChromeDriver: chrome on WINDOWS (549bd11df2c17c44b57879f3a6e62370)] -> xpath: //div[@class='data Custom-data']//a[text()='My Bookmarks']]
[INFO ][01-Sep-2022 12:28:35 PM] Selenium_Wrapper.click:(199) - Clicking on :[[ChromeDriver: chrome on WINDOWS (549bd11df2c17c44b57879f3a6e62370)] -> xpath: //a[contains(text(),'Auto Loan')]//parent::div[@class='rn_Notification_Info']//following-sibling::div[@class='rn_Notification_Actions']//button[@class='rn_Notification_Delete']//img[@class='bookmark_del_ico']]
[INFO ][01-Sep-2022 12:28:56 PM] Selenium_Wrapper.click:(199) - Clicking on :[[ChromeDriver: chrome on WINDOWS (549bd11df2c17c44b57879f3a6e62370)] -> class name: knowledge]
[INFO ][01-Sep-2022 12:29:03 PM] Selenium_Wrapper.click:(199) - Clicking on :[[ChromeDriver: chrome on WINDOWS (549bd11df2c17c44b57879f3a6e62370)] -> xpath: //input[@type='search']]
[INFO ][01-Sep-2022 12:29:05 PM] Selenium_Wrapper.enterText:(311) - Entering Text :Auto Loan in WebElement :[[ChromeDriver: chrome on WINDOWS (549bd11df2c17c44b57879f3a6e62370)] -> xpath: //input[@type='search']]
[INFO ][01-Sep-2022 12:29:14 PM] Selenium_Wrapper.click:(199) - Clicking on :[[ChromeDriver: chrome on WINDOWS (549bd11df2c17c44b57879f3a6e62370)] -> xpath: //ul[@aria-label='Suggested Search']//li[normalize-space()= 'Auto Loan' ]]
[INFO ][01-Sep-2022 12:29:21 PM] Selenium_Wrapper.click:(199) - Clicking on :[[ChromeDriver: chrome on WINDOWS (549bd11df2c17c44b57879f3a6e62370)] -> xpath: //div[@class='rn_SearchResultContent']//a[text()='Auto Loan']]
[INFO ][01-Sep-2022 12:29:31 PM] Selenium_Wrapper.click:(199) - Clicking on :[[ChromeDriver: chrome on WINDOWS (549bd11df2c17c44b57879f3a6e62370)] -> xpath: //div[contains(@class,'EmailAnswerLink')]//img[@class='share_icon_default']]
[INFO ][01-Sep-2022 12:29:37 PM] Selenium_Wrapper.click:(199) - Clicking on :[[ChromeDriver: chrome on WINDOWS (549bd11df2c17c44b57879f3a6e62370)] -> xpath: //div[@id='rnDialog1']//input[@class='select2-search__field']]
[INFO ][01-Sep-2022 12:29:38 PM] Selenium_Wrapper.enterText:(311) - Entering Text :Aaron Brown in WebElement :[[ChromeDriver: chrome on WINDOWS (549bd11df2c17c44b57879f3a6e62370)] -> xpath: //div[@id='rnDialog1']//input[@class='select2-search__field']]
[INFO ][01-Sep-2022 12:29:46 PM] Selenium_Wrapper.click:(199) - Clicking on :[[ChromeDriver: chrome on WINDOWS (549bd11df2c17c44b57879f3a6e62370)] -> xpath: //ul[@class='select2-results__options']//li[text()='Aaron Brown']]
[INFO ][01-Sep-2022 12:29:51 PM] Selenium_Wrapper.click:(199) - Clicking on :[[ChromeDriver: chrome on WINDOWS (549bd11df2c17c44b57879f3a6e62370)] -> xpath: //button[@class='yui3-button yui3-button-close']]
[INFO ][01-Sep-2022 12:30:06 PM] Selenium_Wrapper.click:(199) - Clicking on :[[ChromeDriver: chrome on WINDOWS (549bd11df2c17c44b57879f3a6e62370)] -> xpath: //div[@id='formsResources_panel']//div[@id='formsResources_headingOne']]
[INFO ][01-Sep-2022 12:30:15 PM] Selenium_Wrapper.clickUsingActions:(249) - Clicking on :[[ChromeDriver: chrome on WINDOWS (549bd11df2c17c44b57879f3a6e62370)] -> xpath: (//ul[@class='formsResources']//ul//li/a)[2]]
[INFO ][01-Sep-2022 12:30:21 PM] Selenium_Wrapper.clickUsingActions:(249) - Clicking on :[[ChromeDriver: chrome on WINDOWS (549bd11df2c17c44b57879f3a6e62370)] -> xpath: (//ul[@class='formsResources']//ul//li/a)[2]]
