[INFO ][04-Apr-2024 12:29:22 PM] Selenium_Wrapper.openBrowser:(54) - Opening chrome browser.
[INFO ][04-Apr-2024 12:29:29 PM] Selenium_Wrapper.enterURL:(88) - Entering url :https://macu1--tst1.custhelp.com/app/home
[INFO ][04-Apr-2024 12:29:33 PM] Selenium_Wrapper.enterText:(317) - Entering Text :swamyk in WebElement :[[ChromeDriver: chrome on WINDOWS (3924daa95ecef01d1d09b253ef7a702d)] -> id: rn_LoginForm_2_Username]
[INFO ][04-Apr-2024 12:29:34 PM] Selenium_Wrapper.enterText:(317) - Entering Text :Soft@123 in WebElement :[[ChromeDriver: chrome on WINDOWS (3924daa95ecef01d1d09b253ef7a702d)] -> id: rn_LoginForm_2_Password]
[INFO ][04-Apr-2024 12:29:38 PM] Selenium_Wrapper.click:(205) - Clicking on :[[ChromeDriver: chrome on WINDOWS (3924daa95ecef01d1d09b253ef7a702d)] -> id: rn_LoginForm_2_Submit]
[INFO ][04-Apr-2024 12:29:43 PM] Selenium_Wrapper.click:(205) - Clicking on :[[ChromeDriver: chrome on WINDOWS (3924daa95ecef01d1d09b253ef7a702d)] -> xpath: //input[@type='search']]
[INFO ][04-Apr-2024 12:29:45 PM] Selenium_Wrapper.enterText:(317) - Entering Text :Business Use Auto Loan in WebElement :[[ChromeDriver: chrome on WINDOWS (3924daa95ecef01d1d09b253ef7a702d)] -> xpath: //input[@type='search']]
[INFO ][04-Apr-2024 12:29:56 PM] Selenium_Wrapper.click:(205) - Clicking on :[[ChromeDriver: chrome on WINDOWS (3924daa95ecef01d1d09b253ef7a702d)] -> xpath: (//div[@class='yui3-aclist-content']//li//li)[1]]
[INFO ][04-Apr-2024 12:30:00 PM] Selenium_Wrapper.click:(205) - Clicking on :[[ChromeDriver: chrome on WINDOWS (3924daa95ecef01d1d09b253ef7a702d)] -> xpath: (//div[@class='rn_SearchResultContent']//a)[1]]
[INFO ][04-Apr-2024 12:30:13 PM] Selenium_Wrapper.click:(205) - Clicking on :[[ChromeDriver: chrome on WINDOWS (3924daa95ecef01d1d09b253ef7a702d)] -> xpath: //div[@class='main_image_div']//div[@class='thumbs_up_down'][2]]
[INFO ][04-Apr-2024 12:30:21 PM] Selenium_Wrapper.click:(205) - Clicking on :[[ChromeDriver: chrome on WINDOWS (3924daa95ecef01d1d09b253ef7a702d)] -> xpath: //textarea[@class='rn_DocumentTextArea']]
[INFO ][04-Apr-2024 12:30:23 PM] Selenium_Wrapper.enterText:(317) - Entering Text :Flexible Work - ThumbDown Comments in WebElement :[[ChromeDriver: chrome on WINDOWS (3924daa95ecef01d1d09b253ef7a702d)] -> xpath: //textarea[@class='rn_DocumentTextArea']]
[INFO ][04-Apr-2024 12:30:25 PM] Selenium_Wrapper.click:(205) - Clicking on :[[ChromeDriver: chrome on WINDOWS (3924daa95ecef01d1d09b253ef7a702d)] -> xpath: //button[text()='SUBMIT']]
[INFO ][04-Apr-2024 12:30:27 PM] Selenium_Wrapper.click:(205) - Clicking on :[[ChromeDriver: chrome on WINDOWS (3924daa95ecef01d1d09b253ef7a702d)] -> xpath: //button[@class='yui3-button yui3-button-close']]
[INFO ][04-Apr-2024 12:30:31 PM] Selenium_Wrapper.click:(205) - Clicking on :[[ChromeDriver: chrome on WINDOWS (3924daa95ecef01d1d09b253ef7a702d)] -> xpath: //div[@class='dropdown']]
[INFO ][04-Apr-2024 12:30:37 PM] Selenium_Wrapper.click:(205) - Clicking on :[[ChromeDriver: chrome on WINDOWS (3924daa95ecef01d1d09b253ef7a702d)] -> xpath: //a[text()='My Feedback']]
[INFO ][04-Apr-2024 12:30:59 PM] Selenium_Wrapper.click:(205) - Clicking on :[[ChromeDriver: chrome on WINDOWS (3924daa95ecef01d1d09b253ef7a702d)] -> xpath: ((//table//tbody)[2]//a)[1]]
[INFO ][04-Apr-2024 12:31:25 PM] Selenium_Wrapper.click:(205) - Clicking on :[[ChromeDriver: chrome on WINDOWS (3924daa95ecef01d1d09b253ef7a702d)] -> class name: knowledge]
[INFO ][04-Apr-2024 12:31:28 PM] Selenium_Wrapper.closeCurrentBrowser:(657) - Closing the current Browser
[INFO ][04-Apr-2024 12:31:32 PM] Selenium_Wrapper.openBrowser:(54) - Opening chrome browser.
[INFO ][04-Apr-2024 12:31:42 PM] Selenium_Wrapper.enterURL:(88) - Entering url :https://macu1--tst1.custhelp.com/AgentWeb/
[INFO ][04-Apr-2024 12:31:46 PM] Selenium_Wrapper.enterText:(317) - Entering Text :automation_testing in WebElement :[[ChromeDriver: chrome on WINDOWS (8fe817cbf74a39060fb443ab4db74075)] -> id: username]
[INFO ][04-Apr-2024 12:31:47 PM] Selenium_Wrapper.enterText:(317) - Entering Text :Welcome123 in WebElement :[[ChromeDriver: chrome on WINDOWS (8fe817cbf74a39060fb443ab4db74075)] -> id: password]
[INFO ][04-Apr-2024 12:32:07 PM] Selenium_Wrapper.click:(205) - Clicking on :[[ChromeDriver: chrome on WINDOWS (8fe817cbf74a39060fb443ab4db74075)] -> id: loginbutton]
[INFO ][04-Apr-2024 12:32:39 PM] Selenium_Wrapper.click:(205) - Clicking on :[[ChromeDriver: chrome on WINDOWS (8fe817cbf74a39060fb443ab4db74075)] -> id: navigationSetBtn]
[INFO ][04-Apr-2024 12:32:43 PM] Selenium_Wrapper.click:(205) - Clicking on :[[ChromeDriver: chrome on WINDOWS (8fe817cbf74a39060fb443ab4db74075)] -> xpath: //div[text()='Analytics']]
[INFO ][04-Apr-2024 12:32:45 PM] Selenium_Wrapper.click:(205) - Clicking on :[[ChromeDriver: chrome on WINDOWS (8fe817cbf74a39060fb443ab4db74075)] -> xpath: //span[text()='Reports Explorer']]
[INFO ][04-Apr-2024 12:32:48 PM] Selenium_Wrapper.click:(205) - Clicking on :[[ChromeDriver: chrome on WINDOWS (8fe817cbf74a39060fb443ab4db74075)] -> xpath: //div[text()='Public Reports']]
[INFO ][04-Apr-2024 12:32:50 PM] Selenium_Wrapper.click:(205) - Clicking on :[[ChromeDriver: chrome on WINDOWS (8fe817cbf74a39060fb443ab4db74075)] -> xpath: //div[text()='MACU CUSTOM REPORTS']]
[INFO ][04-Apr-2024 12:32:52 PM] Selenium_Wrapper.click:(205) - Clicking on :[[ChromeDriver: chrome on WINDOWS (8fe817cbf74a39060fb443ab4db74075)] -> xpath: //div[text()='SoftClouds']]
[INFO ][04-Apr-2024 12:32:55 PM] Selenium_Wrapper.click:(205) - Clicking on :[[ChromeDriver: chrome on WINDOWS (8fe817cbf74a39060fb443ab4db74075)] -> xpath: //div[text()='OKCS']]
[INFO ][04-Apr-2024 12:33:14 PM] Selenium_Wrapper.click:(205) - Clicking on :[[ChromeDriver: chrome on WINDOWS (8fe817cbf74a39060fb443ab4db74075)] -> xpath: //div[@class='container wsx-flex']//div[@class='analyticsTopSection']//div[@class='select-box-root select-box-display-text-active']]
[INFO ][04-Apr-2024 12:33:17 PM] Selenium_Wrapper.click:(205) - Clicking on :[[ChromeDriver: chrome on WINDOWS (8fe817cbf74a39060fb443ab4db74075)] -> xpath: (//span[text()='Search'])[2]]
[INFO ][04-Apr-2024 12:33:30 PM] Selenium_Wrapper.click:(205) - Clicking on :[[ChromeDriver: chrome on WINDOWS (8fe817cbf74a39060fb443ab4db74075)] -> xpath: //span[text()='Messages']]
[INFO ][04-Apr-2024 12:33:32 PM] Selenium_Wrapper.click:(205) - Clicking on :[[ChromeDriver: chrome on WINDOWS (8fe817cbf74a39060fb443ab4db74075)] -> xpath: //div[contains(@class,'cke_wysiwyg_div')]]
[INFO ][04-Apr-2024 12:33:35 PM] Selenium_Wrapper.enterText:(317) - Entering Text :It is working as per Expected in WebElement :[[ChromeDriver: chrome on WINDOWS (8fe817cbf74a39060fb443ab4db74075)] -> xpath: //div[contains(@class,'cke_wysiwyg_div')]]
[INFO ][04-Apr-2024 12:33:38 PM] Selenium_Wrapper.click:(205) - Clicking on :[[ChromeDriver: chrome on WINDOWS (8fe817cbf74a39060fb443ab4db74075)] -> xpath: //div[@class='ws-toolbar-button-image bui-icon save-icon fa-lg']]
[INFO ][04-Apr-2024 12:33:45 PM] Selenium_Wrapper.click:(205) - Clicking on :[[ChromeDriver: chrome on WINDOWS (8fe817cbf74a39060fb443ab4db74075)] -> xpath: //span[text()='Summary']]
[INFO ][04-Apr-2024 12:33:52 PM] Selenium_Wrapper.click:(205) - Clicking on :[[ChromeDriver: chrome on WINDOWS (8fe817cbf74a39060fb443ab4db74075)] -> xpath: ((//div[text()='Status'])[2]/following::*)[1]]
[INFO ][04-Apr-2024 12:33:56 PM] Selenium_Wrapper.click:(205) - Clicking on :[[ChromeDriver: chrome on WINDOWS (8fe817cbf74a39060fb443ab4db74075)] -> xpath: (//div[@title='Solved'])[1]]
[INFO ][04-Apr-2024 12:34:00 PM] Selenium_Wrapper.click:(205) - Clicking on :[[ChromeDriver: chrome on WINDOWS (8fe817cbf74a39060fb443ab4db74075)] -> xpath: //div[@class='ws-toolbar-button-image bui-icon save-icon fa-lg']]
[INFO ][04-Apr-2024 12:34:05 PM] Selenium_Wrapper.click:(205) - Clicking on :[[ChromeDriver: chrome on WINDOWS (8fe817cbf74a39060fb443ab4db74075)] -> xpath: (//a[@class='closeButton'])[3]]
[INFO ][04-Apr-2024 12:34:09 PM] Selenium_Wrapper.click:(205) - Clicking on :[[ChromeDriver: chrome on WINDOWS (8fe817cbf74a39060fb443ab4db74075)] -> xpath: //div[@class='ws-toolbar-button-image bui-icon fa-filter']]
[INFO ][04-Apr-2024 12:34:13 PM] Selenium_Wrapper.click:(205) - Clicking on :[[ChromeDriver: chrome on WINDOWS (8fe817cbf74a39060fb443ab4db74075)] -> xpath: (//div[text()='Status']/following::*)[1]]
[INFO ][04-Apr-2024 12:34:17 PM] Selenium_Wrapper.click:(205) - Clicking on :[[ChromeDriver: chrome on WINDOWS (8fe817cbf74a39060fb443ab4db74075)] -> xpath: (//div[@title='Solved'])[1]]
[ERROR][04-Apr-2024 12:34:21 PM] AnswerVotingFeedbackReport2.testSelectingandGivingAnswerstoReportFlow:(246) - Selecting and Giving Asnwers to Report  un-successfull
[INFO ][04-Apr-2024 12:34:26 PM] Selenium_Wrapper.click:(205) - Clicking on :[[ChromeDriver: chrome on WINDOWS (8fe817cbf74a39060fb443ab4db74075)] -> xpath: //body//oj-avatar[@initials='[[userMenuLabel]]']]
[INFO ][04-Apr-2024 12:34:31 PM] Selenium_Wrapper.click:(205) - Clicking on :[[ChromeDriver: chrome on WINDOWS (8fe817cbf74a39060fb443ab4db74075)] -> xpath: //a//span[text()='Sign Out']]
[INFO ][04-Apr-2024 12:34:36 PM] Selenium_Wrapper.closeCurrentBrowser:(657) - Closing the current Browser
