[INFO ][05-Jun-2024 12:28:41 PM] Selenium_Wrapper.openBrowser:(54) - Opening chrome browser.
[INFO ][05-Jun-2024 12:29:25 PM] Selenium_Wrapper.enterURL:(88) - Entering url :https://macu1--tst1.custhelp.com/app/home
[INFO ][05-Jun-2024 12:29:29 PM] Selenium_Wrapper.enterText:(317) - Entering Text :swamyk in WebElement :[[ChromeDriver: chrome on WINDOWS (40769534867daa5c98166aa9f29c7e1f)] -> id: rn_LoginForm_2_Username]
[INFO ][05-Jun-2024 12:29:30 PM] Selenium_Wrapper.enterText:(317) - Entering Text :Soft@123 in WebElement :[[ChromeDriver: chrome on WINDOWS (40769534867daa5c98166aa9f29c7e1f)] -> id: rn_LoginForm_2_Password]
[INFO ][05-Jun-2024 12:29:35 PM] Selenium_Wrapper.click:(205) - Clicking on :[[ChromeDriver: chrome on WINDOWS (40769534867daa5c98166aa9f29c7e1f)] -> id: rn_LoginForm_2_Submit]
[INFO ][05-Jun-2024 12:29:49 PM] Selenium_Wrapper.click:(205) - Clicking on :[[ChromeDriver: chrome on WINDOWS (40769534867daa5c98166aa9f29c7e1f)] -> xpath: //input[@type='search']]
[INFO ][05-Jun-2024 12:29:51 PM] Selenium_Wrapper.enterText:(317) - Entering Text :Business Use Auto Loan in WebElement :[[ChromeDriver: chrome on WINDOWS (40769534867daa5c98166aa9f29c7e1f)] -> xpath: //input[@type='search']]
[INFO ][05-Jun-2024 12:30:11 PM] Selenium_Wrapper.click:(205) - Clicking on :[[ChromeDriver: chrome on WINDOWS (40769534867daa5c98166aa9f29c7e1f)] -> xpath: //ul[@aria-label='Suggested Search']//li[normalize-space()='Business Use Auto Loan']]
[INFO ][05-Jun-2024 12:30:15 PM] Selenium_Wrapper.click:(205) - Clicking on :[[ChromeDriver: chrome on WINDOWS (40769534867daa5c98166aa9f29c7e1f)] -> xpath: //div[@class='rn_SearchResultContent']//a[text()='Business Use Auto Loan']]
[INFO ][05-Jun-2024 12:30:52 PM] Selenium_Wrapper.click:(205) - Clicking on :[[ChromeDriver: chrome on WINDOWS (40769534867daa5c98166aa9f29c7e1f)] -> id: relatedPages_headingOne]
[INFO ][05-Jun-2024 12:30:55 PM] Selenium_Wrapper.click:(205) - Clicking on :[[ChromeDriver: chrome on WINDOWS (40769534867daa5c98166aa9f29c7e1f)] -> id: relatedPages_headingOne]
[INFO ][05-Jun-2024 12:31:04 PM] Selenium_Wrapper.click:(205) - Clicking on :[[ChromeDriver: chrome on WINDOWS (40769534867daa5c98166aa9f29c7e1f)] -> id: rn_SearchHome_17_SearchInput]
[INFO ][05-Jun-2024 12:31:05 PM] Selenium_Wrapper.enterText:(317) - Entering Text :Business Use Auto Loan in WebElement :[[ChromeDriver: chrome on WINDOWS (40769534867daa5c98166aa9f29c7e1f)] -> id: rn_SearchHome_17_SearchInput]
[INFO ][05-Jun-2024 12:31:29 PM] Selenium_Wrapper.click:(205) - Clicking on :[[ChromeDriver: chrome on WINDOWS (40769534867daa5c98166aa9f29c7e1f)] -> xpath: //ul[@aria-label='Suggested Search']//li[@class='rn_SuggestionItem'][normalize-space()='Business Use Auto Loan']]
[INFO ][05-Jun-2024 12:31:34 PM] Selenium_Wrapper.click:(205) - Clicking on :[[ChromeDriver: chrome on WINDOWS (40769534867daa5c98166aa9f29c7e1f)] -> xpath: //div[@class='rn_SearchResultContent']//a[text()='Business Use Auto Loan']]
[INFO ][05-Jun-2024 12:32:19 PM] Selenium_Wrapper.click:(205) - Clicking on :[[ChromeDriver: chrome on WINDOWS (40769534867daa5c98166aa9f29c7e1f)] -> xpath: //button[@class='rn_RecommendContentButton p-0']]
[INFO ][05-Jun-2024 12:32:21 PM] Selenium_Wrapper.enterText:(317) - Entering Text :Test Improve, comments, updates in WebElement :[[ChromeDriver: chrome on WINDOWS (40769534867daa5c98166aa9f29c7e1f)] -> id: rn_RequestUpdate_25_Description]
[INFO ][05-Jun-2024 12:32:23 PM] Selenium_Wrapper.click:(205) - Clicking on :[[ChromeDriver: chrome on WINDOWS (40769534867daa5c98166aa9f29c7e1f)] -> xpath: //button[text()='Submit']]
[INFO ][05-Jun-2024 12:32:33 PM] Selenium_Wrapper.click:(205) - Clicking on :[[ChromeDriver: chrome on WINDOWS (40769534867daa5c98166aa9f29c7e1f)] -> xpath: //div[@id='rnDialog2']//button[@type='button']]
[INFO ][05-Jun-2024 12:32:56 PM] Selenium_Wrapper.click:(205) - Clicking on :[[ChromeDriver: chrome on WINDOWS (40769534867daa5c98166aa9f29c7e1f)] -> class name: knowledge]
[INFO ][05-Jun-2024 12:33:00 PM] Selenium_Wrapper.click:(205) - Clicking on :[[ChromeDriver: chrome on WINDOWS (40769534867daa5c98166aa9f29c7e1f)] -> xpath: //div[@class='dropdown']]
[INFO ][05-Jun-2024 12:33:12 PM] Selenium_Wrapper.click:(205) - Clicking on :[[ChromeDriver: chrome on WINDOWS (40769534867daa5c98166aa9f29c7e1f)] -> xpath: //a[text()='My Feedback']]
[INFO ][05-Jun-2024 12:33:13 PM] Selenium_Wrapper.enterText:(317) - Entering Text :Business Use Auto Loan in WebElement :[[ChromeDriver: chrome on WINDOWS (40769534867daa5c98166aa9f29c7e1f)] -> xpath: //input[@placeholder='Search Your Feedback Report']]
[INFO ][05-Jun-2024 12:33:25 PM] Selenium_Wrapper.click:(205) - Clicking on :[[ChromeDriver: chrome on WINDOWS (40769534867daa5c98166aa9f29c7e1f)] -> xpath: //div[@class='rn_SearchInput1 mt-3']//span[@class='btn-srch-icon']//i[@class='fa fa-search']]
[INFO ][05-Jun-2024 12:34:06 PM] Selenium_Wrapper.click:(205) - Clicking on :[[ChromeDriver: chrome on WINDOWS (40769534867daa5c98166aa9f29c7e1f)] -> xpath: //tr[@class='yui3-datatable-even']//td[@headers='Grid_6_c1']/a]
[INFO ][05-Jun-2024 12:34:49 PM] Selenium_Wrapper.click:(205) - Clicking on :[[ChromeDriver: chrome on WINDOWS (40769534867daa5c98166aa9f29c7e1f)] -> class name: knowledge]
[INFO ][05-Jun-2024 12:34:52 PM] Selenium_Wrapper.closeCurrentBrowser:(657) - Closing the current Browser
