[INFO ][06-Feb-2024 12:26:25 PM] Selenium_Wrapper.openBrowser:(48) - Opening chrome browser.
[INFO ][06-Feb-2024 12:26:33 PM] Selenium_Wrapper.enterURL:(82) - Entering url :https://macu1--tst1.custhelp.com/app/home
[INFO ][06-Feb-2024 12:26:37 PM] Selenium_Wrapper.enterText:(311) - Entering Text :swamyk in WebElement :[[ChromeDriver: chrome on WINDOWS (0748dbeaee42687670c84604391fc3d2)] -> id: rn_LoginForm_2_Username]
[INFO ][06-Feb-2024 12:26:39 PM] Selenium_Wrapper.enterText:(311) - Entering Text :Soft@123 in WebElement :[[ChromeDriver: chrome on WINDOWS (0748dbeaee42687670c84604391fc3d2)] -> id: rn_LoginForm_2_Password]
[INFO ][06-Feb-2024 12:26:46 PM] Selenium_Wrapper.click:(199) - Clicking on :[[ChromeDriver: chrome on WINDOWS (0748dbeaee42687670c84604391fc3d2)] -> id: rn_LoginForm_2_Submit]
[INFO ][06-Feb-2024 12:26:55 PM] Selenium_Wrapper.click:(199) - Clicking on :[[ChromeDriver: chrome on WINDOWS (0748dbeaee42687670c84604391fc3d2)] -> xpath: //input[@type='search']]
[INFO ][06-Feb-2024 12:26:56 PM] Selenium_Wrapper.enterText:(311) - Entering Text :Business Auto Loan - ALPS 1.0 in WebElement :[[ChromeDriver: chrome on WINDOWS (0748dbeaee42687670c84604391fc3d2)] -> xpath: //input[@type='search']]
[INFO ][06-Feb-2024 12:27:16 PM] Selenium_Wrapper.click:(199) - Clicking on :[[ChromeDriver: chrome on WINDOWS (0748dbeaee42687670c84604391fc3d2)] -> xpath: (//ul[text()='Suggested Search']//li//li)[1]]
[INFO ][06-Feb-2024 12:27:23 PM] Selenium_Wrapper.click:(199) - Clicking on :[[ChromeDriver: chrome on WINDOWS (0748dbeaee42687670c84604391fc3d2)] -> xpath: //div[@class='rn_SearchResultContent']//tbody//tr//div//span[@class='rn_Element1']//a]
[INFO ][06-Feb-2024 12:27:36 PM] Selenium_Wrapper.click:(199) - Clicking on :[[ChromeDriver: chrome on WINDOWS (0748dbeaee42687670c84604391fc3d2)] -> xpath: //a[contains(@class,'bookmarkedFilled')]//img[@class='bookmark_icon_red']]
[INFO ][06-Feb-2024 12:27:53 PM] Selenium_Wrapper.click:(199) - Clicking on :[[ChromeDriver: chrome on WINDOWS (0748dbeaee42687670c84604391fc3d2)] -> xpath: //a[@class='add_bookmarkButton']//img[@class='bookmark_icon_blank']]
[INFO ][06-Feb-2024 12:28:01 PM] Selenium_Wrapper.click:(199) - Clicking on :[[ChromeDriver: chrome on WINDOWS (0748dbeaee42687670c84604391fc3d2)] -> xpath: //div[@class='dropdown']]
[INFO ][06-Feb-2024 12:28:09 PM] Selenium_Wrapper.click:(199) - Clicking on :[[ChromeDriver: chrome on WINDOWS (0748dbeaee42687670c84604391fc3d2)] -> xpath: //div[@class='data Custom-data']//a[text()='My Bookmarks']]
[INFO ][06-Feb-2024 12:28:30 PM] Selenium_Wrapper.click:(199) - Clicking on :[[ChromeDriver: chrome on WINDOWS (0748dbeaee42687670c84604391fc3d2)] -> xpath: //a[contains(text(),'Business Auto Loan - ALPS 1.0')]//parent::div[@class='rn_Notification_Info']//following-sibling::div[@class='rn_Notification_Actions']//button[@class='rn_Notification_Delete']//img[@class='bookmark_del_ico']]
[INFO ][06-Feb-2024 12:28:48 PM] Selenium_Wrapper.click:(199) - Clicking on :[[ChromeDriver: chrome on WINDOWS (0748dbeaee42687670c84604391fc3d2)] -> class name: knowledge]
[INFO ][06-Feb-2024 12:28:56 PM] Selenium_Wrapper.click:(199) - Clicking on :[[ChromeDriver: chrome on WINDOWS (0748dbeaee42687670c84604391fc3d2)] -> xpath: //input[@type='search']]
[INFO ][06-Feb-2024 12:28:57 PM] Selenium_Wrapper.enterText:(311) - Entering Text :Business Auto Loan - ALPS 1.0 in WebElement :[[ChromeDriver: chrome on WINDOWS (0748dbeaee42687670c84604391fc3d2)] -> xpath: //input[@type='search']]
[INFO ][06-Feb-2024 12:29:05 PM] Selenium_Wrapper.click:(199) - Clicking on :[[ChromeDriver: chrome on WINDOWS (0748dbeaee42687670c84604391fc3d2)] -> xpath: (//ul[text()='Suggested Search']//li//li)[1]]
[INFO ][06-Feb-2024 12:29:12 PM] Selenium_Wrapper.click:(199) - Clicking on :[[ChromeDriver: chrome on WINDOWS (0748dbeaee42687670c84604391fc3d2)] -> xpath: //div[@class='rn_SearchResultContent']//tbody//tr//div//span[@class='rn_Element1']//a]
[INFO ][06-Feb-2024 12:29:22 PM] Selenium_Wrapper.click:(199) - Clicking on :[[ChromeDriver: chrome on WINDOWS (0748dbeaee42687670c84604391fc3d2)] -> xpath: //div[contains(@class,'EmailAnswerLink')]//img[@class='share_icon_default']]
[INFO ][06-Feb-2024 12:29:28 PM] Selenium_Wrapper.click:(199) - Clicking on :[[ChromeDriver: chrome on WINDOWS (0748dbeaee42687670c84604391fc3d2)] -> xpath: //div[@id='rnDialog1']//input[@class='select2-search__field']]
[INFO ][06-Feb-2024 12:29:29 PM] Selenium_Wrapper.enterText:(311) - Entering Text :Aaron Brown in WebElement :[[ChromeDriver: chrome on WINDOWS (0748dbeaee42687670c84604391fc3d2)] -> xpath: //div[@id='rnDialog1']//input[@class='select2-search__field']]
[INFO ][06-Feb-2024 12:29:37 PM] Selenium_Wrapper.click:(199) - Clicking on :[[ChromeDriver: chrome on WINDOWS (0748dbeaee42687670c84604391fc3d2)] -> xpath: //ul[@class='select2-results__options']//li[text()='Aaron Brown']]
[INFO ][06-Feb-2024 12:29:42 PM] Selenium_Wrapper.click:(199) - Clicking on :[[ChromeDriver: chrome on WINDOWS (0748dbeaee42687670c84604391fc3d2)] -> xpath: //button[@class='yui3-button yui3-button-close']]
[INFO ][06-Feb-2024 12:29:57 PM] Selenium_Wrapper.click:(199) - Clicking on :[[ChromeDriver: chrome on WINDOWS (0748dbeaee42687670c84604391fc3d2)] -> xpath: //div[@id='formsResources_panel']//div[@id='formsResources_headingOne']]
[INFO ][06-Feb-2024 12:30:06 PM] Selenium_Wrapper.clickUsingActions:(249) - Clicking on :[[ChromeDriver: chrome on WINDOWS (0748dbeaee42687670c84604391fc3d2)] -> xpath: (//ul[@class='formsResources']//ul//li/a)[2]]
[INFO ][06-Feb-2024 12:30:39 PM] Selenium_Wrapper.click:(199) - Clicking on :[[ChromeDriver: chrome on WINDOWS (0748dbeaee42687670c84604391fc3d2)] -> xpath: //li[@class='breadcrumb-item']//a]
[INFO ][06-Feb-2024 12:30:51 PM] Selenium_Wrapper.click:(199) - Clicking on :[[ChromeDriver: chrome on WINDOWS (0748dbeaee42687670c84604391fc3d2)] -> class name: knowledge]
[INFO ][06-Feb-2024 12:31:02 PM] Selenium_Wrapper.click:(199) - Clicking on :[[ChromeDriver: chrome on WINDOWS (0748dbeaee42687670c84604391fc3d2)] -> xpath: //input[@type='search']]
[INFO ][06-Feb-2024 12:31:03 PM] Selenium_Wrapper.enterText:(311) - Entering Text :Business Auto Loan - ALPS 1.0 in WebElement :[[ChromeDriver: chrome on WINDOWS (0748dbeaee42687670c84604391fc3d2)] -> xpath: //input[@type='search']]
[INFO ][06-Feb-2024 12:31:22 PM] Selenium_Wrapper.click:(199) - Clicking on :[[ChromeDriver: chrome on WINDOWS (0748dbeaee42687670c84604391fc3d2)] -> xpath: (//ul[text()='Suggested Search']//li//li)[1]]
[INFO ][06-Feb-2024 12:31:31 PM] Selenium_Wrapper.click:(199) - Clicking on :[[ChromeDriver: chrome on WINDOWS (0748dbeaee42687670c84604391fc3d2)] -> xpath: //div[@class='rn_SearchResultContent']//tbody//tr//div//span[@class='rn_Element1']//a]
[INFO ][06-Feb-2024 12:32:26 PM] Selenium_Wrapper.click:(199) - Clicking on :[[ChromeDriver: chrome on WINDOWS (0748dbeaee42687670c84604391fc3d2)] -> xpath: //button[@class='rn_RecommendContentButton p-0']]
[INFO ][06-Feb-2024 12:32:27 PM] Selenium_Wrapper.enterText:(311) - Entering Text :Test Improve, comments, updates in WebElement :[[ChromeDriver: chrome on WINDOWS (0748dbeaee42687670c84604391fc3d2)] -> xpath: //div[@id='rnDialog1_c']//textarea[contains(@id,RequestUpdate)]]
[INFO ][06-Feb-2024 12:32:32 PM] Selenium_Wrapper.click:(199) - Clicking on :[[ChromeDriver: chrome on WINDOWS (0748dbeaee42687670c84604391fc3d2)] -> xpath: //button[@class='yui3-button yui3-button-close']]
[INFO ][06-Feb-2024 12:32:44 PM] Selenium_Wrapper.click:(199) - Clicking on :[[ChromeDriver: chrome on WINDOWS (0748dbeaee42687670c84604391fc3d2)] -> id: relatedPages_headingOne]
[INFO ][06-Feb-2024 12:32:50 PM] Selenium_Wrapper.click:(199) - Clicking on :[[ChromeDriver: chrome on WINDOWS (0748dbeaee42687670c84604391fc3d2)] -> id: relatedPages_headingOne]
[INFO ][06-Feb-2024 12:32:57 PM] Selenium_Wrapper.enterText:(311) - Entering Text :Business Auto Loan - ALPS 1.0 in WebElement :[[ChromeDriver: chrome on WINDOWS (0748dbeaee42687670c84604391fc3d2)] -> xpath: //div[contains(@class,'input-group')]//input[@type='search']]
[INFO ][06-Feb-2024 12:33:08 PM] Selenium_Wrapper.click:(199) - Clicking on :[[ChromeDriver: chrome on WINDOWS (0748dbeaee42687670c84604391fc3d2)] -> xpath: //ul[@aria-label='Suggested Search']//li[@class='rn_SuggestionItem'][normalize-space()='Business Auto Loan - ALPS 1.0']]
[INFO ][06-Feb-2024 12:33:24 PM] Selenium_Wrapper.click:(199) - Clicking on :[[ChromeDriver: chrome on WINDOWS (0748dbeaee42687670c84604391fc3d2)] -> class name: knowledge]
[INFO ][06-Feb-2024 12:33:28 PM] Selenium_Wrapper.closeCurrentBrowser:(651) - Closing the current Browser
