[INFO ][05-Sep-2024 12:34:04 PM] Selenium_Wrapper.openBrowser:(54) - Opening chrome browser.
[INFO ][05-Sep-2024 12:34:10 PM] Selenium_Wrapper.enterURL:(88) - Entering url :https://macu1--tst1.custhelp.com/AgentWeb/
[INFO ][05-Sep-2024 12:34:14 PM] Selenium_Wrapper.enterText:(317) - Entering Text :automation_testing in WebElement :[[ChromeDriver: chrome on WINDOWS (8e5313f093c1cb84105f03300f6175be)] -> id: username]
[INFO ][05-Sep-2024 12:34:15 PM] Selenium_Wrapper.enterText:(317) - Entering Text :Welcome123 in WebElement :[[ChromeDriver: chrome on WINDOWS (8e5313f093c1cb84105f03300f6175be)] -> id: password]
[INFO ][05-Sep-2024 12:35:21 PM] Selenium_Wrapper.click:(205) - Clicking on :[[ChromeDriver: chrome on WINDOWS (8e5313f093c1cb84105f03300f6175be)] -> id: loginbutton]
[INFO ][05-Sep-2024 12:35:53 PM] Selenium_Wrapper.click:(205) - Clicking on :[[ChromeDriver: chrome on WINDOWS (8e5313f093c1cb84105f03300f6175be)] -> id: navigationSetBtn]
[INFO ][05-Sep-2024 12:35:58 PM] Selenium_Wrapper.click:(205) - Clicking on :[[ChromeDriver: chrome on WINDOWS (8e5313f093c1cb84105f03300f6175be)] -> xpath: //div[@automationid='Configuration']]
[INFO ][05-Sep-2024 12:36:00 PM] Selenium_Wrapper.click:(205) - Clicking on :[[ChromeDriver: chrome on WINDOWS (8e5313f093c1cb84105f03300f6175be)] -> xpath: //div[text()='Service']]
[INFO ][05-Sep-2024 12:36:03 PM] Selenium_Wrapper.click:(205) - Clicking on :[[ChromeDriver: chrome on WINDOWS (8e5313f093c1cb84105f03300f6175be)] -> xpath: //div[text()='Knowledge Advanced']]
[INFO ][05-Sep-2024 12:36:05 PM] Selenium_Wrapper.click:(205) - Clicking on :[[ChromeDriver: chrome on WINDOWS (8e5313f093c1cb84105f03300f6175be)] -> xpath: //span[text()='Authoring']]
[INFO ][05-Sep-2024 12:36:22 PM] Selenium_Wrapper.click:(205) - Clicking on :[[ChromeDriver: chrome on WINDOWS (8e5313f093c1cb84105f03300f6175be)] -> xpath: //div[@id='rntab']//ul//li[@testidentifier='MainNavBar_Content']//a]
[INFO ][05-Sep-2024 12:36:28 PM] Selenium_Wrapper.click:(205) - Clicking on :[[ChromeDriver: chrome on WINDOWS (8e5313f093c1cb84105f03300f6175be)] -> xpath: //div[text()='Process']//following-sibling::a[@testidentifier='ContentNavBar_List_Process']]
[INFO ][05-Sep-2024 12:36:32 PM] Selenium_Wrapper.click:(205) - Clicking on :[[ChromeDriver: chrome on WINDOWS (8e5313f093c1cb84105f03300f6175be)] -> xpath: //select[@testidentifier='ContentSearchResults_DocumentClassPulldown']]
[INFO ][05-Sep-2024 12:36:38 PM] Selenium_Wrapper.click:(205) - Clicking on :[[ChromeDriver: chrome on WINDOWS (8e5313f093c1cb84105f03300f6175be)] -> xpath: //select[@testidentifier='ContentSearchResults_DocumentClassPulldown']//option[text()='All Documents']]
[INFO ][05-Sep-2024 12:36:45 PM] Selenium_Wrapper.click:(205) - Clicking on :[[ChromeDriver: chrome on WINDOWS (8e5313f093c1cb84105f03300f6175be)] -> xpath: (//a[text()='TestingArticle'])[1]]
[INFO ][05-Sep-2024 12:36:53 PM] Selenium_Wrapper.click:(205) - Clicking on :[[ChromeDriver: chrome on WINDOWS (8e5313f093c1cb84105f03300f6175be)] -> xpath: //a[text()='Edit Document']]
[INFO ][05-Sep-2024 12:37:07 PM] Selenium_Wrapper.enterText:(317) - Entering Text :TestingArticle - Edited in WebElement :[[ChromeDriver: chrome on WINDOWS (8e5313f093c1cb84105f03300f6175be)] -> xpath: //input[@testidentifier='Content_ContentType_Add_SUMMARY']]
[INFO ][05-Sep-2024 12:37:13 PM] Selenium_Wrapper.enterText:(317) - Entering Text :Some Important Updates in WebElement :[[ChromeDriver: chrome on WINDOWS (8e5313f093c1cb84105f03300f6175be)] -> xpath: //textarea[@class='editfields']]
[INFO ][05-Sep-2024 12:37:15 PM] Selenium_Wrapper.click:(205) - Clicking on :[[ChromeDriver: chrome on WINDOWS (8e5313f093c1cb84105f03300f6175be)] -> xpath: //a[text()='Save and Continue Editing']]
[INFO ][05-Sep-2024 12:37:22 PM] Selenium_Wrapper.enterText:(317) - Entering Text :Criticals - Edited in WebElement :[[ChromeDriver: chrome on WINDOWS (8e5313f093c1cb84105f03300f6175be)] -> xpath: //input[@testidentifier='Content_ContentType_Add_KEYWORD']]
[INFO ][05-Sep-2024 12:37:28 PM] Selenium_Wrapper.enterText:(317) - Entering Text :Some Important Updates in WebElement :[[ChromeDriver: chrome on WINDOWS (8e5313f093c1cb84105f03300f6175be)] -> xpath: //textarea[@class='editfields']]
[INFO ][05-Sep-2024 12:37:30 PM] Selenium_Wrapper.click:(205) - Clicking on :[[ChromeDriver: chrome on WINDOWS (8e5313f093c1cb84105f03300f6175be)] -> xpath: //a[text()='Save Document']]
[INFO ][05-Sep-2024 12:37:37 PM] Selenium_Wrapper.click:(205) - Clicking on :[[ChromeDriver: chrome on WINDOWS (8e5313f093c1cb84105f03300f6175be)] -> xpath: //a[text()='Bypass Workflow/Publish']]
[INFO ][05-Sep-2024 12:37:46 PM] Selenium_Wrapper.click:(205) - Clicking on :[[ChromeDriver: chrome on WINDOWS (8e5313f093c1cb84105f03300f6175be)] -> xpath: (//a[text()='Done'])[1]]
[INFO ][05-Sep-2024 12:37:53 PM] Selenium_Wrapper.click:(205) - Clicking on :[[ChromeDriver: chrome on WINDOWS (8e5313f093c1cb84105f03300f6175be)] -> xpath: //a[@class='closeButton']]
[INFO ][05-Sep-2024 12:37:59 PM] Selenium_Wrapper.click:(205) - Clicking on :[[ChromeDriver: chrome on WINDOWS (8e5313f093c1cb84105f03300f6175be)] -> xpath: //body//oj-avatar[@initials='[[userMenuLabel]]']]
[INFO ][05-Sep-2024 12:38:03 PM] Selenium_Wrapper.click:(205) - Clicking on :[[ChromeDriver: chrome on WINDOWS (8e5313f093c1cb84105f03300f6175be)] -> xpath: //a//span[text()='Sign Out']]
[INFO ][05-Sep-2024 12:38:08 PM] Selenium_Wrapper.closeCurrentBrowser:(657) - Closing the current Browser
[INFO ][05-Sep-2024 12:38:09 PM] Selenium_Wrapper.openBrowser:(54) - Opening chrome browser.
[INFO ][05-Sep-2024 12:38:20 PM] Selenium_Wrapper.enterURL:(88) - Entering url :https://macu1--tst1.custhelp.com/app/home
[INFO ][05-Sep-2024 12:38:24 PM] Selenium_Wrapper.enterText:(317) - Entering Text :swamyk in WebElement :[[ChromeDriver: chrome on WINDOWS (188dd00d07e868f6dd04275f331499cb)] -> id: rn_LoginForm_2_Username]
[INFO ][05-Sep-2024 12:38:26 PM] Selenium_Wrapper.enterText:(317) - Entering Text :Soft@123 in WebElement :[[ChromeDriver: chrome on WINDOWS (188dd00d07e868f6dd04275f331499cb)] -> id: rn_LoginForm_2_Password]
[INFO ][05-Sep-2024 12:38:30 PM] Selenium_Wrapper.click:(205) - Clicking on :[[ChromeDriver: chrome on WINDOWS (188dd00d07e868f6dd04275f331499cb)] -> id: rn_LoginForm_2_Submit]
[INFO ][05-Sep-2024 12:39:04 PM] Selenium_Wrapper.closeCurrentBrowser:(657) - Closing the current Browser
