[INFO ][05-Jun-2024 12:35:41 PM] Selenium_Wrapper.openBrowser:(54) - Opening chrome browser.
[INFO ][05-Jun-2024 12:36:20 PM] Selenium_Wrapper.enterURL:(88) - Entering url :https://macu1--tst1.custhelp.com/app/home
[INFO ][05-Jun-2024 12:36:24 PM] Selenium_Wrapper.enterText:(317) - Entering Text :swamyk in WebElement :[[ChromeDriver: chrome on WINDOWS (9f436a8aaf8b887af4ea1b327b0602a1)] -> id: rn_LoginForm_2_Username]
[INFO ][05-Jun-2024 12:36:25 PM] Selenium_Wrapper.enterText:(317) - Entering Text :Soft@123 in WebElement :[[ChromeDriver: chrome on WINDOWS (9f436a8aaf8b887af4ea1b327b0602a1)] -> id: rn_LoginForm_2_Password]
[INFO ][05-Jun-2024 12:36:30 PM] Selenium_Wrapper.click:(205) - Clicking on :[[ChromeDriver: chrome on WINDOWS (9f436a8aaf8b887af4ea1b327b0602a1)] -> id: rn_LoginForm_2_Submit]
[INFO ][05-Jun-2024 12:37:08 PM] Selenium_Wrapper.click:(205) - Clicking on :[[ChromeDriver: chrome on WINDOWS (9f436a8aaf8b887af4ea1b327b0602a1)] -> xpath: //input[@type='search']]
[INFO ][05-Jun-2024 12:37:10 PM] Selenium_Wrapper.enterText:(317) - Entering Text :Business Use Auto Loan in WebElement :[[ChromeDriver: chrome on WINDOWS (9f436a8aaf8b887af4ea1b327b0602a1)] -> xpath: //input[@type='search']]
[INFO ][05-Jun-2024 12:37:26 PM] Selenium_Wrapper.click:(205) - Clicking on :[[ChromeDriver: chrome on WINDOWS (9f436a8aaf8b887af4ea1b327b0602a1)] -> xpath: (//div[@class='yui3-aclist-content']//li//li)[1]]
[INFO ][05-Jun-2024 12:37:30 PM] Selenium_Wrapper.click:(205) - Clicking on :[[ChromeDriver: chrome on WINDOWS (9f436a8aaf8b887af4ea1b327b0602a1)] -> xpath: (//div[@class='rn_SearchResultContent']//a)[1]]
[INFO ][05-Jun-2024 12:37:54 PM] Selenium_Wrapper.click:(205) - Clicking on :[[ChromeDriver: chrome on WINDOWS (9f436a8aaf8b887af4ea1b327b0602a1)] -> xpath: //a[@class='add_bookmarkButton']//img[@class='bookmark_icon_blank']]
[INFO ][05-Jun-2024 12:38:21 PM] Selenium_Wrapper.click:(205) - Clicking on :[[ChromeDriver: chrome on WINDOWS (9f436a8aaf8b887af4ea1b327b0602a1)] -> class name: knowledge]
[INFO ][05-Jun-2024 12:38:33 PM] Selenium_Wrapper.click:(205) - Clicking on :[[ChromeDriver: chrome on WINDOWS (9f436a8aaf8b887af4ea1b327b0602a1)] -> xpath: //div[@class='dropdown']]
[INFO ][05-Jun-2024 12:39:56 PM] Selenium_Wrapper.click:(205) - Clicking on :[[ChromeDriver: chrome on WINDOWS (9f436a8aaf8b887af4ea1b327b0602a1)] -> xpath: //a[text()='SEE MORE']]
[INFO ][05-Jun-2024 12:40:18 PM] Selenium_Wrapper.click:(205) - Clicking on :[[ChromeDriver: chrome on WINDOWS (9f436a8aaf8b887af4ea1b327b0602a1)] -> class name: knowledge]
[INFO ][05-Jun-2024 12:40:23 PM] Selenium_Wrapper.click:(205) - Clicking on :[[ChromeDriver: chrome on WINDOWS (9f436a8aaf8b887af4ea1b327b0602a1)] -> xpath: //div[@class='dropdown']]
[INFO ][05-Jun-2024 12:40:37 PM] Selenium_Wrapper.click:(205) - Clicking on :[[ChromeDriver: chrome on WINDOWS (9f436a8aaf8b887af4ea1b327b0602a1)] -> xpath: //div[@class='dropdown-content']//a[normalize-space()='My Bookmarks']]
[INFO ][05-Jun-2024 12:40:51 PM] Selenium_Wrapper.click:(205) - Clicking on :[[ChromeDriver: chrome on WINDOWS (9f436a8aaf8b887af4ea1b327b0602a1)] -> xpath: //select[@class='BookmarkFilter']]
[INFO ][05-Jun-2024 12:40:59 PM] Selenium_Wrapper.click:(205) - Clicking on :[[ChromeDriver: chrome on WINDOWS (9f436a8aaf8b887af4ea1b327b0602a1)] -> xpath: //select[@class='BookmarkFilter']//option[text()='Alphabetical A-Z']]
[INFO ][05-Jun-2024 12:41:22 PM] Selenium_Wrapper.click:(205) - Clicking on :[[ChromeDriver: chrome on WINDOWS (9f436a8aaf8b887af4ea1b327b0602a1)] -> class name: knowledge]
[INFO ][05-Jun-2024 12:41:26 PM] Selenium_Wrapper.click:(205) - Clicking on :[[ChromeDriver: chrome on WINDOWS (9f436a8aaf8b887af4ea1b327b0602a1)] -> xpath: //div[@class='dropdown']]
[INFO ][05-Jun-2024 12:45:11 PM] Selenium_Wrapper.click:(205) - Clicking on :[[ChromeDriver: chrome on WINDOWS (9f436a8aaf8b887af4ea1b327b0602a1)] -> xpath: //div[@class='dropdown-content']//a[normalize-space()='My Notifications']]
[INFO ][05-Jun-2024 12:45:30 PM] Selenium_Wrapper.click:(205) - Clicking on :[[ChromeDriver: chrome on WINDOWS (9f436a8aaf8b887af4ea1b327b0602a1)] -> xpath: //a[text()='browse all PAGES']]
[ERROR][05-Jun-2024 12:46:13 PM] QuickNavigation.testPreferencesNotificationPage:(194) - Preferences My Notification Test is un-successfull
[INFO ][05-Jun-2024 12:46:16 PM] Selenium_Wrapper.closeCurrentBrowser:(657) - Closing the current Browser
