[INFO ][04-Nov-2021 12:30:22 pm] Selenium_Wrapper.openBrowser:(48) - Opening chrome browser.
[INFO ][04-Nov-2021 12:30:31 pm] Selenium_Wrapper.enterURL:(82) - Entering url :https://macu1--tst.custhelp.com/app/home
[INFO ][04-Nov-2021 12:30:35 pm] Selenium_Wrapper.enterText:(311) - Entering Text :pramodk in WebElement :[[ChromeDriver: chrome on WINDOWS (b00695fb22273aa7b9a2943ab0a74ec8)] -> id: rn_LoginForm_2_Username]
[INFO ][04-Nov-2021 12:30:36 pm] Selenium_Wrapper.enterText:(311) - Entering Text :Soft@123 in WebElement :[[ChromeDriver: chrome on WINDOWS (b00695fb22273aa7b9a2943ab0a74ec8)] -> id: rn_LoginForm_2_Password]
[INFO ][04-Nov-2021 12:30:39 pm] Selenium_Wrapper.click:(199) - Clicking on :[[ChromeDriver: chrome on WINDOWS (b00695fb22273aa7b9a2943ab0a74ec8)] -> id: rn_LoginForm_2_Submit]
[INFO ][04-Nov-2021 12:30:48 pm] Selenium_Wrapper.click:(199) - Clicking on :[[ChromeDriver: chrome on WINDOWS (b00695fb22273aa7b9a2943ab0a74ec8)] -> xpath: //input[@type='search']]
[INFO ][04-Nov-2021 12:30:50 pm] Selenium_Wrapper.enterText:(311) - Entering Text :Flexible Work in WebElement :[[ChromeDriver: chrome on WINDOWS (b00695fb22273aa7b9a2943ab0a74ec8)] -> xpath: //input[@type='search']]
[ERROR][04-Nov-2021 12:30:51 pm] Selenium_Wrapper.highlightWebElement:(417) - org.openqa.selenium.NoSuchElementException: no such element: Unable to locate element: {"method":"xpath","selector":"//ul[@aria-label='Suggested Search']//li[normalize-space()='Flexible Work']"}
  (Session info: chrome=95.0.4638.54)
For documentation on this error, please visit: https://www.seleniumhq.org/exceptions/no_such_element.html
Build info: version: '3.141.59', revision: 'e82be7d358', time: '2018-11-14T08:17:03'
System info: host: 'DESKTOP-N43657M', ip: '10.10.105.46', os.name: 'Windows 10', os.arch: 'amd64', os.version: '10.0', java.version: '16.0.1'
Driver info: org.openqa.selenium.chrome.ChromeDriver
Capabilities {acceptInsecureCerts: false, browserName: chrome, browserVersion: 95.0.4638.54, chrome: {chromedriverVersion: 95.0.4638.17 (a9d0719444d4b..., userDataDir: C:\Users\Pramod\AppData\Loc...}, goog:chromeOptions: {debuggerAddress: localhost:60238}, javascriptEnabled: true, networkConnectionEnabled: false, pageLoadStrategy: normal, platform: WINDOWS, platformName: WINDOWS, proxy: Proxy(), setWindowRect: true, strictFileInteractability: false, timeouts: {implicit: 0, pageLoad: 300000, script: 30000}, unhandledPromptBehavior: dismiss and notify, webauthn:extension:credBlob: true, webauthn:extension:largeBlob: true, webauthn:virtualAuthenticators: true}
Session ID: b00695fb22273aa7b9a2943ab0a74ec8
*** Element info: {Using=xpath, value=//ul[@aria-label='Suggested Search']//li[normalize-space()='Flexible Work']}
[INFO ][04-Nov-2021 12:30:56 pm] Selenium_Wrapper.click:(199) - Clicking on :[[ChromeDriver: chrome on WINDOWS (b00695fb22273aa7b9a2943ab0a74ec8)] -> xpath: //ul[@aria-label='Suggested Search']//li[normalize-space()='Flexible Work']]
[INFO ][04-Nov-2021 12:30:59 pm] Selenium_Wrapper.click:(199) - Clicking on :[[ChromeDriver: chrome on WINDOWS (b00695fb22273aa7b9a2943ab0a74ec8)] -> xpath: //div[@class='rn_SearchResultContent']//a[text()='Flexible Work']]
[INFO ][04-Nov-2021 12:31:15 pm] Selenium_Wrapper.click:(199) - Clicking on :[[ChromeDriver: chrome on WINDOWS (b00695fb22273aa7b9a2943ab0a74ec8)] -> xpath: //div[@class='rn_SchemaAttributeValue']//a[text()='Travel Pay']]
[INFO ][04-Nov-2021 12:31:42 pm] Selenium_Wrapper.click:(199) - Clicking on :[[ChromeDriver: chrome on WINDOWS (b00695fb22273aa7b9a2943ab0a74ec8)] -> id: relatedPages_headingOne]
[INFO ][04-Nov-2021 12:31:44 pm] Selenium_Wrapper.click:(199) - Clicking on :[[ChromeDriver: chrome on WINDOWS (b00695fb22273aa7b9a2943ab0a74ec8)] -> id: relatedPages_headingOne]
[INFO ][04-Nov-2021 12:31:49 pm] Selenium_Wrapper.click:(199) - Clicking on :[[ChromeDriver: chrome on WINDOWS (b00695fb22273aa7b9a2943ab0a74ec8)] -> id: rn_SearchHome_18_SearchInput]
[INFO ][04-Nov-2021 12:31:50 pm] Selenium_Wrapper.enterText:(311) - Entering Text :Flexible Work in WebElement :[[ChromeDriver: chrome on WINDOWS (b00695fb22273aa7b9a2943ab0a74ec8)] -> id: rn_SearchHome_18_SearchInput]
[INFO ][04-Nov-2021 12:31:58 pm] Selenium_Wrapper.click:(199) - Clicking on :[[ChromeDriver: chrome on WINDOWS (b00695fb22273aa7b9a2943ab0a74ec8)] -> xpath: //ul[@aria-label='Suggested Search']//li[@class='rn_SuggestionItem'][normalize-space()='Flexible Work']]
[INFO ][04-Nov-2021 12:32:02 pm] Selenium_Wrapper.click:(199) - Clicking on :[[ChromeDriver: chrome on WINDOWS (b00695fb22273aa7b9a2943ab0a74ec8)] -> xpath: //div[@class='rn_SearchResultContent']//a[text()='Flexible Work']]
[INFO ][04-Nov-2021 12:32:15 pm] Selenium_Wrapper.click:(199) - Clicking on :[[ChromeDriver: chrome on WINDOWS (b00695fb22273aa7b9a2943ab0a74ec8)] -> xpath: //button[@class='rn_RecommendContentButton p-0']]
[INFO ][04-Nov-2021 12:32:16 pm] Selenium_Wrapper.click:(199) - Clicking on :[[ChromeDriver: chrome on WINDOWS (b00695fb22273aa7b9a2943ab0a74ec8)] -> id: rn_RequestUpdate_25_Description]
[INFO ][04-Nov-2021 12:32:17 pm] Selenium_Wrapper.enterText:(311) - Entering Text :Test Improve, comments, updates in WebElement :[[ChromeDriver: chrome on WINDOWS (b00695fb22273aa7b9a2943ab0a74ec8)] -> id: rn_RequestUpdate_25_Description]
[INFO ][04-Nov-2021 12:32:19 pm] Selenium_Wrapper.click:(199) - Clicking on :[[ChromeDriver: chrome on WINDOWS (b00695fb22273aa7b9a2943ab0a74ec8)] -> xpath: //button[text()='Submit']]
[INFO ][04-Nov-2021 12:32:26 pm] Selenium_Wrapper.click:(199) - Clicking on :[[ChromeDriver: chrome on WINDOWS (b00695fb22273aa7b9a2943ab0a74ec8)] -> xpath: //div[@id='rnDialog2']//button[@type='button']]
[INFO ][04-Nov-2021 12:32:32 pm] Selenium_Wrapper.click:(199) - Clicking on :[[ChromeDriver: chrome on WINDOWS (b00695fb22273aa7b9a2943ab0a74ec8)] -> class name: knowledge]
[INFO ][04-Nov-2021 12:32:35 pm] Selenium_Wrapper.click:(199) - Clicking on :[[ChromeDriver: chrome on WINDOWS (b00695fb22273aa7b9a2943ab0a74ec8)] -> xpath: //div[@class='dropdown']]
[INFO ][04-Nov-2021 12:32:42 pm] Selenium_Wrapper.click:(199) - Clicking on :[[ChromeDriver: chrome on WINDOWS (b00695fb22273aa7b9a2943ab0a74ec8)] -> xpath: //a[text()='My Feedback']]
[INFO ][04-Nov-2021 12:32:43 pm] Selenium_Wrapper.enterText:(311) - Entering Text :Flexible Work in WebElement :[[ChromeDriver: chrome on WINDOWS (b00695fb22273aa7b9a2943ab0a74ec8)] -> xpath: //input[@placeholder='Search Your Feedback Report']]
[INFO ][04-Nov-2021 12:32:48 pm] Selenium_Wrapper.click:(199) - Clicking on :[[ChromeDriver: chrome on WINDOWS (b00695fb22273aa7b9a2943ab0a74ec8)] -> xpath: //div[@class='rn_SearchInput1 mt-3']//span[@class='btn-srch-icon']//i[@class='fa fa-search']]
[ERROR][04-Nov-2021 12:32:54 pm] Selenium_Wrapper.highlightWebElement:(417) - org.openqa.selenium.NoSuchElementException: no such element: Unable to locate element: {"method":"xpath","selector":"//tr[@data-yui3-record='model_11']//td[@headers='Grid_6_c1']/a"}
  (Session info: chrome=95.0.4638.54)
For documentation on this error, please visit: https://www.seleniumhq.org/exceptions/no_such_element.html
Build info: version: '3.141.59', revision: 'e82be7d358', time: '2018-11-14T08:17:03'
System info: host: 'DESKTOP-N43657M', ip: '10.10.105.46', os.name: 'Windows 10', os.arch: 'amd64', os.version: '10.0', java.version: '16.0.1'
Driver info: org.openqa.selenium.chrome.ChromeDriver
Capabilities {acceptInsecureCerts: false, browserName: chrome, browserVersion: 95.0.4638.54, chrome: {chromedriverVersion: 95.0.4638.17 (a9d0719444d4b..., userDataDir: C:\Users\Pramod\AppData\Loc...}, goog:chromeOptions: {debuggerAddress: localhost:60238}, javascriptEnabled: true, networkConnectionEnabled: false, pageLoadStrategy: normal, platform: WINDOWS, platformName: WINDOWS, proxy: Proxy(), setWindowRect: true, strictFileInteractability: false, timeouts: {implicit: 0, pageLoad: 300000, script: 30000}, unhandledPromptBehavior: dismiss and notify, webauthn:extension:credBlob: true, webauthn:extension:largeBlob: true, webauthn:virtualAuthenticators: true}
Session ID: b00695fb22273aa7b9a2943ab0a74ec8
*** Element info: {Using=xpath, value=//tr[@data-yui3-record='model_11']//td[@headers='Grid_6_c1']/a}
[INFO ][04-Nov-2021 12:33:06 pm] Selenium_Wrapper.click:(199) - Clicking on :[[ChromeDriver: chrome on WINDOWS (b00695fb22273aa7b9a2943ab0a74ec8)] -> xpath: //tr[@data-yui3-record='model_11']//td[@headers='Grid_6_c1']/a]
[INFO ][04-Nov-2021 12:33:19 pm] Selenium_Wrapper.click:(199) - Clicking on :[[ChromeDriver: chrome on WINDOWS (b00695fb22273aa7b9a2943ab0a74ec8)] -> class name: knowledge]
[INFO ][04-Nov-2021 12:33:22 pm] Selenium_Wrapper.closeCurrentBrowser:(650) - Closing the current Browser
