[INFO ][03-Dec-2023 12:33:27 PM] Selenium_Wrapper.openBrowser:(48) - Opening chrome browser.
[INFO ][03-Dec-2023 12:33:30 PM] Selenium_Wrapper.enterURL:(82) - Entering url :https://macu1--tst1.custhelp.com/AgentWeb/
[INFO ][03-Dec-2023 12:33:35 PM] Selenium_Wrapper.enterText:(311) - Entering Text :automation_testing in WebElement :[[ChromeDriver: chrome on WINDOWS (6f3780a82302f4dc19c7b40195e5de2d)] -> id: username]
[INFO ][03-Dec-2023 12:33:36 PM] Selenium_Wrapper.enterText:(311) - Entering Text :Welcome123 in WebElement :[[ChromeDriver: chrome on WINDOWS (6f3780a82302f4dc19c7b40195e5de2d)] -> id: password]
[INFO ][03-Dec-2023 12:33:53 PM] Selenium_Wrapper.click:(199) - Clicking on :[[ChromeDriver: chrome on WINDOWS (6f3780a82302f4dc19c7b40195e5de2d)] -> id: loginbutton]
[INFO ][03-Dec-2023 12:34:18 PM] Selenium_Wrapper.click:(199) - Clicking on :[[ChromeDriver: chrome on WINDOWS (6f3780a82302f4dc19c7b40195e5de2d)] -> xpath: //oj-button[@id='navigationSetBtn']]
[INFO ][03-Dec-2023 12:34:27 PM] Selenium_Wrapper.click:(199) - Clicking on :[[ChromeDriver: chrome on WINDOWS (6f3780a82302f4dc19c7b40195e5de2d)] -> xpath: (//div[text()='Analytics']//a)]
[INFO ][03-Dec-2023 12:34:32 PM] Selenium_Wrapper.click:(199) - Clicking on :[[ChromeDriver: chrome on WINDOWS (6f3780a82302f4dc19c7b40195e5de2d)] -> xpath: //span[text()='Reports Explorer']]
[INFO ][03-Dec-2023 12:34:37 PM] Selenium_Wrapper.click:(199) - Clicking on :[[ChromeDriver: chrome on WINDOWS (6f3780a82302f4dc19c7b40195e5de2d)] -> xpath: //div[text()='Public Reports']]
[INFO ][03-Dec-2023 12:34:43 PM] Selenium_Wrapper.click:(199) - Clicking on :[[ChromeDriver: chrome on WINDOWS (6f3780a82302f4dc19c7b40195e5de2d)] -> xpath: //div[text()='MACU CUSTOM REPORTS']]
[INFO ][03-Dec-2023 12:34:48 PM] Selenium_Wrapper.click:(199) - Clicking on :[[ChromeDriver: chrome on WINDOWS (6f3780a82302f4dc19c7b40195e5de2d)] -> xpath: //div[text()='SoftClouds']]
[INFO ][03-Dec-2023 12:34:53 PM] Selenium_Wrapper.click:(199) - Clicking on :[[ChromeDriver: chrome on WINDOWS (6f3780a82302f4dc19c7b40195e5de2d)] -> xpath: //div[text()='OKCS']]
[INFO ][03-Dec-2023 12:35:01 PM] Selenium_Wrapper.doubleClick:(280) - Double clicking on :[[ChromeDriver: chrome on WINDOWS (6f3780a82302f4dc19c7b40195e5de2d)] -> xpath: //div[@class='explorer-right-panel']//div[@class='explorer-data-grid']//span[text()='Feedback Admin Report']]
[INFO ][03-Dec-2023 12:35:18 PM] Selenium_Wrapper.click:(199) - Clicking on :[[ChromeDriver: chrome on WINDOWS (6f3780a82302f4dc19c7b40195e5de2d)] -> xpath: //div[@class='container wsx-flex']//div[@class='analyticsTopSection']//div[@class='select-box-root select-box-display-text-active']]
[INFO ][03-Dec-2023 12:35:38 PM] Selenium_Wrapper.click:(199) - Clicking on :[[ChromeDriver: chrome on WINDOWS (6f3780a82302f4dc19c7b40195e5de2d)] -> xpath: (//span[text()='Search'])[2]]
[INFO ][03-Dec-2023 12:35:47 PM] Selenium_Wrapper.doubleClick:(280) - Double clicking on :[[ChromeDriver: chrome on WINDOWS (6f3780a82302f4dc19c7b40195e5de2d)] -> xpath: //div[@class='container wsx-flex']//div[contains(@column-id,'2')][1]]
[INFO ][03-Dec-2023 12:36:01 PM] Selenium_Wrapper.click:(199) - Clicking on :[[ChromeDriver: chrome on WINDOWS (6f3780a82302f4dc19c7b40195e5de2d)] -> xpath: //span[text()='Messages']]
[INFO ][03-Dec-2023 12:36:07 PM] Selenium_Wrapper.click:(199) - Clicking on :[[ChromeDriver: chrome on WINDOWS (6f3780a82302f4dc19c7b40195e5de2d)] -> xpath: //div[contains(@class,'cke_wysiwyg_div ')]]
[INFO ][03-Dec-2023 12:36:08 PM] Selenium_Wrapper.enterText:(311) - Entering Text :It is working as per Expected in WebElement :[[ChromeDriver: chrome on WINDOWS (6f3780a82302f4dc19c7b40195e5de2d)] -> xpath: //div[contains(@class,'cke_wysiwyg_div ')]]
[INFO ][03-Dec-2023 12:36:13 PM] Selenium_Wrapper.click:(199) - Clicking on :[[ChromeDriver: chrome on WINDOWS (6f3780a82302f4dc19c7b40195e5de2d)] -> xpath: //div[@class='ws-toolbar-button-image bui-icon save-icon fa-lg']]
[INFO ][03-Dec-2023 12:36:18 PM] Selenium_Wrapper.click:(199) - Clicking on :[[ChromeDriver: chrome on WINDOWS (6f3780a82302f4dc19c7b40195e5de2d)] -> xpath: //span[text()='Summary']]
[INFO ][03-Dec-2023 12:36:26 PM] Selenium_Wrapper.clickUsingActions:(249) - Clicking on :[[ChromeDriver: chrome on WINDOWS (6f3780a82302f4dc19c7b40195e5de2d)] -> xpath: //div[contains(@id,'Incident_Status')][@class='display-text']]
[INFO ][03-Dec-2023 12:36:33 PM] Selenium_Wrapper.click:(199) - Clicking on :[[ChromeDriver: chrome on WINDOWS (6f3780a82302f4dc19c7b40195e5de2d)] -> xpath: (//div[@title='Solved'])[1]]
[INFO ][03-Dec-2023 12:36:40 PM] Selenium_Wrapper.click:(199) - Clicking on :[[ChromeDriver: chrome on WINDOWS (6f3780a82302f4dc19c7b40195e5de2d)] -> xpath: //div[@class='ws-toolbar-button-image bui-icon save-icon fa-lg']]
[INFO ][03-Dec-2023 12:36:49 PM] Selenium_Wrapper.click:(199) - Clicking on :[[ChromeDriver: chrome on WINDOWS (6f3780a82302f4dc19c7b40195e5de2d)] -> xpath: (//a[@class='closeButton'])[3]]
[INFO ][03-Dec-2023 12:36:57 PM] Selenium_Wrapper.click:(199) - Clicking on :[[ChromeDriver: chrome on WINDOWS (6f3780a82302f4dc19c7b40195e5de2d)] -> xpath: (//a[@class='closeButton'])[2]]
[INFO ][03-Dec-2023 12:37:04 PM] Selenium_Wrapper.click:(199) - Clicking on :[[ChromeDriver: chrome on WINDOWS (6f3780a82302f4dc19c7b40195e5de2d)] -> xpath: (//a[@class='closeButton'])[1]]
[INFO ][03-Dec-2023 12:37:12 PM] Selenium_Wrapper.click:(199) - Clicking on :[[ChromeDriver: chrome on WINDOWS (6f3780a82302f4dc19c7b40195e5de2d)] -> xpath: //body//oj-avatar[@initials='[[userMenuLabel]]']]
[INFO ][03-Dec-2023 12:37:19 PM] Selenium_Wrapper.click:(199) - Clicking on :[[ChromeDriver: chrome on WINDOWS (6f3780a82302f4dc19c7b40195e5de2d)] -> xpath: //a//span[text()='Sign Out']]
[INFO ][03-Dec-2023 12:37:25 PM] Selenium_Wrapper.closeCurrentBrowser:(651) - Closing the current Browser
