[INFO ][01-Sep-2022 12:33:34 PM] Selenium_Wrapper.openBrowser:(48) - Opening chrome browser.
[INFO ][01-Sep-2022 12:33:40 PM] Selenium_Wrapper.enterURL:(82) - Entering url :https://macu1--upgrade.custhelp.com/
[INFO ][01-Sep-2022 12:33:45 PM] Selenium_Wrapper.enterText:(311) - Entering Text :pramodk in WebElement :[[ChromeDriver: chrome on WINDOWS (d265507c18ce3dcf08b8a14ef7273d93)] -> id: rn_LoginForm_2_Username]
[INFO ][01-Sep-2022 12:33:46 PM] Selenium_Wrapper.enterText:(311) - Entering Text :Soft@123 in WebElement :[[ChromeDriver: chrome on WINDOWS (d265507c18ce3dcf08b8a14ef7273d93)] -> id: rn_LoginForm_2_Password]
[INFO ][01-Sep-2022 12:33:53 PM] Selenium_Wrapper.click:(199) - Clicking on :[[ChromeDriver: chrome on WINDOWS (d265507c18ce3dcf08b8a14ef7273d93)] -> id: rn_LoginForm_2_Submit]
[INFO ][01-Sep-2022 12:34:06 PM] Selenium_Wrapper.click:(199) - Clicking on :[[ChromeDriver: chrome on WINDOWS (d265507c18ce3dcf08b8a14ef7273d93)] -> xpath: //input[@type='search']]
[INFO ][01-Sep-2022 12:34:07 PM] Selenium_Wrapper.enterText:(311) - Entering Text :Auto Loan in WebElement :[[ChromeDriver: chrome on WINDOWS (d265507c18ce3dcf08b8a14ef7273d93)] -> xpath: //input[@type='search']]
[INFO ][01-Sep-2022 12:34:21 PM] Selenium_Wrapper.click:(199) - Clicking on :[[ChromeDriver: chrome on WINDOWS (d265507c18ce3dcf08b8a14ef7273d93)] -> xpath: //ul[@aria-label='Suggested Search']//li[normalize-space()= 'Auto Loan' ]]
[INFO ][01-Sep-2022 12:34:28 PM] Selenium_Wrapper.click:(199) - Clicking on :[[ChromeDriver: chrome on WINDOWS (d265507c18ce3dcf08b8a14ef7273d93)] -> xpath: //div[@class='rn_SearchResultContent']//a[text()='Auto Loan']]
[INFO ][01-Sep-2022 12:34:55 PM] Selenium_Wrapper.click:(199) - Clicking on :[[ChromeDriver: chrome on WINDOWS (d265507c18ce3dcf08b8a14ef7273d93)] -> xpath: //a[@class='add_bookmarkButton']//img[@class='bookmark_icon_blank']]
[INFO ][01-Sep-2022 12:35:02 PM] Selenium_Wrapper.click:(199) - Clicking on :[[ChromeDriver: chrome on WINDOWS (d265507c18ce3dcf08b8a14ef7273d93)] -> xpath: //div[@class='dropdown']]
[INFO ][01-Sep-2022 12:35:10 PM] Selenium_Wrapper.click:(199) - Clicking on :[[ChromeDriver: chrome on WINDOWS (d265507c18ce3dcf08b8a14ef7273d93)] -> xpath: //div[@class='data Custom-data']//a[text()='My Bookmarks']]
[INFO ][01-Sep-2022 12:35:32 PM] Selenium_Wrapper.click:(199) - Clicking on :[[ChromeDriver: chrome on WINDOWS (d265507c18ce3dcf08b8a14ef7273d93)] -> xpath: //a[contains(text(),'Auto Loan')]//parent::div[@class='rn_Notification_Info']//following-sibling::div[@class='rn_Notification_Actions']//button[@class='rn_Notification_Delete']//img[@class='bookmark_del_ico']]
[INFO ][01-Sep-2022 12:35:53 PM] Selenium_Wrapper.click:(199) - Clicking on :[[ChromeDriver: chrome on WINDOWS (d265507c18ce3dcf08b8a14ef7273d93)] -> class name: knowledge]
[INFO ][01-Sep-2022 12:36:00 PM] Selenium_Wrapper.click:(199) - Clicking on :[[ChromeDriver: chrome on WINDOWS (d265507c18ce3dcf08b8a14ef7273d93)] -> xpath: //input[@type='search']]
[INFO ][01-Sep-2022 12:36:01 PM] Selenium_Wrapper.enterText:(311) - Entering Text :Auto Loan in WebElement :[[ChromeDriver: chrome on WINDOWS (d265507c18ce3dcf08b8a14ef7273d93)] -> xpath: //input[@type='search']]
[INFO ][01-Sep-2022 12:36:09 PM] Selenium_Wrapper.click:(199) - Clicking on :[[ChromeDriver: chrome on WINDOWS (d265507c18ce3dcf08b8a14ef7273d93)] -> xpath: //ul[@aria-label='Suggested Search']//li[normalize-space()= 'Auto Loan' ]]
[INFO ][01-Sep-2022 12:36:16 PM] Selenium_Wrapper.click:(199) - Clicking on :[[ChromeDriver: chrome on WINDOWS (d265507c18ce3dcf08b8a14ef7273d93)] -> xpath: //div[@class='rn_SearchResultContent']//a[text()='Auto Loan']]
[INFO ][01-Sep-2022 12:36:27 PM] Selenium_Wrapper.click:(199) - Clicking on :[[ChromeDriver: chrome on WINDOWS (d265507c18ce3dcf08b8a14ef7273d93)] -> xpath: //div[contains(@class,'EmailAnswerLink')]//img[@class='share_icon_default']]
[INFO ][01-Sep-2022 12:36:32 PM] Selenium_Wrapper.click:(199) - Clicking on :[[ChromeDriver: chrome on WINDOWS (d265507c18ce3dcf08b8a14ef7273d93)] -> xpath: //div[@id='rnDialog1']//input[@class='select2-search__field']]
[INFO ][01-Sep-2022 12:36:33 PM] Selenium_Wrapper.enterText:(311) - Entering Text :Aaron Brown in WebElement :[[ChromeDriver: chrome on WINDOWS (d265507c18ce3dcf08b8a14ef7273d93)] -> xpath: //div[@id='rnDialog1']//input[@class='select2-search__field']]
[INFO ][01-Sep-2022 12:36:41 PM] Selenium_Wrapper.click:(199) - Clicking on :[[ChromeDriver: chrome on WINDOWS (d265507c18ce3dcf08b8a14ef7273d93)] -> xpath: //ul[@class='select2-results__options']//li[text()='Aaron Brown']]
[INFO ][01-Sep-2022 12:36:47 PM] Selenium_Wrapper.click:(199) - Clicking on :[[ChromeDriver: chrome on WINDOWS (d265507c18ce3dcf08b8a14ef7273d93)] -> xpath: //button[@class='yui3-button yui3-button-close']]
[INFO ][01-Sep-2022 12:37:01 PM] Selenium_Wrapper.click:(199) - Clicking on :[[ChromeDriver: chrome on WINDOWS (d265507c18ce3dcf08b8a14ef7273d93)] -> xpath: //div[@id='formsResources_panel']//div[@id='formsResources_headingOne']]
[INFO ][01-Sep-2022 12:37:10 PM] Selenium_Wrapper.clickUsingActions:(249) - Clicking on :[[ChromeDriver: chrome on WINDOWS (d265507c18ce3dcf08b8a14ef7273d93)] -> xpath: (//ul[@class='formsResources']//ul//li/a)[2]]
[INFO ][01-Sep-2022 12:37:31 PM] Selenium_Wrapper.click:(199) - Clicking on :[[ChromeDriver: chrome on WINDOWS (d265507c18ce3dcf08b8a14ef7273d93)] -> xpath: //li[@class='breadcrumb-item']//a]
[INFO ][01-Sep-2022 12:37:45 PM] Selenium_Wrapper.click:(199) - Clicking on :[[ChromeDriver: chrome on WINDOWS (d265507c18ce3dcf08b8a14ef7273d93)] -> class name: knowledge]
[INFO ][01-Sep-2022 12:37:55 PM] Selenium_Wrapper.click:(199) - Clicking on :[[ChromeDriver: chrome on WINDOWS (d265507c18ce3dcf08b8a14ef7273d93)] -> xpath: //input[@type='search']]
[INFO ][01-Sep-2022 12:37:56 PM] Selenium_Wrapper.enterText:(311) - Entering Text :COVID-19 Critical Updates in WebElement :[[ChromeDriver: chrome on WINDOWS (d265507c18ce3dcf08b8a14ef7273d93)] -> xpath: //input[@type='search']]
[INFO ][01-Sep-2022 12:38:10 PM] Selenium_Wrapper.click:(199) - Clicking on :[[ChromeDriver: chrome on WINDOWS (d265507c18ce3dcf08b8a14ef7273d93)] -> xpath: //ul[@aria-label='Suggested Search']//li[normalize-space()='COVID-19 Critical Updates']]
[INFO ][01-Sep-2022 12:38:17 PM] Selenium_Wrapper.click:(199) - Clicking on :[[ChromeDriver: chrome on WINDOWS (d265507c18ce3dcf08b8a14ef7273d93)] -> xpath: //div[@class='rn_SearchResultContent']//a[text()='COVID-19 Critical Updates']]
[INFO ][01-Sep-2022 12:39:16 PM] Selenium_Wrapper.click:(199) - Clicking on :[[ChromeDriver: chrome on WINDOWS (d265507c18ce3dcf08b8a14ef7273d93)] -> xpath: //button[@class='rn_RecommendContentButton p-0']]
[INFO ][01-Sep-2022 12:39:18 PM] Selenium_Wrapper.enterText:(311) - Entering Text :Test Improve, comments, updates in WebElement :[[ChromeDriver: chrome on WINDOWS (d265507c18ce3dcf08b8a14ef7273d93)] -> xpath: //div[@id='rnDialog1_c']//textarea[contains(@id,RequestUpdate)]]
[INFO ][01-Sep-2022 12:39:23 PM] Selenium_Wrapper.click:(199) - Clicking on :[[ChromeDriver: chrome on WINDOWS (d265507c18ce3dcf08b8a14ef7273d93)] -> xpath: //button[@class='yui3-button yui3-button-close']]
[INFO ][01-Sep-2022 12:39:35 PM] Selenium_Wrapper.click:(199) - Clicking on :[[ChromeDriver: chrome on WINDOWS (d265507c18ce3dcf08b8a14ef7273d93)] -> id: relatedPages_headingOne]
[INFO ][01-Sep-2022 12:39:41 PM] Selenium_Wrapper.click:(199) - Clicking on :[[ChromeDriver: chrome on WINDOWS (d265507c18ce3dcf08b8a14ef7273d93)] -> id: relatedPages_headingOne]
[INFO ][01-Sep-2022 12:39:48 PM] Selenium_Wrapper.enterText:(311) - Entering Text :Auto Loan in WebElement :[[ChromeDriver: chrome on WINDOWS (d265507c18ce3dcf08b8a14ef7273d93)] -> xpath: //div[contains(@class,'input-group')]//input[@type='search']]
[ERROR][01-Sep-2022 12:41:36 PM] Selenium_Wrapper.getWebElement:(124) - org.openqa.selenium.TimeoutException: Expected condition failed: waiting for visibility of [[ChromeDriver: chrome on WINDOWS (d265507c18ce3dcf08b8a14ef7273d93)] -> xpath: //ul[@aria-label='Suggested Search']//li[@class='rn_SuggestionItem'][normalize-space()='Auto Loan']] (tried for 100 second(s) with 500 milliseconds interval)
Build info: version: '3.141.59', revision: 'e82be7d358', time: '2018-11-14T08:17:03'
System info: host: 'QA-SWAMYK', ip: '192.168.0.4', os.name: 'Windows 10', os.arch: 'amd64', os.version: '10.0', java.version: '11.0.10'
Driver info: org.openqa.selenium.chrome.ChromeDriver
Capabilities {acceptInsecureCerts: false, browserName: chrome, browserVersion: 105.0.5195.54, chrome: {chromedriverVersion: 105.0.5195.52 (412c95e51883..., userDataDir: C:\Users\SWAMYK~1\AppData\L...}, goog:chromeOptions: {debuggerAddress: localhost:54684}, javascriptEnabled: true, networkConnectionEnabled: false, pageLoadStrategy: normal, platform: WINDOWS, platformName: WINDOWS, proxy: Proxy(), setWindowRect: true, strictFileInteractability: false, timeouts: {implicit: 0, pageLoad: 300000, script: 30000}, unhandledPromptBehavior: dismiss and notify, webauthn:extension:credBlob: true, webauthn:extension:largeBlob: true, webauthn:virtualAuthenticators: true}
Session ID: d265507c18ce3dcf08b8a14ef7273d93
[ERROR][01-Sep-2022 12:41:36 PM] ArticlePage.testRequests:(197) - testRequests Test case is un-successfull
[INFO ][01-Sep-2022 12:41:39 PM] Selenium_Wrapper.closeCurrentBrowser:(650) - Closing the current Browser
