[INFO ][27-Jul-2023 12:30:30 pm] Selenium_Wrapper.openBrowser:(48) - Opening chrome browser.
[INFO ][27-Jul-2023 12:30:37 pm] Selenium_Wrapper.enterURL:(82) - Entering url :https://macu1--tst1.custhelp.com/app/home
[INFO ][27-Jul-2023 12:30:41 pm] Selenium_Wrapper.enterText:(311) - Entering Text :swamyk in WebElement :[[ChromeDriver: chrome on WINDOWS (39ec71eed5f56bc6a514426348a2930a)] -> id: rn_LoginForm_2_Username]
[INFO ][27-Jul-2023 12:30:42 pm] Selenium_Wrapper.enterText:(311) - Entering Text :Soft@123 in WebElement :[[ChromeDriver: chrome on WINDOWS (39ec71eed5f56bc6a514426348a2930a)] -> id: rn_LoginForm_2_Password]
[INFO ][27-Jul-2023 12:30:49 pm] Selenium_Wrapper.click:(199) - Clicking on :[[ChromeDriver: chrome on WINDOWS (39ec71eed5f56bc6a514426348a2930a)] -> id: rn_LoginForm_2_Submit]
[INFO ][27-Jul-2023 12:30:57 pm] Selenium_Wrapper.click:(199) - Clicking on :[[ChromeDriver: chrome on WINDOWS (39ec71eed5f56bc6a514426348a2930a)] -> xpath: //input[@type='search']]
[INFO ][27-Jul-2023 12:30:58 pm] Selenium_Wrapper.enterText:(311) - Entering Text :Business Auto Loan in WebElement :[[ChromeDriver: chrome on WINDOWS (39ec71eed5f56bc6a514426348a2930a)] -> xpath: //input[@type='search']]
[INFO ][27-Jul-2023 12:31:14 pm] Selenium_Wrapper.click:(199) - Clicking on :[[ChromeDriver: chrome on WINDOWS (39ec71eed5f56bc6a514426348a2930a)] -> xpath: (//div[@class='yui3-aclist-content']//li//li)[1]]
[INFO ][27-Jul-2023 12:31:22 pm] Selenium_Wrapper.click:(199) - Clicking on :[[ChromeDriver: chrome on WINDOWS (39ec71eed5f56bc6a514426348a2930a)] -> xpath: (//div[@class='rn_SearchResultContent']//a)[1]]
[INFO ][27-Jul-2023 12:31:45 pm] Selenium_Wrapper.click:(199) - Clicking on :[[ChromeDriver: chrome on WINDOWS (39ec71eed5f56bc6a514426348a2930a)] -> xpath: //div[@class='main_image_div']//div[@class='thumbs_up_down'][2]]
[INFO ][27-Jul-2023 12:31:56 pm] Selenium_Wrapper.click:(199) - Clicking on :[[ChromeDriver: chrome on WINDOWS (39ec71eed5f56bc6a514426348a2930a)] -> xpath: //textarea[@class='rn_DocumentTextArea']]
[INFO ][27-Jul-2023 12:31:57 pm] Selenium_Wrapper.enterText:(311) - Entering Text :Flexible Work - ThumbDown Comments in WebElement :[[ChromeDriver: chrome on WINDOWS (39ec71eed5f56bc6a514426348a2930a)] -> xpath: //textarea[@class='rn_DocumentTextArea']]
[INFO ][27-Jul-2023 12:32:02 pm] Selenium_Wrapper.click:(199) - Clicking on :[[ChromeDriver: chrome on WINDOWS (39ec71eed5f56bc6a514426348a2930a)] -> xpath: //button[text()='SUBMIT']]
[INFO ][27-Jul-2023 12:32:08 pm] Selenium_Wrapper.click:(199) - Clicking on :[[ChromeDriver: chrome on WINDOWS (39ec71eed5f56bc6a514426348a2930a)] -> xpath: //button[@class='yui3-button yui3-button-close']]
[INFO ][27-Jul-2023 12:32:15 pm] Selenium_Wrapper.click:(199) - Clicking on :[[ChromeDriver: chrome on WINDOWS (39ec71eed5f56bc6a514426348a2930a)] -> xpath: //div[@class='dropdown']]
[INFO ][27-Jul-2023 12:32:25 pm] Selenium_Wrapper.click:(199) - Clicking on :[[ChromeDriver: chrome on WINDOWS (39ec71eed5f56bc6a514426348a2930a)] -> xpath: //a[text()='My Feedback']]
[INFO ][27-Jul-2023 12:32:53 pm] Selenium_Wrapper.click:(199) - Clicking on :[[ChromeDriver: chrome on WINDOWS (39ec71eed5f56bc6a514426348a2930a)] -> xpath: ((//table//tbody)[2]//a)[1]]
[INFO ][27-Jul-2023 12:33:25 pm] Selenium_Wrapper.click:(199) - Clicking on :[[ChromeDriver: chrome on WINDOWS (39ec71eed5f56bc6a514426348a2930a)] -> class name: knowledge]
[INFO ][27-Jul-2023 12:33:27 pm] Selenium_Wrapper.closeCurrentBrowser:(651) - Closing the current Browser
[INFO ][27-Jul-2023 12:33:28 pm] Selenium_Wrapper.openBrowser:(48) - Opening chrome browser.
[INFO ][27-Jul-2023 12:33:36 pm] Selenium_Wrapper.enterURL:(82) - Entering url :https://macu1--tst1.custhelp.com/AgentWeb/
[INFO ][27-Jul-2023 12:33:40 pm] Selenium_Wrapper.enterText:(311) - Entering Text :automation_testing in WebElement :[[ChromeDriver: chrome on WINDOWS (84e993945ba9e92dbdc71f0f44c5e092)] -> id: username]
[INFO ][27-Jul-2023 12:33:41 pm] Selenium_Wrapper.enterText:(311) - Entering Text :Welcome123 in WebElement :[[ChromeDriver: chrome on WINDOWS (84e993945ba9e92dbdc71f0f44c5e092)] -> id: password]
[INFO ][27-Jul-2023 12:33:58 pm] Selenium_Wrapper.click:(199) - Clicking on :[[ChromeDriver: chrome on WINDOWS (84e993945ba9e92dbdc71f0f44c5e092)] -> id: loginbutton]
[INFO ][27-Jul-2023 12:34:38 pm] Selenium_Wrapper.click:(199) - Clicking on :[[ChromeDriver: chrome on WINDOWS (84e993945ba9e92dbdc71f0f44c5e092)] -> id: navigationSetBtn]
[INFO ][27-Jul-2023 12:34:45 pm] Selenium_Wrapper.click:(199) - Clicking on :[[ChromeDriver: chrome on WINDOWS (84e993945ba9e92dbdc71f0f44c5e092)] -> xpath: (//div[text()='Analytics']//a)]
[INFO ][27-Jul-2023 12:34:50 pm] Selenium_Wrapper.click:(199) - Clicking on :[[ChromeDriver: chrome on WINDOWS (84e993945ba9e92dbdc71f0f44c5e092)] -> xpath: //span[text()='Reports Explorer']]
[ERROR][27-Jul-2023 12:34:55 pm] AnswerVotingFeedbackReport.testNavigateToAnwserVotingFeedBackReportlow:(118) - Navigate To Anwser Voting FeedBackReport testing un-successfull
[ERROR][27-Jul-2023 12:34:59 pm] Selenium_Wrapper.highlightWebElement:(417) - org.openqa.selenium.NoSuchElementException: no such element: Unable to locate element: {"method":"xpath","selector":"//div[@class='explorer-right-panel']//div[@class='explorer-data-grid']//span[text()='Feedback Admin Report']"}
  (Session info: chrome=115.0.5790.110)
For documentation on this error, please visit: https://www.seleniumhq.org/exceptions/no_such_element.html
Build info: version: '3.141.59', revision: 'e82be7d358', time: '2018-11-14T08:17:03'
System info: host: 'CAF-QA-SWAMYK', ip: '192.168.0.6', os.name: 'Windows 10', os.arch: 'amd64', os.version: '10.0', java.version: '17.0.5'
Driver info: org.openqa.selenium.chrome.ChromeDriver
Capabilities {acceptInsecureCerts: false, browserName: chrome, browserVersion: 115.0.5790.110, chrome: {chromedriverVersion: 114.0.5735.90 (386bc09e8f4f..., userDataDir: C:\Users\swamyk\AppData\Loc...}, goog:chromeOptions: {debuggerAddress: localhost:57892}, javascriptEnabled: true, networkConnectionEnabled: false, pageLoadStrategy: normal, platform: WINDOWS, platformName: WINDOWS, proxy: Proxy(), setWindowRect: true, strictFileInteractability: false, timeouts: {implicit: 0, pageLoad: 300000, script: 30000}, unhandledPromptBehavior: dismiss and notify, webauthn:extension:credBlob: true, webauthn:extension:largeBlob: true, webauthn:extension:minPinLength: true, webauthn:extension:prf: true, webauthn:virtualAuthenticators: true}
Session ID: 84e993945ba9e92dbdc71f0f44c5e092
*** Element info: {Using=xpath, value=//div[@class='explorer-right-panel']//div[@class='explorer-data-grid']//span[text()='Feedback Admin Report']}
[ERROR][27-Jul-2023 12:34:59 pm] Selenium_Wrapper.doubleClick:(273) - org.openqa.selenium.NoSuchElementException: no such element: Unable to locate element: {"method":"xpath","selector":"//div[@class='explorer-right-panel']//div[@class='explorer-data-grid']//span[text()='Feedback Admin Report']"}
  (Session info: chrome=115.0.5790.110)
For documentation on this error, please visit: https://www.seleniumhq.org/exceptions/no_such_element.html
Build info: version: '3.141.59', revision: 'e82be7d358', time: '2018-11-14T08:17:03'
System info: host: 'CAF-QA-SWAMYK', ip: '192.168.0.6', os.name: 'Windows 10', os.arch: 'amd64', os.version: '10.0', java.version: '17.0.5'
Driver info: org.openqa.selenium.chrome.ChromeDriver
Capabilities {acceptInsecureCerts: false, browserName: chrome, browserVersion: 115.0.5790.110, chrome: {chromedriverVersion: 114.0.5735.90 (386bc09e8f4f..., userDataDir: C:\Users\swamyk\AppData\Loc...}, goog:chromeOptions: {debuggerAddress: localhost:57892}, javascriptEnabled: true, networkConnectionEnabled: false, pageLoadStrategy: normal, platform: WINDOWS, platformName: WINDOWS, proxy: Proxy(), setWindowRect: true, strictFileInteractability: false, timeouts: {implicit: 0, pageLoad: 300000, script: 30000}, unhandledPromptBehavior: dismiss and notify, webauthn:extension:credBlob: true, webauthn:extension:largeBlob: true, webauthn:extension:minPinLength: true, webauthn:extension:prf: true, webauthn:virtualAuthenticators: true}
Session ID: 84e993945ba9e92dbdc71f0f44c5e092
*** Element info: {Using=xpath, value=//div[@class='explorer-right-panel']//div[@class='explorer-data-grid']//span[text()='Feedback Admin Report']}
[ERROR][27-Jul-2023 12:34:59 pm] AnswerVotingFeedbackReport.testSelectingandGivingAnswerstoReportFlow:(170) - Selecting and Giving Asnwers to Report  un-successfull
[INFO ][27-Jul-2023 12:35:07 pm] Selenium_Wrapper.click:(199) - Clicking on :[[ChromeDriver: chrome on WINDOWS (84e993945ba9e92dbdc71f0f44c5e092)] -> xpath: //body//oj-avatar[@initials='[[userMenuLabel]]']]
[INFO ][27-Jul-2023 12:35:14 pm] Selenium_Wrapper.click:(199) - Clicking on :[[ChromeDriver: chrome on WINDOWS (84e993945ba9e92dbdc71f0f44c5e092)] -> xpath: //a//span[text()='Sign Out']]
[INFO ][27-Jul-2023 12:35:19 pm] Selenium_Wrapper.closeCurrentBrowser:(651) - Closing the current Browser
