[INFO ][08-Aug-2024 12:36:45 PM] Selenium_Wrapper.openBrowser:(54) - Opening chrome browser.
[INFO ][08-Aug-2024 12:36:55 PM] Selenium_Wrapper.enterURL:(88) - Entering url :https://macu1--tst1.custhelp.com/app/home
[INFO ][08-Aug-2024 12:36:59 PM] Selenium_Wrapper.enterText:(317) - Entering Text :swamyk in WebElement :[[ChromeDriver: chrome on WINDOWS (9d022c9705b6af540dc5272022479cf1)] -> id: rn_LoginForm_2_Username]
[INFO ][08-Aug-2024 12:37:01 PM] Selenium_Wrapper.enterText:(317) - Entering Text :Soft@123 in WebElement :[[ChromeDriver: chrome on WINDOWS (9d022c9705b6af540dc5272022479cf1)] -> id: rn_LoginForm_2_Password]
[INFO ][08-Aug-2024 12:37:05 PM] Selenium_Wrapper.click:(205) - Clicking on :[[ChromeDriver: chrome on WINDOWS (9d022c9705b6af540dc5272022479cf1)] -> id: rn_LoginForm_2_Submit]
[INFO ][08-Aug-2024 12:37:14 PM] Selenium_Wrapper.click:(205) - Clicking on :[[ChromeDriver: chrome on WINDOWS (9d022c9705b6af540dc5272022479cf1)] -> xpath: //input[@type='search']]
[INFO ][08-Aug-2024 12:37:15 PM] Selenium_Wrapper.enterText:(317) - Entering Text :Business Use Auto Loan in WebElement :[[ChromeDriver: chrome on WINDOWS (9d022c9705b6af540dc5272022479cf1)] -> xpath: //input[@type='search']]
[INFO ][08-Aug-2024 12:37:17 PM] Selenium_Wrapper.click:(205) - Clicking on :[[ChromeDriver: chrome on WINDOWS (9d022c9705b6af540dc5272022479cf1)] -> xpath: //input[@type='search']]
[INFO ][08-Aug-2024 12:37:32 PM] Selenium_Wrapper.click:(205) - Clicking on :[[ChromeDriver: chrome on WINDOWS (9d022c9705b6af540dc5272022479cf1)] -> xpath: (//div[@class='yui3-aclist-content']//li//li)[1]]
[INFO ][08-Aug-2024 12:37:39 PM] Selenium_Wrapper.click:(205) - Clicking on :[[ChromeDriver: chrome on WINDOWS (9d022c9705b6af540dc5272022479cf1)] -> xpath: (//div[@class='rn_SearchResultContent']//a)[1]]
[INFO ][08-Aug-2024 12:38:03 PM] Selenium_Wrapper.click:(205) - Clicking on :[[ChromeDriver: chrome on WINDOWS (9d022c9705b6af540dc5272022479cf1)] -> xpath: //button[@class='rn_RecommendContentButton p-0']]
[INFO ][08-Aug-2024 12:38:05 PM] Selenium_Wrapper.enterText:(317) - Entering Text :Test Improve, comments, updates in WebElement :[[ChromeDriver: chrome on WINDOWS (9d022c9705b6af540dc5272022479cf1)] -> id: rn_RequestUpdate_25_Description]
[INFO ][08-Aug-2024 12:38:07 PM] Selenium_Wrapper.click:(205) - Clicking on :[[ChromeDriver: chrome on WINDOWS (9d022c9705b6af540dc5272022479cf1)] -> xpath: //button[text()='Submit']]
[INFO ][08-Aug-2024 12:38:17 PM] Selenium_Wrapper.click:(205) - Clicking on :[[ChromeDriver: chrome on WINDOWS (9d022c9705b6af540dc5272022479cf1)] -> xpath: //div[@id='rnDialog2']//button[@type='button']]
[INFO ][08-Aug-2024 12:38:27 PM] Selenium_Wrapper.click:(205) - Clicking on :[[ChromeDriver: chrome on WINDOWS (9d022c9705b6af540dc5272022479cf1)] -> class name: knowledge]
[INFO ][08-Aug-2024 12:38:31 PM] Selenium_Wrapper.click:(205) - Clicking on :[[ChromeDriver: chrome on WINDOWS (9d022c9705b6af540dc5272022479cf1)] -> xpath: //div[@class='dropdown']]
[INFO ][08-Aug-2024 12:38:37 PM] Selenium_Wrapper.click:(205) - Clicking on :[[ChromeDriver: chrome on WINDOWS (9d022c9705b6af540dc5272022479cf1)] -> xpath: //a[text()='My Feedback']]
[INFO ][08-Aug-2024 12:38:38 PM] Selenium_Wrapper.enterText:(317) - Entering Text :Business Use Auto Loan in WebElement :[[ChromeDriver: chrome on WINDOWS (9d022c9705b6af540dc5272022479cf1)] -> xpath: //input[@placeholder='Search Your Feedback Report']]
[INFO ][08-Aug-2024 12:38:49 PM] Selenium_Wrapper.click:(205) - Clicking on :[[ChromeDriver: chrome on WINDOWS (9d022c9705b6af540dc5272022479cf1)] -> xpath: //div[@class='rn_SearchInput1 mt-3']//span[@class='btn-srch-icon']//i[@class='fa fa-search']]
[INFO ][08-Aug-2024 12:39:14 PM] Selenium_Wrapper.click:(205) - Clicking on :[[ChromeDriver: chrome on WINDOWS (9d022c9705b6af540dc5272022479cf1)] -> xpath: (//tbody[@class='yui3-datatable-data']//a)[1]]
[INFO ][08-Aug-2024 12:39:48 PM] Selenium_Wrapper.click:(205) - Clicking on :[[ChromeDriver: chrome on WINDOWS (9d022c9705b6af540dc5272022479cf1)] -> class name: knowledge]
[INFO ][08-Aug-2024 12:39:53 PM] Selenium_Wrapper.closeCurrentBrowser:(657) - Closing the current Browser
[INFO ][08-Aug-2024 12:39:54 PM] Selenium_Wrapper.openBrowser:(54) - Opening chrome browser.
[INFO ][08-Aug-2024 12:40:04 PM] Selenium_Wrapper.enterURL:(88) - Entering url :https://macu1--tst1.custhelp.com/AgentWeb/
[INFO ][08-Aug-2024 12:40:08 PM] Selenium_Wrapper.enterText:(317) - Entering Text :automation_testing in WebElement :[[ChromeDriver: chrome on WINDOWS (b1c4abb23c7ac0b5883a46088ac2d575)] -> id: username]
[INFO ][08-Aug-2024 12:40:09 PM] Selenium_Wrapper.enterText:(317) - Entering Text :Welcome123 in WebElement :[[ChromeDriver: chrome on WINDOWS (b1c4abb23c7ac0b5883a46088ac2d575)] -> id: password]
[INFO ][08-Aug-2024 12:40:20 PM] Selenium_Wrapper.click:(205) - Clicking on :[[ChromeDriver: chrome on WINDOWS (b1c4abb23c7ac0b5883a46088ac2d575)] -> id: loginbutton]
[INFO ][08-Aug-2024 12:40:58 PM] Selenium_Wrapper.click:(205) - Clicking on :[[ChromeDriver: chrome on WINDOWS (b1c4abb23c7ac0b5883a46088ac2d575)] -> id: navigationSetBtn]
[INFO ][08-Aug-2024 12:41:00 PM] Selenium_Wrapper.click:(205) - Clicking on :[[ChromeDriver: chrome on WINDOWS (b1c4abb23c7ac0b5883a46088ac2d575)] -> xpath: //div[text()='Analytics']]
[INFO ][08-Aug-2024 12:41:02 PM] Selenium_Wrapper.click:(205) - Clicking on :[[ChromeDriver: chrome on WINDOWS (b1c4abb23c7ac0b5883a46088ac2d575)] -> xpath: //span[text()='Reports Explorer']]
[INFO ][08-Aug-2024 12:41:04 PM] Selenium_Wrapper.click:(205) - Clicking on :[[ChromeDriver: chrome on WINDOWS (b1c4abb23c7ac0b5883a46088ac2d575)] -> xpath: //div[text()='Public Reports']]
[INFO ][08-Aug-2024 12:41:07 PM] Selenium_Wrapper.click:(205) - Clicking on :[[ChromeDriver: chrome on WINDOWS (b1c4abb23c7ac0b5883a46088ac2d575)] -> xpath: //div[text()='MACU CUSTOM REPORTS']]
[INFO ][08-Aug-2024 12:41:09 PM] Selenium_Wrapper.click:(205) - Clicking on :[[ChromeDriver: chrome on WINDOWS (b1c4abb23c7ac0b5883a46088ac2d575)] -> xpath: //div[text()='SoftClouds']]
[INFO ][08-Aug-2024 12:41:11 PM] Selenium_Wrapper.click:(205) - Clicking on :[[ChromeDriver: chrome on WINDOWS (b1c4abb23c7ac0b5883a46088ac2d575)] -> xpath: //div[text()='OKCS']]
[INFO ][08-Aug-2024 12:41:24 PM] Selenium_Wrapper.doubleClick:(286) - Double clicking on :[[ChromeDriver: chrome on WINDOWS (b1c4abb23c7ac0b5883a46088ac2d575)] -> xpath: //div[@class='explorer-right-panel']//div[@class='explorer-data-grid']//span[text()='Feedback Admin Report']]
[INFO ][08-Aug-2024 12:41:37 PM] Selenium_Wrapper.click:(205) - Clicking on :[[ChromeDriver: chrome on WINDOWS (b1c4abb23c7ac0b5883a46088ac2d575)] -> xpath: //div[@class='container wsx-flex']//div[@class='analyticsTopSection']//div[@class='select-box-root select-box-display-text-active']]
[INFO ][08-Aug-2024 12:41:39 PM] Selenium_Wrapper.click:(205) - Clicking on :[[ChromeDriver: chrome on WINDOWS (b1c4abb23c7ac0b5883a46088ac2d575)] -> xpath: (//span[text()='Search'])[2]]
[INFO ][08-Aug-2024 12:41:49 PM] Selenium_Wrapper.doubleClick:(286) - Double clicking on :[[ChromeDriver: chrome on WINDOWS (b1c4abb23c7ac0b5883a46088ac2d575)] -> xpath: //div[@class='container wsx-flex']//div[contains(@column-id,'2')][1]]
[INFO ][08-Aug-2024 12:41:59 PM] Selenium_Wrapper.click:(205) - Clicking on :[[ChromeDriver: chrome on WINDOWS (b1c4abb23c7ac0b5883a46088ac2d575)] -> xpath: //span[text()='Messages']]
[INFO ][08-Aug-2024 12:42:02 PM] Selenium_Wrapper.click:(205) - Clicking on :[[ChromeDriver: chrome on WINDOWS (b1c4abb23c7ac0b5883a46088ac2d575)] -> xpath: //div[contains(@class,'cke_wysiwyg_div ')]]
[INFO ][08-Aug-2024 12:42:03 PM] Selenium_Wrapper.enterText:(317) - Entering Text :It is working as per Expected in WebElement :[[ChromeDriver: chrome on WINDOWS (b1c4abb23c7ac0b5883a46088ac2d575)] -> xpath: //div[contains(@class,'cke_wysiwyg_div ')]]
[INFO ][08-Aug-2024 12:42:05 PM] Selenium_Wrapper.click:(205) - Clicking on :[[ChromeDriver: chrome on WINDOWS (b1c4abb23c7ac0b5883a46088ac2d575)] -> xpath: //div[@class='ws-toolbar-button-image bui-icon save-icon fa-lg']]
[INFO ][08-Aug-2024 12:42:07 PM] Selenium_Wrapper.click:(205) - Clicking on :[[ChromeDriver: chrome on WINDOWS (b1c4abb23c7ac0b5883a46088ac2d575)] -> xpath: //span[text()='Summary']]
[INFO ][08-Aug-2024 12:42:15 PM] Selenium_Wrapper.clickUsingActions:(255) - Clicking on :[[ChromeDriver: chrome on WINDOWS (b1c4abb23c7ac0b5883a46088ac2d575)] -> xpath: (//div[text()='Waiting'])[2]]
[INFO ][08-Aug-2024 12:42:19 PM] Selenium_Wrapper.click:(205) - Clicking on :[[ChromeDriver: chrome on WINDOWS (b1c4abb23c7ac0b5883a46088ac2d575)] -> xpath: (//div[@title='Solved'])[1]]
[INFO ][08-Aug-2024 12:42:23 PM] Selenium_Wrapper.click:(205) - Clicking on :[[ChromeDriver: chrome on WINDOWS (b1c4abb23c7ac0b5883a46088ac2d575)] -> xpath: //div[@class='ws-toolbar-button-image bui-icon save-icon fa-lg']]
[INFO ][08-Aug-2024 12:42:29 PM] Selenium_Wrapper.click:(205) - Clicking on :[[ChromeDriver: chrome on WINDOWS (b1c4abb23c7ac0b5883a46088ac2d575)] -> xpath: (//a[@class='closeButton'])[3]]
[INFO ][08-Aug-2024 12:42:34 PM] Selenium_Wrapper.click:(205) - Clicking on :[[ChromeDriver: chrome on WINDOWS (b1c4abb23c7ac0b5883a46088ac2d575)] -> xpath: (//a[@class='closeButton'])[2]]
[INFO ][08-Aug-2024 12:42:38 PM] Selenium_Wrapper.click:(205) - Clicking on :[[ChromeDriver: chrome on WINDOWS (b1c4abb23c7ac0b5883a46088ac2d575)] -> xpath: (//a[@class='closeButton'])[1]]
[INFO ][08-Aug-2024 12:42:50 PM] Selenium_Wrapper.click:(205) - Clicking on :[[ChromeDriver: chrome on WINDOWS (b1c4abb23c7ac0b5883a46088ac2d575)] -> xpath: //body//oj-avatar[@initials='[[userMenuLabel]]']]
[INFO ][08-Aug-2024 12:42:54 PM] Selenium_Wrapper.click:(205) - Clicking on :[[ChromeDriver: chrome on WINDOWS (b1c4abb23c7ac0b5883a46088ac2d575)] -> xpath: //a//span[text()='Sign Out']]
[INFO ][08-Aug-2024 12:43:03 PM] Selenium_Wrapper.click:(205) - Clicking on :[[ChromeDriver: chrome on WINDOWS (b1c4abb23c7ac0b5883a46088ac2d575)] -> xpath: //a[text()='Click here']]
[INFO ][08-Aug-2024 12:43:06 PM] Selenium_Wrapper.closeCurrentBrowser:(657) - Closing the current Browser
