[INFO ][28-Jul-2023 12:33:17 pm] Selenium_Wrapper.openBrowser:(48) - Opening chrome browser.
[INFO ][28-Jul-2023 12:33:20 pm] Selenium_Wrapper.enterURL:(82) - Entering url :https://macu1--tst1.custhelp.com/AgentWeb/
[INFO ][28-Jul-2023 12:33:24 pm] Selenium_Wrapper.enterText:(311) - Entering Text :automation_testing in WebElement :[[ChromeDriver: chrome on WINDOWS (49fb13e7fbf4ec5808c2d21fd4bba1a9)] -> id: username]
[INFO ][28-Jul-2023 12:33:25 pm] Selenium_Wrapper.enterText:(311) - Entering Text :Welcome123 in WebElement :[[ChromeDriver: chrome on WINDOWS (49fb13e7fbf4ec5808c2d21fd4bba1a9)] -> id: password]
[INFO ][28-Jul-2023 12:33:59 pm] Selenium_Wrapper.click:(199) - Clicking on :[[ChromeDriver: chrome on WINDOWS (49fb13e7fbf4ec5808c2d21fd4bba1a9)] -> id: loginbutton]
[INFO ][28-Jul-2023 12:34:23 pm] Selenium_Wrapper.click:(199) - Clicking on :[[ChromeDriver: chrome on WINDOWS (49fb13e7fbf4ec5808c2d21fd4bba1a9)] -> xpath: //oj-button[@id='navigationSetBtn']]
[INFO ][28-Jul-2023 12:34:32 pm] Selenium_Wrapper.click:(199) - Clicking on :[[ChromeDriver: chrome on WINDOWS (49fb13e7fbf4ec5808c2d21fd4bba1a9)] -> xpath: (//div[text()='Analytics']//a)]
[INFO ][28-Jul-2023 12:34:38 pm] Selenium_Wrapper.click:(199) - Clicking on :[[ChromeDriver: chrome on WINDOWS (49fb13e7fbf4ec5808c2d21fd4bba1a9)] -> xpath: //span[text()='Reports Explorer']]
[INFO ][28-Jul-2023 12:34:43 pm] Selenium_Wrapper.click:(199) - Clicking on :[[ChromeDriver: chrome on WINDOWS (49fb13e7fbf4ec5808c2d21fd4bba1a9)] -> xpath: //div[text()='Public Reports']]
[INFO ][28-Jul-2023 12:34:48 pm] Selenium_Wrapper.click:(199) - Clicking on :[[ChromeDriver: chrome on WINDOWS (49fb13e7fbf4ec5808c2d21fd4bba1a9)] -> xpath: //div[text()='MACU CUSTOM REPORTS']]
[INFO ][28-Jul-2023 12:34:54 pm] Selenium_Wrapper.click:(199) - Clicking on :[[ChromeDriver: chrome on WINDOWS (49fb13e7fbf4ec5808c2d21fd4bba1a9)] -> xpath: //div[text()='SoftClouds']]
[INFO ][28-Jul-2023 12:34:59 pm] Selenium_Wrapper.click:(199) - Clicking on :[[ChromeDriver: chrome on WINDOWS (49fb13e7fbf4ec5808c2d21fd4bba1a9)] -> xpath: //div[text()='OKCS']]
[INFO ][28-Jul-2023 12:35:07 pm] Selenium_Wrapper.doubleClick:(280) - Double clicking on :[[ChromeDriver: chrome on WINDOWS (49fb13e7fbf4ec5808c2d21fd4bba1a9)] -> xpath: //div[@class='explorer-right-panel']//div[@class='explorer-data-grid']//span[text()='Feedback Admin Report']]
[INFO ][28-Jul-2023 12:35:24 pm] Selenium_Wrapper.click:(199) - Clicking on :[[ChromeDriver: chrome on WINDOWS (49fb13e7fbf4ec5808c2d21fd4bba1a9)] -> xpath: //div[@class='container wsx-flex']//div[@class='analyticsTopSection']//div[@class='select-box-root select-box-display-text-active']]
[INFO ][28-Jul-2023 12:35:30 pm] Selenium_Wrapper.click:(199) - Clicking on :[[ChromeDriver: chrome on WINDOWS (49fb13e7fbf4ec5808c2d21fd4bba1a9)] -> xpath: (//span[text()='Search'])[2]]
[INFO ][28-Jul-2023 12:35:39 pm] Selenium_Wrapper.doubleClick:(280) - Double clicking on :[[ChromeDriver: chrome on WINDOWS (49fb13e7fbf4ec5808c2d21fd4bba1a9)] -> xpath: //div[@class='container wsx-flex']//div[contains(@column-id,'2')][1]]
[INFO ][28-Jul-2023 12:35:54 pm] Selenium_Wrapper.click:(199) - Clicking on :[[ChromeDriver: chrome on WINDOWS (49fb13e7fbf4ec5808c2d21fd4bba1a9)] -> xpath: //span[text()='Messages']]
[INFO ][28-Jul-2023 12:35:59 pm] Selenium_Wrapper.click:(199) - Clicking on :[[ChromeDriver: chrome on WINDOWS (49fb13e7fbf4ec5808c2d21fd4bba1a9)] -> xpath: //div[contains(@class,'cke_wysiwyg_div ')]]
[INFO ][28-Jul-2023 12:36:00 pm] Selenium_Wrapper.enterText:(311) - Entering Text :It is working as per Expected in WebElement :[[ChromeDriver: chrome on WINDOWS (49fb13e7fbf4ec5808c2d21fd4bba1a9)] -> xpath: //div[contains(@class,'cke_wysiwyg_div ')]]
[INFO ][28-Jul-2023 12:36:05 pm] Selenium_Wrapper.click:(199) - Clicking on :[[ChromeDriver: chrome on WINDOWS (49fb13e7fbf4ec5808c2d21fd4bba1a9)] -> xpath: //div[@class='ws-toolbar-button-image bui-icon save-icon fa-lg']]
[INFO ][28-Jul-2023 12:36:11 pm] Selenium_Wrapper.click:(199) - Clicking on :[[ChromeDriver: chrome on WINDOWS (49fb13e7fbf4ec5808c2d21fd4bba1a9)] -> xpath: //span[text()='Summary']]
[INFO ][28-Jul-2023 12:36:18 pm] Selenium_Wrapper.clickUsingActions:(249) - Clicking on :[[ChromeDriver: chrome on WINDOWS (49fb13e7fbf4ec5808c2d21fd4bba1a9)] -> xpath: //div[contains(@id,'Incident_Status')][@class='display-text']]
[INFO ][28-Jul-2023 12:36:26 pm] Selenium_Wrapper.click:(199) - Clicking on :[[ChromeDriver: chrome on WINDOWS (49fb13e7fbf4ec5808c2d21fd4bba1a9)] -> xpath: (//div[@title='Solved'])[1]]
[INFO ][28-Jul-2023 12:36:33 pm] Selenium_Wrapper.click:(199) - Clicking on :[[ChromeDriver: chrome on WINDOWS (49fb13e7fbf4ec5808c2d21fd4bba1a9)] -> xpath: //div[@class='ws-toolbar-button-image bui-icon save-icon fa-lg']]
[INFO ][28-Jul-2023 12:36:42 pm] Selenium_Wrapper.click:(199) - Clicking on :[[ChromeDriver: chrome on WINDOWS (49fb13e7fbf4ec5808c2d21fd4bba1a9)] -> xpath: (//a[@class='closeButton'])[3]]
[INFO ][28-Jul-2023 12:36:49 pm] Selenium_Wrapper.click:(199) - Clicking on :[[ChromeDriver: chrome on WINDOWS (49fb13e7fbf4ec5808c2d21fd4bba1a9)] -> xpath: (//a[@class='closeButton'])[2]]
[INFO ][28-Jul-2023 12:36:57 pm] Selenium_Wrapper.click:(199) - Clicking on :[[ChromeDriver: chrome on WINDOWS (49fb13e7fbf4ec5808c2d21fd4bba1a9)] -> xpath: (//a[@class='closeButton'])[1]]
[INFO ][28-Jul-2023 12:37:05 pm] Selenium_Wrapper.click:(199) - Clicking on :[[ChromeDriver: chrome on WINDOWS (49fb13e7fbf4ec5808c2d21fd4bba1a9)] -> xpath: //body//oj-avatar[@initials='[[userMenuLabel]]']]
[INFO ][28-Jul-2023 12:37:12 pm] Selenium_Wrapper.click:(199) - Clicking on :[[ChromeDriver: chrome on WINDOWS (49fb13e7fbf4ec5808c2d21fd4bba1a9)] -> xpath: //a//span[text()='Sign Out']]
[INFO ][28-Jul-2023 12:37:17 pm] Selenium_Wrapper.closeCurrentBrowser:(651) - Closing the current Browser
