[INFO ][04-Apr-2024 12:36:56 PM] Selenium_Wrapper.openBrowser:(54) - Opening chrome browser.
[INFO ][04-Apr-2024 12:37:04 PM] Selenium_Wrapper.enterURL:(88) - Entering url :https://macu1--tst1.custhelp.com/app/home
[INFO ][04-Apr-2024 12:37:08 PM] Selenium_Wrapper.enterText:(317) - Entering Text :swamyk in WebElement :[[ChromeDriver: chrome on WINDOWS (f99315fc47b0dfd7c20102b3ceb61dbe)] -> id: rn_LoginForm_2_Username]
[INFO ][04-Apr-2024 12:37:09 PM] Selenium_Wrapper.enterText:(317) - Entering Text :Soft@123 in WebElement :[[ChromeDriver: chrome on WINDOWS (f99315fc47b0dfd7c20102b3ceb61dbe)] -> id: rn_LoginForm_2_Password]
[INFO ][04-Apr-2024 12:37:13 PM] Selenium_Wrapper.click:(205) - Clicking on :[[ChromeDriver: chrome on WINDOWS (f99315fc47b0dfd7c20102b3ceb61dbe)] -> id: rn_LoginForm_2_Submit]
[INFO ][04-Apr-2024 12:37:20 PM] Selenium_Wrapper.click:(205) - Clicking on :[[ChromeDriver: chrome on WINDOWS (f99315fc47b0dfd7c20102b3ceb61dbe)] -> xpath: //input[@type='search']]
[INFO ][04-Apr-2024 12:37:21 PM] Selenium_Wrapper.enterText:(317) - Entering Text :Business Use Auto Loan in WebElement :[[ChromeDriver: chrome on WINDOWS (f99315fc47b0dfd7c20102b3ceb61dbe)] -> xpath: //input[@type='search']]
[INFO ][04-Apr-2024 12:37:31 PM] Selenium_Wrapper.click:(205) - Clicking on :[[ChromeDriver: chrome on WINDOWS (f99315fc47b0dfd7c20102b3ceb61dbe)] -> xpath: (//div[@class='yui3-aclist-content']//li//li)[1]]
[INFO ][04-Apr-2024 12:37:36 PM] Selenium_Wrapper.click:(205) - Clicking on :[[ChromeDriver: chrome on WINDOWS (f99315fc47b0dfd7c20102b3ceb61dbe)] -> xpath: (//div[@class='rn_SearchResultContent']//a)[1]]
[INFO ][04-Apr-2024 12:37:48 PM] Selenium_Wrapper.click:(205) - Clicking on :[[ChromeDriver: chrome on WINDOWS (f99315fc47b0dfd7c20102b3ceb61dbe)] -> xpath: //div[@class='main_image_div']//div[@class='thumbs_up_down'][2]]
[INFO ][04-Apr-2024 12:37:57 PM] Selenium_Wrapper.click:(205) - Clicking on :[[ChromeDriver: chrome on WINDOWS (f99315fc47b0dfd7c20102b3ceb61dbe)] -> xpath: //textarea[@class='rn_DocumentTextArea']]
[INFO ][04-Apr-2024 12:37:58 PM] Selenium_Wrapper.enterText:(317) - Entering Text :Flexible Work - ThumbDown Comments in WebElement :[[ChromeDriver: chrome on WINDOWS (f99315fc47b0dfd7c20102b3ceb61dbe)] -> xpath: //textarea[@class='rn_DocumentTextArea']]
[INFO ][04-Apr-2024 12:38:00 PM] Selenium_Wrapper.click:(205) - Clicking on :[[ChromeDriver: chrome on WINDOWS (f99315fc47b0dfd7c20102b3ceb61dbe)] -> xpath: //button[text()='SUBMIT']]
[INFO ][04-Apr-2024 12:38:02 PM] Selenium_Wrapper.click:(205) - Clicking on :[[ChromeDriver: chrome on WINDOWS (f99315fc47b0dfd7c20102b3ceb61dbe)] -> xpath: //button[@class='yui3-button yui3-button-close']]
[INFO ][04-Apr-2024 12:38:07 PM] Selenium_Wrapper.click:(205) - Clicking on :[[ChromeDriver: chrome on WINDOWS (f99315fc47b0dfd7c20102b3ceb61dbe)] -> xpath: //div[@class='dropdown']]
[INFO ][04-Apr-2024 12:38:12 PM] Selenium_Wrapper.click:(205) - Clicking on :[[ChromeDriver: chrome on WINDOWS (f99315fc47b0dfd7c20102b3ceb61dbe)] -> xpath: //a[text()='My Feedback']]
[INFO ][04-Apr-2024 12:38:34 PM] Selenium_Wrapper.click:(205) - Clicking on :[[ChromeDriver: chrome on WINDOWS (f99315fc47b0dfd7c20102b3ceb61dbe)] -> xpath: ((//table//tbody)[2]//a)[1]]
[INFO ][04-Apr-2024 12:38:59 PM] Selenium_Wrapper.click:(205) - Clicking on :[[ChromeDriver: chrome on WINDOWS (f99315fc47b0dfd7c20102b3ceb61dbe)] -> class name: knowledge]
[INFO ][04-Apr-2024 12:39:01 PM] Selenium_Wrapper.closeCurrentBrowser:(657) - Closing the current Browser
[INFO ][04-Apr-2024 12:39:07 PM] Selenium_Wrapper.openBrowser:(54) - Opening chrome browser.
[INFO ][04-Apr-2024 12:39:15 PM] Selenium_Wrapper.enterURL:(88) - Entering url :https://macu1--tst1.custhelp.com/AgentWeb/
[INFO ][04-Apr-2024 12:39:19 PM] Selenium_Wrapper.enterText:(317) - Entering Text :automation_testing in WebElement :[[ChromeDriver: chrome on WINDOWS (b3490418706d25b317586ae380a3351c)] -> id: username]
[INFO ][04-Apr-2024 12:39:20 PM] Selenium_Wrapper.enterText:(317) - Entering Text :Welcome123 in WebElement :[[ChromeDriver: chrome on WINDOWS (b3490418706d25b317586ae380a3351c)] -> id: password]
[INFO ][04-Apr-2024 12:39:28 PM] Selenium_Wrapper.click:(205) - Clicking on :[[ChromeDriver: chrome on WINDOWS (b3490418706d25b317586ae380a3351c)] -> id: loginbutton]
[INFO ][04-Apr-2024 12:40:00 PM] Selenium_Wrapper.click:(205) - Clicking on :[[ChromeDriver: chrome on WINDOWS (b3490418706d25b317586ae380a3351c)] -> id: navigationSetBtn]
[INFO ][04-Apr-2024 12:40:04 PM] Selenium_Wrapper.click:(205) - Clicking on :[[ChromeDriver: chrome on WINDOWS (b3490418706d25b317586ae380a3351c)] -> xpath: //div[text()='Analytics']]
[INFO ][04-Apr-2024 12:40:06 PM] Selenium_Wrapper.click:(205) - Clicking on :[[ChromeDriver: chrome on WINDOWS (b3490418706d25b317586ae380a3351c)] -> xpath: //span[text()='Reports Explorer']]
[INFO ][04-Apr-2024 12:40:09 PM] Selenium_Wrapper.click:(205) - Clicking on :[[ChromeDriver: chrome on WINDOWS (b3490418706d25b317586ae380a3351c)] -> xpath: //div[text()='Public Reports']]
[INFO ][04-Apr-2024 12:40:11 PM] Selenium_Wrapper.click:(205) - Clicking on :[[ChromeDriver: chrome on WINDOWS (b3490418706d25b317586ae380a3351c)] -> xpath: //div[text()='MACU CUSTOM REPORTS']]
[INFO ][04-Apr-2024 12:40:13 PM] Selenium_Wrapper.click:(205) - Clicking on :[[ChromeDriver: chrome on WINDOWS (b3490418706d25b317586ae380a3351c)] -> xpath: //div[text()='SoftClouds']]
[INFO ][04-Apr-2024 12:40:15 PM] Selenium_Wrapper.click:(205) - Clicking on :[[ChromeDriver: chrome on WINDOWS (b3490418706d25b317586ae380a3351c)] -> xpath: //div[text()='OKCS']]
[INFO ][04-Apr-2024 12:40:35 PM] Selenium_Wrapper.click:(205) - Clicking on :[[ChromeDriver: chrome on WINDOWS (b3490418706d25b317586ae380a3351c)] -> xpath: //div[@class='container wsx-flex']//div[@class='analyticsTopSection']//div[@class='select-box-root select-box-display-text-active']]
[INFO ][04-Apr-2024 12:40:37 PM] Selenium_Wrapper.click:(205) - Clicking on :[[ChromeDriver: chrome on WINDOWS (b3490418706d25b317586ae380a3351c)] -> xpath: (//span[text()='Search'])[2]]
[INFO ][04-Apr-2024 12:40:50 PM] Selenium_Wrapper.click:(205) - Clicking on :[[ChromeDriver: chrome on WINDOWS (b3490418706d25b317586ae380a3351c)] -> xpath: //span[text()='Messages']]
[INFO ][04-Apr-2024 12:40:52 PM] Selenium_Wrapper.click:(205) - Clicking on :[[ChromeDriver: chrome on WINDOWS (b3490418706d25b317586ae380a3351c)] -> xpath: //div[contains(@class,'cke_wysiwyg_div')]]
[INFO ][04-Apr-2024 12:40:56 PM] Selenium_Wrapper.enterText:(317) - Entering Text :It is working as per Expected in WebElement :[[ChromeDriver: chrome on WINDOWS (b3490418706d25b317586ae380a3351c)] -> xpath: //div[contains(@class,'cke_wysiwyg_div')]]
[INFO ][04-Apr-2024 12:40:58 PM] Selenium_Wrapper.click:(205) - Clicking on :[[ChromeDriver: chrome on WINDOWS (b3490418706d25b317586ae380a3351c)] -> xpath: //div[@class='ws-toolbar-button-image bui-icon save-icon fa-lg']]
[INFO ][04-Apr-2024 12:41:05 PM] Selenium_Wrapper.click:(205) - Clicking on :[[ChromeDriver: chrome on WINDOWS (b3490418706d25b317586ae380a3351c)] -> xpath: //span[text()='Summary']]
[INFO ][04-Apr-2024 12:41:12 PM] Selenium_Wrapper.click:(205) - Clicking on :[[ChromeDriver: chrome on WINDOWS (b3490418706d25b317586ae380a3351c)] -> xpath: ((//div[text()='Status'])[2]/following::*)[1]]
[INFO ][04-Apr-2024 12:41:17 PM] Selenium_Wrapper.click:(205) - Clicking on :[[ChromeDriver: chrome on WINDOWS (b3490418706d25b317586ae380a3351c)] -> xpath: (//div[@title='Solved'])[1]]
[INFO ][04-Apr-2024 12:41:21 PM] Selenium_Wrapper.click:(205) - Clicking on :[[ChromeDriver: chrome on WINDOWS (b3490418706d25b317586ae380a3351c)] -> xpath: //div[@class='ws-toolbar-button-image bui-icon save-icon fa-lg']]
[INFO ][04-Apr-2024 12:41:25 PM] Selenium_Wrapper.click:(205) - Clicking on :[[ChromeDriver: chrome on WINDOWS (b3490418706d25b317586ae380a3351c)] -> xpath: (//a[@class='closeButton'])[3]]
[INFO ][04-Apr-2024 12:41:29 PM] Selenium_Wrapper.click:(205) - Clicking on :[[ChromeDriver: chrome on WINDOWS (b3490418706d25b317586ae380a3351c)] -> xpath: //div[@class='ws-toolbar-button-image bui-icon fa-filter']]
[INFO ][04-Apr-2024 12:41:34 PM] Selenium_Wrapper.click:(205) - Clicking on :[[ChromeDriver: chrome on WINDOWS (b3490418706d25b317586ae380a3351c)] -> xpath: (//div[text()='Status']/following::*)[1]]
[INFO ][04-Apr-2024 12:41:38 PM] Selenium_Wrapper.click:(205) - Clicking on :[[ChromeDriver: chrome on WINDOWS (b3490418706d25b317586ae380a3351c)] -> xpath: (//div[@title='Solved'])[1]]
[INFO ][04-Apr-2024 12:41:42 PM] Selenium_Wrapper.click:(205) - Clicking on :[[ChromeDriver: chrome on WINDOWS (b3490418706d25b317586ae380a3351c)] -> xpath: (//span[text()='Search'])[2]]
[INFO ][04-Apr-2024 12:48:16 PM] Selenium_Wrapper.click:(205) - Clicking on :[[ChromeDriver: chrome on WINDOWS (b3490418706d25b317586ae380a3351c)] -> xpath: (//a[@class='closeButton'])[2]]
[INFO ][04-Apr-2024 12:48:20 PM] Selenium_Wrapper.click:(205) - Clicking on :[[ChromeDriver: chrome on WINDOWS (b3490418706d25b317586ae380a3351c)] -> xpath: (//a[@class='closeButton'])[1]]
[INFO ][04-Apr-2024 12:48:25 PM] Selenium_Wrapper.click:(205) - Clicking on :[[ChromeDriver: chrome on WINDOWS (b3490418706d25b317586ae380a3351c)] -> xpath: //body//oj-avatar[@initials='[[userMenuLabel]]']]
[INFO ][04-Apr-2024 12:48:30 PM] Selenium_Wrapper.click:(205) - Clicking on :[[ChromeDriver: chrome on WINDOWS (b3490418706d25b317586ae380a3351c)] -> xpath: //a//span[text()='Sign Out']]
[INFO ][04-Apr-2024 12:48:35 PM] Selenium_Wrapper.closeCurrentBrowser:(657) - Closing the current Browser
