[INFO ][06-Nov-2021 12:31:49 pm] Selenium_Wrapper.openBrowser:(48) - Opening chrome browser.
[INFO ][06-Nov-2021 12:31:57 pm] Selenium_Wrapper.enterURL:(82) - Entering url :https://macu1--tst.custhelp.com/app/home
[INFO ][06-Nov-2021 12:32:01 pm] Selenium_Wrapper.enterText:(311) - Entering Text :pramodk in WebElement :[[ChromeDriver: chrome on WINDOWS (98111cdf9c7ac630a8c28a457ddaf775)] -> id: rn_LoginForm_2_Username]
[INFO ][06-Nov-2021 12:32:03 pm] Selenium_Wrapper.enterText:(311) - Entering Text :Soft@123 in WebElement :[[ChromeDriver: chrome on WINDOWS (98111cdf9c7ac630a8c28a457ddaf775)] -> id: rn_LoginForm_2_Password]
[INFO ][06-Nov-2021 12:32:07 pm] Selenium_Wrapper.click:(199) - Clicking on :[[ChromeDriver: chrome on WINDOWS (98111cdf9c7ac630a8c28a457ddaf775)] -> id: rn_LoginForm_2_Submit]
[INFO ][06-Nov-2021 12:32:15 pm] Selenium_Wrapper.click:(199) - Clicking on :[[ChromeDriver: chrome on WINDOWS (98111cdf9c7ac630a8c28a457ddaf775)] -> xpath: //input[@type='search']]
[INFO ][06-Nov-2021 12:32:17 pm] Selenium_Wrapper.enterText:(311) - Entering Text :Flexible Work in WebElement :[[ChromeDriver: chrome on WINDOWS (98111cdf9c7ac630a8c28a457ddaf775)] -> xpath: //input[@type='search']]
[INFO ][06-Nov-2021 12:32:27 pm] Selenium_Wrapper.click:(199) - Clicking on :[[ChromeDriver: chrome on WINDOWS (98111cdf9c7ac630a8c28a457ddaf775)] -> xpath: //ul[@aria-label='Suggested Search']//li[normalize-space()='Flexible Work']]
[INFO ][06-Nov-2021 12:32:31 pm] Selenium_Wrapper.click:(199) - Clicking on :[[ChromeDriver: chrome on WINDOWS (98111cdf9c7ac630a8c28a457ddaf775)] -> xpath: //div[@class='rn_SearchResultContent']//a[text()='Flexible Work']]
[INFO ][06-Nov-2021 12:32:45 pm] Selenium_Wrapper.click:(199) - Clicking on :[[ChromeDriver: chrome on WINDOWS (98111cdf9c7ac630a8c28a457ddaf775)] -> xpath: //div[@class='main_image_div']//div[@class='thumbs_up_down'][2]]
[INFO ][06-Nov-2021 12:32:54 pm] Selenium_Wrapper.click:(199) - Clicking on :[[ChromeDriver: chrome on WINDOWS (98111cdf9c7ac630a8c28a457ddaf775)] -> id: rn_AnswerRating_3_22_FeedbackMessage]
[INFO ][06-Nov-2021 12:32:55 pm] Selenium_Wrapper.enterText:(311) - Entering Text :Flexible Work - ThumbDown Comments in WebElement :[[ChromeDriver: chrome on WINDOWS (98111cdf9c7ac630a8c28a457ddaf775)] -> id: rn_AnswerRating_3_22_FeedbackMessage]
[INFO ][06-Nov-2021 12:32:57 pm] Selenium_Wrapper.click:(199) - Clicking on :[[ChromeDriver: chrome on WINDOWS (98111cdf9c7ac630a8c28a457ddaf775)] -> xpath: //button[text()='SUBMIT']]
[INFO ][06-Nov-2021 12:33:00 pm] Selenium_Wrapper.click:(199) - Clicking on :[[ChromeDriver: chrome on WINDOWS (98111cdf9c7ac630a8c28a457ddaf775)] -> xpath: //button[@class='yui3-button yui3-button-close']]
[INFO ][06-Nov-2021 12:33:04 pm] Selenium_Wrapper.click:(199) - Clicking on :[[ChromeDriver: chrome on WINDOWS (98111cdf9c7ac630a8c28a457ddaf775)] -> xpath: //div[@class='dropdown']]
[INFO ][06-Nov-2021 12:33:10 pm] Selenium_Wrapper.click:(199) - Clicking on :[[ChromeDriver: chrome on WINDOWS (98111cdf9c7ac630a8c28a457ddaf775)] -> xpath: //a[text()='My Feedback']]
[INFO ][06-Nov-2021 12:33:31 pm] Selenium_Wrapper.click:(199) - Clicking on :[[ChromeDriver: chrome on WINDOWS (98111cdf9c7ac630a8c28a457ddaf775)] -> xpath: ((//table//tbody)[2]//a)[1]]
[INFO ][06-Nov-2021 12:33:49 pm] Selenium_Wrapper.click:(199) - Clicking on :[[ChromeDriver: chrome on WINDOWS (98111cdf9c7ac630a8c28a457ddaf775)] -> class name: knowledge]
[INFO ][06-Nov-2021 12:33:52 pm] Selenium_Wrapper.openBrowser:(48) - Opening chrome browser.
[INFO ][06-Nov-2021 12:34:02 pm] Selenium_Wrapper.enterURL:(82) - Entering url :https://macu1--tst.custhelp.com/AgentWeb/
[INFO ][06-Nov-2021 12:34:06 pm] Selenium_Wrapper.enterText:(311) - Entering Text :RNT_pramod in WebElement :[[ChromeDriver: chrome on WINDOWS (766c605e576117942d018fee536ee277)] -> id: username]
[INFO ][06-Nov-2021 12:34:07 pm] Selenium_Wrapper.enterText:(311) - Entering Text :Welcome123 in WebElement :[[ChromeDriver: chrome on WINDOWS (766c605e576117942d018fee536ee277)] -> id: password]
[INFO ][06-Nov-2021 12:34:38 pm] Selenium_Wrapper.click:(199) - Clicking on :[[ChromeDriver: chrome on WINDOWS (766c605e576117942d018fee536ee277)] -> id: loginbutton]
[INFO ][06-Nov-2021 12:34:43 pm] Selenium_Wrapper.click:(199) - Clicking on :[[ChromeDriver: chrome on WINDOWS (766c605e576117942d018fee536ee277)] -> xpath: (//span[@class='oj-button-icon oj-start navigator-icon oj-button-icon oj-start'])[1]]
[INFO ][06-Nov-2021 12:34:47 pm] Selenium_Wrapper.click:(199) - Clicking on :[[ChromeDriver: chrome on WINDOWS (766c605e576117942d018fee536ee277)] -> xpath: (//div[text()='Analytics']//a)]
[INFO ][06-Nov-2021 12:34:50 pm] Selenium_Wrapper.click:(199) - Clicking on :[[ChromeDriver: chrome on WINDOWS (766c605e576117942d018fee536ee277)] -> xpath: //span[text()='Reports Explorer']]
[ERROR][06-Nov-2021 12:34:52 pm] AnswerVotingFeedbackReport.testNavigateToAnwserVotingFeedBackReportlow:(122) - Navigate To Anwser Voting FeedBackReport testing un-successfull
[ERROR][06-Nov-2021 12:34:52 pm] AnswerVotingFeedbackReport.testSelectingandGivingAnswerstoReportFlow:(214) - Selecting and Giving Asnwers to Report  un-successfull
