[INFO ][04-Dec-2023 12:31:31 PM] Selenium_Wrapper.openBrowser:(48) - Opening chrome browser.
[INFO ][04-Dec-2023 12:31:38 PM] Selenium_Wrapper.enterURL:(82) - Entering url :https://macu1--tst1.custhelp.com/app/home
[INFO ][04-Dec-2023 12:31:43 PM] Selenium_Wrapper.enterText:(311) - Entering Text :swamyk in WebElement :[[ChromeDriver: chrome on WINDOWS (8dcb9b4f044957fa57c0d9fa2a7a7fe8)] -> id: rn_LoginForm_2_Username]
[INFO ][04-Dec-2023 12:31:44 PM] Selenium_Wrapper.enterText:(311) - Entering Text :Soft@123 in WebElement :[[ChromeDriver: chrome on WINDOWS (8dcb9b4f044957fa57c0d9fa2a7a7fe8)] -> id: rn_LoginForm_2_Password]
[INFO ][04-Dec-2023 12:31:51 PM] Selenium_Wrapper.click:(199) - Clicking on :[[ChromeDriver: chrome on WINDOWS (8dcb9b4f044957fa57c0d9fa2a7a7fe8)] -> id: rn_LoginForm_2_Submit]
[INFO ][04-Dec-2023 12:32:02 PM] Selenium_Wrapper.click:(199) - Clicking on :[[ChromeDriver: chrome on WINDOWS (8dcb9b4f044957fa57c0d9fa2a7a7fe8)] -> xpath: //input[@type='search']]
[INFO ][04-Dec-2023 12:32:04 PM] Selenium_Wrapper.enterText:(311) - Entering Text :Business Auto Loan - ALPS 1.0 in WebElement :[[ChromeDriver: chrome on WINDOWS (8dcb9b4f044957fa57c0d9fa2a7a7fe8)] -> xpath: //input[@type='search']]
[INFO ][04-Dec-2023 12:32:19 PM] Selenium_Wrapper.click:(199) - Clicking on :[[ChromeDriver: chrome on WINDOWS (8dcb9b4f044957fa57c0d9fa2a7a7fe8)] -> xpath: (//div[@class='yui3-aclist-content']//li//li)[1]]
[INFO ][04-Dec-2023 12:32:26 PM] Selenium_Wrapper.click:(199) - Clicking on :[[ChromeDriver: chrome on WINDOWS (8dcb9b4f044957fa57c0d9fa2a7a7fe8)] -> xpath: (//div[@class='rn_SearchResultContent']//a)[1]]
[INFO ][04-Dec-2023 12:32:49 PM] Selenium_Wrapper.click:(199) - Clicking on :[[ChromeDriver: chrome on WINDOWS (8dcb9b4f044957fa57c0d9fa2a7a7fe8)] -> xpath: //button[@class='rn_RecommendContentButton p-0']]
[INFO ][04-Dec-2023 12:32:51 PM] Selenium_Wrapper.enterText:(311) - Entering Text :Test Improve, comments, updates in WebElement :[[ChromeDriver: chrome on WINDOWS (8dcb9b4f044957fa57c0d9fa2a7a7fe8)] -> id: rn_RequestUpdate_25_Description]
[INFO ][04-Dec-2023 12:32:56 PM] Selenium_Wrapper.click:(199) - Clicking on :[[ChromeDriver: chrome on WINDOWS (8dcb9b4f044957fa57c0d9fa2a7a7fe8)] -> xpath: //button[text()='Submit']]
[INFO ][04-Dec-2023 12:33:09 PM] Selenium_Wrapper.click:(199) - Clicking on :[[ChromeDriver: chrome on WINDOWS (8dcb9b4f044957fa57c0d9fa2a7a7fe8)] -> xpath: //div[@id='rnDialog2']//button[@type='button']]
[INFO ][04-Dec-2023 12:33:27 PM] Selenium_Wrapper.click:(199) - Clicking on :[[ChromeDriver: chrome on WINDOWS (8dcb9b4f044957fa57c0d9fa2a7a7fe8)] -> class name: knowledge]
[INFO ][04-Dec-2023 12:33:35 PM] Selenium_Wrapper.click:(199) - Clicking on :[[ChromeDriver: chrome on WINDOWS (8dcb9b4f044957fa57c0d9fa2a7a7fe8)] -> xpath: //div[@class='dropdown']]
[INFO ][04-Dec-2023 12:33:43 PM] Selenium_Wrapper.click:(199) - Clicking on :[[ChromeDriver: chrome on WINDOWS (8dcb9b4f044957fa57c0d9fa2a7a7fe8)] -> xpath: //a[text()='My Feedback']]
[INFO ][04-Dec-2023 12:33:44 PM] Selenium_Wrapper.enterText:(311) - Entering Text :Business Auto Loan - ALPS 1.0 in WebElement :[[ChromeDriver: chrome on WINDOWS (8dcb9b4f044957fa57c0d9fa2a7a7fe8)] -> xpath: //input[@placeholder='Search Your Feedback Report']]
[INFO ][04-Dec-2023 12:33:58 PM] Selenium_Wrapper.click:(199) - Clicking on :[[ChromeDriver: chrome on WINDOWS (8dcb9b4f044957fa57c0d9fa2a7a7fe8)] -> xpath: //div[@class='rn_SearchInput1 mt-3']//span[@class='btn-srch-icon']//i[@class='fa fa-search']]
[INFO ][04-Dec-2023 12:34:24 PM] Selenium_Wrapper.click:(199) - Clicking on :[[ChromeDriver: chrome on WINDOWS (8dcb9b4f044957fa57c0d9fa2a7a7fe8)] -> xpath: (//tbody[@class='yui3-datatable-data']//a)[1]]
[INFO ][04-Dec-2023 12:35:04 PM] Selenium_Wrapper.click:(199) - Clicking on :[[ChromeDriver: chrome on WINDOWS (8dcb9b4f044957fa57c0d9fa2a7a7fe8)] -> class name: knowledge]
[INFO ][04-Dec-2023 12:35:09 PM] Selenium_Wrapper.closeCurrentBrowser:(651) - Closing the current Browser
[INFO ][04-Dec-2023 12:35:10 PM] Selenium_Wrapper.openBrowser:(48) - Opening chrome browser.
[INFO ][04-Dec-2023 12:35:19 PM] Selenium_Wrapper.enterURL:(82) - Entering url :https://macu1--tst1.custhelp.com/AgentWeb/
[INFO ][04-Dec-2023 12:35:23 PM] Selenium_Wrapper.enterText:(311) - Entering Text :automation_testing in WebElement :[[ChromeDriver: chrome on WINDOWS (5607729b8961142aac05d6d6e668acb6)] -> id: username]
[INFO ][04-Dec-2023 12:35:24 PM] Selenium_Wrapper.enterText:(311) - Entering Text :Welcome123 in WebElement :[[ChromeDriver: chrome on WINDOWS (5607729b8961142aac05d6d6e668acb6)] -> id: password]
[INFO ][04-Dec-2023 12:35:39 PM] Selenium_Wrapper.click:(199) - Clicking on :[[ChromeDriver: chrome on WINDOWS (5607729b8961142aac05d6d6e668acb6)] -> id: loginbutton]
[INFO ][04-Dec-2023 12:36:19 PM] Selenium_Wrapper.click:(199) - Clicking on :[[ChromeDriver: chrome on WINDOWS (5607729b8961142aac05d6d6e668acb6)] -> id: navigationSetBtn]
[INFO ][04-Dec-2023 12:36:24 PM] Selenium_Wrapper.click:(199) - Clicking on :[[ChromeDriver: chrome on WINDOWS (5607729b8961142aac05d6d6e668acb6)] -> xpath: (//div[text()='Analytics']//a)]
[INFO ][04-Dec-2023 12:36:30 PM] Selenium_Wrapper.click:(199) - Clicking on :[[ChromeDriver: chrome on WINDOWS (5607729b8961142aac05d6d6e668acb6)] -> xpath: //span[text()='Reports Explorer']]
[INFO ][04-Dec-2023 12:36:35 PM] Selenium_Wrapper.click:(199) - Clicking on :[[ChromeDriver: chrome on WINDOWS (5607729b8961142aac05d6d6e668acb6)] -> xpath: //div[text()='Public Reports']]
[INFO ][04-Dec-2023 12:36:40 PM] Selenium_Wrapper.click:(199) - Clicking on :[[ChromeDriver: chrome on WINDOWS (5607729b8961142aac05d6d6e668acb6)] -> xpath: //div[text()='MACU CUSTOM REPORTS']]
[INFO ][04-Dec-2023 12:36:45 PM] Selenium_Wrapper.click:(199) - Clicking on :[[ChromeDriver: chrome on WINDOWS (5607729b8961142aac05d6d6e668acb6)] -> xpath: //div[text()='SoftClouds']]
[INFO ][04-Dec-2023 12:36:51 PM] Selenium_Wrapper.click:(199) - Clicking on :[[ChromeDriver: chrome on WINDOWS (5607729b8961142aac05d6d6e668acb6)] -> xpath: //div[text()='OKCS']]
[INFO ][04-Dec-2023 12:37:03 PM] Selenium_Wrapper.doubleClick:(280) - Double clicking on :[[ChromeDriver: chrome on WINDOWS (5607729b8961142aac05d6d6e668acb6)] -> xpath: //div[@class='explorer-right-panel']//div[@class='explorer-data-grid']//span[text()='Feedback Admin Report']]
[INFO ][04-Dec-2023 12:37:19 PM] Selenium_Wrapper.click:(199) - Clicking on :[[ChromeDriver: chrome on WINDOWS (5607729b8961142aac05d6d6e668acb6)] -> xpath: //div[@class='container wsx-flex']//div[@class='analyticsTopSection']//div[@class='select-box-root select-box-display-text-active']]
[INFO ][04-Dec-2023 12:37:24 PM] Selenium_Wrapper.click:(199) - Clicking on :[[ChromeDriver: chrome on WINDOWS (5607729b8961142aac05d6d6e668acb6)] -> xpath: (//span[text()='Search'])[2]]
[INFO ][04-Dec-2023 12:37:33 PM] Selenium_Wrapper.doubleClick:(280) - Double clicking on :[[ChromeDriver: chrome on WINDOWS (5607729b8961142aac05d6d6e668acb6)] -> xpath: //div[@class='container wsx-flex']//div[contains(@column-id,'2')][1]]
[INFO ][04-Dec-2023 12:37:47 PM] Selenium_Wrapper.click:(199) - Clicking on :[[ChromeDriver: chrome on WINDOWS (5607729b8961142aac05d6d6e668acb6)] -> xpath: //span[text()='Messages']]
[INFO ][04-Dec-2023 12:37:52 PM] Selenium_Wrapper.click:(199) - Clicking on :[[ChromeDriver: chrome on WINDOWS (5607729b8961142aac05d6d6e668acb6)] -> xpath: //div[contains(@class,'cke_wysiwyg_div ')]]
[INFO ][04-Dec-2023 12:37:53 PM] Selenium_Wrapper.enterText:(311) - Entering Text :It is working as per Expected in WebElement :[[ChromeDriver: chrome on WINDOWS (5607729b8961142aac05d6d6e668acb6)] -> xpath: //div[contains(@class,'cke_wysiwyg_div ')]]
[INFO ][04-Dec-2023 12:37:58 PM] Selenium_Wrapper.click:(199) - Clicking on :[[ChromeDriver: chrome on WINDOWS (5607729b8961142aac05d6d6e668acb6)] -> xpath: //div[@class='ws-toolbar-button-image bui-icon save-icon fa-lg']]
[INFO ][04-Dec-2023 12:38:04 PM] Selenium_Wrapper.click:(199) - Clicking on :[[ChromeDriver: chrome on WINDOWS (5607729b8961142aac05d6d6e668acb6)] -> xpath: //span[text()='Summary']]
[INFO ][04-Dec-2023 12:38:11 PM] Selenium_Wrapper.clickUsingActions:(249) - Clicking on :[[ChromeDriver: chrome on WINDOWS (5607729b8961142aac05d6d6e668acb6)] -> xpath: //div[contains(@id,'Incident_Status')][@class='display-text']]
[INFO ][04-Dec-2023 12:38:18 PM] Selenium_Wrapper.click:(199) - Clicking on :[[ChromeDriver: chrome on WINDOWS (5607729b8961142aac05d6d6e668acb6)] -> xpath: (//div[@title='Solved'])[1]]
[INFO ][04-Dec-2023 12:38:25 PM] Selenium_Wrapper.click:(199) - Clicking on :[[ChromeDriver: chrome on WINDOWS (5607729b8961142aac05d6d6e668acb6)] -> xpath: //div[@class='ws-toolbar-button-image bui-icon save-icon fa-lg']]
[INFO ][04-Dec-2023 12:38:34 PM] Selenium_Wrapper.click:(199) - Clicking on :[[ChromeDriver: chrome on WINDOWS (5607729b8961142aac05d6d6e668acb6)] -> xpath: (//a[@class='closeButton'])[3]]
[INFO ][04-Dec-2023 12:38:41 PM] Selenium_Wrapper.click:(199) - Clicking on :[[ChromeDriver: chrome on WINDOWS (5607729b8961142aac05d6d6e668acb6)] -> xpath: (//a[@class='closeButton'])[2]]
[INFO ][04-Dec-2023 12:38:48 PM] Selenium_Wrapper.click:(199) - Clicking on :[[ChromeDriver: chrome on WINDOWS (5607729b8961142aac05d6d6e668acb6)] -> xpath: (//a[@class='closeButton'])[1]]
[INFO ][04-Dec-2023 12:39:04 PM] Selenium_Wrapper.click:(199) - Clicking on :[[ChromeDriver: chrome on WINDOWS (5607729b8961142aac05d6d6e668acb6)] -> xpath: //body//oj-avatar[@initials='[[userMenuLabel]]']]
[INFO ][04-Dec-2023 12:39:11 PM] Selenium_Wrapper.click:(199) - Clicking on :[[ChromeDriver: chrome on WINDOWS (5607729b8961142aac05d6d6e668acb6)] -> xpath: //a//span[text()='Sign Out']]
[INFO ][04-Dec-2023 12:39:23 PM] Selenium_Wrapper.click:(199) - Clicking on :[[ChromeDriver: chrome on WINDOWS (5607729b8961142aac05d6d6e668acb6)] -> xpath: //a[text()='Click here']]
[INFO ][04-Dec-2023 12:39:26 PM] Selenium_Wrapper.closeCurrentBrowser:(651) - Closing the current Browser
