[INFO ][04-Dec-2023 12:40:36 PM] Selenium_Wrapper.openBrowser:(48) - Opening chrome browser.
[INFO ][04-Dec-2023 12:40:40 PM] Selenium_Wrapper.enterURL:(82) - Entering url :https://macu1--tst1.custhelp.com/AgentWeb/
[INFO ][04-Dec-2023 12:40:44 PM] Selenium_Wrapper.enterText:(311) - Entering Text :automation_testing in WebElement :[[ChromeDriver: chrome on WINDOWS (ce0841da25e7cf5942ad8d40c68340cd)] -> id: username]
[INFO ][04-Dec-2023 12:40:45 PM] Selenium_Wrapper.enterText:(311) - Entering Text :Welcome123 in WebElement :[[ChromeDriver: chrome on WINDOWS (ce0841da25e7cf5942ad8d40c68340cd)] -> id: password]
[INFO ][04-Dec-2023 12:41:21 PM] Selenium_Wrapper.click:(199) - Clicking on :[[ChromeDriver: chrome on WINDOWS (ce0841da25e7cf5942ad8d40c68340cd)] -> id: loginbutton]
[INFO ][04-Dec-2023 12:41:32 PM] Selenium_Wrapper.click:(199) - Clicking on :[[ChromeDriver: chrome on WINDOWS (ce0841da25e7cf5942ad8d40c68340cd)] -> id: navigationSetBtn]
[INFO ][04-Dec-2023 12:41:38 PM] Selenium_Wrapper.click:(199) - Clicking on :[[ChromeDriver: chrome on WINDOWS (ce0841da25e7cf5942ad8d40c68340cd)] -> xpath: (//div[text()='Configuration']//a)]
[INFO ][04-Dec-2023 12:41:43 PM] Selenium_Wrapper.click:(199) - Clicking on :[[ChromeDriver: chrome on WINDOWS (ce0841da25e7cf5942ad8d40c68340cd)] -> xpath: (//div[text()='Service']//a)]
[INFO ][04-Dec-2023 12:41:48 PM] Selenium_Wrapper.click:(199) - Clicking on :[[ChromeDriver: chrome on WINDOWS (ce0841da25e7cf5942ad8d40c68340cd)] -> xpath: (//div[text()='Knowledge Advanced']//a)]
[INFO ][04-Dec-2023 12:41:53 PM] Selenium_Wrapper.click:(199) - Clicking on :[[ChromeDriver: chrome on WINDOWS (ce0841da25e7cf5942ad8d40c68340cd)] -> xpath: //span[text()='Authoring']]
[INFO ][04-Dec-2023 12:42:07 PM] Selenium_Wrapper.click:(199) - Clicking on :[[ChromeDriver: chrome on WINDOWS (ce0841da25e7cf5942ad8d40c68340cd)] -> xpath: //div[@id='rntab']//ul//li[@testidentifier='MainNavBar_Content']//a]
[INFO ][04-Dec-2023 12:42:25 PM] Selenium_Wrapper.click:(199) - Clicking on :[[ChromeDriver: chrome on WINDOWS (ce0841da25e7cf5942ad8d40c68340cd)] -> xpath: //div[text()='Process']//following-sibling::a[@testidentifier='ContentNavBar_Add_Process']]
[INFO ][04-Dec-2023 12:42:27 PM] Selenium_Wrapper.enterText:(311) - Entering Text :TestingArticle in WebElement :[[ChromeDriver: chrome on WINDOWS (ce0841da25e7cf5942ad8d40c68340cd)] -> xpath: //input[@testidentifier='Content_ContentType_Add_SUMMARY']]
[INFO ][04-Dec-2023 12:42:29 PM] Selenium_Wrapper.enterText:(311) - Entering Text :Criticals in WebElement :[[ChromeDriver: chrome on WINDOWS (ce0841da25e7cf5942ad8d40c68340cd)] -> xpath: //input[@testidentifier='Content_ContentType_Add_KEYWORD']]
[INFO ][04-Dec-2023 12:42:36 PM] Selenium_Wrapper.click:(199) - Clicking on :[[ChromeDriver: chrome on WINDOWS (ce0841da25e7cf5942ad8d40c68340cd)] -> xpath: ((//span[@class='cke_bottom cke_reset_all'])[1]//preceding-sibling::*)[2]]
[INFO ][04-Dec-2023 12:42:41 PM] Selenium_Wrapper.enterText:(311) - Entering Text :contentinfo 'Reach out to your immediate supervisor with questions.' in WebElement :[[ChromeDriver: chrome on WINDOWS (ce0841da25e7cf5942ad8d40c68340cd)] -> xpath: //body[@class='cke_editable cke_editable_themed cke_contents_ltr cke_show_borders']]
[INFO ][04-Dec-2023 12:42:52 PM] Selenium_Wrapper.click:(199) - Clicking on :[[ChromeDriver: chrome on WINDOWS (ce0841da25e7cf5942ad8d40c68340cd)] -> xpath: ((//span[@class='cke_bottom cke_reset_all'])[2]//preceding-sibling::*)[2]]
[INFO ][04-Dec-2023 12:42:58 PM] Selenium_Wrapper.enterText:(311) - Entering Text :COVID-19 Update:  Find additional information on COVID-19 Branch & Service Center Operations\n * Vaccine\n * Similar to the flu shot, we encourage you to take a lunch hour or go after work if you choose to receive the vaccine.\n * You should be able to easily schedule a time to receive a vaccine. * Take PTO if an adverse reaction occurs. * Take PTO if an adverse reaction occurs * First URL of the pageArticle Link * Second URL of the page * Third URL of the page * The few documented cases of a stronger reaction indicate that the affects typically last one to two days. * Have an open conversation with your manager if other accommodations are necessary. * The cost of the vaccine is covered by insurance. * Mask Mandates * As the counties and health departments begin to relax their mask mandates, MACU will address this as follows: * The mask mandate requirement for team members will remain in place for the foreseeable future. * Mask guidance for members will follow State, County and Health department guidelines for those areas. * Personal Protection Equipment (PPE) * Order masks and other PArticle LinkPE by submitting a ServiceNow Facilities ticket. * Items available * Cotopaxi masks ($7 each) * Hand sanitizer * Gloves * Disposable masks * Sanitation wipes * Employee Resources * Mountain America is here for you! Check out these resources: * MACU Desktop Citrix ReceiverWorkspace Step-by-Step Surface Devices Step-by-Step * Microsoft Teams Step-by-Step * Multi-Factor Authentication (MFA) Step-by-Step * Remote Work Agreement * Setting up Your New Laptop * Surface Devices Step-by-Step in WebElement :[[ChromeDriver: chrome on WINDOWS (ce0841da25e7cf5942ad8d40c68340cd)] -> xpath: //body[@class='cke_editable cke_editable_themed cke_contents_ltr cke_show_borders']]
[INFO ][04-Dec-2023 12:43:06 PM] Selenium_Wrapper.click:(199) - Clicking on :[[ChromeDriver: chrome on WINDOWS (ce0841da25e7cf5942ad8d40c68340cd)] -> xpath: //span[text()='Jump To']]
[INFO ][04-Dec-2023 12:43:13 PM] Selenium_Wrapper.click:(199) - Clicking on :[[ChromeDriver: chrome on WINDOWS (ce0841da25e7cf5942ad8d40c68340cd)] -> xpath: (//a[@class='cke_button cke_button__image cke_button_off'])[3]]
[INFO ][04-Dec-2023 12:43:19 PM] Selenium_Wrapper.click:(199) - Clicking on :[[ChromeDriver: chrome on WINDOWS (ce0841da25e7cf5942ad8d40c68340cd)] -> xpath: (//span[text()='Browse Server'])[1]]
[INFO ][04-Dec-2023 12:43:39 PM] Selenium_Wrapper.click:(199) - Clicking on :[[ChromeDriver: chrome on WINDOWS (ce0841da25e7cf5942ad8d40c68340cd)] -> xpath: //a[text()='MACU_VIEW']]
[INFO ][04-Dec-2023 12:43:59 PM] Selenium_Wrapper.click:(199) - Clicking on :[[ChromeDriver: chrome on WINDOWS (ce0841da25e7cf5942ad8d40c68340cd)] -> xpath: //table//span[text()='OK']]
[INFO ][04-Dec-2023 12:44:13 PM] Selenium_Wrapper.click:(199) - Clicking on :[[ChromeDriver: chrome on WINDOWS (ce0841da25e7cf5942ad8d40c68340cd)] -> xpath: (//span[@class='cke_button_icon cke_button__addarticlelink_icon'])[4]]
[INFO ][04-Dec-2023 12:44:19 PM] Selenium_Wrapper.enterText:(311) - Entering Text :1000124 in WebElement :[[ChromeDriver: chrome on WINDOWS (ce0841da25e7cf5942ad8d40c68340cd)] -> xpath: (//div[text()='Article Link']//following::input)[3]]
[INFO ][04-Dec-2023 12:44:20 PM] Selenium_Wrapper.enterText:(311) - Entering Text :Article Link in WebElement :[[ChromeDriver: chrome on WINDOWS (ce0841da25e7cf5942ad8d40c68340cd)] -> xpath: (//div[text()='Article Link']//following::input)[5]]
[INFO ][04-Dec-2023 12:44:26 PM] Selenium_Wrapper.click:(199) - Clicking on :[[ChromeDriver: chrome on WINDOWS (ce0841da25e7cf5942ad8d40c68340cd)] -> xpath: (//div[@class='cke_dialog_body']//span[text()='OK'])[2]]
[INFO ][04-Dec-2023 12:44:32 PM] Selenium_Wrapper.click:(199) - Clicking on :[[ChromeDriver: chrome on WINDOWS (ce0841da25e7cf5942ad8d40c68340cd)] -> xpath: ((//span[@class='cke_bottom cke_reset_all'])[5]//preceding-sibling::*)[2]]
[INFO ][04-Dec-2023 12:44:36 PM] Selenium_Wrapper.enterText:(311) - Entering Text :BasicInfo - Remote Work * -Use the following resources when connecting to work applications remotely in WebElement :[[ChromeDriver: chrome on WINDOWS (ce0841da25e7cf5942ad8d40c68340cd)] -> xpath: //body[@class='cke_editable cke_editable_themed cke_contents_ltr cke_show_borders']]
[INFO ][04-Dec-2023 12:44:45 PM] Selenium_Wrapper.click:(199) - Clicking on :[[ChromeDriver: chrome on WINDOWS (ce0841da25e7cf5942ad8d40c68340cd)] -> xpath: ((//span[@class='cke_bottom cke_reset_all'])[6]//preceding-sibling::*)[2]]
[INFO ][04-Dec-2023 12:44:49 PM] Selenium_Wrapper.enterText:(311) - Entering Text :BasicContactInfo -Remote Work * -Use the following resources when connecting to work applications remotely * -Cisco Finesse Step-by-Step * -Cisco Jabber Step-by-Step * -Electronic Communication and Information Basic Info * -Extend Surface Device Battery Life Step-by-Step * -MACU Desktop Citrix ReceiverWorkspace Step-by-Step Surface Devices Step-by-Step * -Microsoft Teams Step-by-Step * -Multi-Factor Authentication (MFA) Step-by-Step * -Remote Work Agreement * -Setting up Your New Laptop * -Surface Devices Step-by-Step in WebElement :[[ChromeDriver: chrome on WINDOWS (ce0841da25e7cf5942ad8d40c68340cd)] -> xpath: //body[@class='cke_editable cke_editable_themed cke_contents_ltr cke_show_borders']]
[INFO ][04-Dec-2023 12:44:58 PM] Selenium_Wrapper.click:(199) - Clicking on :[[ChromeDriver: chrome on WINDOWS (ce0841da25e7cf5942ad8d40c68340cd)] -> xpath: ((//span[@class='cke_bottom cke_reset_all'])[7]//preceding-sibling::*)[2]]
[INFO ][04-Dec-2023 12:45:02 PM] Selenium_Wrapper.enterText:(311) - Entering Text :Steps- Employee Resources in WebElement :[[ChromeDriver: chrome on WINDOWS (ce0841da25e7cf5942ad8d40c68340cd)] -> xpath: //body[@class='cke_editable cke_editable_themed cke_contents_ltr cke_show_borders']]
[INFO ][04-Dec-2023 12:45:11 PM] Selenium_Wrapper.click:(199) - Clicking on :[[ChromeDriver: chrome on WINDOWS (ce0841da25e7cf5942ad8d40c68340cd)] -> xpath: ((//span[@class='cke_bottom cke_reset_all'])[8]//preceding-sibling::*)[2]]
[INFO ][04-Dec-2023 12:45:15 PM] Selenium_Wrapper.enterText:(311) - Entering Text :StepsContactInfo - Mountain America is here for you! Check out these resources: * Report COVID-19 in the Workplace * Contact Tracing for COVID-19 * COVID-19 Pay Options * Corporate FSR * Employee Assistance Program (EAP) * Employee Loans * Infectious Disease * MACU Facility Standards * Mountain America Center Meetings & Events * Medical Leave of Absence * Personal Time Off (PTO) * Tanner Meetings & Events * Thrive Clinic * The CareATC Patient Access Center is currently performing all appointment scheduling activities. Our clinics are not currently accepting walk-in or self-scheduled patients. To schedule an appointment, contact the clinic 800-993-8244. * Thrive Fitness Centers * Travel Pay *Traveling Branch Employees in WebElement :[[ChromeDriver: chrome on WINDOWS (ce0841da25e7cf5942ad8d40c68340cd)] -> xpath: //body[@class='cke_editable cke_editable_themed cke_contents_ltr cke_show_borders']]
[INFO ][04-Dec-2023 12:45:23 PM] Selenium_Wrapper.click:(199) - Clicking on :[[ChromeDriver: chrome on WINDOWS (ce0841da25e7cf5942ad8d40c68340cd)] -> xpath: ((//span[@class='cke_bottom cke_reset_all'])[9]//preceding-sibling::*)[2]]
[INFO ][04-Dec-2023 12:45:28 PM] Selenium_Wrapper.enterText:(311) - Entering Text :Forms_Resources - Mask Mandates in WebElement :[[ChromeDriver: chrome on WINDOWS (ce0841da25e7cf5942ad8d40c68340cd)] -> xpath: //body[@class='cke_editable cke_editable_themed cke_contents_ltr cke_show_borders']]
[INFO ][04-Dec-2023 12:45:36 PM] Selenium_Wrapper.click:(199) - Clicking on :[[ChromeDriver: chrome on WINDOWS (ce0841da25e7cf5942ad8d40c68340cd)] -> xpath: ((//span[@class='cke_bottom cke_reset_all'])[10]//preceding-sibling::*)[2]]
[INFO ][04-Dec-2023 12:45:44 PM] Selenium_Wrapper.enterText:(311) - Entering Text :Forms_Resources_Content- As the counties and health departments begin to relax their mask mandates, MACU will address this as follows: * The mask mandate requirement for team members will remain in place for the foreseeable future. * Mask guidance for members will follow State, County and Health department guidelines for those areas. in WebElement :[[ChromeDriver: chrome on WINDOWS (ce0841da25e7cf5942ad8d40c68340cd)] -> xpath: //body[@class='cke_editable cke_editable_themed cke_contents_ltr cke_show_borders']]
[INFO ][04-Dec-2023 12:45:53 PM] Selenium_Wrapper.click:(199) - Clicking on :[[ChromeDriver: chrome on WINDOWS (ce0841da25e7cf5942ad8d40c68340cd)] -> xpath: ((//span[@class='cke_bottom cke_reset_all'])[11]//preceding-sibling::*)[2]]
[INFO ][04-Dec-2023 12:45:59 PM] Selenium_Wrapper.enterText:(311) - Entering Text :SalesConnections-Sales Connections in WebElement :[[ChromeDriver: chrome on WINDOWS (ce0841da25e7cf5942ad8d40c68340cd)] -> xpath: //body[@class='cke_editable cke_editable_themed cke_contents_ltr cke_show_borders']]
[INFO ][04-Dec-2023 12:46:10 PM] Selenium_Wrapper.click:(199) - Clicking on :[[ChromeDriver: chrome on WINDOWS (ce0841da25e7cf5942ad8d40c68340cd)] -> xpath: //span[text()='Teams']//following::select//option[text()='Accounting & Finance']]
[INFO ][04-Dec-2023 12:46:15 PM] Selenium_Wrapper.click:(199) - Clicking on :[[ChromeDriver: chrome on WINDOWS (ce0841da25e7cf5942ad8d40c68340cd)] -> xpath: //span[text()='Compliance']//preceding-sibling::input]
[INFO ][04-Dec-2023 12:46:21 PM] Selenium_Wrapper.click:(199) - Clicking on :[[ChromeDriver: chrome on WINDOWS (ce0841da25e7cf5942ad8d40c68340cd)] -> xpath: //span[text()='No ']//preceding-sibling::input]
[INFO ][04-Dec-2023 12:46:26 PM] Selenium_Wrapper.click:(199) - Clicking on :[[ChromeDriver: chrome on WINDOWS (ce0841da25e7cf5942ad8d40c68340cd)] -> xpath: ((//span[@class='cke_bottom cke_reset_all'])[12]//preceding-sibling::*)[2]]
[INFO ][04-Dec-2023 12:46:32 PM] Selenium_Wrapper.enterText:(311) - Entering Text :SalesConnectionsContent- As the counties and health departments begin to relax their mask mandates, MACU will address this as follows: * The mask mandate requirement for team members will remain in place for the foreseeable future. * Mask guidance for members will follow State, County and Health department guidelines for those areas. in WebElement :[[ChromeDriver: chrome on WINDOWS (ce0841da25e7cf5942ad8d40c68340cd)] -> xpath: //body[@class='cke_editable cke_editable_themed cke_contents_ltr cke_show_borders']]
[INFO ][04-Dec-2023 12:46:41 PM] Selenium_Wrapper.click:(199) - Clicking on :[[ChromeDriver: chrome on WINDOWS (ce0841da25e7cf5942ad8d40c68340cd)] -> xpath: //span[text()='Major Change']//preceding-sibling::input]
[INFO ][04-Dec-2023 12:46:46 PM] Selenium_Wrapper.click:(199) - Clicking on :[[ChromeDriver: chrome on WINDOWS (ce0841da25e7cf5942ad8d40c68340cd)] -> xpath: //span[text()='Corporate/Branch/Service Center']//following::select//option[text()='Service Center']]
[INFO ][04-Dec-2023 12:46:52 PM] Selenium_Wrapper.click:(199) - Clicking on :[[ChromeDriver: chrome on WINDOWS (ce0841da25e7cf5942ad8d40c68340cd)] -> xpath: //span[text()='Department']//following::select//option[text()='0004 SEG Development Team']]
[INFO ][04-Dec-2023 12:46:57 PM] Selenium_Wrapper.click:(199) - Clicking on :[[ChromeDriver: chrome on WINDOWS (ce0841da25e7cf5942ad8d40c68340cd)] -> xpath: //span[text()='Manager Level']//following::select//option[text()='Assistant Manager']]
[INFO ][04-Dec-2023 12:47:02 PM] Selenium_Wrapper.click:(199) - Clicking on :[[ChromeDriver: chrome on WINDOWS (ce0841da25e7cf5942ad8d40c68340cd)] -> xpath: //span[contains(text(),'time with')]//following::select//option[contains(text(),'1 Month ')]]
[INFO ][04-Dec-2023 12:47:07 PM] Selenium_Wrapper.click:(199) - Clicking on :[[ChromeDriver: chrome on WINDOWS (ce0841da25e7cf5942ad8d40c68340cd)] -> xpath: //span[contains(text(),'Branch Name')]//following::select//option[contains(text(),'Albuquerque - Golf Course Road Branch')]]
[INFO ][04-Dec-2023 12:47:12 PM] Selenium_Wrapper.click:(199) - Clicking on :[[ChromeDriver: chrome on WINDOWS (ce0841da25e7cf5942ad8d40c68340cd)] -> xpath: //span[contains(text(),'Branch Area')]//following::select//option[contains(text(),'Teton')]]
[INFO ][04-Dec-2023 12:47:18 PM] Selenium_Wrapper.click:(199) - Clicking on :[[ChromeDriver: chrome on WINDOWS (ce0841da25e7cf5942ad8d40c68340cd)] -> xpath: (//span[contains(text(),'Primary Tag')]//following::select//option[contains(text(),'AAA')])[1]]
[INFO ][04-Dec-2023 12:47:23 PM] Selenium_Wrapper.click:(199) - Clicking on :[[ChromeDriver: chrome on WINDOWS (ce0841da25e7cf5942ad8d40c68340cd)] -> xpath: (//span[contains(text(),'Primary Tag')]//following::select//option[contains(text(),'AAA')])[4]]
[INFO ][04-Dec-2023 12:47:28 PM] Selenium_Wrapper.click:(199) - Clicking on :[[ChromeDriver: chrome on WINDOWS (ce0841da25e7cf5942ad8d40c68340cd)] -> xpath: (//span[contains(text(),'Primary Tag')]//following::select//option[contains(text(),'AAA')])[6]]
[INFO ][04-Dec-2023 12:47:34 PM] Selenium_Wrapper.click:(199) - Clicking on :[[ChromeDriver: chrome on WINDOWS (ce0841da25e7cf5942ad8d40c68340cd)] -> xpath: //input[@testidentifier='ContentAttributes_RepoViewSelection']]
[INFO ][04-Dec-2023 12:47:40 PM] Selenium_Wrapper.click:(199) - Clicking on :[[ChromeDriver: chrome on WINDOWS (ce0841da25e7cf5942ad8d40c68340cd)] -> xpath: //div[@id='AVAIL']//tr//td//span[contains(text(),'AAA')]]
[INFO ][04-Dec-2023 12:47:50 PM] Selenium_Wrapper.click:(199) - Clicking on :[[ChromeDriver: chrome on WINDOWS (ce0841da25e7cf5942ad8d40c68340cd)] -> xpath: //div[@id='AVAIL']//tr//td//span[text()='Member Connect']]
[INFO ][04-Dec-2023 12:47:56 PM] Selenium_Wrapper.click:(199) - Clicking on :[[ChromeDriver: chrome on WINDOWS (ce0841da25e7cf5942ad8d40c68340cd)] -> xpath: //div[@id='AVAIL']//tr//td//span[text()='New Account Framework']]
[INFO ][04-Dec-2023 12:48:01 PM] Selenium_Wrapper.click:(199) - Clicking on :[[ChromeDriver: chrome on WINDOWS (ce0841da25e7cf5942ad8d40c68340cd)] -> xpath: //a[text()='Add']]
[INFO ][04-Dec-2023 12:48:07 PM] Selenium_Wrapper.click:(199) - Clicking on :[[ChromeDriver: chrome on WINDOWS (ce0841da25e7cf5942ad8d40c68340cd)] -> xpath: //select[@class='dropdown']]
[INFO ][04-Dec-2023 12:48:13 PM] Selenium_Wrapper.click:(199) - Clicking on :[[ChromeDriver: chrome on WINDOWS (ce0841da25e7cf5942ad8d40c68340cd)] -> xpath: //select[@class='dropdown']//option[text()='Search']]
[INFO ][04-Dec-2023 12:48:14 PM] Selenium_Wrapper.enterText:(311) - Entering Text :Business Accounts in WebElement :[[ChromeDriver: chrome on WINDOWS (ce0841da25e7cf5942ad8d40c68340cd)] -> xpath: //input[@value='Enter search string']]
[INFO ][04-Dec-2023 12:48:19 PM] Selenium_Wrapper.click:(199) - Clicking on :[[ChromeDriver: chrome on WINDOWS (ce0841da25e7cf5942ad8d40c68340cd)] -> xpath: //strong[text()='Business Accounts']]
[INFO ][04-Dec-2023 12:48:25 PM] Selenium_Wrapper.click:(199) - Clicking on :[[ChromeDriver: chrome on WINDOWS (ce0841da25e7cf5942ad8d40c68340cd)] -> xpath: //a[text()='Add']]
[INFO ][04-Dec-2023 12:48:31 PM] Selenium_Wrapper.click:(199) - Clicking on :[[ChromeDriver: chrome on WINDOWS (ce0841da25e7cf5942ad8d40c68340cd)] -> xpath: //span[text()='Asset Management']]
[INFO ][04-Dec-2023 12:48:36 PM] Selenium_Wrapper.click:(199) - Clicking on :[[ChromeDriver: chrome on WINDOWS (ce0841da25e7cf5942ad8d40c68340cd)] -> xpath: //a[text()='Add']]
[INFO ][04-Dec-2023 12:48:42 PM] Selenium_Wrapper.click:(199) - Clicking on :[[ChromeDriver: chrome on WINDOWS (ce0841da25e7cf5942ad8d40c68340cd)] -> xpath: //input[@name='notifySubscribers']]
[INFO ][04-Dec-2023 12:48:47 PM] Selenium_Wrapper.click:(199) - Clicking on :[[ChromeDriver: chrome on WINDOWS (ce0841da25e7cf5942ad8d40c68340cd)] -> xpath: //a[text()='Save Document']]
[INFO ][04-Dec-2023 12:49:14 PM] Selenium_Wrapper.click:(199) - Clicking on :[[ChromeDriver: chrome on WINDOWS (ce0841da25e7cf5942ad8d40c68340cd)] -> xpath: //a[text()='Approve']]
[INFO ][04-Dec-2023 12:49:25 PM] Selenium_Wrapper.click:(199) - Clicking on :[[ChromeDriver: chrome on WINDOWS (ce0841da25e7cf5942ad8d40c68340cd)] -> xpath: //a[text()='Approve']]
[INFO ][04-Dec-2023 12:49:35 PM] Selenium_Wrapper.click:(199) - Clicking on :[[ChromeDriver: chrome on WINDOWS (ce0841da25e7cf5942ad8d40c68340cd)] -> xpath: //a[text()='Approve']]
[ERROR][04-Dec-2023 12:49:40 PM] Selenium_Wrapper.highlightWebElement:(417) - org.openqa.selenium.NoSuchElementException: no such element: Unable to locate element: {"method":"xpath","selector":"//span[text()='Closed']"}
  (Session info: chrome=119.0.6045.200)
For documentation on this error, please visit: https://www.seleniumhq.org/exceptions/no_such_element.html
Build info: version: '3.141.59', revision: 'e82be7d358', time: '2018-11-14T08:17:03'
System info: host: 'DESKTOP-19CIHS2', ip: '192.168.0.5', os.name: 'Windows 10', os.arch: 'amd64', os.version: '10.0', java.version: '17.0.5'
Driver info: org.openqa.selenium.chrome.ChromeDriver
Capabilities {acceptInsecureCerts: false, browserName: chrome, browserVersion: 119.0.6045.200, chrome: {chromedriverVersion: 119.0.6045.105 (38c72552c5e..., userDataDir: C:\Users\swamyk\AppData\Loc...}, fedcm:accounts: true, goog:chromeOptions: {debuggerAddress: localhost:53479}, javascriptEnabled: true, networkConnectionEnabled: false, pageLoadStrategy: normal, platform: WINDOWS, platformName: WINDOWS, proxy: Proxy(), setWindowRect: true, strictFileInteractability: false, timeouts: {implicit: 0, pageLoad: 300000, script: 30000}, unhandledPromptBehavior: dismiss and notify, webauthn:extension:credBlob: true, webauthn:extension:largeBlob: true, webauthn:extension:minPinLength: true, webauthn:extension:prf: true, webauthn:virtualAuthenticators: true}
Session ID: ce0841da25e7cf5942ad8d40c68340cd
*** Element info: {Using=xpath, value=//span[text()='Closed']}
[INFO ][04-Dec-2023 12:50:11 PM] Selenium_Wrapper.click:(199) - Clicking on :[[ChromeDriver: chrome on WINDOWS (ce0841da25e7cf5942ad8d40c68340cd)] -> xpath: (//a[text()='Done'])[1]]
[INFO ][04-Dec-2023 12:50:22 PM] Selenium_Wrapper.click:(199) - Clicking on :[[ChromeDriver: chrome on WINDOWS (ce0841da25e7cf5942ad8d40c68340cd)] -> xpath: //a[@class='closeButton']]
[INFO ][04-Dec-2023 12:50:35 PM] Selenium_Wrapper.click:(199) - Clicking on :[[ChromeDriver: chrome on WINDOWS (ce0841da25e7cf5942ad8d40c68340cd)] -> xpath: //body//oj-avatar[@initials='[[userMenuLabel]]']]
[INFO ][04-Dec-2023 12:50:42 PM] Selenium_Wrapper.click:(199) - Clicking on :[[ChromeDriver: chrome on WINDOWS (ce0841da25e7cf5942ad8d40c68340cd)] -> xpath: //a//span[text()='Sign Out']]
[INFO ][04-Dec-2023 12:50:47 PM] Selenium_Wrapper.closeCurrentBrowser:(651) - Closing the current Browser
[INFO ][04-Dec-2023 12:50:48 PM] Selenium_Wrapper.openBrowser:(48) - Opening chrome browser.
[INFO ][04-Dec-2023 12:50:55 PM] Selenium_Wrapper.enterURL:(82) - Entering url :https://macu1--tst1.custhelp.com/app/home
[INFO ][04-Dec-2023 12:50:59 PM] Selenium_Wrapper.enterText:(311) - Entering Text :swamyk in WebElement :[[ChromeDriver: chrome on WINDOWS (22a1936e8a466650d294fc0251a3347e)] -> id: rn_LoginForm_2_Username]
[INFO ][04-Dec-2023 12:51:00 PM] Selenium_Wrapper.enterText:(311) - Entering Text :Soft@123 in WebElement :[[ChromeDriver: chrome on WINDOWS (22a1936e8a466650d294fc0251a3347e)] -> id: rn_LoginForm_2_Password]
[INFO ][04-Dec-2023 12:51:07 PM] Selenium_Wrapper.click:(199) - Clicking on :[[ChromeDriver: chrome on WINDOWS (22a1936e8a466650d294fc0251a3347e)] -> id: rn_LoginForm_2_Submit]
[INFO ][04-Dec-2023 12:51:31 PM] Selenium_Wrapper.closeCurrentBrowser:(651) - Closing the current Browser
