[INFO ][04-Apr-2024 12:49:45 PM] Selenium_Wrapper.openBrowser:(54) - Opening chrome browser.
[INFO ][04-Apr-2024 12:49:52 PM] Selenium_Wrapper.enterURL:(88) - Entering url :https://macu1--tst1.custhelp.com/app/home
[INFO ][04-Apr-2024 12:49:56 PM] Selenium_Wrapper.enterText:(317) - Entering Text :swamyk in WebElement :[[ChromeDriver: chrome on WINDOWS (db743d53329e5ef689dfe0d5a5b16380)] -> id: rn_LoginForm_2_Username]
[INFO ][04-Apr-2024 12:49:58 PM] Selenium_Wrapper.enterText:(317) - Entering Text :Soft@123 in WebElement :[[ChromeDriver: chrome on WINDOWS (db743d53329e5ef689dfe0d5a5b16380)] -> id: rn_LoginForm_2_Password]
[INFO ][04-Apr-2024 12:50:02 PM] Selenium_Wrapper.click:(205) - Clicking on :[[ChromeDriver: chrome on WINDOWS (db743d53329e5ef689dfe0d5a5b16380)] -> id: rn_LoginForm_2_Submit]
[INFO ][04-Apr-2024 12:50:07 PM] Selenium_Wrapper.click:(205) - Clicking on :[[ChromeDriver: chrome on WINDOWS (db743d53329e5ef689dfe0d5a5b16380)] -> xpath: //input[@type='search']]
[INFO ][04-Apr-2024 12:50:08 PM] Selenium_Wrapper.enterText:(317) - Entering Text :Business Use Auto Loan in WebElement :[[ChromeDriver: chrome on WINDOWS (db743d53329e5ef689dfe0d5a5b16380)] -> xpath: //input[@type='search']]
[INFO ][04-Apr-2024 12:50:20 PM] Selenium_Wrapper.click:(205) - Clicking on :[[ChromeDriver: chrome on WINDOWS (db743d53329e5ef689dfe0d5a5b16380)] -> xpath: (//div[@class='yui3-aclist-content']//li//li)[1]]
[INFO ][04-Apr-2024 12:50:24 PM] Selenium_Wrapper.click:(205) - Clicking on :[[ChromeDriver: chrome on WINDOWS (db743d53329e5ef689dfe0d5a5b16380)] -> xpath: (//div[@class='rn_SearchResultContent']//a)[1]]
[INFO ][04-Apr-2024 12:50:44 PM] Selenium_Wrapper.click:(205) - Clicking on :[[ChromeDriver: chrome on WINDOWS (db743d53329e5ef689dfe0d5a5b16380)] -> xpath: //button[@class='rn_RecommendContentButton p-0']]
[INFO ][04-Apr-2024 12:50:46 PM] Selenium_Wrapper.enterText:(317) - Entering Text :Test Improve, comments, updates in WebElement :[[ChromeDriver: chrome on WINDOWS (db743d53329e5ef689dfe0d5a5b16380)] -> id: rn_RequestUpdate_25_Description]
[INFO ][04-Apr-2024 12:50:48 PM] Selenium_Wrapper.click:(205) - Clicking on :[[ChromeDriver: chrome on WINDOWS (db743d53329e5ef689dfe0d5a5b16380)] -> xpath: //button[text()='Submit']]
[INFO ][04-Apr-2024 12:50:58 PM] Selenium_Wrapper.click:(205) - Clicking on :[[ChromeDriver: chrome on WINDOWS (db743d53329e5ef689dfe0d5a5b16380)] -> xpath: //div[@id='rnDialog2']//button[@type='button']]
[INFO ][04-Apr-2024 12:51:06 PM] Selenium_Wrapper.click:(205) - Clicking on :[[ChromeDriver: chrome on WINDOWS (db743d53329e5ef689dfe0d5a5b16380)] -> class name: knowledge]
[INFO ][04-Apr-2024 12:51:10 PM] Selenium_Wrapper.click:(205) - Clicking on :[[ChromeDriver: chrome on WINDOWS (db743d53329e5ef689dfe0d5a5b16380)] -> xpath: //div[@class='dropdown']]
[INFO ][04-Apr-2024 12:51:15 PM] Selenium_Wrapper.click:(205) - Clicking on :[[ChromeDriver: chrome on WINDOWS (db743d53329e5ef689dfe0d5a5b16380)] -> xpath: //a[text()='My Feedback']]
[INFO ][04-Apr-2024 12:51:16 PM] Selenium_Wrapper.enterText:(317) - Entering Text :Business Use Auto Loan in WebElement :[[ChromeDriver: chrome on WINDOWS (db743d53329e5ef689dfe0d5a5b16380)] -> xpath: //input[@placeholder='Search Your Feedback Report']]
[INFO ][04-Apr-2024 12:51:27 PM] Selenium_Wrapper.click:(205) - Clicking on :[[ChromeDriver: chrome on WINDOWS (db743d53329e5ef689dfe0d5a5b16380)] -> xpath: //div[@class='rn_SearchInput1 mt-3']//span[@class='btn-srch-icon']//i[@class='fa fa-search']]
[INFO ][04-Apr-2024 12:51:50 PM] Selenium_Wrapper.click:(205) - Clicking on :[[ChromeDriver: chrome on WINDOWS (db743d53329e5ef689dfe0d5a5b16380)] -> xpath: (//tbody[@class='yui3-datatable-data']//a)[1]]
[INFO ][04-Apr-2024 12:52:19 PM] Selenium_Wrapper.click:(205) - Clicking on :[[ChromeDriver: chrome on WINDOWS (db743d53329e5ef689dfe0d5a5b16380)] -> class name: knowledge]
[INFO ][04-Apr-2024 12:52:24 PM] Selenium_Wrapper.closeCurrentBrowser:(657) - Closing the current Browser
[INFO ][04-Apr-2024 12:52:28 PM] Selenium_Wrapper.openBrowser:(54) - Opening chrome browser.
[INFO ][04-Apr-2024 12:52:36 PM] Selenium_Wrapper.enterURL:(88) - Entering url :https://macu1--tst1.custhelp.com/AgentWeb/
[INFO ][04-Apr-2024 12:52:41 PM] Selenium_Wrapper.enterText:(317) - Entering Text :automation_testing in WebElement :[[ChromeDriver: chrome on WINDOWS (a7945d5dfe2b0ac6d90b74d7853b3cc0)] -> id: username]
[INFO ][04-Apr-2024 12:52:42 PM] Selenium_Wrapper.enterText:(317) - Entering Text :Welcome123 in WebElement :[[ChromeDriver: chrome on WINDOWS (a7945d5dfe2b0ac6d90b74d7853b3cc0)] -> id: password]
[INFO ][04-Apr-2024 12:52:59 PM] Selenium_Wrapper.click:(205) - Clicking on :[[ChromeDriver: chrome on WINDOWS (a7945d5dfe2b0ac6d90b74d7853b3cc0)] -> id: loginbutton]
[INFO ][04-Apr-2024 12:53:36 PM] Selenium_Wrapper.click:(205) - Clicking on :[[ChromeDriver: chrome on WINDOWS (a7945d5dfe2b0ac6d90b74d7853b3cc0)] -> id: navigationSetBtn]
[INFO ][04-Apr-2024 12:53:38 PM] Selenium_Wrapper.click:(205) - Clicking on :[[ChromeDriver: chrome on WINDOWS (a7945d5dfe2b0ac6d90b74d7853b3cc0)] -> xpath: //div[text()='Analytics']]
[INFO ][04-Apr-2024 12:53:40 PM] Selenium_Wrapper.click:(205) - Clicking on :[[ChromeDriver: chrome on WINDOWS (a7945d5dfe2b0ac6d90b74d7853b3cc0)] -> xpath: //span[text()='Reports Explorer']]
[INFO ][04-Apr-2024 12:53:43 PM] Selenium_Wrapper.click:(205) - Clicking on :[[ChromeDriver: chrome on WINDOWS (a7945d5dfe2b0ac6d90b74d7853b3cc0)] -> xpath: //div[text()='Public Reports']]
[INFO ][04-Apr-2024 12:53:45 PM] Selenium_Wrapper.click:(205) - Clicking on :[[ChromeDriver: chrome on WINDOWS (a7945d5dfe2b0ac6d90b74d7853b3cc0)] -> xpath: //div[text()='MACU CUSTOM REPORTS']]
[INFO ][04-Apr-2024 12:53:47 PM] Selenium_Wrapper.click:(205) - Clicking on :[[ChromeDriver: chrome on WINDOWS (a7945d5dfe2b0ac6d90b74d7853b3cc0)] -> xpath: //div[text()='SoftClouds']]
[INFO ][04-Apr-2024 12:53:49 PM] Selenium_Wrapper.click:(205) - Clicking on :[[ChromeDriver: chrome on WINDOWS (a7945d5dfe2b0ac6d90b74d7853b3cc0)] -> xpath: //div[text()='OKCS']]
[INFO ][04-Apr-2024 12:54:01 PM] Selenium_Wrapper.doubleClick:(286) - Double clicking on :[[ChromeDriver: chrome on WINDOWS (a7945d5dfe2b0ac6d90b74d7853b3cc0)] -> xpath: //div[@class='explorer-right-panel']//div[@class='explorer-data-grid']//span[text()='Feedback Admin Report']]
[INFO ][04-Apr-2024 12:54:14 PM] Selenium_Wrapper.click:(205) - Clicking on :[[ChromeDriver: chrome on WINDOWS (a7945d5dfe2b0ac6d90b74d7853b3cc0)] -> xpath: //div[@class='container wsx-flex']//div[@class='analyticsTopSection']//div[@class='select-box-root select-box-display-text-active']]
[INFO ][04-Apr-2024 12:54:17 PM] Selenium_Wrapper.click:(205) - Clicking on :[[ChromeDriver: chrome on WINDOWS (a7945d5dfe2b0ac6d90b74d7853b3cc0)] -> xpath: (//span[text()='Search'])[2]]
[INFO ][04-Apr-2024 12:54:26 PM] Selenium_Wrapper.doubleClick:(286) - Double clicking on :[[ChromeDriver: chrome on WINDOWS (a7945d5dfe2b0ac6d90b74d7853b3cc0)] -> xpath: //div[@class='container wsx-flex']//div[contains(@column-id,'2')][1]]
[INFO ][04-Apr-2024 12:54:37 PM] Selenium_Wrapper.click:(205) - Clicking on :[[ChromeDriver: chrome on WINDOWS (a7945d5dfe2b0ac6d90b74d7853b3cc0)] -> xpath: //span[text()='Messages']]
[INFO ][04-Apr-2024 12:54:39 PM] Selenium_Wrapper.click:(205) - Clicking on :[[ChromeDriver: chrome on WINDOWS (a7945d5dfe2b0ac6d90b74d7853b3cc0)] -> xpath: //div[contains(@class,'cke_wysiwyg_div ')]]
[INFO ][04-Apr-2024 12:54:41 PM] Selenium_Wrapper.enterText:(317) - Entering Text :It is working as per Expected in WebElement :[[ChromeDriver: chrome on WINDOWS (a7945d5dfe2b0ac6d90b74d7853b3cc0)] -> xpath: //div[contains(@class,'cke_wysiwyg_div ')]]
[INFO ][04-Apr-2024 12:54:43 PM] Selenium_Wrapper.click:(205) - Clicking on :[[ChromeDriver: chrome on WINDOWS (a7945d5dfe2b0ac6d90b74d7853b3cc0)] -> xpath: //div[@class='ws-toolbar-button-image bui-icon save-icon fa-lg']]
[INFO ][04-Apr-2024 12:54:45 PM] Selenium_Wrapper.click:(205) - Clicking on :[[ChromeDriver: chrome on WINDOWS (a7945d5dfe2b0ac6d90b74d7853b3cc0)] -> xpath: //span[text()='Summary']]
[INFO ][04-Apr-2024 12:54:52 PM] Selenium_Wrapper.clickUsingActions:(255) - Clicking on :[[ChromeDriver: chrome on WINDOWS (a7945d5dfe2b0ac6d90b74d7853b3cc0)] -> xpath: //div[contains(@id,'Incident_Status')][@class='display-text']]
[INFO ][04-Apr-2024 12:54:56 PM] Selenium_Wrapper.click:(205) - Clicking on :[[ChromeDriver: chrome on WINDOWS (a7945d5dfe2b0ac6d90b74d7853b3cc0)] -> xpath: (//div[@title='Solved'])[1]]
[INFO ][04-Apr-2024 12:55:00 PM] Selenium_Wrapper.click:(205) - Clicking on :[[ChromeDriver: chrome on WINDOWS (a7945d5dfe2b0ac6d90b74d7853b3cc0)] -> xpath: //div[@class='ws-toolbar-button-image bui-icon save-icon fa-lg']]
[INFO ][04-Apr-2024 12:55:07 PM] Selenium_Wrapper.click:(205) - Clicking on :[[ChromeDriver: chrome on WINDOWS (a7945d5dfe2b0ac6d90b74d7853b3cc0)] -> xpath: (//a[@class='closeButton'])[3]]
[INFO ][04-Apr-2024 12:55:11 PM] Selenium_Wrapper.click:(205) - Clicking on :[[ChromeDriver: chrome on WINDOWS (a7945d5dfe2b0ac6d90b74d7853b3cc0)] -> xpath: (//a[@class='closeButton'])[2]]
[INFO ][04-Apr-2024 12:55:15 PM] Selenium_Wrapper.click:(205) - Clicking on :[[ChromeDriver: chrome on WINDOWS (a7945d5dfe2b0ac6d90b74d7853b3cc0)] -> xpath: (//a[@class='closeButton'])[1]]
[INFO ][04-Apr-2024 12:55:27 PM] Selenium_Wrapper.click:(205) - Clicking on :[[ChromeDriver: chrome on WINDOWS (a7945d5dfe2b0ac6d90b74d7853b3cc0)] -> xpath: //body//oj-avatar[@initials='[[userMenuLabel]]']]
[INFO ][04-Apr-2024 12:55:31 PM] Selenium_Wrapper.click:(205) - Clicking on :[[ChromeDriver: chrome on WINDOWS (a7945d5dfe2b0ac6d90b74d7853b3cc0)] -> xpath: //a//span[text()='Sign Out']]
[INFO ][04-Apr-2024 12:55:40 PM] Selenium_Wrapper.click:(205) - Clicking on :[[ChromeDriver: chrome on WINDOWS (a7945d5dfe2b0ac6d90b74d7853b3cc0)] -> xpath: //a[text()='Click here']]
[INFO ][04-Apr-2024 12:55:43 PM] Selenium_Wrapper.closeCurrentBrowser:(657) - Closing the current Browser
