[INFO ][24-Feb-2023 12:53:10 PM] Selenium_Wrapper.openBrowser:(48) - Opening chrome browser.
[INFO ][24-Feb-2023 12:53:14 PM] Selenium_Wrapper.enterURL:(82) - Entering url :https://macu1--upgrade.custhelp.com/AgentWeb/
[INFO ][24-Feb-2023 12:53:18 PM] Selenium_Wrapper.enterText:(311) - Entering Text :automation_testing in WebElement :[[ChromeDriver: chrome on WINDOWS (e7fdd784c7efd97a7654c9430c2cb768)] -> id: username]
[INFO ][24-Feb-2023 12:53:19 PM] Selenium_Wrapper.enterText:(311) - Entering Text :Welcome123 in WebElement :[[ChromeDriver: chrome on WINDOWS (e7fdd784c7efd97a7654c9430c2cb768)] -> id: password]
[INFO ][24-Feb-2023 12:53:33 PM] Selenium_Wrapper.click:(199) - Clicking on :[[ChromeDriver: chrome on WINDOWS (e7fdd784c7efd97a7654c9430c2cb768)] -> id: loginbutton]
[INFO ][24-Feb-2023 12:53:58 PM] Selenium_Wrapper.click:(199) - Clicking on :[[ChromeDriver: chrome on WINDOWS (e7fdd784c7efd97a7654c9430c2cb768)] -> xpath: //oj-button[@id='navigationSetBtn']]
[INFO ][24-Feb-2023 12:54:05 PM] Selenium_Wrapper.click:(199) - Clicking on :[[ChromeDriver: chrome on WINDOWS (e7fdd784c7efd97a7654c9430c2cb768)] -> xpath: //div[@id='displayNavigationSet']//div[@automationid='Analytics']]
[INFO ][24-Feb-2023 12:54:16 PM] Selenium_Wrapper.click:(199) - Clicking on :[[ChromeDriver: chrome on WINDOWS (e7fdd784c7efd97a7654c9430c2cb768)] -> xpath: //div[@automationid='Analytics_Reports Explorer']//span[text()='Reports Explorer']]
[INFO ][24-Feb-2023 12:54:30 PM] Selenium_Wrapper.click:(199) - Clicking on :[[ChromeDriver: chrome on WINDOWS (e7fdd784c7efd97a7654c9430c2cb768)] -> xpath: //div[@aria-label='Public Reports'][text()='Public Reports']]
[INFO ][24-Feb-2023 12:54:35 PM] Selenium_Wrapper.click:(199) - Clicking on :[[ChromeDriver: chrome on WINDOWS (e7fdd784c7efd97a7654c9430c2cb768)] -> xpath: //div[@aria-label='MACU CUSTOM REPORTS'][text()='MACU CUSTOM REPORTS']]
[INFO ][24-Feb-2023 12:54:40 PM] Selenium_Wrapper.click:(199) - Clicking on :[[ChromeDriver: chrome on WINDOWS (e7fdd784c7efd97a7654c9430c2cb768)] -> xpath: //div[@aria-label='SoftClouds'][text()='SoftClouds']]
[INFO ][24-Feb-2023 12:54:53 PM] Selenium_Wrapper.click:(199) - Clicking on :[[ChromeDriver: chrome on WINDOWS (e7fdd784c7efd97a7654c9430c2cb768)] -> xpath: //div[contains(@id,'ExplorerFolderAnalyticsFolder103223')]//div[@aria-label='OKCS'][text()='OKCS']]
[INFO ][24-Feb-2023 12:55:01 PM] Selenium_Wrapper.doubleClick:(280) - Double clicking on :[[ChromeDriver: chrome on WINDOWS (e7fdd784c7efd97a7654c9430c2cb768)] -> xpath: //div[@class='explorer-right-panel']//div[@class='explorer-data-grid']//span[text()='Feedback Admin Report']]
[INFO ][24-Feb-2023 12:55:17 PM] Selenium_Wrapper.click:(199) - Clicking on :[[ChromeDriver: chrome on WINDOWS (e7fdd784c7efd97a7654c9430c2cb768)] -> xpath: //div[@class='container wsx-flex']//div[@class='analyticsTopSection']//div[@class='select-box-root select-box-display-text-active']]
[INFO ][24-Feb-2023 12:55:22 PM] Selenium_Wrapper.click:(199) - Clicking on :[[ChromeDriver: chrome on WINDOWS (e7fdd784c7efd97a7654c9430c2cb768)] -> xpath: //input[@aria-label='From']]
[INFO ][24-Feb-2023 12:55:23 PM] Selenium_Wrapper.clearTextBox:(295) - Cleared TextBox Field: [[ChromeDriver: chrome on WINDOWS (e7fdd784c7efd97a7654c9430c2cb768)] -> xpath: //input[@aria-label='From']]
[INFO ][24-Feb-2023 12:55:24 PM] Selenium_Wrapper.enterText:(311) - Entering Text :09/10/2021 in WebElement :[[ChromeDriver: chrome on WINDOWS (e7fdd784c7efd97a7654c9430c2cb768)] -> xpath: //input[@aria-label='From']]
[INFO ][24-Feb-2023 12:55:29 PM] Selenium_Wrapper.click:(199) - Clicking on :[[ChromeDriver: chrome on WINDOWS (e7fdd784c7efd97a7654c9430c2cb768)] -> xpath: //span[@id='_oj40|text']//span[text()='Search']]
[INFO ][24-Feb-2023 12:55:38 PM] Selenium_Wrapper.doubleClick:(280) - Double clicking on :[[ChromeDriver: chrome on WINDOWS (e7fdd784c7efd97a7654c9430c2cb768)] -> xpath: //div[@class='container wsx-flex']//div[contains(@column-id,'2')][1]]
[INFO ][24-Feb-2023 12:55:54 PM] Selenium_Wrapper.clickUsingActions:(249) - Clicking on :[[ChromeDriver: chrome on WINDOWS (e7fdd784c7efd97a7654c9430c2cb768)] -> xpath: //div[contains(@id,'Incident_Status')][@class='display-text']]
[INFO ][24-Feb-2023 12:56:01 PM] Selenium_Wrapper.click:(199) - Clicking on :[[ChromeDriver: chrome on WINDOWS (e7fdd784c7efd97a7654c9430c2cb768)] -> xpath: (//div[@title='Solved'])[1]]
[INFO ][24-Feb-2023 12:56:08 PM] Selenium_Wrapper.click:(199) - Clicking on :[[ChromeDriver: chrome on WINDOWS (e7fdd784c7efd97a7654c9430c2cb768)] -> xpath: //div[@class='ws-toolbar-button-image bui-icon save-icon fa-lg']]
[INFO ][24-Feb-2023 12:56:17 PM] Selenium_Wrapper.click:(199) - Clicking on :[[ChromeDriver: chrome on WINDOWS (e7fdd784c7efd97a7654c9430c2cb768)] -> xpath: (//a[@class='closeButton'])[3]]
[INFO ][24-Feb-2023 12:56:25 PM] Selenium_Wrapper.click:(199) - Clicking on :[[ChromeDriver: chrome on WINDOWS (e7fdd784c7efd97a7654c9430c2cb768)] -> xpath: (//a[@class='closeButton'])[2]]
[INFO ][24-Feb-2023 12:56:32 PM] Selenium_Wrapper.click:(199) - Clicking on :[[ChromeDriver: chrome on WINDOWS (e7fdd784c7efd97a7654c9430c2cb768)] -> xpath: (//a[@class='closeButton'])[1]]
[INFO ][24-Feb-2023 12:56:40 PM] Selenium_Wrapper.click:(199) - Clicking on :[[ChromeDriver: chrome on WINDOWS (e7fdd784c7efd97a7654c9430c2cb768)] -> xpath: //body//oj-avatar[@initials='[[userMenuLabel]]']]
[INFO ][24-Feb-2023 12:56:47 PM] Selenium_Wrapper.click:(199) - Clicking on :[[ChromeDriver: chrome on WINDOWS (e7fdd784c7efd97a7654c9430c2cb768)] -> xpath: //a//span[text()='Sign Out']]
[INFO ][24-Feb-2023 12:56:52 PM] Selenium_Wrapper.closeCurrentBrowser:(651) - Closing the current Browser
