[INFO ][06-Nov-2021 12:55:36 pm] Selenium_Wrapper.openBrowser:(48) - Opening chrome browser.
[INFO ][06-Nov-2021 12:55:44 pm] Selenium_Wrapper.enterURL:(82) - Entering url :https://macu1--tst.custhelp.com/app/home
[INFO ][06-Nov-2021 12:55:48 pm] Selenium_Wrapper.enterText:(311) - Entering Text :pramodk in WebElement :[[ChromeDriver: chrome on WINDOWS (5b48aefa1761fa18799e185cc0060af3)] -> id: rn_LoginForm_2_Username]
[INFO ][06-Nov-2021 12:55:50 pm] Selenium_Wrapper.enterText:(311) - Entering Text :Soft@123 in WebElement :[[ChromeDriver: chrome on WINDOWS (5b48aefa1761fa18799e185cc0060af3)] -> id: rn_LoginForm_2_Password]
[INFO ][06-Nov-2021 12:55:57 pm] Selenium_Wrapper.click:(199) - Clicking on :[[ChromeDriver: chrome on WINDOWS (5b48aefa1761fa18799e185cc0060af3)] -> id: rn_LoginForm_2_Submit]
[INFO ][06-Nov-2021 12:56:05 pm] Selenium_Wrapper.click:(199) - Clicking on :[[ChromeDriver: chrome on WINDOWS (5b48aefa1761fa18799e185cc0060af3)] -> xpath: //input[@type='search']]
[INFO ][06-Nov-2021 12:56:07 pm] Selenium_Wrapper.enterText:(311) - Entering Text :Flexible Work in WebElement :[[ChromeDriver: chrome on WINDOWS (5b48aefa1761fa18799e185cc0060af3)] -> xpath: //input[@type='search']]
[INFO ][06-Nov-2021 12:56:20 pm] Selenium_Wrapper.click:(199) - Clicking on :[[ChromeDriver: chrome on WINDOWS (5b48aefa1761fa18799e185cc0060af3)] -> xpath: //ul[@aria-label='Suggested Search']//li[normalize-space()='Flexible Work']]
[INFO ][06-Nov-2021 12:56:27 pm] Selenium_Wrapper.click:(199) - Clicking on :[[ChromeDriver: chrome on WINDOWS (5b48aefa1761fa18799e185cc0060af3)] -> xpath: //div[@class='rn_SearchResultContent']//a[text()='Flexible Work']]
[INFO ][06-Nov-2021 12:56:44 pm] Selenium_Wrapper.click:(199) - Clicking on :[[ChromeDriver: chrome on WINDOWS (5b48aefa1761fa18799e185cc0060af3)] -> xpath: //div[@class='main_image_div']//div[@class='thumbs_up_down'][2]]
[INFO ][06-Nov-2021 12:56:55 pm] Selenium_Wrapper.click:(199) - Clicking on :[[ChromeDriver: chrome on WINDOWS (5b48aefa1761fa18799e185cc0060af3)] -> id: rn_AnswerRating_3_22_FeedbackMessage]
[INFO ][06-Nov-2021 12:56:56 pm] Selenium_Wrapper.enterText:(311) - Entering Text :Flexible Work - ThumbDown Comments in WebElement :[[ChromeDriver: chrome on WINDOWS (5b48aefa1761fa18799e185cc0060af3)] -> id: rn_AnswerRating_3_22_FeedbackMessage]
[INFO ][06-Nov-2021 12:57:01 pm] Selenium_Wrapper.click:(199) - Clicking on :[[ChromeDriver: chrome on WINDOWS (5b48aefa1761fa18799e185cc0060af3)] -> xpath: //button[text()='SUBMIT']]
[INFO ][06-Nov-2021 12:57:06 pm] Selenium_Wrapper.click:(199) - Clicking on :[[ChromeDriver: chrome on WINDOWS (5b48aefa1761fa18799e185cc0060af3)] -> xpath: //button[@class='yui3-button yui3-button-close']]
[INFO ][06-Nov-2021 12:57:14 pm] Selenium_Wrapper.click:(199) - Clicking on :[[ChromeDriver: chrome on WINDOWS (5b48aefa1761fa18799e185cc0060af3)] -> xpath: //div[@class='dropdown']]
[INFO ][06-Nov-2021 12:57:23 pm] Selenium_Wrapper.click:(199) - Clicking on :[[ChromeDriver: chrome on WINDOWS (5b48aefa1761fa18799e185cc0060af3)] -> xpath: //a[text()='My Feedback']]
[INFO ][06-Nov-2021 12:57:47 pm] Selenium_Wrapper.click:(199) - Clicking on :[[ChromeDriver: chrome on WINDOWS (5b48aefa1761fa18799e185cc0060af3)] -> xpath: ((//table//tbody)[2]//a)[1]]
[INFO ][06-Nov-2021 12:58:07 pm] Selenium_Wrapper.click:(199) - Clicking on :[[ChromeDriver: chrome on WINDOWS (5b48aefa1761fa18799e185cc0060af3)] -> class name: knowledge]
[INFO ][06-Nov-2021 12:58:11 pm] Selenium_Wrapper.openBrowser:(48) - Opening chrome browser.
[INFO ][06-Nov-2021 12:58:21 pm] Selenium_Wrapper.enterURL:(82) - Entering url :https://macu1--tst.custhelp.com/AgentWeb/
[INFO ][06-Nov-2021 12:58:25 pm] Selenium_Wrapper.enterText:(311) - Entering Text :RNT_pramod in WebElement :[[ChromeDriver: chrome on WINDOWS (a62d7d9a20ceffaf616de4b2f999fc1d)] -> id: username]
[INFO ][06-Nov-2021 12:58:26 pm] Selenium_Wrapper.enterText:(311) - Entering Text :Welcome123 in WebElement :[[ChromeDriver: chrome on WINDOWS (a62d7d9a20ceffaf616de4b2f999fc1d)] -> id: password]
[INFO ][06-Nov-2021 12:58:57 pm] Selenium_Wrapper.click:(199) - Clicking on :[[ChromeDriver: chrome on WINDOWS (a62d7d9a20ceffaf616de4b2f999fc1d)] -> id: loginbutton]
[INFO ][06-Nov-2021 12:59:06 pm] Selenium_Wrapper.click:(199) - Clicking on :[[ChromeDriver: chrome on WINDOWS (a62d7d9a20ceffaf616de4b2f999fc1d)] -> xpath: (//span[@class='oj-button-icon oj-start navigator-icon oj-button-icon oj-start'])[1]]
[INFO ][06-Nov-2021 12:59:13 pm] Selenium_Wrapper.click:(199) - Clicking on :[[ChromeDriver: chrome on WINDOWS (a62d7d9a20ceffaf616de4b2f999fc1d)] -> xpath: (//div[text()='Analytics']//a)]
[INFO ][06-Nov-2021 12:59:18 pm] Selenium_Wrapper.click:(199) - Clicking on :[[ChromeDriver: chrome on WINDOWS (a62d7d9a20ceffaf616de4b2f999fc1d)] -> xpath: //span[text()='Reports Explorer']]
[INFO ][06-Nov-2021 12:59:24 pm] Selenium_Wrapper.click:(199) - Clicking on :[[ChromeDriver: chrome on WINDOWS (a62d7d9a20ceffaf616de4b2f999fc1d)] -> xpath: //div[text()='Public Reports']]
[INFO ][06-Nov-2021 12:59:29 pm] Selenium_Wrapper.click:(199) - Clicking on :[[ChromeDriver: chrome on WINDOWS (a62d7d9a20ceffaf616de4b2f999fc1d)] -> xpath: //div[text()='MACU CUSTOM REPORTS']]
[INFO ][06-Nov-2021 12:59:35 pm] Selenium_Wrapper.click:(199) - Clicking on :[[ChromeDriver: chrome on WINDOWS (a62d7d9a20ceffaf616de4b2f999fc1d)] -> xpath: //div[text()='SoftClouds']]
[INFO ][06-Nov-2021 12:59:40 pm] Selenium_Wrapper.click:(199) - Clicking on :[[ChromeDriver: chrome on WINDOWS (a62d7d9a20ceffaf616de4b2f999fc1d)] -> xpath: //div[text()='OKCS']]
[INFO ][06-Nov-2021 13:00:02 pm] Selenium_Wrapper.click:(199) - Clicking on :[[ChromeDriver: chrome on WINDOWS (a62d7d9a20ceffaf616de4b2f999fc1d)] -> xpath: //div[contains(@class,'cke_wysiwyg_div')]]
[INFO ][06-Nov-2021 13:00:05 pm] Selenium_Wrapper.enterText:(311) - Entering Text :It is working as per Expected in WebElement :[[ChromeDriver: chrome on WINDOWS (a62d7d9a20ceffaf616de4b2f999fc1d)] -> xpath: //div[contains(@class,'cke_wysiwyg_div')]]
[INFO ][06-Nov-2021 13:00:10 pm] Selenium_Wrapper.click:(199) - Clicking on :[[ChromeDriver: chrome on WINDOWS (a62d7d9a20ceffaf616de4b2f999fc1d)] -> xpath: //button[@title='Send an incident response and save the incident']]
[INFO ][06-Nov-2021 13:00:21 pm] Selenium_Wrapper.click:(199) - Clicking on :[[ChromeDriver: chrome on WINDOWS (a62d7d9a20ceffaf616de4b2f999fc1d)] -> xpath: //button[@data-commandtype='SaveAndSendAndClose']]
[INFO ][06-Nov-2021 13:00:31 pm] Selenium_Wrapper.click:(199) - Clicking on :[[ChromeDriver: chrome on WINDOWS (a62d7d9a20ceffaf616de4b2f999fc1d)] -> xpath: //span[text()='Yes']]
[INFO ][06-Nov-2021 13:00:41 pm] Selenium_Wrapper.click:(199) - Clicking on :[[ChromeDriver: chrome on WINDOWS (a62d7d9a20ceffaf616de4b2f999fc1d)] -> xpath: //div[contains(@class,'refresh-icon')]]
[INFO ][06-Nov-2021 13:00:52 pm] Selenium_Wrapper.click:(199) - Clicking on :[[ChromeDriver: chrome on WINDOWS (a62d7d9a20ceffaf616de4b2f999fc1d)] -> xpath: //button[contains(@title,'Define the search')]]
[INFO ][06-Nov-2021 13:00:57 pm] Selenium_Wrapper.click:(199) - Clicking on :[[ChromeDriver: chrome on WINDOWS (a62d7d9a20ceffaf616de4b2f999fc1d)] -> xpath: (//div[@class='select-box-arrow select-box-arrow-cursor'])[3]]
[INFO ][06-Nov-2021 13:01:02 pm] Selenium_Wrapper.click:(199) - Clicking on :[[ChromeDriver: chrome on WINDOWS (a62d7d9a20ceffaf616de4b2f999fc1d)] -> xpath: //div[@title='Solved']]
[INFO ][06-Nov-2021 13:01:07 pm] Selenium_Wrapper.click:(199) - Clicking on :[[ChromeDriver: chrome on WINDOWS (a62d7d9a20ceffaf616de4b2f999fc1d)] -> xpath: (//span[text()='Search'])[3]]
[INFO ][06-Nov-2021 13:01:21 pm] Selenium_Wrapper.click:(199) - Clicking on :[[ChromeDriver: chrome on WINDOWS (a62d7d9a20ceffaf616de4b2f999fc1d)] -> xpath: (//div[@class='primary-tab-header']//ul//li)[2]//span//a//i]
