[INFO ][08-Aug-2024 12:55:14 PM] Selenium_Wrapper.openBrowser:(54) - Opening chrome browser.
[INFO ][08-Aug-2024 12:55:23 PM] Selenium_Wrapper.enterURL:(88) - Entering url :https://macu1--tst1.custhelp.com/app/home
[INFO ][08-Aug-2024 12:55:27 PM] Selenium_Wrapper.enterText:(317) - Entering Text :swamyk in WebElement :[[ChromeDriver: chrome on WINDOWS (8a5a1b27cf41630625ae6f35c57dfb9a)] -> id: rn_LoginForm_2_Username]
[INFO ][08-Aug-2024 12:55:29 PM] Selenium_Wrapper.enterText:(317) - Entering Text :Soft@123 in WebElement :[[ChromeDriver: chrome on WINDOWS (8a5a1b27cf41630625ae6f35c57dfb9a)] -> id: rn_LoginForm_2_Password]
[INFO ][08-Aug-2024 12:55:33 PM] Selenium_Wrapper.click:(205) - Clicking on :[[ChromeDriver: chrome on WINDOWS (8a5a1b27cf41630625ae6f35c57dfb9a)] -> id: rn_LoginForm_2_Submit]
[INFO ][08-Aug-2024 12:55:41 PM] Selenium_Wrapper.click:(205) - Clicking on :[[ChromeDriver: chrome on WINDOWS (8a5a1b27cf41630625ae6f35c57dfb9a)] -> xpath: //input[@type='search']]
[INFO ][08-Aug-2024 12:55:42 PM] Selenium_Wrapper.enterText:(317) - Entering Text :Business Use Auto Loan in WebElement :[[ChromeDriver: chrome on WINDOWS (8a5a1b27cf41630625ae6f35c57dfb9a)] -> xpath: //input[@type='search']]
[INFO ][08-Aug-2024 12:55:59 PM] Selenium_Wrapper.click:(205) - Clicking on :[[ChromeDriver: chrome on WINDOWS (8a5a1b27cf41630625ae6f35c57dfb9a)] -> xpath: (//div[@class='yui3-aclist-content']//li//li)[1]]
[ERROR][08-Aug-2024 12:56:03 PM] ThumbsDownFeedBack.testJumpToSection:(42) - Jump to section Test is un-successfull
[ERROR][08-Aug-2024 12:56:08 PM] ThumbsDownFeedBack.testFeedbackPage:(72) - Request Updates, Comments, Thumbs Up & Down Test is un-successfull
[INFO ][08-Aug-2024 12:56:12 PM] Selenium_Wrapper.click:(205) - Clicking on :[[ChromeDriver: chrome on WINDOWS (8a5a1b27cf41630625ae6f35c57dfb9a)] -> xpath: //div[@class='dropdown']]
[INFO ][08-Aug-2024 12:56:17 PM] Selenium_Wrapper.click:(205) - Clicking on :[[ChromeDriver: chrome on WINDOWS (8a5a1b27cf41630625ae6f35c57dfb9a)] -> xpath: //a[text()='My Feedback']]
[INFO ][08-Aug-2024 12:56:41 PM] Selenium_Wrapper.click:(205) - Clicking on :[[ChromeDriver: chrome on WINDOWS (8a5a1b27cf41630625ae6f35c57dfb9a)] -> xpath: ((//table//tbody)[2]//a)[1]]
[ERROR][08-Aug-2024 12:56:52 PM] Selenium_Wrapper.highlightWebElement:(423) - org.openqa.selenium.NoSuchElementException: no such element: Unable to locate element: {"method":"xpath","selector":"//li//div[normalize-space()='Unresolved']"}
  (Session info: chrome=127.0.6533.90)
For documentation on this error, please visit: https://www.seleniumhq.org/exceptions/no_such_element.html
Build info: version: '3.141.59', revision: 'e82be7d358', time: '2018-11-14T08:17:03'
System info: host: 'SC-CAF-CND84305', ip: '192.168.1.6', os.name: 'Windows 10', os.arch: 'amd64', os.version: '10.0', java.version: '21.0.2'
Driver info: org.openqa.selenium.chrome.ChromeDriver
Capabilities {acceptInsecureCerts: false, browserName: chrome, browserVersion: 127.0.6533.90, chrome: {chromedriverVersion: 127.0.6533.72 (9755e24ca85a..., userDataDir: C:\Users\SWAMYK~1\AppData\L...}, fedcm:accounts: true, goog:chromeOptions: {debuggerAddress: localhost:60453}, javascriptEnabled: true, networkConnectionEnabled: false, pageLoadStrategy: normal, platform: WINDOWS, platformName: WINDOWS, proxy: Proxy(), setWindowRect: true, strictFileInteractability: false, timeouts: {implicit: 0, pageLoad: 300000, script: 30000}, unhandledPromptBehavior: dismiss and notify, webauthn:extension:credBlob: true, webauthn:extension:largeBlob: true, webauthn:extension:minPinLength: true, webauthn:extension:prf: true, webauthn:virtualAuthenticators: true}
Session ID: 8a5a1b27cf41630625ae6f35c57dfb9a
*** Element info: {Using=xpath, value=//li//div[normalize-space()='Unresolved']}
[INFO ][08-Aug-2024 12:57:08 PM] Selenium_Wrapper.click:(205) - Clicking on :[[ChromeDriver: chrome on WINDOWS (8a5a1b27cf41630625ae6f35c57dfb9a)] -> class name: knowledge]
[INFO ][08-Aug-2024 12:57:10 PM] Selenium_Wrapper.closeCurrentBrowser:(657) - Closing the current Browser
[INFO ][08-Aug-2024 12:57:11 PM] Selenium_Wrapper.openBrowser:(54) - Opening chrome browser.
[INFO ][08-Aug-2024 12:57:13 PM] Selenium_Wrapper.enterURL:(88) - Entering url :https://macu1--tst1.custhelp.com/AgentWeb/
