[INFO ][08-Aug-2024 12:58:59 PM] Selenium_Wrapper.openBrowser:(54) - Opening chrome browser.
[INFO ][08-Aug-2024 12:59:09 PM] Selenium_Wrapper.enterURL:(88) - Entering url :https://macu1--tst1.custhelp.com/app/home
[INFO ][08-Aug-2024 12:59:13 PM] Selenium_Wrapper.enterText:(317) - Entering Text :swamyk in WebElement :[[ChromeDriver: chrome on WINDOWS (67afb951550fa21daa687fb86938b7ea)] -> id: rn_LoginForm_2_Username]
[INFO ][08-Aug-2024 12:59:14 PM] Selenium_Wrapper.enterText:(317) - Entering Text :Soft@123 in WebElement :[[ChromeDriver: chrome on WINDOWS (67afb951550fa21daa687fb86938b7ea)] -> id: rn_LoginForm_2_Password]
[INFO ][08-Aug-2024 12:59:19 PM] Selenium_Wrapper.click:(205) - Clicking on :[[ChromeDriver: chrome on WINDOWS (67afb951550fa21daa687fb86938b7ea)] -> id: rn_LoginForm_2_Submit]
[INFO ][08-Aug-2024 12:59:28 PM] Selenium_Wrapper.click:(205) - Clicking on :[[ChromeDriver: chrome on WINDOWS (67afb951550fa21daa687fb86938b7ea)] -> xpath: //input[@type='search']]
[INFO ][08-Aug-2024 12:59:30 PM] Selenium_Wrapper.enterText:(317) - Entering Text :Business Use Auto Loan in WebElement :[[ChromeDriver: chrome on WINDOWS (67afb951550fa21daa687fb86938b7ea)] -> xpath: //input[@type='search']]
[INFO ][08-Aug-2024 12:59:41 PM] Selenium_Wrapper.click:(205) - Clicking on :[[ChromeDriver: chrome on WINDOWS (67afb951550fa21daa687fb86938b7ea)] -> xpath: (//div[@class='yui3-aclist-content']//li//li)[1]]
[INFO ][08-Aug-2024 12:59:45 PM] Selenium_Wrapper.click:(205) - Clicking on :[[ChromeDriver: chrome on WINDOWS (67afb951550fa21daa687fb86938b7ea)] -> xpath: (//div[@class='rn_SearchResultContent']//a)[1]]
[INFO ][08-Aug-2024 12:59:54 PM] Selenium_Wrapper.click:(205) - Clicking on :[[ChromeDriver: chrome on WINDOWS (67afb951550fa21daa687fb86938b7ea)] -> xpath: //div[@class='main_image_div']//div[@class='thumbs_up_down'][2]]
[INFO ][08-Aug-2024 13:00:04 PM] Selenium_Wrapper.click:(205) - Clicking on :[[ChromeDriver: chrome on WINDOWS (67afb951550fa21daa687fb86938b7ea)] -> xpath: //textarea[@class='rn_DocumentTextArea']]
[INFO ][08-Aug-2024 13:00:08 PM] Selenium_Wrapper.enterText:(317) - Entering Text :Flexible Work - ThumbDown Comments in WebElement :[[ChromeDriver: chrome on WINDOWS (67afb951550fa21daa687fb86938b7ea)] -> xpath: //textarea[@class='rn_DocumentTextArea']]
[INFO ][08-Aug-2024 13:00:10 PM] Selenium_Wrapper.click:(205) - Clicking on :[[ChromeDriver: chrome on WINDOWS (67afb951550fa21daa687fb86938b7ea)] -> xpath: //div[@class='rn_DocumentCommentDiv']//button[@type='submit']]
[INFO ][08-Aug-2024 13:00:12 PM] Selenium_Wrapper.click:(205) - Clicking on :[[ChromeDriver: chrome on WINDOWS (67afb951550fa21daa687fb86938b7ea)] -> xpath: //button[@class='yui3-button yui3-button-close']]
[INFO ][08-Aug-2024 13:00:17 PM] Selenium_Wrapper.click:(205) - Clicking on :[[ChromeDriver: chrome on WINDOWS (67afb951550fa21daa687fb86938b7ea)] -> xpath: //div[@class='dropdown']]
[INFO ][08-Aug-2024 13:00:22 PM] Selenium_Wrapper.click:(205) - Clicking on :[[ChromeDriver: chrome on WINDOWS (67afb951550fa21daa687fb86938b7ea)] -> xpath: //a[text()='My Feedback']]
[INFO ][08-Aug-2024 13:00:46 PM] Selenium_Wrapper.click:(205) - Clicking on :[[ChromeDriver: chrome on WINDOWS (67afb951550fa21daa687fb86938b7ea)] -> xpath: ((//table//tbody)[2]//a)[1]]
[INFO ][08-Aug-2024 13:01:16 PM] Selenium_Wrapper.click:(205) - Clicking on :[[ChromeDriver: chrome on WINDOWS (67afb951550fa21daa687fb86938b7ea)] -> class name: knowledge]
[INFO ][08-Aug-2024 13:01:19 PM] Selenium_Wrapper.closeCurrentBrowser:(657) - Closing the current Browser
[INFO ][08-Aug-2024 13:01:20 PM] Selenium_Wrapper.openBrowser:(54) - Opening chrome browser.
[INFO ][08-Aug-2024 13:01:26 PM] Selenium_Wrapper.enterURL:(88) - Entering url :https://macu1--tst1.custhelp.com/AgentWeb/
[INFO ][08-Aug-2024 13:01:30 PM] Selenium_Wrapper.enterText:(317) - Entering Text :automation_testing in WebElement :[[ChromeDriver: chrome on WINDOWS (aee5aea6af0a2afb37ce65d2a064a560)] -> id: username]
[INFO ][08-Aug-2024 13:01:32 PM] Selenium_Wrapper.enterText:(317) - Entering Text :Welcome123 in WebElement :[[ChromeDriver: chrome on WINDOWS (aee5aea6af0a2afb37ce65d2a064a560)] -> id: password]
[INFO ][08-Aug-2024 13:01:43 PM] Selenium_Wrapper.click:(205) - Clicking on :[[ChromeDriver: chrome on WINDOWS (aee5aea6af0a2afb37ce65d2a064a560)] -> id: loginbutton]
[INFO ][08-Aug-2024 13:02:20 PM] Selenium_Wrapper.click:(205) - Clicking on :[[ChromeDriver: chrome on WINDOWS (aee5aea6af0a2afb37ce65d2a064a560)] -> xpath: //oj-button[@id='navigationSetBtn']]
[INFO ][08-Aug-2024 13:02:28 PM] Selenium_Wrapper.click:(205) - Clicking on :[[ChromeDriver: chrome on WINDOWS (aee5aea6af0a2afb37ce65d2a064a560)] -> xpath: //div[text()='Analytics']]
[INFO ][08-Aug-2024 13:02:36 PM] Selenium_Wrapper.click:(205) - Clicking on :[[ChromeDriver: chrome on WINDOWS (aee5aea6af0a2afb37ce65d2a064a560)] -> xpath: //span[text()='Reports Explorer']]
[INFO ][08-Aug-2024 13:02:45 PM] Selenium_Wrapper.click:(205) - Clicking on :[[ChromeDriver: chrome on WINDOWS (aee5aea6af0a2afb37ce65d2a064a560)] -> xpath: //div[text()='Public Reports']]
[INFO ][08-Aug-2024 13:02:53 PM] Selenium_Wrapper.click:(205) - Clicking on :[[ChromeDriver: chrome on WINDOWS (aee5aea6af0a2afb37ce65d2a064a560)] -> xpath: //div[text()='MACU CUSTOM REPORTS']]
[INFO ][08-Aug-2024 13:03:01 PM] Selenium_Wrapper.click:(205) - Clicking on :[[ChromeDriver: chrome on WINDOWS (aee5aea6af0a2afb37ce65d2a064a560)] -> xpath: //div[text()='SoftClouds']]
[INFO ][08-Aug-2024 13:03:10 PM] Selenium_Wrapper.click:(205) - Clicking on :[[ChromeDriver: chrome on WINDOWS (aee5aea6af0a2afb37ce65d2a064a560)] -> xpath: //div[text()='OKCS']]
[INFO ][08-Aug-2024 13:03:22 PM] Selenium_Wrapper.doubleClick:(286) - Double clicking on :[[ChromeDriver: chrome on WINDOWS (aee5aea6af0a2afb37ce65d2a064a560)] -> xpath: //div[@class='explorer-right-panel']//div[@class='explorer-data-grid']//span[text()='Feedback Admin Report']]
[INFO ][08-Aug-2024 13:03:35 PM] Selenium_Wrapper.click:(205) - Clicking on :[[ChromeDriver: chrome on WINDOWS (aee5aea6af0a2afb37ce65d2a064a560)] -> xpath: //div[@class='container wsx-flex']//div[@class='analyticsTopSection']//div[@class='select-box-root select-box-display-text-active']]
[INFO ][08-Aug-2024 13:03:38 PM] Selenium_Wrapper.click:(205) - Clicking on :[[ChromeDriver: chrome on WINDOWS (aee5aea6af0a2afb37ce65d2a064a560)] -> xpath: (//span[text()='Search'])[2]]
[INFO ][08-Aug-2024 13:03:47 PM] Selenium_Wrapper.doubleClick:(286) - Double clicking on :[[ChromeDriver: chrome on WINDOWS (aee5aea6af0a2afb37ce65d2a064a560)] -> xpath: //div[@class='container wsx-flex']//div[contains(@column-id,'2')][1]]
[INFO ][08-Aug-2024 13:04:02 PM] Selenium_Wrapper.click:(205) - Clicking on :[[ChromeDriver: chrome on WINDOWS (aee5aea6af0a2afb37ce65d2a064a560)] -> xpath: //span[text()='Messages']]
[ERROR][08-Aug-2024 13:04:08 PM] Selenium_Wrapper.highlightWebElement:(423) - org.openqa.selenium.NoSuchElementException: no such element: Unable to locate element: {"method":"xpath","selector":"//p[@class='cke_notification_message']"}
  (Session info: chrome=127.0.6533.90)
For documentation on this error, please visit: https://www.seleniumhq.org/exceptions/no_such_element.html
Build info: version: '3.141.59', revision: 'e82be7d358', time: '2018-11-14T08:17:03'
System info: host: 'SC-CAF-CND84305', ip: '192.168.1.6', os.name: 'Windows 10', os.arch: 'amd64', os.version: '10.0', java.version: '21.0.2'
Driver info: org.openqa.selenium.chrome.ChromeDriver
Capabilities {acceptInsecureCerts: false, browserName: chrome, browserVersion: 127.0.6533.90, chrome: {chromedriverVersion: 127.0.6533.72 (9755e24ca85a..., userDataDir: C:\Users\SWAMYK~1\AppData\L...}, fedcm:accounts: true, goog:chromeOptions: {debuggerAddress: localhost:61023}, javascriptEnabled: true, networkConnectionEnabled: false, pageLoadStrategy: normal, platform: WINDOWS, platformName: WINDOWS, proxy: Proxy(), setWindowRect: true, strictFileInteractability: false, timeouts: {implicit: 0, pageLoad: 300000, script: 30000}, unhandledPromptBehavior: dismiss and notify, webauthn:extension:credBlob: true, webauthn:extension:largeBlob: true, webauthn:extension:minPinLength: true, webauthn:extension:prf: true, webauthn:virtualAuthenticators: true}
Session ID: aee5aea6af0a2afb37ce65d2a064a560
*** Element info: {Using=xpath, value=//p[@class='cke_notification_message']}
[INFO ][08-Aug-2024 13:04:12 PM] Selenium_Wrapper.click:(205) - Clicking on :[[ChromeDriver: chrome on WINDOWS (aee5aea6af0a2afb37ce65d2a064a560)] -> xpath: //div[contains(@class,'cke_wysiwyg_div ')]]
[INFO ][08-Aug-2024 13:04:17 PM] Selenium_Wrapper.enterText:(317) - Entering Text :It is working as per Expected in WebElement :[[ChromeDriver: chrome on WINDOWS (aee5aea6af0a2afb37ce65d2a064a560)] -> xpath: //div[contains(@class,'cke_wysiwyg_div ')]]
[INFO ][08-Aug-2024 13:04:22 PM] Selenium_Wrapper.click:(205) - Clicking on :[[ChromeDriver: chrome on WINDOWS (aee5aea6af0a2afb37ce65d2a064a560)] -> xpath: //div[@class='ws-toolbar-button-image bui-icon save-icon fa-lg']]
[INFO ][08-Aug-2024 13:04:27 PM] Selenium_Wrapper.click:(205) - Clicking on :[[ChromeDriver: chrome on WINDOWS (aee5aea6af0a2afb37ce65d2a064a560)] -> xpath: //span[text()='Summary']]
[INFO ][08-Aug-2024 13:04:35 PM] Selenium_Wrapper.clickUsingActions:(255) - Clicking on :[[ChromeDriver: chrome on WINDOWS (aee5aea6af0a2afb37ce65d2a064a560)] -> xpath: //div[contains(@id,'Incident_Status')][@class='display-text']]
[INFO ][08-Aug-2024 13:04:39 PM] Selenium_Wrapper.click:(205) - Clicking on :[[ChromeDriver: chrome on WINDOWS (aee5aea6af0a2afb37ce65d2a064a560)] -> xpath: (//div[@title='Solved'])[1]]
[INFO ][08-Aug-2024 13:04:43 PM] Selenium_Wrapper.click:(205) - Clicking on :[[ChromeDriver: chrome on WINDOWS (aee5aea6af0a2afb37ce65d2a064a560)] -> xpath: //div[@class='ws-toolbar-button-image bui-icon save-icon fa-lg']]
[INFO ][08-Aug-2024 13:04:50 PM] Selenium_Wrapper.click:(205) - Clicking on :[[ChromeDriver: chrome on WINDOWS (aee5aea6af0a2afb37ce65d2a064a560)] -> xpath: (//a[@class='closeButton'])[3]]
[INFO ][08-Aug-2024 13:04:54 PM] Selenium_Wrapper.click:(205) - Clicking on :[[ChromeDriver: chrome on WINDOWS (aee5aea6af0a2afb37ce65d2a064a560)] -> xpath: (//a[@class='closeButton'])[2]]
[INFO ][08-Aug-2024 13:04:58 PM] Selenium_Wrapper.click:(205) - Clicking on :[[ChromeDriver: chrome on WINDOWS (aee5aea6af0a2afb37ce65d2a064a560)] -> xpath: (//a[@class='closeButton'])[1]]
[INFO ][08-Aug-2024 13:05:05 PM] Selenium_Wrapper.click:(205) - Clicking on :[[ChromeDriver: chrome on WINDOWS (aee5aea6af0a2afb37ce65d2a064a560)] -> xpath: //body//oj-avatar[@initials='[[userMenuLabel]]']]
[INFO ][08-Aug-2024 13:05:10 PM] Selenium_Wrapper.click:(205) - Clicking on :[[ChromeDriver: chrome on WINDOWS (aee5aea6af0a2afb37ce65d2a064a560)] -> xpath: //a//span[text()='Sign Out']]
[INFO ][08-Aug-2024 13:05:15 PM] Selenium_Wrapper.closeCurrentBrowser:(657) - Closing the current Browser
