[INFO ][04-Apr-2024 12:59:00 PM] Selenium_Wrapper.openBrowser:(54) - Opening chrome browser.
[INFO ][04-Apr-2024 12:59:03 PM] Selenium_Wrapper.enterURL:(88) - Entering url :https://macu1--tst1.custhelp.com/AgentWeb/
[INFO ][04-Apr-2024 12:59:08 PM] Selenium_Wrapper.enterText:(317) - Entering Text :automation_testing in WebElement :[[ChromeDriver: chrome on WINDOWS (088e4fd40626859b712118cbd4517888)] -> id: username]
[INFO ][04-Apr-2024 12:59:09 PM] Selenium_Wrapper.enterText:(317) - Entering Text :Welcome123 in WebElement :[[ChromeDriver: chrome on WINDOWS (088e4fd40626859b712118cbd4517888)] -> id: password]
[INFO ][04-Apr-2024 12:59:26 PM] Selenium_Wrapper.click:(205) - Clicking on :[[ChromeDriver: chrome on WINDOWS (088e4fd40626859b712118cbd4517888)] -> id: loginbutton]
[INFO ][04-Apr-2024 12:59:47 PM] Selenium_Wrapper.click:(205) - Clicking on :[[ChromeDriver: chrome on WINDOWS (088e4fd40626859b712118cbd4517888)] -> xpath: //oj-button[@id='navigationSetBtn']]
[INFO ][04-Apr-2024 12:59:53 PM] Selenium_Wrapper.click:(205) - Clicking on :[[ChromeDriver: chrome on WINDOWS (088e4fd40626859b712118cbd4517888)] -> xpath: //div[text()='Analytics']]
[INFO ][04-Apr-2024 12:59:55 PM] Selenium_Wrapper.click:(205) - Clicking on :[[ChromeDriver: chrome on WINDOWS (088e4fd40626859b712118cbd4517888)] -> xpath: //span[text()='Reports Explorer']]
[INFO ][04-Apr-2024 12:59:58 PM] Selenium_Wrapper.click:(205) - Clicking on :[[ChromeDriver: chrome on WINDOWS (088e4fd40626859b712118cbd4517888)] -> xpath: //div[text()='Public Reports']]
[INFO ][04-Apr-2024 13:00:00 PM] Selenium_Wrapper.click:(205) - Clicking on :[[ChromeDriver: chrome on WINDOWS (088e4fd40626859b712118cbd4517888)] -> xpath: //div[text()='MACU CUSTOM REPORTS']]
[INFO ][04-Apr-2024 13:00:02 PM] Selenium_Wrapper.click:(205) - Clicking on :[[ChromeDriver: chrome on WINDOWS (088e4fd40626859b712118cbd4517888)] -> xpath: //div[text()='SoftClouds']]
[INFO ][04-Apr-2024 13:00:05 PM] Selenium_Wrapper.click:(205) - Clicking on :[[ChromeDriver: chrome on WINDOWS (088e4fd40626859b712118cbd4517888)] -> xpath: //div[text()='OKCS']]
[INFO ][04-Apr-2024 13:00:13 PM] Selenium_Wrapper.doubleClick:(286) - Double clicking on :[[ChromeDriver: chrome on WINDOWS (088e4fd40626859b712118cbd4517888)] -> xpath: //div[@class='explorer-right-panel']//div[@class='explorer-data-grid']//span[text()='Feedback Admin Report']]
[INFO ][04-Apr-2024 13:00:23 PM] Selenium_Wrapper.click:(205) - Clicking on :[[ChromeDriver: chrome on WINDOWS (088e4fd40626859b712118cbd4517888)] -> xpath: //div[@class='container wsx-flex']//div[@class='analyticsTopSection']//div[@class='select-box-root select-box-display-text-active']]
[INFO ][04-Apr-2024 13:00:41 PM] Selenium_Wrapper.click:(205) - Clicking on :[[ChromeDriver: chrome on WINDOWS (088e4fd40626859b712118cbd4517888)] -> xpath: (//span[text()='Search'])[2]]
[INFO ][04-Apr-2024 13:00:50 PM] Selenium_Wrapper.doubleClick:(286) - Double clicking on :[[ChromeDriver: chrome on WINDOWS (088e4fd40626859b712118cbd4517888)] -> xpath: //div[@class='container wsx-flex']//div[contains(@column-id,'2')][1]]
[INFO ][04-Apr-2024 13:00:59 PM] Selenium_Wrapper.click:(205) - Clicking on :[[ChromeDriver: chrome on WINDOWS (088e4fd40626859b712118cbd4517888)] -> xpath: //span[text()='Messages']]
[INFO ][04-Apr-2024 13:01:01 PM] Selenium_Wrapper.click:(205) - Clicking on :[[ChromeDriver: chrome on WINDOWS (088e4fd40626859b712118cbd4517888)] -> xpath: //div[contains(@class,'cke_wysiwyg_div ')]]
[INFO ][04-Apr-2024 13:01:02 PM] Selenium_Wrapper.enterText:(317) - Entering Text :It is working as per Expected in WebElement :[[ChromeDriver: chrome on WINDOWS (088e4fd40626859b712118cbd4517888)] -> xpath: //div[contains(@class,'cke_wysiwyg_div ')]]
[INFO ][04-Apr-2024 13:01:05 PM] Selenium_Wrapper.click:(205) - Clicking on :[[ChromeDriver: chrome on WINDOWS (088e4fd40626859b712118cbd4517888)] -> xpath: //div[@class='ws-toolbar-button-image bui-icon save-icon fa-lg']]
[INFO ][04-Apr-2024 13:01:07 PM] Selenium_Wrapper.click:(205) - Clicking on :[[ChromeDriver: chrome on WINDOWS (088e4fd40626859b712118cbd4517888)] -> xpath: //span[text()='Summary']]
[INFO ][04-Apr-2024 13:01:14 PM] Selenium_Wrapper.clickUsingActions:(255) - Clicking on :[[ChromeDriver: chrome on WINDOWS (088e4fd40626859b712118cbd4517888)] -> xpath: //div[contains(@id,'Incident_Status')][@class='display-text']]
[INFO ][04-Apr-2024 13:01:17 PM] Selenium_Wrapper.click:(205) - Clicking on :[[ChromeDriver: chrome on WINDOWS (088e4fd40626859b712118cbd4517888)] -> xpath: (//div[@title='Solved'])[1]]
[INFO ][04-Apr-2024 13:01:21 PM] Selenium_Wrapper.click:(205) - Clicking on :[[ChromeDriver: chrome on WINDOWS (088e4fd40626859b712118cbd4517888)] -> xpath: //div[@class='ws-toolbar-button-image bui-icon save-icon fa-lg']]
[INFO ][04-Apr-2024 13:01:25 PM] Selenium_Wrapper.click:(205) - Clicking on :[[ChromeDriver: chrome on WINDOWS (088e4fd40626859b712118cbd4517888)] -> xpath: (//a[@class='closeButton'])[3]]
[INFO ][04-Apr-2024 13:01:28 PM] Selenium_Wrapper.click:(205) - Clicking on :[[ChromeDriver: chrome on WINDOWS (088e4fd40626859b712118cbd4517888)] -> xpath: (//a[@class='closeButton'])[2]]
[INFO ][04-Apr-2024 13:01:31 PM] Selenium_Wrapper.click:(205) - Clicking on :[[ChromeDriver: chrome on WINDOWS (088e4fd40626859b712118cbd4517888)] -> xpath: (//a[@class='closeButton'])[1]]
[INFO ][04-Apr-2024 13:01:34 PM] Selenium_Wrapper.click:(205) - Clicking on :[[ChromeDriver: chrome on WINDOWS (088e4fd40626859b712118cbd4517888)] -> xpath: //body//oj-avatar[@initials='[[userMenuLabel]]']]
[INFO ][04-Apr-2024 13:01:38 PM] Selenium_Wrapper.click:(205) - Clicking on :[[ChromeDriver: chrome on WINDOWS (088e4fd40626859b712118cbd4517888)] -> xpath: //a//span[text()='Sign Out']]
[INFO ][04-Apr-2024 13:01:40 PM] Selenium_Wrapper.closeCurrentBrowser:(657) - Closing the current Browser
