[INFO ][24-Feb-2023 12:57:43 PM] Selenium_Wrapper.openBrowser:(48) - Opening chrome browser.
[INFO ][24-Feb-2023 12:57:47 PM] Selenium_Wrapper.enterURL:(82) - Entering url :https://macu1--upgrade.custhelp.com/AgentWeb/
[INFO ][24-Feb-2023 12:57:51 PM] Selenium_Wrapper.enterText:(311) - Entering Text :automation_testing in WebElement :[[ChromeDriver: chrome on WINDOWS (24a30847a2183eab59ec2d31ad38446c)] -> id: username]
[INFO ][24-Feb-2023 12:57:53 PM] Selenium_Wrapper.enterText:(311) - Entering Text :Welcome123 in WebElement :[[ChromeDriver: chrome on WINDOWS (24a30847a2183eab59ec2d31ad38446c)] -> id: password]
[INFO ][24-Feb-2023 12:58:24 PM] Selenium_Wrapper.click:(199) - Clicking on :[[ChromeDriver: chrome on WINDOWS (24a30847a2183eab59ec2d31ad38446c)] -> id: loginbutton]
[INFO ][24-Feb-2023 12:58:34 PM] Selenium_Wrapper.click:(199) - Clicking on :[[ChromeDriver: chrome on WINDOWS (24a30847a2183eab59ec2d31ad38446c)] -> id: navigationSetBtn]
[INFO ][24-Feb-2023 12:58:43 PM] Selenium_Wrapper.click:(199) - Clicking on :[[ChromeDriver: chrome on WINDOWS (24a30847a2183eab59ec2d31ad38446c)] -> xpath: (//div[text()='Configuration']//a)]
[INFO ][24-Feb-2023 12:58:48 PM] Selenium_Wrapper.click:(199) - Clicking on :[[ChromeDriver: chrome on WINDOWS (24a30847a2183eab59ec2d31ad38446c)] -> xpath: (//div[text()='Service']//a)]
[INFO ][24-Feb-2023 12:58:53 PM] Selenium_Wrapper.click:(199) - Clicking on :[[ChromeDriver: chrome on WINDOWS (24a30847a2183eab59ec2d31ad38446c)] -> xpath: (//div[text()='Knowledge Advanced']//a)]
[INFO ][24-Feb-2023 12:58:58 PM] Selenium_Wrapper.click:(199) - Clicking on :[[ChromeDriver: chrome on WINDOWS (24a30847a2183eab59ec2d31ad38446c)] -> xpath: //span[text()='Authoring']]
[INFO ][24-Feb-2023 12:59:14 PM] Selenium_Wrapper.click:(199) - Clicking on :[[ChromeDriver: chrome on WINDOWS (24a30847a2183eab59ec2d31ad38446c)] -> xpath: //div[@id='rntab']//ul//li[@testidentifier='MainNavBar_Content']//a]
[INFO ][24-Feb-2023 12:59:23 PM] Selenium_Wrapper.click:(199) - Clicking on :[[ChromeDriver: chrome on WINDOWS (24a30847a2183eab59ec2d31ad38446c)] -> xpath: //div[text()='Process']//following-sibling::a[@testidentifier='ContentNavBar_List_Process']]
[INFO ][24-Feb-2023 12:59:30 PM] Selenium_Wrapper.click:(199) - Clicking on :[[ChromeDriver: chrome on WINDOWS (24a30847a2183eab59ec2d31ad38446c)] -> xpath: //select[@testidentifier='ContentSearchResults_DocumentClassPulldown']]
[INFO ][24-Feb-2023 12:59:38 PM] Selenium_Wrapper.click:(199) - Clicking on :[[ChromeDriver: chrome on WINDOWS (24a30847a2183eab59ec2d31ad38446c)] -> xpath: //select[@testidentifier='ContentSearchResults_DocumentClassPulldown']//option[text()='All Documents']]
[INFO ][24-Feb-2023 12:59:47 PM] Selenium_Wrapper.click:(199) - Clicking on :[[ChromeDriver: chrome on WINDOWS (24a30847a2183eab59ec2d31ad38446c)] -> xpath: (//a[text()='TestingArticle'])[1]]
[INFO ][24-Feb-2023 13:00:12 PM] Selenium_Wrapper.click:(199) - Clicking on :[[ChromeDriver: chrome on WINDOWS (24a30847a2183eab59ec2d31ad38446c)] -> xpath: //a[text()='Edit Document']]
[INFO ][24-Feb-2023 13:00:19 PM] Selenium_Wrapper.enterText:(311) - Entering Text :TestingArticle - Edited in WebElement :[[ChromeDriver: chrome on WINDOWS (24a30847a2183eab59ec2d31ad38446c)] -> xpath: //input[@testidentifier='Content_ContentType_Add_SUMMARY']]
[INFO ][24-Feb-2023 13:00:24 PM] Selenium_Wrapper.enterText:(311) - Entering Text :Some Important Updates in WebElement :[[ChromeDriver: chrome on WINDOWS (24a30847a2183eab59ec2d31ad38446c)] -> xpath: //textarea[@class='editfields']]
[INFO ][24-Feb-2023 13:00:37 PM] Selenium_Wrapper.click:(199) - Clicking on :[[ChromeDriver: chrome on WINDOWS (24a30847a2183eab59ec2d31ad38446c)] -> xpath: //a[text()='Save and Continue Editing']]
[INFO ][24-Feb-2023 13:00:43 PM] Selenium_Wrapper.enterText:(311) - Entering Text :Criticals - Edited in WebElement :[[ChromeDriver: chrome on WINDOWS (24a30847a2183eab59ec2d31ad38446c)] -> xpath: //input[@testidentifier='Content_ContentType_Add_KEYWORD']]
[INFO ][24-Feb-2023 13:00:48 PM] Selenium_Wrapper.enterText:(311) - Entering Text :Some Important Updates in WebElement :[[ChromeDriver: chrome on WINDOWS (24a30847a2183eab59ec2d31ad38446c)] -> xpath: //textarea[@class='editfields']]
[INFO ][24-Feb-2023 13:00:56 PM] Selenium_Wrapper.click:(199) - Clicking on :[[ChromeDriver: chrome on WINDOWS (24a30847a2183eab59ec2d31ad38446c)] -> xpath: //a[text()='Save Document']]
[INFO ][24-Feb-2023 13:01:10 PM] Selenium_Wrapper.click:(199) - Clicking on :[[ChromeDriver: chrome on WINDOWS (24a30847a2183eab59ec2d31ad38446c)] -> xpath: //a[text()='Bypass Workflow/Publish']]
[INFO ][24-Feb-2023 13:01:20 PM] Selenium_Wrapper.click:(199) - Clicking on :[[ChromeDriver: chrome on WINDOWS (24a30847a2183eab59ec2d31ad38446c)] -> xpath: (//a[text()='Done'])[1]]
[INFO ][24-Feb-2023 13:01:30 PM] Selenium_Wrapper.click:(199) - Clicking on :[[ChromeDriver: chrome on WINDOWS (24a30847a2183eab59ec2d31ad38446c)] -> xpath: //a[@class='closeButton']]
[INFO ][24-Feb-2023 13:01:38 PM] Selenium_Wrapper.click:(199) - Clicking on :[[ChromeDriver: chrome on WINDOWS (24a30847a2183eab59ec2d31ad38446c)] -> xpath: //body//oj-avatar[@initials='[[userMenuLabel]]']]
[INFO ][24-Feb-2023 13:01:46 PM] Selenium_Wrapper.click:(199) - Clicking on :[[ChromeDriver: chrome on WINDOWS (24a30847a2183eab59ec2d31ad38446c)] -> xpath: //a//span[text()='Sign Out']]
[INFO ][24-Feb-2023 13:01:51 PM] Selenium_Wrapper.closeCurrentBrowser:(651) - Closing the current Browser
[INFO ][24-Feb-2023 13:01:52 PM] Selenium_Wrapper.openBrowser:(48) - Opening chrome browser.
[INFO ][24-Feb-2023 13:02:00 PM] Selenium_Wrapper.enterURL:(82) - Entering url :https://macu1--upgrade.custhelp.com/
[INFO ][24-Feb-2023 13:02:04 PM] Selenium_Wrapper.enterText:(311) - Entering Text :automation_testing in WebElement :[[ChromeDriver: chrome on WINDOWS (cc4d8ab0291658ce7bfc7e233969d54f)] -> id: rn_LoginForm_2_Username]
[INFO ][24-Feb-2023 13:02:05 PM] Selenium_Wrapper.enterText:(311) - Entering Text :Soft@123 in WebElement :[[ChromeDriver: chrome on WINDOWS (cc4d8ab0291658ce7bfc7e233969d54f)] -> id: rn_LoginForm_2_Password]
[INFO ][24-Feb-2023 13:02:13 PM] Selenium_Wrapper.click:(199) - Clicking on :[[ChromeDriver: chrome on WINDOWS (cc4d8ab0291658ce7bfc7e233969d54f)] -> id: rn_LoginForm_2_Submit]
[INFO ][24-Feb-2023 13:02:48 PM] Selenium_Wrapper.closeCurrentBrowser:(651) - Closing the current Browser
