[INFO ][01-Sep-2022 12:59:11 PM] Selenium_Wrapper.openBrowser:(48) - Opening chrome browser.
[INFO ][01-Sep-2022 12:59:18 PM] Selenium_Wrapper.enterURL:(82) - Entering url :https://macu1--upgrade.custhelp.com/
[INFO ][01-Sep-2022 12:59:22 PM] Selenium_Wrapper.enterText:(311) - Entering Text :pramodk in WebElement :[[ChromeDriver: chrome on WINDOWS (5829d45b4e4d8828a848992193f80fdb)] -> id: rn_LoginForm_2_Username]
[INFO ][01-Sep-2022 12:59:24 PM] Selenium_Wrapper.enterText:(311) - Entering Text :Soft@123 in WebElement :[[ChromeDriver: chrome on WINDOWS (5829d45b4e4d8828a848992193f80fdb)] -> id: rn_LoginForm_2_Password]
[INFO ][01-Sep-2022 12:59:31 PM] Selenium_Wrapper.click:(199) - Clicking on :[[ChromeDriver: chrome on WINDOWS (5829d45b4e4d8828a848992193f80fdb)] -> id: rn_LoginForm_2_Submit]
[INFO ][01-Sep-2022 12:59:49 PM] Selenium_Wrapper.click:(199) - Clicking on :[[ChromeDriver: chrome on WINDOWS (5829d45b4e4d8828a848992193f80fdb)] -> xpath: //input[@type='search']]
[INFO ][01-Sep-2022 12:59:50 PM] Selenium_Wrapper.enterText:(311) - Entering Text :Auto Loan in WebElement :[[ChromeDriver: chrome on WINDOWS (5829d45b4e4d8828a848992193f80fdb)] -> xpath: //input[@type='search']]
[INFO ][01-Sep-2022 13:00:06 PM] Selenium_Wrapper.click:(199) - Clicking on :[[ChromeDriver: chrome on WINDOWS (5829d45b4e4d8828a848992193f80fdb)] -> xpath: //ul[@aria-label='Suggested Search']//li[normalize-space()= 'Auto Loan' ]]
[INFO ][01-Sep-2022 13:00:13 PM] Selenium_Wrapper.click:(199) - Clicking on :[[ChromeDriver: chrome on WINDOWS (5829d45b4e4d8828a848992193f80fdb)] -> xpath: //div[@class='rn_SearchResultContent']//a[text()='Auto Loan']]
[INFO ][01-Sep-2022 13:00:41 PM] Selenium_Wrapper.click:(199) - Clicking on :[[ChromeDriver: chrome on WINDOWS (5829d45b4e4d8828a848992193f80fdb)] -> xpath: //a[@class='add_bookmarkButton']//img[@class='bookmark_icon_blank']]
[INFO ][01-Sep-2022 13:00:48 PM] Selenium_Wrapper.click:(199) - Clicking on :[[ChromeDriver: chrome on WINDOWS (5829d45b4e4d8828a848992193f80fdb)] -> xpath: //div[@class='dropdown']]
[INFO ][01-Sep-2022 13:00:57 PM] Selenium_Wrapper.click:(199) - Clicking on :[[ChromeDriver: chrome on WINDOWS (5829d45b4e4d8828a848992193f80fdb)] -> xpath: //div[@class='data Custom-data']//a[text()='My Bookmarks']]
[INFO ][01-Sep-2022 13:01:19 PM] Selenium_Wrapper.click:(199) - Clicking on :[[ChromeDriver: chrome on WINDOWS (5829d45b4e4d8828a848992193f80fdb)] -> xpath: //a[contains(text(),'Auto Loan')]//parent::div[@class='rn_Notification_Info']//following-sibling::div[@class='rn_Notification_Actions']//button[@class='rn_Notification_Delete']//img[@class='bookmark_del_ico']]
[INFO ][01-Sep-2022 13:01:43 PM] Selenium_Wrapper.click:(199) - Clicking on :[[ChromeDriver: chrome on WINDOWS (5829d45b4e4d8828a848992193f80fdb)] -> class name: knowledge]
[INFO ][01-Sep-2022 13:01:50 PM] Selenium_Wrapper.click:(199) - Clicking on :[[ChromeDriver: chrome on WINDOWS (5829d45b4e4d8828a848992193f80fdb)] -> xpath: //input[@type='search']]
[INFO ][01-Sep-2022 13:01:52 PM] Selenium_Wrapper.enterText:(311) - Entering Text :Auto Loan in WebElement :[[ChromeDriver: chrome on WINDOWS (5829d45b4e4d8828a848992193f80fdb)] -> xpath: //input[@type='search']]
[INFO ][01-Sep-2022 13:02:00 PM] Selenium_Wrapper.click:(199) - Clicking on :[[ChromeDriver: chrome on WINDOWS (5829d45b4e4d8828a848992193f80fdb)] -> xpath: //ul[@aria-label='Suggested Search']//li[normalize-space()= 'Auto Loan' ]]
[INFO ][01-Sep-2022 13:02:07 PM] Selenium_Wrapper.click:(199) - Clicking on :[[ChromeDriver: chrome on WINDOWS (5829d45b4e4d8828a848992193f80fdb)] -> xpath: //div[@class='rn_SearchResultContent']//a[text()='Auto Loan']]
[INFO ][01-Sep-2022 13:02:18 PM] Selenium_Wrapper.click:(199) - Clicking on :[[ChromeDriver: chrome on WINDOWS (5829d45b4e4d8828a848992193f80fdb)] -> xpath: //div[contains(@class,'EmailAnswerLink')]//img[@class='share_icon_default']]
[INFO ][01-Sep-2022 13:02:23 PM] Selenium_Wrapper.click:(199) - Clicking on :[[ChromeDriver: chrome on WINDOWS (5829d45b4e4d8828a848992193f80fdb)] -> xpath: //div[@id='rnDialog1']//input[@class='select2-search__field']]
[INFO ][01-Sep-2022 13:02:24 PM] Selenium_Wrapper.enterText:(311) - Entering Text :Aaron Brown in WebElement :[[ChromeDriver: chrome on WINDOWS (5829d45b4e4d8828a848992193f80fdb)] -> xpath: //div[@id='rnDialog1']//input[@class='select2-search__field']]
[INFO ][01-Sep-2022 13:02:32 PM] Selenium_Wrapper.click:(199) - Clicking on :[[ChromeDriver: chrome on WINDOWS (5829d45b4e4d8828a848992193f80fdb)] -> xpath: //ul[@class='select2-results__options']//li[text()='Aaron Brown']]
[INFO ][01-Sep-2022 13:02:37 PM] Selenium_Wrapper.click:(199) - Clicking on :[[ChromeDriver: chrome on WINDOWS (5829d45b4e4d8828a848992193f80fdb)] -> xpath: //button[@class='yui3-button yui3-button-close']]
[INFO ][01-Sep-2022 13:02:52 PM] Selenium_Wrapper.click:(199) - Clicking on :[[ChromeDriver: chrome on WINDOWS (5829d45b4e4d8828a848992193f80fdb)] -> xpath: //div[@id='formsResources_panel']//div[@id='formsResources_headingOne']]
[INFO ][01-Sep-2022 13:03:01 PM] Selenium_Wrapper.clickUsingActions:(249) - Clicking on :[[ChromeDriver: chrome on WINDOWS (5829d45b4e4d8828a848992193f80fdb)] -> xpath: (//ul[@class='formsResources']//ul//li/a)[2]]
[INFO ][01-Sep-2022 13:03:06 PM] Selenium_Wrapper.clickUsingActions:(249) - Clicking on :[[ChromeDriver: chrome on WINDOWS (5829d45b4e4d8828a848992193f80fdb)] -> xpath: (//ul[@class='formsResources']//ul//li/a)[2]]
[INFO ][01-Sep-2022 13:03:27 PM] Selenium_Wrapper.click:(199) - Clicking on :[[ChromeDriver: chrome on WINDOWS (5829d45b4e4d8828a848992193f80fdb)] -> xpath: //li[@class='breadcrumb-item']//a]
[INFO ][01-Sep-2022 13:03:41 PM] Selenium_Wrapper.click:(199) - Clicking on :[[ChromeDriver: chrome on WINDOWS (5829d45b4e4d8828a848992193f80fdb)] -> class name: knowledge]
[INFO ][01-Sep-2022 13:03:51 PM] Selenium_Wrapper.click:(199) - Clicking on :[[ChromeDriver: chrome on WINDOWS (5829d45b4e4d8828a848992193f80fdb)] -> xpath: //input[@type='search']]
[INFO ][01-Sep-2022 13:03:52 PM] Selenium_Wrapper.enterText:(311) - Entering Text :COVID-19 Critical Updates in WebElement :[[ChromeDriver: chrome on WINDOWS (5829d45b4e4d8828a848992193f80fdb)] -> xpath: //input[@type='search']]
[INFO ][01-Sep-2022 13:04:06 PM] Selenium_Wrapper.click:(199) - Clicking on :[[ChromeDriver: chrome on WINDOWS (5829d45b4e4d8828a848992193f80fdb)] -> xpath: //ul[@aria-label='Suggested Search']//li[normalize-space()='COVID-19 Critical Updates']]
[INFO ][01-Sep-2022 13:04:13 PM] Selenium_Wrapper.click:(199) - Clicking on :[[ChromeDriver: chrome on WINDOWS (5829d45b4e4d8828a848992193f80fdb)] -> xpath: //div[@class='rn_SearchResultContent']//a[text()='COVID-19 Critical Updates']]
[INFO ][01-Sep-2022 13:05:12 PM] Selenium_Wrapper.click:(199) - Clicking on :[[ChromeDriver: chrome on WINDOWS (5829d45b4e4d8828a848992193f80fdb)] -> xpath: //button[@class='rn_RecommendContentButton p-0']]
[INFO ][01-Sep-2022 13:05:13 PM] Selenium_Wrapper.enterText:(311) - Entering Text :Test Improve, comments, updates in WebElement :[[ChromeDriver: chrome on WINDOWS (5829d45b4e4d8828a848992193f80fdb)] -> xpath: //div[@id='rnDialog1_c']//textarea[contains(@id,RequestUpdate)]]
[INFO ][01-Sep-2022 13:05:18 PM] Selenium_Wrapper.click:(199) - Clicking on :[[ChromeDriver: chrome on WINDOWS (5829d45b4e4d8828a848992193f80fdb)] -> xpath: //button[@class='yui3-button yui3-button-close']]
[INFO ][01-Sep-2022 13:05:30 PM] Selenium_Wrapper.click:(199) - Clicking on :[[ChromeDriver: chrome on WINDOWS (5829d45b4e4d8828a848992193f80fdb)] -> id: relatedPages_headingOne]
[INFO ][01-Sep-2022 13:05:36 PM] Selenium_Wrapper.click:(199) - Clicking on :[[ChromeDriver: chrome on WINDOWS (5829d45b4e4d8828a848992193f80fdb)] -> id: relatedPages_headingOne]
[INFO ][01-Sep-2022 13:05:42 PM] Selenium_Wrapper.enterText:(311) - Entering Text :Auto Loan in WebElement :[[ChromeDriver: chrome on WINDOWS (5829d45b4e4d8828a848992193f80fdb)] -> xpath: //div[contains(@class,'input-group')]//input[@type='search']]
[INFO ][01-Sep-2022 13:05:53 PM] Selenium_Wrapper.click:(199) - Clicking on :[[ChromeDriver: chrome on WINDOWS (5829d45b4e4d8828a848992193f80fdb)] -> xpath: //ul[@aria-label='Suggested Search']//li[@class='rn_SuggestionItem'][normalize-space()='Auto Loan']]
[INFO ][01-Sep-2022 13:06:14 PM] Selenium_Wrapper.click:(199) - Clicking on :[[ChromeDriver: chrome on WINDOWS (5829d45b4e4d8828a848992193f80fdb)] -> class name: knowledge]
[INFO ][01-Sep-2022 13:06:17 PM] Selenium_Wrapper.closeCurrentBrowser:(650) - Closing the current Browser
